#
# There is insufficient memory for the Java Runtime Environment to continue.
# Native memory allocation (malloc) failed to allocate 1668672 bytes. Error detail: Chunk::new
# Possible reasons:
#   The system is out of physical RAM or swap space
#   This process is running with CompressedOops enabled, and the Java Heap may be blocking the growth of the native heap
# Possible solutions:
#   Reduce memory load on the system
#   Increase physical memory or swap space
#   Check if swap backing store is full
#   Decrease Java heap size (-Xmx/-Xms)
#   Decrease number of Java threads
#   Decrease Java thread stack sizes (-Xss)
#   Set larger code cache with -XX:ReservedCodeCacheSize=
#   JVM is running with Unscaled Compressed Oops mode in which the Java heap is
#     placed in the first 4GB address space. The Java Heap base address is the
#     maximum limit for the native heap growth. Please use -XX:HeapBaseMinAddress
#     to set the Java Heap base and to place the Java Heap above 4GB virtual address.
# This output file may be truncated or incomplete.
#
#  Out of Memory Error (arena.cpp:191), pid=28164, tid=28232
#
# JRE version: OpenJDK Runtime Environment Temurin-17.0.12+7 (17.0.12+7) (build 17.0.12+7)
# Java VM: OpenJDK 64-Bit Server VM Temurin-17.0.12+7 (17.0.12+7, mixed mode, tiered, compressed oops, compressed class ptrs, parallel gc, windows-amd64)
# No core dump will be written. Minidumps are not enabled by default on client versions of Windows
#

---------------  S U M M A R Y ------------

Command Line: --add-modules=ALL-SYSTEM --add-opens=java.base/java.util=ALL-UNNAMED --add-opens=java.base/java.lang=ALL-UNNAMED --add-opens=java.base/sun.nio.fs=ALL-UNNAMED -Declipse.application=org.eclipse.jdt.ls.core.id1 -Dosgi.bundles.defaultStartLevel=4 -Declipse.product=org.eclipse.jdt.ls.core.product -Djava.import.generatesMetadataFilesAtProjectRoot=false -DDetectVMInstallationsJob.disabled=true -Dfile.encoding=utf8 -XX:+UseParallelGC -XX:GCTimeRatio=4 -XX:AdaptiveSizePolicyWeight=90 -Dsun.zip.disableMemoryMapping=true -Xmx1G -Xms100m -Xlog:disable -javaagent:c:\Users\Admin\.vscode\extensions\redhat.java-1.35.1-win32-x64\lombok\lombok-1.18.33.jar -XX:+HeapDumpOnOutOfMemoryError -XX:HeapDumpPath=c:\Users\Admin\AppData\Roaming\Code\User\workspaceStorage\c947ea4c57f221a37de719cc15a61aff\redhat.java -Daether.dependencyCollector.impl=bf c:\Users\Admin\.vscode\extensions\redhat.java-1.35.1-win32-x64\server\plugins\org.eclipse.equinox.launcher_1.6.900.v20240613-2009.jar -configuration c:\Users\Admin\AppData\Roaming\Code\User\globalStorage\redhat.java\1.35.1\config_win -data c:\Users\Admin\AppData\Roaming\Code\User\workspaceStorage\c947ea4c57f221a37de719cc15a61aff\redhat.java\jdt_ws --pipe=\\.\pipe\lsp-bcc39edeca101d63a4b4c7801096aec7-sock

Host: AMD Ryzen 5 4600G with Radeon Graphics, 12 cores, 15G,  Windows 11 , 64 bit Build 22621 (10.0.22621.3958)
Time: Sun Oct 20 20:12:26 2024 China Standard Time elapsed time: 57.500340 seconds (0d 0h 0m 57s)

---------------  T H R E A D  ---------------

Current thread (0x000001837c5127a0):  JavaThread "C2 CompilerThread0" daemon [_thread_in_native, id=28232, stack(0x0000003ce8400000,0x0000003ce8500000)]


Current CompileTask:
C2:  57500 7177       4       jdk.internal.loader.BuiltinClassLoader::loadClass (22 bytes)

Stack: [0x0000003ce8400000,0x0000003ce8500000]
Native frames: (J=compiled Java code, j=interpreted, Vv=VM code, C=native code)
V  [jvm.dll+0x67f929]
V  [jvm.dll+0x8371ba]
V  [jvm.dll+0x838c7e]
V  [jvm.dll+0x8392e3]
V  [jvm.dll+0x24834f]
V  [jvm.dll+0xac9d4]
V  [jvm.dll+0xad01c]
V  [jvm.dll+0x3674a7]
V  [jvm.dll+0x33197a]
V  [jvm.dll+0x330e1a]
V  [jvm.dll+0x21a8b1]
V  [jvm.dll+0x219cf1]
V  [jvm.dll+0x1a58bd]
V  [jvm.dll+0x229a2d]
V  [jvm.dll+0x227bdc]
V  [jvm.dll+0x7ec1f7]
V  [jvm.dll+0x7e65dc]
V  [jvm.dll+0x67e7f7]
C  [ucrtbase.dll+0x29333]
C  [KERNEL32.DLL+0x1257d]
C  [ntdll.dll+0x5af08]


---------------  P R O C E S S  ---------------

Threads class SMR info:
_java_thread_list=0x0000018300ea2f80, length=51, elements={
0x0000018361420930, 0x00000183771fe440, 0x000001837c4b67c0, 0x000001837c4cf7e0,
0x000001837c4ec3f0, 0x000001837c4edb70, 0x000001837c50ee90, 0x000001837c5127a0,
0x000001837c51abd0, 0x000001837c525ce0, 0x000001837c5bc4d0, 0x000001837c835650,
0x000001837df306b0, 0x000001837df2ed60, 0x000001837df2f270, 0x000001837df2f780,
0x000001837df301a0, 0x000001837df315e0, 0x000001837df2de30, 0x000001837df2e340,
0x000001837e8e9680, 0x000001837e8ed340, 0x000001837e8e9b90, 0x000001837e8ee780,
0x000001837e8ec920, 0x000001837e8e8240, 0x000001837e8ece30, 0x000001837e8eafd0,
0x000001837e8eb4e0, 0x000001837e8ea5b0, 0x000001837e8ebf00, 0x000001837e8eb9f0,
0x000001837e8edd60, 0x000001837e8ed850, 0x000001837e8eaac0, 0x000001837e8e8750,
0x000001837e8e7310, 0x000001837e8ec410, 0x000001837e8eec90, 0x000001837e8ee270,
0x000001837e8e9170, 0x000001830011f300, 0x000001830011edf0, 0x000001830011ca80,
0x000001830011cf90, 0x000001837f063d60, 0x000001830011e3d0, 0x000001830011d9b0,
0x000001830011dec0, 0x000001830011f810, 0x000001837f0642b0
}

Java Threads: ( => current thread )
  0x0000018361420930 JavaThread "main" [_thread_blocked, id=28424, stack(0x0000003ce7b00000,0x0000003ce7c00000)]
  0x00000183771fe440 JavaThread "Reference Handler" daemon [_thread_blocked, id=28416, stack(0x0000003ce7e00000,0x0000003ce7f00000)]
  0x000001837c4b67c0 JavaThread "Finalizer" daemon [_thread_blocked, id=28408, stack(0x0000003ce7f00000,0x0000003ce8000000)]
  0x000001837c4cf7e0 JavaThread "Signal Dispatcher" daemon [_thread_blocked, id=27876, stack(0x0000003ce8000000,0x0000003ce8100000)]
  0x000001837c4ec3f0 JavaThread "Attach Listener" daemon [_thread_blocked, id=27824, stack(0x0000003ce8100000,0x0000003ce8200000)]
  0x000001837c4edb70 JavaThread "Service Thread" daemon [_thread_blocked, id=27964, stack(0x0000003ce8200000,0x0000003ce8300000)]
  0x000001837c50ee90 JavaThread "Monitor Deflation Thread" daemon [_thread_blocked, id=27932, stack(0x0000003ce8300000,0x0000003ce8400000)]
=>0x000001837c5127a0 JavaThread "C2 CompilerThread0" daemon [_thread_in_native, id=28232, stack(0x0000003ce8400000,0x0000003ce8500000)]
  0x000001837c51abd0 JavaThread "C1 CompilerThread0" daemon [_thread_blocked, id=27820, stack(0x0000003ce8500000,0x0000003ce8600000)]
  0x000001837c525ce0 JavaThread "Sweeper thread" daemon [_thread_blocked, id=28324, stack(0x0000003ce8600000,0x0000003ce8700000)]
  0x000001837c5bc4d0 JavaThread "Common-Cleaner" daemon [_thread_blocked, id=27656, stack(0x0000003ce8700000,0x0000003ce8800000)]
  0x000001837c835650 JavaThread "Notification Thread" daemon [_thread_blocked, id=28296, stack(0x0000003ce8900000,0x0000003ce8a00000)]
  0x000001837df306b0 JavaThread "Active Thread: Equinox Container: 66241545-4d67-4411-b78d-8d40593174f6" [_thread_blocked, id=26956, stack(0x0000003ce9200000,0x0000003ce9300000)]
  0x000001837df2ed60 JavaThread "Framework Event Dispatcher: Equinox Container: 66241545-4d67-4411-b78d-8d40593174f6" daemon [_thread_blocked, id=24996, stack(0x0000003ce9100000,0x0000003ce9200000)]
  0x000001837df2f270 JavaThread "Start Level: Equinox Container: 66241545-4d67-4411-b78d-8d40593174f6" daemon [_thread_blocked, id=28260, stack(0x0000003ce9300000,0x0000003ce9400000)]
  0x000001837df2f780 JavaThread "Bundle File Closer" daemon [_thread_blocked, id=21576, stack(0x0000003ce8800000,0x0000003ce8900000)]
  0x000001837df301a0 JavaThread "SCR Component Actor" daemon [_thread_blocked, id=24376, stack(0x0000003ce9600000,0x0000003ce9700000)]
  0x000001837df315e0 JavaThread "Worker-JM" [_thread_blocked, id=9620, stack(0x0000003ce9800000,0x0000003ce9900000)]
  0x000001837df2de30 JavaThread "JNA Cleaner" daemon [_thread_blocked, id=27748, stack(0x0000003ce9b00000,0x0000003ce9c00000)]
  0x000001837df2e340 JavaThread "Worker-0" [_thread_blocked, id=25500, stack(0x0000003ce9c00000,0x0000003ce9d00000)]
  0x000001837e8e9680 JavaThread "Worker-1" [_thread_blocked, id=27052, stack(0x0000003ce9d00000,0x0000003ce9e00000)]
  0x000001837e8ed340 JavaThread "Java indexing" daemon [_thread_blocked, id=27732, stack(0x0000003ce9f00000,0x0000003cea000000)]
  0x000001837e8e9b90 JavaThread "Thread-2" daemon [_thread_in_native, id=7528, stack(0x0000003cea200000,0x0000003cea300000)]
  0x000001837e8ee780 JavaThread "Thread-3" daemon [_thread_in_native, id=23428, stack(0x0000003cea300000,0x0000003cea400000)]
  0x000001837e8ec920 JavaThread "Thread-4" daemon [_thread_in_native, id=13316, stack(0x0000003cea400000,0x0000003cea500000)]
  0x000001837e8e8240 JavaThread "Thread-5" daemon [_thread_in_native, id=26664, stack(0x0000003cea500000,0x0000003cea600000)]
  0x000001837e8ece30 JavaThread "Thread-6" daemon [_thread_in_native, id=22480, stack(0x0000003cea600000,0x0000003cea700000)]
  0x000001837e8eafd0 JavaThread "Thread-7" daemon [_thread_in_native, id=14656, stack(0x0000003cea700000,0x0000003cea800000)]
  0x000001837e8eb4e0 JavaThread "Thread-8" daemon [_thread_in_native, id=25472, stack(0x0000003cea800000,0x0000003cea900000)]
  0x000001837e8ea5b0 JavaThread "Thread-9" daemon [_thread_in_native, id=28488, stack(0x0000003cea900000,0x0000003ceaa00000)]
  0x000001837e8ebf00 JavaThread "Thread-10" daemon [_thread_in_native, id=28304, stack(0x0000003ceaa00000,0x0000003ceab00000)]
  0x000001837e8eb9f0 JavaThread "Thread-11" daemon [_thread_in_native, id=6088, stack(0x0000003ceab00000,0x0000003ceac00000)]
  0x000001837e8edd60 JavaThread "Thread-12" daemon [_thread_in_native, id=25328, stack(0x0000003ceac00000,0x0000003cead00000)]
  0x000001837e8ed850 JavaThread "Thread-13" daemon [_thread_in_native, id=27432, stack(0x0000003cead00000,0x0000003ceae00000)]
  0x000001837e8eaac0 JavaThread "Thread-14" daemon [_thread_in_native, id=27880, stack(0x0000003ceae00000,0x0000003ceaf00000)]
  0x000001837e8e8750 JavaThread "pool-2-thread-1" [_thread_blocked, id=26652, stack(0x0000003ceaf00000,0x0000003ceb000000)]
  0x000001837e8e7310 JavaThread "WorkspaceEventsHandler" [_thread_blocked, id=28464, stack(0x0000003ceb000000,0x0000003ceb100000)]
  0x000001837e8ec410 JavaThread "pool-1-thread-1" [_thread_blocked, id=28300, stack(0x0000003ceb100000,0x0000003ceb200000)]
  0x000001837e8eec90 JavaThread "Worker-2" [_thread_blocked, id=24680, stack(0x0000003ceb200000,0x0000003ceb300000)]
  0x000001837e8ee270 JavaThread "Worker-3: Initialize workspace" [_thread_in_native, id=11324, stack(0x0000003ceb300000,0x0000003ceb400000)]
  0x000001837e8e9170 JavaThread "Timer-0" [_thread_blocked, id=23940, stack(0x0000003ce9e00000,0x0000003ce9f00000)]
  0x000001830011f300 JavaThread "Exec process" [_thread_blocked, id=27012, stack(0x0000003ce9700000,0x0000003ce9800000)]
  0x000001830011edf0 JavaThread "Exec process Thread 2" [_thread_blocked, id=22472, stack(0x0000003ce9a00000,0x0000003ce9b00000)]
  0x000001830011ca80 JavaThread "Exec process Thread 3" [_thread_blocked, id=17136, stack(0x0000003ceb500000,0x0000003ceb600000)]
  0x000001830011cf90 JavaThread "Timer-1" [_thread_blocked, id=24540, stack(0x0000003ceb400000,0x0000003ceb500000)]
  0x000001837f063d60 JavaThread "C2 CompilerThread1" daemon [_thread_in_native, id=29108, stack(0x0000003ceb600000,0x0000003ceb700000)]
  0x000001830011e3d0 JavaThread "ForkJoinPool.commonPool-worker-1" daemon [_thread_blocked, id=29156, stack(0x0000003ceb800000,0x0000003ceb900000)]
  0x000001830011d9b0 JavaThread "ForkJoinPool.commonPool-worker-2" daemon [_thread_blocked, id=29028, stack(0x0000003ceb900000,0x0000003ceba00000)]
  0x000001830011dec0 JavaThread "ForkJoinPool.commonPool-worker-3" daemon [_thread_blocked, id=29052, stack(0x0000003ceba00000,0x0000003cebb00000)]
  0x000001830011f810 JavaThread "ForkJoinPool.commonPool-worker-4" daemon [_thread_blocked, id=29012, stack(0x0000003cebb00000,0x0000003cebc00000)]
  0x000001837f0642b0 JavaThread "C2 CompilerThread2" daemon [_thread_in_native, id=28940, stack(0x0000003cebc00000,0x0000003cebd00000)]

Other Threads:
  0x00000183614cec00 VMThread "VM Thread" [stack: 0x0000003ce7d00000,0x0000003ce7e00000] [id=28420]
  0x000001837c830490 WatcherThread [stack: 0x0000003ce8a00000,0x0000003ce8b00000] [id=28292]
  0x0000018361433d20 GCTaskThread "GC Thread#0" [stack: 0x0000003ce7c00000,0x0000003ce7d00000] [id=27960]
  0x000001837df15860 GCTaskThread "GC Thread#1" [stack: 0x0000003ce8b00000,0x0000003ce8c00000] [id=26120]
  0x000001837df15b20 GCTaskThread "GC Thread#2" [stack: 0x0000003ce8c00000,0x0000003ce8d00000] [id=24096]
  0x000001837defd840 GCTaskThread "GC Thread#3" [stack: 0x0000003ce8d00000,0x0000003ce8e00000] [id=25980]
  0x000001837e01e130 GCTaskThread "GC Thread#4" [stack: 0x0000003ce8e00000,0x0000003ce8f00000] [id=26840]
  0x000001837e0f3fb0 GCTaskThread "GC Thread#5" [stack: 0x0000003ce8f00000,0x0000003ce9000000] [id=27472]
  0x000001837e0f4270 GCTaskThread "GC Thread#6" [stack: 0x0000003ce9000000,0x0000003ce9100000] [id=26908]
  0x00000183611fe590 GCTaskThread "GC Thread#7" [stack: 0x0000003ce9400000,0x0000003ce9500000] [id=28588]
  0x000001837e4ee360 GCTaskThread "GC Thread#8" [stack: 0x0000003ce9500000,0x0000003ce9600000] [id=23932]
  0x000001837dfd7130 GCTaskThread "GC Thread#9" [stack: 0x0000003ce9900000,0x0000003ce9a00000] [id=27708]

Threads with active compile tasks:
C2 CompilerThread0    57607 7177       4       jdk.internal.loader.BuiltinClassLoader::loadClass (22 bytes)
C2 CompilerThread1    57607 7342   !   4       java.nio.file.FileTreeWalker::next (144 bytes)
C2 CompilerThread2    57607 7373   !   4       java.nio.file.FileTreeWalker::visit (204 bytes)

VM state: not at safepoint (normal execution)

VM Mutex/Monitor currently owned by a thread: None

Heap address: 0x00000000c0000000, size: 1024 MB, Compressed Oops mode: 32-bit

CDS archive(s) not mapped
Compressed class space mapped at: 0x0000000100000000-0x0000000140000000, reserved size: 1073741824
Narrow klass base: 0x0000000000000000, Narrow klass shift: 3, Narrow klass range: 0x140000000

GC Precious Log:
 CPUs: 12 total, 12 available
 Memory: 15761M
 Large Page Support: Disabled
 NUMA Support: Disabled
 Compressed Oops: Enabled (32-bit)
 Alignments: Space 512K, Generation 512K, Heap 2M
 Heap Min Capacity: 100M
 Heap Initial Capacity: 100M
 Heap Max Capacity: 1G
 Pre-touch: Disabled
 Parallel Workers: 10

Heap:
 PSYoungGen      total 22528K, used 1165K [0x00000000eab00000, 0x00000000ec780000, 0x0000000100000000)
  eden space 22016K, 3% used [0x00000000eab00000,0x00000000eaba5480,0x00000000ec080000)
  from space 512K, 98% used [0x00000000ec700000,0x00000000ec77dfc8,0x00000000ec780000)
  to   space 2048K, 0% used [0x00000000ec380000,0x00000000ec380000,0x00000000ec580000)
 ParOldGen       total 68608K, used 36693K [0x00000000c0000000, 0x00000000c4300000, 0x00000000eab00000)
  object space 68608K, 53% used [0x00000000c0000000,0x00000000c23d5408,0x00000000c4300000)
 Metaspace       used 64328K, committed 65472K, reserved 1114112K
  class space    used 7458K, committed 7936K, reserved 1048576K

Card table byte_map: [0x0000018374a70000,0x0000018374c80000] _byte_map_base: 0x0000018374470000

Marking Bits: (ParMarkBitMap*) 0x00007ffb86ad58b0
 Begin Bits: [0x0000018374de0000, 0x0000018375de0000)
 End Bits:   [0x0000018375de0000, 0x0000018376de0000)

Polling page: 0x00000183614d0000

Metaspace:

Usage:
  Non-class:     55.54 MB used.
      Class:      7.28 MB used.
       Both:     62.82 MB used.

Virtual space:
  Non-class space:       64.00 MB reserved,      56.19 MB ( 88%) committed,  1 nodes.
      Class space:        1.00 GB reserved,       7.75 MB ( <1%) committed,  1 nodes.
             Both:        1.06 GB reserved,      63.94 MB (  6%) committed. 

Chunk freelists:
   Non-Class:  7.11 MB
       Class:  8.17 MB
        Both:  15.27 MB

MaxMetaspaceSize: unlimited
CompressedClassSpaceSize: 1.00 GB
Initial GC threshold: 21.00 MB
Current GC threshold: 97.31 MB
CDS: off
MetaspaceReclaimPolicy: balanced
 - commit_granule_bytes: 65536.
 - commit_granule_words: 8192.
 - virtual_space_node_default_size: 8388608.
 - enlarge_chunks_in_place: 1.
 - new_chunks_are_fully_committed: 0.
 - uncommit_free_chunks: 1.
 - use_allocation_guard: 0.
 - handle_deallocations: 1.


Internal statistics:

num_allocs_failed_limit: 9.
num_arena_births: 700.
num_arena_deaths: 14.
num_vsnodes_births: 2.
num_vsnodes_deaths: 0.
num_space_committed: 1023.
num_space_uncommitted: 0.
num_chunks_returned_to_freelist: 23.
num_chunks_taken_from_freelist: 3065.
num_chunk_merges: 12.
num_chunk_splits: 2033.
num_chunks_enlarged: 1354.
num_inconsistent_stats: 0.

CodeHeap 'non-profiled nmethods': size=120000Kb used=3641Kb max_used=4564Kb free=116359Kb
 bounds [0x000001836d350000, 0x000001836d7d0000, 0x0000018374880000]
CodeHeap 'profiled nmethods': size=120000Kb used=11299Kb max_used=13188Kb free=108700Kb
 bounds [0x0000018365880000, 0x0000018366570000, 0x000001836cdb0000]
CodeHeap 'non-nmethods': size=5760Kb used=1329Kb max_used=1380Kb free=4431Kb
 bounds [0x000001836cdb0000, 0x000001836d020000, 0x000001836d350000]
 total_blobs=6698 nmethods=6033 adapters=579
 compilation: enabled
              stopped_count=0, restarted_count=0
 full_count=0

Compilation events (20 events):
Event: 57.493 Thread 0x000001837c51abd0 7245       3       jdk.internal.jimage.ImageReader$SharedImageReader::newDirectory (25 bytes)
Event: 57.494 Thread 0x000001837c51abd0 nmethod 7245 0x000001836650e910 code [0x000001836650eae0, 0x000001836650ed48]
Event: 57.494 Thread 0x000001837c51abd0 7244       3       java.nio.DirectByteBufferR::<init> (25 bytes)
Event: 57.494 Thread 0x000001837c51abd0 nmethod 7244 0x000001836650ee90 code [0x000001836650f020, 0x000001836650f1a8]
Event: 57.494 Thread 0x000001837c51abd0 7246       3       java.nio.DirectByteBufferR::slice (74 bytes)
Event: 57.494 Thread 0x000001837c51abd0 nmethod 7246 0x000001836650f290 code [0x000001836650f440, 0x000001836650f6e8]
Event: 57.494 Thread 0x000001837c51abd0 7247       3       jdk.internal.jimage.ImageLocation::readFrom (26 bytes)
Event: 57.494 Thread 0x000001837c51abd0 nmethod 7247 0x000001836650f810 code [0x000001836650fa40, 0x00000183665103a8]
Event: 57.494 Thread 0x000001837c51abd0 7248       3       jdk.internal.jimage.ImageLocation::getFullName (6 bytes)
Event: 57.494 Thread 0x000001837c51abd0 nmethod 7248 0x0000018366510790 code [0x0000018366510920, 0x0000018366510a68]
Event: 57.494 Thread 0x000001837c51abd0 7249       3       jdk.internal.jimage.ImageReader$LinkNode::create (17 bytes)
Event: 57.494 Thread 0x000001837c51abd0 nmethod 7249 0x0000018366510b10 code [0x0000018366510d20, 0x0000018366511508]
Event: 57.494 Thread 0x000001837c51abd0 7250       3       jdk.internal.jimage.ImageReader$LinkNode::<init> (15 bytes)
Event: 57.495 Thread 0x000001837c51abd0 nmethod 7250 0x0000018366511890 code [0x0000018366511a80, 0x0000018366512078]
Event: 57.495 Thread 0x000001837c51abd0 7252       3       jdk.internal.jimage.ImageReader$Directory::create (21 bytes)
Event: 57.495 Thread 0x000001837c51abd0 nmethod 7252 0x0000018366512310 code [0x0000018366512540, 0x0000018366512f28]
Event: 57.495 Thread 0x000001837c51abd0 7263       3       jdk.internal.jimage.ImageReader$SharedImageReader::visitPackageLocation (195 bytes)
Event: 57.496 Thread 0x000001837c51abd0 nmethod 7263 0x0000018366513310 code [0x00000183665137c0, 0x0000018366515948]
Event: 57.496 Thread 0x000001837c51abd0 7271       3       jdk.internal.jimage.ImageBufferCache::releaseBuffer (71 bytes)
Event: 57.497 Thread 0x000001837c51abd0 nmethod 7271 0x0000018366516690 code [0x00000183665168e0, 0x0000018366517598]

GC Heap History (20 events):
Event: 51.394 GC heap before
{Heap before GC invocations=31 (full 3):
 PSYoungGen      total 23040K, used 22176K [0x00000000eab00000, 0x00000000ec780000, 0x0000000100000000)
  eden space 22016K, 100% used [0x00000000eab00000,0x00000000ec080000,0x00000000ec080000)
  from space 1024K, 15% used [0x00000000ec580000,0x00000000ec5a8000,0x00000000ec680000)
  to   space 512K, 0% used [0x00000000ec700000,0x00000000ec700000,0x00000000ec780000)
 ParOldGen       total 68608K, used 35440K [0x00000000c0000000, 0x00000000c4300000, 0x00000000eab00000)
  object space 68608K, 51% used [0x00000000c0000000,0x00000000c229c050,0x00000000c4300000)
 Metaspace       used 62206K, committed 63232K, reserved 1114112K
  class space    used 7240K, committed 7680K, reserved 1048576K
}
Event: 51.394 GC heap after
{Heap after GC invocations=31 (full 3):
 PSYoungGen      total 22528K, used 224K [0x00000000eab00000, 0x00000000ec780000, 0x0000000100000000)
  eden space 22016K, 0% used [0x00000000eab00000,0x00000000eab00000,0x00000000ec080000)
  from space 512K, 43% used [0x00000000ec700000,0x00000000ec738000,0x00000000ec780000)
  to   space 512K, 0% used [0x00000000ec680000,0x00000000ec680000,0x00000000ec700000)
 ParOldGen       total 68608K, used 35488K [0x00000000c0000000, 0x00000000c4300000, 0x00000000eab00000)
  object space 68608K, 51% used [0x00000000c0000000,0x00000000c22a8050,0x00000000c4300000)
 Metaspace       used 62206K, committed 63232K, reserved 1114112K
  class space    used 7240K, committed 7680K, reserved 1048576K
}
Event: 51.787 GC heap before
{Heap before GC invocations=32 (full 3):
 PSYoungGen      total 22528K, used 22240K [0x00000000eab00000, 0x00000000ec780000, 0x0000000100000000)
  eden space 22016K, 100% used [0x00000000eab00000,0x00000000ec080000,0x00000000ec080000)
  from space 512K, 43% used [0x00000000ec700000,0x00000000ec738000,0x00000000ec780000)
  to   space 512K, 0% used [0x00000000ec680000,0x00000000ec680000,0x00000000ec700000)
 ParOldGen       total 68608K, used 35488K [0x00000000c0000000, 0x00000000c4300000, 0x00000000eab00000)
  object space 68608K, 51% used [0x00000000c0000000,0x00000000c22a8050,0x00000000c4300000)
 Metaspace       used 62207K, committed 63232K, reserved 1114112K
  class space    used 7240K, committed 7680K, reserved 1048576K
}
Event: 51.788 GC heap after
{Heap after GC invocations=32 (full 3):
 PSYoungGen      total 22528K, used 128K [0x00000000eab00000, 0x00000000ec780000, 0x0000000100000000)
  eden space 22016K, 0% used [0x00000000eab00000,0x00000000eab00000,0x00000000ec080000)
  from space 512K, 25% used [0x00000000ec680000,0x00000000ec6a0000,0x00000000ec700000)
  to   space 512K, 0% used [0x00000000ec700000,0x00000000ec700000,0x00000000ec780000)
 ParOldGen       total 68608K, used 35536K [0x00000000c0000000, 0x00000000c4300000, 0x00000000eab00000)
  object space 68608K, 51% used [0x00000000c0000000,0x00000000c22b4050,0x00000000c4300000)
 Metaspace       used 62207K, committed 63232K, reserved 1114112K
  class space    used 7240K, committed 7680K, reserved 1048576K
}
Event: 52.026 GC heap before
{Heap before GC invocations=33 (full 3):
 PSYoungGen      total 22528K, used 22144K [0x00000000eab00000, 0x00000000ec780000, 0x0000000100000000)
  eden space 22016K, 100% used [0x00000000eab00000,0x00000000ec080000,0x00000000ec080000)
  from space 512K, 25% used [0x00000000ec680000,0x00000000ec6a0000,0x00000000ec700000)
  to   space 512K, 0% used [0x00000000ec700000,0x00000000ec700000,0x00000000ec780000)
 ParOldGen       total 68608K, used 35536K [0x00000000c0000000, 0x00000000c4300000, 0x00000000eab00000)
  object space 68608K, 51% used [0x00000000c0000000,0x00000000c22b4050,0x00000000c4300000)
 Metaspace       used 62207K, committed 63232K, reserved 1114112K
  class space    used 7240K, committed 7680K, reserved 1048576K
}
Event: 52.028 GC heap after
{Heap after GC invocations=33 (full 3):
 PSYoungGen      total 22528K, used 160K [0x00000000eab00000, 0x00000000ec780000, 0x0000000100000000)
  eden space 22016K, 0% used [0x00000000eab00000,0x00000000eab00000,0x00000000ec080000)
  from space 512K, 31% used [0x00000000ec700000,0x00000000ec728000,0x00000000ec780000)
  to   space 512K, 0% used [0x00000000ec680000,0x00000000ec680000,0x00000000ec700000)
 ParOldGen       total 68608K, used 35544K [0x00000000c0000000, 0x00000000c4300000, 0x00000000eab00000)
  object space 68608K, 51% used [0x00000000c0000000,0x00000000c22b6050,0x00000000c4300000)
 Metaspace       used 62207K, committed 63232K, reserved 1114112K
  class space    used 7240K, committed 7680K, reserved 1048576K
}
Event: 54.206 GC heap before
{Heap before GC invocations=34 (full 3):
 PSYoungGen      total 22528K, used 22176K [0x00000000eab00000, 0x00000000ec780000, 0x0000000100000000)
  eden space 22016K, 100% used [0x00000000eab00000,0x00000000ec080000,0x00000000ec080000)
  from space 512K, 31% used [0x00000000ec700000,0x00000000ec728000,0x00000000ec780000)
  to   space 512K, 0% used [0x00000000ec680000,0x00000000ec680000,0x00000000ec700000)
 ParOldGen       total 68608K, used 35544K [0x00000000c0000000, 0x00000000c4300000, 0x00000000eab00000)
  object space 68608K, 51% used [0x00000000c0000000,0x00000000c22b6050,0x00000000c4300000)
 Metaspace       used 62215K, committed 63232K, reserved 1114112K
  class space    used 7241K, committed 7680K, reserved 1048576K
}
Event: 54.207 GC heap after
{Heap after GC invocations=34 (full 3):
 PSYoungGen      total 22528K, used 288K [0x00000000eab00000, 0x00000000ec780000, 0x0000000100000000)
  eden space 22016K, 0% used [0x00000000eab00000,0x00000000eab00000,0x00000000ec080000)
  from space 512K, 56% used [0x00000000ec680000,0x00000000ec6c8000,0x00000000ec700000)
  to   space 512K, 0% used [0x00000000ec700000,0x00000000ec700000,0x00000000ec780000)
 ParOldGen       total 68608K, used 35552K [0x00000000c0000000, 0x00000000c4300000, 0x00000000eab00000)
  object space 68608K, 51% used [0x00000000c0000000,0x00000000c22b8050,0x00000000c4300000)
 Metaspace       used 62215K, committed 63232K, reserved 1114112K
  class space    used 7241K, committed 7680K, reserved 1048576K
}
Event: 54.805 GC heap before
{Heap before GC invocations=35 (full 3):
 PSYoungGen      total 22528K, used 22304K [0x00000000eab00000, 0x00000000ec780000, 0x0000000100000000)
  eden space 22016K, 100% used [0x00000000eab00000,0x00000000ec080000,0x00000000ec080000)
  from space 512K, 56% used [0x00000000ec680000,0x00000000ec6c8000,0x00000000ec700000)
  to   space 512K, 0% used [0x00000000ec700000,0x00000000ec700000,0x00000000ec780000)
 ParOldGen       total 68608K, used 35552K [0x00000000c0000000, 0x00000000c4300000, 0x00000000eab00000)
  object space 68608K, 51% used [0x00000000c0000000,0x00000000c22b8050,0x00000000c4300000)
 Metaspace       used 62220K, committed 63296K, reserved 1114112K
  class space    used 7241K, committed 7744K, reserved 1048576K
}
Event: 54.806 GC heap after
{Heap after GC invocations=35 (full 3):
 PSYoungGen      total 22528K, used 256K [0x00000000eab00000, 0x00000000ec780000, 0x0000000100000000)
  eden space 22016K, 0% used [0x00000000eab00000,0x00000000eab00000,0x00000000ec080000)
  from space 512K, 50% used [0x00000000ec700000,0x00000000ec740000,0x00000000ec780000)
  to   space 512K, 0% used [0x00000000ec680000,0x00000000ec680000,0x00000000ec700000)
 ParOldGen       total 68608K, used 35616K [0x00000000c0000000, 0x00000000c4300000, 0x00000000eab00000)
  object space 68608K, 51% used [0x00000000c0000000,0x00000000c22c8050,0x00000000c4300000)
 Metaspace       used 62220K, committed 63296K, reserved 1114112K
  class space    used 7241K, committed 7744K, reserved 1048576K
}
Event: 55.162 GC heap before
{Heap before GC invocations=36 (full 3):
 PSYoungGen      total 22528K, used 22272K [0x00000000eab00000, 0x00000000ec780000, 0x0000000100000000)
  eden space 22016K, 100% used [0x00000000eab00000,0x00000000ec080000,0x00000000ec080000)
  from space 512K, 50% used [0x00000000ec700000,0x00000000ec740000,0x00000000ec780000)
  to   space 512K, 0% used [0x00000000ec680000,0x00000000ec680000,0x00000000ec700000)
 ParOldGen       total 68608K, used 35616K [0x00000000c0000000, 0x00000000c4300000, 0x00000000eab00000)
  object space 68608K, 51% used [0x00000000c0000000,0x00000000c22c8050,0x00000000c4300000)
 Metaspace       used 62223K, committed 63296K, reserved 1114112K
  class space    used 7241K, committed 7744K, reserved 1048576K
}
Event: 55.163 GC heap after
{Heap after GC invocations=36 (full 3):
 PSYoungGen      total 22528K, used 192K [0x00000000eab00000, 0x00000000ec780000, 0x0000000100000000)
  eden space 22016K, 0% used [0x00000000eab00000,0x00000000eab00000,0x00000000ec080000)
  from space 512K, 37% used [0x00000000ec680000,0x00000000ec6b0000,0x00000000ec700000)
  to   space 512K, 0% used [0x00000000ec700000,0x00000000ec700000,0x00000000ec780000)
 ParOldGen       total 68608K, used 35656K [0x00000000c0000000, 0x00000000c4300000, 0x00000000eab00000)
  object space 68608K, 51% used [0x00000000c0000000,0x00000000c22d2050,0x00000000c4300000)
 Metaspace       used 62223K, committed 63296K, reserved 1114112K
  class space    used 7241K, committed 7744K, reserved 1048576K
}
Event: 55.403 GC heap before
{Heap before GC invocations=37 (full 3):
 PSYoungGen      total 22528K, used 22208K [0x00000000eab00000, 0x00000000ec780000, 0x0000000100000000)
  eden space 22016K, 100% used [0x00000000eab00000,0x00000000ec080000,0x00000000ec080000)
  from space 512K, 37% used [0x00000000ec680000,0x00000000ec6b0000,0x00000000ec700000)
  to   space 512K, 0% used [0x00000000ec700000,0x00000000ec700000,0x00000000ec780000)
 ParOldGen       total 68608K, used 35656K [0x00000000c0000000, 0x00000000c4300000, 0x00000000eab00000)
  object space 68608K, 51% used [0x00000000c0000000,0x00000000c22d2050,0x00000000c4300000)
 Metaspace       used 62224K, committed 63296K, reserved 1114112K
  class space    used 7241K, committed 7744K, reserved 1048576K
}
Event: 55.403 GC heap after
{Heap after GC invocations=37 (full 3):
 PSYoungGen      total 22528K, used 160K [0x00000000eab00000, 0x00000000ec780000, 0x0000000100000000)
  eden space 22016K, 0% used [0x00000000eab00000,0x00000000eab00000,0x00000000ec080000)
  from space 512K, 31% used [0x00000000ec700000,0x00000000ec728000,0x00000000ec780000)
  to   space 512K, 0% used [0x00000000ec680000,0x00000000ec680000,0x00000000ec700000)
 ParOldGen       total 68608K, used 35680K [0x00000000c0000000, 0x00000000c4300000, 0x00000000eab00000)
  object space 68608K, 52% used [0x00000000c0000000,0x00000000c22d8050,0x00000000c4300000)
 Metaspace       used 62224K, committed 63296K, reserved 1114112K
  class space    used 7241K, committed 7744K, reserved 1048576K
}
Event: 55.778 GC heap before
{Heap before GC invocations=38 (full 3):
 PSYoungGen      total 22528K, used 22176K [0x00000000eab00000, 0x00000000ec780000, 0x0000000100000000)
  eden space 22016K, 100% used [0x00000000eab00000,0x00000000ec080000,0x00000000ec080000)
  from space 512K, 31% used [0x00000000ec700000,0x00000000ec728000,0x00000000ec780000)
  to   space 512K, 0% used [0x00000000ec680000,0x00000000ec680000,0x00000000ec700000)
 ParOldGen       total 68608K, used 35680K [0x00000000c0000000, 0x00000000c4300000, 0x00000000eab00000)
  object space 68608K, 52% used [0x00000000c0000000,0x00000000c22d8050,0x00000000c4300000)
 Metaspace       used 62229K, committed 63296K, reserved 1114112K
  class space    used 7241K, committed 7744K, reserved 1048576K
}
Event: 55.779 GC heap after
{Heap after GC invocations=38 (full 3):
 PSYoungGen      total 22528K, used 256K [0x00000000eab00000, 0x00000000ec780000, 0x0000000100000000)
  eden space 22016K, 0% used [0x00000000eab00000,0x00000000eab00000,0x00000000ec080000)
  from space 512K, 50% used [0x00000000ec680000,0x00000000ec6c0000,0x00000000ec700000)
  to   space 512K, 0% used [0x00000000ec700000,0x00000000ec700000,0x00000000ec780000)
 ParOldGen       total 68608K, used 35704K [0x00000000c0000000, 0x00000000c4300000, 0x00000000eab00000)
  object space 68608K, 52% used [0x00000000c0000000,0x00000000c22de050,0x00000000c4300000)
 Metaspace       used 62229K, committed 63296K, reserved 1114112K
  class space    used 7241K, committed 7744K, reserved 1048576K
}
Event: 56.539 GC heap before
{Heap before GC invocations=39 (full 3):
 PSYoungGen      total 22528K, used 22272K [0x00000000eab00000, 0x00000000ec780000, 0x0000000100000000)
  eden space 22016K, 100% used [0x00000000eab00000,0x00000000ec080000,0x00000000ec080000)
  from space 512K, 50% used [0x00000000ec680000,0x00000000ec6c0000,0x00000000ec700000)
  to   space 512K, 0% used [0x00000000ec700000,0x00000000ec700000,0x00000000ec780000)
 ParOldGen       total 68608K, used 35704K [0x00000000c0000000, 0x00000000c4300000, 0x00000000eab00000)
  object space 68608K, 52% used [0x00000000c0000000,0x00000000c22de050,0x00000000c4300000)
 Metaspace       used 62310K, committed 63360K, reserved 1114112K
  class space    used 7250K, committed 7744K, reserved 1048576K
}
Event: 56.539 GC heap after
{Heap after GC invocations=39 (full 3):
 PSYoungGen      total 22528K, used 320K [0x00000000eab00000, 0x00000000ec780000, 0x0000000100000000)
  eden space 22016K, 0% used [0x00000000eab00000,0x00000000eab00000,0x00000000ec080000)
  from space 512K, 62% used [0x00000000ec700000,0x00000000ec750000,0x00000000ec780000)
  to   space 512K, 0% used [0x00000000ec680000,0x00000000ec680000,0x00000000ec700000)
 ParOldGen       total 68608K, used 35728K [0x00000000c0000000, 0x00000000c4300000, 0x00000000eab00000)
  object space 68608K, 52% used [0x00000000c0000000,0x00000000c22e4050,0x00000000c4300000)
 Metaspace       used 62310K, committed 63360K, reserved 1114112K
  class space    used 7250K, committed 7744K, reserved 1048576K
}
Event: 56.984 GC heap before
{Heap before GC invocations=40 (full 3):
 PSYoungGen      total 22528K, used 22336K [0x00000000eab00000, 0x00000000ec780000, 0x0000000100000000)
  eden space 22016K, 100% used [0x00000000eab00000,0x00000000ec080000,0x00000000ec080000)
  from space 512K, 62% used [0x00000000ec700000,0x00000000ec750000,0x00000000ec780000)
  to   space 512K, 0% used [0x00000000ec680000,0x00000000ec680000,0x00000000ec700000)
 ParOldGen       total 68608K, used 35728K [0x00000000c0000000, 0x00000000c4300000, 0x00000000eab00000)
  object space 68608K, 52% used [0x00000000c0000000,0x00000000c22e4050,0x00000000c4300000)
 Metaspace       used 62314K, committed 63360K, reserved 1114112K
  class space    used 7250K, committed 7744K, reserved 1048576K
}
Event: 56.985 GC heap after
{Heap after GC invocations=40 (full 3):
 PSYoungGen      total 22528K, used 192K [0x00000000eab00000, 0x00000000ec780000, 0x0000000100000000)
  eden space 22016K, 0% used [0x00000000eab00000,0x00000000eab00000,0x00000000ec080000)
  from space 512K, 37% used [0x00000000ec680000,0x00000000ec6b0000,0x00000000ec700000)
  to   space 512K, 0% used [0x00000000ec700000,0x00000000ec700000,0x00000000ec780000)
 ParOldGen       total 68608K, used 35808K [0x00000000c0000000, 0x00000000c4300000, 0x00000000eab00000)
  object space 68608K, 52% used [0x00000000c0000000,0x00000000c22f8050,0x00000000c4300000)
 Metaspace       used 62314K, committed 63360K, reserved 1114112K
  class space    used 7250K, committed 7744K, reserved 1048576K
}

Dll operation events (15 events):
Event: 0.009 Loaded shared library c:\Users\Admin\.vscode\extensions\redhat.java-1.35.1-win32-x64\jre\17.0.12-win32-x86_64\bin\java.dll
Event: 0.176 Loaded shared library c:\Users\Admin\.vscode\extensions\redhat.java-1.35.1-win32-x64\jre\17.0.12-win32-x86_64\bin\zip.dll
Event: 0.186 Loaded shared library C:\Users\Admin\.vscode\extensions\redhat.java-1.35.1-win32-x64\jre\17.0.12-win32-x86_64\bin\instrument.dll
Event: 0.197 Loaded shared library C:\Users\Admin\.vscode\extensions\redhat.java-1.35.1-win32-x64\jre\17.0.12-win32-x86_64\bin\net.dll
Event: 0.198 Loaded shared library C:\Users\Admin\.vscode\extensions\redhat.java-1.35.1-win32-x64\jre\17.0.12-win32-x86_64\bin\nio.dll
Event: 0.204 Loaded shared library C:\Users\Admin\.vscode\extensions\redhat.java-1.35.1-win32-x64\jre\17.0.12-win32-x86_64\bin\zip.dll
Event: 0.219 Loaded shared library C:\Users\Admin\.vscode\extensions\redhat.java-1.35.1-win32-x64\jre\17.0.12-win32-x86_64\bin\jimage.dll
Event: 0.279 Loaded shared library c:\Users\Admin\.vscode\extensions\redhat.java-1.35.1-win32-x64\jre\17.0.12-win32-x86_64\bin\verify.dll
Event: 5.263 Loaded shared library C:\Users\Admin\AppData\Roaming\Code\User\globalStorage\redhat.java\1.35.1\config_win\org.eclipse.equinox.launcher\org.eclipse.equinox.launcher.win32.win32.x86_64_1.2.1100.v20240722-2106\eclipse_11904.dll
Event: 11.593 Loaded shared library C:\Users\Admin\AppData\Local\Temp\jna-63116079\jna14982675206060137330.dll
Event: 17.139 Loaded shared library C:\Users\Admin\.gradle\native\68d5fa5c4cc2d200863cafc0d521ce42e7d3e7ee720ec0a83991735586a16f82\windows-amd64\native-platform.dll
Event: 18.702 Loaded shared library C:\Users\Admin\.vscode\extensions\redhat.java-1.35.1-win32-x64\jre\17.0.12-win32-x86_64\bin\management.dll
Event: 18.705 Loaded shared library C:\Users\Admin\.vscode\extensions\redhat.java-1.35.1-win32-x64\jre\17.0.12-win32-x86_64\bin\management_ext.dll
Event: 19.549 Loaded shared library C:\Users\Admin\.vscode\extensions\redhat.java-1.35.1-win32-x64\jre\17.0.12-win32-x86_64\bin\extnet.dll
Event: 25.902 Loaded shared library C:\Users\Admin\.vscode\extensions\redhat.java-1.35.1-win32-x64\jre\17.0.12-win32-x86_64\bin\sunmscapi.dll

Deoptimization events (20 events):
Event: 57.222 Thread 0x000001837e8ee270 Uncommon trap: trap_request=0xffffffc6 fr.pc=0x000001836d7295e4 relative=0x00000000000001e4
Event: 57.222 Thread 0x000001837e8ee270 Uncommon trap: reason=bimorphic_or_optimized_type_check action=maybe_recompile pc=0x000001836d7295e4 method=org.eclipse.core.runtime.SubMonitor$RootInfo.isCanceled()Z @ 4 c2
Event: 57.222 Thread 0x000001837e8ee270 DEOPT PACKING pc=0x000001836d7295e4 sp=0x0000003ceb3fe390
Event: 57.222 Thread 0x000001837e8ee270 DEOPT UNPACKING pc=0x000001836ce066a3 sp=0x0000003ceb3fe2d0 mode 2
Event: 57.237 Thread 0x000001837e8ee270 Uncommon trap: trap_request=0xffffff45 fr.pc=0x000001836d67700c relative=0x00000000000015ac
Event: 57.237 Thread 0x000001837e8ee270 Uncommon trap: reason=unstable_if action=reinterpret pc=0x000001836d67700c method=java.net.URLStreamHandler.toExternalForm(Ljava/net/URL;)Ljava/lang/String; @ 32 c2
Event: 57.237 Thread 0x000001837e8ee270 DEOPT PACKING pc=0x000001836d67700c sp=0x0000003ceb3fe090
Event: 57.237 Thread 0x000001837e8ee270 DEOPT UNPACKING pc=0x000001836ce066a3 sp=0x0000003ceb3fe080 mode 2
Event: 57.237 Thread 0x000001837e8ee270 Uncommon trap: trap_request=0xffffffc6 fr.pc=0x000001836d7295e4 relative=0x00000000000001e4
Event: 57.237 Thread 0x000001837e8ee270 Uncommon trap: reason=bimorphic_or_optimized_type_check action=maybe_recompile pc=0x000001836d7295e4 method=org.eclipse.core.runtime.SubMonitor$RootInfo.isCanceled()Z @ 4 c2
Event: 57.237 Thread 0x000001837e8ee270 DEOPT PACKING pc=0x000001836d7295e4 sp=0x0000003ceb3fe3f0
Event: 57.237 Thread 0x000001837e8ee270 DEOPT UNPACKING pc=0x000001836ce066a3 sp=0x0000003ceb3fe330 mode 2
Event: 57.237 Thread 0x000001837e8ee270 Uncommon trap: trap_request=0xffffffc6 fr.pc=0x000001836d7295e4 relative=0x00000000000001e4
Event: 57.237 Thread 0x000001837e8ee270 Uncommon trap: reason=bimorphic_or_optimized_type_check action=maybe_recompile pc=0x000001836d7295e4 method=org.eclipse.core.runtime.SubMonitor$RootInfo.isCanceled()Z @ 4 c2
Event: 57.237 Thread 0x000001837e8ee270 DEOPT PACKING pc=0x000001836d7295e4 sp=0x0000003ceb3fe3f0
Event: 57.237 Thread 0x000001837e8ee270 DEOPT UNPACKING pc=0x000001836ce066a3 sp=0x0000003ceb3fe330 mode 2
Event: 57.276 Thread 0x000001837e8ee270 Uncommon trap: trap_request=0xffffff45 fr.pc=0x000001836d666b54 relative=0x0000000000000294
Event: 57.276 Thread 0x000001837e8ee270 Uncommon trap: reason=unstable_if action=reinterpret pc=0x000001836d666b54 method=java.io.WinNTFileSystem.prefixLength(Ljava/lang/String;)I @ 73 c2
Event: 57.276 Thread 0x000001837e8ee270 DEOPT PACKING pc=0x000001836d666b54 sp=0x0000003ceb3fde20
Event: 57.276 Thread 0x000001837e8ee270 DEOPT UNPACKING pc=0x000001836ce066a3 sp=0x0000003ceb3fdda8 mode 2

Classes loaded (20 events):
Event: 57.432 Loading class jdk/internal/access/foreign/UnmapperProxy
Event: 57.432 Loading class jdk/internal/access/foreign/UnmapperProxy done
Event: 57.432 Loading class sun/nio/ch/FileChannelImpl$Unmapper done
Event: 57.432 Loading class sun/nio/ch/FileChannelImpl$DefaultUnmapper done
Event: 57.432 Loading class sun/nio/ch/Util$4
Event: 57.432 Loading class sun/nio/ch/Util$4 done
Event: 57.433 Loading class java/io/UTFDataFormatException
Event: 57.433 Loading class java/io/UTFDataFormatException done
Event: 57.435 Loading class java/nio/file/ClosedDirectoryStreamException
Event: 57.435 Loading class java/nio/file/ClosedDirectoryStreamException done
Event: 57.436 Loading class jdk/internal/jrtfs/JrtFileSystem
Event: 57.436 Loading class jdk/internal/jrtfs/JrtFileSystem done
Event: 57.436 Loading class jdk/internal/jrtfs/JrtPath
Event: 57.437 Loading class jdk/internal/jrtfs/JrtPath done
Event: 57.437 Loading class jdk/internal/jimage/ImageReader$Node
Event: 57.437 Loading class jdk/internal/jimage/ImageReader$Node done
Event: 57.452 Loading class java/nio/ByteBufferAsIntBufferL
Event: 57.453 Loading class java/nio/ByteBufferAsIntBufferL done
Event: 57.455 Loading class jdk/internal/jimage/ImageReader$Directory
Event: 57.455 Loading class jdk/internal/jimage/ImageReader$Directory done

Classes unloaded (7 events):
Event: 11.377 Thread 0x00000183614cec00 Unloading class 0x0000000100250400 'java/lang/invoke/LambdaForm$MH+0x0000000100250400'
Event: 11.377 Thread 0x00000183614cec00 Unloading class 0x0000000100250000 'java/lang/invoke/LambdaForm$MH+0x0000000100250000'
Event: 11.377 Thread 0x00000183614cec00 Unloading class 0x000000010024fc00 'java/lang/invoke/LambdaForm$MH+0x000000010024fc00'
Event: 11.377 Thread 0x00000183614cec00 Unloading class 0x000000010024f800 'java/lang/invoke/LambdaForm$MH+0x000000010024f800'
Event: 11.377 Thread 0x00000183614cec00 Unloading class 0x000000010024f400 'java/lang/invoke/LambdaForm$BMH+0x000000010024f400'
Event: 11.377 Thread 0x00000183614cec00 Unloading class 0x000000010024f000 'java/lang/invoke/LambdaForm$DMH+0x000000010024f000'
Event: 11.377 Thread 0x00000183614cec00 Unloading class 0x000000010024c400 'java/lang/invoke/LambdaForm$DMH+0x000000010024c400'

Classes redefined (0 events):
No events

Internal exceptions (20 events):
Event: 57.085 Thread 0x000001837e8ec410 Exception <a 'sun/nio/fs/WindowsException'{0x00000000eb0c5620}> (0x00000000eb0c5620) 
thrown [s\src\hotspot\share\prims\jni.cpp, line 516]
Event: 57.086 Thread 0x000001837e8ec410 Exception <a 'sun/nio/fs/WindowsException'{0x00000000eb0d1380}> (0x00000000eb0d1380) 
thrown [s\src\hotspot\share\prims\jni.cpp, line 516]
Event: 57.086 Thread 0x000001837e8ec410 Exception <a 'sun/nio/fs/WindowsException'{0x00000000eb0d1f58}> (0x00000000eb0d1f58) 
thrown [s\src\hotspot\share\prims\jni.cpp, line 516]
Event: 57.168 Thread 0x000001837e8ee270 Exception <a 'java/io/FileNotFoundException'{0x00000000eb3cca68}> (0x00000000eb3cca68) 
thrown [s\src\hotspot\share\prims\jni.cpp, line 516]
Event: 57.168 Thread 0x000001837e8ee270 Exception <a 'java/io/FileNotFoundException'{0x00000000eb3cdd08}> (0x00000000eb3cdd08) 
thrown [s\src\hotspot\share\prims\jni.cpp, line 516]
Event: 57.168 Thread 0x000001837e8ee270 Exception <a 'java/io/FileNotFoundException'{0x00000000eb42e3e0}> (0x00000000eb42e3e0) 
thrown [s\src\hotspot\share\prims\jni.cpp, line 516]
Event: 57.218 Thread 0x000001837e8ee270 Exception <a 'sun/nio/fs/WindowsException'{0x00000000eb5f99a0}> (0x00000000eb5f99a0) 
thrown [s\src\hotspot\share\prims\jni.cpp, line 516]
Event: 57.218 Thread 0x000001837e8ee270 Exception <a 'sun/nio/fs/WindowsException'{0x00000000eb5fa080}> (0x00000000eb5fa080) 
thrown [s\src\hotspot\share\prims\jni.cpp, line 516]
Event: 57.218 Thread 0x000001837e8ee270 Exception <a 'sun/nio/fs/WindowsException'{0x00000000eb5fad60}> (0x00000000eb5fad60) 
thrown [s\src\hotspot\share\prims\jni.cpp, line 516]
Event: 57.218 Thread 0x000001837e8ee270 Exception <a 'sun/nio/fs/WindowsException'{0x00000000eb5fb440}> (0x00000000eb5fb440) 
thrown [s\src\hotspot\share\prims\jni.cpp, line 516]
Event: 57.235 Thread 0x000001837e8ee270 Exception <a 'sun/nio/fs/WindowsException'{0x00000000eb669410}> (0x00000000eb669410) 
thrown [s\src\hotspot\share\prims\jni.cpp, line 516]
Event: 57.235 Thread 0x000001837e8ee270 Exception <a 'sun/nio/fs/WindowsException'{0x00000000eb669d98}> (0x00000000eb669d98) 
thrown [s\src\hotspot\share\prims\jni.cpp, line 516]
Event: 57.238 Thread 0x000001830011d9b0 Exception <a 'java/lang/NoSuchMethodError'{0x00000000eb67c468}: 'java.lang.Object java.lang.invoke.DirectMethodHandle$Holder.invokeInterface(java.lang.Object, java.lang.Object, java.lang.Object)'> (0x00000000eb67c468) 
thrown [s\src\hotspot\share\interpreter\linkResolver.cpp, line 759]
Event: 57.238 Thread 0x000001837e8ee270 Exception <a 'sun/nio/fs/WindowsException'{0x00000000eb6a3598}> (0x00000000eb6a3598) 
thrown [s\src\hotspot\share\prims\jni.cpp, line 516]
Event: 57.238 Thread 0x000001837e8ee270 Exception <a 'sun/nio/fs/WindowsException'{0x00000000eb6a3f20}> (0x00000000eb6a3f20) 
thrown [s\src\hotspot\share\prims\jni.cpp, line 516]
Event: 57.275 Thread 0x000001837e8ee270 Exception <a 'sun/nio/fs/WindowsException'{0x00000000eb745cb0}> (0x00000000eb745cb0) 
thrown [s\src\hotspot\share\prims\jni.cpp, line 516]
Event: 57.275 Thread 0x000001837e8ee270 Exception <a 'sun/nio/fs/WindowsException'{0x00000000eb746638}> (0x00000000eb746638) 
thrown [s\src\hotspot\share\prims\jni.cpp, line 516]
Event: 57.277 Thread 0x000001837e8ee270 Exception <a 'sun/nio/fs/WindowsException'{0x00000000eb750ec8}> (0x00000000eb750ec8) 
thrown [s\src\hotspot\share\prims\jni.cpp, line 516]
Event: 57.277 Thread 0x000001837e8ee270 Exception <a 'sun/nio/fs/WindowsException'{0x00000000eb751850}> (0x00000000eb751850) 
thrown [s\src\hotspot\share\prims\jni.cpp, line 516]
Event: 57.431 Thread 0x000001837e8ee270 Exception <a 'java/lang/NoSuchMethodError'{0x00000000eb93b8f0}: 'java.lang.Object java.lang.invoke.Invokers$Holder.invoke_MT(java.lang.Object, java.lang.Object, java.lang.Object)'> (0x00000000eb93b8f0) 
thrown [s\src\hotspot\share\interpreter\linkResolver.cpp, line 759]

VM Operations (20 events):
Event: 56.539 Executing VM operation: ParallelGCFailedAllocation
Event: 56.539 Executing VM operation: ParallelGCFailedAllocation done
Event: 56.984 Executing VM operation: ParallelGCFailedAllocation
Event: 56.985 Executing VM operation: ParallelGCFailedAllocation done
Event: 57.104 Executing VM operation: HandshakeAllThreads
Event: 57.104 Executing VM operation: HandshakeAllThreads done
Event: 57.105 Executing VM operation: HandshakeAllThreads
Event: 57.106 Executing VM operation: HandshakeAllThreads done
Event: 57.336 Executing VM operation: HandshakeAllThreads
Event: 57.336 Executing VM operation: HandshakeAllThreads done
Event: 57.355 Executing VM operation: HandshakeAllThreads
Event: 57.356 Executing VM operation: HandshakeAllThreads done
Event: 57.403 Executing VM operation: HandshakeAllThreads
Event: 57.403 Executing VM operation: HandshakeAllThreads done
Event: 57.405 Executing VM operation: HandshakeAllThreads
Event: 57.405 Executing VM operation: HandshakeAllThreads done
Event: 57.435 Executing VM operation: HandshakeAllThreads
Event: 57.435 Executing VM operation: HandshakeAllThreads done
Event: 57.454 Executing VM operation: HandshakeAllThreads
Event: 57.454 Executing VM operation: HandshakeAllThreads done

Events (20 events):
Event: 22.738 Thread 0x000001830011dec0 Thread added: 0x000001830011dec0
Event: 22.739 Thread 0x000001830011f810 Thread added: 0x000001830011f810
Event: 22.739 Thread 0x000001830011dec0 Thread exited: 0x000001830011dec0
Event: 25.871 Thread 0x000001830011d4a0 Thread exited: 0x000001830011d4a0
Event: 25.871 Thread 0x000001830011f810 Thread exited: 0x000001830011f810
Event: 26.166 Thread 0x000001830011f810 Thread added: 0x000001830011f810
Event: 26.167 Thread 0x000001830011f810 Thread exited: 0x000001830011f810
Event: 26.168 Thread 0x000001830011f810 Thread added: 0x000001830011f810
Event: 31.998 Thread 0x000001837f062820 Thread added: 0x000001837f062820
Event: 32.011 Thread 0x000001837f0632c0 Thread added: 0x000001837f0632c0
Event: 32.138 Thread 0x000001837f0632c0 Thread exited: 0x000001837f0632c0
Event: 32.170 Thread 0x000001837f062820 Thread exited: 0x000001837f062820
Event: 56.407 Thread 0x000001830011f810 Thread exited: 0x000001830011f810
Event: 56.409 Thread 0x000001830011d9b0 Thread exited: 0x000001830011d9b0
Event: 56.412 Thread 0x000001830011c060 Thread exited: 0x000001830011c060
Event: 57.082 Thread 0x000001837f063d60 Thread added: 0x000001837f063d60
Event: 57.164 Thread 0x000001830011e3d0 Thread added: 0x000001830011e3d0
Event: 57.166 Thread 0x000001830011d9b0 Thread added: 0x000001830011d9b0
Event: 57.167 Thread 0x000001830011dec0 Thread added: 0x000001830011dec0
Event: 57.168 Thread 0x000001830011f810 Thread added: 0x000001830011f810


Dynamic libraries:
0x00007ff73e2b0000 - 0x00007ff73e2be000 	c:\Users\Admin\.vscode\extensions\redhat.java-1.35.1-win32-x64\jre\17.0.12-win32-x86_64\bin\java.exe
0x00007ffc6ecd0000 - 0x00007ffc6eee7000 	C:\Windows\SYSTEM32\ntdll.dll
0x00007ffc6dcb0000 - 0x00007ffc6dd74000 	C:\Windows\System32\KERNEL32.DLL
0x00007ffc6c580000 - 0x00007ffc6c937000 	C:\Windows\System32\KERNELBASE.dll
0x00007ffc6c430000 - 0x00007ffc6c541000 	C:\Windows\System32\ucrtbase.dll
0x00007ffc55030000 - 0x00007ffc55047000 	c:\Users\Admin\.vscode\extensions\redhat.java-1.35.1-win32-x64\jre\17.0.12-win32-x86_64\bin\jli.dll
0x00007ffc2d510000 - 0x00007ffc2d52b000 	c:\Users\Admin\.vscode\extensions\redhat.java-1.35.1-win32-x64\jre\17.0.12-win32-x86_64\bin\VCRUNTIME140.dll
0x00007ffc6ddf0000 - 0x00007ffc6df9f000 	C:\Windows\System32\USER32.dll
0x00007ffc6c550000 - 0x00007ffc6c576000 	C:\Windows\System32\win32u.dll
0x00007ffc4db30000 - 0x00007ffc4ddc3000 	C:\Windows\WinSxS\amd64_microsoft.windows.common-controls_6595b64144ccf1df_6.0.22621.3672_none_2713b9d173822955\COMCTL32.dll
0x00007ffc6e220000 - 0x00007ffc6e249000 	C:\Windows\System32\GDI32.dll
0x00007ffc6e170000 - 0x00007ffc6e217000 	C:\Windows\System32\msvcrt.dll
0x00007ffc6c310000 - 0x00007ffc6c428000 	C:\Windows\System32\gdi32full.dll
0x00007ffc6bfe0000 - 0x00007ffc6c07a000 	C:\Windows\System32\msvcp_win.dll
0x00007ffc6d950000 - 0x00007ffc6d981000 	C:\Windows\System32\IMM32.DLL
0x00007ffc63460000 - 0x00007ffc6346c000 	c:\Users\Admin\.vscode\extensions\redhat.java-1.35.1-win32-x64\jre\17.0.12-win32-x86_64\bin\vcruntime140_1.dll
0x00007ffc27c70000 - 0x00007ffc27cfd000 	c:\Users\Admin\.vscode\extensions\redhat.java-1.35.1-win32-x64\jre\17.0.12-win32-x86_64\bin\msvcp140.dll
0x00007ffb85f30000 - 0x00007ffb86b9a000 	c:\Users\Admin\.vscode\extensions\redhat.java-1.35.1-win32-x64\jre\17.0.12-win32-x86_64\bin\server\jvm.dll
0x00007ffc6e400000 - 0x00007ffc6e4b2000 	C:\Windows\System32\ADVAPI32.dll
0x00007ffc6e6e0000 - 0x00007ffc6e788000 	C:\Windows\System32\sechost.dll
0x00007ffc6c1f0000 - 0x00007ffc6c218000 	C:\Windows\System32\bcrypt.dll
0x00007ffc6ca10000 - 0x00007ffc6cb24000 	C:\Windows\System32\RPCRT4.dll
0x00007ffc6d4b0000 - 0x00007ffc6d521000 	C:\Windows\System32\WS2_32.dll
0x00007ffc6beb0000 - 0x00007ffc6befd000 	C:\Windows\SYSTEM32\POWRPROF.dll
0x00007ffc64700000 - 0x00007ffc64734000 	C:\Windows\SYSTEM32\WINMM.dll
0x00007ffc609f0000 - 0x00007ffc609fa000 	C:\Windows\SYSTEM32\VERSION.dll
0x00007ffc6be90000 - 0x00007ffc6bea3000 	C:\Windows\SYSTEM32\UMPDC.dll
0x00007ffc6af90000 - 0x00007ffc6afa8000 	C:\Windows\SYSTEM32\kernel.appcore.dll
0x00007ffc43550000 - 0x00007ffc4355a000 	c:\Users\Admin\.vscode\extensions\redhat.java-1.35.1-win32-x64\jre\17.0.12-win32-x86_64\bin\jimage.dll
0x00007ffc5ed20000 - 0x00007ffc5ef52000 	C:\Windows\SYSTEM32\DBGHELP.DLL
0x00007ffc6d5c0000 - 0x00007ffc6d94e000 	C:\Windows\System32\combase.dll
0x00007ffc6d9f0000 - 0x00007ffc6dac7000 	C:\Windows\System32\OLEAUT32.dll
0x00007ffc56640000 - 0x00007ffc56672000 	C:\Windows\SYSTEM32\dbgcore.DLL
0x00007ffc6c290000 - 0x00007ffc6c30b000 	C:\Windows\System32\bcryptPrimitives.dll
0x00007ffc2d270000 - 0x00007ffc2d27e000 	c:\Users\Admin\.vscode\extensions\redhat.java-1.35.1-win32-x64\jre\17.0.12-win32-x86_64\bin\instrument.dll
0x00007ffc27c40000 - 0x00007ffc27c65000 	c:\Users\Admin\.vscode\extensions\redhat.java-1.35.1-win32-x64\jre\17.0.12-win32-x86_64\bin\java.dll
0x00007ffc2bb30000 - 0x00007ffc2bb48000 	c:\Users\Admin\.vscode\extensions\redhat.java-1.35.1-win32-x64\jre\17.0.12-win32-x86_64\bin\zip.dll
0x00007ffc6cb30000 - 0x00007ffc6d399000 	C:\Windows\System32\SHELL32.dll
0x00007ffc69f00000 - 0x00007ffc6a7ff000 	C:\Windows\SYSTEM32\windows.storage.dll
0x00007ffc69dc0000 - 0x00007ffc69eff000 	C:\Windows\SYSTEM32\wintypes.dll
0x00007ffc6db90000 - 0x00007ffc6dc89000 	C:\Windows\System32\SHCORE.dll
0x00007ffc6e4c0000 - 0x00007ffc6e51e000 	C:\Windows\System32\shlwapi.dll
0x00007ffc6bf10000 - 0x00007ffc6bf37000 	C:\Windows\SYSTEM32\profapi.dll
0x00007ffc27a70000 - 0x00007ffc27a89000 	C:\Users\Admin\.vscode\extensions\redhat.java-1.35.1-win32-x64\jre\17.0.12-win32-x86_64\bin\net.dll
0x00007ffc64c30000 - 0x00007ffc64d66000 	C:\Windows\SYSTEM32\WINHTTP.dll
0x00007ffc6b450000 - 0x00007ffc6b4b9000 	C:\Windows\system32\mswsock.dll
0x00007ffc27a50000 - 0x00007ffc27a66000 	C:\Users\Admin\.vscode\extensions\redhat.java-1.35.1-win32-x64\jre\17.0.12-win32-x86_64\bin\nio.dll
0x00007ffc2cd30000 - 0x00007ffc2cd40000 	c:\Users\Admin\.vscode\extensions\redhat.java-1.35.1-win32-x64\jre\17.0.12-win32-x86_64\bin\verify.dll
0x00007ffc2cfa0000 - 0x00007ffc2cfe5000 	C:\Users\Admin\AppData\Roaming\Code\User\globalStorage\redhat.java\1.35.1\config_win\org.eclipse.equinox.launcher\org.eclipse.equinox.launcher.win32.win32.x86_64_1.2.1100.v20240722-2106\eclipse_11904.dll
0x00007ffc6e250000 - 0x00007ffc6e3f5000 	C:\Windows\System32\ole32.dll
0x00007ffc6b7a0000 - 0x00007ffc6b7bb000 	C:\Windows\SYSTEM32\CRYPTSP.dll
0x00007ffc6af50000 - 0x00007ffc6af85000 	C:\Windows\system32\rsaenh.dll
0x00007ffc6b4f0000 - 0x00007ffc6b518000 	C:\Windows\SYSTEM32\USERENV.dll
0x00007ffc6b780000 - 0x00007ffc6b78c000 	C:\Windows\SYSTEM32\CRYPTBASE.dll
0x00007ffc6aa60000 - 0x00007ffc6aa8d000 	C:\Windows\SYSTEM32\IPHLPAPI.DLL
0x00007ffc6db80000 - 0x00007ffc6db89000 	C:\Windows\System32\NSI.dll
0x00007ffc64910000 - 0x00007ffc64929000 	C:\Windows\SYSTEM32\dhcpcsvc6.DLL
0x00007ffc645c0000 - 0x00007ffc645df000 	C:\Windows\SYSTEM32\dhcpcsvc.DLL
0x00007ffc6aad0000 - 0x00007ffc6abd2000 	C:\Windows\SYSTEM32\DNSAPI.dll
0x00007ffc27bf0000 - 0x00007ffc27c39000 	C:\Users\Admin\AppData\Local\Temp\jna-63116079\jna14982675206060137330.dll
0x00007ffc6d3a0000 - 0x00007ffc6d3a8000 	C:\Windows\System32\PSAPI.DLL
0x00007ffc58150000 - 0x00007ffc58177000 	C:\Users\Admin\.gradle\native\68d5fa5c4cc2d200863cafc0d521ce42e7d3e7ee720ec0a83991735586a16f82\windows-amd64\native-platform.dll
0x00007ffc3fa60000 - 0x00007ffc3fa69000 	C:\Users\Admin\.vscode\extensions\redhat.java-1.35.1-win32-x64\jre\17.0.12-win32-x86_64\bin\management.dll
0x00007ffc3ea70000 - 0x00007ffc3ea7b000 	C:\Users\Admin\.vscode\extensions\redhat.java-1.35.1-win32-x64\jre\17.0.12-win32-x86_64\bin\management_ext.dll
0x00007ffc30810000 - 0x00007ffc30819000 	C:\Users\Admin\.vscode\extensions\redhat.java-1.35.1-win32-x64\jre\17.0.12-win32-x86_64\bin\extnet.dll
0x00007ffc382e0000 - 0x00007ffc382ee000 	C:\Users\Admin\.vscode\extensions\redhat.java-1.35.1-win32-x64\jre\17.0.12-win32-x86_64\bin\sunmscapi.dll
0x00007ffc6c080000 - 0x00007ffc6c1e6000 	C:\Windows\System32\CRYPT32.dll
0x00007ffc6b830000 - 0x00007ffc6b85d000 	C:\Windows\SYSTEM32\ncrypt.dll
0x00007ffc6b7e0000 - 0x00007ffc6b817000 	C:\Windows\SYSTEM32\NTASN1.dll
0x00007ffc64bd0000 - 0x00007ffc64bd8000 	C:\Windows\system32\wshunix.dll

dbghelp: loaded successfully - version: 4.0.5 - missing functions: none
symbol engine: initialized successfully - sym options: 0x614 - pdb path: .;c:\Users\Admin\.vscode\extensions\redhat.java-1.35.1-win32-x64\jre\17.0.12-win32-x86_64\bin;C:\Windows\SYSTEM32;C:\Windows\WinSxS\amd64_microsoft.windows.common-controls_6595b64144ccf1df_6.0.22621.3672_none_2713b9d173822955;c:\Users\Admin\.vscode\extensions\redhat.java-1.35.1-win32-x64\jre\17.0.12-win32-x86_64\bin\server;C:\Users\Admin\AppData\Roaming\Code\User\globalStorage\redhat.java\1.35.1\config_win\org.eclipse.equinox.launcher\org.eclipse.equinox.launcher.win32.win32.x86_64_1.2.1100.v20240722-2106;C:\Users\Admin\AppData\Local\Temp\jna-63116079;C:\Users\Admin\.gradle\native\68d5fa5c4cc2d200863cafc0d521ce42e7d3e7ee720ec0a83991735586a16f82\windows-amd64

VM Arguments:
jvm_args: --add-modules=ALL-SYSTEM --add-opens=java.base/java.util=ALL-UNNAMED --add-opens=java.base/java.lang=ALL-UNNAMED --add-opens=java.base/sun.nio.fs=ALL-UNNAMED -Declipse.application=org.eclipse.jdt.ls.core.id1 -Dosgi.bundles.defaultStartLevel=4 -Declipse.product=org.eclipse.jdt.ls.core.product -Djava.import.generatesMetadataFilesAtProjectRoot=false -DDetectVMInstallationsJob.disabled=true -Dfile.encoding=utf8 -XX:+UseParallelGC -XX:GCTimeRatio=4 -XX:AdaptiveSizePolicyWeight=90 -Dsun.zip.disableMemoryMapping=true -Xmx1G -Xms100m -Xlog:disable -javaagent:c:\Users\Admin\.vscode\extensions\redhat.java-1.35.1-win32-x64\lombok\lombok-1.18.33.jar -XX:+HeapDumpOnOutOfMemoryError -XX:HeapDumpPath=c:\Users\Admin\AppData\Roaming\Code\User\workspaceStorage\c947ea4c57f221a37de719cc15a61aff\redhat.java -Daether.dependencyCollector.impl=bf 
java_command: c:\Users\Admin\.vscode\extensions\redhat.java-1.35.1-win32-x64\server\plugins\org.eclipse.equinox.launcher_1.6.900.v20240613-2009.jar -configuration c:\Users\Admin\AppData\Roaming\Code\User\globalStorage\redhat.java\1.35.1\config_win -data c:\Users\Admin\AppData\Roaming\Code\User\workspaceStorage\c947ea4c57f221a37de719cc15a61aff\redhat.java\jdt_ws --pipe=\\.\pipe\lsp-bcc39edeca101d63a4b4c7801096aec7-sock
java_class_path (initial): c:\Users\Admin\.vscode\extensions\redhat.java-1.35.1-win32-x64\server\plugins\org.eclipse.equinox.launcher_1.6.900.v20240613-2009.jar
Launcher Type: SUN_STANDARD

[Global flags]
    uintx AdaptiveSizePolicyWeight                 = 90                                        {product} {command line}
     intx CICompilerCount                          = 4                                         {product} {ergonomic}
    uintx GCTimeRatio                              = 4                                         {product} {command line}
     bool HeapDumpOnOutOfMemoryError               = true                                   {manageable} {command line}
    ccstr HeapDumpPath                             = c:\Users\Admin\AppData\Roaming\Code\User\workspaceStorage\c947ea4c57f221a37de719cc15a61aff\redhat.java         {manageable} {command line}
   size_t InitialHeapSize                          = 104857600                                 {product} {command line}
   size_t MaxHeapSize                              = 1073741824                                {product} {command line}
   size_t MaxNewSize                               = 357564416                                 {product} {ergonomic}
   size_t MinHeapDeltaBytes                        = 524288                                    {product} {ergonomic}
   size_t MinHeapSize                              = 104857600                                 {product} {command line}
   size_t NewSize                                  = 34603008                                  {product} {ergonomic}
    uintx NonNMethodCodeHeapSize                   = 5839372                                {pd product} {ergonomic}
    uintx NonProfiledCodeHeapSize                  = 122909434                              {pd product} {ergonomic}
   size_t OldSize                                  = 70254592                                  {product} {ergonomic}
    uintx ProfiledCodeHeapSize                     = 122909434                              {pd product} {ergonomic}
    uintx ReservedCodeCacheSize                    = 251658240                              {pd product} {ergonomic}
     bool SegmentedCodeCache                       = true                                      {product} {ergonomic}
   size_t SoftMaxHeapSize                          = 1073741824                             {manageable} {ergonomic}
     bool UseCompressedClassPointers               = true                           {product lp64_product} {ergonomic}
     bool UseCompressedOops                        = true                           {product lp64_product} {ergonomic}
     bool UseLargePagesIndividualAllocation        = false                                  {pd product} {ergonomic}
     bool UseParallelGC                            = true                                      {product} {command line}

Logging:
Log output configuration:
 #0: stdout all=off uptime,level,tags
 #1: stderr all=off uptime,level,tags

Environment Variables:
JAVA_HOME=C:\Program Files\Microsoft\jdk-17.0.12.7-hotspot
PATH=C:\Android\emulator;C:\Program Files\Microsoft\jdk-17.0.12.7-hotspot\bin;C:\Android\cmdline-tools\latest\bin;C:\Android\platform-tools;C:\Windows\system32;C:\Windows;C:\Windows\System32\Wbem;C:\Windows\System32\WindowsPowerShell\v1.0\;C:\Windows\System32\OpenSSH\;C:\Users\Admin\AppData\Local\Microsoft\WindowsApps;C:\Users\Admin\AppData\Local\spicetify;C:\adb;C:\Program Files\dotnet\;C:\ProgramData\chocolatey\bin;C:\Program Files\GitHub CLI\;C:\ffmpeg\bin\;C:\Program Files (x86)\cloudflared\;C:\Program Files\Git\cmd;%ANDROID_HOME%\tools;%ANDROID_HOME%\tools\bin;%ANDROID_HOME%\platform-tools;C:\Users\Admin\miniconda3;C:\Users\Admin\miniconda3\Library\mingw-w64\bin;C:\Users\Admin\miniconda3\Library\usr\bin;C:\Users\Admin\miniconda3\Library\bin;C:\Users\Admin\miniconda3\Scripts;C:\Users\Admin\AppData\Local\Programs\Python\Python312\Scripts\;C:\Users\Admin\AppData\Local\Programs\Python\Python312\;C:\Users\Admin\AppData\Local\Microsoft\WinGet\Links;C:\tools\dart-sdk\bin;C:\Users\Admin\AppData\Local\Pub\Cache\bin;C:;%ANDROID_HOME%\emulator;C:\Program Files\Microsoft\jdk-17.0.12.7-hotspot\bin;%FLUTTER_HOME%\bin;C:\Program Files\Microsoft\jdk-17.0.12.7-hotspot\bin\;C:\Windows\system32;C:\Windows;C:\Windows\System32\Wbem;C:\Windows\System32\WindowsPowerShell\v1.0\;C:\Windows\System32\OpenSSH\;C:\Users\Admin\AppData\Local\Microsoft\WindowsApps;C:\Users\Admin\AppData\Local\spicetify;C:\adb;C:\Program Files\dotnet\;C:\ProgramData\chocolatey\bin;C:\Program Files\GitHub CLI\;C:\ffmpeg\bin\;C:\Program Files (x86)\cloudflared\;C:\Program Files\Git\cmd;%ANDROID_HOME%\tools;%ANDROID_HOME%\tools\bin;%ANDROID_HOME%\platform-tools;C:\Users\Admin\miniconda3;C:\Users\Admin\miniconda3\Library\mingw-w64\bin;C:\Users\Admin\miniconda3\Library\usr\bin;C:\Users\Admin\miniconda3\Library\bin;C:\Users\Admin\miniconda3\Scripts;C:\Users\Admin\AppData\Local\Programs\Python\Python312\Scripts\;C:\Users\Admin\AppData\Local\Programs\Python\Python312\;C:\Users\Admin\AppData\Local\Microsoft\WinGet\Links;C
USERNAME=Admin
OS=Windows_NT
PROCESSOR_IDENTIFIER=AMD64 Family 23 Model 96 Stepping 1, AuthenticAMD
TMP=C:\Users\Admin\AppData\Local\Temp
TEMP=C:\Users\Admin\AppData\Local\Temp



Periodic native trim disabled


---------------  S Y S T E M  ---------------

OS:
 Windows 11 , 64 bit Build 22621 (10.0.22621.3958)
OS uptime: 0 days 6:23 hours
Hyper-V role detected

CPU: total 12 (initial active 12) (12 cores per cpu, 2 threads per core) family 23 model 96 stepping 1 microcode 0x0, cx8, cmov, fxsr, ht, mmx, 3dnowpref, sse, sse2, sse3, ssse3, sse4a, sse4.1, sse4.2, popcnt, lzcnt, tsc, tscinvbit, avx, avx2, aes, clmul, bmi1, bmi2, adx, sha, fma, vzeroupper, clflush, clflushopt, hv
Processor Information for all 12 processors :
  Max Mhz: 3701, Current Mhz: 3701, Mhz Limit: 3701

Memory: 4k page, system-wide physical 15761M (3531M free)
TotalPageFile size 19761M (AvailPageFile size 5M)
current process WorkingSet (physical memory assigned to process): 254M, peak: 254M
current process commit charge ("private bytes"): 338M, peak: 339M

vm_info: OpenJDK 64-Bit Server VM (17.0.12+7) for windows-amd64 JRE (17.0.12+7), built on Jul 16 2024 22:08:24 by "admin" with MS VC++ 16.10 / 16.11 (VS2019)

END.
