#
# There is insufficient memory for the Java Runtime Environment to continue.
# Native memory allocation (malloc) failed to allocate 896816 bytes. Error detail: Chunk::new
# Possible reasons:
#   The system is out of physical RAM or swap space
#   This process is running with CompressedOops enabled, and the Java Heap may be blocking the growth of the native heap
# Possible solutions:
#   Reduce memory load on the system
#   Increase physical memory or swap space
#   Check if swap backing store is full
#   Decrease Java heap size (-Xmx/-Xms)
#   Decrease number of Java threads
#   Decrease Java thread stack sizes (-Xss)
#   Set larger code cache with -XX:ReservedCodeCacheSize=
#   JVM is running with Zero Based Compressed Oops mode in which the Java heap is
#     placed in the first 32GB address space. The Java Heap base address is the
#     maximum limit for the native heap growth. Please use -XX:HeapBaseMinAddress
#     to set the Java Heap base and to place the Java Heap above 32GB virtual address.
# This output file may be truncated or incomplete.
#
#  Out of Memory Error (arena.cpp:191), pid=22024, tid=20532
#
# JRE version: OpenJDK Runtime Environment Microsoft-9889599 (17.0.12+7) (build 17.0.12+7-LTS)
# Java VM: OpenJDK 64-Bit Server VM Microsoft-9889599 (17.0.12+7-LTS, mixed mode, sharing, tiered, compressed oops, compressed class ptrs, g1 gc, windows-amd64)
# No core dump will be written. Minidumps are not enabled by default on client versions of Windows
#

---------------  S U M M A R Y ------------

Command Line: --add-opens=java.base/java.util=ALL-UNNAMED --add-opens=java.base/java.lang=ALL-UNNAMED --add-opens=java.base/java.lang.invoke=ALL-UNNAMED --add-opens=java.prefs/java.util.prefs=ALL-UNNAMED --add-opens=java.base/java.nio.charset=ALL-UNNAMED --add-opens=java.base/java.net=ALL-UNNAMED --add-opens=java.base/java.util.concurrent.atomic=ALL-UNNAMED -Xmx4G -Dfile.encoding=utf8 -Duser.country=US -Duser.language=en -Duser.variant org.gradle.launcher.daemon.bootstrap.GradleDaemon 7.6.3

Host: AMD Ryzen 5 4600G with Radeon Graphics, 12 cores, 15G,  Windows 11 , 64 bit Build 22621 (10.0.22621.3958)
Time: Fri Oct 18 10:24:35 2024 China Standard Time elapsed time: 17.965012 seconds (0d 0h 0m 17s)

---------------  T H R E A D  ---------------

Current thread (0x0000021ffc749e70):  JavaThread "C2 CompilerThread1" daemon [_thread_in_native, id=20532, stack(0x00000068ed000000,0x00000068ed100000)]


Current CompileTask:
C2:  17965 14590       4       java.lang.reflect.AccessibleObject::checkCanSetAccessible (368 bytes)

Stack: [0x00000068ed000000,0x00000068ed100000]
Native frames: (J=compiled Java code, j=interpreted, Vv=VM code, C=native code)
V  [jvm.dll+0x686d99]
V  [jvm.dll+0x83daf8]
V  [jvm.dll+0x83f5a3]
V  [jvm.dll+0x83fc13]
V  [jvm.dll+0x2492ef]
V  [jvm.dll+0xad0a4]
V  [jvm.dll+0xad73c]
V  [jvm.dll+0x36a3ff]
V  [jvm.dll+0x334b83]
V  [jvm.dll+0x33401a]
V  [jvm.dll+0x21a538]
V  [jvm.dll+0x21996f]
V  [jvm.dll+0x1a53e6]
V  [jvm.dll+0x229faa]
V  [jvm.dll+0x2280fb]
V  [jvm.dll+0x7f3508]
V  [jvm.dll+0x7ed87c]
V  [jvm.dll+0x685c77]
C  [ucrtbase.dll+0x29333]
C  [KERNEL32.DLL+0x1257d]
C  [ntdll.dll+0x5af08]


---------------  P R O C E S S  ---------------

Threads class SMR info:
_java_thread_list=0x0000021f810b54e0, length=49, elements={
0x0000021f8fbfb620, 0x0000021fb3136bc0, 0x0000021fb3137840, 0x0000021fb314fd50,
0x0000021fb3152a40, 0x0000021fb3154320, 0x0000021fb3154bf0, 0x0000021fb31558a0,
0x0000021fb3156260, 0x0000021fb3158b80, 0x0000021fb329d4f0, 0x0000021fb32a4a20,
0x0000021ffa31ed90, 0x0000021ff98c3000, 0x0000021ffa1b85c0, 0x0000021ffa39b550,
0x0000021ff994ea10, 0x0000021ffa01c430, 0x0000021ffa01aae0, 0x0000021ffa01aff0,
0x0000021ffa01c940, 0x0000021ffa01d360, 0x0000021ffa01d870, 0x0000021ffa01a0c0,
0x0000021ffa01b500, 0x0000021ffa94ba60, 0x0000021ffa94bf70, 0x0000021ffa94d3b0,
0x0000021ffa94e2e0, 0x0000021ffa94b040, 0x0000021ffd0e85a0, 0x0000021ffd0e7b80,
0x0000021ffd0e7670, 0x0000021ffd0e39b0, 0x0000021ffd0e2f90, 0x0000021ffd0e3ec0,
0x0000021ffd0e8090, 0x0000021ffd0e8fc0, 0x0000021ffd0e94d0, 0x0000021f80863e20,
0x0000021f80865c80, 0x0000021f80864330, 0x0000021ffb7740f0, 0x0000021ffa734b30,
0x0000021ffa735a60, 0x0000021ffa731890, 0x0000021ffa735040, 0x0000021ffa72e5f0,
0x0000021ffc749e70
}

Java Threads: ( => current thread )
  0x0000021f8fbfb620 JavaThread "main" [_thread_blocked, id=18048, stack(0x00000068eaf00000,0x00000068eb000000)]
  0x0000021fb3136bc0 JavaThread "Reference Handler" daemon [_thread_blocked, id=21748, stack(0x00000068eb600000,0x00000068eb700000)]
  0x0000021fb3137840 JavaThread "Finalizer" daemon [_thread_blocked, id=21468, stack(0x00000068eb700000,0x00000068eb800000)]
  0x0000021fb314fd50 JavaThread "Signal Dispatcher" daemon [_thread_blocked, id=19172, stack(0x00000068eb800000,0x00000068eb900000)]
  0x0000021fb3152a40 JavaThread "Attach Listener" daemon [_thread_blocked, id=14052, stack(0x00000068eb900000,0x00000068eba00000)]
  0x0000021fb3154320 JavaThread "Service Thread" daemon [_thread_blocked, id=19336, stack(0x00000068eba00000,0x00000068ebb00000)]
  0x0000021fb3154bf0 JavaThread "Monitor Deflation Thread" daemon [_thread_blocked, id=14720, stack(0x00000068ebb00000,0x00000068ebc00000)]
  0x0000021fb31558a0 JavaThread "C2 CompilerThread0" daemon [_thread_blocked, id=20444, stack(0x00000068ebc00000,0x00000068ebd00000)]
  0x0000021fb3156260 JavaThread "C1 CompilerThread0" daemon [_thread_blocked, id=16788, stack(0x00000068ebd00000,0x00000068ebe00000)]
  0x0000021fb3158b80 JavaThread "Sweeper thread" daemon [_thread_blocked, id=6320, stack(0x00000068ebe00000,0x00000068ebf00000)]
  0x0000021fb329d4f0 JavaThread "Common-Cleaner" daemon [_thread_blocked, id=19860, stack(0x00000068ebf00000,0x00000068ec000000)]
  0x0000021fb32a4a20 JavaThread "Notification Thread" daemon [_thread_blocked, id=4808, stack(0x00000068ec000000,0x00000068ec100000)]
  0x0000021ffa31ed90 JavaThread "Daemon health stats" [_thread_blocked, id=17620, stack(0x00000068ec800000,0x00000068ec900000)]
  0x0000021ff98c3000 JavaThread "Incoming local TCP Connector on port 57039" [_thread_in_native, id=5356, stack(0x00000068ec900000,0x00000068eca00000)]
  0x0000021ffa1b85c0 JavaThread "Daemon periodic checks" [_thread_blocked, id=11572, stack(0x00000068eca00000,0x00000068ecb00000)]
  0x0000021ffa39b550 JavaThread "Daemon" [_thread_blocked, id=15092, stack(0x00000068ecb00000,0x00000068ecc00000)]
  0x0000021ff994ea10 JavaThread "Daemon worker" [_thread_in_native, id=14092, stack(0x00000068ece00000,0x00000068ecf00000)]
  0x0000021ffa01c430 JavaThread "Cache worker for journal cache (C:\Users\Admin\.gradle\caches\journal-1)" [_thread_blocked, id=22304, stack(0x00000068ed200000,0x00000068ed300000)]
  0x0000021ffa01aae0 JavaThread "File lock request listener" [_thread_in_native, id=6272, stack(0x00000068ed300000,0x00000068ed400000)]
  0x0000021ffa01aff0 JavaThread "Cache worker for file hash cache (C:\Users\Admin\.gradle\caches\7.6.3\fileHashes)" [_thread_blocked, id=22396, stack(0x00000068ed400000,0x00000068ed500000)]
  0x0000021ffa01c940 JavaThread "File watcher server" daemon [_thread_in_native, id=20812, stack(0x00000068ed500000,0x00000068ed600000)]
  0x0000021ffa01d360 JavaThread "File watcher consumer" daemon [_thread_blocked, id=3300, stack(0x00000068ed600000,0x00000068ed700000)]
  0x0000021ffa01d870 JavaThread "jar transforms" [_thread_blocked, id=9204, stack(0x00000068ed700000,0x00000068ed800000)]
  0x0000021ffa01a0c0 JavaThread "jar transforms Thread 2" [_thread_blocked, id=12136, stack(0x00000068ed800000,0x00000068ed900000)]
  0x0000021ffa01b500 JavaThread "jar transforms Thread 3" [_thread_blocked, id=13932, stack(0x00000068ed900000,0x00000068eda00000)]
  0x0000021ffa94ba60 JavaThread "Cache worker for file content cache (C:\Users\Admin\.gradle\caches\7.6.3\fileContent)" [_thread_blocked, id=17692, stack(0x00000068ee200000,0x00000068ee300000)]
  0x0000021ffa94bf70 JavaThread "Cache worker for execution history cache (C:\Users\Admin\.gradle\caches\7.6.3\executionHistory)" [_thread_blocked, id=22324, stack(0x00000068ee500000,0x00000068ee600000)]
  0x0000021ffa94d3b0 JavaThread "jar transforms Thread 4" [_thread_blocked, id=21836, stack(0x00000068ee600000,0x00000068ee700000)]
  0x0000021ffa94e2e0 JavaThread "jar transforms Thread 5" [_thread_blocked, id=9052, stack(0x00000068ee700000,0x00000068ee800000)]
  0x0000021ffa94b040 JavaThread "jar transforms Thread 6" [_thread_blocked, id=20056, stack(0x00000068eea00000,0x00000068eeb00000)]
  0x0000021ffd0e85a0 JavaThread "jar transforms Thread 7" [_thread_blocked, id=18316, stack(0x00000068eeb00000,0x00000068eec00000)]
  0x0000021ffd0e7b80 JavaThread "jar transforms Thread 8" [_thread_blocked, id=18904, stack(0x00000068eec00000,0x00000068eed00000)]
  0x0000021ffd0e7670 JavaThread "jar transforms Thread 9" [_thread_blocked, id=14020, stack(0x00000068eed00000,0x00000068eee00000)]
  0x0000021ffd0e39b0 JavaThread "jar transforms Thread 10" [_thread_blocked, id=18128, stack(0x00000068eee00000,0x00000068eef00000)]
  0x0000021ffd0e2f90 JavaThread "Cache worker for kotlin-dsl (C:\Users\Admin\.gradle\caches\7.6.3\kotlin-dsl)" [_thread_blocked, id=1760, stack(0x00000068eef00000,0x00000068ef000000)]
  0x0000021ffd0e3ec0 JavaThread "jar transforms Thread 11" [_thread_blocked, id=7860, stack(0x00000068ef000000,0x00000068ef100000)]
  0x0000021ffd0e8090 JavaThread "jar transforms Thread 12" [_thread_blocked, id=3160, stack(0x00000068ef300000,0x00000068ef400000)]
  0x0000021ffd0e8fc0 JavaThread "Memory manager" [_thread_blocked, id=22236, stack(0x00000068ef400000,0x00000068ef500000)]
  0x0000021ffd0e94d0 JavaThread "included builds" [_thread_blocked, id=21960, stack(0x00000068ef500000,0x00000068ef600000)]
  0x0000021f80863e20 JavaThread "Exec process" [_thread_blocked, id=3880, stack(0x00000068f7c00000,0x00000068f7d00000)]
  0x0000021f80865c80 JavaThread "Exec process Thread 2" [_thread_blocked, id=19300, stack(0x00000068f7d00000,0x00000068f7e00000)]
  0x0000021f80864330 JavaThread "Exec process Thread 3" [_thread_blocked, id=15548, stack(0x00000068f7e00000,0x00000068f7f00000)]
  0x0000021ffb7740f0 JavaThread "included builds" [_thread_blocked, id=16732, stack(0x00000068ef200000,0x00000068ef300000)]
  0x0000021ffa734b30 JavaThread "Handler for socket connection from /127.0.0.1:57039 to /127.0.0.1:57057" [_thread_in_native, id=1728, stack(0x00000068ec200000,0x00000068ec300000)]
  0x0000021ffa735a60 JavaThread "Cancel handler" [_thread_blocked, id=22104, stack(0x00000068ec300000,0x00000068ec400000)]
  0x0000021ffa731890 JavaThread "Asynchronous log dispatcher for DefaultDaemonConnection: socket connection from /127.0.0.1:57039 to /127.0.0.1:57057" [_thread_blocked, id=19448, stack(0x00000068ecc00000,0x00000068ecd00000)]
  0x0000021ffa735040 JavaThread "Stdin handler" [_thread_blocked, id=2192, stack(0x00000068ecd00000,0x00000068ece00000)]
  0x0000021ffa72e5f0 JavaThread "Daemon client event forwarder" [_thread_blocked, id=1756, stack(0x00000068ecf00000,0x00000068ed000000)]
=>0x0000021ffc749e70 JavaThread "C2 CompilerThread1" daemon [_thread_in_native, id=20532, stack(0x00000068ed000000,0x00000068ed100000)]

Other Threads:
  0x0000021fb31320b0 VMThread "VM Thread" [stack: 0x00000068eb500000,0x00000068eb600000] [id=19508]
  0x0000021fb329b1c0 WatcherThread [stack: 0x00000068ec100000,0x00000068ec200000] [id=19772]
  0x0000021f8fc68f80 GCTaskThread "GC Thread#0" [stack: 0x00000068eb000000,0x00000068eb100000] [id=5632]
  0x0000021ff931d400 GCTaskThread "GC Thread#1" [stack: 0x00000068ec400000,0x00000068ec500000] [id=19360]
  0x0000021fb34d0310 GCTaskThread "GC Thread#2" [stack: 0x00000068ec500000,0x00000068ec600000] [id=20928]
  0x0000021fb34d56d0 GCTaskThread "GC Thread#3" [stack: 0x00000068ec600000,0x00000068ec700000] [id=14012]
  0x0000021fb3b6ffc0 GCTaskThread "GC Thread#4" [stack: 0x00000068ec700000,0x00000068ec800000] [id=16992]
  0x0000021ff9390100 GCTaskThread "GC Thread#5" [stack: 0x00000068eda00000,0x00000068edb00000] [id=20556]
  0x0000021ff93903c0 GCTaskThread "GC Thread#6" [stack: 0x00000068edb00000,0x00000068edc00000] [id=11740]
  0x0000021ff9390c00 GCTaskThread "GC Thread#7" [stack: 0x00000068edc00000,0x00000068edd00000] [id=20244]
  0x0000021ff938f080 GCTaskThread "GC Thread#8" [stack: 0x00000068edd00000,0x00000068ede00000] [id=22400]
  0x0000021ffcac1c00 GCTaskThread "GC Thread#9" [stack: 0x00000068ede00000,0x00000068edf00000] [id=22184]
  0x0000021f8fc79dd0 ConcurrentGCThread "G1 Main Marker" [stack: 0x00000068eb100000,0x00000068eb200000] [id=16860]
  0x0000021f8fc7a6f0 ConcurrentGCThread "G1 Conc#0" [stack: 0x00000068eb200000,0x00000068eb300000] [id=21840]
  0x0000021ffcabfb00 ConcurrentGCThread "G1 Conc#1" [stack: 0x00000068edf00000,0x00000068ee000000] [id=12416]
  0x0000021ffcabf2c0 ConcurrentGCThread "G1 Conc#2" [stack: 0x00000068ee000000,0x00000068ee100000] [id=16004]
  0x0000021fb2dbf980 ConcurrentGCThread "G1 Refine#0" [stack: 0x00000068eb300000,0x00000068eb400000] [id=14868]
  0x0000021ffc99eae0 ConcurrentGCThread "G1 Refine#1" [stack: 0x00000068ee900000,0x00000068eea00000] [id=8912]
  0x0000021fb2dc12c0 ConcurrentGCThread "G1 Service" [stack: 0x00000068eb400000,0x00000068eb500000] [id=12112]

Threads with active compile tasks:
C2 CompilerThread1    17976 14590       4       java.lang.reflect.AccessibleObject::checkCanSetAccessible (368 bytes)

VM state: not at safepoint (normal execution)

VM Mutex/Monitor currently owned by a thread: None

Heap address: 0x0000000700000000, size: 4096 MB, Compressed Oops mode: Zero based, Oop shift amount: 3

CDS archive(s) mapped at: [0x0000021fb4000000-0x0000021fb4bb0000-0x0000021fb4bb0000), size 12255232, SharedBaseAddress: 0x0000021fb4000000, ArchiveRelocationMode: 1.
Compressed class space mapped at: 0x0000021fb5000000-0x0000021ff5000000, reserved size: 1073741824
Narrow klass base: 0x0000021fb4000000, Narrow klass shift: 0, Narrow klass range: 0x100000000

GC Precious Log:
 CPUs: 12 total, 12 available
 Memory: 15761M
 Large Page Support: Disabled
 NUMA Support: Disabled
 Compressed Oops: Enabled (Zero based)
 Heap Region Size: 2M
 Heap Min Capacity: 8M
 Heap Initial Capacity: 248M
 Heap Max Capacity: 4G
 Pre-touch: Disabled
 Parallel Workers: 10
 Concurrent Workers: 3
 Concurrent Refinement Workers: 10
 Periodic GC: Disabled

Heap:
 garbage-first heap   total 415744K, used 290850K [0x0000000700000000, 0x0000000800000000)
  region size 2048K, 81 young (165888K), 3 survivors (6144K)
 Metaspace       used 92360K, committed 93568K, reserved 1179648K
  class space    used 12933K, committed 13504K, reserved 1048576K

Heap Regions: E=young(eden), S=young(survivor), O=old, HS=humongous(starts), HC=humongous(continues), CS=collection set, F=free, OA=open archive, CA=closed archive, TAMS=top-at-mark-start (previous, next)
|   0|0x0000000700000000, 0x0000000700200000, 0x0000000700200000|100%|HS|  |TAMS 0x0000000700200000, 0x0000000700000000| Complete 
|   1|0x0000000700200000, 0x0000000700400000, 0x0000000700400000|100%|HC|  |TAMS 0x0000000700400000, 0x0000000700200000| Complete 
|   2|0x0000000700400000, 0x0000000700600000, 0x0000000700600000|100%| O|  |TAMS 0x0000000700600000, 0x0000000700400000| Untracked 
|   3|0x0000000700600000, 0x0000000700800000, 0x0000000700800000|100%| O|  |TAMS 0x0000000700800000, 0x0000000700600000| Untracked 
|   4|0x0000000700800000, 0x00000007009e4a00, 0x0000000700a00000| 94%| O|  |TAMS 0x00000007009e4a00, 0x0000000700800000| Untracked 
|   5|0x0000000700a00000, 0x0000000700c00000, 0x0000000700c00000|100%| O|  |TAMS 0x0000000700c00000, 0x0000000700a00000| Untracked 
|   6|0x0000000700c00000, 0x0000000700e00000, 0x0000000700e00000|100%| O|  |TAMS 0x0000000700e00000, 0x0000000700c00000| Untracked 
|   7|0x0000000700e00000, 0x0000000701000000, 0x0000000701000000|100%| O|  |TAMS 0x0000000701000000, 0x0000000700e00000| Untracked 
|   8|0x0000000701000000, 0x0000000701200000, 0x0000000701200000|100%| O|  |TAMS 0x0000000701200000, 0x0000000701000000| Untracked 
|   9|0x0000000701200000, 0x0000000701400000, 0x0000000701400000|100%| O|  |TAMS 0x0000000701400000, 0x0000000701200000| Untracked 
|  10|0x0000000701400000, 0x0000000701600000, 0x0000000701600000|100%| O|  |TAMS 0x0000000701600000, 0x0000000701400000| Untracked 
|  11|0x0000000701600000, 0x0000000701800000, 0x0000000701800000|100%| O|  |TAMS 0x0000000701800000, 0x0000000701600000| Untracked 
|  12|0x0000000701800000, 0x0000000701a00000, 0x0000000701a00000|100%| O|  |TAMS 0x0000000701a00000, 0x0000000701800000| Untracked 
|  13|0x0000000701a00000, 0x0000000701c00000, 0x0000000701c00000|100%|HS|  |TAMS 0x0000000701c00000, 0x0000000701a00000| Complete 
|  14|0x0000000701c00000, 0x0000000701e00000, 0x0000000701e00000|100%|HC|  |TAMS 0x0000000701e00000, 0x0000000701c00000| Complete 
|  15|0x0000000701e00000, 0x0000000702000000, 0x0000000702000000|100%|HS|  |TAMS 0x0000000702000000, 0x0000000701e00000| Complete 
|  16|0x0000000702000000, 0x0000000702200000, 0x0000000702200000|100%| O|  |TAMS 0x0000000702200000, 0x0000000702000000| Untracked 
|  17|0x0000000702200000, 0x0000000702400000, 0x0000000702400000|100%| O|  |TAMS 0x0000000702400000, 0x0000000702200000| Untracked 
|  18|0x0000000702400000, 0x0000000702600000, 0x0000000702600000|100%| O|  |TAMS 0x0000000702600000, 0x0000000702400000| Untracked 
|  19|0x0000000702600000, 0x0000000702800000, 0x0000000702800000|100%| O|  |TAMS 0x0000000702800000, 0x0000000702600000| Untracked 
|  20|0x0000000702800000, 0x0000000702a00000, 0x0000000702a00000|100%| O|  |TAMS 0x0000000702a00000, 0x0000000702800000| Untracked 
|  21|0x0000000702a00000, 0x0000000702c00000, 0x0000000702c00000|100%| O|  |TAMS 0x0000000702c00000, 0x0000000702a00000| Complete 
|  22|0x0000000702c00000, 0x0000000702c00000, 0x0000000702e00000|  0%| F|  |TAMS 0x0000000702c00000, 0x0000000702c00000| Untracked 
|  23|0x0000000702e00000, 0x0000000703000000, 0x0000000703000000|100%| O|  |TAMS 0x0000000703000000, 0x0000000702e00000| Untracked 
|  24|0x0000000703000000, 0x0000000703200000, 0x0000000703200000|100%| O|  |TAMS 0x0000000703200000, 0x0000000703000000| Untracked 
|  25|0x0000000703200000, 0x0000000703400000, 0x0000000703400000|100%| O|  |TAMS 0x0000000703400000, 0x0000000703200000| Untracked 
|  26|0x0000000703400000, 0x0000000703600000, 0x0000000703600000|100%| O|  |TAMS 0x0000000703600000, 0x0000000703400000| Untracked 
|  27|0x0000000703600000, 0x0000000703800000, 0x0000000703800000|100%| O|  |TAMS 0x0000000703800000, 0x0000000703600000| Untracked 
|  28|0x0000000703800000, 0x0000000703a00000, 0x0000000703a00000|100%| O|  |TAMS 0x0000000703a00000, 0x0000000703800000| Untracked 
|  29|0x0000000703a00000, 0x0000000703c00000, 0x0000000703c00000|100%| O|  |TAMS 0x0000000703c00000, 0x0000000703a00000| Untracked 
|  30|0x0000000703c00000, 0x0000000703e00000, 0x0000000703e00000|100%| O|  |TAMS 0x0000000703e00000, 0x0000000703c00000| Untracked 
|  31|0x0000000703e00000, 0x0000000704000000, 0x0000000704000000|100%| O|  |TAMS 0x0000000704000000, 0x0000000703e00000| Untracked 
|  32|0x0000000704000000, 0x0000000704200000, 0x0000000704200000|100%| O|  |TAMS 0x0000000704200000, 0x0000000704000000| Untracked 
|  33|0x0000000704200000, 0x0000000704400000, 0x0000000704400000|100%| O|  |TAMS 0x0000000704400000, 0x0000000704200000| Untracked 
|  34|0x0000000704400000, 0x0000000704600000, 0x0000000704600000|100%| O|  |TAMS 0x0000000704600000, 0x0000000704400000| Untracked 
|  35|0x0000000704600000, 0x0000000704800000, 0x0000000704800000|100%| O|  |TAMS 0x0000000704800000, 0x0000000704600000| Untracked 
|  36|0x0000000704800000, 0x0000000704a00000, 0x0000000704a00000|100%| O|  |TAMS 0x0000000704a00000, 0x0000000704800000| Untracked 
|  37|0x0000000704a00000, 0x0000000704c00000, 0x0000000704c00000|100%| O|  |TAMS 0x0000000704c00000, 0x0000000704a00000| Untracked 
|  38|0x0000000704c00000, 0x0000000704e00000, 0x0000000704e00000|100%| O|  |TAMS 0x0000000704e00000, 0x0000000704c00000| Untracked 
|  39|0x0000000704e00000, 0x0000000705000000, 0x0000000705000000|100%| O|  |TAMS 0x0000000705000000, 0x0000000704e00000| Untracked 
|  40|0x0000000705000000, 0x0000000705200000, 0x0000000705200000|100%| O|  |TAMS 0x0000000705200000, 0x0000000705000000| Untracked 
|  41|0x0000000705200000, 0x0000000705400000, 0x0000000705400000|100%| O|  |TAMS 0x0000000705400000, 0x0000000705200000| Untracked 
|  42|0x0000000705400000, 0x0000000705600000, 0x0000000705600000|100%| O|  |TAMS 0x0000000705600000, 0x0000000705400000| Untracked 
|  43|0x0000000705600000, 0x0000000705800000, 0x0000000705800000|100%| O|  |TAMS 0x0000000705800000, 0x0000000705600000| Untracked 
|  44|0x0000000705800000, 0x0000000705a00000, 0x0000000705a00000|100%| O|  |TAMS 0x0000000705a00000, 0x0000000705800000| Untracked 
|  45|0x0000000705a00000, 0x0000000705c00000, 0x0000000705c00000|100%| O|  |TAMS 0x0000000705c00000, 0x0000000705a00000| Untracked 
|  46|0x0000000705c00000, 0x0000000705e00000, 0x0000000705e00000|100%| O|  |TAMS 0x0000000705e00000, 0x0000000705c00000| Untracked 
|  47|0x0000000705e00000, 0x0000000706000000, 0x0000000706000000|100%| O|  |TAMS 0x0000000706000000, 0x0000000705e00000| Untracked 
|  48|0x0000000706000000, 0x0000000706200000, 0x0000000706200000|100%| O|  |TAMS 0x0000000706200000, 0x0000000706000000| Untracked 
|  49|0x0000000706200000, 0x0000000706400000, 0x0000000706400000|100%| O|  |TAMS 0x0000000706400000, 0x0000000706200000| Untracked 
|  50|0x0000000706400000, 0x0000000706600000, 0x0000000706600000|100%| O|  |TAMS 0x0000000706600000, 0x0000000706400000| Untracked 
|  51|0x0000000706600000, 0x0000000706800000, 0x0000000706800000|100%| O|  |TAMS 0x0000000706800000, 0x0000000706600000| Untracked 
|  52|0x0000000706800000, 0x0000000706a00000, 0x0000000706a00000|100%| O|  |TAMS 0x0000000706a00000, 0x0000000706800000| Untracked 
|  53|0x0000000706a00000, 0x0000000706c00000, 0x0000000706c00000|100%| O|  |TAMS 0x0000000706c00000, 0x0000000706a00000| Untracked 
|  54|0x0000000706c00000, 0x0000000706e00000, 0x0000000706e00000|100%| O|  |TAMS 0x0000000706e00000, 0x0000000706c00000| Untracked 
|  55|0x0000000706e00000, 0x0000000707000000, 0x0000000707000000|100%| O|  |TAMS 0x0000000707000000, 0x0000000706e00000| Untracked 
|  56|0x0000000707000000, 0x00000007070d1400, 0x0000000707200000| 40%| O|  |TAMS 0x00000007070d1400, 0x0000000707000000| Untracked 
|  57|0x0000000707200000, 0x0000000707200000, 0x0000000707400000|  0%| F|  |TAMS 0x0000000707200000, 0x0000000707200000| Untracked 
|  58|0x0000000707400000, 0x0000000707400000, 0x0000000707600000|  0%| F|  |TAMS 0x0000000707400000, 0x0000000707400000| Untracked 
|  59|0x0000000707600000, 0x0000000707600000, 0x0000000707800000|  0%| F|  |TAMS 0x0000000707600000, 0x0000000707600000| Untracked 
|  60|0x0000000707800000, 0x0000000707800000, 0x0000000707a00000|  0%| F|  |TAMS 0x0000000707800000, 0x0000000707800000| Untracked 
|  61|0x0000000707a00000, 0x0000000707a00000, 0x0000000707c00000|  0%| F|  |TAMS 0x0000000707a00000, 0x0000000707a00000| Untracked 
|  62|0x0000000707c00000, 0x0000000707c00000, 0x0000000707e00000|  0%| F|  |TAMS 0x0000000707c00000, 0x0000000707c00000| Untracked 
|  63|0x0000000707e00000, 0x0000000707e00000, 0x0000000708000000|  0%| F|  |TAMS 0x0000000707e00000, 0x0000000707e00000| Untracked 
|  64|0x0000000708000000, 0x0000000708000000, 0x0000000708200000|  0%| F|  |TAMS 0x0000000708000000, 0x0000000708000000| Untracked 
|  65|0x0000000708200000, 0x0000000708200000, 0x0000000708400000|  0%| F|  |TAMS 0x0000000708200000, 0x0000000708200000| Untracked 
|  66|0x0000000708400000, 0x0000000708400000, 0x0000000708600000|  0%| F|  |TAMS 0x0000000708400000, 0x0000000708400000| Untracked 
|  67|0x0000000708600000, 0x0000000708600000, 0x0000000708800000|  0%| F|  |TAMS 0x0000000708600000, 0x0000000708600000| Untracked 
|  68|0x0000000708800000, 0x0000000708800000, 0x0000000708a00000|  0%| F|  |TAMS 0x0000000708800000, 0x0000000708800000| Untracked 
|  69|0x0000000708a00000, 0x0000000708a00000, 0x0000000708c00000|  0%| F|  |TAMS 0x0000000708a00000, 0x0000000708a00000| Untracked 
|  70|0x0000000708c00000, 0x0000000708c00000, 0x0000000708e00000|  0%| F|  |TAMS 0x0000000708c00000, 0x0000000708c00000| Untracked 
|  71|0x0000000708e00000, 0x0000000708e00000, 0x0000000709000000|  0%| F|  |TAMS 0x0000000708e00000, 0x0000000708e00000| Untracked 
|  72|0x0000000709000000, 0x0000000709000000, 0x0000000709200000|  0%| F|  |TAMS 0x0000000709000000, 0x0000000709000000| Untracked 
|  73|0x0000000709200000, 0x0000000709352c60, 0x0000000709400000| 66%| S|CS|TAMS 0x0000000709200000, 0x0000000709200000| Complete 
|  74|0x0000000709400000, 0x0000000709600000, 0x0000000709600000|100%| S|CS|TAMS 0x0000000709400000, 0x0000000709400000| Complete 
|  75|0x0000000709600000, 0x0000000709800000, 0x0000000709800000|100%| S|CS|TAMS 0x0000000709600000, 0x0000000709600000| Complete 
|  76|0x0000000709800000, 0x0000000709800000, 0x0000000709a00000|  0%| F|  |TAMS 0x0000000709800000, 0x0000000709800000| Untracked 
|  77|0x0000000709a00000, 0x0000000709a00000, 0x0000000709c00000|  0%| F|  |TAMS 0x0000000709a00000, 0x0000000709a00000| Untracked 
|  78|0x0000000709c00000, 0x0000000709c00000, 0x0000000709e00000|  0%| F|  |TAMS 0x0000000709c00000, 0x0000000709c00000| Untracked 
|  79|0x0000000709e00000, 0x0000000709e00000, 0x000000070a000000|  0%| F|  |TAMS 0x0000000709e00000, 0x0000000709e00000| Untracked 
|  80|0x000000070a000000, 0x000000070a000000, 0x000000070a200000|  0%| F|  |TAMS 0x000000070a000000, 0x000000070a000000| Untracked 
|  81|0x000000070a200000, 0x000000070a200000, 0x000000070a400000|  0%| F|  |TAMS 0x000000070a200000, 0x000000070a200000| Untracked 
|  82|0x000000070a400000, 0x000000070a400000, 0x000000070a600000|  0%| F|  |TAMS 0x000000070a400000, 0x000000070a400000| Untracked 
|  83|0x000000070a600000, 0x000000070a600000, 0x000000070a800000|  0%| F|  |TAMS 0x000000070a600000, 0x000000070a600000| Untracked 
|  84|0x000000070a800000, 0x000000070a800000, 0x000000070aa00000|  0%| F|  |TAMS 0x000000070a800000, 0x000000070a800000| Untracked 
|  85|0x000000070aa00000, 0x000000070aa00000, 0x000000070ac00000|  0%| F|  |TAMS 0x000000070aa00000, 0x000000070aa00000| Untracked 
|  86|0x000000070ac00000, 0x000000070ac00000, 0x000000070ae00000|  0%| F|  |TAMS 0x000000070ac00000, 0x000000070ac00000| Untracked 
|  87|0x000000070ae00000, 0x000000070ae00000, 0x000000070b000000|  0%| F|  |TAMS 0x000000070ae00000, 0x000000070ae00000| Untracked 
|  88|0x000000070b000000, 0x000000070b000000, 0x000000070b200000|  0%| F|  |TAMS 0x000000070b000000, 0x000000070b000000| Untracked 
|  89|0x000000070b200000, 0x000000070b200000, 0x000000070b400000|  0%| F|  |TAMS 0x000000070b200000, 0x000000070b200000| Untracked 
|  90|0x000000070b400000, 0x000000070b400000, 0x000000070b600000|  0%| F|  |TAMS 0x000000070b400000, 0x000000070b400000| Untracked 
|  91|0x000000070b600000, 0x000000070b600000, 0x000000070b800000|  0%| F|  |TAMS 0x000000070b600000, 0x000000070b600000| Untracked 
|  92|0x000000070b800000, 0x000000070b800000, 0x000000070ba00000|  0%| F|  |TAMS 0x000000070b800000, 0x000000070b800000| Untracked 
|  93|0x000000070ba00000, 0x000000070ba00000, 0x000000070bc00000|  0%| F|  |TAMS 0x000000070ba00000, 0x000000070ba00000| Untracked 
|  94|0x000000070bc00000, 0x000000070bc00000, 0x000000070be00000|  0%| F|  |TAMS 0x000000070bc00000, 0x000000070bc00000| Untracked 
|  95|0x000000070be00000, 0x000000070be00000, 0x000000070c000000|  0%| F|  |TAMS 0x000000070be00000, 0x000000070be00000| Untracked 
|  96|0x000000070c000000, 0x000000070c000000, 0x000000070c200000|  0%| F|  |TAMS 0x000000070c000000, 0x000000070c000000| Untracked 
|  97|0x000000070c200000, 0x000000070c200000, 0x000000070c400000|  0%| F|  |TAMS 0x000000070c200000, 0x000000070c200000| Untracked 
|  98|0x000000070c400000, 0x000000070c400000, 0x000000070c600000|  0%| F|  |TAMS 0x000000070c400000, 0x000000070c400000| Untracked 
|  99|0x000000070c600000, 0x000000070c600000, 0x000000070c800000|  0%| F|  |TAMS 0x000000070c600000, 0x000000070c600000| Untracked 
| 100|0x000000070c800000, 0x000000070c800000, 0x000000070ca00000|  0%| F|  |TAMS 0x000000070c800000, 0x000000070c800000| Untracked 
| 101|0x000000070ca00000, 0x000000070ca00000, 0x000000070cc00000|  0%| F|  |TAMS 0x000000070ca00000, 0x000000070ca00000| Untracked 
| 102|0x000000070cc00000, 0x000000070cc00000, 0x000000070ce00000|  0%| F|  |TAMS 0x000000070cc00000, 0x000000070cc00000| Untracked 
| 103|0x000000070ce00000, 0x000000070ce00000, 0x000000070d000000|  0%| F|  |TAMS 0x000000070ce00000, 0x000000070ce00000| Untracked 
| 104|0x000000070d000000, 0x000000070d000000, 0x000000070d200000|  0%| F|  |TAMS 0x000000070d000000, 0x000000070d000000| Untracked 
| 105|0x000000070d200000, 0x000000070d200000, 0x000000070d400000|  0%| F|  |TAMS 0x000000070d200000, 0x000000070d200000| Untracked 
| 106|0x000000070d400000, 0x000000070d400000, 0x000000070d600000|  0%| F|  |TAMS 0x000000070d400000, 0x000000070d400000| Untracked 
| 107|0x000000070d600000, 0x000000070d600000, 0x000000070d800000|  0%| F|  |TAMS 0x000000070d600000, 0x000000070d600000| Untracked 
| 108|0x000000070d800000, 0x000000070d800000, 0x000000070da00000|  0%| F|  |TAMS 0x000000070d800000, 0x000000070d800000| Untracked 
| 109|0x000000070da00000, 0x000000070da00000, 0x000000070dc00000|  0%| F|  |TAMS 0x000000070da00000, 0x000000070da00000| Untracked 
| 110|0x000000070dc00000, 0x000000070dc00000, 0x000000070de00000|  0%| F|  |TAMS 0x000000070dc00000, 0x000000070dc00000| Untracked 
| 111|0x000000070de00000, 0x000000070de00000, 0x000000070e000000|  0%| F|  |TAMS 0x000000070de00000, 0x000000070de00000| Untracked 
| 112|0x000000070e000000, 0x000000070e000000, 0x000000070e200000|  0%| F|  |TAMS 0x000000070e000000, 0x000000070e000000| Untracked 
| 113|0x000000070e200000, 0x000000070e200000, 0x000000070e400000|  0%| F|  |TAMS 0x000000070e200000, 0x000000070e200000| Untracked 
| 114|0x000000070e400000, 0x000000070e400000, 0x000000070e600000|  0%| F|  |TAMS 0x000000070e400000, 0x000000070e400000| Untracked 
| 115|0x000000070e600000, 0x000000070e600000, 0x000000070e800000|  0%| F|  |TAMS 0x000000070e600000, 0x000000070e600000| Untracked 
| 116|0x000000070e800000, 0x000000070e800000, 0x000000070ea00000|  0%| F|  |TAMS 0x000000070e800000, 0x000000070e800000| Untracked 
| 117|0x000000070ea00000, 0x000000070ebfc650, 0x000000070ec00000| 99%| E|  |TAMS 0x000000070ea00000, 0x000000070ea00000| Complete 
| 118|0x000000070ec00000, 0x000000070ee00000, 0x000000070ee00000|100%| E|CS|TAMS 0x000000070ec00000, 0x000000070ec00000| Complete 
| 119|0x000000070ee00000, 0x000000070f000000, 0x000000070f000000|100%| E|CS|TAMS 0x000000070ee00000, 0x000000070ee00000| Complete 
| 120|0x000000070f000000, 0x000000070f200000, 0x000000070f200000|100%| E|CS|TAMS 0x000000070f000000, 0x000000070f000000| Complete 
| 121|0x000000070f200000, 0x000000070f400000, 0x000000070f400000|100%| E|CS|TAMS 0x000000070f200000, 0x000000070f200000| Complete 
| 122|0x000000070f400000, 0x000000070f600000, 0x000000070f600000|100%| E|CS|TAMS 0x000000070f400000, 0x000000070f400000| Complete 
| 123|0x000000070f600000, 0x000000070f800000, 0x000000070f800000|100%| E|CS|TAMS 0x000000070f600000, 0x000000070f600000| Complete 
| 124|0x000000070f800000, 0x000000070fa00000, 0x000000070fa00000|100%| E|CS|TAMS 0x000000070f800000, 0x000000070f800000| Complete 
| 125|0x000000070fa00000, 0x000000070fc00000, 0x000000070fc00000|100%| E|CS|TAMS 0x000000070fa00000, 0x000000070fa00000| Complete 
| 126|0x000000070fc00000, 0x000000070fe00000, 0x000000070fe00000|100%| E|CS|TAMS 0x000000070fc00000, 0x000000070fc00000| Complete 
| 127|0x000000070fe00000, 0x0000000710000000, 0x0000000710000000|100%| E|CS|TAMS 0x000000070fe00000, 0x000000070fe00000| Complete 
| 128|0x0000000710000000, 0x0000000710200000, 0x0000000710200000|100%| E|CS|TAMS 0x0000000710000000, 0x0000000710000000| Complete 
| 129|0x0000000710200000, 0x0000000710400000, 0x0000000710400000|100%| E|CS|TAMS 0x0000000710200000, 0x0000000710200000| Complete 
| 130|0x0000000710400000, 0x0000000710600000, 0x0000000710600000|100%| E|CS|TAMS 0x0000000710400000, 0x0000000710400000| Complete 
| 131|0x0000000710600000, 0x0000000710800000, 0x0000000710800000|100%| E|CS|TAMS 0x0000000710600000, 0x0000000710600000| Complete 
| 132|0x0000000710800000, 0x0000000710a00000, 0x0000000710a00000|100%| E|CS|TAMS 0x0000000710800000, 0x0000000710800000| Complete 
| 133|0x0000000710a00000, 0x0000000710c00000, 0x0000000710c00000|100%| E|CS|TAMS 0x0000000710a00000, 0x0000000710a00000| Complete 
| 134|0x0000000710c00000, 0x0000000710e00000, 0x0000000710e00000|100%| E|CS|TAMS 0x0000000710c00000, 0x0000000710c00000| Complete 
| 135|0x0000000710e00000, 0x0000000711000000, 0x0000000711000000|100%| E|CS|TAMS 0x0000000710e00000, 0x0000000710e00000| Complete 
| 136|0x0000000711000000, 0x0000000711200000, 0x0000000711200000|100%| E|CS|TAMS 0x0000000711000000, 0x0000000711000000| Complete 
| 137|0x0000000711200000, 0x0000000711400000, 0x0000000711400000|100%| E|CS|TAMS 0x0000000711200000, 0x0000000711200000| Complete 
| 138|0x0000000711400000, 0x0000000711600000, 0x0000000711600000|100%| E|CS|TAMS 0x0000000711400000, 0x0000000711400000| Complete 
| 139|0x0000000711600000, 0x0000000711800000, 0x0000000711800000|100%| E|CS|TAMS 0x0000000711600000, 0x0000000711600000| Complete 
| 140|0x0000000711800000, 0x0000000711a00000, 0x0000000711a00000|100%| E|CS|TAMS 0x0000000711800000, 0x0000000711800000| Complete 
| 141|0x0000000711a00000, 0x0000000711c00000, 0x0000000711c00000|100%| E|CS|TAMS 0x0000000711a00000, 0x0000000711a00000| Complete 
| 142|0x0000000711c00000, 0x0000000711e00000, 0x0000000711e00000|100%| E|CS|TAMS 0x0000000711c00000, 0x0000000711c00000| Complete 
| 143|0x0000000711e00000, 0x0000000712000000, 0x0000000712000000|100%| E|CS|TAMS 0x0000000711e00000, 0x0000000711e00000| Complete 
| 144|0x0000000712000000, 0x0000000712200000, 0x0000000712200000|100%| E|CS|TAMS 0x0000000712000000, 0x0000000712000000| Complete 
| 145|0x0000000712200000, 0x0000000712400000, 0x0000000712400000|100%| E|CS|TAMS 0x0000000712200000, 0x0000000712200000| Complete 
| 146|0x0000000712400000, 0x0000000712600000, 0x0000000712600000|100%| E|CS|TAMS 0x0000000712400000, 0x0000000712400000| Complete 
| 147|0x0000000712600000, 0x0000000712800000, 0x0000000712800000|100%| E|CS|TAMS 0x0000000712600000, 0x0000000712600000| Complete 
| 148|0x0000000712800000, 0x0000000712a00000, 0x0000000712a00000|100%| E|CS|TAMS 0x0000000712800000, 0x0000000712800000| Complete 
| 149|0x0000000712a00000, 0x0000000712c00000, 0x0000000712c00000|100%| E|CS|TAMS 0x0000000712a00000, 0x0000000712a00000| Complete 
| 150|0x0000000712c00000, 0x0000000712e00000, 0x0000000712e00000|100%| E|CS|TAMS 0x0000000712c00000, 0x0000000712c00000| Complete 
| 151|0x0000000712e00000, 0x0000000713000000, 0x0000000713000000|100%| E|CS|TAMS 0x0000000712e00000, 0x0000000712e00000| Complete 
| 152|0x0000000713000000, 0x0000000713200000, 0x0000000713200000|100%| E|CS|TAMS 0x0000000713000000, 0x0000000713000000| Complete 
| 153|0x0000000713200000, 0x0000000713400000, 0x0000000713400000|100%| E|CS|TAMS 0x0000000713200000, 0x0000000713200000| Complete 
| 154|0x0000000713400000, 0x0000000713600000, 0x0000000713600000|100%| E|CS|TAMS 0x0000000713400000, 0x0000000713400000| Complete 
| 155|0x0000000713600000, 0x0000000713800000, 0x0000000713800000|100%| E|CS|TAMS 0x0000000713600000, 0x0000000713600000| Complete 
| 156|0x0000000713800000, 0x0000000713a00000, 0x0000000713a00000|100%| E|CS|TAMS 0x0000000713800000, 0x0000000713800000| Complete 
| 157|0x0000000713a00000, 0x0000000713c00000, 0x0000000713c00000|100%| E|CS|TAMS 0x0000000713a00000, 0x0000000713a00000| Complete 
| 158|0x0000000713c00000, 0x0000000713e00000, 0x0000000713e00000|100%| E|CS|TAMS 0x0000000713c00000, 0x0000000713c00000| Complete 
| 159|0x0000000713e00000, 0x0000000714000000, 0x0000000714000000|100%| E|CS|TAMS 0x0000000713e00000, 0x0000000713e00000| Complete 
| 160|0x0000000714000000, 0x0000000714200000, 0x0000000714200000|100%| E|CS|TAMS 0x0000000714000000, 0x0000000714000000| Complete 
| 161|0x0000000714200000, 0x0000000714400000, 0x0000000714400000|100%| E|CS|TAMS 0x0000000714200000, 0x0000000714200000| Complete 
| 162|0x0000000714400000, 0x0000000714600000, 0x0000000714600000|100%| E|CS|TAMS 0x0000000714400000, 0x0000000714400000| Complete 
| 163|0x0000000714600000, 0x0000000714800000, 0x0000000714800000|100%| E|CS|TAMS 0x0000000714600000, 0x0000000714600000| Complete 
| 164|0x0000000714800000, 0x0000000714a00000, 0x0000000714a00000|100%| E|CS|TAMS 0x0000000714800000, 0x0000000714800000| Complete 
| 165|0x0000000714a00000, 0x0000000714c00000, 0x0000000714c00000|100%| E|CS|TAMS 0x0000000714a00000, 0x0000000714a00000| Complete 
| 166|0x0000000714c00000, 0x0000000714e00000, 0x0000000714e00000|100%| E|CS|TAMS 0x0000000714c00000, 0x0000000714c00000| Complete 
| 167|0x0000000714e00000, 0x0000000715000000, 0x0000000715000000|100%| E|CS|TAMS 0x0000000714e00000, 0x0000000714e00000| Complete 
| 168|0x0000000715000000, 0x0000000715200000, 0x0000000715200000|100%| E|CS|TAMS 0x0000000715000000, 0x0000000715000000| Complete 
| 169|0x0000000715200000, 0x0000000715400000, 0x0000000715400000|100%| E|CS|TAMS 0x0000000715200000, 0x0000000715200000| Complete 
| 170|0x0000000715400000, 0x0000000715600000, 0x0000000715600000|100%| E|CS|TAMS 0x0000000715400000, 0x0000000715400000| Complete 
| 171|0x0000000715600000, 0x0000000715800000, 0x0000000715800000|100%| E|CS|TAMS 0x0000000715600000, 0x0000000715600000| Complete 
| 172|0x0000000715800000, 0x0000000715a00000, 0x0000000715a00000|100%| E|CS|TAMS 0x0000000715800000, 0x0000000715800000| Complete 
| 173|0x0000000715a00000, 0x0000000715c00000, 0x0000000715c00000|100%| E|CS|TAMS 0x0000000715a00000, 0x0000000715a00000| Complete 
| 174|0x0000000715c00000, 0x0000000715e00000, 0x0000000715e00000|100%| E|CS|TAMS 0x0000000715c00000, 0x0000000715c00000| Complete 
| 175|0x0000000715e00000, 0x0000000716000000, 0x0000000716000000|100%| E|CS|TAMS 0x0000000715e00000, 0x0000000715e00000| Complete 
| 176|0x0000000716000000, 0x0000000716200000, 0x0000000716200000|100%| E|CS|TAMS 0x0000000716000000, 0x0000000716000000| Complete 
| 177|0x0000000716200000, 0x0000000716400000, 0x0000000716400000|100%| E|CS|TAMS 0x0000000716200000, 0x0000000716200000| Complete 
| 178|0x0000000716400000, 0x0000000716600000, 0x0000000716600000|100%| E|  |TAMS 0x0000000716400000, 0x0000000716400000| Complete 
| 179|0x0000000716600000, 0x0000000716800000, 0x0000000716800000|100%| E|CS|TAMS 0x0000000716600000, 0x0000000716600000| Complete 
| 180|0x0000000716800000, 0x0000000716a00000, 0x0000000716a00000|100%| E|CS|TAMS 0x0000000716800000, 0x0000000716800000| Complete 
| 181|0x0000000716a00000, 0x0000000716c00000, 0x0000000716c00000|100%| E|CS|TAMS 0x0000000716a00000, 0x0000000716a00000| Complete 
| 182|0x0000000716c00000, 0x0000000716e00000, 0x0000000716e00000|100%| E|CS|TAMS 0x0000000716c00000, 0x0000000716c00000| Complete 
| 183|0x0000000716e00000, 0x0000000717000000, 0x0000000717000000|100%| E|CS|TAMS 0x0000000716e00000, 0x0000000716e00000| Complete 
| 184|0x0000000717000000, 0x0000000717200000, 0x0000000717200000|100%| E|CS|TAMS 0x0000000717000000, 0x0000000717000000| Complete 
| 185|0x0000000717200000, 0x0000000717400000, 0x0000000717400000|100%| E|CS|TAMS 0x0000000717200000, 0x0000000717200000| Complete 
| 186|0x0000000717400000, 0x0000000717600000, 0x0000000717600000|100%| E|CS|TAMS 0x0000000717400000, 0x0000000717400000| Complete 
| 187|0x0000000717600000, 0x0000000717800000, 0x0000000717800000|100%| E|CS|TAMS 0x0000000717600000, 0x0000000717600000| Complete 
| 188|0x0000000717800000, 0x0000000717a00000, 0x0000000717a00000|100%| E|CS|TAMS 0x0000000717800000, 0x0000000717800000| Complete 
| 189|0x0000000717a00000, 0x0000000717c00000, 0x0000000717c00000|100%| E|CS|TAMS 0x0000000717a00000, 0x0000000717a00000| Complete 
| 190|0x0000000717c00000, 0x0000000717e00000, 0x0000000717e00000|100%| E|CS|TAMS 0x0000000717c00000, 0x0000000717c00000| Complete 
| 191|0x0000000717e00000, 0x0000000718000000, 0x0000000718000000|100%| E|CS|TAMS 0x0000000717e00000, 0x0000000717e00000| Complete 
| 192|0x0000000718000000, 0x0000000718200000, 0x0000000718200000|100%| E|CS|TAMS 0x0000000718000000, 0x0000000718000000| Complete 
| 193|0x0000000718200000, 0x0000000718400000, 0x0000000718400000|100%| E|CS|TAMS 0x0000000718200000, 0x0000000718200000| Complete 
| 194|0x0000000718400000, 0x0000000718600000, 0x0000000718600000|100%| E|CS|TAMS 0x0000000718400000, 0x0000000718400000| Complete 
|2040|0x00000007ff000000, 0x00000007ff200000, 0x00000007ff200000|100%| O|  |TAMS 0x00000007ff200000, 0x00000007ff000000| Untracked 
|2041|0x00000007ff200000, 0x00000007ff400000, 0x00000007ff400000|100%| O|  |TAMS 0x00000007ff400000, 0x00000007ff200000| Untracked 
|2042|0x00000007ff400000, 0x00000007ff600000, 0x00000007ff600000|100%| O|  |TAMS 0x00000007ff600000, 0x00000007ff400000| Untracked 
|2043|0x00000007ff600000, 0x00000007ff800000, 0x00000007ff800000|100%| O|  |TAMS 0x00000007ff800000, 0x00000007ff600000| Untracked 
|2044|0x00000007ff800000, 0x00000007ffa00000, 0x00000007ffa00000|100%| O|  |TAMS 0x00000007ffa00000, 0x00000007ff800000| Untracked 
|2045|0x00000007ffa00000, 0x00000007ffc00000, 0x00000007ffc00000|100%| O|  |TAMS 0x00000007ffc00000, 0x00000007ffa00000| Untracked 
|2046|0x00000007ffc00000, 0x00000007ffe00000, 0x00000007ffe00000|100%| O|  |TAMS 0x00000007ffe00000, 0x00000007ffc00000| Untracked 
|2047|0x00000007ffe00000, 0x0000000800000000, 0x0000000800000000|100%| O|  |TAMS 0x0000000800000000, 0x00000007ffe00000| Untracked 

Card table byte_map: [0x0000021fa7470000,0x0000021fa7c70000] _byte_map_base: 0x0000021fa3c70000

Marking Bits (Prev, Next): (CMBitMap*) 0x0000021f8fc694e0, (CMBitMap*) 0x0000021f8fc694a0
 Prev Bits: [0x0000021fac470000, 0x0000021fb0470000)
 Next Bits: [0x0000021fa8470000, 0x0000021fac470000)

Polling page: 0x0000021f8f3a0000

Metaspace:

Usage:
  Non-class:     77.57 MB used.
      Class:     12.63 MB used.
       Both:     90.20 MB used.

Virtual space:
  Non-class space:      128.00 MB reserved,      78.19 MB ( 61%) committed,  2 nodes.
      Class space:        1.00 GB reserved,      13.19 MB (  1%) committed,  1 nodes.
             Both:        1.12 GB reserved,      91.38 MB (  8%) committed. 

Chunk freelists:
   Non-Class:  1.79 MB
       Class:  2.66 MB
        Both:  4.45 MB

MaxMetaspaceSize: unlimited
CompressedClassSpaceSize: 1.00 GB
Initial GC threshold: 21.00 MB
Current GC threshold: 151.19 MB
CDS: on
MetaspaceReclaimPolicy: balanced
 - commit_granule_bytes: 65536.
 - commit_granule_words: 8192.
 - virtual_space_node_default_size: 8388608.
 - enlarge_chunks_in_place: 1.
 - new_chunks_are_fully_committed: 0.
 - uncommit_free_chunks: 1.
 - use_allocation_guard: 0.
 - handle_deallocations: 1.


Internal statistics:

num_allocs_failed_limit: 9.
num_arena_births: 1460.
num_arena_deaths: 0.
num_vsnodes_births: 3.
num_vsnodes_deaths: 0.
num_space_committed: 1462.
num_space_uncommitted: 0.
num_chunks_returned_to_freelist: 9.
num_chunks_taken_from_freelist: 5662.
num_chunk_merges: 9.
num_chunk_splits: 3573.
num_chunks_enlarged: 2155.
num_inconsistent_stats: 0.

CodeHeap 'non-profiled nmethods': size=120000Kb used=9036Kb max_used=9036Kb free=110963Kb
 bounds [0x0000021f9f1e0000, 0x0000021f9fac0000, 0x0000021fa6710000]
CodeHeap 'profiled nmethods': size=120000Kb used=24320Kb max_used=24320Kb free=95680Kb
 bounds [0x0000021f97710000, 0x0000021f98ee0000, 0x0000021f9ec40000]
CodeHeap 'non-nmethods': size=5760Kb used=2413Kb max_used=2496Kb free=3346Kb
 bounds [0x0000021f9ec40000, 0x0000021f9eec0000, 0x0000021f9f1e0000]
 total_blobs=13362 nmethods=12413 adapters=860
 compilation: enabled
              stopped_count=0, restarted_count=0
 full_count=0

Compilation events (20 events):
Event: 17.854 Thread 0x0000021fb3156260 14595       3       java.util.concurrent.locks.ReentrantLock::newCondition (8 bytes)
Event: 17.854 Thread 0x0000021fb3156260 nmethod 14595 0x0000021f98ecd110 code [0x0000021f98ecd2c0, 0x0000021f98ecd5b8]
Event: 17.854 Thread 0x0000021fb3156260 14596       3       java.util.concurrent.locks.ReentrantLock$Sync::newCondition (9 bytes)
Event: 17.854 Thread 0x0000021fb3156260 nmethod 14596 0x0000021f98ecd710 code [0x0000021f98ecd8c0, 0x0000021f98ecdb58]
Event: 17.854 Thread 0x0000021fb3156260 14597       3       java.util.concurrent.locks.AbstractQueuedSynchronizer$ConditionObject::<init> (10 bytes)
Event: 17.854 Thread 0x0000021fb3156260 nmethod 14597 0x0000021f98ecdc90 code [0x0000021f98ecde20, 0x0000021f98ecdff8]
Event: 17.856 Thread 0x0000021fb3156260 14600       3       org.gradle.internal.operations.DefaultBuildOperationListenerManager$ProgressShieldingBuildOperationListener::progress (25 bytes)
Event: 17.856 Thread 0x0000021fb3156260 nmethod 14600 0x0000021f98ece090 code [0x0000021f98ece240, 0x0000021f98ece558]
Event: 17.858 Thread 0x0000021fb3156260 14601       1       org.gradle.internal.service.DefaultServiceRegistry$CollectionService::get (5 bytes)
Event: 17.859 Thread 0x0000021fb3156260 nmethod 14601 0x0000021f9faaba90 code [0x0000021f9faabc20, 0x0000021f9faabcf8]
Event: 17.859 Thread 0x0000021fb3156260 14602       3       org.gradle.internal.event.DefaultListenerManager$EventBroadcast::<init> (135 bytes)
Event: 17.859 Thread 0x0000021ffc749e70 14599       4       org.gradle.internal.service.DefaultServiceRegistry$OwnServices::collectProvidersForClassHierarchy (95 bytes)
Event: 17.861 Thread 0x0000021fb3156260 nmethod 14602 0x0000021f98ece690 code [0x0000021f98ecea00, 0x0000021f98ed0198]
Event: 17.861 Thread 0x0000021fb31558a0 nmethod 14579% 0x0000021f9faabd90 code [0x0000021f9faabf40, 0x0000021f9faac978]
Event: 17.861 Thread 0x0000021fb31558a0 14598       4       org.gradle.internal.service.DefaultServiceRegistry$OwnServices::add (117 bytes)
Event: 17.887 Thread 0x0000021ffc749e70 nmethod 14599 0x0000021f9faacd90 code [0x0000021f9faacfa0, 0x0000021f9faadcb8]
Event: 17.888 Thread 0x0000021ffc749e70 14603       4       java.util.ArrayList::addAll (76 bytes)
Event: 17.894 Thread 0x0000021ffc749e70 nmethod 14603 0x0000021f9faae410 code [0x0000021f9faae5a0, 0x0000021f9faaee18]
Event: 17.894 Thread 0x0000021ffc749e70 14590       4       java.lang.reflect.AccessibleObject::checkCanSetAccessible (368 bytes)
Event: 17.964 Thread 0x0000021fb31558a0 nmethod 14598 0x0000021f9faaf110 code [0x0000021f9faaf440, 0x0000021f9fab1bb0]

GC Heap History (20 events):
Event: 11.784 GC heap before
{Heap before GC invocations=29 (full 0):
 garbage-first heap   total 190464K, used 150524K [0x0000000700000000, 0x0000000800000000)
  region size 2048K, 35 young (71680K), 3 survivors (6144K)
 Metaspace       used 80447K, committed 81408K, reserved 1179648K
  class space    used 11320K, committed 11776K, reserved 1048576K
}
Event: 11.790 GC heap after
{Heap after GC invocations=30 (full 0):
 garbage-first heap   total 190464K, used 90983K [0x0000000700000000, 0x0000000800000000)
  region size 2048K, 5 young (10240K), 5 survivors (10240K)
 Metaspace       used 80447K, committed 81408K, reserved 1179648K
  class space    used 11320K, committed 11776K, reserved 1048576K
}
Event: 12.279 GC heap before
{Heap before GC invocations=30 (full 0):
 garbage-first heap   total 190464K, used 150375K [0x0000000700000000, 0x0000000800000000)
  region size 2048K, 34 young (69632K), 5 survivors (10240K)
 Metaspace       used 82177K, committed 83136K, reserved 1179648K
  class space    used 11530K, committed 11968K, reserved 1048576K
}
Event: 12.285 GC heap after
{Heap after GC invocations=31 (full 0):
 garbage-first heap   total 190464K, used 101110K [0x0000000700000000, 0x0000000800000000)
  region size 2048K, 5 young (10240K), 5 survivors (10240K)
 Metaspace       used 82177K, committed 83136K, reserved 1179648K
  class space    used 11530K, committed 11968K, reserved 1048576K
}
Event: 12.719 GC heap before
{Heap before GC invocations=31 (full 0):
 garbage-first heap   total 190464K, used 148214K [0x0000000700000000, 0x0000000800000000)
  region size 2048K, 29 young (59392K), 5 survivors (10240K)
 Metaspace       used 83145K, committed 84160K, reserved 1179648K
  class space    used 11696K, committed 12160K, reserved 1048576K
}
Event: 12.726 GC heap after
{Heap after GC invocations=32 (full 0):
 garbage-first heap   total 190464K, used 106475K [0x0000000700000000, 0x0000000800000000)
  region size 2048K, 3 young (6144K), 3 survivors (6144K)
 Metaspace       used 83145K, committed 84160K, reserved 1179648K
  class space    used 11696K, committed 12160K, reserved 1048576K
}
Event: 13.124 GC heap before
{Heap before GC invocations=33 (full 0):
 garbage-first heap   total 192512K, used 151531K [0x0000000700000000, 0x0000000800000000)
  region size 2048K, 25 young (51200K), 3 survivors (6144K)
 Metaspace       used 84027K, committed 85056K, reserved 1179648K
  class space    used 11818K, committed 12288K, reserved 1048576K
}
Event: 13.129 GC heap after
{Heap after GC invocations=34 (full 0):
 garbage-first heap   total 192512K, used 113287K [0x0000000700000000, 0x0000000800000000)
  region size 2048K, 4 young (8192K), 4 survivors (8192K)
 Metaspace       used 84027K, committed 85056K, reserved 1179648K
  class space    used 11818K, committed 12288K, reserved 1048576K
}
Event: 13.696 GC heap before
{Heap before GC invocations=34 (full 0):
 garbage-first heap   total 192512K, used 152199K [0x0000000700000000, 0x0000000800000000)
  region size 2048K, 23 young (47104K), 4 survivors (8192K)
 Metaspace       used 86270K, committed 87296K, reserved 1179648K
  class space    used 12143K, committed 12608K, reserved 1048576K
}
Event: 13.701 GC heap after
{Heap after GC invocations=35 (full 0):
 garbage-first heap   total 192512K, used 116474K [0x0000000700000000, 0x0000000800000000)
  region size 2048K, 2 young (4096K), 2 survivors (4096K)
 Metaspace       used 86270K, committed 87296K, reserved 1179648K
  class space    used 12143K, committed 12608K, reserved 1048576K
}
Event: 14.316 GC heap before
{Heap before GC invocations=36 (full 0):
 garbage-first heap   total 204800K, used 155386K [0x0000000700000000, 0x0000000800000000)
  region size 2048K, 21 young (43008K), 2 survivors (4096K)
 Metaspace       used 88464K, committed 89536K, reserved 1179648K
  class space    used 12447K, committed 12928K, reserved 1048576K
}
Event: 14.319 GC heap after
{Heap after GC invocations=37 (full 0):
 garbage-first heap   total 204800K, used 119167K [0x0000000700000000, 0x0000000800000000)
  region size 2048K, 3 young (6144K), 3 survivors (6144K)
 Metaspace       used 88464K, committed 89536K, reserved 1179648K
  class space    used 12447K, committed 12928K, reserved 1048576K
}
Event: 14.907 GC heap before
{Heap before GC invocations=37 (full 0):
 garbage-first heap   total 204800K, used 166271K [0x0000000700000000, 0x0000000800000000)
  region size 2048K, 26 young (53248K), 3 survivors (6144K)
 Metaspace       used 90263K, committed 91392K, reserved 1179648K
  class space    used 12709K, committed 13248K, reserved 1048576K
}
Event: 14.912 GC heap after
{Heap after GC invocations=38 (full 0):
 garbage-first heap   total 204800K, used 123730K [0x0000000700000000, 0x0000000800000000)
  region size 2048K, 4 young (8192K), 4 survivors (8192K)
 Metaspace       used 90263K, committed 91392K, reserved 1179648K
  class space    used 12709K, committed 13248K, reserved 1048576K
}
Event: 15.309 GC heap before
{Heap before GC invocations=39 (full 0):
 garbage-first heap   total 223232K, used 166738K [0x0000000700000000, 0x0000000800000000)
  region size 2048K, 25 young (51200K), 4 survivors (8192K)
 Metaspace       used 90648K, committed 91776K, reserved 1179648K
  class space    used 12753K, committed 13312K, reserved 1048576K
}
Event: 15.316 GC heap after
{Heap after GC invocations=40 (full 0):
 garbage-first heap   total 223232K, used 131488K [0x0000000700000000, 0x0000000800000000)
  region size 2048K, 4 young (8192K), 4 survivors (8192K)
 Metaspace       used 90648K, committed 91776K, reserved 1179648K
  class space    used 12753K, committed 13312K, reserved 1048576K
}
Event: 15.328 GC heap before
{Heap before GC invocations=40 (full 0):
 garbage-first heap   total 223232K, used 133536K [0x0000000700000000, 0x0000000800000000)
  region size 2048K, 5 young (10240K), 4 survivors (8192K)
 Metaspace       used 90653K, committed 91776K, reserved 1179648K
  class space    used 12753K, committed 13312K, reserved 1048576K
}
Event: 15.331 GC heap after
{Heap after GC invocations=41 (full 0):
 garbage-first heap   total 223232K, used 131380K [0x0000000700000000, 0x0000000800000000)
  region size 2048K, 1 young (2048K), 1 survivors (2048K)
 Metaspace       used 90653K, committed 91776K, reserved 1179648K
  class space    used 12753K, committed 13312K, reserved 1048576K
}
Event: 16.237 GC heap before
{Heap before GC invocations=41 (full 0):
 garbage-first heap   total 223232K, used 178484K [0x0000000700000000, 0x0000000800000000)
  region size 2048K, 25 young (51200K), 1 survivors (2048K)
 Metaspace       used 91739K, committed 92864K, reserved 1179648K
  class space    used 12903K, committed 13440K, reserved 1048576K
}
Event: 16.242 GC heap after
{Heap after GC invocations=42 (full 0):
 garbage-first heap   total 415744K, used 135202K [0x0000000700000000, 0x0000000800000000)
  region size 2048K, 3 young (6144K), 3 survivors (6144K)
 Metaspace       used 91739K, committed 92864K, reserved 1179648K
  class space    used 12903K, committed 13440K, reserved 1048576K
}

Dll operation events (13 events):
Event: 0.006 Loaded shared library C:\Program Files\Microsoft\jdk-17.0.12.7-hotspot\bin\java.dll
Event: 0.021 Loaded shared library C:\Program Files\Microsoft\jdk-17.0.12.7-hotspot\bin\jsvml.dll
Event: 0.057 Loaded shared library C:\Program Files\Microsoft\jdk-17.0.12.7-hotspot\bin\net.dll
Event: 0.059 Loaded shared library C:\Program Files\Microsoft\jdk-17.0.12.7-hotspot\bin\nio.dll
Event: 0.063 Loaded shared library C:\Program Files\Microsoft\jdk-17.0.12.7-hotspot\bin\zip.dll
Event: 0.268 Loaded shared library C:\Program Files\Microsoft\jdk-17.0.12.7-hotspot\bin\jimage.dll
Event: 0.332 Loaded shared library C:\Program Files\Microsoft\jdk-17.0.12.7-hotspot\bin\verify.dll
Event: 0.471 Loaded shared library C:\Users\Admin\.gradle\native\c067742578af261105cb4f569cf0c3c89f3d7b1fecec35dd04571415982c5e48\windows-amd64\native-platform.dll
Event: 0.475 Loaded shared library C:\Users\Admin\.gradle\native\38dada09dfb8b06ba9b0570ebf7e218e3eb74d4ef43ca46872605cf95ebc2f47\windows-amd64\native-platform-file-events.dll
Event: 1.163 Loaded shared library C:\Program Files\Microsoft\jdk-17.0.12.7-hotspot\bin\management.dll
Event: 1.166 Loaded shared library C:\Program Files\Microsoft\jdk-17.0.12.7-hotspot\bin\management_ext.dll
Event: 1.335 Loaded shared library C:\Program Files\Microsoft\jdk-17.0.12.7-hotspot\bin\extnet.dll
Event: 1.480 Loaded shared library C:\Program Files\Microsoft\jdk-17.0.12.7-hotspot\bin\sunmscapi.dll

Deoptimization events (20 events):
Event: 17.412 Thread 0x0000021ff994ea10 Uncommon trap: trap_request=0xffffffde fr.pc=0x0000021f9f1fb4a8 relative=0x0000000000000b28
Event: 17.412 Thread 0x0000021ff994ea10 Uncommon trap: reason=class_check action=maybe_recompile pc=0x0000021f9f1fb4a8 method=java.util.Hashtable.put(Ljava/lang/Object;Ljava/lang/Object;)Ljava/lang/Object; @ 60 c2
Event: 17.412 Thread 0x0000021ff994ea10 DEOPT PACKING pc=0x0000021f9f1fb4a8 sp=0x00000068ecefaaf0
Event: 17.412 Thread 0x0000021ff994ea10 DEOPT UNPACKING pc=0x0000021f9ec969a3 sp=0x00000068ecefaab0 mode 2
Event: 17.412 Thread 0x0000021ff994ea10 Uncommon trap: trap_request=0xffffffde fr.pc=0x0000021f9f1fb4a8 relative=0x0000000000000b28
Event: 17.412 Thread 0x0000021ff994ea10 Uncommon trap: reason=class_check action=maybe_recompile pc=0x0000021f9f1fb4a8 method=java.util.Hashtable.put(Ljava/lang/Object;Ljava/lang/Object;)Ljava/lang/Object; @ 60 c2
Event: 17.412 Thread 0x0000021ff994ea10 DEOPT PACKING pc=0x0000021f9f1fb4a8 sp=0x00000068ecefaaf0
Event: 17.412 Thread 0x0000021ff994ea10 DEOPT UNPACKING pc=0x0000021f9ec969a3 sp=0x00000068ecefaab0 mode 2
Event: 17.472 Thread 0x0000021ffb76ff20 Uncommon trap: trap_request=0xffffff45 fr.pc=0x0000021f9f86332c relative=0x000000000000036c
Event: 17.472 Thread 0x0000021ffb76ff20 Uncommon trap: reason=unstable_if action=reinterpret pc=0x0000021f9f86332c method=com.esotericsoftware.kryo.io.Input.require(I)I @ 180 c2
Event: 17.472 Thread 0x0000021ffb76ff20 DEOPT PACKING pc=0x0000021f9f86332c sp=0x00000068ec2fedd0
Event: 17.472 Thread 0x0000021ffb76ff20 DEOPT UNPACKING pc=0x0000021f9ec969a3 sp=0x00000068ec2fecf8 mode 2
Event: 17.854 Thread 0x0000021ff994ea10 Uncommon trap: trap_request=0xffffff5c fr.pc=0x0000021f9fa25858 relative=0x0000000000001978
Event: 17.854 Thread 0x0000021ff994ea10 Uncommon trap: reason=speculate_null_check action=make_not_entrant pc=0x0000021f9fa25858 method=java.util.concurrent.locks.AbstractQueuedSynchronizer.enqueue(Ljava/util/concurrent/locks/AbstractQueuedSynchronizer$Node;)V @ 15 c2
Event: 17.854 Thread 0x0000021ff994ea10 DEOPT PACKING pc=0x0000021f9fa25858 sp=0x00000068ecefda00
Event: 17.854 Thread 0x0000021ff994ea10 DEOPT UNPACKING pc=0x0000021f9ec969a3 sp=0x00000068ecefd810 mode 2
Event: 17.854 Thread 0x0000021ff994ea10 Uncommon trap: trap_request=0xffffff45 fr.pc=0x0000021f9f5ae3f0 relative=0x0000000000006a30
Event: 17.854 Thread 0x0000021ff994ea10 Uncommon trap: reason=unstable_if action=reinterpret pc=0x0000021f9f5ae3f0 method=org.gradle.internal.logging.sink.OutputEventTransformer.onOutput(Lorg/gradle/internal/logging/events/OutputEvent;)V @ 84 c2
Event: 17.854 Thread 0x0000021ff994ea10 DEOPT PACKING pc=0x0000021f9f5ae3f0 sp=0x00000068ecefda70
Event: 17.854 Thread 0x0000021ff994ea10 DEOPT UNPACKING pc=0x0000021f9ec969a3 sp=0x00000068ecefda68 mode 2

Classes loaded (20 events):
Event: 15.410 Loading class java/lang/ProcessHandleImpl
Event: 15.411 Loading class java/lang/ProcessHandleImpl done
Event: 15.412 Loading class java/lang/ProcessImpl$2
Event: 15.412 Loading class java/lang/ProcessImpl$2 done
Event: 15.412 Loading class java/lang/Process$PipeInputStream
Event: 15.412 Loading class java/lang/Process$PipeInputStream done
Event: 15.414 Loading class jdk/internal/event/ProcessStartEvent
Event: 15.414 Loading class jdk/internal/event/ProcessStartEvent done
Event: 15.509 Loading class java/lang/Throwable$WrappedPrintWriter
Event: 15.509 Loading class java/lang/Throwable$PrintStreamOrWriter
Event: 15.509 Loading class java/lang/Throwable$PrintStreamOrWriter done
Event: 15.509 Loading class java/lang/Throwable$WrappedPrintWriter done
Event: 15.519 Loading class java/util/logging/LogRecord
Event: 15.519 Loading class java/util/logging/LogRecord done
Event: 15.522 Loading class java/lang/Math$RandomNumberGeneratorHolder
Event: 15.522 Loading class java/lang/Math$RandomNumberGeneratorHolder done
Event: 15.601 Loading class java/util/Collections$EmptyListIterator
Event: 15.601 Loading class java/util/Collections$EmptyListIterator done
Event: 15.644 Loading class java/util/Locale$1
Event: 15.644 Loading class java/util/Locale$1 done

Classes unloaded (0 events):
No events

Classes redefined (0 events):
No events

Internal exceptions (20 events):
Event: 15.807 Thread 0x0000021ff994ea10 Implicit null exception at 0x0000021f9f6f601f to 0x0000021f9f6f8cb8
Event: 15.852 Thread 0x0000021ff994ea10 Exception <a 'java/lang/ClassNotFoundException'{0x000000070b0b5ef8}: init_vmk8o8fh3juqg1dgk6stp14bBeanInfo> (0x000000070b0b5ef8) 
thrown [s\src\hotspot\share\classfile\systemDictionary.cpp, line 256]
Event: 15.852 Thread 0x0000021ff994ea10 Exception <a 'java/lang/ClassNotFoundException'{0x000000070b0bba10}: init_vmk8o8fh3juqg1dgk6stp14bCustomizer> (0x000000070b0bba10) 
thrown [s\src\hotspot\share\classfile\systemDictionary.cpp, line 256]
Event: 16.047 Thread 0x0000021ff994ea10 Exception <a 'java/lang/ClassNotFoundException'{0x000000070a04dd10}: GradleAnnotationProcessorPatchPluginBeanInfo> (0x000000070a04dd10) 
thrown [s\src\hotspot\share\classfile\systemDictionary.cpp, line 256]
Event: 16.048 Thread 0x0000021ff994ea10 Exception <a 'java/lang/ClassNotFoundException'{0x000000070a05af30}: GradleAnnotationProcessorPatchPluginCustomizer> (0x000000070a05af30) 
thrown [s\src\hotspot\share\classfile\systemDictionary.cpp, line 256]
Event: 16.051 Thread 0x0000021ff994ea10 Exception <a 'java/lang/ClassNotFoundException'{0x000000070a08b7e0}: GradleAnnotationProcessorPatchPlugin$AnnotationProcessorModelBuilderBeanInfo> (0x000000070a08b7e0) 
thrown [s\src\hotspot\share\classfile\systemDictionary.cpp, line 256]
Event: 16.052 Thread 0x0000021ff994ea10 Exception <a 'java/lang/ClassNotFoundException'{0x000000070a098b40}: GradleAnnotationProcessorPatchPlugin$AnnotationProcessorModelBuilderCustomizer> (0x000000070a098b40) 
thrown [s\src\hotspot\share\classfile\systemDictionary.cpp, line 256]
Event: 16.058 Thread 0x0000021ff994ea10 Exception <a 'java/lang/ClassNotFoundException'{0x000000070a10eee0}: org/gradle/tooling/provider/model/internal/DefaultToolingModelBuilderRegistryBeanInfo> (0x000000070a10eee0) 
thrown [s\src\hotspot\share\classfile\systemDictionary.cpp, line 256]
Event: 16.059 Thread 0x0000021ff994ea10 Exception <a 'java/lang/ClassNotFoundException'{0x000000070a128d38}: org/gradle/tooling/provider/model/internal/DefaultToolingModelBuilderRegistryCustomizer> (0x000000070a128d38) 
thrown [s\src\hotspot\share\classfile\systemDictionary.cpp, line 256]
Event: 16.069 Thread 0x0000021ff994ea10 Implicit null exception at 0x0000021f9f833e14 to 0x0000021f9f834200
Event: 16.450 Thread 0x0000021ff994ea10 Implicit null exception at 0x0000021f9f9a4c95 to 0x0000021f9f9a5294
Event: 16.451 Thread 0x0000021ff994ea10 Implicit null exception at 0x0000021f9f9a29ed to 0x0000021f9f9a2d64
Event: 16.451 Thread 0x0000021ff994ea10 Implicit null exception at 0x0000021f9f98d63e to 0x0000021f9f98d8dc
Event: 16.482 Thread 0x0000021ff994ea10 Exception <a 'sun/nio/fs/WindowsException'{0x00000007167f19d8}> (0x00000007167f19d8) 
thrown [s\src\hotspot\share\prims\jni.cpp, line 516]
Event: 16.529 Thread 0x0000021ff994ea10 Implicit null exception at 0x0000021f9f8fbc01 to 0x0000021f9f8fbd9c
Event: 17.403 Thread 0x0000021ff994ea10 Exception <a 'java/lang/ClassNotFoundException'{0x000000070f1dfbe8}: org/gradle/util/GradleVersionBeanInfo> (0x000000070f1dfbe8) 
thrown [s\src\hotspot\share\classfile\systemDictionary.cpp, line 256]
Event: 17.403 Thread 0x0000021ff994ea10 Exception <a 'java/lang/ClassNotFoundException'{0x000000070f1e6b60}: org/gradle/util/GradleVersionCustomizer> (0x000000070f1e6b60) 
thrown [s\src\hotspot\share\classfile\systemDictionary.cpp, line 256]
Event: 17.405 Thread 0x0000021ff994ea10 Exception <a 'java/lang/ClassNotFoundException'{0x000000070ee0cd10}: org/gradle/util/internal/DefaultGradleVersionBeanInfo> (0x000000070ee0cd10) 
thrown [s\src\hotspot\share\classfile\systemDictionary.cpp, line 256]
Event: 17.405 Thread 0x0000021ff994ea10 Exception <a 'java/lang/ClassNotFoundException'{0x000000070ee14758}: org/gradle/util/internal/DefaultGradleVersionCustomizer> (0x000000070ee14758) 
thrown [s\src\hotspot\share\classfile\systemDictionary.cpp, line 256]
Event: 17.854 Thread 0x0000021ff994ea10 Implicit null exception at 0x0000021f9f5a7a38 to 0x0000021f9f5ae3dc

VM Operations (20 events):
Event: 15.568 Executing VM operation: HandshakeAllThreads
Event: 15.568 Executing VM operation: HandshakeAllThreads done
Event: 15.588 Executing VM operation: HandshakeAllThreads
Event: 15.589 Executing VM operation: HandshakeAllThreads done
Event: 15.801 Executing VM operation: ICBufferFull
Event: 15.802 Executing VM operation: ICBufferFull done
Event: 16.044 Executing VM operation: ICBufferFull
Event: 16.045 Executing VM operation: ICBufferFull done
Event: 16.182 Executing VM operation: ICBufferFull
Event: 16.182 Executing VM operation: ICBufferFull done
Event: 16.237 Executing VM operation: G1CollectForAllocation
Event: 16.242 Executing VM operation: G1CollectForAllocation done
Event: 16.324 Executing VM operation: G1PauseRemark
Event: 16.329 Executing VM operation: G1PauseRemark done
Event: 16.361 Executing VM operation: G1PauseCleanup
Event: 16.361 Executing VM operation: G1PauseCleanup done
Event: 16.730 Executing VM operation: ICBufferFull
Event: 16.730 Executing VM operation: ICBufferFull done
Event: 17.185 Executing VM operation: ICBufferFull
Event: 17.185 Executing VM operation: ICBufferFull done

Events (20 events):
Event: 17.438 Thread 0x0000021ffb8906b0 Thread exited: 0x0000021ffb8906b0
Event: 17.438 Thread 0x0000021ffb897100 Thread exited: 0x0000021ffb897100
Event: 17.438 Thread 0x0000021ffd0e4df0 Thread exited: 0x0000021ffd0e4df0
Event: 17.438 Thread 0x0000021fb33f3360 Thread exited: 0x0000021fb33f3360
Event: 17.438 Thread 0x0000021ffb8957b0 Thread exited: 0x0000021ffb8957b0
Event: 17.438 Thread 0x0000021ffc0351f0 Thread exited: 0x0000021ffc0351f0
Event: 17.438 Thread 0x0000021ffc0342c0 Thread exited: 0x0000021ffc0342c0
Event: 17.450 Thread 0x0000021ffb7727a0 Thread exited: 0x0000021ffb7727a0
Event: 17.451 Thread 0x0000021ffb771870 Thread exited: 0x0000021ffb771870
Event: 17.466 Thread 0x0000021ffb775020 Thread exited: 0x0000021ffb775020
Event: 17.471 Thread 0x0000021ffb7736d0 Thread exited: 0x0000021ffb7736d0
Event: 17.473 Thread 0x0000021ffb76ff20 Thread exited: 0x0000021ffb76ff20
Event: 17.834 Thread 0x0000021ffc745eb0 Thread exited: 0x0000021ffc745eb0
Event: 17.834 Thread 0x0000021ffc74be50 Thread exited: 0x0000021ffc74be50
Event: 17.836 Thread 0x0000021ffa734b30 Thread added: 0x0000021ffa734b30
Event: 17.842 Thread 0x0000021ffa735a60 Thread added: 0x0000021ffa735a60
Event: 17.851 Thread 0x0000021ffa731890 Thread added: 0x0000021ffa731890
Event: 17.852 Thread 0x0000021ffa735040 Thread added: 0x0000021ffa735040
Event: 17.853 Thread 0x0000021ffa72e5f0 Thread added: 0x0000021ffa72e5f0
Event: 17.859 Thread 0x0000021ffc749e70 Thread added: 0x0000021ffc749e70


Dynamic libraries:
0x00007ff7e0340000 - 0x00007ff7e034e000 	C:\Program Files\Microsoft\jdk-17.0.12.7-hotspot\bin\java.exe
0x00007ff988a30000 - 0x00007ff988c47000 	C:\Windows\SYSTEM32\ntdll.dll
0x00007ff987ec0000 - 0x00007ff987f84000 	C:\Windows\System32\KERNEL32.DLL
0x00007ff985f60000 - 0x00007ff986317000 	C:\Windows\System32\KERNELBASE.dll
0x00007ff9865a0000 - 0x00007ff9866b1000 	C:\Windows\System32\ucrtbase.dll
0x00007ff925f70000 - 0x00007ff925f87000 	C:\Program Files\Microsoft\jdk-17.0.12.7-hotspot\bin\jli.dll
0x00007ff926030000 - 0x00007ff92604d000 	C:\Program Files\Microsoft\jdk-17.0.12.7-hotspot\bin\VCRUNTIME140.dll
0x00007ff9880a0000 - 0x00007ff98824f000 	C:\Windows\System32\USER32.dll
0x00007ff9866c0000 - 0x00007ff9866e6000 	C:\Windows\System32\win32u.dll
0x00007ff969090000 - 0x00007ff969323000 	C:\Windows\WinSxS\amd64_microsoft.windows.common-controls_6595b64144ccf1df_6.0.22621.3672_none_2713b9d173822955\COMCTL32.dll
0x00007ff986760000 - 0x00007ff986789000 	C:\Windows\System32\GDI32.dll
0x00007ff987fd0000 - 0x00007ff988077000 	C:\Windows\System32\msvcrt.dll
0x00007ff986480000 - 0x00007ff986598000 	C:\Windows\System32\gdi32full.dll
0x00007ff986320000 - 0x00007ff9863ba000 	C:\Windows\System32\msvcp_win.dll
0x00007ff987f90000 - 0x00007ff987fc1000 	C:\Windows\System32\IMM32.DLL
0x00007ff92e0a0000 - 0x00007ff92e0ac000 	C:\Program Files\Microsoft\jdk-17.0.12.7-hotspot\bin\vcruntime140_1.dll
0x00007ff923cb0000 - 0x00007ff923d3d000 	C:\Program Files\Microsoft\jdk-17.0.12.7-hotspot\bin\msvcp140.dll
0x00007ff91d570000 - 0x00007ff91e1e0000 	C:\Program Files\Microsoft\jdk-17.0.12.7-hotspot\bin\server\jvm.dll
0x00007ff988360000 - 0x00007ff988412000 	C:\Windows\System32\ADVAPI32.dll
0x00007ff988250000 - 0x00007ff9882f8000 	C:\Windows\System32\sechost.dll
0x00007ff985d40000 - 0x00007ff985d68000 	C:\Windows\System32\bcrypt.dll
0x00007ff986ef0000 - 0x00007ff987004000 	C:\Windows\System32\RPCRT4.dll
0x00007ff986ce0000 - 0x00007ff986d51000 	C:\Windows\System32\WS2_32.dll
0x00007ff985c10000 - 0x00007ff985c5d000 	C:\Windows\SYSTEM32\POWRPROF.dll
0x00007ff97e5c0000 - 0x00007ff97e5f4000 	C:\Windows\SYSTEM32\WINMM.dll
0x00007ff97a180000 - 0x00007ff97a18a000 	C:\Windows\SYSTEM32\VERSION.dll
0x00007ff985bf0000 - 0x00007ff985c03000 	C:\Windows\SYSTEM32\UMPDC.dll
0x00007ff984d50000 - 0x00007ff984d68000 	C:\Windows\SYSTEM32\kernel.appcore.dll
0x00007ff927a30000 - 0x00007ff927a3a000 	C:\Program Files\Microsoft\jdk-17.0.12.7-hotspot\bin\jimage.dll
0x00007ff9793b0000 - 0x00007ff9795e2000 	C:\Windows\SYSTEM32\DBGHELP.DLL
0x00007ff986920000 - 0x00007ff986cae000 	C:\Windows\System32\combase.dll
0x00007ff988480000 - 0x00007ff988557000 	C:\Windows\System32\OLEAUT32.dll
0x00007ff971560000 - 0x00007ff971592000 	C:\Windows\SYSTEM32\dbgcore.DLL
0x00007ff985d70000 - 0x00007ff985deb000 	C:\Windows\System32\bcryptPrimitives.dll
0x00007ff925ea0000 - 0x00007ff925ec5000 	C:\Program Files\Microsoft\jdk-17.0.12.7-hotspot\bin\java.dll
0x00007ff923bd0000 - 0x00007ff923ca7000 	C:\Program Files\Microsoft\jdk-17.0.12.7-hotspot\bin\jsvml.dll
0x00007ff987010000 - 0x00007ff987879000 	C:\Windows\System32\SHELL32.dll
0x00007ff983c60000 - 0x00007ff98455f000 	C:\Windows\SYSTEM32\windows.storage.dll
0x00007ff983b20000 - 0x00007ff983c5f000 	C:\Windows\SYSTEM32\wintypes.dll
0x00007ff986820000 - 0x00007ff986919000 	C:\Windows\System32\SHCORE.dll
0x00007ff988420000 - 0x00007ff98847e000 	C:\Windows\System32\shlwapi.dll
0x00007ff985c70000 - 0x00007ff985c97000 	C:\Windows\SYSTEM32\profapi.dll
0x00007ff923bb0000 - 0x00007ff923bca000 	C:\Program Files\Microsoft\jdk-17.0.12.7-hotspot\bin\net.dll
0x00007ff97e980000 - 0x00007ff97eab6000 	C:\Windows\SYSTEM32\WINHTTP.dll
0x00007ff9851b0000 - 0x00007ff985219000 	C:\Windows\system32\mswsock.dll
0x00007ff923b90000 - 0x00007ff923ba6000 	C:\Program Files\Microsoft\jdk-17.0.12.7-hotspot\bin\nio.dll
0x00007ff9241e0000 - 0x00007ff9241f8000 	C:\Program Files\Microsoft\jdk-17.0.12.7-hotspot\bin\zip.dll
0x00007ff925f50000 - 0x00007ff925f60000 	C:\Program Files\Microsoft\jdk-17.0.12.7-hotspot\bin\verify.dll
0x00007ff981ef0000 - 0x00007ff981f17000 	C:\Users\Admin\.gradle\native\c067742578af261105cb4f569cf0c3c89f3d7b1fecec35dd04571415982c5e48\windows-amd64\native-platform.dll
0x00007ff927eb0000 - 0x00007ff927ff4000 	C:\Users\Admin\.gradle\native\38dada09dfb8b06ba9b0570ebf7e218e3eb74d4ef43ca46872605cf95ebc2f47\windows-amd64\native-platform-file-events.dll
0x00007ff924300000 - 0x00007ff92430a000 	C:\Program Files\Microsoft\jdk-17.0.12.7-hotspot\bin\management.dll
0x00007ff9241d0000 - 0x00007ff9241db000 	C:\Program Files\Microsoft\jdk-17.0.12.7-hotspot\bin\management_ext.dll
0x00007ff987e60000 - 0x00007ff987e68000 	C:\Windows\System32\PSAPI.DLL
0x00007ff985500000 - 0x00007ff98551b000 	C:\Windows\SYSTEM32\CRYPTSP.dll
0x00007ff984cb0000 - 0x00007ff984ce5000 	C:\Windows\system32\rsaenh.dll
0x00007ff985250000 - 0x00007ff985278000 	C:\Windows\SYSTEM32\USERENV.dll
0x00007ff9854e0000 - 0x00007ff9854ec000 	C:\Windows\SYSTEM32\CRYPTBASE.dll
0x00007ff984800000 - 0x00007ff98482d000 	C:\Windows\SYSTEM32\IPHLPAPI.DLL
0x00007ff986810000 - 0x00007ff986819000 	C:\Windows\System32\NSI.dll
0x00007ff97e610000 - 0x00007ff97e629000 	C:\Windows\SYSTEM32\dhcpcsvc6.DLL
0x00007ff97e5a0000 - 0x00007ff97e5bf000 	C:\Windows\SYSTEM32\dhcpcsvc.DLL
0x00007ff984830000 - 0x00007ff984932000 	C:\Windows\SYSTEM32\DNSAPI.dll
0x00007ff923a30000 - 0x00007ff923a39000 	C:\Program Files\Microsoft\jdk-17.0.12.7-hotspot\bin\extnet.dll
0x00007ff923a20000 - 0x00007ff923a2e000 	C:\Program Files\Microsoft\jdk-17.0.12.7-hotspot\bin\sunmscapi.dll
0x00007ff985df0000 - 0x00007ff985f56000 	C:\Windows\System32\CRYPT32.dll
0x00007ff9855a0000 - 0x00007ff9855cd000 	C:\Windows\SYSTEM32\ncrypt.dll
0x00007ff985550000 - 0x00007ff985587000 	C:\Windows\SYSTEM32\NTASN1.dll
0x00007ff955960000 - 0x00007ff955968000 	C:\Windows\system32\wshunix.dll

dbghelp: loaded successfully - version: 4.0.5 - missing functions: none
symbol engine: initialized successfully - sym options: 0x614 - pdb path: .;C:\Program Files\Microsoft\jdk-17.0.12.7-hotspot\bin;C:\Windows\SYSTEM32;C:\Windows\WinSxS\amd64_microsoft.windows.common-controls_6595b64144ccf1df_6.0.22621.3672_none_2713b9d173822955;C:\Program Files\Microsoft\jdk-17.0.12.7-hotspot\bin\server;C:\Users\Admin\.gradle\native\c067742578af261105cb4f569cf0c3c89f3d7b1fecec35dd04571415982c5e48\windows-amd64;C:\Users\Admin\.gradle\native\38dada09dfb8b06ba9b0570ebf7e218e3eb74d4ef43ca46872605cf95ebc2f47\windows-amd64

VM Arguments:
jvm_args: --add-opens=java.base/java.util=ALL-UNNAMED --add-opens=java.base/java.lang=ALL-UNNAMED --add-opens=java.base/java.lang.invoke=ALL-UNNAMED --add-opens=java.prefs/java.util.prefs=ALL-UNNAMED --add-opens=java.base/java.nio.charset=ALL-UNNAMED --add-opens=java.base/java.net=ALL-UNNAMED --add-opens=java.base/java.util.concurrent.atomic=ALL-UNNAMED -Xmx4G -Dfile.encoding=utf8 -Duser.country=US -Duser.language=en -Duser.variant 
java_command: org.gradle.launcher.daemon.bootstrap.GradleDaemon 7.6.3
java_class_path (initial): C:\Users\Admin\.gradle\wrapper\dists\gradle-7.6.3-all\aocdy2d2z8kodnny3rsumj8i8\gradle-7.6.3\lib\gradle-launcher-7.6.3.jar
Launcher Type: SUN_STANDARD

[Global flags]
     intx CICompilerCount                          = 4                                         {product} {ergonomic}
     uint ConcGCThreads                            = 3                                         {product} {ergonomic}
     uint G1ConcRefinementThreads                  = 10                                        {product} {ergonomic}
   size_t G1HeapRegionSize                         = 2097152                                   {product} {ergonomic}
    uintx GCDrainStackTargetSize                   = 64                                        {product} {ergonomic}
   size_t InitialHeapSize                          = 260046848                                 {product} {ergonomic}
   size_t MarkStackSize                            = 4194304                                   {product} {ergonomic}
   size_t MaxHeapSize                              = 4294967296                                {product} {command line}
   size_t MaxNewSize                               = 2575302656                                {product} {ergonomic}
   size_t MinHeapDeltaBytes                        = 2097152                                   {product} {ergonomic}
   size_t MinHeapSize                              = 8388608                                   {product} {ergonomic}
    uintx NonNMethodCodeHeapSize                   = 5839372                                {pd product} {ergonomic}
    uintx NonProfiledCodeHeapSize                  = 122909434                              {pd product} {ergonomic}
    uintx ProfiledCodeHeapSize                     = 122909434                              {pd product} {ergonomic}
    uintx ReservedCodeCacheSize                    = 251658240                              {pd product} {ergonomic}
     bool SegmentedCodeCache                       = true                                      {product} {ergonomic}
   size_t SoftMaxHeapSize                          = 4294967296                             {manageable} {ergonomic}
     bool UseCompressedClassPointers               = true                           {product lp64_product} {ergonomic}
     bool UseCompressedOops                        = true                           {product lp64_product} {ergonomic}
     bool UseG1GC                                  = true                                      {product} {ergonomic}
     bool UseLargePagesIndividualAllocation        = false                                  {pd product} {ergonomic}

Logging:
Log output configuration:
 #0: stdout all=warning uptime,level,tags
 #1: stderr all=off uptime,level,tags

Environment Variables:
JAVA_HOME=C:\Program Files\Microsoft\jdk-17.0.12.7-hotspot
PATH=C:\Android\emulator;C:\Program Files\Microsoft\jdk-17.0.12.7-hotspot\bin;C:\Android\cmdline-tools\latest\bin;C:\Android\platform-tools;C:\Windows\system32;C:\Windows;C:\Windows\System32\Wbem;C:\Windows\System32\WindowsPowerShell\v1.0\;C:\Windows\System32\OpenSSH\;C:\Users\Admin\AppData\Local\Microsoft\WindowsApps;C:\Users\Admin\AppData\Local\spicetify;C:\adb;C:\Program Files\dotnet\;C:\ProgramData\chocolatey\bin;C:\Program Files\GitHub CLI\;C:\ffmpeg\bin\;C:\Program Files (x86)\cloudflared\;C:\Program Files\Git\cmd;%ANDROID_HOME%\tools;%ANDROID_HOME%\tools\bin;%ANDROID_HOME%\platform-tools;C:\Users\Admin\miniconda3;C:\Users\Admin\miniconda3\Library\mingw-w64\bin;C:\Users\Admin\miniconda3\Library\usr\bin;C:\Users\Admin\miniconda3\Library\bin;C:\Users\Admin\miniconda3\Scripts;C:\Users\Admin\AppData\Local\Programs\Python\Python312\Scripts\;C:\Users\Admin\AppData\Local\Programs\Python\Python312\;C:\Users\Admin\AppData\Local\Microsoft\WinGet\Links;C:\tools\dart-sdk\bin;C:\Users\Admin\AppData\Local\Pub\Cache\bin;C:;%ANDROID_HOME%\emulator;C:\Program Files\Microsoft\jdk-17.0.12.7-hotspot\bin;%FLUTTER_HOME%\bin;C:\Program Files\Microsoft\jdk-17.0.12.7-hotspot\bin\;C:\Windows\system32;C:\Windows;C:\Windows\System32\Wbem;C:\Windows\System32\WindowsPowerShell\v1.0\;C:\Windows\System32\OpenSSH\;C:\Users\Admin\AppData\Local\Microsoft\WindowsApps;C:\Users\Admin\AppData\Local\spicetify;C:\adb;C:\Program Files\dotnet\;C:\ProgramData\chocolatey\bin;C:\Program Files\GitHub CLI\;C:\ffmpeg\bin\;C:\Program Files (x86)\cloudflared\;C:\Program Files\Git\cmd;%ANDROID_HOME%\tools;%ANDROID_HOME%\tools\bin;%ANDROID_HOME%\platform-tools;C:\Users\Admin\miniconda3;C:\Users\Admin\miniconda3\Library\mingw-w64\bin;C:\Users\Admin\miniconda3\Library\usr\bin;C:\Users\Admin\miniconda3\Library\bin;C:\Users\Admin\miniconda3\Scripts;C:\Users\Admin\AppData\Local\Programs\Python\Python312\Scripts\;C:\Users\Admin\AppData\Local\Programs\Python\Python312\;C:\Users\Admin\AppData\Local\Microsoft\WinGet\Links;C
USERNAME=Admin
OS=Windows_NT
PROCESSOR_IDENTIFIER=AMD64 Family 23 Model 96 Stepping 1, AuthenticAMD
TMP=C:\Users\Admin\AppData\Local\Temp
TEMP=C:\Users\Admin\AppData\Local\Temp



Periodic native trim disabled


---------------  S Y S T E M  ---------------

OS:
 Windows 11 , 64 bit Build 22621 (10.0.22621.3958)
OS uptime: 0 days 1:21 hours
Hyper-V role detected

CPU: total 12 (initial active 12) (12 cores per cpu, 2 threads per core) family 23 model 96 stepping 1 microcode 0x0, cx8, cmov, fxsr, ht, mmx, 3dnowpref, sse, sse2, sse3, ssse3, sse4a, sse4.1, sse4.2, popcnt, lzcnt, tsc, tscinvbit, avx, avx2, aes, clmul, bmi1, bmi2, adx, sha, fma, vzeroupper, clflush, clflushopt, hv
Processor Information for the first 12 processors :
  Max Mhz: 3701, Current Mhz: 3701, Mhz Limit: 3701

Memory: 4k page, system-wide physical 15761M (1778M free)
TotalPageFile size 19761M (AvailPageFile size 3M)
current process WorkingSet (physical memory assigned to process): 642M, peak: 658M
current process commit charge ("private bytes"): 743M, peak: 769M

vm_info: OpenJDK 64-Bit Server VM (17.0.12+7-LTS) for windows-amd64 JRE (17.0.12+7-LTS), built on Jul 16 2024 18:11:44 by "MicrosoftCorporation" with unknown MS VC++:1939

END.
