#
# There is insufficient memory for the Java Runtime Environment to continue.
# Native memory allocation (malloc) failed to allocate 32744 bytes. Error detail: ChunkPool::allocate
# Possible reasons:
#   The system is out of physical RAM or swap space
#   This process is running with CompressedOops enabled, and the Java Heap may be blocking the growth of the native heap
# Possible solutions:
#   Reduce memory load on the system
#   Increase physical memory or swap space
#   Check if swap backing store is full
#   Decrease Java heap size (-Xmx/-Xms)
#   Decrease number of Java threads
#   Decrease Java thread stack sizes (-Xss)
#   Set larger code cache with -XX:ReservedCodeCacheSize=
#   JVM is running with Unscaled Compressed Oops mode in which the Java heap is
#     placed in the first 4GB address space. The Java Heap base address is the
#     maximum limit for the native heap growth. Please use -XX:HeapBaseMinAddress
#     to set the Java Heap base and to place the Java Heap above 4GB virtual address.
# This output file may be truncated or incomplete.
#
#  Out of Memory Error (arena.cpp:79), pid=31100, tid=29964
#
# JRE version: OpenJDK Runtime Environment Temurin-17.0.12+7 (17.0.12+7) (build 17.0.12+7)
# Java VM: OpenJDK 64-Bit Server VM Temurin-17.0.12+7 (17.0.12+7, mixed mode, tiered, compressed oops, compressed class ptrs, parallel gc, windows-amd64)
# No core dump will be written. Minidumps are not enabled by default on client versions of Windows
#

---------------  S U M M A R Y ------------

Command Line: --add-modules=ALL-SYSTEM --add-opens=java.base/java.util=ALL-UNNAMED --add-opens=java.base/java.lang=ALL-UNNAMED --add-opens=java.base/sun.nio.fs=ALL-UNNAMED -Declipse.application=org.eclipse.jdt.ls.core.id1 -Dosgi.bundles.defaultStartLevel=4 -Declipse.product=org.eclipse.jdt.ls.core.product -Djava.import.generatesMetadataFilesAtProjectRoot=false -DDetectVMInstallationsJob.disabled=true -Dfile.encoding=utf8 -XX:+UseParallelGC -XX:GCTimeRatio=4 -XX:AdaptiveSizePolicyWeight=90 -Dsun.zip.disableMemoryMapping=true -Xmx1G -Xms100m -Xlog:disable -javaagent:c:\Users\Admin\.vscode\extensions\redhat.java-1.35.1-win32-x64\lombok\lombok-1.18.33.jar -XX:+HeapDumpOnOutOfMemoryError -XX:HeapDumpPath=c:\Users\Admin\AppData\Roaming\Code\User\workspaceStorage\c947ea4c57f221a37de719cc15a61aff\redhat.java -Daether.dependencyCollector.impl=bf c:\Users\Admin\.vscode\extensions\redhat.java-1.35.1-win32-x64\server\plugins\org.eclipse.equinox.launcher_1.6.900.v20240613-2009.jar -configuration c:\Users\Admin\AppData\Roaming\Code\User\globalStorage\redhat.java\1.35.1\config_win -data c:\Users\Admin\AppData\Roaming\Code\User\workspaceStorage\c947ea4c57f221a37de719cc15a61aff\redhat.java\jdt_ws --pipe=\\.\pipe\lsp-0ab86f1759eb0648c537899284d8fee9-sock

Host: AMD Ryzen 5 4600G with Radeon Graphics, 12 cores, 15G,  Windows 11 , 64 bit Build 22621 (10.0.22621.3958)
Time: Sun Oct 20 22:03:44 2024 China Standard Time elapsed time: 9.518903 seconds (0d 0h 0m 9s)

---------------  T H R E A D  ---------------

Current thread (0x00000283d6d7c030):  JavaThread "C2 CompilerThread1" daemon [_thread_in_native, id=29964, stack(0x000000d98b400000,0x000000d98b500000)]


Current CompileTask:
C2:   9518 4174   !   4       org.eclipse.osgi.internal.loader.classpath.ClasspathManager::findClassImpl (308 bytes)

Stack: [0x000000d98b400000,0x000000d98b500000]
Native frames: (J=compiled Java code, j=interpreted, Vv=VM code, C=native code)
V  [jvm.dll+0x67f929]
V  [jvm.dll+0x8371ba]
V  [jvm.dll+0x838c7e]
V  [jvm.dll+0x8392e3]
V  [jvm.dll+0x24834f]
V  [jvm.dll+0xacbd1]
V  [jvm.dll+0xad01c]
V  [jvm.dll+0x6106ef]
V  [jvm.dll+0x6115e2]
V  [jvm.dll+0x60fb1a]
V  [jvm.dll+0x21a728]
V  [jvm.dll+0x219cf1]
V  [jvm.dll+0x1a58bd]
V  [jvm.dll+0x229a2d]
V  [jvm.dll+0x227bdc]
V  [jvm.dll+0x7ec1f7]
V  [jvm.dll+0x7e65dc]
V  [jvm.dll+0x67e7f7]
C  [ucrtbase.dll+0x29333]
C  [KERNEL32.DLL+0x1257d]
C  [ntdll.dll+0x5af08]


---------------  P R O C E S S  ---------------

Threads class SMR info:
_java_thread_list=0x00000283d877aad0, length=27, elements={
0x00000283b9fe1e80, 0x00000283cfdbea60, 0x00000283d5086420, 0x00000283d50b0f20,
0x00000283d50b19f0, 0x00000283d50b25b0, 0x00000283d50b3170, 0x00000283d50b4110,
0x00000283d5118060, 0x00000283d5120d90, 0x00000283ba044730, 0x00000283d5404900,
0x00000283d6e043a0, 0x00000283d6c494f0, 0x00000283d6feab00, 0x00000283d70d23e0,
0x00000283d735d930, 0x00000283d76ae190, 0x00000283d712d880, 0x00000283d712dd90,
0x00000283d712ce60, 0x00000283d712e2a0, 0x00000283d712f1d0, 0x00000283d712f6e0,
0x00000283d6d7c030, 0x00000283d712c950, 0x00000283d712d370
}
_to_delete_list=0x00000283d71e7c60, length=25, elements={
0x00000283b9fe1e80, 0x00000283cfdbea60, 0x00000283d5086420, 0x00000283d50b0f20,
0x00000283d50b19f0, 0x00000283d50b25b0, 0x00000283d50b3170, 0x00000283d50b4110,
0x00000283d5118060, 0x00000283d5120d90, 0x00000283ba044730, 0x00000283d5404900,
0x00000283d6e043a0, 0x00000283d6c494f0, 0x00000283d6feab00, 0x00000283d70d23e0,
0x00000283d735d930, 0x00000283d76ae190, 0x00000283d712d880, 0x00000283d712dd90,
0x00000283d712ce60, 0x00000283d712e2a0, 0x00000283d712f1d0, 0x00000283d712f6e0,
0x00000283d6d7c030
}

Java Threads: ( => current thread )
  0x00000283b9fe1e80 JavaThread "main" [_thread_blocked, id=21684, stack(0x000000d989000000,0x000000d989100000)]
  0x00000283cfdbea60 JavaThread "Reference Handler" daemon [_thread_blocked, id=31764, stack(0x000000d989300000,0x000000d989400000)]
  0x00000283d5086420 JavaThread "Finalizer" daemon [_thread_blocked, id=23940, stack(0x000000d989400000,0x000000d989500000)]
  0x00000283d50b0f20 JavaThread "Signal Dispatcher" daemon [_thread_blocked, id=12924, stack(0x000000d989500000,0x000000d989600000)]
  0x00000283d50b19f0 JavaThread "Attach Listener" daemon [_thread_blocked, id=31172, stack(0x000000d989600000,0x000000d989700000)]
  0x00000283d50b25b0 JavaThread "Service Thread" daemon [_thread_blocked, id=11136, stack(0x000000d989700000,0x000000d989800000)]
  0x00000283d50b3170 JavaThread "Monitor Deflation Thread" daemon [_thread_blocked, id=15436, stack(0x000000d989800000,0x000000d989900000)]
  0x00000283d50b4110 JavaThread "C2 CompilerThread0" daemon [_thread_in_native, id=31988, stack(0x000000d989900000,0x000000d989a00000)]
  0x00000283d5118060 JavaThread "C1 CompilerThread0" daemon [_thread_blocked, id=32088, stack(0x000000d989a00000,0x000000d989b00000)]
  0x00000283d5120d90 JavaThread "Sweeper thread" daemon [_thread_blocked, id=31736, stack(0x000000d989b00000,0x000000d989c00000)]
  0x00000283ba044730 JavaThread "Common-Cleaner" daemon [_thread_blocked, id=30872, stack(0x000000d989c00000,0x000000d989d00000)]
  0x00000283d5404900 JavaThread "Notification Thread" daemon [_thread_blocked, id=16164, stack(0x000000d989d00000,0x000000d989e00000)]
  0x00000283d6e043a0 JavaThread "Active Thread: Equinox Container: 7a0c2df6-47e8-48c2-96df-d7d4c9c2c1a9" [_thread_blocked, id=14120, stack(0x000000d98a600000,0x000000d98a700000)]
  0x00000283d6c494f0 JavaThread "Framework Event Dispatcher: Equinox Container: 7a0c2df6-47e8-48c2-96df-d7d4c9c2c1a9" daemon [_thread_blocked, id=33680, stack(0x000000d98a700000,0x000000d98a800000)]
  0x00000283d6feab00 JavaThread "Start Level: Equinox Container: 7a0c2df6-47e8-48c2-96df-d7d4c9c2c1a9" daemon [_thread_in_vm, id=26264, stack(0x000000d98a800000,0x000000d98a900000)]
  0x00000283d70d23e0 JavaThread "Bundle File Closer" daemon [_thread_blocked, id=3216, stack(0x000000d98aa00000,0x000000d98ab00000)]
  0x00000283d735d930 JavaThread "SCR Component Actor" daemon [_thread_blocked, id=30608, stack(0x000000d98ab00000,0x000000d98ac00000)]
  0x00000283d76ae190 JavaThread "SCR Component Registry" daemon [_thread_blocked, id=32488, stack(0x000000d98ac00000,0x000000d98ad00000)]
  0x00000283d712d880 JavaThread "Worker-JM" [_thread_blocked, id=33312, stack(0x000000d98ae00000,0x000000d98af00000)]
  0x00000283d712dd90 JavaThread "JNA Cleaner" daemon [_thread_blocked, id=24700, stack(0x000000d98af00000,0x000000d98b000000)]
  0x00000283d712ce60 JavaThread "Worker-0: Building" [_thread_in_vm, id=32188, stack(0x000000d98b000000,0x000000d98b100000)]
  0x00000283d712e2a0 JavaThread "Worker-1: Updating Maven Dependencies" [_thread_blocked, id=21816, stack(0x000000d98b100000,0x000000d98b200000)]
  0x00000283d712f1d0 JavaThread "Worker-2: Repository registry initialization" [_thread_in_vm, id=23120, stack(0x000000d98b200000,0x000000d98b300000)]
  0x00000283d712f6e0 JavaThread "Worker-3: Processing Java changes since last activation" [_thread_blocked, id=32944, stack(0x000000d98b300000,0x000000d98b400000)]
=>0x00000283d6d7c030 JavaThread "C2 CompilerThread1" daemon [_thread_in_native, id=29964, stack(0x000000d98b400000,0x000000d98b500000)]
  0x00000283d712c950 JavaThread "Java indexing" daemon [_thread_blocked, id=7576, stack(0x000000d98b500000,0x000000d98b600000)]
  0x00000283d712d370 JavaThread "Worker-4" [_thread_blocked, id=32236, stack(0x000000d98b600000,0x000000d98b700000)]

Other Threads:
  0x00000283ba068420 VMThread "VM Thread" [stack: 0x000000d989200000,0x000000d989300000] [id=32476]
  0x00000283d6620600 WatcherThread [stack: 0x000000d989e00000,0x000000d989f00000] [id=20600]
  0x00000283b9ff8f10 GCTaskThread "GC Thread#0" [stack: 0x000000d989100000,0x000000d989200000] [id=22912]
  0x00000283d66d4ff0 GCTaskThread "GC Thread#1" [stack: 0x000000d989f00000,0x000000d98a000000] [id=20448]
  0x00000283d66d54c0 GCTaskThread "GC Thread#2" [stack: 0x000000d98a000000,0x000000d98a100000] [id=11936]
  0x00000283d6a36ae0 GCTaskThread "GC Thread#3" [stack: 0x000000d98a100000,0x000000d98a200000] [id=32764]
  0x00000283d6e7c400 GCTaskThread "GC Thread#4" [stack: 0x000000d98a200000,0x000000d98a300000] [id=23392]
  0x00000283d6e7c6c0 GCTaskThread "GC Thread#5" [stack: 0x000000d98a300000,0x000000d98a400000] [id=31308]
  0x00000283d6e7c980 GCTaskThread "GC Thread#6" [stack: 0x000000d98a400000,0x000000d98a500000] [id=32708]
  0x00000283d68e7c90 GCTaskThread "GC Thread#7" [stack: 0x000000d98a900000,0x000000d98aa00000] [id=24252]
  0x00000283d74c1f70 GCTaskThread "GC Thread#8" [stack: 0x000000d98a500000,0x000000d98a600000] [id=26708]
  0x00000283d74c19b0 GCTaskThread "GC Thread#9" [stack: 0x000000d98ad00000,0x000000d98ae00000] [id=20284]

Threads with active compile tasks:
C2 CompilerThread0     9543 4016       4       org.lombokweb.asm.ClassReader::readMethod (1070 bytes)
C2 CompilerThread1     9544 4174   !   4       org.eclipse.osgi.internal.loader.classpath.ClasspathManager::findClassImpl (308 bytes)

VM state: not at safepoint (normal execution)

VM Mutex/Monitor currently owned by a thread: None

Heap address: 0x00000000c0000000, size: 1024 MB, Compressed Oops mode: 32-bit

CDS archive(s) not mapped
Compressed class space mapped at: 0x0000000100000000-0x0000000140000000, reserved size: 1073741824
Narrow klass base: 0x0000000000000000, Narrow klass shift: 3, Narrow klass range: 0x140000000

GC Precious Log:
 CPUs: 12 total, 12 available
 Memory: 15761M
 Large Page Support: Disabled
 NUMA Support: Disabled
 Compressed Oops: Enabled (32-bit)
 Alignments: Space 512K, Generation 512K, Heap 2M
 Heap Min Capacity: 100M
 Heap Initial Capacity: 100M
 Heap Max Capacity: 1G
 Pre-touch: Disabled
 Parallel Workers: 10

Heap:
 PSYoungGen      total 23552K, used 14068K [0x00000000eab00000, 0x00000000ec600000, 0x0000000100000000)
  eden space 23040K, 61% used [0x00000000eab00000,0x00000000eb8bd200,0x00000000ec180000)
  from space 512K, 0% used [0x00000000ec300000,0x00000000ec300000,0x00000000ec380000)
  to   space 1536K, 0% used [0x00000000ec480000,0x00000000ec480000,0x00000000ec600000)
 ParOldGen       total 68608K, used 14586K [0x00000000c0000000, 0x00000000c4300000, 0x00000000eab00000)
  object space 68608K, 21% used [0x00000000c0000000,0x00000000c0e3e900,0x00000000c4300000)
 Metaspace       used 37035K, committed 37888K, reserved 1114112K
  class space    used 3663K, committed 4032K, reserved 1048576K

Card table byte_map: [0x00000283cd630000,0x00000283cd840000] _byte_map_base: 0x00000283cd030000

Marking Bits: (ParMarkBitMap*) 0x00007ffc0e6758b0
 Begin Bits: [0x00000283cd9a0000, 0x00000283ce9a0000)
 End Bits:   [0x00000283ce9a0000, 0x00000283cf9a0000)

Polling page: 0x00000283ba090000

Metaspace:

Usage:
  Non-class:     32.59 MB used.
      Class:      3.58 MB used.
       Both:     36.17 MB used.

Virtual space:
  Non-class space:       64.00 MB reserved,      33.06 MB ( 52%) committed,  1 nodes.
      Class space:        1.00 GB reserved,       3.94 MB ( <1%) committed,  1 nodes.
             Both:        1.06 GB reserved,      37.00 MB (  3%) committed. 

Chunk freelists:
   Non-Class:  14.55 MB
       Class:  11.94 MB
        Both:  26.49 MB

MaxMetaspaceSize: unlimited
CompressedClassSpaceSize: 1.00 GB
Initial GC threshold: 21.00 MB
Current GC threshold: 58.38 MB
CDS: off
MetaspaceReclaimPolicy: balanced
 - commit_granule_bytes: 65536.
 - commit_granule_words: 8192.
 - virtual_space_node_default_size: 8388608.
 - enlarge_chunks_in_place: 1.
 - new_chunks_are_fully_committed: 0.
 - uncommit_free_chunks: 1.
 - use_allocation_guard: 0.
 - handle_deallocations: 1.


Internal statistics:

num_allocs_failed_limit: 6.
num_arena_births: 480.
num_arena_deaths: 28.
num_vsnodes_births: 2.
num_vsnodes_deaths: 0.
num_space_committed: 592.
num_space_uncommitted: 0.
num_chunks_returned_to_freelist: 38.
num_chunks_taken_from_freelist: 1728.
num_chunk_merges: 8.
num_chunk_splits: 1076.
num_chunks_enlarged: 675.
num_inconsistent_stats: 0.

CodeHeap 'non-profiled nmethods': size=120000Kb used=1820Kb max_used=1820Kb free=118180Kb
 bounds [0x00000283c5f20000, 0x00000283c6190000, 0x00000283cd450000]
CodeHeap 'profiled nmethods': size=120000Kb used=8850Kb max_used=8850Kb free=111150Kb
 bounds [0x00000283be450000, 0x00000283bed00000, 0x00000283c5980000]
CodeHeap 'non-nmethods': size=5760Kb used=1267Kb max_used=1277Kb free=4492Kb
 bounds [0x00000283c5980000, 0x00000283c5bf0000, 0x00000283c5f20000]
 total_blobs=4800 nmethods=4212 adapters=502
 compilation: enabled
              stopped_count=0, restarted_count=0
 full_count=0

Compilation events (20 events):
Event: 9.403 Thread 0x00000283d5118060 4209       3       java.lang.Character::toUpperCase (6 bytes)
Event: 9.403 Thread 0x00000283d5118060 nmethod 4209 0x00000283becee010 code [0x00000283becee1c0, 0x00000283becee418]
Event: 9.404 Thread 0x00000283d5118060 4210       3       java.lang.Character::toUpperCase (9 bytes)
Event: 9.409 Thread 0x00000283d5118060 nmethod 4210 0x00000283becee510 code [0x00000283becee6c0, 0x00000283becee8b8]
Event: 9.458 Thread 0x00000283d5118060 4211       3       java.util.LinkedHashMap$LinkedKeyIterator::next (8 bytes)
Event: 9.458 Thread 0x00000283d5118060 nmethod 4211 0x00000283becee990 code [0x00000283beceeb40, 0x00000283beceeca8]
Event: 9.458 Thread 0x00000283d5118060 4215       3       java.util.stream.FindOps$FindOp::evaluateSequential (39 bytes)
Event: 9.459 Thread 0x00000283d5118060 nmethod 4215 0x00000283beceed90 code [0x00000283beceef80, 0x00000283becef568]
Event: 9.459 Thread 0x00000283d5118060 4212       3       aQute.bnd.stream.MapStream::empty (7 bytes)
Event: 9.460 Thread 0x00000283d5118060 nmethod 4212 0x00000283becef710 code [0x00000283becef900, 0x00000283becefed8]
Event: 9.460 Thread 0x00000283d5118060 4213       3       aQute.bnd.stream.MapStream::of (9 bytes)
Event: 9.460 Thread 0x00000283d5118060 nmethod 4213 0x00000283becf0110 code [0x00000283becf02e0, 0x00000283becf0748]
Event: 9.461 Thread 0x00000283d5118060 4214       3       aQute.bnd.stream.EntryPipeline::filterKey (28 bytes)
Event: 9.461 Thread 0x00000283d5118060 nmethod 4214 0x00000283becf0910 code [0x00000283becf0b80, 0x00000283becf1758]
Event: 9.461 Thread 0x00000283d5118060 4216       3       jdk.internal.org.objectweb.asm.MethodVisitor::visitVarInsn (17 bytes)
Event: 9.462 Thread 0x00000283d5118060 nmethod 4216 0x00000283becf1b90 code [0x00000283becf1d40, 0x00000283becf1f48]
Event: 9.462 Thread 0x00000283d5118060 4217       2       java.util.HashSet::contains (9 bytes)
Event: 9.462 Thread 0x00000283d5118060 nmethod 4217 0x00000283becf2010 code [0x00000283becf21a0, 0x00000283becf22c8]
Event: 9.475 Thread 0x00000283d5118060 4219       3       org.eclipse.osgi.internal.framework.FilterImpl$Parser::parse_item (366 bytes)
Event: 9.478 Thread 0x00000283d5118060 nmethod 4219 0x00000283becf2390 code [0x00000283becf2740, 0x00000283becf3ee8]

GC Heap History (20 events):
Event: 5.390 GC heap before
{Heap before GC invocations=4 (full 0):
 PSYoungGen      total 29696K, used 29693K [0x00000000eab00000, 0x00000000ecc00000, 0x0000000100000000)
  eden space 25600K, 100% used [0x00000000eab00000,0x00000000ec400000,0x00000000ec400000)
  from space 4096K, 99% used [0x00000000ec400000,0x00000000ec7ff758,0x00000000ec800000)
  to   space 4096K, 0% used [0x00000000ec800000,0x00000000ec800000,0x00000000ecc00000)
 ParOldGen       total 68608K, used 5298K [0x00000000c0000000, 0x00000000c4300000, 0x00000000eab00000)
  object space 68608K, 7% used [0x00000000c0000000,0x00000000c052cb18,0x00000000c4300000)
 Metaspace       used 19333K, committed 19648K, reserved 1114112K
  class space    used 1946K, committed 2112K, reserved 1048576K
}
Event: 5.394 GC heap after
{Heap after GC invocations=4 (full 0):
 PSYoungGen      total 29696K, used 4084K [0x00000000eab00000, 0x00000000ecc00000, 0x0000000100000000)
  eden space 25600K, 0% used [0x00000000eab00000,0x00000000eab00000,0x00000000ec400000)
  from space 4096K, 99% used [0x00000000ec800000,0x00000000ecbfd068,0x00000000ecc00000)
  to   space 4096K, 0% used [0x00000000ec400000,0x00000000ec400000,0x00000000ec800000)
 ParOldGen       total 68608K, used 6409K [0x00000000c0000000, 0x00000000c4300000, 0x00000000eab00000)
  object space 68608K, 9% used [0x00000000c0000000,0x00000000c0642680,0x00000000c4300000)
 Metaspace       used 19333K, committed 19648K, reserved 1114112K
  class space    used 1946K, committed 2112K, reserved 1048576K
}
Event: 5.708 GC heap before
{Heap before GC invocations=5 (full 0):
 PSYoungGen      total 29696K, used 13437K [0x00000000eab00000, 0x00000000ecc00000, 0x0000000100000000)
  eden space 25600K, 36% used [0x00000000eab00000,0x00000000eb4223e8,0x00000000ec400000)
  from space 4096K, 99% used [0x00000000ec800000,0x00000000ecbfd068,0x00000000ecc00000)
  to   space 4096K, 0% used [0x00000000ec400000,0x00000000ec400000,0x00000000ec800000)
 ParOldGen       total 68608K, used 6409K [0x00000000c0000000, 0x00000000c4300000, 0x00000000eab00000)
  object space 68608K, 9% used [0x00000000c0000000,0x00000000c0642680,0x00000000c4300000)
 Metaspace       used 21031K, committed 21504K, reserved 1114112K
  class space    used 2114K, committed 2304K, reserved 1048576K
}
Event: 5.711 GC heap after
{Heap after GC invocations=5 (full 0):
 PSYoungGen      total 29696K, used 4095K [0x00000000eab00000, 0x00000000ece00000, 0x0000000100000000)
  eden space 25600K, 0% used [0x00000000eab00000,0x00000000eab00000,0x00000000ec400000)
  from space 4096K, 99% used [0x00000000ec400000,0x00000000ec7ffee8,0x00000000ec800000)
  to   space 5120K, 0% used [0x00000000ec900000,0x00000000ec900000,0x00000000ece00000)
 ParOldGen       total 68608K, used 6906K [0x00000000c0000000, 0x00000000c4300000, 0x00000000eab00000)
  object space 68608K, 10% used [0x00000000c0000000,0x00000000c06beaa0,0x00000000c4300000)
 Metaspace       used 21031K, committed 21504K, reserved 1114112K
  class space    used 2114K, committed 2304K, reserved 1048576K
}
Event: 5.712 GC heap before
{Heap before GC invocations=6 (full 1):
 PSYoungGen      total 29696K, used 4095K [0x00000000eab00000, 0x00000000ece00000, 0x0000000100000000)
  eden space 25600K, 0% used [0x00000000eab00000,0x00000000eab00000,0x00000000ec400000)
  from space 4096K, 99% used [0x00000000ec400000,0x00000000ec7ffee8,0x00000000ec800000)
  to   space 5120K, 0% used [0x00000000ec900000,0x00000000ec900000,0x00000000ece00000)
 ParOldGen       total 68608K, used 6906K [0x00000000c0000000, 0x00000000c4300000, 0x00000000eab00000)
  object space 68608K, 10% used [0x00000000c0000000,0x00000000c06beaa0,0x00000000c4300000)
 Metaspace       used 21031K, committed 21504K, reserved 1114112K
  class space    used 2114K, committed 2304K, reserved 1048576K
}
Event: 5.734 GC heap after
{Heap after GC invocations=6 (full 1):
 PSYoungGen      total 29696K, used 0K [0x00000000eab00000, 0x00000000ece00000, 0x0000000100000000)
  eden space 25600K, 0% used [0x00000000eab00000,0x00000000eab00000,0x00000000ec400000)
  from space 4096K, 0% used [0x00000000ec400000,0x00000000ec400000,0x00000000ec800000)
  to   space 5120K, 0% used [0x00000000ec900000,0x00000000ec900000,0x00000000ece00000)
 ParOldGen       total 68608K, used 10729K [0x00000000c0000000, 0x00000000c4300000, 0x00000000eab00000)
  object space 68608K, 15% used [0x00000000c0000000,0x00000000c0a7a558,0x00000000c4300000)
 Metaspace       used 21031K, committed 21504K, reserved 1114112K
  class space    used 2114K, committed 2304K, reserved 1048576K
}
Event: 7.209 GC heap before
{Heap before GC invocations=7 (full 1):
 PSYoungGen      total 29696K, used 25600K [0x00000000eab00000, 0x00000000ece00000, 0x0000000100000000)
  eden space 25600K, 100% used [0x00000000eab00000,0x00000000ec400000,0x00000000ec400000)
  from space 4096K, 0% used [0x00000000ec400000,0x00000000ec400000,0x00000000ec800000)
  to   space 5120K, 0% used [0x00000000ec900000,0x00000000ec900000,0x00000000ece00000)
 ParOldGen       total 68608K, used 10729K [0x00000000c0000000, 0x00000000c4300000, 0x00000000eab00000)
  object space 68608K, 15% used [0x00000000c0000000,0x00000000c0a7a558,0x00000000c4300000)
 Metaspace       used 24686K, committed 25280K, reserved 1114112K
  class space    used 2494K, committed 2752K, reserved 1048576K
}
Event: 7.211 GC heap after
{Heap after GC invocations=7 (full 1):
 PSYoungGen      total 26624K, used 1411K [0x00000000eab00000, 0x00000000eca80000, 0x0000000100000000)
  eden space 25088K, 0% used [0x00000000eab00000,0x00000000eab00000,0x00000000ec380000)
  from space 1536K, 91% used [0x00000000ec900000,0x00000000eca60e70,0x00000000eca80000)
  to   space 3072K, 0% used [0x00000000ec480000,0x00000000ec480000,0x00000000ec780000)
 ParOldGen       total 68608K, used 10737K [0x00000000c0000000, 0x00000000c4300000, 0x00000000eab00000)
  object space 68608K, 15% used [0x00000000c0000000,0x00000000c0a7c558,0x00000000c4300000)
 Metaspace       used 24686K, committed 25280K, reserved 1114112K
  class space    used 2494K, committed 2752K, reserved 1048576K
}
Event: 7.906 GC heap before
{Heap before GC invocations=8 (full 1):
 PSYoungGen      total 26624K, used 26499K [0x00000000eab00000, 0x00000000eca80000, 0x0000000100000000)
  eden space 25088K, 100% used [0x00000000eab00000,0x00000000ec380000,0x00000000ec380000)
  from space 1536K, 91% used [0x00000000ec900000,0x00000000eca60e70,0x00000000eca80000)
  to   space 3072K, 0% used [0x00000000ec480000,0x00000000ec480000,0x00000000ec780000)
 ParOldGen       total 68608K, used 10737K [0x00000000c0000000, 0x00000000c4300000, 0x00000000eab00000)
  object space 68608K, 15% used [0x00000000c0000000,0x00000000c0a7c558,0x00000000c4300000)
 Metaspace       used 27343K, committed 27968K, reserved 1114112K
  class space    used 2812K, committed 3072K, reserved 1048576K
}
Event: 7.908 GC heap after
{Heap after GC invocations=8 (full 1):
 PSYoungGen      total 27648K, used 2870K [0x00000000eab00000, 0x00000000eca00000, 0x0000000100000000)
  eden space 24576K, 0% used [0x00000000eab00000,0x00000000eab00000,0x00000000ec300000)
  from space 3072K, 93% used [0x00000000ec480000,0x00000000ec74d8c0,0x00000000ec780000)
  to   space 2560K, 0% used [0x00000000ec780000,0x00000000ec780000,0x00000000eca00000)
 ParOldGen       total 68608K, used 10745K [0x00000000c0000000, 0x00000000c4300000, 0x00000000eab00000)
  object space 68608K, 15% used [0x00000000c0000000,0x00000000c0a7e558,0x00000000c4300000)
 Metaspace       used 27343K, committed 27968K, reserved 1114112K
  class space    used 2812K, committed 3072K, reserved 1048576K
}
Event: 8.272 GC heap before
{Heap before GC invocations=9 (full 1):
 PSYoungGen      total 27648K, used 27446K [0x00000000eab00000, 0x00000000eca00000, 0x0000000100000000)
  eden space 24576K, 100% used [0x00000000eab00000,0x00000000ec300000,0x00000000ec300000)
  from space 3072K, 93% used [0x00000000ec480000,0x00000000ec74d8c0,0x00000000ec780000)
  to   space 2560K, 0% used [0x00000000ec780000,0x00000000ec780000,0x00000000eca00000)
 ParOldGen       total 68608K, used 10745K [0x00000000c0000000, 0x00000000c4300000, 0x00000000eab00000)
  object space 68608K, 15% used [0x00000000c0000000,0x00000000c0a7e558,0x00000000c4300000)
 Metaspace       used 29314K, committed 30016K, reserved 1114112K
  class space    used 2961K, committed 3264K, reserved 1048576K
}
Event: 8.275 GC heap after
{Heap after GC invocations=9 (full 1):
 PSYoungGen      total 26624K, used 2533K [0x00000000eab00000, 0x00000000eca00000, 0x0000000100000000)
  eden space 24064K, 0% used [0x00000000eab00000,0x00000000eab00000,0x00000000ec280000)
  from space 2560K, 98% used [0x00000000ec780000,0x00000000ec9f96f0,0x00000000eca00000)
  to   space 3584K, 0% used [0x00000000ec300000,0x00000000ec300000,0x00000000ec680000)
 ParOldGen       total 68608K, used 11412K [0x00000000c0000000, 0x00000000c4300000, 0x00000000eab00000)
  object space 68608K, 16% used [0x00000000c0000000,0x00000000c0b25190,0x00000000c4300000)
 Metaspace       used 29314K, committed 30016K, reserved 1114112K
  class space    used 2961K, committed 3264K, reserved 1048576K
}
Event: 8.819 GC heap before
{Heap before GC invocations=10 (full 1):
 PSYoungGen      total 26624K, used 26597K [0x00000000eab00000, 0x00000000eca00000, 0x0000000100000000)
  eden space 24064K, 100% used [0x00000000eab00000,0x00000000ec280000,0x00000000ec280000)
  from space 2560K, 98% used [0x00000000ec780000,0x00000000ec9f96f0,0x00000000eca00000)
  to   space 3584K, 0% used [0x00000000ec300000,0x00000000ec300000,0x00000000ec680000)
 ParOldGen       total 68608K, used 11412K [0x00000000c0000000, 0x00000000c4300000, 0x00000000eab00000)
  object space 68608K, 16% used [0x00000000c0000000,0x00000000c0b25190,0x00000000c4300000)
 Metaspace       used 32876K, committed 33600K, reserved 1114112K
  class space    used 3227K, committed 3520K, reserved 1048576K
}
Event: 8.823 GC heap after
{Heap after GC invocations=10 (full 1):
 PSYoungGen      total 25600K, used 1890K [0x00000000eab00000, 0x00000000ec800000, 0x0000000100000000)
  eden space 23552K, 0% used [0x00000000eab00000,0x00000000eab00000,0x00000000ec200000)
  from space 2048K, 92% used [0x00000000ec300000,0x00000000ec4d8880,0x00000000ec500000)
  to   space 2560K, 0% used [0x00000000ec580000,0x00000000ec580000,0x00000000ec800000)
 ParOldGen       total 68608K, used 12439K [0x00000000c0000000, 0x00000000c4300000, 0x00000000eab00000)
  object space 68608K, 18% used [0x00000000c0000000,0x00000000c0c25ed0,0x00000000c4300000)
 Metaspace       used 32876K, committed 33600K, reserved 1114112K
  class space    used 3227K, committed 3520K, reserved 1048576K
}
Event: 9.083 GC heap before
{Heap before GC invocations=11 (full 1):
 PSYoungGen      total 25600K, used 25442K [0x00000000eab00000, 0x00000000ec800000, 0x0000000100000000)
  eden space 23552K, 99% used [0x00000000eab00000,0x00000000ec1fffc0,0x00000000ec200000)
  from space 2048K, 92% used [0x00000000ec300000,0x00000000ec4d8880,0x00000000ec500000)
  to   space 2560K, 0% used [0x00000000ec580000,0x00000000ec580000,0x00000000ec800000)
 ParOldGen       total 68608K, used 12439K [0x00000000c0000000, 0x00000000c4300000, 0x00000000eab00000)
  object space 68608K, 18% used [0x00000000c0000000,0x00000000c0c25ed0,0x00000000c4300000)
 Metaspace       used 34363K, committed 35136K, reserved 1114112K
  class space    used 3351K, committed 3712K, reserved 1048576K
}
Event: 9.088 GC heap after
{Heap after GC invocations=11 (full 1):
 PSYoungGen      total 25600K, used 2280K [0x00000000eab00000, 0x00000000ec800000, 0x0000000100000000)
  eden space 23040K, 0% used [0x00000000eab00000,0x00000000eab00000,0x00000000ec180000)
  from space 2560K, 89% used [0x00000000ec580000,0x00000000ec7ba2b0,0x00000000ec800000)
  to   space 2560K, 0% used [0x00000000ec300000,0x00000000ec300000,0x00000000ec580000)
 ParOldGen       total 68608K, used 14001K [0x00000000c0000000, 0x00000000c4300000, 0x00000000eab00000)
  object space 68608K, 20% used [0x00000000c0000000,0x00000000c0dac7d8,0x00000000c4300000)
 Metaspace       used 34363K, committed 35136K, reserved 1114112K
  class space    used 3351K, committed 3712K, reserved 1048576K
}
Event: 9.146 GC heap before
{Heap before GC invocations=12 (full 1):
 PSYoungGen      total 25600K, used 7502K [0x00000000eab00000, 0x00000000ec800000, 0x0000000100000000)
  eden space 23040K, 22% used [0x00000000eab00000,0x00000000eb0195d8,0x00000000ec180000)
  from space 2560K, 89% used [0x00000000ec580000,0x00000000ec7ba2b0,0x00000000ec800000)
  to   space 2560K, 0% used [0x00000000ec300000,0x00000000ec300000,0x00000000ec580000)
 ParOldGen       total 68608K, used 14001K [0x00000000c0000000, 0x00000000c4300000, 0x00000000eab00000)
  object space 68608K, 20% used [0x00000000c0000000,0x00000000c0dac7d8,0x00000000c4300000)
 Metaspace       used 35043K, committed 35840K, reserved 1114112K
  class space    used 3431K, committed 3776K, reserved 1048576K
}
Event: 9.149 GC heap after
{Heap after GC invocations=12 (full 1):
 PSYoungGen      total 23552K, used 416K [0x00000000eab00000, 0x00000000ec600000, 0x0000000100000000)
  eden space 23040K, 0% used [0x00000000eab00000,0x00000000eab00000,0x00000000ec180000)
  from space 512K, 81% used [0x00000000ec300000,0x00000000ec368000,0x00000000ec380000)
  to   space 1536K, 0% used [0x00000000ec480000,0x00000000ec480000,0x00000000ec600000)
 ParOldGen       total 68608K, used 16173K [0x00000000c0000000, 0x00000000c4300000, 0x00000000eab00000)
  object space 68608K, 23% used [0x00000000c0000000,0x00000000c0fcb488,0x00000000c4300000)
 Metaspace       used 35043K, committed 35840K, reserved 1114112K
  class space    used 3431K, committed 3776K, reserved 1048576K
}
Event: 9.149 GC heap before
{Heap before GC invocations=13 (full 2):
 PSYoungGen      total 23552K, used 416K [0x00000000eab00000, 0x00000000ec600000, 0x0000000100000000)
  eden space 23040K, 0% used [0x00000000eab00000,0x00000000eab00000,0x00000000ec180000)
  from space 512K, 81% used [0x00000000ec300000,0x00000000ec368000,0x00000000ec380000)
  to   space 1536K, 0% used [0x00000000ec480000,0x00000000ec480000,0x00000000ec600000)
 ParOldGen       total 68608K, used 16173K [0x00000000c0000000, 0x00000000c4300000, 0x00000000eab00000)
  object space 68608K, 23% used [0x00000000c0000000,0x00000000c0fcb488,0x00000000c4300000)
 Metaspace       used 35043K, committed 35840K, reserved 1114112K
  class space    used 3431K, committed 3776K, reserved 1048576K
}
Event: 9.180 GC heap after
{Heap after GC invocations=13 (full 2):
 PSYoungGen      total 23552K, used 0K [0x00000000eab00000, 0x00000000ec600000, 0x0000000100000000)
  eden space 23040K, 0% used [0x00000000eab00000,0x00000000eab00000,0x00000000ec180000)
  from space 512K, 0% used [0x00000000ec300000,0x00000000ec300000,0x00000000ec380000)
  to   space 1536K, 0% used [0x00000000ec480000,0x00000000ec480000,0x00000000ec600000)
 ParOldGen       total 68608K, used 14586K [0x00000000c0000000, 0x00000000c4300000, 0x00000000eab00000)
  object space 68608K, 21% used [0x00000000c0000000,0x00000000c0e3e900,0x00000000c4300000)
 Metaspace       used 35018K, committed 35840K, reserved 1114112K
  class space    used 3424K, committed 3776K, reserved 1048576K
}

Dll operation events (10 events):
Event: 0.049 Loaded shared library c:\Users\Admin\.vscode\extensions\redhat.java-1.35.1-win32-x64\jre\17.0.12-win32-x86_64\bin\java.dll
Event: 0.487 Loaded shared library c:\Users\Admin\.vscode\extensions\redhat.java-1.35.1-win32-x64\jre\17.0.12-win32-x86_64\bin\zip.dll
Event: 0.493 Loaded shared library C:\Users\Admin\.vscode\extensions\redhat.java-1.35.1-win32-x64\jre\17.0.12-win32-x86_64\bin\instrument.dll
Event: 0.517 Loaded shared library C:\Users\Admin\.vscode\extensions\redhat.java-1.35.1-win32-x64\jre\17.0.12-win32-x86_64\bin\net.dll
Event: 0.541 Loaded shared library C:\Users\Admin\.vscode\extensions\redhat.java-1.35.1-win32-x64\jre\17.0.12-win32-x86_64\bin\nio.dll
Event: 0.556 Loaded shared library C:\Users\Admin\.vscode\extensions\redhat.java-1.35.1-win32-x64\jre\17.0.12-win32-x86_64\bin\zip.dll
Event: 0.612 Loaded shared library C:\Users\Admin\.vscode\extensions\redhat.java-1.35.1-win32-x64\jre\17.0.12-win32-x86_64\bin\jimage.dll
Event: 0.784 Loaded shared library c:\Users\Admin\.vscode\extensions\redhat.java-1.35.1-win32-x64\jre\17.0.12-win32-x86_64\bin\verify.dll
Event: 3.158 Loaded shared library C:\Users\Admin\AppData\Roaming\Code\User\globalStorage\redhat.java\1.35.1\config_win\org.eclipse.equinox.launcher\org.eclipse.equinox.launcher.win32.win32.x86_64_1.2.1100.v20240722-2106\eclipse_11904.dll
Event: 6.739 Loaded shared library C:\Users\Admin\AppData\Local\Temp\jna-63116079\jna5330923425312179941.dll

Deoptimization events (20 events):
Event: 9.132 Thread 0x00000283d6feab00 Uncommon trap: trap_request=0xffffffc6 fr.pc=0x00000283c5fb7310 relative=0x00000000000009d0
Event: 9.132 Thread 0x00000283d6feab00 Uncommon trap: reason=bimorphic_or_optimized_type_check action=maybe_recompile pc=0x00000283c5fb7310 method=java.util.HashMap.putVal(ILjava/lang/Object;Ljava/lang/Object;ZZ)Ljava/lang/Object; @ 253 c2
Event: 9.132 Thread 0x00000283d6feab00 DEOPT PACKING pc=0x00000283c5fb7310 sp=0x000000d98a8f9500
Event: 9.132 Thread 0x00000283d6feab00 DEOPT UNPACKING pc=0x00000283c59d66a3 sp=0x000000d98a8f9480 mode 2
Event: 9.192 Thread 0x00000283d6feab00 Uncommon trap: trap_request=0xffffff45 fr.pc=0x00000283c601f37c relative=0x000000000000007c
Event: 9.192 Thread 0x00000283d6feab00 Uncommon trap: reason=unstable_if action=reinterpret pc=0x00000283c601f37c method=com.sun.org.apache.xerces.internal.impl.XMLEntityScanner.checkBeforeLoad(Lcom/sun/xml/internal/stream/Entity$ScannedEntity;II)I @ 18 c2
Event: 9.192 Thread 0x00000283d6feab00 DEOPT PACKING pc=0x00000283c601f37c sp=0x000000d98a8f92a0
Event: 9.192 Thread 0x00000283d6feab00 DEOPT UNPACKING pc=0x00000283c59d66a3 sp=0x000000d98a8f9230 mode 2
Event: 9.219 Thread 0x00000283d6feab00 DEOPT PACKING pc=0x00000283be81579c sp=0x000000d98a8fa710
Event: 9.219 Thread 0x00000283d6feab00 DEOPT UNPACKING pc=0x00000283c59d6e43 sp=0x000000d98a8f9c60 mode 0
Event: 9.223 Thread 0x00000283d712ce60 DEOPT PACKING pc=0x00000283be815894 sp=0x000000d98b0fec70
Event: 9.223 Thread 0x00000283d712ce60 DEOPT UNPACKING pc=0x00000283c59d6e43 sp=0x000000d98b0fe1c0 mode 0
Event: 9.394 Thread 0x00000283d6feab00 Uncommon trap: trap_request=0xffffffc6 fr.pc=0x00000283c5fb7288 relative=0x0000000000000948
Event: 9.394 Thread 0x00000283d6feab00 Uncommon trap: reason=bimorphic_or_optimized_type_check action=maybe_recompile pc=0x00000283c5fb7288 method=java.util.HashMap.putVal(ILjava/lang/Object;Ljava/lang/Object;ZZ)Ljava/lang/Object; @ 56 c2
Event: 9.394 Thread 0x00000283d6feab00 DEOPT PACKING pc=0x00000283c5fb7288 sp=0x000000d98a8fd820
Event: 9.394 Thread 0x00000283d6feab00 DEOPT UNPACKING pc=0x00000283c59d66a3 sp=0x000000d98a8fd778 mode 2
Event: 9.394 Thread 0x00000283d6feab00 Uncommon trap: trap_request=0xffffffc6 fr.pc=0x00000283c5fb7288 relative=0x0000000000000948
Event: 9.394 Thread 0x00000283d6feab00 Uncommon trap: reason=bimorphic_or_optimized_type_check action=maybe_recompile pc=0x00000283c5fb7288 method=java.util.HashMap.putVal(ILjava/lang/Object;Ljava/lang/Object;ZZ)Ljava/lang/Object; @ 56 c2
Event: 9.394 Thread 0x00000283d6feab00 DEOPT PACKING pc=0x00000283c5fb7288 sp=0x000000d98a8fd820
Event: 9.394 Thread 0x00000283d6feab00 DEOPT UNPACKING pc=0x00000283c59d66a3 sp=0x000000d98a8fd778 mode 2

Classes loaded (20 events):
Event: 9.423 Loading class sun/reflect/annotation/TypeAnnotation$TypeAnnotationTarget
Event: 9.426 Loading class sun/reflect/annotation/TypeAnnotation$TypeAnnotationTarget done
Event: 9.449 Loading class sun/reflect/annotation/TypeAnnotation$LocationInfo
Event: 9.450 Loading class sun/reflect/annotation/TypeAnnotation$LocationInfo done
Event: 9.452 Loading class sun/reflect/annotation/TypeAnnotation$LocationInfo$Location
Event: 9.452 Loading class sun/reflect/annotation/TypeAnnotation$LocationInfo$Location done
Event: 9.452 Loading class sun/reflect/annotation/AnnotatedTypeFactory
Event: 9.452 Loading class sun/reflect/annotation/AnnotatedTypeFactory done
Event: 9.452 Loading class sun/reflect/annotation/AnnotatedTypeFactory$AnnotatedTypeBaseImpl
Event: 9.452 Loading class sun/reflect/annotation/AnnotatedTypeFactory$AnnotatedTypeBaseImpl done
Event: 9.453 Loading class java/util/stream/Streams$ConcatSpliterator$OfRef
Event: 9.453 Loading class java/util/stream/Streams$ConcatSpliterator
Event: 9.454 Loading class java/util/UUID$Holder
Event: 9.454 Loading class java/util/UUID$Holder done
Event: 9.456 Loading class java/util/stream/Streams$ConcatSpliterator done
Event: 9.456 Loading class java/util/stream/Streams$ConcatSpliterator$OfRef done
Event: 9.456 Loading class java/util/stream/Streams$2
Event: 9.456 Loading class java/util/stream/Streams$2 done
Event: 9.493 Loading class java/util/DualPivotQuicksort
Event: 9.495 Loading class java/util/DualPivotQuicksort done

Classes unloaded (14 events):
Event: 9.154 Thread 0x00000283ba068420 Unloading class 0x0000000100380c00 'java/lang/invoke/LambdaForm$MH+0x0000000100380c00'
Event: 9.154 Thread 0x00000283ba068420 Unloading class 0x0000000100380000 'java/lang/invoke/LambdaForm$MH+0x0000000100380000'
Event: 9.154 Thread 0x00000283ba068420 Unloading class 0x000000010037fc00 'java/lang/invoke/LambdaForm$MH+0x000000010037fc00'
Event: 9.154 Thread 0x00000283ba068420 Unloading class 0x000000010037f000 'java/lang/invoke/LambdaForm$MH+0x000000010037f000'
Event: 9.154 Thread 0x00000283ba068420 Unloading class 0x000000010037ec00 'java/lang/invoke/LambdaForm$DMH+0x000000010037ec00'
Event: 9.154 Thread 0x00000283ba068420 Unloading class 0x000000010037e000 'java/lang/invoke/LambdaForm$MH+0x000000010037e000'
Event: 9.154 Thread 0x00000283ba068420 Unloading class 0x000000010037d800 'java/lang/invoke/LambdaForm$MH+0x000000010037d800'
Event: 9.154 Thread 0x00000283ba068420 Unloading class 0x0000000100250400 'java/lang/invoke/LambdaForm$MH+0x0000000100250400'
Event: 9.154 Thread 0x00000283ba068420 Unloading class 0x0000000100250000 'java/lang/invoke/LambdaForm$MH+0x0000000100250000'
Event: 9.155 Thread 0x00000283ba068420 Unloading class 0x000000010024bc00 'java/lang/invoke/LambdaForm$MH+0x000000010024bc00'
Event: 9.155 Thread 0x00000283ba068420 Unloading class 0x000000010024b800 'java/lang/invoke/LambdaForm$MH+0x000000010024b800'
Event: 9.155 Thread 0x00000283ba068420 Unloading class 0x000000010024b400 'java/lang/invoke/LambdaForm$BMH+0x000000010024b400'
Event: 9.155 Thread 0x00000283ba068420 Unloading class 0x000000010024b000 'java/lang/invoke/LambdaForm$DMH+0x000000010024b000'
Event: 9.155 Thread 0x00000283ba068420 Unloading class 0x0000000100248400 'java/lang/invoke/LambdaForm$DMH+0x0000000100248400'

Classes redefined (0 events):
No events

Internal exceptions (20 events):
Event: 8.931 Thread 0x00000283d6feab00 Exception <a 'java/io/FileNotFoundException'{0x00000000eb926cc8}> (0x00000000eb926cc8) 
thrown [s\src\hotspot\share\prims\jni.cpp, line 516]
Event: 8.947 Thread 0x00000283d712e2a0 Exception <a 'java/lang/NoSuchMethodError'{0x00000000eba49448}: 'java.lang.Object java.lang.invoke.DirectMethodHandle$Holder.invokeStaticInit(java.lang.Object, java.lang.Object, java.lang.Object, java.lang.Object, java.lang.Object, java.lang.Object, java.lang.Object)'> (0x00000000eba49448) 
thrown [s\src\hotspot\share\interpreter\linkResolver.cpp, line 759]
Event: 8.948 Thread 0x00000283d712e2a0 Exception <a 'java/lang/NoSuchMethodError'{0x00000000eba52110}: 'java.lang.Object java.lang.invoke.DirectMethodHandle$Holder.invokeSpecial(java.lang.Object, java.lang.Object, java.lang.Object, java.lang.Object, java.lang.Object, java.lang.Object, java.lang.Object, java.lang.Object, java.lang.Object)'> (0x00000000eba52110) 
thrown [s\src\hotspot\share\interpreter\linkResolver.cpp, line 759]
Event: 8.949 Thread 0x00000283d712e2a0 Exception <a 'java/lang/NoSuchMethodError'{0x00000000eba56db0}: 'java.lang.Object java.lang.invoke.Invokers$Holder.invoke_MT(java.lang.Object, java.lang.Object, java.lang.Object, java.lang.Object, java.lang.Object, java.lang.Object, java.lang.Object, java.lang.Object, java.lang.Object)'> (0x00000000eba56db0) 
thrown [s\src\hotspot\share\interpreter\linkResolver.cpp, line 759]
Event: 8.963 Thread 0x00000283d712e2a0 Exception <a 'java/lang/NoSuchMethodError'{0x00000000eba9d0c8}: 'int java.lang.invoke.DirectMethodHandle$Holder.invokeVirtual(java.lang.Object, java.lang.Object, java.lang.Object)'> (0x00000000eba9d0c8) 
thrown [s\src\hotspot\share\interpreter\linkResolver.cpp, line 759]
Event: 8.965 Thread 0x00000283d712e2a0 Exception <a 'java/lang/NoSuchMethodError'{0x00000000ebaa1600}: 'int java.lang.invoke.DirectMethodHandle$Holder.invokeStaticInit(java.lang.Object, int, int)'> (0x00000000ebaa1600) 
thrown [s\src\hotspot\share\interpreter\linkResolver.cpp, line 759]
Event: 8.971 Thread 0x00000283d712e2a0 Exception <a 'java/lang/NoSuchMethodError'{0x00000000ebaa9058}: 'int java.lang.invoke.DirectMethodHandle$Holder.invokeStaticInit(java.lang.Object, long, long)'> (0x00000000ebaa9058) 
thrown [s\src\hotspot\share\interpreter\linkResolver.cpp, line 759]
Event: 8.972 Thread 0x00000283d712e2a0 Exception <a 'java/lang/NoSuchMethodError'{0x00000000ebab00f0}: 'int java.lang.invoke.DirectMethodHandle$Holder.invokeStaticInit(java.lang.Object, float, float)'> (0x00000000ebab00f0) 
thrown [s\src\hotspot\share\interpreter\linkResolver.cpp, line 759]
Event: 8.973 Thread 0x00000283d712e2a0 Exception <a 'java/lang/NoSuchMethodError'{0x00000000ebab6f48}: 'int java.lang.invoke.DirectMethodHandle$Holder.invokeStaticInit(java.lang.Object, double, double)'> (0x00000000ebab6f48) 
thrown [s\src\hotspot\share\interpreter\linkResolver.cpp, line 759]
Event: 8.974 Thread 0x00000283d712e2a0 Exception <a 'java/lang/NoSuchMethodError'{0x00000000ebacc4c8}: 'int java.lang.invoke.DirectMethodHandle$Holder.invokeStatic(java.lang.Object, long)'> (0x00000000ebacc4c8) 
thrown [s\src\hotspot\share\interpreter\linkResolver.cpp, line 759]
Event: 8.979 Thread 0x00000283d712e2a0 Exception <a 'java/lang/NoSuchMethodError'{0x00000000ebb83930}: 'int java.lang.invoke.Invokers$Holder.linkToTargetMethod(java.lang.Object, java.lang.Object)'> (0x00000000ebb83930) 
thrown [s\src\hotspot\share\interpreter\linkResolver.cpp, line 759]
Event: 8.979 Thread 0x00000283d712f1d0 Exception <a 'java/lang/NoSuchMethodError'{0x00000000ebb8d478}: 'int java.lang.invoke.Invokers$Holder.linkToTargetMethod(java.lang.Object, java.lang.Object)'> (0x00000000ebb8d478) 
thrown [s\src\hotspot\share\interpreter\linkResolver.cpp, line 759]
Event: 8.986 Thread 0x00000283d712e2a0 Exception <a 'java/lang/NoSuchMethodError'{0x00000000ebbb7ea8}: 'int java.lang.invoke.DirectMethodHandle$Holder.invokeSpecial(java.lang.Object, java.lang.Object, java.lang.Object, java.lang.Object)'> (0x00000000ebbb7ea8) 
thrown [s\src\hotspot\share\interpreter\linkResolver.cpp, line 759]
Event: 9.002 Thread 0x00000283d712e2a0 Exception <a 'java/lang/NoSuchMethodError'{0x00000000ebc339e8}: 'java.lang.Object java.lang.invoke.DirectMethodHandle$Holder.invokeStatic(java.lang.Object, int, java.lang.Object, java.lang.Object)'> (0x00000000ebc339e8) 
thrown [s\src\hotspot\share\interpreter\linkResolver.cpp, line 759]
Event: 9.002 Thread 0x00000283d712e2a0 Exception <a 'java/lang/NoSuchMethodError'{0x00000000ebc374a0}: 'java.lang.Object java.lang.invoke.DelegatingMethodHandle$Holder.delegate(java.lang.Object, int, java.lang.Object, java.lang.Object)'> (0x00000000ebc374a0) 
thrown [s\src\hotspot\share\interpreter\linkResolver.cpp, line 759]
Event: 9.014 Thread 0x00000283d712e2a0 Exception <a 'java/lang/NoSuchMethodError'{0x00000000ebc758e0}: 'int java.lang.invoke.Invokers$Holder.linkToTargetMethod(java.lang.Object, java.lang.Object, java.lang.Object)'> (0x00000000ebc758e0) 
thrown [s\src\hotspot\share\interpreter\linkResolver.cpp, line 759]
Event: 9.064 Thread 0x00000283d712f1d0 Exception <a 'java/lang/NoSuchMethodError'{0x00000000ec0ab978}: 'java.lang.Object java.lang.invoke.DirectMethodHandle$Holder.invokeSpecialIFC(java.lang.Object, java.lang.Object, java.lang.Object, java.lang.Object)'> (0x00000000ec0ab978) 
thrown [s\src\hotspot\share\interpreter\linkResolver.cpp, line 759]
Event: 9.202 Thread 0x00000283d6feab00 Exception <a 'java/lang/ClassNotFoundException'{0x00000000eac154d8}: com/sun/org/apache/xerces/internal/impl/msg/spi/DOMMessagesProvider> (0x00000000eac154d8) 
thrown [s\src\hotspot\share\classfile\systemDictionary.cpp, line 256]
Event: 9.203 Thread 0x00000283d6feab00 Exception <a 'java/lang/ClassNotFoundException'{0x00000000eac26bc0}: com/sun/org/apache/xerces/internal/impl/msg/spi/XMLSerializerMessagesProvider> (0x00000000eac26bc0) 
thrown [s\src\hotspot\share\classfile\systemDictionary.cpp, line 256]
Event: 9.204 Thread 0x00000283d6feab00 Exception <a 'java/lang/ClassNotFoundException'{0x00000000eac33e98}: com/sun/org/apache/xerces/internal/impl/msg/spi/XMLMessagesProvider> (0x00000000eac33e98) 
thrown [s\src\hotspot\share\classfile\systemDictionary.cpp, line 256]

VM Operations (20 events):
Event: 7.906 Executing VM operation: ParallelGCFailedAllocation
Event: 7.908 Executing VM operation: ParallelGCFailedAllocation done
Event: 8.000 Executing VM operation: HandshakeAllThreads
Event: 8.002 Executing VM operation: HandshakeAllThreads done
Event: 8.271 Executing VM operation: ParallelGCFailedAllocation
Event: 8.275 Executing VM operation: ParallelGCFailedAllocation done
Event: 8.401 Executing VM operation: HandshakeAllThreads
Event: 8.401 Executing VM operation: HandshakeAllThreads done
Event: 8.819 Executing VM operation: ParallelGCFailedAllocation
Event: 8.823 Executing VM operation: ParallelGCFailedAllocation done
Event: 8.988 Executing VM operation: HandshakeAllThreads
Event: 8.989 Executing VM operation: HandshakeAllThreads done
Event: 9.083 Executing VM operation: ParallelGCFailedAllocation
Event: 9.088 Executing VM operation: ParallelGCFailedAllocation done
Event: 9.102 Executing VM operation: HandshakeAllThreads
Event: 9.107 Executing VM operation: HandshakeAllThreads done
Event: 9.146 Executing VM operation: CollectForMetadataAllocation
Event: 9.184 Executing VM operation: CollectForMetadataAllocation done
Event: 9.327 Executing VM operation: HandshakeAllThreads
Event: 9.394 Executing VM operation: HandshakeAllThreads done

Events (20 events):
Event: 3.155 Thread 0x00000283d6feab00 Thread added: 0x00000283d6feab00
Event: 3.756 Thread 0x00000283d70d23e0 Thread added: 0x00000283d70d23e0
Event: 4.136 Thread 0x00000283d6a34690 Thread exited: 0x00000283d6a34690
Event: 4.439 Thread 0x00000283d735d930 Thread added: 0x00000283d735d930
Event: 4.667 Thread 0x00000283d76ae190 Thread added: 0x00000283d76ae190
Event: 5.518 Thread 0x00000283d712d880 Thread added: 0x00000283d712d880
Event: 6.773 Thread 0x00000283d712dd90 Thread added: 0x00000283d712dd90
Event: 6.901 Thread 0x00000283d712ce60 Thread added: 0x00000283d712ce60
Event: 6.996 Thread 0x00000283d712e2a0 Thread added: 0x00000283d712e2a0
Event: 7.185 Thread 0x00000283d712f1d0 Thread added: 0x00000283d712f1d0
Event: 7.320 Thread 0x00000283d5210550 Thread added: 0x00000283d5210550
Event: 7.808 Thread 0x00000283d5210550 Thread exited: 0x00000283d5210550
Event: 8.029 Thread 0x00000283d7881e50 Thread added: 0x00000283d7881e50
Event: 8.069 Thread 0x00000283d799b340 Thread added: 0x00000283d799b340
Event: 8.376 Thread 0x00000283d799b340 Thread exited: 0x00000283d799b340
Event: 8.911 Thread 0x00000283d7881e50 Thread exited: 0x00000283d7881e50
Event: 8.967 Thread 0x00000283d712f6e0 Thread added: 0x00000283d712f6e0
Event: 8.978 Thread 0x00000283d6d7c030 Thread added: 0x00000283d6d7c030
Event: 9.218 Thread 0x00000283d712c950 Thread added: 0x00000283d712c950
Event: 9.223 Thread 0x00000283d712d370 Thread added: 0x00000283d712d370


Dynamic libraries:
0x00007ff662a70000 - 0x00007ff662a7e000 	c:\Users\Admin\.vscode\extensions\redhat.java-1.35.1-win32-x64\jre\17.0.12-win32-x86_64\bin\java.exe
0x00007ffc6ecd0000 - 0x00007ffc6eee7000 	C:\Windows\SYSTEM32\ntdll.dll
0x00007ffc6dcb0000 - 0x00007ffc6dd74000 	C:\Windows\System32\KERNEL32.DLL
0x00007ffc6c580000 - 0x00007ffc6c937000 	C:\Windows\System32\KERNELBASE.dll
0x00007ffc6c430000 - 0x00007ffc6c541000 	C:\Windows\System32\ucrtbase.dll
0x00007ffc58180000 - 0x00007ffc58197000 	c:\Users\Admin\.vscode\extensions\redhat.java-1.35.1-win32-x64\jre\17.0.12-win32-x86_64\bin\jli.dll
0x00007ffc6ddf0000 - 0x00007ffc6df9f000 	C:\Windows\System32\USER32.dll
0x00007ffc6c550000 - 0x00007ffc6c576000 	C:\Windows\System32\win32u.dll
0x00007ffc6e220000 - 0x00007ffc6e249000 	C:\Windows\System32\GDI32.dll
0x00007ffc6c310000 - 0x00007ffc6c428000 	C:\Windows\System32\gdi32full.dll
0x00007ffc6bfe0000 - 0x00007ffc6c07a000 	C:\Windows\System32\msvcp_win.dll
0x00007ffc55030000 - 0x00007ffc5504b000 	c:\Users\Admin\.vscode\extensions\redhat.java-1.35.1-win32-x64\jre\17.0.12-win32-x86_64\bin\VCRUNTIME140.dll
0x00007ffc4db30000 - 0x00007ffc4ddc3000 	C:\Windows\WinSxS\amd64_microsoft.windows.common-controls_6595b64144ccf1df_6.0.22621.3672_none_2713b9d173822955\COMCTL32.dll
0x00007ffc6e170000 - 0x00007ffc6e217000 	C:\Windows\System32\msvcrt.dll
0x00007ffc6d950000 - 0x00007ffc6d981000 	C:\Windows\System32\IMM32.DLL
0x00007ffc62890000 - 0x00007ffc6289c000 	c:\Users\Admin\.vscode\extensions\redhat.java-1.35.1-win32-x64\jre\17.0.12-win32-x86_64\bin\vcruntime140_1.dll
0x00007ffc2d930000 - 0x00007ffc2d9bd000 	c:\Users\Admin\.vscode\extensions\redhat.java-1.35.1-win32-x64\jre\17.0.12-win32-x86_64\bin\msvcp140.dll
0x00007ffc0dad0000 - 0x00007ffc0e73a000 	c:\Users\Admin\.vscode\extensions\redhat.java-1.35.1-win32-x64\jre\17.0.12-win32-x86_64\bin\server\jvm.dll
0x00007ffc6e400000 - 0x00007ffc6e4b2000 	C:\Windows\System32\ADVAPI32.dll
0x00007ffc6e6e0000 - 0x00007ffc6e788000 	C:\Windows\System32\sechost.dll
0x00007ffc6c1f0000 - 0x00007ffc6c218000 	C:\Windows\System32\bcrypt.dll
0x00007ffc6ca10000 - 0x00007ffc6cb24000 	C:\Windows\System32\RPCRT4.dll
0x00007ffc6d4b0000 - 0x00007ffc6d521000 	C:\Windows\System32\WS2_32.dll
0x00007ffc6beb0000 - 0x00007ffc6befd000 	C:\Windows\SYSTEM32\POWRPROF.dll
0x00007ffc64700000 - 0x00007ffc64734000 	C:\Windows\SYSTEM32\WINMM.dll
0x00007ffc609f0000 - 0x00007ffc609fa000 	C:\Windows\SYSTEM32\VERSION.dll
0x00007ffc6be90000 - 0x00007ffc6bea3000 	C:\Windows\SYSTEM32\UMPDC.dll
0x00007ffc6af90000 - 0x00007ffc6afa8000 	C:\Windows\SYSTEM32\kernel.appcore.dll
0x00007ffc62000000 - 0x00007ffc6200a000 	c:\Users\Admin\.vscode\extensions\redhat.java-1.35.1-win32-x64\jre\17.0.12-win32-x86_64\bin\jimage.dll
0x00007ffc5ed20000 - 0x00007ffc5ef52000 	C:\Windows\SYSTEM32\DBGHELP.DLL
0x00007ffc6d5c0000 - 0x00007ffc6d94e000 	C:\Windows\System32\combase.dll
0x00007ffc6d9f0000 - 0x00007ffc6dac7000 	C:\Windows\System32\OLEAUT32.dll
0x00007ffc56640000 - 0x00007ffc56672000 	C:\Windows\SYSTEM32\dbgcore.DLL
0x00007ffc6c290000 - 0x00007ffc6c30b000 	C:\Windows\System32\bcryptPrimitives.dll
0x00007ffc64a70000 - 0x00007ffc64a7e000 	c:\Users\Admin\.vscode\extensions\redhat.java-1.35.1-win32-x64\jre\17.0.12-win32-x86_64\bin\instrument.dll
0x00007ffc449c0000 - 0x00007ffc449e5000 	c:\Users\Admin\.vscode\extensions\redhat.java-1.35.1-win32-x64\jre\17.0.12-win32-x86_64\bin\java.dll
0x00007ffc54d50000 - 0x00007ffc54d68000 	c:\Users\Admin\.vscode\extensions\redhat.java-1.35.1-win32-x64\jre\17.0.12-win32-x86_64\bin\zip.dll
0x00007ffc6cb30000 - 0x00007ffc6d399000 	C:\Windows\System32\SHELL32.dll
0x00007ffc69f00000 - 0x00007ffc6a7ff000 	C:\Windows\SYSTEM32\windows.storage.dll
0x00007ffc69dc0000 - 0x00007ffc69eff000 	C:\Windows\SYSTEM32\wintypes.dll
0x00007ffc6db90000 - 0x00007ffc6dc89000 	C:\Windows\System32\SHCORE.dll
0x00007ffc6e4c0000 - 0x00007ffc6e51e000 	C:\Windows\System32\shlwapi.dll
0x00007ffc6bf10000 - 0x00007ffc6bf37000 	C:\Windows\SYSTEM32\profapi.dll
0x00007ffc54d10000 - 0x00007ffc54d29000 	C:\Users\Admin\.vscode\extensions\redhat.java-1.35.1-win32-x64\jre\17.0.12-win32-x86_64\bin\net.dll
0x00007ffc64c30000 - 0x00007ffc64d66000 	C:\Windows\SYSTEM32\WINHTTP.dll
0x00007ffc6b450000 - 0x00007ffc6b4b9000 	C:\Windows\system32\mswsock.dll
0x00007ffc53760000 - 0x00007ffc53776000 	C:\Users\Admin\.vscode\extensions\redhat.java-1.35.1-win32-x64\jre\17.0.12-win32-x86_64\bin\nio.dll
0x00007ffc62ad0000 - 0x00007ffc62ae0000 	c:\Users\Admin\.vscode\extensions\redhat.java-1.35.1-win32-x64\jre\17.0.12-win32-x86_64\bin\verify.dll
0x00007ffc403a0000 - 0x00007ffc403e5000 	C:\Users\Admin\AppData\Roaming\Code\User\globalStorage\redhat.java\1.35.1\config_win\org.eclipse.equinox.launcher\org.eclipse.equinox.launcher.win32.win32.x86_64_1.2.1100.v20240722-2106\eclipse_11904.dll
0x00007ffc6e250000 - 0x00007ffc6e3f5000 	C:\Windows\System32\ole32.dll
0x00007ffc6b7a0000 - 0x00007ffc6b7bb000 	C:\Windows\SYSTEM32\CRYPTSP.dll
0x00007ffc6af50000 - 0x00007ffc6af85000 	C:\Windows\system32\rsaenh.dll
0x00007ffc6b4f0000 - 0x00007ffc6b518000 	C:\Windows\SYSTEM32\USERENV.dll
0x00007ffc6b780000 - 0x00007ffc6b78c000 	C:\Windows\SYSTEM32\CRYPTBASE.dll
0x00007ffc6aa60000 - 0x00007ffc6aa8d000 	C:\Windows\SYSTEM32\IPHLPAPI.DLL
0x00007ffc6db80000 - 0x00007ffc6db89000 	C:\Windows\System32\NSI.dll
0x00007ffc64910000 - 0x00007ffc64929000 	C:\Windows\SYSTEM32\dhcpcsvc6.DLL
0x00007ffc645c0000 - 0x00007ffc645df000 	C:\Windows\SYSTEM32\dhcpcsvc.DLL
0x00007ffc6aad0000 - 0x00007ffc6abd2000 	C:\Windows\SYSTEM32\DNSAPI.dll
0x00007ffc58100000 - 0x00007ffc58149000 	C:\Users\Admin\AppData\Local\Temp\jna-63116079\jna5330923425312179941.dll
0x00007ffc6d3a0000 - 0x00007ffc6d3a8000 	C:\Windows\System32\PSAPI.DLL

dbghelp: loaded successfully - version: 4.0.5 - missing functions: none
symbol engine: initialized successfully - sym options: 0x614 - pdb path: .;c:\Users\Admin\.vscode\extensions\redhat.java-1.35.1-win32-x64\jre\17.0.12-win32-x86_64\bin;C:\Windows\SYSTEM32;C:\Windows\WinSxS\amd64_microsoft.windows.common-controls_6595b64144ccf1df_6.0.22621.3672_none_2713b9d173822955;c:\Users\Admin\.vscode\extensions\redhat.java-1.35.1-win32-x64\jre\17.0.12-win32-x86_64\bin\server;C:\Users\Admin\AppData\Roaming\Code\User\globalStorage\redhat.java\1.35.1\config_win\org.eclipse.equinox.launcher\org.eclipse.equinox.launcher.win32.win32.x86_64_1.2.1100.v20240722-2106;C:\Users\Admin\AppData\Local\Temp\jna-63116079

VM Arguments:
jvm_args: --add-modules=ALL-SYSTEM --add-opens=java.base/java.util=ALL-UNNAMED --add-opens=java.base/java.lang=ALL-UNNAMED --add-opens=java.base/sun.nio.fs=ALL-UNNAMED -Declipse.application=org.eclipse.jdt.ls.core.id1 -Dosgi.bundles.defaultStartLevel=4 -Declipse.product=org.eclipse.jdt.ls.core.product -Djava.import.generatesMetadataFilesAtProjectRoot=false -DDetectVMInstallationsJob.disabled=true -Dfile.encoding=utf8 -XX:+UseParallelGC -XX:GCTimeRatio=4 -XX:AdaptiveSizePolicyWeight=90 -Dsun.zip.disableMemoryMapping=true -Xmx1G -Xms100m -Xlog:disable -javaagent:c:\Users\Admin\.vscode\extensions\redhat.java-1.35.1-win32-x64\lombok\lombok-1.18.33.jar -XX:+HeapDumpOnOutOfMemoryError -XX:HeapDumpPath=c:\Users\Admin\AppData\Roaming\Code\User\workspaceStorage\c947ea4c57f221a37de719cc15a61aff\redhat.java -Daether.dependencyCollector.impl=bf 
java_command: c:\Users\Admin\.vscode\extensions\redhat.java-1.35.1-win32-x64\server\plugins\org.eclipse.equinox.launcher_1.6.900.v20240613-2009.jar -configuration c:\Users\Admin\AppData\Roaming\Code\User\globalStorage\redhat.java\1.35.1\config_win -data c:\Users\Admin\AppData\Roaming\Code\User\workspaceStorage\c947ea4c57f221a37de719cc15a61aff\redhat.java\jdt_ws --pipe=\\.\pipe\lsp-0ab86f1759eb0648c537899284d8fee9-sock
java_class_path (initial): c:\Users\Admin\.vscode\extensions\redhat.java-1.35.1-win32-x64\server\plugins\org.eclipse.equinox.launcher_1.6.900.v20240613-2009.jar
Launcher Type: SUN_STANDARD

[Global flags]
    uintx AdaptiveSizePolicyWeight                 = 90                                        {product} {command line}
     intx CICompilerCount                          = 4                                         {product} {ergonomic}
    uintx GCTimeRatio                              = 4                                         {product} {command line}
     bool HeapDumpOnOutOfMemoryError               = true                                   {manageable} {command line}
    ccstr HeapDumpPath                             = c:\Users\Admin\AppData\Roaming\Code\User\workspaceStorage\c947ea4c57f221a37de719cc15a61aff\redhat.java         {manageable} {command line}
   size_t InitialHeapSize                          = 104857600                                 {product} {command line}
   size_t MaxHeapSize                              = 1073741824                                {product} {command line}
   size_t MaxNewSize                               = 357564416                                 {product} {ergonomic}
   size_t MinHeapDeltaBytes                        = 524288                                    {product} {ergonomic}
   size_t MinHeapSize                              = 104857600                                 {product} {command line}
   size_t NewSize                                  = 34603008                                  {product} {ergonomic}
    uintx NonNMethodCodeHeapSize                   = 5839372                                {pd product} {ergonomic}
    uintx NonProfiledCodeHeapSize                  = 122909434                              {pd product} {ergonomic}
   size_t OldSize                                  = 70254592                                  {product} {ergonomic}
    uintx ProfiledCodeHeapSize                     = 122909434                              {pd product} {ergonomic}
    uintx ReservedCodeCacheSize                    = 251658240                              {pd product} {ergonomic}
     bool SegmentedCodeCache                       = true                                      {product} {ergonomic}
   size_t SoftMaxHeapSize                          = 1073741824                             {manageable} {ergonomic}
     bool UseCompressedClassPointers               = true                           {product lp64_product} {ergonomic}
     bool UseCompressedOops                        = true                           {product lp64_product} {ergonomic}
     bool UseLargePagesIndividualAllocation        = false                                  {pd product} {ergonomic}
     bool UseParallelGC                            = true                                      {product} {command line}

Logging:
Log output configuration:
 #0: stdout all=off uptime,level,tags
 #1: stderr all=off uptime,level,tags

Environment Variables:
JAVA_HOME=C:\Program Files\Microsoft\jdk-17.0.12.7-hotspot
PATH=C:\Ruby33-x64\bin;C:\Android\emulator;C:\Program Files\Microsoft\jdk-17.0.12.7-hotspot\bin;C:\Android\cmdline-tools\latest\bin;C:\Android\platform-tools;C:\Windows\system32;C:\Windows;C:\Windows\System32\Wbem;C:\Windows\System32\WindowsPowerShell\v1.0\;C:\Windows\System32\OpenSSH\;C:\Users\Admin\AppData\Local\Microsoft\WindowsApps;C:\Users\Admin\AppData\Local\spicetify;C:\adb;C:\Program Files\dotnet\;C:\ProgramData\chocolatey\bin;C:\Program Files\GitHub CLI\;C:\ffmpeg\bin\;C:\Program Files (x86)\cloudflared\;C:\Program Files\Git\cmd;%ANDROID_HOME%\tools;%ANDROID_HOME%\tools\bin;%ANDROID_HOME%\platform-tools;C:\Users\Admin\miniconda3;C:\Users\Admin\miniconda3\Library\mingw-w64\bin;C:\Users\Admin\miniconda3\Library\usr\bin;C:\Users\Admin\miniconda3\Library\bin;C:\Users\Admin\miniconda3\Scripts;C:\Users\Admin\AppData\Local\Programs\Python\Python312\Scripts\;C:\Users\Admin\AppData\Local\Programs\Python\Python312\;C:\Users\Admin\AppData\Local\Microsoft\WinGet\Links;C:\tools\dart-sdk\bin;C:\Users\Admin\AppData\Local\Pub\Cache\bin;C:;%ANDROID_HOME%\emulator;C:\Program Files\Microsoft\jdk-17.0.12.7-hotspot\bin;%FLUTTER_HOME%\bin;C:\Program Files\Microsoft\jdk-17.0.12.7-hotspot\bin\;C:\Windows\system32;C:\Windows;C:\Windows\System32\Wbem;C:\Windows\System32\WindowsPowerShell\v1.0\;C:\Windows\System32\OpenSSH\;C:\Users\Admin\AppData\Local\Microsoft\WindowsApps;C:\Users\Admin\AppData\Local\spicetify;C:\adb;C:\Program Files\dotnet\;C:\ProgramData\chocolatey\bin;C:\Program Files\GitHub CLI\;C:\ffmpeg\bin\;C:\Program Files (x86)\cloudflared\;C:\Program Files\Git\cmd;%ANDROID_HOME%\tools;%ANDROID_HOME%\tools\bin;%ANDROID_HOME%\platform-tools;C:\Users\Admin\miniconda3;C:\Users\Admin\miniconda3\Library\mingw-w64\bin;C:\Users\Admin\miniconda3\Library\usr\bin;C:\Users\Admin\miniconda3\Library\bin;C:\Users\Admin\miniconda3\Scripts;C:\Users\Admin\AppData\Local\Programs\Python\Python312\Scripts\;C:\Users\Admin\AppData\Local\Programs\Python\Python312\;C:\Users\Admin\AppData\Local\Micros
USERNAME=Admin
OS=Windows_NT
PROCESSOR_IDENTIFIER=AMD64 Family 23 Model 96 Stepping 1, AuthenticAMD
TMP=C:\Users\Admin\AppData\Local\Temp
TEMP=C:\Users\Admin\AppData\Local\Temp



Periodic native trim disabled


---------------  S Y S T E M  ---------------

OS:
 Windows 11 , 64 bit Build 22621 (10.0.22621.3958)
OS uptime: 0 days 8:15 hours
Hyper-V role detected

CPU: total 12 (initial active 12) (12 cores per cpu, 2 threads per core) family 23 model 96 stepping 1 microcode 0x0, cx8, cmov, fxsr, ht, mmx, 3dnowpref, sse, sse2, sse3, ssse3, sse4a, sse4.1, sse4.2, popcnt, lzcnt, tsc, tscinvbit, avx, avx2, aes, clmul, bmi1, bmi2, adx, sha, fma, vzeroupper, clflush, clflushopt, hv
Processor Information for all 12 processors :
  Max Mhz: 3701, Current Mhz: 3701, Mhz Limit: 3701

Memory: 4k page, system-wide physical 15761M (3974M free)
TotalPageFile size 19761M (AvailPageFile size 0M)
current process WorkingSet (physical memory assigned to process): 185M, peak: 185M
current process commit charge ("private bytes"): 288M, peak: 288M

vm_info: OpenJDK 64-Bit Server VM (17.0.12+7) for windows-amd64 JRE (17.0.12+7), built on Jul 16 2024 22:08:24 by "admin" with MS VC++ 16.10 / 16.11 (VS2019)

END.
