#
# There is insufficient memory for the Java Runtime Environment to continue.
# Native memory allocation (malloc) failed to allocate 201184 bytes. Error detail: Chunk::new
# Possible reasons:
#   The system is out of physical RAM or swap space
#   This process is running with CompressedOops enabled, and the Java Heap may be blocking the growth of the native heap
# Possible solutions:
#   Reduce memory load on the system
#   Increase physical memory or swap space
#   Check if swap backing store is full
#   Decrease Java heap size (-Xmx/-Xms)
#   Decrease number of Java threads
#   Decrease Java thread stack sizes (-Xss)
#   Set larger code cache with -XX:ReservedCodeCacheSize=
#   JVM is running with Unscaled Compressed Oops mode in which the Java heap is
#     placed in the first 4GB address space. The Java Heap base address is the
#     maximum limit for the native heap growth. Please use -XX:HeapBaseMinAddress
#     to set the Java Heap base and to place the Java Heap above 4GB virtual address.
# This output file may be truncated or incomplete.
#
#  Out of Memory Error (arena.cpp:191), pid=32176, tid=32592
#
# JRE version: OpenJDK Runtime Environment Temurin-17.0.12+7 (17.0.12+7) (build 17.0.12+7)
# Java VM: OpenJDK 64-Bit Server VM Temurin-17.0.12+7 (17.0.12+7, mixed mode, tiered, compressed oops, compressed class ptrs, parallel gc, windows-amd64)
# No core dump will be written. Minidumps are not enabled by default on client versions of Windows
#

---------------  S U M M A R Y ------------

Command Line: --add-modules=ALL-SYSTEM --add-opens=java.base/java.util=ALL-UNNAMED --add-opens=java.base/java.lang=ALL-UNNAMED --add-opens=java.base/sun.nio.fs=ALL-UNNAMED -Declipse.application=org.eclipse.jdt.ls.core.id1 -Dosgi.bundles.defaultStartLevel=4 -Declipse.product=org.eclipse.jdt.ls.core.product -Djava.import.generatesMetadataFilesAtProjectRoot=false -DDetectVMInstallationsJob.disabled=true -Dfile.encoding=utf8 -XX:+UseParallelGC -XX:GCTimeRatio=4 -XX:AdaptiveSizePolicyWeight=90 -Dsun.zip.disableMemoryMapping=true -Xmx1G -Xms100m -Xlog:disable -javaagent:c:\Users\Admin\.vscode\extensions\redhat.java-1.35.1-win32-x64\lombok\lombok-1.18.33.jar -XX:+HeapDumpOnOutOfMemoryError -XX:HeapDumpPath=c:\Users\Admin\AppData\Roaming\Code\User\workspaceStorage\c947ea4c57f221a37de719cc15a61aff\redhat.java -Daether.dependencyCollector.impl=bf c:\Users\Admin\.vscode\extensions\redhat.java-1.35.1-win32-x64\server\plugins\org.eclipse.equinox.launcher_1.6.900.v20240613-2009.jar -configuration c:\Users\Admin\AppData\Roaming\Code\User\globalStorage\redhat.java\1.35.1\config_win -data c:\Users\Admin\AppData\Roaming\Code\User\workspaceStorage\c947ea4c57f221a37de719cc15a61aff\redhat.java\jdt_ws --pipe=\\.\pipe\lsp-f5d87a84dc9eed9067425dbffbd3ad7f-sock

Host: AMD Ryzen 5 4600G with Radeon Graphics, 12 cores, 15G,  Windows 11 , 64 bit Build 22621 (10.0.22621.3958)
Time: Sun Oct 20 21:56:00 2024 China Standard Time elapsed time: 31.592063 seconds (0d 0h 0m 31s)

---------------  T H R E A D  ---------------

Current thread (0x000002a53ea45ad0):  JavaThread "C2 CompilerThread0" daemon [_thread_in_native, id=32592, stack(0x000000b19e000000,0x000000b19e100000)]


Current CompileTask:
C2:  31592 8673 %     4       java.io.DataOutputStream::writeUTF @ 10 (411 bytes)

Stack: [0x000000b19e000000,0x000000b19e100000]
Native frames: (J=compiled Java code, j=interpreted, Vv=VM code, C=native code)
V  [jvm.dll+0x67f929]
V  [jvm.dll+0x8371ba]
V  [jvm.dll+0x838c7e]
V  [jvm.dll+0x8392e3]
V  [jvm.dll+0x24834f]
V  [jvm.dll+0xac9d4]
V  [jvm.dll+0xad01c]
V  [jvm.dll+0x3674a7]
V  [jvm.dll+0x1bd376]
V  [jvm.dll+0x21aa09]
V  [jvm.dll+0x219cf1]
V  [jvm.dll+0x1a58bd]
V  [jvm.dll+0x229a2d]
V  [jvm.dll+0x227bdc]
V  [jvm.dll+0x7ec1f7]
V  [jvm.dll+0x7e65dc]
V  [jvm.dll+0x67e7f7]
C  [ucrtbase.dll+0x29333]
C  [KERNEL32.DLL+0x1257d]
C  [ntdll.dll+0x5af08]


---------------  P R O C E S S  ---------------

Threads class SMR info:
_java_thread_list=0x000002a545dfef00, length=52, elements={
0x000002a523ba31c0, 0x000002a539973030, 0x000002a539975740, 0x000002a53997e2c0,
0x000002a53ea43000, 0x000002a53ea438d0, 0x000002a53ea44c30, 0x000002a53ea45ad0,
0x000002a53ea46d20, 0x000002a53ea5b5d0, 0x000002a53ebd9f80, 0x000002a5401c8070,
0x000002a5409b93f0, 0x000002a540e7c1a0, 0x000002a540d62330, 0x000002a54114cab0,
0x000002a540ee5d60, 0x000002a54133eb90, 0x000002a54133dc60, 0x000002a54133f0a0,
0x000002a54133e680, 0x000002a54133be00, 0x000002a54133e170, 0x000002a54133b8f0,
0x000002a54133c310, 0x000002a54133cd30, 0x000002a54133d240, 0x000002a54133d750,
0x000002a5426e2fa0, 0x000002a5426e8fd0, 0x000002a5426e6c60, 0x000002a5426e4e00,
0x000002a5426e7170, 0x000002a5426e43e0, 0x000002a5426e2a90, 0x000002a5426e6240,
0x000002a5426e34b0, 0x000002a5426e85b0, 0x000002a5426e94e0, 0x000002a5426e2070,
0x000002a5426e7680, 0x000002a5426e3ed0, 0x000002a5426e80a0, 0x000002a5426e5310,
0x000002a5426e99f0, 0x000002a5426e48f0, 0x000002a5426e5d30, 0x000002a5426e7b90,
0x000002a5426e6750, 0x000002a5426e2580, 0x000002a544679010, 0x000002a544678020
}

Java Threads: ( => current thread )
  0x000002a523ba31c0 JavaThread "main" [_thread_blocked, id=24348, stack(0x000000b19d700000,0x000000b19d800000)]
  0x000002a539973030 JavaThread "Reference Handler" daemon [_thread_blocked, id=27896, stack(0x000000b19da00000,0x000000b19db00000)]
  0x000002a539975740 JavaThread "Finalizer" daemon [_thread_blocked, id=26504, stack(0x000000b19db00000,0x000000b19dc00000)]
  0x000002a53997e2c0 JavaThread "Signal Dispatcher" daemon [_thread_blocked, id=29092, stack(0x000000b19dc00000,0x000000b19dd00000)]
  0x000002a53ea43000 JavaThread "Attach Listener" daemon [_thread_blocked, id=27844, stack(0x000000b19dd00000,0x000000b19de00000)]
  0x000002a53ea438d0 JavaThread "Service Thread" daemon [_thread_blocked, id=13756, stack(0x000000b19de00000,0x000000b19df00000)]
  0x000002a53ea44c30 JavaThread "Monitor Deflation Thread" daemon [_thread_blocked, id=30492, stack(0x000000b19df00000,0x000000b19e000000)]
=>0x000002a53ea45ad0 JavaThread "C2 CompilerThread0" daemon [_thread_in_native, id=32592, stack(0x000000b19e000000,0x000000b19e100000)]
  0x000002a53ea46d20 JavaThread "C1 CompilerThread0" daemon [_thread_in_native, id=33280, stack(0x000000b19e100000,0x000000b19e200000)]
  0x000002a53ea5b5d0 JavaThread "Sweeper thread" daemon [_thread_blocked, id=31828, stack(0x000000b19e200000,0x000000b19e300000)]
  0x000002a53ebd9f80 JavaThread "Common-Cleaner" daemon [_thread_blocked, id=28348, stack(0x000000b19e300000,0x000000b19e400000)]
  0x000002a5401c8070 JavaThread "Notification Thread" daemon [_thread_blocked, id=27620, stack(0x000000b19e400000,0x000000b19e500000)]
  0x000002a5409b93f0 JavaThread "Active Thread: Equinox Container: 2ed6997c-c71c-4655-aa19-26be8d87c5ab" [_thread_in_Java, id=28100, stack(0x000000b19ed00000,0x000000b19ee00000)]
  0x000002a540e7c1a0 JavaThread "Framework Event Dispatcher: Equinox Container: 2ed6997c-c71c-4655-aa19-26be8d87c5ab" daemon [_thread_blocked, id=28916, stack(0x000000b19ef00000,0x000000b19f000000)]
  0x000002a540d62330 JavaThread "Start Level: Equinox Container: 2ed6997c-c71c-4655-aa19-26be8d87c5ab" daemon [_thread_blocked, id=33276, stack(0x000000b19f000000,0x000000b19f100000)]
  0x000002a54114cab0 JavaThread "Bundle File Closer" daemon [_thread_blocked, id=30928, stack(0x000000b19f200000,0x000000b19f300000)]
  0x000002a540ee5d60 JavaThread "SCR Component Actor" daemon [_thread_blocked, id=33236, stack(0x000000b19f400000,0x000000b19f500000)]
  0x000002a54133eb90 JavaThread "Worker-JM" [_thread_blocked, id=27576, stack(0x000000b19f600000,0x000000b19f700000)]
  0x000002a54133dc60 JavaThread "JNA Cleaner" daemon [_thread_blocked, id=25260, stack(0x000000b19f700000,0x000000b19f800000)]
  0x000002a54133f0a0 JavaThread "Worker-0" [_thread_blocked, id=3632, stack(0x000000b19f800000,0x000000b19f900000)]
  0x000002a54133e680 JavaThread "Worker-1" [_thread_blocked, id=31324, stack(0x000000b19f900000,0x000000b19fa00000)]
  0x000002a54133be00 JavaThread "Java indexing" daemon [_thread_blocked, id=33480, stack(0x000000b19fb00000,0x000000b19fc00000)]
  0x000002a54133e170 JavaThread "Thread-2" daemon [_thread_in_native, id=19384, stack(0x000000b19fe00000,0x000000b19ff00000)]
  0x000002a54133b8f0 JavaThread "Thread-3" daemon [_thread_in_native, id=24164, stack(0x000000b19ff00000,0x000000b1a0000000)]
  0x000002a54133c310 JavaThread "Thread-4" daemon [_thread_in_native, id=26660, stack(0x000000b1a0000000,0x000000b1a0100000)]
  0x000002a54133cd30 JavaThread "Thread-5" daemon [_thread_in_native, id=28272, stack(0x000000b1a0100000,0x000000b1a0200000)]
  0x000002a54133d240 JavaThread "Thread-6" daemon [_thread_in_native, id=27064, stack(0x000000b1a0200000,0x000000b1a0300000)]
  0x000002a54133d750 JavaThread "Thread-7" daemon [_thread_in_native, id=13580, stack(0x000000b1a0300000,0x000000b1a0400000)]
  0x000002a5426e2fa0 JavaThread "Thread-8" daemon [_thread_in_native, id=30912, stack(0x000000b1a0400000,0x000000b1a0500000)]
  0x000002a5426e8fd0 JavaThread "Thread-9" daemon [_thread_in_native, id=20084, stack(0x000000b1a0500000,0x000000b1a0600000)]
  0x000002a5426e6c60 JavaThread "Thread-10" daemon [_thread_in_native, id=28956, stack(0x000000b1a0600000,0x000000b1a0700000)]
  0x000002a5426e4e00 JavaThread "Thread-11" daemon [_thread_in_native, id=27360, stack(0x000000b1a0700000,0x000000b1a0800000)]
  0x000002a5426e7170 JavaThread "Thread-12" daemon [_thread_in_native, id=23372, stack(0x000000b1a0800000,0x000000b1a0900000)]
  0x000002a5426e43e0 JavaThread "Thread-13" daemon [_thread_in_native, id=30620, stack(0x000000b1a0900000,0x000000b1a0a00000)]
  0x000002a5426e2a90 JavaThread "Thread-14" daemon [_thread_in_native, id=2528, stack(0x000000b1a0a00000,0x000000b1a0b00000)]
  0x000002a5426e6240 JavaThread "pool-2-thread-1" [_thread_blocked, id=4864, stack(0x000000b1a0b00000,0x000000b1a0c00000)]
  0x000002a5426e34b0 JavaThread "Worker-2" [_thread_blocked, id=28292, stack(0x000000b1a0c00000,0x000000b1a0d00000)]
  0x000002a5426e85b0 JavaThread "WorkspaceEventsHandler" [_thread_blocked, id=26644, stack(0x000000b1a0d00000,0x000000b1a0e00000)]
  0x000002a5426e94e0 JavaThread "pool-1-thread-1" [_thread_blocked, id=22892, stack(0x000000b1a0e00000,0x000000b1a0f00000)]
  0x000002a5426e2070 JavaThread "Worker-3" [_thread_blocked, id=26032, stack(0x000000b1a0f00000,0x000000b1a1000000)]
  0x000002a5426e7680 JavaThread "Timer-0" [_thread_blocked, id=31600, stack(0x000000b1a1000000,0x000000b1a1100000)]
  0x000002a5426e3ed0 JavaThread "Exec process" [_thread_blocked, id=33120, stack(0x000000b19ee00000,0x000000b19ef00000)]
  0x000002a5426e80a0 JavaThread "Exec process Thread 2" [_thread_blocked, id=32044, stack(0x000000b19fa00000,0x000000b19fb00000)]
  0x000002a5426e5310 JavaThread "Exec process Thread 3" [_thread_blocked, id=32424, stack(0x000000b1a1200000,0x000000b1a1300000)]
  0x000002a5426e99f0 JavaThread "Timer-1" [_thread_blocked, id=20488, stack(0x000000b1a1100000,0x000000b1a1200000)]
  0x000002a5426e48f0 JavaThread "ForkJoinPool.commonPool-worker-1" daemon [_thread_blocked, id=14660, stack(0x000000b1a1500000,0x000000b1a1600000)]
  0x000002a5426e5d30 JavaThread "ForkJoinPool.commonPool-worker-2" daemon [_thread_blocked, id=32836, stack(0x000000b1a1600000,0x000000b1a1700000)]
  0x000002a5426e7b90 JavaThread "ForkJoinPool.commonPool-worker-3" daemon [_thread_blocked, id=27916, stack(0x000000b1a1700000,0x000000b1a1800000)]
  0x000002a5426e6750 JavaThread "ForkJoinPool.commonPool-worker-4" daemon [_thread_blocked, id=29756, stack(0x000000b1a1800000,0x000000b1a1900000)]
  0x000002a5426e2580 JavaThread "Worker-4" [_thread_blocked, id=33272, stack(0x000000b1a1900000,0x000000b1a1a00000)]
  0x000002a544679010 JavaThread "C2 CompilerThread1" daemon [_thread_in_native, id=33568, stack(0x000000b1a1300000,0x000000b1a1400000)]
  0x000002a544678020 JavaThread "C2 CompilerThread2" daemon [_thread_in_native, id=32532, stack(0x000000b1a1400000,0x000000b1a1500000)]

Other Threads:
  0x000002a53ea24870 VMThread "VM Thread" [stack: 0x000000b19d900000,0x000000b19da00000] [id=30072]
  0x000002a53ed30300 WatcherThread [stack: 0x000000b19e500000,0x000000b19e600000] [id=32908]
  0x000002a523bb8240 GCTaskThread "GC Thread#0" [stack: 0x000000b19d800000,0x000000b19d900000] [id=32228]
  0x000002a54057e850 GCTaskThread "GC Thread#1" [stack: 0x000000b19e700000,0x000000b19e800000] [id=30000]
  0x000002a540b7c680 GCTaskThread "GC Thread#2" [stack: 0x000000b19e800000,0x000000b19e900000] [id=8996]
  0x000002a540b7c940 GCTaskThread "GC Thread#3" [stack: 0x000000b19e900000,0x000000b19ea00000] [id=30860]
  0x000002a5408242b0 GCTaskThread "GC Thread#4" [stack: 0x000000b19ea00000,0x000000b19eb00000] [id=26436]
  0x000002a540824570 GCTaskThread "GC Thread#5" [stack: 0x000000b19eb00000,0x000000b19ec00000] [id=26760]
  0x000002a540824830 GCTaskThread "GC Thread#6" [stack: 0x000000b19ec00000,0x000000b19ed00000] [id=18644]
  0x000002a5405ca3f0 GCTaskThread "GC Thread#7" [stack: 0x000000b19f100000,0x000000b19f200000] [id=33224]
  0x000002a5412d0ac0 GCTaskThread "GC Thread#8" [stack: 0x000000b19f300000,0x000000b19f400000] [id=33124]
  0x000002a5413dbc50 GCTaskThread "GC Thread#9" [stack: 0x000000b19f500000,0x000000b19f600000] [id=14848]

Threads with active compile tasks:
C2 CompilerThread0    31634 8673 %     4       java.io.DataOutputStream::writeUTF @ 10 (411 bytes)
C1 CompilerThread0    31634 8712       3       org.eclipse.osgi.container.ModuleWiring::getPersistentWires (99 bytes)
C2 CompilerThread1    31634 8706       4       org.eclipse.osgi.container.ModuleDatabase$Persistence::addToWriteTable (77 bytes)
C2 CompilerThread2    31634 8697       4       org.eclipse.osgi.container.ModuleDatabase$Persistence::writeString (99 bytes)

VM state: not at safepoint (normal execution)

VM Mutex/Monitor currently owned by a thread: None

Heap address: 0x00000000c0000000, size: 1024 MB, Compressed Oops mode: 32-bit

CDS archive(s) not mapped
Compressed class space mapped at: 0x0000000100000000-0x0000000140000000, reserved size: 1073741824
Narrow klass base: 0x0000000000000000, Narrow klass shift: 3, Narrow klass range: 0x140000000

GC Precious Log:
 CPUs: 12 total, 12 available
 Memory: 15761M
 Large Page Support: Disabled
 NUMA Support: Disabled
 Compressed Oops: Enabled (32-bit)
 Alignments: Space 512K, Generation 512K, Heap 2M
 Heap Min Capacity: 100M
 Heap Initial Capacity: 100M
 Heap Max Capacity: 1G
 Pre-touch: Disabled
 Parallel Workers: 10

Heap:
 PSYoungGen      total 47616K, used 40156K [0x00000000eab00000, 0x00000000f0300000, 0x0000000100000000)
  eden space 33280K, 87% used [0x00000000eab00000,0x00000000ec78d9d8,0x00000000ecb80000)
  from space 14336K, 76% used [0x00000000ecb80000,0x00000000ed6298c8,0x00000000ed980000)
  to   space 26624K, 0% used [0x00000000ee900000,0x00000000ee900000,0x00000000f0300000)
 ParOldGen       total 322560K, used 265056K [0x00000000c0000000, 0x00000000d3b00000, 0x00000000eab00000)
  object space 322560K, 82% used [0x00000000c0000000,0x00000000d02d82d0,0x00000000d3b00000)
 Metaspace       used 68589K, committed 69696K, reserved 1114112K
  class space    used 7889K, committed 8320K, reserved 1048576K

Card table byte_map: [0x000002a5371f0000,0x000002a537400000] _byte_map_base: 0x000002a536bf0000

Marking Bits: (ParMarkBitMap*) 0x00007ffc0e6758b0
 Begin Bits: [0x000002a537560000, 0x000002a538560000)
 End Bits:   [0x000002a538560000, 0x000002a539560000)

Polling page: 0x000002a527fe0000

Metaspace:

Usage:
  Non-class:     59.28 MB used.
      Class:      7.70 MB used.
       Both:     66.98 MB used.

Virtual space:
  Non-class space:       64.00 MB reserved,      59.94 MB ( 94%) committed,  1 nodes.
      Class space:        1.00 GB reserved,       8.12 MB ( <1%) committed,  1 nodes.
             Both:        1.06 GB reserved,      68.06 MB (  6%) committed. 

Chunk freelists:
   Non-Class:  3.23 MB
       Class:  7.79 MB
        Both:  11.02 MB

MaxMetaspaceSize: unlimited
CompressedClassSpaceSize: 1.00 GB
Initial GC threshold: 21.00 MB
Current GC threshold: 113.12 MB
CDS: off
MetaspaceReclaimPolicy: balanced
 - commit_granule_bytes: 65536.
 - commit_granule_words: 8192.
 - virtual_space_node_default_size: 8388608.
 - enlarge_chunks_in_place: 1.
 - new_chunks_are_fully_committed: 0.
 - uncommit_free_chunks: 1.
 - use_allocation_guard: 0.
 - handle_deallocations: 1.


Internal statistics:

num_allocs_failed_limit: 9.
num_arena_births: 740.
num_arena_deaths: 14.
num_vsnodes_births: 2.
num_vsnodes_deaths: 0.
num_space_committed: 1089.
num_space_uncommitted: 0.
num_chunks_returned_to_freelist: 23.
num_chunks_taken_from_freelist: 3357.
num_chunk_merges: 15.
num_chunk_splits: 2180.
num_chunks_enlarged: 1432.
num_inconsistent_stats: 0.

CodeHeap 'non-profiled nmethods': size=120000Kb used=6255Kb max_used=6255Kb free=113744Kb
 bounds [0x000002a52fad0000, 0x000002a5300f0000, 0x000002a537000000]
CodeHeap 'profiled nmethods': size=120000Kb used=14019Kb max_used=14144Kb free=105980Kb
 bounds [0x000002a528000000, 0x000002a528df0000, 0x000002a52f530000]
CodeHeap 'non-nmethods': size=5760Kb used=1348Kb max_used=1444Kb free=4411Kb
 bounds [0x000002a52f530000, 0x000002a52f7a0000, 0x000002a52fad0000]
 total_blobs=7996 nmethods=7303 adapters=607
 compilation: enabled
              stopped_count=0, restarted_count=0
 full_count=0

Compilation events (20 events):
Event: 31.581 Thread 0x000002a53ea46d20 8684       3       java.util.Collections::unmodifiableSet (20 bytes)
Event: 31.581 Thread 0x000002a53ea46d20 nmethod 8684 0x000002a5282b0c10 code [0x000002a5282b0de0, 0x000002a5282b11e8]
Event: 31.581 Thread 0x000002a53ea46d20 8686       3       org.eclipse.osgi.container.ModuleDatabase$Persistence::writeVersion (88 bytes)
Event: 31.582 Thread 0x000002a53ea46d20 nmethod 8686 0x000002a5282af690 code [0x000002a5282af960, 0x000002a5282b0718]
Event: 31.582 Thread 0x000002a544679010 nmethod 8667 0x000002a5300e4010 code [0x000002a5300e41c0, 0x000002a5300e4698]
Event: 31.582 Thread 0x000002a53ea46d20 8688       3       org.eclipse.osgi.container.ModuleDatabase$Persistence::writeMap (308 bytes)
Event: 31.582 Thread 0x000002a544679010 8690       4       java.util.ArrayList::hashCodeRange (68 bytes)
Event: 31.584 Thread 0x000002a53ea46d20 nmethod 8688 0x000002a52857e390 code [0x000002a52857e920, 0x000002a528581958]
Event: 31.584 Thread 0x000002a53ea46d20 8685       3       java.util.Collections$UnmodifiableMap::keySet (28 bytes)
Event: 31.584 Thread 0x000002a544678020 8694       4       java.util.HashMap::getNode (150 bytes)
Event: 31.585 Thread 0x000002a53ea46d20 nmethod 8685 0x000002a5282aed10 code [0x000002a5282aef00, 0x000002a5282af498]
Event: 31.585 Thread 0x000002a53ea46d20 8687       3       java.util.Collections$UnmodifiableList::hashCode (10 bytes)
Event: 31.585 Thread 0x000002a53ea46d20 nmethod 8687 0x000002a5282ae890 code [0x000002a5282aea40, 0x000002a5282aec08]
Event: 31.585 Thread 0x000002a53ea46d20 8691       3       org.eclipse.osgi.container.ModuleDatabase$Persistence::getListType (59 bytes)
Event: 31.585 Thread 0x000002a53ea46d20 nmethod 8691 0x000002a5282add90 code [0x000002a5282adfa0, 0x000002a5282ae7b8]
Event: 31.585 Thread 0x000002a53ea46d20 8696       3       java.util.Collections$SingletonMap::keySet (23 bytes)
Event: 31.586 Thread 0x000002a53ea46d20 nmethod 8696 0x000002a5282ad690 code [0x000002a5282ad840, 0x000002a5282adbf8]
Event: 31.589 Thread 0x000002a544678020 nmethod 8694 0x000002a5300e4a10 code [0x000002a5300e4bc0, 0x000002a5300e5098]
Event: 31.589 Thread 0x000002a544678020 8695       4       java.util.HashMap::get (19 bytes)
Event: 31.589 Thread 0x000002a53ea46d20 8698       3       org.eclipse.osgi.container.ModuleDatabase$Persistence::writeList (278 bytes)

GC Heap History (20 events):
Event: 18.917 GC heap before
{Heap before GC invocations=188 (full 10):
 PSYoungGen      total 24064K, used 23596K [0x00000000eab00000, 0x00000000ec780000, 0x0000000100000000)
  eden space 19456K, 100% used [0x00000000eab00000,0x00000000ebe00000,0x00000000ebe00000)
  from space 4608K, 89% used [0x00000000ec300000,0x00000000ec70b3d0,0x00000000ec780000)
  to   space 4608K, 0% used [0x00000000ebe80000,0x00000000ebe80000,0x00000000ec300000)
 ParOldGen       total 265216K, used 220461K [0x00000000c0000000, 0x00000000d0300000, 0x00000000eab00000)
  object space 265216K, 83% used [0x00000000c0000000,0x00000000cd74b540,0x00000000d0300000)
 Metaspace       used 68460K, committed 69568K, reserved 1114112K
  class space    used 7881K, committed 8320K, reserved 1048576K
}
Event: 18.921 GC heap after
{Heap after GC invocations=188 (full 10):
 PSYoungGen      total 24576K, used 4603K [0x00000000eab00000, 0x00000000ed200000, 0x0000000100000000)
  eden space 19968K, 0% used [0x00000000eab00000,0x00000000eab00000,0x00000000ebe80000)
  from space 4608K, 99% used [0x00000000ebe80000,0x00000000ec2fed50,0x00000000ec300000)
  to   space 9216K, 0% used [0x00000000ec900000,0x00000000ec900000,0x00000000ed200000)
 ParOldGen       total 265216K, used 224161K [0x00000000c0000000, 0x00000000d0300000, 0x00000000eab00000)
  object space 265216K, 84% used [0x00000000c0000000,0x00000000cdae8688,0x00000000d0300000)
 Metaspace       used 68460K, committed 69568K, reserved 1114112K
  class space    used 7881K, committed 8320K, reserved 1048576K
}
Event: 18.958 GC heap before
{Heap before GC invocations=189 (full 10):
 PSYoungGen      total 24576K, used 24571K [0x00000000eab00000, 0x00000000ed200000, 0x0000000100000000)
  eden space 19968K, 100% used [0x00000000eab00000,0x00000000ebe80000,0x00000000ebe80000)
  from space 4608K, 99% used [0x00000000ebe80000,0x00000000ec2fed50,0x00000000ec300000)
  to   space 9216K, 0% used [0x00000000ec900000,0x00000000ec900000,0x00000000ed200000)
 ParOldGen       total 265216K, used 224161K [0x00000000c0000000, 0x00000000d0300000, 0x00000000eab00000)
  object space 265216K, 84% used [0x00000000c0000000,0x00000000cdae8688,0x00000000d0300000)
 Metaspace       used 68460K, committed 69568K, reserved 1114112K
  class space    used 7881K, committed 8320K, reserved 1048576K
}
Event: 18.963 GC heap after
{Heap after GC invocations=189 (full 10):
 PSYoungGen      total 29184K, used 7085K [0x00000000eab00000, 0x00000000ed000000, 0x0000000100000000)
  eden space 22016K, 0% used [0x00000000eab00000,0x00000000eab00000,0x00000000ec080000)
  from space 7168K, 98% used [0x00000000ec900000,0x00000000ecfeb780,0x00000000ed000000)
  to   space 7680K, 0% used [0x00000000ec100000,0x00000000ec100000,0x00000000ec880000)
 ParOldGen       total 265216K, used 226184K [0x00000000c0000000, 0x00000000d0300000, 0x00000000eab00000)
  object space 265216K, 85% used [0x00000000c0000000,0x00000000cdce2028,0x00000000d0300000)
 Metaspace       used 68460K, committed 69568K, reserved 1114112K
  class space    used 7881K, committed 8320K, reserved 1048576K
}
Event: 19.004 GC heap before
{Heap before GC invocations=190 (full 10):
 PSYoungGen      total 29184K, used 29101K [0x00000000eab00000, 0x00000000ed000000, 0x0000000100000000)
  eden space 22016K, 100% used [0x00000000eab00000,0x00000000ec080000,0x00000000ec080000)
  from space 7168K, 98% used [0x00000000ec900000,0x00000000ecfeb780,0x00000000ed000000)
  to   space 7680K, 0% used [0x00000000ec100000,0x00000000ec100000,0x00000000ec880000)
 ParOldGen       total 265216K, used 226184K [0x00000000c0000000, 0x00000000d0300000, 0x00000000eab00000)
  object space 265216K, 85% used [0x00000000c0000000,0x00000000cdce2028,0x00000000d0300000)
 Metaspace       used 68460K, committed 69568K, reserved 1114112K
  class space    used 7881K, committed 8320K, reserved 1048576K
}
Event: 19.007 GC heap after
{Heap after GC invocations=190 (full 10):
 PSYoungGen      total 30208K, used 7670K [0x00000000eab00000, 0x00000000eda80000, 0x0000000100000000)
  eden space 22528K, 0% used [0x00000000eab00000,0x00000000eab00000,0x00000000ec100000)
  from space 7680K, 99% used [0x00000000ec100000,0x00000000ec87d9e0,0x00000000ec880000)
  to   space 12288K, 0% used [0x00000000ece80000,0x00000000ece80000,0x00000000eda80000)
 ParOldGen       total 265216K, used 229802K [0x00000000c0000000, 0x00000000d0300000, 0x00000000eab00000)
  object space 265216K, 86% used [0x00000000c0000000,0x00000000ce06ab58,0x00000000d0300000)
 Metaspace       used 68460K, committed 69568K, reserved 1114112K
  class space    used 7881K, committed 8320K, reserved 1048576K
}
Event: 19.050 GC heap before
{Heap before GC invocations=191 (full 10):
 PSYoungGen      total 30208K, used 30198K [0x00000000eab00000, 0x00000000eda80000, 0x0000000100000000)
  eden space 22528K, 100% used [0x00000000eab00000,0x00000000ec100000,0x00000000ec100000)
  from space 7680K, 99% used [0x00000000ec100000,0x00000000ec87d9e0,0x00000000ec880000)
  to   space 12288K, 0% used [0x00000000ece80000,0x00000000ece80000,0x00000000eda80000)
 ParOldGen       total 265216K, used 229802K [0x00000000c0000000, 0x00000000d0300000, 0x00000000eab00000)
  object space 265216K, 86% used [0x00000000c0000000,0x00000000ce06ab58,0x00000000d0300000)
 Metaspace       used 68460K, committed 69568K, reserved 1114112K
  class space    used 7881K, committed 8320K, reserved 1048576K
}
Event: 19.057 GC heap after
{Heap after GC invocations=191 (full 10):
 PSYoungGen      total 33280K, used 8380K [0x00000000eab00000, 0x00000000ed700000, 0x0000000100000000)
  eden space 24576K, 0% used [0x00000000eab00000,0x00000000eab00000,0x00000000ec300000)
  from space 8704K, 96% used [0x00000000ece80000,0x00000000ed6af188,0x00000000ed700000)
  to   space 9728K, 0% used [0x00000000ec400000,0x00000000ec400000,0x00000000ecd80000)
 ParOldGen       total 265216K, used 234214K [0x00000000c0000000, 0x00000000d0300000, 0x00000000eab00000)
  object space 265216K, 88% used [0x00000000c0000000,0x00000000ce4b9b80,0x00000000d0300000)
 Metaspace       used 68460K, committed 69568K, reserved 1114112K
  class space    used 7881K, committed 8320K, reserved 1048576K
}
Event: 19.100 GC heap before
{Heap before GC invocations=192 (full 10):
 PSYoungGen      total 33280K, used 32956K [0x00000000eab00000, 0x00000000ed700000, 0x0000000100000000)
  eden space 24576K, 100% used [0x00000000eab00000,0x00000000ec300000,0x00000000ec300000)
  from space 8704K, 96% used [0x00000000ece80000,0x00000000ed6af188,0x00000000ed700000)
  to   space 9728K, 0% used [0x00000000ec400000,0x00000000ec400000,0x00000000ecd80000)
 ParOldGen       total 265216K, used 234214K [0x00000000c0000000, 0x00000000d0300000, 0x00000000eab00000)
  object space 265216K, 88% used [0x00000000c0000000,0x00000000ce4b9b80,0x00000000d0300000)
 Metaspace       used 68460K, committed 69568K, reserved 1114112K
  class space    used 7881K, committed 8320K, reserved 1048576K
}
Event: 19.105 GC heap after
{Heap after GC invocations=192 (full 10):
 PSYoungGen      total 35328K, used 9699K [0x00000000eab00000, 0x00000000ee280000, 0x0000000100000000)
  eden space 25600K, 0% used [0x00000000eab00000,0x00000000eab00000,0x00000000ec400000)
  from space 9728K, 99% used [0x00000000ec400000,0x00000000ecd78d30,0x00000000ecd80000)
  to   space 14848K, 0% used [0x00000000ed400000,0x00000000ed400000,0x00000000ee280000)
 ParOldGen       total 265216K, used 237967K [0x00000000c0000000, 0x00000000d0300000, 0x00000000eab00000)
  object space 265216K, 89% used [0x00000000c0000000,0x00000000ce863c80,0x00000000d0300000)
 Metaspace       used 68460K, committed 69568K, reserved 1114112K
  class space    used 7881K, committed 8320K, reserved 1048576K
}
Event: 19.153 GC heap before
{Heap before GC invocations=193 (full 10):
 PSYoungGen      total 35328K, used 35279K [0x00000000eab00000, 0x00000000ee280000, 0x0000000100000000)
  eden space 25600K, 99% used [0x00000000eab00000,0x00000000ec3fb038,0x00000000ec400000)
  from space 9728K, 99% used [0x00000000ec400000,0x00000000ecd78d30,0x00000000ecd80000)
  to   space 14848K, 0% used [0x00000000ed400000,0x00000000ed400000,0x00000000ee280000)
 ParOldGen       total 265216K, used 237967K [0x00000000c0000000, 0x00000000d0300000, 0x00000000eab00000)
  object space 265216K, 89% used [0x00000000c0000000,0x00000000ce863c80,0x00000000d0300000)
 Metaspace       used 68460K, committed 69568K, reserved 1114112K
  class space    used 7881K, committed 8320K, reserved 1048576K
}
Event: 19.158 GC heap after
{Heap after GC invocations=193 (full 10):
 PSYoungGen      total 37888K, used 9564K [0x00000000eab00000, 0x00000000edd80000, 0x0000000100000000)
  eden space 28160K, 0% used [0x00000000eab00000,0x00000000eab00000,0x00000000ec680000)
  from space 9728K, 98% used [0x00000000ed400000,0x00000000edd57018,0x00000000edd80000)
  to   space 11264K, 0% used [0x00000000ec780000,0x00000000ec780000,0x00000000ed280000)
 ParOldGen       total 265216K, used 243735K [0x00000000c0000000, 0x00000000d0300000, 0x00000000eab00000)
  object space 265216K, 91% used [0x00000000c0000000,0x00000000cee05e78,0x00000000d0300000)
 Metaspace       used 68460K, committed 69568K, reserved 1114112K
  class space    used 7881K, committed 8320K, reserved 1048576K
}
Event: 19.202 GC heap before
{Heap before GC invocations=194 (full 10):
 PSYoungGen      total 37888K, used 37724K [0x00000000eab00000, 0x00000000edd80000, 0x0000000100000000)
  eden space 28160K, 100% used [0x00000000eab00000,0x00000000ec680000,0x00000000ec680000)
  from space 9728K, 98% used [0x00000000ed400000,0x00000000edd57018,0x00000000edd80000)
  to   space 11264K, 0% used [0x00000000ec780000,0x00000000ec780000,0x00000000ed280000)
 ParOldGen       total 265216K, used 243735K [0x00000000c0000000, 0x00000000d0300000, 0x00000000eab00000)
  object space 265216K, 91% used [0x00000000c0000000,0x00000000cee05e78,0x00000000d0300000)
 Metaspace       used 68460K, committed 69568K, reserved 1114112K
  class space    used 7881K, committed 8320K, reserved 1048576K
}
Event: 19.207 GC heap after
{Heap after GC invocations=194 (full 10):
 PSYoungGen      total 40448K, used 11258K [0x00000000eab00000, 0x00000000eec00000, 0x0000000100000000)
  eden space 29184K, 0% used [0x00000000eab00000,0x00000000eab00000,0x00000000ec780000)
  from space 11264K, 99% used [0x00000000ec780000,0x00000000ed27eb60,0x00000000ed280000)
  to   space 17920K, 0% used [0x00000000eda80000,0x00000000eda80000,0x00000000eec00000)
 ParOldGen       total 265216K, used 249109K [0x00000000c0000000, 0x00000000d0300000, 0x00000000eab00000)
  object space 265216K, 93% used [0x00000000c0000000,0x00000000cf3454f8,0x00000000d0300000)
 Metaspace       used 68460K, committed 69568K, reserved 1114112K
  class space    used 7881K, committed 8320K, reserved 1048576K
}
Event: 19.244 GC heap before
{Heap before GC invocations=195 (full 10):
 PSYoungGen      total 40448K, used 40442K [0x00000000eab00000, 0x00000000eec00000, 0x0000000100000000)
  eden space 29184K, 100% used [0x00000000eab00000,0x00000000ec780000,0x00000000ec780000)
  from space 11264K, 99% used [0x00000000ec780000,0x00000000ed27eb60,0x00000000ed280000)
  to   space 17920K, 0% used [0x00000000eda80000,0x00000000eda80000,0x00000000eec00000)
 ParOldGen       total 265216K, used 249109K [0x00000000c0000000, 0x00000000d0300000, 0x00000000eab00000)
  object space 265216K, 93% used [0x00000000c0000000,0x00000000cf3454f8,0x00000000d0300000)
 Metaspace       used 68460K, committed 69568K, reserved 1114112K
  class space    used 7881K, committed 8320K, reserved 1048576K
}
Event: 19.251 GC heap after
{Heap after GC invocations=195 (full 10):
 PSYoungGen      total 45568K, used 12915K [0x00000000eab00000, 0x00000000ee780000, 0x0000000100000000)
  eden space 32256K, 0% used [0x00000000eab00000,0x00000000eab00000,0x00000000eca80000)
  from space 13312K, 97% used [0x00000000eda80000,0x00000000ee71ce50,0x00000000ee780000)
  to   space 14336K, 0% used [0x00000000ecb80000,0x00000000ecb80000,0x00000000ed980000)
 ParOldGen       total 265216K, used 255143K [0x00000000c0000000, 0x00000000d0300000, 0x00000000eab00000)
  object space 265216K, 96% used [0x00000000c0000000,0x00000000cf929f20,0x00000000d0300000)
 Metaspace       used 68460K, committed 69568K, reserved 1114112K
  class space    used 7881K, committed 8320K, reserved 1048576K
}
Event: 19.273 GC heap before
{Heap before GC invocations=196 (full 10):
 PSYoungGen      total 45568K, used 45140K [0x00000000eab00000, 0x00000000ee780000, 0x0000000100000000)
  eden space 32256K, 99% used [0x00000000eab00000,0x00000000eca783d8,0x00000000eca80000)
  from space 13312K, 97% used [0x00000000eda80000,0x00000000ee71ce50,0x00000000ee780000)
  to   space 14336K, 0% used [0x00000000ecb80000,0x00000000ecb80000,0x00000000ed980000)
 ParOldGen       total 265216K, used 255143K [0x00000000c0000000, 0x00000000d0300000, 0x00000000eab00000)
  object space 265216K, 96% used [0x00000000c0000000,0x00000000cf929f20,0x00000000d0300000)
 Metaspace       used 68460K, committed 69568K, reserved 1114112K
  class space    used 7881K, committed 8320K, reserved 1048576K
}
Event: 19.280 GC heap after
{Heap after GC invocations=196 (full 10):
 PSYoungGen      total 47616K, used 14318K [0x00000000eab00000, 0x00000000f0200000, 0x0000000100000000)
  eden space 33280K, 0% used [0x00000000eab00000,0x00000000eab00000,0x00000000ecb80000)
  from space 14336K, 99% used [0x00000000ecb80000,0x00000000ed97b8c0,0x00000000ed980000)
  to   space 26624K, 0% used [0x00000000ee800000,0x00000000ee800000,0x00000000f0200000)
 ParOldGen       total 265216K, used 265073K [0x00000000c0000000, 0x00000000d0300000, 0x00000000eab00000)
  object space 265216K, 99% used [0x00000000c0000000,0x00000000d02dc4c0,0x00000000d0300000)
 Metaspace       used 68460K, committed 69568K, reserved 1114112K
  class space    used 7881K, committed 8320K, reserved 1048576K
}
Event: 19.280 GC heap before
{Heap before GC invocations=197 (full 11):
 PSYoungGen      total 47616K, used 14318K [0x00000000eab00000, 0x00000000f0200000, 0x0000000100000000)
  eden space 33280K, 0% used [0x00000000eab00000,0x00000000eab00000,0x00000000ecb80000)
  from space 14336K, 99% used [0x00000000ecb80000,0x00000000ed97b8c0,0x00000000ed980000)
  to   space 26624K, 0% used [0x00000000ee800000,0x00000000ee800000,0x00000000f0200000)
 ParOldGen       total 265216K, used 265073K [0x00000000c0000000, 0x00000000d0300000, 0x00000000eab00000)
  object space 265216K, 99% used [0x00000000c0000000,0x00000000d02dc4c0,0x00000000d0300000)
 Metaspace       used 68460K, committed 69568K, reserved 1114112K
  class space    used 7881K, committed 8320K, reserved 1048576K
}
Event: 19.432 GC heap after
{Heap after GC invocations=197 (full 11):
 PSYoungGen      total 47616K, used 10918K [0x00000000eab00000, 0x00000000f0300000, 0x0000000100000000)
  eden space 33280K, 0% used [0x00000000eab00000,0x00000000eab00000,0x00000000ecb80000)
  from space 14336K, 76% used [0x00000000ecb80000,0x00000000ed6298c8,0x00000000ed980000)
  to   space 26624K, 0% used [0x00000000ee900000,0x00000000ee900000,0x00000000f0300000)
 ParOldGen       total 322560K, used 265056K [0x00000000c0000000, 0x00000000d3b00000, 0x00000000eab00000)
  object space 322560K, 82% used [0x00000000c0000000,0x00000000d02d82d0,0x00000000d3b00000)
 Metaspace       used 68460K, committed 69568K, reserved 1114112K
  class space    used 7881K, committed 8320K, reserved 1048576K
}

Dll operation events (15 events):
Event: 0.012 Loaded shared library c:\Users\Admin\.vscode\extensions\redhat.java-1.35.1-win32-x64\jre\17.0.12-win32-x86_64\bin\java.dll
Event: 0.188 Loaded shared library c:\Users\Admin\.vscode\extensions\redhat.java-1.35.1-win32-x64\jre\17.0.12-win32-x86_64\bin\zip.dll
Event: 0.191 Loaded shared library C:\Users\Admin\.vscode\extensions\redhat.java-1.35.1-win32-x64\jre\17.0.12-win32-x86_64\bin\instrument.dll
Event: 0.223 Loaded shared library C:\Users\Admin\.vscode\extensions\redhat.java-1.35.1-win32-x64\jre\17.0.12-win32-x86_64\bin\net.dll
Event: 0.226 Loaded shared library C:\Users\Admin\.vscode\extensions\redhat.java-1.35.1-win32-x64\jre\17.0.12-win32-x86_64\bin\nio.dll
Event: 0.235 Loaded shared library C:\Users\Admin\.vscode\extensions\redhat.java-1.35.1-win32-x64\jre\17.0.12-win32-x86_64\bin\zip.dll
Event: 0.257 Loaded shared library C:\Users\Admin\.vscode\extensions\redhat.java-1.35.1-win32-x64\jre\17.0.12-win32-x86_64\bin\jimage.dll
Event: 0.356 Loaded shared library c:\Users\Admin\.vscode\extensions\redhat.java-1.35.1-win32-x64\jre\17.0.12-win32-x86_64\bin\verify.dll
Event: 1.821 Loaded shared library C:\Users\Admin\AppData\Roaming\Code\User\globalStorage\redhat.java\1.35.1\config_win\org.eclipse.equinox.launcher\org.eclipse.equinox.launcher.win32.win32.x86_64_1.2.1100.v20240722-2106\eclipse_11904.dll
Event: 3.586 Loaded shared library C:\Users\Admin\AppData\Local\Temp\jna-63116079\jna718983210094473107.dll
Event: 8.739 Loaded shared library C:\Users\Admin\.gradle\native\68d5fa5c4cc2d200863cafc0d521ce42e7d3e7ee720ec0a83991735586a16f82\windows-amd64\native-platform.dll
Event: 9.822 Loaded shared library C:\Users\Admin\.vscode\extensions\redhat.java-1.35.1-win32-x64\jre\17.0.12-win32-x86_64\bin\management.dll
Event: 9.826 Loaded shared library C:\Users\Admin\.vscode\extensions\redhat.java-1.35.1-win32-x64\jre\17.0.12-win32-x86_64\bin\management_ext.dll
Event: 10.420 Loaded shared library C:\Users\Admin\.vscode\extensions\redhat.java-1.35.1-win32-x64\jre\17.0.12-win32-x86_64\bin\extnet.dll
Event: 10.466 Loaded shared library C:\Users\Admin\.vscode\extensions\redhat.java-1.35.1-win32-x64\jre\17.0.12-win32-x86_64\bin\sunmscapi.dll

Deoptimization events (20 events):
Event: 31.577 Thread 0x000002a5409b93f0 DEOPT PACKING pc=0x000002a528b2e3fa sp=0x000000b19edfeb20
Event: 31.577 Thread 0x000002a5409b93f0 DEOPT UNPACKING pc=0x000002a52f586e43 sp=0x000000b19edfe068 mode 0
Event: 31.577 Thread 0x000002a5409b93f0 DEOPT PACKING pc=0x000002a528b2e3fa sp=0x000000b19edfeb20
Event: 31.577 Thread 0x000002a5409b93f0 DEOPT UNPACKING pc=0x000002a52f586e43 sp=0x000000b19edfe068 mode 0
Event: 31.577 Thread 0x000002a5409b93f0 DEOPT PACKING pc=0x000002a528b2e3fa sp=0x000000b19edfeb20
Event: 31.577 Thread 0x000002a5409b93f0 DEOPT UNPACKING pc=0x000002a52f586e43 sp=0x000000b19edfe068 mode 0
Event: 31.578 Thread 0x000002a5409b93f0 DEOPT PACKING pc=0x000002a528b2e3fa sp=0x000000b19edfeb20
Event: 31.578 Thread 0x000002a5409b93f0 DEOPT UNPACKING pc=0x000002a52f586e43 sp=0x000000b19edfe068 mode 0
Event: 31.578 Thread 0x000002a5409b93f0 DEOPT PACKING pc=0x000002a528b2e3fa sp=0x000000b19edfeb20
Event: 31.578 Thread 0x000002a5409b93f0 DEOPT UNPACKING pc=0x000002a52f586e43 sp=0x000000b19edfe068 mode 0
Event: 31.578 Thread 0x000002a5409b93f0 DEOPT PACKING pc=0x000002a528b2e3fa sp=0x000000b19edfeb20
Event: 31.578 Thread 0x000002a5409b93f0 DEOPT UNPACKING pc=0x000002a52f586e43 sp=0x000000b19edfe068 mode 0
Event: 31.579 Thread 0x000002a5409b93f0 Uncommon trap: trap_request=0xffffff45 fr.pc=0x000002a52fb4e214 relative=0x0000000000000254
Event: 31.579 Thread 0x000002a5409b93f0 Uncommon trap: reason=unstable_if action=reinterpret pc=0x000002a52fb4e214 method=java.util.HashMap.getNode(Ljava/lang/Object;)Ljava/util/HashMap$Node; @ 66 c2
Event: 31.579 Thread 0x000002a5409b93f0 DEOPT PACKING pc=0x000002a52fb4e214 sp=0x000000b19edfec50
Event: 31.579 Thread 0x000002a5409b93f0 DEOPT UNPACKING pc=0x000002a52f5866a3 sp=0x000000b19edfeb70 mode 2
Event: 31.579 Thread 0x000002a5409b93f0 Uncommon trap: trap_request=0xffffff45 fr.pc=0x000002a52fb4d898 relative=0x0000000000000258
Event: 31.580 Thread 0x000002a5409b93f0 Uncommon trap: reason=unstable_if action=reinterpret pc=0x000002a52fb4d898 method=java.util.HashMap.getNode(Ljava/lang/Object;)Ljava/util/HashMap$Node; @ 66 c2
Event: 31.580 Thread 0x000002a5409b93f0 DEOPT PACKING pc=0x000002a52fb4d898 sp=0x000000b19edfeb70
Event: 31.580 Thread 0x000002a5409b93f0 DEOPT UNPACKING pc=0x000002a52f5866a3 sp=0x000000b19edfeb00 mode 2

Classes loaded (20 events):
Event: 15.266 Loading class sun/nio/cs/ThreadLocalCoders
Event: 15.266 Loading class sun/nio/cs/ThreadLocalCoders done
Event: 15.266 Loading class sun/nio/cs/ThreadLocalCoders$1
Event: 15.266 Loading class sun/nio/cs/ThreadLocalCoders$Cache
Event: 15.266 Loading class sun/nio/cs/ThreadLocalCoders$Cache done
Event: 15.266 Loading class sun/nio/cs/ThreadLocalCoders$1 done
Event: 15.267 Loading class sun/nio/cs/ThreadLocalCoders$2
Event: 15.267 Loading class sun/nio/cs/ThreadLocalCoders$2 done
Event: 15.297 Loading class java/lang/invoke/BoundMethodHandle$Species_LLLLLLLLLL
Event: 15.298 Loading class java/lang/invoke/BoundMethodHandle$Species_LLLLLLLLLL done
Event: 15.299 Loading class java/lang/invoke/BoundMethodHandle$Species_LLLLLLLLLLL
Event: 15.299 Loading class java/lang/invoke/BoundMethodHandle$Species_LLLLLLLLLLL done
Event: 15.301 Loading class java/lang/invoke/BoundMethodHandle$Species_LLLLLLLLLLLL
Event: 15.301 Loading class java/lang/invoke/BoundMethodHandle$Species_LLLLLLLLLLLL done
Event: 15.301 Loading class java/util/WeakHashMap$KeyIterator
Event: 15.301 Loading class java/util/WeakHashMap$KeyIterator done
Event: 15.302 Loading class java/lang/invoke/BoundMethodHandle$Species_LLLLLLLLLLLLL
Event: 15.302 Loading class java/lang/invoke/BoundMethodHandle$Species_LLLLLLLLLLLLL done
Event: 15.304 Loading class java/util/ArrayDeque$DeqSpliterator
Event: 15.304 Loading class java/util/ArrayDeque$DeqSpliterator done

Classes unloaded (7 events):
Event: 4.759 Thread 0x000002a53ea24870 Unloading class 0x0000000100250400 'java/lang/invoke/LambdaForm$MH+0x0000000100250400'
Event: 4.759 Thread 0x000002a53ea24870 Unloading class 0x0000000100250000 'java/lang/invoke/LambdaForm$MH+0x0000000100250000'
Event: 4.759 Thread 0x000002a53ea24870 Unloading class 0x000000010024fc00 'java/lang/invoke/LambdaForm$MH+0x000000010024fc00'
Event: 4.759 Thread 0x000002a53ea24870 Unloading class 0x000000010024f800 'java/lang/invoke/LambdaForm$MH+0x000000010024f800'
Event: 4.759 Thread 0x000002a53ea24870 Unloading class 0x000000010024f400 'java/lang/invoke/LambdaForm$BMH+0x000000010024f400'
Event: 4.759 Thread 0x000002a53ea24870 Unloading class 0x000000010024f000 'java/lang/invoke/LambdaForm$DMH+0x000000010024f000'
Event: 4.759 Thread 0x000002a53ea24870 Unloading class 0x000000010024c400 'java/lang/invoke/LambdaForm$DMH+0x000000010024c400'

Classes redefined (0 events):
No events

Internal exceptions (20 events):
Event: 15.573 Thread 0x000002a5426e2070 Exception <a 'sun/nio/fs/WindowsException'{0x00000000ead1f9c0}> (0x00000000ead1f9c0) 
thrown [s\src\hotspot\share\prims\jni.cpp, line 516]
Event: 15.575 Thread 0x000002a5426e2070 Exception <a 'sun/nio/fs/WindowsException'{0x00000000ead206a0}> (0x00000000ead206a0) 
thrown [s\src\hotspot\share\prims\jni.cpp, line 516]
Event: 15.575 Thread 0x000002a5426e2070 Exception <a 'sun/nio/fs/WindowsException'{0x00000000ead20d80}> (0x00000000ead20d80) 
thrown [s\src\hotspot\share\prims\jni.cpp, line 516]
Event: 15.577 Thread 0x000002a5426e2070 Exception <a 'sun/nio/fs/WindowsException'{0x00000000ead22380}> (0x00000000ead22380) 
thrown [s\src\hotspot\share\prims\jni.cpp, line 516]
Event: 15.577 Thread 0x000002a5426e2070 Exception <a 'sun/nio/fs/WindowsException'{0x00000000ead22a60}> (0x00000000ead22a60) 
thrown [s\src\hotspot\share\prims\jni.cpp, line 516]
Event: 15.590 Thread 0x000002a54133e680 Exception <a 'sun/nio/fs/WindowsException'{0x00000000eaf0df70}> (0x00000000eaf0df70) 
thrown [s\src\hotspot\share\prims\jni.cpp, line 516]
Event: 15.590 Thread 0x000002a54133e680 Exception <a 'sun/nio/fs/WindowsException'{0x00000000eaf1f868}> (0x00000000eaf1f868) 
thrown [s\src\hotspot\share\prims\jni.cpp, line 516]
Event: 15.591 Thread 0x000002a54133e680 Exception <a 'sun/nio/fs/WindowsException'{0x00000000eaf38b98}> (0x00000000eaf38b98) 
thrown [s\src\hotspot\share\prims\jni.cpp, line 516]
Event: 15.591 Thread 0x000002a54133e680 Exception <a 'sun/nio/fs/WindowsException'{0x00000000eaf39768}> (0x00000000eaf39768) 
thrown [s\src\hotspot\share\prims\jni.cpp, line 516]
Event: 15.606 Thread 0x000002a54133e680 Exception <a 'java/lang/NoSuchMethodError'{0x00000000eb100468}: 'java.lang.Object java.lang.invoke.DirectMethodHandle$Holder.newInvokeSpecial(java.lang.Object, java.lang.Object, java.lang.Object, java.lang.Object, java.lang.Object, java.lang.Object)'> (0x00000000eb100468) 
thrown [s\src\hotspot\share\interpreter\linkResolver.cpp, line 759]
Event: 15.633 Thread 0x000002a54133e680 Exception <a 'java/io/FileNotFoundException'{0x00000000eb49d8c0}> (0x00000000eb49d8c0) 
thrown [s\src\hotspot\share\prims\jni.cpp, line 516]
Event: 15.633 Thread 0x000002a54133e680 Exception <a 'java/io/FileNotFoundException'{0x00000000eb49ed70}> (0x00000000eb49ed70) 
thrown [s\src\hotspot\share\prims\jni.cpp, line 516]
Event: 15.633 Thread 0x000002a54133e680 Exception <a 'java/io/FileNotFoundException'{0x00000000eb4b9130}> (0x00000000eb4b9130) 
thrown [s\src\hotspot\share\prims\jni.cpp, line 516]
Event: 15.634 Thread 0x000002a54133e680 Exception <a 'java/io/FileNotFoundException'{0x00000000eb4cb848}> (0x00000000eb4cb848) 
thrown [s\src\hotspot\share\prims\jni.cpp, line 516]
Event: 15.634 Thread 0x000002a54133e680 Exception <a 'java/io/FileNotFoundException'{0x00000000eb4ccd20}> (0x00000000eb4ccd20) 
thrown [s\src\hotspot\share\prims\jni.cpp, line 516]
Event: 15.637 Thread 0x000002a54133be00 Implicit null exception at 0x000002a52fb9142c to 0x000002a52fb9151c
Event: 15.717 Thread 0x000002a54133e680 Exception <a 'java/lang/NoSuchMethodError'{0x00000000eb406000}: 'java.lang.Object java.lang.invoke.DirectMethodHandle$Holder.invokeVirtual(java.lang.Object, java.lang.Object, java.lang.Object)'> (0x00000000eb406000) 
thrown [s\src\hotspot\share\interpreter\linkResolver.cpp, line 759]
Event: 15.917 Thread 0x000002a54133e680 Exception <a 'sun/nio/fs/WindowsException'{0x00000000eaf0e520}> (0x00000000eaf0e520) 
thrown [s\src\hotspot\share\prims\jni.cpp, line 516]
Event: 15.917 Thread 0x000002a54133e680 Exception <a 'sun/nio/fs/WindowsException'{0x00000000eaf0ec00}> (0x00000000eaf0ec00) 
thrown [s\src\hotspot\share\prims\jni.cpp, line 516]
Event: 17.335 Thread 0x000002a54133be00 Implicit null exception at 0x000002a52ffee040 to 0x000002a52fff24ac

VM Operations (20 events):
Event: 18.882 Executing VM operation: ParallelGCFailedAllocation
Event: 18.884 Executing VM operation: ParallelGCFailedAllocation done
Event: 18.917 Executing VM operation: ParallelGCFailedAllocation
Event: 18.921 Executing VM operation: ParallelGCFailedAllocation done
Event: 18.958 Executing VM operation: ParallelGCFailedAllocation
Event: 18.963 Executing VM operation: ParallelGCFailedAllocation done
Event: 19.004 Executing VM operation: ParallelGCFailedAllocation
Event: 19.007 Executing VM operation: ParallelGCFailedAllocation done
Event: 19.050 Executing VM operation: ParallelGCFailedAllocation
Event: 19.057 Executing VM operation: ParallelGCFailedAllocation done
Event: 19.100 Executing VM operation: ParallelGCFailedAllocation
Event: 19.105 Executing VM operation: ParallelGCFailedAllocation done
Event: 19.153 Executing VM operation: ParallelGCFailedAllocation
Event: 19.158 Executing VM operation: ParallelGCFailedAllocation done
Event: 19.202 Executing VM operation: ParallelGCFailedAllocation
Event: 19.208 Executing VM operation: ParallelGCFailedAllocation done
Event: 19.244 Executing VM operation: ParallelGCFailedAllocation
Event: 19.251 Executing VM operation: ParallelGCFailedAllocation done
Event: 19.273 Executing VM operation: ParallelGCFailedAllocation
Event: 19.433 Executing VM operation: ParallelGCFailedAllocation done

Events (20 events):
Event: 15.439 Thread 0x000002a53ea5b5d0 flushing nmethod 0x000002a528d2f490
Event: 15.439 Thread 0x000002a53ea5b5d0 flushing nmethod 0x000002a528d31510
Event: 15.439 Thread 0x000002a53ea5b5d0 flushing nmethod 0x000002a528d35090
Event: 15.439 Thread 0x000002a53ea5b5d0 flushing nmethod 0x000002a528d35a90
Event: 15.439 Thread 0x000002a53ea5b5d0 flushing nmethod 0x000002a528d36190
Event: 15.439 Thread 0x000002a53ea5b5d0 flushing nmethod 0x000002a528d37890
Event: 15.439 Thread 0x000002a53ea5b5d0 flushing nmethod 0x000002a528d3b610
Event: 15.439 Thread 0x000002a53ea5b5d0 flushing nmethod 0x000002a528d3ef90
Event: 15.440 Thread 0x000002a53ea5b5d0 flushing nmethod 0x000002a528db2910
Event: 15.440 Thread 0x000002a53ea5b5d0 flushing nmethod 0x000002a528db4610
Event: 15.440 Thread 0x000002a53ea5b5d0 flushing nmethod 0x000002a528db5790
Event: 15.526 Thread 0x000002a5426e2580 Thread added: 0x000002a5426e2580
Event: 17.978 Thread 0x000002a53ea5b5d0 flushing nmethod 0x000002a528d3a310
Event: 17.978 Thread 0x000002a53ea5b5d0 flushing nmethod 0x000002a528d3a810
Event: 17.978 Thread 0x000002a53ea5b5d0 flushing nmethod 0x000002a528d4b690
Event: 17.978 Thread 0x000002a53ea5b5d0 flushing nmethod 0x000002a528db8010
Event: 18.865 Thread 0x000002a544677030 Thread exited: 0x000002a544677030
Event: 24.760 Thread 0x000002a544679010 Thread exited: 0x000002a544679010
Event: 31.572 Thread 0x000002a544679010 Thread added: 0x000002a544679010
Event: 31.584 Thread 0x000002a544678020 Thread added: 0x000002a544678020


Dynamic libraries:
0x00007ff662a70000 - 0x00007ff662a7e000 	c:\Users\Admin\.vscode\extensions\redhat.java-1.35.1-win32-x64\jre\17.0.12-win32-x86_64\bin\java.exe
0x00007ffc6ecd0000 - 0x00007ffc6eee7000 	C:\Windows\SYSTEM32\ntdll.dll
0x00007ffc6dcb0000 - 0x00007ffc6dd74000 	C:\Windows\System32\KERNEL32.DLL
0x00007ffc6c580000 - 0x00007ffc6c937000 	C:\Windows\System32\KERNELBASE.dll
0x00007ffc6c430000 - 0x00007ffc6c541000 	C:\Windows\System32\ucrtbase.dll
0x00007ffc58180000 - 0x00007ffc58197000 	c:\Users\Admin\.vscode\extensions\redhat.java-1.35.1-win32-x64\jre\17.0.12-win32-x86_64\bin\jli.dll
0x00007ffc6ddf0000 - 0x00007ffc6df9f000 	C:\Windows\System32\USER32.dll
0x00007ffc6c550000 - 0x00007ffc6c576000 	C:\Windows\System32\win32u.dll
0x00007ffc6e220000 - 0x00007ffc6e249000 	C:\Windows\System32\GDI32.dll
0x00007ffc6c310000 - 0x00007ffc6c428000 	C:\Windows\System32\gdi32full.dll
0x00007ffc6bfe0000 - 0x00007ffc6c07a000 	C:\Windows\System32\msvcp_win.dll
0x00007ffc55030000 - 0x00007ffc5504b000 	c:\Users\Admin\.vscode\extensions\redhat.java-1.35.1-win32-x64\jre\17.0.12-win32-x86_64\bin\VCRUNTIME140.dll
0x00007ffc4db30000 - 0x00007ffc4ddc3000 	C:\Windows\WinSxS\amd64_microsoft.windows.common-controls_6595b64144ccf1df_6.0.22621.3672_none_2713b9d173822955\COMCTL32.dll
0x00007ffc6e170000 - 0x00007ffc6e217000 	C:\Windows\System32\msvcrt.dll
0x00007ffc6d950000 - 0x00007ffc6d981000 	C:\Windows\System32\IMM32.DLL
0x00007ffc62890000 - 0x00007ffc6289c000 	c:\Users\Admin\.vscode\extensions\redhat.java-1.35.1-win32-x64\jre\17.0.12-win32-x86_64\bin\vcruntime140_1.dll
0x00007ffc2d930000 - 0x00007ffc2d9bd000 	c:\Users\Admin\.vscode\extensions\redhat.java-1.35.1-win32-x64\jre\17.0.12-win32-x86_64\bin\msvcp140.dll
0x00007ffc0dad0000 - 0x00007ffc0e73a000 	c:\Users\Admin\.vscode\extensions\redhat.java-1.35.1-win32-x64\jre\17.0.12-win32-x86_64\bin\server\jvm.dll
0x00007ffc6e400000 - 0x00007ffc6e4b2000 	C:\Windows\System32\ADVAPI32.dll
0x00007ffc6e6e0000 - 0x00007ffc6e788000 	C:\Windows\System32\sechost.dll
0x00007ffc6c1f0000 - 0x00007ffc6c218000 	C:\Windows\System32\bcrypt.dll
0x00007ffc6ca10000 - 0x00007ffc6cb24000 	C:\Windows\System32\RPCRT4.dll
0x00007ffc6d4b0000 - 0x00007ffc6d521000 	C:\Windows\System32\WS2_32.dll
0x00007ffc6beb0000 - 0x00007ffc6befd000 	C:\Windows\SYSTEM32\POWRPROF.dll
0x00007ffc64700000 - 0x00007ffc64734000 	C:\Windows\SYSTEM32\WINMM.dll
0x00007ffc609f0000 - 0x00007ffc609fa000 	C:\Windows\SYSTEM32\VERSION.dll
0x00007ffc6be90000 - 0x00007ffc6bea3000 	C:\Windows\SYSTEM32\UMPDC.dll
0x00007ffc6af90000 - 0x00007ffc6afa8000 	C:\Windows\SYSTEM32\kernel.appcore.dll
0x00007ffc62000000 - 0x00007ffc6200a000 	c:\Users\Admin\.vscode\extensions\redhat.java-1.35.1-win32-x64\jre\17.0.12-win32-x86_64\bin\jimage.dll
0x00007ffc5ed20000 - 0x00007ffc5ef52000 	C:\Windows\SYSTEM32\DBGHELP.DLL
0x00007ffc6d5c0000 - 0x00007ffc6d94e000 	C:\Windows\System32\combase.dll
0x00007ffc6d9f0000 - 0x00007ffc6dac7000 	C:\Windows\System32\OLEAUT32.dll
0x00007ffc56640000 - 0x00007ffc56672000 	C:\Windows\SYSTEM32\dbgcore.DLL
0x00007ffc6c290000 - 0x00007ffc6c30b000 	C:\Windows\System32\bcryptPrimitives.dll
0x00007ffc570e0000 - 0x00007ffc570ee000 	c:\Users\Admin\.vscode\extensions\redhat.java-1.35.1-win32-x64\jre\17.0.12-win32-x86_64\bin\instrument.dll
0x00007ffc449c0000 - 0x00007ffc449e5000 	c:\Users\Admin\.vscode\extensions\redhat.java-1.35.1-win32-x64\jre\17.0.12-win32-x86_64\bin\java.dll
0x00007ffc54d50000 - 0x00007ffc54d68000 	c:\Users\Admin\.vscode\extensions\redhat.java-1.35.1-win32-x64\jre\17.0.12-win32-x86_64\bin\zip.dll
0x00007ffc6cb30000 - 0x00007ffc6d399000 	C:\Windows\System32\SHELL32.dll
0x00007ffc69f00000 - 0x00007ffc6a7ff000 	C:\Windows\SYSTEM32\windows.storage.dll
0x00007ffc69dc0000 - 0x00007ffc69eff000 	C:\Windows\SYSTEM32\wintypes.dll
0x00007ffc6db90000 - 0x00007ffc6dc89000 	C:\Windows\System32\SHCORE.dll
0x00007ffc6e4c0000 - 0x00007ffc6e51e000 	C:\Windows\System32\shlwapi.dll
0x00007ffc6bf10000 - 0x00007ffc6bf37000 	C:\Windows\SYSTEM32\profapi.dll
0x00007ffc54d10000 - 0x00007ffc54d29000 	C:\Users\Admin\.vscode\extensions\redhat.java-1.35.1-win32-x64\jre\17.0.12-win32-x86_64\bin\net.dll
0x00007ffc64c30000 - 0x00007ffc64d66000 	C:\Windows\SYSTEM32\WINHTTP.dll
0x00007ffc6b450000 - 0x00007ffc6b4b9000 	C:\Windows\system32\mswsock.dll
0x00007ffc53760000 - 0x00007ffc53776000 	C:\Users\Admin\.vscode\extensions\redhat.java-1.35.1-win32-x64\jre\17.0.12-win32-x86_64\bin\nio.dll
0x00007ffc53a60000 - 0x00007ffc53a70000 	c:\Users\Admin\.vscode\extensions\redhat.java-1.35.1-win32-x64\jre\17.0.12-win32-x86_64\bin\verify.dll
0x00007ffc3fe40000 - 0x00007ffc3fe85000 	C:\Users\Admin\AppData\Roaming\Code\User\globalStorage\redhat.java\1.35.1\config_win\org.eclipse.equinox.launcher\org.eclipse.equinox.launcher.win32.win32.x86_64_1.2.1100.v20240722-2106\eclipse_11904.dll
0x00007ffc6e250000 - 0x00007ffc6e3f5000 	C:\Windows\System32\ole32.dll
0x00007ffc6b7a0000 - 0x00007ffc6b7bb000 	C:\Windows\SYSTEM32\CRYPTSP.dll
0x00007ffc6af50000 - 0x00007ffc6af85000 	C:\Windows\system32\rsaenh.dll
0x00007ffc6b4f0000 - 0x00007ffc6b518000 	C:\Windows\SYSTEM32\USERENV.dll
0x00007ffc6b780000 - 0x00007ffc6b78c000 	C:\Windows\SYSTEM32\CRYPTBASE.dll
0x00007ffc6aa60000 - 0x00007ffc6aa8d000 	C:\Windows\SYSTEM32\IPHLPAPI.DLL
0x00007ffc6db80000 - 0x00007ffc6db89000 	C:\Windows\System32\NSI.dll
0x00007ffc64910000 - 0x00007ffc64929000 	C:\Windows\SYSTEM32\dhcpcsvc6.DLL
0x00007ffc645c0000 - 0x00007ffc645df000 	C:\Windows\SYSTEM32\dhcpcsvc.DLL
0x00007ffc6aad0000 - 0x00007ffc6abd2000 	C:\Windows\SYSTEM32\DNSAPI.dll
0x00007ffc30810000 - 0x00007ffc30859000 	C:\Users\Admin\AppData\Local\Temp\jna-63116079\jna718983210094473107.dll
0x00007ffc6d3a0000 - 0x00007ffc6d3a8000 	C:\Windows\System32\PSAPI.DLL
0x00007ffc58150000 - 0x00007ffc58177000 	C:\Users\Admin\.gradle\native\68d5fa5c4cc2d200863cafc0d521ce42e7d3e7ee720ec0a83991735586a16f82\windows-amd64\native-platform.dll
0x00007ffc5f3c0000 - 0x00007ffc5f3c9000 	C:\Users\Admin\.vscode\extensions\redhat.java-1.35.1-win32-x64\jre\17.0.12-win32-x86_64\bin\management.dll
0x00007ffc5ce10000 - 0x00007ffc5ce1b000 	C:\Users\Admin\.vscode\extensions\redhat.java-1.35.1-win32-x64\jre\17.0.12-win32-x86_64\bin\management_ext.dll
0x00007ffc57260000 - 0x00007ffc57269000 	C:\Users\Admin\.vscode\extensions\redhat.java-1.35.1-win32-x64\jre\17.0.12-win32-x86_64\bin\extnet.dll
0x00007ffc58030000 - 0x00007ffc5803e000 	C:\Users\Admin\.vscode\extensions\redhat.java-1.35.1-win32-x64\jre\17.0.12-win32-x86_64\bin\sunmscapi.dll
0x00007ffc6c080000 - 0x00007ffc6c1e6000 	C:\Windows\System32\CRYPT32.dll
0x00007ffc6b830000 - 0x00007ffc6b85d000 	C:\Windows\SYSTEM32\ncrypt.dll
0x00007ffc6b7e0000 - 0x00007ffc6b817000 	C:\Windows\SYSTEM32\NTASN1.dll
0x00007ffc64bd0000 - 0x00007ffc64bd8000 	C:\Windows\system32\wshunix.dll

dbghelp: loaded successfully - version: 4.0.5 - missing functions: none
symbol engine: initialized successfully - sym options: 0x614 - pdb path: .;c:\Users\Admin\.vscode\extensions\redhat.java-1.35.1-win32-x64\jre\17.0.12-win32-x86_64\bin;C:\Windows\SYSTEM32;C:\Windows\WinSxS\amd64_microsoft.windows.common-controls_6595b64144ccf1df_6.0.22621.3672_none_2713b9d173822955;c:\Users\Admin\.vscode\extensions\redhat.java-1.35.1-win32-x64\jre\17.0.12-win32-x86_64\bin\server;C:\Users\Admin\AppData\Roaming\Code\User\globalStorage\redhat.java\1.35.1\config_win\org.eclipse.equinox.launcher\org.eclipse.equinox.launcher.win32.win32.x86_64_1.2.1100.v20240722-2106;C:\Users\Admin\AppData\Local\Temp\jna-63116079;C:\Users\Admin\.gradle\native\68d5fa5c4cc2d200863cafc0d521ce42e7d3e7ee720ec0a83991735586a16f82\windows-amd64

VM Arguments:
jvm_args: --add-modules=ALL-SYSTEM --add-opens=java.base/java.util=ALL-UNNAMED --add-opens=java.base/java.lang=ALL-UNNAMED --add-opens=java.base/sun.nio.fs=ALL-UNNAMED -Declipse.application=org.eclipse.jdt.ls.core.id1 -Dosgi.bundles.defaultStartLevel=4 -Declipse.product=org.eclipse.jdt.ls.core.product -Djava.import.generatesMetadataFilesAtProjectRoot=false -DDetectVMInstallationsJob.disabled=true -Dfile.encoding=utf8 -XX:+UseParallelGC -XX:GCTimeRatio=4 -XX:AdaptiveSizePolicyWeight=90 -Dsun.zip.disableMemoryMapping=true -Xmx1G -Xms100m -Xlog:disable -javaagent:c:\Users\Admin\.vscode\extensions\redhat.java-1.35.1-win32-x64\lombok\lombok-1.18.33.jar -XX:+HeapDumpOnOutOfMemoryError -XX:HeapDumpPath=c:\Users\Admin\AppData\Roaming\Code\User\workspaceStorage\c947ea4c57f221a37de719cc15a61aff\redhat.java -Daether.dependencyCollector.impl=bf 
java_command: c:\Users\Admin\.vscode\extensions\redhat.java-1.35.1-win32-x64\server\plugins\org.eclipse.equinox.launcher_1.6.900.v20240613-2009.jar -configuration c:\Users\Admin\AppData\Roaming\Code\User\globalStorage\redhat.java\1.35.1\config_win -data c:\Users\Admin\AppData\Roaming\Code\User\workspaceStorage\c947ea4c57f221a37de719cc15a61aff\redhat.java\jdt_ws --pipe=\\.\pipe\lsp-f5d87a84dc9eed9067425dbffbd3ad7f-sock
java_class_path (initial): c:\Users\Admin\.vscode\extensions\redhat.java-1.35.1-win32-x64\server\plugins\org.eclipse.equinox.launcher_1.6.900.v20240613-2009.jar
Launcher Type: SUN_STANDARD

[Global flags]
    uintx AdaptiveSizePolicyWeight                 = 90                                        {product} {command line}
     intx CICompilerCount                          = 4                                         {product} {ergonomic}
    uintx GCTimeRatio                              = 4                                         {product} {command line}
     bool HeapDumpOnOutOfMemoryError               = true                                   {manageable} {command line}
    ccstr HeapDumpPath                             = c:\Users\Admin\AppData\Roaming\Code\User\workspaceStorage\c947ea4c57f221a37de719cc15a61aff\redhat.java         {manageable} {command line}
   size_t InitialHeapSize                          = 104857600                                 {product} {command line}
   size_t MaxHeapSize                              = 1073741824                                {product} {command line}
   size_t MaxNewSize                               = 357564416                                 {product} {ergonomic}
   size_t MinHeapDeltaBytes                        = 524288                                    {product} {ergonomic}
   size_t MinHeapSize                              = 104857600                                 {product} {command line}
   size_t NewSize                                  = 34603008                                  {product} {ergonomic}
    uintx NonNMethodCodeHeapSize                   = 5839372                                {pd product} {ergonomic}
    uintx NonProfiledCodeHeapSize                  = 122909434                              {pd product} {ergonomic}
   size_t OldSize                                  = 70254592                                  {product} {ergonomic}
    uintx ProfiledCodeHeapSize                     = 122909434                              {pd product} {ergonomic}
    uintx ReservedCodeCacheSize                    = 251658240                              {pd product} {ergonomic}
     bool SegmentedCodeCache                       = true                                      {product} {ergonomic}
   size_t SoftMaxHeapSize                          = 1073741824                             {manageable} {ergonomic}
     bool UseCompressedClassPointers               = true                           {product lp64_product} {ergonomic}
     bool UseCompressedOops                        = true                           {product lp64_product} {ergonomic}
     bool UseLargePagesIndividualAllocation        = false                                  {pd product} {ergonomic}
     bool UseParallelGC                            = true                                      {product} {command line}

Logging:
Log output configuration:
 #0: stdout all=off uptime,level,tags
 #1: stderr all=off uptime,level,tags

Environment Variables:
JAVA_HOME=C:\Program Files\Microsoft\jdk-17.0.12.7-hotspot
PATH=C:\Ruby33-x64\bin;C:\Android\emulator;C:\Program Files\Microsoft\jdk-17.0.12.7-hotspot\bin;C:\Android\cmdline-tools\latest\bin;C:\Android\platform-tools;C:\Windows\system32;C:\Windows;C:\Windows\System32\Wbem;C:\Windows\System32\WindowsPowerShell\v1.0\;C:\Windows\System32\OpenSSH\;C:\Users\Admin\AppData\Local\Microsoft\WindowsApps;C:\Users\Admin\AppData\Local\spicetify;C:\adb;C:\Program Files\dotnet\;C:\ProgramData\chocolatey\bin;C:\Program Files\GitHub CLI\;C:\ffmpeg\bin\;C:\Program Files (x86)\cloudflared\;C:\Program Files\Git\cmd;%ANDROID_HOME%\tools;%ANDROID_HOME%\tools\bin;%ANDROID_HOME%\platform-tools;C:\Users\Admin\miniconda3;C:\Users\Admin\miniconda3\Library\mingw-w64\bin;C:\Users\Admin\miniconda3\Library\usr\bin;C:\Users\Admin\miniconda3\Library\bin;C:\Users\Admin\miniconda3\Scripts;C:\Users\Admin\AppData\Local\Programs\Python\Python312\Scripts\;C:\Users\Admin\AppData\Local\Programs\Python\Python312\;C:\Users\Admin\AppData\Local\Microsoft\WinGet\Links;C:\tools\dart-sdk\bin;C:\Users\Admin\AppData\Local\Pub\Cache\bin;C:;%ANDROID_HOME%\emulator;C:\Program Files\Microsoft\jdk-17.0.12.7-hotspot\bin;%FLUTTER_HOME%\bin;C:\Program Files\Microsoft\jdk-17.0.12.7-hotspot\bin\;C:\Windows\system32;C:\Windows;C:\Windows\System32\Wbem;C:\Windows\System32\WindowsPowerShell\v1.0\;C:\Windows\System32\OpenSSH\;C:\Users\Admin\AppData\Local\Microsoft\WindowsApps;C:\Users\Admin\AppData\Local\spicetify;C:\adb;C:\Program Files\dotnet\;C:\ProgramData\chocolatey\bin;C:\Program Files\GitHub CLI\;C:\ffmpeg\bin\;C:\Program Files (x86)\cloudflared\;C:\Program Files\Git\cmd;%ANDROID_HOME%\tools;%ANDROID_HOME%\tools\bin;%ANDROID_HOME%\platform-tools;C:\Users\Admin\miniconda3;C:\Users\Admin\miniconda3\Library\mingw-w64\bin;C:\Users\Admin\miniconda3\Library\usr\bin;C:\Users\Admin\miniconda3\Library\bin;C:\Users\Admin\miniconda3\Scripts;C:\Users\Admin\AppData\Local\Programs\Python\Python312\Scripts\;C:\Users\Admin\AppData\Local\Programs\Python\Python312\;C:\Users\Admin\AppData\Local\Micros
USERNAME=Admin
OS=Windows_NT
PROCESSOR_IDENTIFIER=AMD64 Family 23 Model 96 Stepping 1, AuthenticAMD
TMP=C:\Users\Admin\AppData\Local\Temp
TEMP=C:\Users\Admin\AppData\Local\Temp



Periodic native trim disabled


---------------  S Y S T E M  ---------------

OS:
 Windows 11 , 64 bit Build 22621 (10.0.22621.3958)
OS uptime: 0 days 8:07 hours
Hyper-V role detected

CPU: total 12 (initial active 12) (12 cores per cpu, 2 threads per core) family 23 model 96 stepping 1 microcode 0x0, cx8, cmov, fxsr, ht, mmx, 3dnowpref, sse, sse2, sse3, ssse3, sse4a, sse4.1, sse4.2, popcnt, lzcnt, tsc, tscinvbit, avx, avx2, aes, clmul, bmi1, bmi2, adx, sha, fma, vzeroupper, clflush, clflushopt, hv
Processor Information for all 12 processors :
  Max Mhz: 3701, Current Mhz: 3701, Mhz Limit: 3701

Memory: 4k page, system-wide physical 15761M (4479M free)
TotalPageFile size 19761M (AvailPageFile size 685M)
current process WorkingSet (physical memory assigned to process): 636M, peak: 687M
current process commit charge ("private bytes"): 635M, peak: 683M

vm_info: OpenJDK 64-Bit Server VM (17.0.12+7) for windows-amd64 JRE (17.0.12+7), built on Jul 16 2024 22:08:24 by "admin" with MS VC++ 16.10 / 16.11 (VS2019)

END.
