#
# There is insufficient memory for the Java Runtime Environment to continue.
# Native memory allocation (malloc) failed to allocate 1097296 bytes. Error detail: Chunk::new
# Possible reasons:
#   The system is out of physical RAM or swap space
#   This process is running with CompressedOops enabled, and the Java Heap may be blocking the growth of the native heap
# Possible solutions:
#   Reduce memory load on the system
#   Increase physical memory or swap space
#   Check if swap backing store is full
#   Decrease Java heap size (-Xmx/-Xms)
#   Decrease number of Java threads
#   Decrease Java thread stack sizes (-Xss)
#   Set larger code cache with -XX:ReservedCodeCacheSize=
#   JVM is running with Zero Based Compressed Oops mode in which the Java heap is
#     placed in the first 32GB address space. The Java Heap base address is the
#     maximum limit for the native heap growth. Please use -XX:HeapBaseMinAddress
#     to set the Java Heap base and to place the Java Heap above 32GB virtual address.
# This output file may be truncated or incomplete.
#
#  Out of Memory Error (arena.cpp:191), pid=40664, tid=27460
#
# JRE version: OpenJDK Runtime Environment Microsoft-9889599 (17.0.12+7) (build 17.0.12+7-LTS)
# Java VM: OpenJDK 64-Bit Server VM Microsoft-9889599 (17.0.12+7-LTS, mixed mode, sharing, tiered, compressed oops, compressed class ptrs, g1 gc, windows-amd64)
# No core dump will be written. Minidumps are not enabled by default on client versions of Windows
#

---------------  S U M M A R Y ------------

Command Line: --add-opens=java.base/java.util=ALL-UNNAMED --add-opens=java.base/java.lang=ALL-UNNAMED --add-opens=java.base/java.lang.invoke=ALL-UNNAMED --add-opens=java.prefs/java.util.prefs=ALL-UNNAMED --add-opens=java.base/java.nio.charset=ALL-UNNAMED --add-opens=java.base/java.net=ALL-UNNAMED --add-opens=java.base/java.util.concurrent.atomic=ALL-UNNAMED -Xmx4G -Dfile.encoding=utf8 -Duser.country=US -Duser.language=en -Duser.variant -javaagent:C:\Users\Admin\.gradle\wrapper\dists\gradle-8.1-all\20ex0cxcummvwpmavmhfg81jg\gradle-8.1\lib\agents\gradle-instrumentation-agent-8.1.jar org.gradle.launcher.daemon.bootstrap.GradleDaemon 8.1

Host: AMD Ryzen 5 4600G with Radeon Graphics, 12 cores, 15G,  Windows 11 , 64 bit Build 22621 (10.0.22621.4391)
Time: Wed Oct 23 23:17:32 2024 China Standard Time elapsed time: 20.679400 seconds (0d 0h 0m 20s)

---------------  T H R E A D  ---------------

Current thread (0x0000026e9ed2e010):  JavaThread "C2 CompilerThread1" daemon [_thread_in_native, id=27460, stack(0x000000c36cb00000,0x000000c36cc00000)]


Current CompileTask:
C2:  20683 12622       4       org.codehaus.groovy.reflection.stdclasses.CachedSAMClass::getAbstractMethods (122 bytes)

Stack: [0x000000c36cb00000,0x000000c36cc00000]
Native frames: (J=compiled Java code, j=interpreted, Vv=VM code, C=native code)
V  [jvm.dll+0x686d99]
V  [jvm.dll+0x83daf8]
V  [jvm.dll+0x83f5a3]
V  [jvm.dll+0x83fc13]
V  [jvm.dll+0x2492ef]
V  [jvm.dll+0xad0a4]
V  [jvm.dll+0xad73c]
V  [jvm.dll+0x36a3ff]
V  [jvm.dll+0x334b83]
V  [jvm.dll+0x33401a]
V  [jvm.dll+0x21a538]
V  [jvm.dll+0x21996f]
V  [jvm.dll+0x1a53e6]
V  [jvm.dll+0x229faa]
V  [jvm.dll+0x2280fb]
V  [jvm.dll+0x7f3508]
V  [jvm.dll+0x7ed87c]
V  [jvm.dll+0x685c77]
C  [ucrtbase.dll+0x29333]
C  [KERNEL32.DLL+0x1259d]
C  [ntdll.dll+0x5af38]


---------------  P R O C E S S  ---------------

Threads class SMR info:
_java_thread_list=0x0000026e9e7a2350, length=141, elements={
0x0000026e2ec1cea0, 0x0000026e52129dd0, 0x0000026e5212ac50, 0x0000026e52141450,
0x0000026e52141f20, 0x0000026e52146910, 0x0000026e521472d0, 0x0000026e52148070,
0x0000026e52148b20, 0x0000026e5214b530, 0x0000026e521173c0, 0x0000026e523da770,
0x0000026e99474320, 0x0000026e98afb550, 0x0000026e98e4b030, 0x0000026e9868efe0,
0x0000026e9887f4f0, 0x0000026e998f9a50, 0x0000026e998fb8e0, 0x0000026e98af99c0,
0x0000026e98af8fa0, 0x0000026e98af8580, 0x0000026e98af94b0, 0x0000026e98af9ed0,
0x0000026e9a5b1280, 0x0000026e9a5b0860, 0x0000026e9a5b30e0, 0x0000026e9a5b1790,
0x0000026e9a5b1ca0, 0x0000026e9a5b6da0, 0x0000026e9a5b35f0, 0x0000026e9a5b7cd0,
0x0000026e9a5b72b0, 0x0000026e9a5b81e0, 0x0000026e9a5b4a30, 0x0000026e9a5b6890,
0x0000026e9a5b2bd0, 0x0000026e9a5b77c0, 0x0000026e9a5b4010, 0x0000026e9a5b3b00,
0x0000026e9a5b5450, 0x0000026e9a5b5960, 0x0000026e9a5b5e70, 0x0000026e9a5b6380,
0x0000026e9bb26950, 0x0000026e9bb20410, 0x0000026e9bb24af0, 0x0000026e9bb27370,
0x0000026e9bb20920, 0x0000026e9bb1ff00, 0x0000026e9bb26e60, 0x0000026e9bb231a0,
0x0000026e9bb240d0, 0x0000026e9bb20e30, 0x0000026e9bb25a20, 0x0000026e9bb25000,
0x0000026e9bb245e0, 0x0000026e9bb236b0, 0x0000026e9bb21340, 0x0000026e9bb25510,
0x0000026e9bb25f30, 0x0000026e9bb27880, 0x0000026e9bb26440, 0x0000026e9bb21850,
0x0000026e9bb22780, 0x0000026e9bb22270, 0x0000026e9bb22c90, 0x0000026e9c0e2d60,
0x0000026e9c0e0f00, 0x0000026e9c0e3270, 0x0000026e9c0ddc60, 0x0000026e9c0e46b0,
0x0000026e9c0e4bc0, 0x0000026e9c0de680, 0x0000026e9c0e2340, 0x0000026e9c0e1920,
0x0000026e9c0e1410, 0x0000026e9c0de170, 0x0000026e9c0e2850, 0x0000026e9c0df5b0,
0x0000026e9c0e3780, 0x0000026e9c0deb90, 0x0000026e9c0e09f0, 0x0000026e9c0e1e30,
0x0000026e9c0e41a0, 0x0000026e9c0dffd0, 0x0000026e9c0e04e0, 0x0000026e9a5b26c0,
0x0000026e9e522110, 0x0000026e9e520cd0, 0x0000026e9e522620, 0x0000026e9e51f380,
0x0000026e9e51df40, 0x0000026e9e51e450, 0x0000026e9e522b30, 0x0000026e9e5207c0,
0x0000026e9e523040, 0x0000026e9e51fda0, 0x0000026e9e51c5f0, 0x0000026e9e523550,
0x0000026e9e523a60, 0x0000026e9e523f70, 0x0000026e9e5202b0, 0x0000026e9e51f890,
0x0000026e9e51da30, 0x0000026e9e51d010, 0x0000026e9e51cb00, 0x0000026e9f43bfc0,
0x0000026e9f43cef0, 0x0000026e9f43de20, 0x0000026e9f43a670, 0x0000026e9f43c9e0,
0x0000026e9f43c4d0, 0x0000026e9f43d400, 0x0000026e9f43ab80, 0x0000026e9f43b5a0,
0x0000026e9f43d910, 0x0000026e9f43b090, 0x0000026e9f071900, 0x0000026e9f072d40,
0x0000026e9f072830, 0x0000026e9f072320, 0x0000026e9f073760, 0x0000026e9f06f080,
0x0000026e9f073250, 0x0000026e9f071e10, 0x0000026e9f0704c0, 0x0000026e9f06d730,
0x0000026e9f073c70, 0x0000026e9ed2e010, 0x0000026e9f06e150, 0x0000026e9f06dc40,
0x0000026e9f074180, 0x0000026e9f06e660, 0x0000026e9f06cd10, 0x0000026e9f06d220,
0x0000026e9f06eb70, 0x0000026e9f074690, 0x0000026e9f06f590, 0x0000026e9f06faa0,
0x0000026e9f06ffb0
}

Java Threads: ( => current thread )
  0x0000026e2ec1cea0 JavaThread "main" [_thread_blocked, id=30748, stack(0x000000c369800000,0x000000c369900000)]
  0x0000026e52129dd0 JavaThread "Reference Handler" daemon [_thread_blocked, id=33780, stack(0x000000c369f00000,0x000000c36a000000)]
  0x0000026e5212ac50 JavaThread "Finalizer" daemon [_thread_blocked, id=38480, stack(0x000000c36a000000,0x000000c36a100000)]
  0x0000026e52141450 JavaThread "Signal Dispatcher" daemon [_thread_blocked, id=41316, stack(0x000000c36a100000,0x000000c36a200000)]
  0x0000026e52141f20 JavaThread "Attach Listener" daemon [_thread_blocked, id=27800, stack(0x000000c36a200000,0x000000c36a300000)]
  0x0000026e52146910 JavaThread "Service Thread" daemon [_thread_blocked, id=24248, stack(0x000000c36a300000,0x000000c36a400000)]
  0x0000026e521472d0 JavaThread "Monitor Deflation Thread" daemon [_thread_blocked, id=27384, stack(0x000000c36a400000,0x000000c36a500000)]
  0x0000026e52148070 JavaThread "C2 CompilerThread0" daemon [_thread_in_native, id=20968, stack(0x000000c36a500000,0x000000c36a600000)]
  0x0000026e52148b20 JavaThread "C1 CompilerThread0" daemon [_thread_blocked, id=46300, stack(0x000000c36a600000,0x000000c36a700000)]
  0x0000026e5214b530 JavaThread "Sweeper thread" daemon [_thread_blocked, id=26096, stack(0x000000c36a700000,0x000000c36a800000)]
  0x0000026e521173c0 JavaThread "Common-Cleaner" daemon [_thread_blocked, id=40464, stack(0x000000c36a800000,0x000000c36a900000)]
  0x0000026e523da770 JavaThread "Notification Thread" daemon [_thread_blocked, id=28696, stack(0x000000c36a900000,0x000000c36aa00000)]
  0x0000026e99474320 JavaThread "Daemon health stats" [_thread_blocked, id=27868, stack(0x000000c36b100000,0x000000c36b200000)]
  0x0000026e98afb550 JavaThread "Incoming local TCP Connector on port 52141" [_thread_in_native, id=44844, stack(0x000000c36b200000,0x000000c36b300000)]
  0x0000026e98e4b030 JavaThread "Daemon periodic checks" [_thread_blocked, id=28888, stack(0x000000c36b300000,0x000000c36b400000)]
  0x0000026e9868efe0 JavaThread "Daemon" [_thread_blocked, id=33200, stack(0x000000c36b400000,0x000000c36b500000)]
  0x0000026e9887f4f0 JavaThread "Handler for socket connection from /127.0.0.1:52141 to /127.0.0.1:52142" [_thread_in_native, id=36420, stack(0x000000c36b500000,0x000000c36b600000)]
  0x0000026e998f9a50 JavaThread "Cancel handler" [_thread_blocked, id=24296, stack(0x000000c36b600000,0x000000c36b700000)]
  0x0000026e998fb8e0 JavaThread "Daemon worker" [_thread_blocked, id=6584, stack(0x000000c36b700000,0x000000c36b800000)]
  0x0000026e98af99c0 JavaThread "Asynchronous log dispatcher for DefaultDaemonConnection: socket connection from /127.0.0.1:52141 to /127.0.0.1:52142" [_thread_blocked, id=25380, stack(0x000000c36b800000,0x000000c36b900000)]
  0x0000026e98af8fa0 JavaThread "Stdin handler" [_thread_blocked, id=45012, stack(0x000000c36b900000,0x000000c36ba00000)]
  0x0000026e98af8580 JavaThread "Daemon client event forwarder" [_thread_blocked, id=19008, stack(0x000000c36ba00000,0x000000c36bb00000)]
  0x0000026e98af94b0 JavaThread "Cache worker for journal cache (C:\Users\Admin\.gradle\caches\journal-1)" [_thread_blocked, id=29228, stack(0x000000c36ab00000,0x000000c36ac00000)]
  0x0000026e98af9ed0 JavaThread "File lock request listener" [_thread_in_native, id=40500, stack(0x000000c36ac00000,0x000000c36ad00000)]
  0x0000026e9a5b1280 JavaThread "Cache worker for file hash cache (C:\Users\Admin\.gradle\caches\8.1\fileHashes)" [_thread_blocked, id=33296, stack(0x000000c36bb00000,0x000000c36bc00000)]
  0x0000026e9a5b0860 JavaThread "File watcher server" daemon [_thread_in_native, id=26176, stack(0x000000c36bc00000,0x000000c36bd00000)]
  0x0000026e9a5b30e0 JavaThread "File watcher consumer" daemon [_thread_blocked, id=44892, stack(0x000000c36bd00000,0x000000c36be00000)]
  0x0000026e9a5b1790 JavaThread "Cache worker for checksums cache (C:\Users\Admin\Desktop\ALL Plants Disease\FLUTTERAPP\mamatay\argivysor\android\.gradle\8.1\checksums)" [_thread_blocked, id=37484, stack(0x000000c36be00000,0x000000c36bf00000)]
  0x0000026e9a5b1ca0 JavaThread "Cache worker for cache directory md-rule (C:\Users\Admin\.gradle\caches\8.1\md-rule)" [_thread_blocked, id=28152, stack(0x000000c36bf00000,0x000000c36c000000)]
  0x0000026e9a5b6da0 JavaThread "Cache worker for file content cache (C:\Users\Admin\.gradle\caches\8.1\fileContent)" [_thread_blocked, id=19316, stack(0x000000c36c700000,0x000000c36c800000)]
  0x0000026e9a5b35f0 JavaThread "Cache worker for file hash cache (C:\Users\Admin\Desktop\ALL Plants Disease\FLUTTERAPP\mamatay\argivysor\android\.gradle\8.1\fileHashes)" [_thread_blocked, id=38684, stack(0x000000c36c800000,0x000000c36c900000)]
  0x0000026e9a5b7cd0 JavaThread "Cache worker for cache directory md-supplier (C:\Users\Admin\.gradle\caches\8.1\md-supplier)" [_thread_blocked, id=40176, stack(0x000000c36c900000,0x000000c36ca00000)]
  0x0000026e9a5b72b0 JavaThread "Cache worker for execution history cache (C:\Users\Admin\.gradle\caches\8.1\executionHistory)" [_thread_blocked, id=36444, stack(0x000000c36ca00000,0x000000c36cb00000)]
  0x0000026e9a5b81e0 JavaThread "jar transforms" [_thread_blocked, id=38632, stack(0x000000c36cc00000,0x000000c36cd00000)]
  0x0000026e9a5b4a30 JavaThread "jar transforms Thread 2" [_thread_blocked, id=40184, stack(0x000000c36cd00000,0x000000c36ce00000)]
  0x0000026e9a5b6890 JavaThread "jar transforms Thread 3" [_thread_blocked, id=17980, stack(0x000000c36cf00000,0x000000c36d000000)]
  0x0000026e9a5b2bd0 JavaThread "Cache worker for kotlin-dsl (C:\Users\Admin\.gradle\caches\8.1\kotlin-dsl)" [_thread_blocked, id=28372, stack(0x000000c36d000000,0x000000c36d100000)]
  0x0000026e9a5b77c0 JavaThread "jar transforms Thread 4" [_thread_blocked, id=33388, stack(0x000000c36d100000,0x000000c36d200000)]
  0x0000026e9a5b4010 JavaThread "jar transforms Thread 5" [_thread_blocked, id=23588, stack(0x000000c36d200000,0x000000c36d300000)]
  0x0000026e9a5b3b00 JavaThread "Cache worker for dependencies-accessors (C:\Users\Admin\Desktop\ALL Plants Disease\FLUTTERAPP\mamatay\argivysor\android\.gradle\8.1\dependencies-accessors)" [_thread_blocked, id=40884, stack(0x000000c36d300000,0x000000c36d400000)]
  0x0000026e9a5b5450 JavaThread "Cache worker for Build Output Cleanup Cache (C:\Users\Admin\flutter\flutter\packages\flutter_tools\gradle\.gradle\buildOutputCleanup)" [_thread_blocked, id=30684, stack(0x000000c36d400000,0x000000c36d500000)]
  0x0000026e9a5b5960 JavaThread "jar transforms Thread 6" [_thread_blocked, id=28136, stack(0x000000c36d500000,0x000000c36d600000)]
  0x0000026e9a5b5e70 JavaThread "jar transforms Thread 7" [_thread_blocked, id=37548, stack(0x000000c36d600000,0x000000c36d700000)]
  0x0000026e9a5b6380 JavaThread "Memory manager" [_thread_blocked, id=45692, stack(0x000000c36d700000,0x000000c36d800000)]
  0x0000026e9bb26950 JavaThread "jar transforms Thread 8" [_thread_blocked, id=28100, stack(0x000000c36d800000,0x000000c36d900000)]
  0x0000026e9bb20410 JavaThread "jar transforms Thread 9" [_thread_blocked, id=40508, stack(0x000000c36d900000,0x000000c36da00000)]
  0x0000026e9bb24af0 JavaThread "included builds" [_thread_blocked, id=26380, stack(0x000000c36da00000,0x000000c36db00000)]
  0x0000026e9bb27370 JavaThread "Execution worker" [_thread_blocked, id=27672, stack(0x000000c36db00000,0x000000c36dc00000)]
  0x0000026e9bb20920 JavaThread "Execution worker Thread 2" [_thread_blocked, id=41256, stack(0x000000c36dc00000,0x000000c36dd00000)]
  0x0000026e9bb1ff00 JavaThread "Execution worker Thread 3" [_thread_blocked, id=29432, stack(0x000000c36dd00000,0x000000c36de00000)]
  0x0000026e9bb26e60 JavaThread "Execution worker Thread 4" [_thread_blocked, id=596, stack(0x000000c36de00000,0x000000c36df00000)]
  0x0000026e9bb231a0 JavaThread "Execution worker Thread 5" [_thread_blocked, id=37752, stack(0x000000c36df00000,0x000000c36e000000)]
  0x0000026e9bb240d0 JavaThread "Execution worker Thread 6" [_thread_blocked, id=28756, stack(0x000000c36e000000,0x000000c36e100000)]
  0x0000026e9bb20e30 JavaThread "Execution worker Thread 7" [_thread_blocked, id=26532, stack(0x000000c36e100000,0x000000c36e200000)]
  0x0000026e9bb25a20 JavaThread "Execution worker Thread 8" [_thread_blocked, id=41228, stack(0x000000c36e200000,0x000000c36e300000)]
  0x0000026e9bb25000 JavaThread "Execution worker Thread 9" [_thread_blocked, id=17508, stack(0x000000c36e300000,0x000000c36e400000)]
  0x0000026e9bb245e0 JavaThread "Execution worker Thread 10" [_thread_blocked, id=21256, stack(0x000000c36e400000,0x000000c36e500000)]
  0x0000026e9bb236b0 JavaThread "Execution worker Thread 11" [_thread_blocked, id=24804, stack(0x000000c36e500000,0x000000c36e600000)]
  0x0000026e9bb21340 JavaThread "Cache worker for execution history cache (C:\Users\Admin\flutter\flutter\packages\flutter_tools\gradle\.gradle\8.1\executionHistory)" [_thread_blocked, id=22772, stack(0x000000c36e600000,0x000000c36e700000)]
  0x0000026e9bb25510 JavaThread "Unconstrained build operations" [_thread_blocked, id=23940, stack(0x000000c36e700000,0x000000c36e800000)]
  0x0000026e9bb25f30 JavaThread "Unconstrained build operations Thread 2" [_thread_blocked, id=30436, stack(0x000000c36e800000,0x000000c36e900000)]
  0x0000026e9bb27880 JavaThread "Unconstrained build operations Thread 3" [_thread_blocked, id=39500, stack(0x000000c36e900000,0x000000c36ea00000)]
  0x0000026e9bb26440 JavaThread "Unconstrained build operations Thread 4" [_thread_blocked, id=28344, stack(0x000000c36ea00000,0x000000c36eb00000)]
  0x0000026e9bb21850 JavaThread "Unconstrained build operations Thread 5" [_thread_blocked, id=28520, stack(0x000000c36eb00000,0x000000c36ec00000)]
  0x0000026e9bb22780 JavaThread "Unconstrained build operations Thread 6" [_thread_blocked, id=39336, stack(0x000000c36ec00000,0x000000c36ed00000)]
  0x0000026e9bb22270 JavaThread "Unconstrained build operations Thread 7" [_thread_blocked, id=41380, stack(0x000000c36ed00000,0x000000c36ee00000)]
  0x0000026e9bb22c90 JavaThread "Unconstrained build operations Thread 8" [_thread_blocked, id=37192, stack(0x000000c36ee00000,0x000000c36ef00000)]
  0x0000026e9c0e2d60 JavaThread "Unconstrained build operations Thread 9" [_thread_blocked, id=36760, stack(0x000000c36ef00000,0x000000c36f000000)]
  0x0000026e9c0e0f00 JavaThread "Unconstrained build operations Thread 10" [_thread_blocked, id=42196, stack(0x000000c36f000000,0x000000c36f100000)]
  0x0000026e9c0e3270 JavaThread "Unconstrained build operations Thread 11" [_thread_blocked, id=35248, stack(0x000000c36f100000,0x000000c36f200000)]
  0x0000026e9c0ddc60 JavaThread "Unconstrained build operations Thread 12" [_thread_blocked, id=44188, stack(0x000000c36f200000,0x000000c36f300000)]
  0x0000026e9c0e46b0 JavaThread "Unconstrained build operations Thread 13" [_thread_blocked, id=46976, stack(0x000000c36f300000,0x000000c36f400000)]
  0x0000026e9c0e4bc0 JavaThread "Unconstrained build operations Thread 14" [_thread_blocked, id=41152, stack(0x000000c36f400000,0x000000c36f500000)]
  0x0000026e9c0de680 JavaThread "Unconstrained build operations Thread 15" [_thread_blocked, id=34096, stack(0x000000c36f500000,0x000000c36f600000)]
  0x0000026e9c0e2340 JavaThread "Unconstrained build operations Thread 16" [_thread_blocked, id=39808, stack(0x000000c36f600000,0x000000c36f700000)]
  0x0000026e9c0e1920 JavaThread "Unconstrained build operations Thread 17" [_thread_blocked, id=37000, stack(0x000000c36f700000,0x000000c36f800000)]
  0x0000026e9c0e1410 JavaThread "Unconstrained build operations Thread 18" [_thread_blocked, id=33244, stack(0x000000c36f800000,0x000000c36f900000)]
  0x0000026e9c0de170 JavaThread "Unconstrained build operations Thread 19" [_thread_blocked, id=42348, stack(0x000000c36f900000,0x000000c36fa00000)]
  0x0000026e9c0e2850 JavaThread "Unconstrained build operations Thread 20" [_thread_blocked, id=42044, stack(0x000000c36fa00000,0x000000c36fb00000)]
  0x0000026e9c0df5b0 JavaThread "Unconstrained build operations Thread 21" [_thread_blocked, id=18852, stack(0x000000c36fb00000,0x000000c36fc00000)]
  0x0000026e9c0e3780 JavaThread "jar transforms Thread 10" [_thread_blocked, id=17660, stack(0x000000c36fc00000,0x000000c36fd00000)]
  0x0000026e9c0deb90 JavaThread "jar transforms Thread 11" [_thread_blocked, id=28216, stack(0x000000c36fd00000,0x000000c36fe00000)]
  0x0000026e9c0e09f0 JavaThread "jar transforms Thread 12" [_thread_blocked, id=18928, stack(0x000000c36fe00000,0x000000c36ff00000)]
  0x0000026e9c0e1e30 JavaThread "Cache worker for Build Output Cleanup Cache (C:\Users\Admin\Desktop\ALL Plants Disease\FLUTTERAPP\mamatay\argivysor\android\.gradle\buildOutputCleanup)" [_thread_blocked, id=36064, stack(0x000000c36ff00000,0x000000c370000000)]
  0x0000026e9c0e41a0 JavaThread "build event listener" [_thread_blocked, id=31484, stack(0x000000c370000000,0x000000c370100000)]
  0x0000026e9c0dffd0 JavaThread "Unconstrained build operations Thread 22" [_thread_blocked, id=18936, stack(0x000000c370100000,0x000000c370200000)]
  0x0000026e9c0e04e0 JavaThread "Unconstrained build operations Thread 23" [_thread_blocked, id=36040, stack(0x000000c370200000,0x000000c370300000)]
  0x0000026e9a5b26c0 JavaThread "Unconstrained build operations Thread 24" [_thread_blocked, id=34360, stack(0x000000c370300000,0x000000c370400000)]
  0x0000026e9e522110 JavaThread "Unconstrained build operations Thread 25" [_thread_blocked, id=24484, stack(0x000000c370400000,0x000000c370500000)]
  0x0000026e9e520cd0 JavaThread "Unconstrained build operations Thread 26" [_thread_blocked, id=44768, stack(0x000000c370500000,0x000000c370600000)]
  0x0000026e9e522620 JavaThread "Unconstrained build operations Thread 27" [_thread_blocked, id=28412, stack(0x000000c370600000,0x000000c370700000)]
  0x0000026e9e51f380 JavaThread "Unconstrained build operations Thread 28" [_thread_blocked, id=35772, stack(0x000000c370700000,0x000000c370800000)]
  0x0000026e9e51df40 JavaThread "Unconstrained build operations Thread 29" [_thread_blocked, id=27556, stack(0x000000c370800000,0x000000c370900000)]
  0x0000026e9e51e450 JavaThread "Unconstrained build operations Thread 30" [_thread_blocked, id=40672, stack(0x000000c370900000,0x000000c370a00000)]
  0x0000026e9e522b30 JavaThread "Unconstrained build operations Thread 31" [_thread_blocked, id=39896, stack(0x000000c370a00000,0x000000c370b00000)]
  0x0000026e9e5207c0 JavaThread "Unconstrained build operations Thread 32" [_thread_blocked, id=39648, stack(0x000000c370b00000,0x000000c370c00000)]
  0x0000026e9e523040 JavaThread "Unconstrained build operations Thread 33" [_thread_blocked, id=39252, stack(0x000000c370c00000,0x000000c370d00000)]
  0x0000026e9e51fda0 JavaThread "Unconstrained build operations Thread 34" [_thread_blocked, id=23972, stack(0x000000c370d00000,0x000000c370e00000)]
  0x0000026e9e51c5f0 JavaThread "Unconstrained build operations Thread 35" [_thread_blocked, id=37836, stack(0x000000c370e00000,0x000000c370f00000)]
  0x0000026e9e523550 JavaThread "Unconstrained build operations Thread 36" [_thread_blocked, id=35172, stack(0x000000c370f00000,0x000000c371000000)]
  0x0000026e9e523a60 JavaThread "Unconstrained build operations Thread 37" [_thread_blocked, id=35520, stack(0x000000c371000000,0x000000c371100000)]
  0x0000026e9e523f70 JavaThread "Unconstrained build operations Thread 38" [_thread_blocked, id=19904, stack(0x000000c371100000,0x000000c371200000)]
  0x0000026e9e5202b0 JavaThread "Unconstrained build operations Thread 39" [_thread_blocked, id=44184, stack(0x000000c371200000,0x000000c371300000)]
  0x0000026e9e51f890 JavaThread "Unconstrained build operations Thread 40" [_thread_blocked, id=33488, stack(0x000000c371300000,0x000000c371400000)]
  0x0000026e9e51da30 JavaThread "Unconstrained build operations Thread 41" [_thread_blocked, id=40504, stack(0x000000c371400000,0x000000c371500000)]
  0x0000026e9e51d010 JavaThread "Unconstrained build operations Thread 42" [_thread_blocked, id=24420, stack(0x000000c371500000,0x000000c371600000)]
  0x0000026e9e51cb00 JavaThread "Unconstrained build operations Thread 43" [_thread_blocked, id=46216, stack(0x000000c371600000,0x000000c371700000)]
  0x0000026e9f43bfc0 JavaThread "Unconstrained build operations Thread 44" [_thread_blocked, id=39152, stack(0x000000c371700000,0x000000c371800000)]
  0x0000026e9f43cef0 JavaThread "Unconstrained build operations Thread 45" [_thread_blocked, id=38496, stack(0x000000c371800000,0x000000c371900000)]
  0x0000026e9f43de20 JavaThread "Unconstrained build operations Thread 46" [_thread_blocked, id=46892, stack(0x000000c371900000,0x000000c371a00000)]
  0x0000026e9f43a670 JavaThread "Unconstrained build operations Thread 47" [_thread_blocked, id=28640, stack(0x000000c371a00000,0x000000c371b00000)]
  0x0000026e9f43c9e0 JavaThread "Unconstrained build operations Thread 48" [_thread_blocked, id=43672, stack(0x000000c371b00000,0x000000c371c00000)]
  0x0000026e9f43c4d0 JavaThread "Unconstrained build operations Thread 49" [_thread_blocked, id=32584, stack(0x000000c371c00000,0x000000c371d00000)]
  0x0000026e9f43d400 JavaThread "Unconstrained build operations Thread 50" [_thread_blocked, id=38656, stack(0x000000c371d00000,0x000000c371e00000)]
  0x0000026e9f43ab80 JavaThread "Unconstrained build operations Thread 51" [_thread_blocked, id=46572, stack(0x000000c371e00000,0x000000c371f00000)]
  0x0000026e9f43b5a0 JavaThread "Unconstrained build operations Thread 52" [_thread_blocked, id=22996, stack(0x000000c371f00000,0x000000c372000000)]
  0x0000026e9f43d910 JavaThread "Unconstrained build operations Thread 53" [_thread_blocked, id=46160, stack(0x000000c372000000,0x000000c372100000)]
  0x0000026e9f43b090 JavaThread "Unconstrained build operations Thread 54" [_thread_blocked, id=32104, stack(0x000000c372100000,0x000000c372200000)]
  0x0000026e9f071900 JavaThread "Unconstrained build operations Thread 55" [_thread_blocked, id=33804, stack(0x000000c372200000,0x000000c372300000)]
  0x0000026e9f072d40 JavaThread "Unconstrained build operations Thread 56" [_thread_blocked, id=27168, stack(0x000000c372300000,0x000000c372400000)]
  0x0000026e9f072830 JavaThread "Unconstrained build operations Thread 57" [_thread_blocked, id=38844, stack(0x000000c372400000,0x000000c372500000)]
  0x0000026e9f072320 JavaThread "Unconstrained build operations Thread 58" [_thread_blocked, id=41584, stack(0x000000c372500000,0x000000c372600000)]
  0x0000026e9f073760 JavaThread "Unconstrained build operations Thread 59" [_thread_blocked, id=45904, stack(0x000000c372600000,0x000000c372700000)]
  0x0000026e9f06f080 JavaThread "Unconstrained build operations Thread 60" [_thread_blocked, id=37716, stack(0x000000c372700000,0x000000c372800000)]
  0x0000026e9f073250 JavaThread "Unconstrained build operations Thread 61" [_thread_blocked, id=39712, stack(0x000000c372800000,0x000000c372900000)]
  0x0000026e9f071e10 JavaThread "Unconstrained build operations Thread 62" [_thread_blocked, id=29824, stack(0x000000c372900000,0x000000c372a00000)]
  0x0000026e9f0704c0 JavaThread "Unconstrained build operations Thread 63" [_thread_blocked, id=40380, stack(0x000000c372a00000,0x000000c372b00000)]
  0x0000026e9f06d730 JavaThread "Unconstrained build operations Thread 64" [_thread_blocked, id=41120, stack(0x000000c372b00000,0x000000c372c00000)]
  0x0000026e9f073c70 JavaThread "Unconstrained build operations Thread 65" [_thread_blocked, id=28060, stack(0x000000c372c00000,0x000000c372d00000)]
=>0x0000026e9ed2e010 JavaThread "C2 CompilerThread1" daemon [_thread_in_native, id=27460, stack(0x000000c36cb00000,0x000000c36cc00000)]
  0x0000026e9f06e150 JavaThread "Unconstrained build operations Thread 66" [_thread_blocked, id=32328, stack(0x000000c36ce00000,0x000000c36cf00000)]
  0x0000026e9f06dc40 JavaThread "Unconstrained build operations Thread 67" [_thread_blocked, id=43440, stack(0x000000c372d00000,0x000000c372e00000)]
  0x0000026e9f074180 JavaThread "Unconstrained build operations Thread 68" [_thread_blocked, id=36536, stack(0x000000c372e00000,0x000000c372f00000)]
  0x0000026e9f06e660 JavaThread "Unconstrained build operations Thread 69" [_thread_blocked, id=36920, stack(0x000000c372f00000,0x000000c373000000)]
  0x0000026e9f06cd10 JavaThread "Unconstrained build operations Thread 70" [_thread_blocked, id=34692, stack(0x000000c373000000,0x000000c373100000)]
  0x0000026e9f06d220 JavaThread "Unconstrained build operations Thread 71" [_thread_blocked, id=32512, stack(0x000000c373100000,0x000000c373200000)]
  0x0000026e9f06eb70 JavaThread "Unconstrained build operations Thread 72" [_thread_blocked, id=34476, stack(0x000000c373200000,0x000000c373300000)]
  0x0000026e9f074690 JavaThread "Unconstrained build operations Thread 73" [_thread_blocked, id=29916, stack(0x000000c373300000,0x000000c373400000)]
  0x0000026e9f06f590 JavaThread "Unconstrained build operations Thread 74" [_thread_blocked, id=46336, stack(0x000000c373400000,0x000000c373500000)]
  0x0000026e9f06faa0 JavaThread "Unconstrained build operations Thread 75" [_thread_blocked, id=27548, stack(0x000000c373500000,0x000000c373600000)]
  0x0000026e9f06ffb0 JavaThread "Unconstrained build operations Thread 76" [_thread_blocked, id=30784, stack(0x000000c373600000,0x000000c373700000)]

Other Threads:
  0x0000026e52123610 VMThread "VM Thread" [stack: 0x000000c369e00000,0x000000c369f00000] [id=34356]
  0x0000026e52322220 WatcherThread [stack: 0x000000c36aa00000,0x000000c36ab00000] [id=24204]
  0x0000026e2ec8b940 GCTaskThread "GC Thread#0" [stack: 0x000000c369900000,0x000000c369a00000] [id=46280]
  0x0000026e524251c0 GCTaskThread "GC Thread#1" [stack: 0x000000c36ad00000,0x000000c36ae00000] [id=34760]
  0x0000026e52425480 GCTaskThread "GC Thread#2" [stack: 0x000000c36ae00000,0x000000c36af00000] [id=37144]
  0x0000026e52425740 GCTaskThread "GC Thread#3" [stack: 0x000000c36af00000,0x000000c36b000000] [id=19400]
  0x0000026e52425a00 GCTaskThread "GC Thread#4" [stack: 0x000000c36b000000,0x000000c36b100000] [id=18568]
  0x0000026e52840dd0 GCTaskThread "GC Thread#5" [stack: 0x000000c36c000000,0x000000c36c100000] [id=45528]
  0x0000026e52840b10 GCTaskThread "GC Thread#6" [stack: 0x000000c36c100000,0x000000c36c200000] [id=29948]
  0x0000026e52841090 GCTaskThread "GC Thread#7" [stack: 0x000000c36c200000,0x000000c36c300000] [id=38356]
  0x0000026e52841350 GCTaskThread "GC Thread#8" [stack: 0x000000c36c300000,0x000000c36c400000] [id=40744]
  0x0000026e52841610 GCTaskThread "GC Thread#9" [stack: 0x000000c36c400000,0x000000c36c500000] [id=43412]
  0x0000026e2ec9c890 ConcurrentGCThread "G1 Main Marker" [stack: 0x000000c369a00000,0x000000c369b00000] [id=44952]
  0x0000026e2ec9da50 ConcurrentGCThread "G1 Conc#0" [stack: 0x000000c369b00000,0x000000c369c00000] [id=43140]
  0x0000026e52841b90 ConcurrentGCThread "G1 Conc#1" [stack: 0x000000c36c500000,0x000000c36c600000] [id=42304]
  0x0000026e52840850 ConcurrentGCThread "G1 Conc#2" [stack: 0x000000c36c600000,0x000000c36c700000] [id=25048]
  0x0000026e2ecce860 ConcurrentGCThread "G1 Refine#0" [stack: 0x000000c369c00000,0x000000c369d00000] [id=26984]
  0x0000026e51fde570 ConcurrentGCThread "G1 Service" [stack: 0x000000c369d00000,0x000000c369e00000] [id=31764]

Threads with active compile tasks:
C2 CompilerThread0    20761 12737       4       org.gradle.api.internal.artifacts.ivyservice.resolveengine.graph.builder.NodeState::getResolvedVariant (113 bytes)
C2 CompilerThread1    20761 12622       4       org.codehaus.groovy.reflection.stdclasses.CachedSAMClass::getAbstractMethods (122 bytes)

VM state: not at safepoint (normal execution)

VM Mutex/Monitor currently owned by a thread: None

Heap address: 0x0000000700000000, size: 4096 MB, Compressed Oops mode: Zero based, Oop shift amount: 3

CDS archive(s) mapped at: [0x0000026e53000000-0x0000026e53bb0000-0x0000026e53bb0000), size 12255232, SharedBaseAddress: 0x0000026e53000000, ArchiveRelocationMode: 1.
Compressed class space mapped at: 0x0000026e54000000-0x0000026e94000000, reserved size: 1073741824
Narrow klass base: 0x0000026e53000000, Narrow klass shift: 0, Narrow klass range: 0x100000000

GC Precious Log:
 CPUs: 12 total, 12 available
 Memory: 15761M
 Large Page Support: Disabled
 NUMA Support: Disabled
 Compressed Oops: Enabled (Zero based)
 Heap Region Size: 2M
 Heap Min Capacity: 8M
 Heap Initial Capacity: 248M
 Heap Max Capacity: 4G
 Pre-touch: Disabled
 Parallel Workers: 10
 Concurrent Workers: 3
 Concurrent Refinement Workers: 10
 Periodic GC: Disabled

Heap:
 garbage-first heap   total 243712K, used 155545K [0x0000000700000000, 0x0000000800000000)
  region size 2048K, 13 young (26624K), 3 survivors (6144K)
 Metaspace       used 89211K, committed 90240K, reserved 1179648K
  class space    used 12626K, committed 13120K, reserved 1048576K

Heap Regions: E=young(eden), S=young(survivor), O=old, HS=humongous(starts), HC=humongous(continues), CS=collection set, F=free, OA=open archive, CA=closed archive, TAMS=top-at-mark-start (previous, next)
|   0|0x0000000700000000, 0x0000000700200000, 0x0000000700200000|100%|HS|  |TAMS 0x0000000700200000, 0x0000000700000000| Complete 
|   1|0x0000000700200000, 0x0000000700400000, 0x0000000700400000|100%|HC|  |TAMS 0x0000000700400000, 0x0000000700200000| Complete 
|   2|0x0000000700400000, 0x0000000700600000, 0x0000000700600000|100%| O|  |TAMS 0x0000000700600000, 0x0000000700400000| Untracked 
|   3|0x0000000700600000, 0x0000000700800000, 0x0000000700800000|100%| O|  |TAMS 0x0000000700800000, 0x0000000700600000| Untracked 
|   4|0x0000000700800000, 0x00000007009d2400, 0x0000000700a00000| 91%| O|  |TAMS 0x00000007009d2400, 0x0000000700800000| Untracked 
|   5|0x0000000700a00000, 0x0000000700c00000, 0x0000000700c00000|100%| O|  |TAMS 0x0000000700c00000, 0x0000000700a00000| Untracked 
|   6|0x0000000700c00000, 0x0000000700e00000, 0x0000000700e00000|100%| O|  |TAMS 0x0000000700e00000, 0x0000000700c00000| Untracked 
|   7|0x0000000700e00000, 0x0000000701000000, 0x0000000701000000|100%| O|  |TAMS 0x0000000701000000, 0x0000000700e00000| Untracked 
|   8|0x0000000701000000, 0x0000000701200000, 0x0000000701200000|100%| O|  |TAMS 0x0000000701200000, 0x0000000701000000| Untracked 
|   9|0x0000000701200000, 0x0000000701400000, 0x0000000701400000|100%| O|  |TAMS 0x0000000701400000, 0x0000000701200000| Untracked 
|  10|0x0000000701400000, 0x0000000701600000, 0x0000000701600000|100%| O|  |TAMS 0x0000000701600000, 0x0000000701400000| Untracked 
|  11|0x0000000701600000, 0x0000000701800000, 0x0000000701800000|100%| O|  |TAMS 0x0000000701800000, 0x0000000701600000| Untracked 
|  12|0x0000000701800000, 0x0000000701a00000, 0x0000000701a00000|100%| O|  |TAMS 0x0000000701a00000, 0x0000000701800000| Untracked 
|  13|0x0000000701a00000, 0x0000000701c00000, 0x0000000701c00000|100%| O|  |TAMS 0x0000000701c00000, 0x0000000701a00000| Untracked 
|  14|0x0000000701c00000, 0x0000000701e00000, 0x0000000701e00000|100%|HS|  |TAMS 0x0000000701e00000, 0x0000000701c00000| Complete 
|  15|0x0000000701e00000, 0x0000000702000000, 0x0000000702000000|100%| O|  |TAMS 0x0000000702000000, 0x0000000701e00000| Untracked 
|  16|0x0000000702000000, 0x0000000702200000, 0x0000000702200000|100%| O|  |TAMS 0x0000000702200000, 0x0000000702000000| Untracked 
|  17|0x0000000702200000, 0x0000000702400000, 0x0000000702400000|100%|HS|  |TAMS 0x0000000702400000, 0x0000000702200000| Complete 
|  18|0x0000000702400000, 0x0000000702600000, 0x0000000702600000|100%|HC|  |TAMS 0x0000000702600000, 0x0000000702400000| Complete 
|  19|0x0000000702600000, 0x0000000702800000, 0x0000000702800000|100%|HS|  |TAMS 0x0000000702800000, 0x0000000702600000| Complete 
|  20|0x0000000702800000, 0x0000000702a00000, 0x0000000702a00000|100%|HS|  |TAMS 0x0000000702a00000, 0x0000000702800000| Complete 
|  21|0x0000000702a00000, 0x0000000702c00000, 0x0000000702c00000|100%| O|  |TAMS 0x0000000702c00000, 0x0000000702a00000| Untracked 
|  22|0x0000000702c00000, 0x0000000702e00000, 0x0000000702e00000|100%| O|  |TAMS 0x0000000702e00000, 0x0000000702c00000| Untracked 
|  23|0x0000000702e00000, 0x0000000703000000, 0x0000000703000000|100%| O|  |TAMS 0x0000000703000000, 0x0000000702e00000| Untracked 
|  24|0x0000000703000000, 0x0000000703200000, 0x0000000703200000|100%| O|  |TAMS 0x0000000703200000, 0x0000000703000000| Untracked 
|  25|0x0000000703200000, 0x0000000703400000, 0x0000000703400000|100%| O|  |TAMS 0x0000000703400000, 0x0000000703200000| Untracked 
|  26|0x0000000703400000, 0x0000000703600000, 0x0000000703600000|100%| O|  |TAMS 0x0000000703600000, 0x0000000703400000| Untracked 
|  27|0x0000000703600000, 0x0000000703800000, 0x0000000703800000|100%| O|  |TAMS 0x0000000703800000, 0x0000000703600000| Untracked 
|  28|0x0000000703800000, 0x0000000703a00000, 0x0000000703a00000|100%| O|  |TAMS 0x0000000703a00000, 0x0000000703800000| Untracked 
|  29|0x0000000703a00000, 0x0000000703c00000, 0x0000000703c00000|100%| O|  |TAMS 0x0000000703c00000, 0x0000000703a00000| Untracked 
|  30|0x0000000703c00000, 0x0000000703e00000, 0x0000000703e00000|100%|HS|  |TAMS 0x0000000703e00000, 0x0000000703c00000| Complete 
|  31|0x0000000703e00000, 0x0000000704000000, 0x0000000704000000|100%|HC|  |TAMS 0x0000000704000000, 0x0000000703e00000| Complete 
|  32|0x0000000704000000, 0x0000000704200000, 0x0000000704200000|100%| O|  |TAMS 0x0000000704200000, 0x0000000704000000| Untracked 
|  33|0x0000000704200000, 0x0000000704400000, 0x0000000704400000|100%| O|  |TAMS 0x0000000704400000, 0x0000000704200000| Untracked 
|  34|0x0000000704400000, 0x0000000704600000, 0x0000000704600000|100%| O|  |TAMS 0x0000000704600000, 0x0000000704400000| Untracked 
|  35|0x0000000704600000, 0x0000000704800000, 0x0000000704800000|100%|HS|  |TAMS 0x0000000704800000, 0x0000000704600000| Complete 
|  36|0x0000000704800000, 0x0000000704a00000, 0x0000000704a00000|100%|HC|  |TAMS 0x0000000704a00000, 0x0000000704800000| Complete 
|  37|0x0000000704a00000, 0x0000000704c00000, 0x0000000704c00000|100%| O|  |TAMS 0x0000000704c00000, 0x0000000704a00000| Untracked 
|  38|0x0000000704c00000, 0x0000000704e00000, 0x0000000704e00000|100%| O|  |TAMS 0x0000000704e00000, 0x0000000704c00000| Untracked 
|  39|0x0000000704e00000, 0x0000000705000000, 0x0000000705000000|100%| O|  |TAMS 0x0000000705000000, 0x0000000704e00000| Untracked 
|  40|0x0000000705000000, 0x0000000705200000, 0x0000000705200000|100%| O|  |TAMS 0x0000000705200000, 0x0000000705000000| Untracked 
|  41|0x0000000705200000, 0x0000000705400000, 0x0000000705400000|100%| O|  |TAMS 0x0000000705400000, 0x0000000705200000| Untracked 
|  42|0x0000000705400000, 0x0000000705600000, 0x0000000705600000|100%| O|  |TAMS 0x0000000705600000, 0x0000000705400000| Untracked 
|  43|0x0000000705600000, 0x0000000705800000, 0x0000000705800000|100%| O|  |TAMS 0x0000000705800000, 0x0000000705600000| Complete 
|  44|0x0000000705800000, 0x0000000705a00000, 0x0000000705a00000|100%| O|  |TAMS 0x0000000705a00000, 0x0000000705800000| Untracked 
|  45|0x0000000705a00000, 0x0000000705c00000, 0x0000000705c00000|100%| O|  |TAMS 0x0000000705c00000, 0x0000000705a00000| Untracked 
|  46|0x0000000705c00000, 0x0000000705e00000, 0x0000000705e00000|100%| O|  |TAMS 0x0000000705e00000, 0x0000000705c00000| Untracked 
|  47|0x0000000705e00000, 0x0000000706000000, 0x0000000706000000|100%| O|  |TAMS 0x0000000706000000, 0x0000000705e00000| Untracked 
|  48|0x0000000706000000, 0x0000000706200000, 0x0000000706200000|100%| O|  |TAMS 0x0000000706200000, 0x0000000706000000| Untracked 
|  49|0x0000000706200000, 0x0000000706400000, 0x0000000706400000|100%| O|  |TAMS 0x0000000706400000, 0x0000000706200000| Untracked 
|  50|0x0000000706400000, 0x0000000706600000, 0x0000000706600000|100%| O|  |TAMS 0x0000000706600000, 0x0000000706400000| Untracked 
|  51|0x0000000706600000, 0x0000000706800000, 0x0000000706800000|100%| O|  |TAMS 0x0000000706800000, 0x0000000706600000| Untracked 
|  52|0x0000000706800000, 0x0000000706a00000, 0x0000000706a00000|100%| O|  |TAMS 0x0000000706a00000, 0x0000000706800000| Untracked 
|  53|0x0000000706a00000, 0x0000000706c00000, 0x0000000706c00000|100%| O|  |TAMS 0x0000000706ab9800, 0x0000000706a00000| Untracked 
|  54|0x0000000706c00000, 0x0000000706e00000, 0x0000000706e00000|100%| O|  |TAMS 0x0000000706c00000, 0x0000000706c00000| Untracked 
|  55|0x0000000706e00000, 0x0000000707000000, 0x0000000707000000|100%| O|  |TAMS 0x0000000706e00000, 0x0000000706e00000| Untracked 
|  56|0x0000000707000000, 0x0000000707200000, 0x0000000707200000|100%| O|  |TAMS 0x0000000707000000, 0x0000000707000000| Untracked 
|  57|0x0000000707200000, 0x0000000707214200, 0x0000000707400000|  3%| O|  |TAMS 0x0000000707200000, 0x0000000707200000| Untracked 
|  58|0x0000000707400000, 0x0000000707400000, 0x0000000707600000|  0%| F|  |TAMS 0x0000000707400000, 0x0000000707400000| Untracked 
|  59|0x0000000707600000, 0x0000000707600000, 0x0000000707800000|  0%| F|  |TAMS 0x0000000707600000, 0x0000000707600000| Untracked 
|  60|0x0000000707800000, 0x0000000707800000, 0x0000000707a00000|  0%| F|  |TAMS 0x0000000707800000, 0x0000000707800000| Untracked 
|  61|0x0000000707a00000, 0x0000000707a00000, 0x0000000707c00000|  0%| F|  |TAMS 0x0000000707a00000, 0x0000000707a00000| Untracked 
|  62|0x0000000707c00000, 0x0000000707c00000, 0x0000000707e00000|  0%| F|  |TAMS 0x0000000707c00000, 0x0000000707c00000| Untracked 
|  63|0x0000000707e00000, 0x0000000707e00000, 0x0000000708000000|  0%| F|  |TAMS 0x0000000707e00000, 0x0000000707e00000| Untracked 
|  64|0x0000000708000000, 0x0000000708000000, 0x0000000708200000|  0%| F|  |TAMS 0x0000000708000000, 0x0000000708000000| Untracked 
|  65|0x0000000708200000, 0x0000000708200000, 0x0000000708400000|  0%| F|  |TAMS 0x0000000708200000, 0x0000000708200000| Untracked 
|  66|0x0000000708400000, 0x0000000708400000, 0x0000000708600000|  0%| F|  |TAMS 0x0000000708400000, 0x0000000708400000| Untracked 
|  67|0x0000000708600000, 0x0000000708600000, 0x0000000708800000|  0%| F|  |TAMS 0x0000000708600000, 0x0000000708600000| Untracked 
|  68|0x0000000708800000, 0x0000000708800000, 0x0000000708a00000|  0%| F|  |TAMS 0x0000000708800000, 0x0000000708800000| Untracked 
|  69|0x0000000708a00000, 0x0000000708a00000, 0x0000000708c00000|  0%| F|  |TAMS 0x0000000708a00000, 0x0000000708a00000| Untracked 
|  70|0x0000000708c00000, 0x0000000708c00000, 0x0000000708e00000|  0%| F|  |TAMS 0x0000000708c00000, 0x0000000708c00000| Untracked 
|  71|0x0000000708e00000, 0x0000000709000000, 0x0000000709000000|100%| S|CS|TAMS 0x0000000708e00000, 0x0000000708e00000| Complete 
|  72|0x0000000709000000, 0x0000000709200000, 0x0000000709200000|100%| S|CS|TAMS 0x0000000709000000, 0x0000000709000000| Complete 
|  73|0x0000000709200000, 0x0000000709400000, 0x0000000709400000|100%| S|CS|TAMS 0x0000000709200000, 0x0000000709200000| Complete 
|  74|0x0000000709400000, 0x0000000709400000, 0x0000000709600000|  0%| F|  |TAMS 0x0000000709400000, 0x0000000709400000| Untracked 
|  75|0x0000000709600000, 0x0000000709600000, 0x0000000709800000|  0%| F|  |TAMS 0x0000000709600000, 0x0000000709600000| Untracked 
|  76|0x0000000709800000, 0x0000000709800000, 0x0000000709a00000|  0%| F|  |TAMS 0x0000000709800000, 0x0000000709800000| Untracked 
|  77|0x0000000709a00000, 0x0000000709a00000, 0x0000000709c00000|  0%| F|  |TAMS 0x0000000709a00000, 0x0000000709a00000| Untracked 
|  78|0x0000000709c00000, 0x0000000709c00000, 0x0000000709e00000|  0%| F|  |TAMS 0x0000000709c00000, 0x0000000709c00000| Untracked 
|  79|0x0000000709e00000, 0x0000000709e00000, 0x000000070a000000|  0%| F|  |TAMS 0x0000000709e00000, 0x0000000709e00000| Untracked 
|  80|0x000000070a000000, 0x000000070a000000, 0x000000070a200000|  0%| F|  |TAMS 0x000000070a000000, 0x000000070a000000| Untracked 
|  81|0x000000070a200000, 0x000000070a200000, 0x000000070a400000|  0%| F|  |TAMS 0x000000070a200000, 0x000000070a200000| Untracked 
|  82|0x000000070a400000, 0x000000070a400000, 0x000000070a600000|  0%| F|  |TAMS 0x000000070a400000, 0x000000070a400000| Untracked 
|  83|0x000000070a600000, 0x000000070a600000, 0x000000070a800000|  0%| F|  |TAMS 0x000000070a600000, 0x000000070a600000| Untracked 
|  84|0x000000070a800000, 0x000000070a800000, 0x000000070aa00000|  0%| F|  |TAMS 0x000000070a800000, 0x000000070a800000| Untracked 
|  85|0x000000070aa00000, 0x000000070aa00000, 0x000000070ac00000|  0%| F|  |TAMS 0x000000070aa00000, 0x000000070aa00000| Untracked 
|  86|0x000000070ac00000, 0x000000070ac00000, 0x000000070ae00000|  0%| F|  |TAMS 0x000000070ac00000, 0x000000070ac00000| Untracked 
|  87|0x000000070ae00000, 0x000000070ae00000, 0x000000070b000000|  0%| F|  |TAMS 0x000000070ae00000, 0x000000070ae00000| Untracked 
|  88|0x000000070b000000, 0x000000070b000000, 0x000000070b200000|  0%| F|  |TAMS 0x000000070b000000, 0x000000070b000000| Untracked 
|  89|0x000000070b200000, 0x000000070b200000, 0x000000070b400000|  0%| F|  |TAMS 0x000000070b200000, 0x000000070b200000| Untracked 
|  90|0x000000070b400000, 0x000000070b400000, 0x000000070b600000|  0%| F|  |TAMS 0x000000070b400000, 0x000000070b400000| Untracked 
|  91|0x000000070b600000, 0x000000070b600000, 0x000000070b800000|  0%| F|  |TAMS 0x000000070b600000, 0x000000070b600000| Untracked 
|  92|0x000000070b800000, 0x000000070b800000, 0x000000070ba00000|  0%| F|  |TAMS 0x000000070b800000, 0x000000070b800000| Untracked 
|  93|0x000000070ba00000, 0x000000070ba00000, 0x000000070bc00000|  0%| F|  |TAMS 0x000000070ba00000, 0x000000070ba00000| Untracked 
|  94|0x000000070bc00000, 0x000000070bc00000, 0x000000070be00000|  0%| F|  |TAMS 0x000000070bc00000, 0x000000070bc00000| Untracked 
|  95|0x000000070be00000, 0x000000070c000000, 0x000000070c000000|100%| E|CS|TAMS 0x000000070be00000, 0x000000070be00000| Complete 
|  96|0x000000070c000000, 0x000000070c200000, 0x000000070c200000|100%| E|CS|TAMS 0x000000070c000000, 0x000000070c000000| Complete 
|  97|0x000000070c200000, 0x000000070c200000, 0x000000070c400000|  0%| F|  |TAMS 0x000000070c200000, 0x000000070c200000| Untracked 
|  98|0x000000070c400000, 0x000000070c400000, 0x000000070c600000|  0%| F|  |TAMS 0x000000070c400000, 0x000000070c400000| Untracked 
|  99|0x000000070c600000, 0x000000070c600000, 0x000000070c800000|  0%| F|  |TAMS 0x000000070c600000, 0x000000070c600000| Untracked 
| 100|0x000000070c800000, 0x000000070c800000, 0x000000070ca00000|  0%| F|  |TAMS 0x000000070c800000, 0x000000070c800000| Untracked 
| 101|0x000000070ca00000, 0x000000070ca00000, 0x000000070cc00000|  0%| F|  |TAMS 0x000000070ca00000, 0x000000070ca00000| Untracked 
| 102|0x000000070cc00000, 0x000000070cc00000, 0x000000070ce00000|  0%| F|  |TAMS 0x000000070cc00000, 0x000000070cc00000| Untracked 
| 103|0x000000070ce00000, 0x000000070ce00000, 0x000000070d000000|  0%| F|  |TAMS 0x000000070ce00000, 0x000000070ce00000| Untracked 
| 104|0x000000070d000000, 0x000000070d131748, 0x000000070d200000| 59%| E|  |TAMS 0x000000070d000000, 0x000000070d000000| Complete 
| 105|0x000000070d200000, 0x000000070d400000, 0x000000070d400000|100%| E|CS|TAMS 0x000000070d200000, 0x000000070d200000| Complete 
| 106|0x000000070d400000, 0x000000070d600000, 0x000000070d600000|100%| E|CS|TAMS 0x000000070d400000, 0x000000070d400000| Complete 
| 107|0x000000070d600000, 0x000000070d800000, 0x000000070d800000|100%| E|CS|TAMS 0x000000070d600000, 0x000000070d600000| Complete 
| 108|0x000000070d800000, 0x000000070da00000, 0x000000070da00000|100%| E|CS|TAMS 0x000000070d800000, 0x000000070d800000| Complete 
| 109|0x000000070da00000, 0x000000070dc00000, 0x000000070dc00000|100%| E|CS|TAMS 0x000000070da00000, 0x000000070da00000| Complete 
| 110|0x000000070dc00000, 0x000000070de00000, 0x000000070de00000|100%| E|CS|TAMS 0x000000070dc00000, 0x000000070dc00000| Complete 
| 123|0x000000070f600000, 0x000000070f800000, 0x000000070f800000|100%| E|CS|TAMS 0x000000070f600000, 0x000000070f600000| Complete 
|2041|0x00000007ff200000, 0x00000007ff400000, 0x00000007ff400000|100%| O|  |TAMS 0x00000007ff400000, 0x00000007ff200000| Untracked 
|2042|0x00000007ff400000, 0x00000007ff600000, 0x00000007ff600000|100%| O|  |TAMS 0x00000007ff600000, 0x00000007ff400000| Untracked 
|2043|0x00000007ff600000, 0x00000007ff800000, 0x00000007ff800000|100%| O|  |TAMS 0x00000007ff800000, 0x00000007ff600000| Untracked 
|2044|0x00000007ff800000, 0x00000007ffa00000, 0x00000007ffa00000|100%| O|  |TAMS 0x00000007ffa00000, 0x00000007ff800000| Untracked 
|2045|0x00000007ffa00000, 0x00000007ffc00000, 0x00000007ffc00000|100%| O|  |TAMS 0x00000007ffc00000, 0x00000007ffa00000| Untracked 
|2046|0x00000007ffc00000, 0x00000007ffe00000, 0x00000007ffe00000|100%| O|  |TAMS 0x00000007ffe00000, 0x00000007ffc00000| Untracked 
|2047|0x00000007ffe00000, 0x0000000800000000, 0x0000000800000000|100%| O|  |TAMS 0x0000000800000000, 0x00000007ffe00000| Untracked 

Card table byte_map: [0x0000026e46490000,0x0000026e46c90000] _byte_map_base: 0x0000026e42c90000

Marking Bits (Prev, Next): (CMBitMap*) 0x0000026e2ec8bfa0, (CMBitMap*) 0x0000026e2ec8bf60
 Prev Bits: [0x0000026e4b490000, 0x0000026e4f490000)
 Next Bits: [0x0000026e47490000, 0x0000026e4b490000)

Polling page: 0x0000026e2cbd0000

Metaspace:

Usage:
  Non-class:     74.79 MB used.
      Class:     12.33 MB used.
       Both:     87.12 MB used.

Virtual space:
  Non-class space:      128.00 MB reserved,      75.31 MB ( 59%) committed,  2 nodes.
      Class space:        1.00 GB reserved,      12.81 MB (  1%) committed,  1 nodes.
             Both:        1.12 GB reserved,      88.12 MB (  8%) committed. 

Chunk freelists:
   Non-Class:  4.51 MB
       Class:  3.02 MB
        Both:  7.53 MB

MaxMetaspaceSize: unlimited
CompressedClassSpaceSize: 1.00 GB
Initial GC threshold: 21.00 MB
Current GC threshold: 146.81 MB
CDS: on
MetaspaceReclaimPolicy: balanced
 - commit_granule_bytes: 65536.
 - commit_granule_words: 8192.
 - virtual_space_node_default_size: 8388608.
 - enlarge_chunks_in_place: 1.
 - new_chunks_are_fully_committed: 0.
 - uncommit_free_chunks: 1.
 - use_allocation_guard: 0.
 - handle_deallocations: 1.


Internal statistics:

num_allocs_failed_limit: 6.
num_arena_births: 1238.
num_arena_deaths: 0.
num_vsnodes_births: 3.
num_vsnodes_deaths: 0.
num_space_committed: 1410.
num_space_uncommitted: 0.
num_chunks_returned_to_freelist: 6.
num_chunks_taken_from_freelist: 5111.
num_chunk_merges: 6.
num_chunk_splits: 3326.
num_chunks_enlarged: 2127.
num_inconsistent_stats: 0.

CodeHeap 'non-profiled nmethods': size=120000Kb used=7290Kb max_used=7974Kb free=112710Kb
 bounds [0x0000026e3e210000, 0x0000026e3e9e0000, 0x0000026e45740000]
CodeHeap 'profiled nmethods': size=120000Kb used=20838Kb max_used=22725Kb free=99162Kb
 bounds [0x0000026e36740000, 0x0000026e37d80000, 0x0000026e3dc70000]
CodeHeap 'non-nmethods': size=5760Kb used=2421Kb max_used=2500Kb free=3338Kb
 bounds [0x0000026e3dc70000, 0x0000026e3df00000, 0x0000026e3e210000]
 total_blobs=11580 nmethods=10623 adapters=867
 compilation: enabled
              stopped_count=0, restarted_count=0
 full_count=0

Compilation events (20 events):
Event: 20.640 Thread 0x0000026e52148b20 12668       1       org.gradle.api.plugins.internal.DefaultBasePluginExtension_Decorated::getModelIdentityDisplayName (5 bytes)
Event: 20.640 Thread 0x0000026e52148b20 nmethod 12668 0x0000026e3e275f10 code [0x0000026e3e2760a0, 0x0000026e3e276178]
Event: 20.641 Thread 0x0000026e52148b20 12669       3       com.google.common.cache.LocalCache$Segment::getEntry (73 bytes)
Event: 20.646 Thread 0x0000026e52148b20 nmethod 12669 0x0000026e36db7890 code [0x0000026e36db7b60, 0x0000026e36db8cc8]
Event: 20.646 Thread 0x0000026e52148b20 12670       3       com.google.common.cache.LocalCache$Segment::getFirst (21 bytes)
Event: 20.647 Thread 0x0000026e52148b20 nmethod 12670 0x0000026e369bfc10 code [0x0000026e369bfea0, 0x0000026e369c0ba8]
Event: 20.652 Thread 0x0000026e52148b20 12671       1       com.android.builder.internal.BaseConfigImpl::getManifestPlaceholders (5 bytes)
Event: 20.653 Thread 0x0000026e52148b20 nmethod 12671 0x0000026e3e275a10 code [0x0000026e3e275ba0, 0x0000026e3e275c78]
Event: 20.662 Thread 0x0000026e52148b20 12674       3       com.android.build.api.variant.impl.LibraryVariantImpl_Decorated::getVariantScope (40 bytes)
Event: 20.662 Thread 0x0000026e52148b20 nmethod 12674 0x0000026e3683e610 code [0x0000026e3683e7e0, 0x0000026e3683eb78]
Event: 20.663 Thread 0x0000026e52148b20 12672       3       com.android.build.gradle.internal.dependency.VariantDependencies::getArtifactCollection (359 bytes)
Event: 20.665 Thread 0x0000026e52148b20 nmethod 12672 0x0000026e374cfe90 code [0x0000026e374d0460, 0x0000026e374d3398]
Event: 20.665 Thread 0x0000026e52148b20 12673       3       com.android.build.gradle.internal.dependency.VariantDependencies::computeArtifactCollection (119 bytes)
Event: 20.665 Thread 0x0000026e52148b20 nmethod 12673 0x0000026e373f5090 code [0x0000026e373f5340, 0x0000026e373f5f68]
Event: 20.666 Thread 0x0000026e52148b20 12677       3       com.google.common.collect.Iterators::transform (15 bytes)
Event: 20.666 Thread 0x0000026e52148b20 nmethod 12677 0x0000026e3701c810 code [0x0000026e3701ca00, 0x0000026e3701d118]
Event: 20.666 Thread 0x0000026e52148b20 12678       1       com.android.build.api.component.impl.ConsumableCreationConfigImpl::getVariantDslInfo (5 bytes)
Event: 20.666 Thread 0x0000026e52148b20 nmethod 12678 0x0000026e3e549110 code [0x0000026e3e5492a0, 0x0000026e3e549378]
Event: 20.667 Thread 0x0000026e52148070 nmethod 12651 0x0000026e3e637a10 code [0x0000026e3e637c80, 0x0000026e3e638ab0]
Event: 20.667 Thread 0x0000026e52148070 12676       4       org.gradle.internal.logging.events.ProgressCompleteEvent::<init> (27 bytes)

GC Heap History (20 events):
Event: 15.650 GC heap before
{Heap before GC invocations=38 (full 0):
 garbage-first heap   total 163840K, used 126408K [0x0000000700000000, 0x0000000800000000)
  region size 2048K, 20 young (40960K), 3 survivors (6144K)
 Metaspace       used 78123K, committed 78912K, reserved 1179648K
  class space    used 10891K, committed 11264K, reserved 1048576K
}
Event: 15.653 GC heap after
{Heap after GC invocations=39 (full 0):
 garbage-first heap   total 163840K, used 96295K [0x0000000700000000, 0x0000000800000000)
  region size 2048K, 3 young (6144K), 3 survivors (6144K)
 Metaspace       used 78123K, committed 78912K, reserved 1179648K
  class space    used 10891K, committed 11264K, reserved 1048576K
}
Event: 15.855 GC heap before
{Heap before GC invocations=39 (full 0):
 garbage-first heap   total 163840K, used 133159K [0x0000000700000000, 0x0000000800000000)
  region size 2048K, 21 young (43008K), 3 survivors (6144K)
 Metaspace       used 78421K, committed 79232K, reserved 1179648K
  class space    used 10933K, committed 11328K, reserved 1048576K
}
Event: 15.858 GC heap after
{Heap after GC invocations=40 (full 0):
 garbage-first heap   total 163840K, used 99356K [0x0000000700000000, 0x0000000800000000)
  region size 2048K, 3 young (6144K), 3 survivors (6144K)
 Metaspace       used 78421K, committed 79232K, reserved 1179648K
  class space    used 10933K, committed 11328K, reserved 1048576K
}
Event: 16.348 GC heap before
{Heap before GC invocations=41 (full 0):
 garbage-first heap   total 174080K, used 134172K [0x0000000700000000, 0x0000000800000000)
  region size 2048K, 20 young (40960K), 3 survivors (6144K)
 Metaspace       used 80620K, committed 81472K, reserved 1179648K
  class space    used 11282K, committed 11712K, reserved 1048576K
}
Event: 16.351 GC heap after
{Heap after GC invocations=42 (full 0):
 garbage-first heap   total 174080K, used 100861K [0x0000000700000000, 0x0000000800000000)
  region size 2048K, 1 young (2048K), 1 survivors (2048K)
 Metaspace       used 80620K, committed 81472K, reserved 1179648K
  class space    used 11282K, committed 11712K, reserved 1048576K
}
Event: 17.038 GC heap before
{Heap before GC invocations=42 (full 0):
 garbage-first heap   total 174080K, used 141821K [0x0000000700000000, 0x0000000800000000)
  region size 2048K, 21 young (43008K), 1 survivors (2048K)
 Metaspace       used 83372K, committed 84224K, reserved 1179648K
  class space    used 11798K, committed 12224K, reserved 1048576K
}
Event: 17.041 GC heap after
{Heap after GC invocations=43 (full 0):
 garbage-first heap   total 174080K, used 102059K [0x0000000700000000, 0x0000000800000000)
  region size 2048K, 2 young (4096K), 2 survivors (4096K)
 Metaspace       used 83372K, committed 84224K, reserved 1179648K
  class space    used 11798K, committed 12224K, reserved 1048576K
}
Event: 17.523 GC heap before
{Heap before GC invocations=44 (full 0):
 garbage-first heap   total 182272K, used 143019K [0x0000000700000000, 0x0000000800000000)
  region size 2048K, 22 young (45056K), 2 survivors (4096K)
 Metaspace       used 85277K, committed 86144K, reserved 1179648K
  class space    used 12068K, committed 12480K, reserved 1048576K
}
Event: 17.526 GC heap after
{Heap after GC invocations=45 (full 0):
 garbage-first heap   total 182272K, used 104579K [0x0000000700000000, 0x0000000800000000)
  region size 2048K, 3 young (6144K), 3 survivors (6144K)
 Metaspace       used 85277K, committed 86144K, reserved 1179648K
  class space    used 12068K, committed 12480K, reserved 1048576K
}
Event: 18.232 GC heap before
{Heap before GC invocations=45 (full 0):
 garbage-first heap   total 182272K, used 151683K [0x0000000700000000, 0x0000000800000000)
  region size 2048K, 26 young (53248K), 3 survivors (6144K)
 Metaspace       used 86780K, committed 87616K, reserved 1179648K
  class space    used 12274K, committed 12672K, reserved 1048576K
}
Event: 18.238 GC heap after
{Heap after GC invocations=46 (full 0):
 garbage-first heap   total 182272K, used 109837K [0x0000000700000000, 0x0000000800000000)
  region size 2048K, 4 young (8192K), 4 survivors (8192K)
 Metaspace       used 86780K, committed 87616K, reserved 1179648K
  class space    used 12274K, committed 12672K, reserved 1048576K
}
Event: 18.931 GC heap before
{Heap before GC invocations=47 (full 0):
 garbage-first heap   total 192512K, used 148749K [0x0000000700000000, 0x0000000800000000)
  region size 2048K, 24 young (49152K), 4 survivors (8192K)
 Metaspace       used 87902K, committed 88832K, reserved 1179648K
  class space    used 12468K, committed 12928K, reserved 1048576K
}
Event: 18.936 GC heap after
{Heap after GC invocations=48 (full 0):
 garbage-first heap   total 192512K, used 118918K [0x0000000700000000, 0x0000000800000000)
  region size 2048K, 3 young (6144K), 3 survivors (6144K)
 Metaspace       used 87902K, committed 88832K, reserved 1179648K
  class space    used 12468K, committed 12928K, reserved 1048576K
}
Event: 19.448 GC heap before
{Heap before GC invocations=48 (full 0):
 garbage-first heap   total 192512K, used 155782K [0x0000000700000000, 0x0000000800000000)
  region size 2048K, 21 young (43008K), 3 survivors (6144K)
 Metaspace       used 88422K, committed 89344K, reserved 1179648K
  class space    used 12526K, committed 12992K, reserved 1048576K
}
Event: 19.451 GC heap after
{Heap after GC invocations=49 (full 0):
 garbage-first heap   total 192512K, used 123836K [0x0000000700000000, 0x0000000800000000)
  region size 2048K, 3 young (6144K), 3 survivors (6144K)
 Metaspace       used 88422K, committed 89344K, reserved 1179648K
  class space    used 12526K, committed 12992K, reserved 1048576K
}
Event: 19.958 GC heap before
{Heap before GC invocations=50 (full 0):
 garbage-first heap   total 215040K, used 152508K [0x0000000700000000, 0x0000000800000000)
  region size 2048K, 18 young (36864K), 3 survivors (6144K)
 Metaspace       used 88801K, committed 89792K, reserved 1179648K
  class space    used 12579K, committed 13056K, reserved 1048576K
}
Event: 19.962 GC heap after
{Heap after GC invocations=51 (full 0):
 garbage-first heap   total 215040K, used 128833K [0x0000000700000000, 0x0000000800000000)
  region size 2048K, 3 young (6144K), 3 survivors (6144K)
 Metaspace       used 88801K, committed 89792K, reserved 1179648K
  class space    used 12579K, committed 13056K, reserved 1048576K
}
Event: 20.572 GC heap before
{Heap before GC invocations=51 (full 0):
 garbage-first heap   total 215040K, used 169793K [0x0000000700000000, 0x0000000800000000)
  region size 2048K, 24 young (49152K), 3 survivors (6144K)
 Metaspace       used 89056K, committed 90112K, reserved 1179648K
  class space    used 12608K, committed 13120K, reserved 1048576K
}
Event: 20.577 GC heap after
{Heap after GC invocations=52 (full 0):
 garbage-first heap   total 215040K, used 137113K [0x0000000700000000, 0x0000000800000000)
  region size 2048K, 3 young (6144K), 3 survivors (6144K)
 Metaspace       used 89056K, committed 90112K, reserved 1179648K
  class space    used 12608K, committed 13120K, reserved 1048576K
}

Dll operation events (15 events):
Event: 0.007 Loaded shared library C:\Program Files\Microsoft\jdk-17.0.12.7-hotspot\bin\java.dll
Event: 0.023 Loaded shared library C:\Program Files\Microsoft\jdk-17.0.12.7-hotspot\bin\jsvml.dll
Event: 0.066 Loaded shared library C:\Program Files\Microsoft\jdk-17.0.12.7-hotspot\bin\zip.dll
Event: 0.068 Loaded shared library C:\Program Files\Microsoft\jdk-17.0.12.7-hotspot\bin\instrument.dll
Event: 0.071 Loaded shared library C:\Program Files\Microsoft\jdk-17.0.12.7-hotspot\bin\net.dll
Event: 0.072 Loaded shared library C:\Program Files\Microsoft\jdk-17.0.12.7-hotspot\bin\nio.dll
Event: 0.074 Loaded shared library C:\Program Files\Microsoft\jdk-17.0.12.7-hotspot\bin\zip.dll
Event: 0.251 Loaded shared library C:\Program Files\Microsoft\jdk-17.0.12.7-hotspot\bin\jimage.dll
Event: 0.311 Loaded shared library C:\Program Files\Microsoft\jdk-17.0.12.7-hotspot\bin\verify.dll
Event: 0.447 Loaded shared library C:\Users\Admin\.gradle\native\68d5fa5c4cc2d200863cafc0d521ce42e7d3e7ee720ec0a83991735586a16f82\windows-amd64\native-platform.dll
Event: 0.452 Loaded shared library C:\Users\Admin\.gradle\native\e376f236ea51e6404a007f0833ffe2c6e607c4080706a723a18a27aeea778392\windows-amd64\native-platform-file-events.dll
Event: 1.093 Loaded shared library C:\Program Files\Microsoft\jdk-17.0.12.7-hotspot\bin\management.dll
Event: 1.096 Loaded shared library C:\Program Files\Microsoft\jdk-17.0.12.7-hotspot\bin\management_ext.dll
Event: 1.262 Loaded shared library C:\Program Files\Microsoft\jdk-17.0.12.7-hotspot\bin\extnet.dll
Event: 1.421 Loaded shared library C:\Program Files\Microsoft\jdk-17.0.12.7-hotspot\bin\sunmscapi.dll

Deoptimization events (20 events):
Event: 20.013 Thread 0x0000026e998fb8e0 Uncommon trap: trap_request=0xffffff45 fr.pc=0x0000026e3e8f0ea0 relative=0x00000000000000a0
Event: 20.013 Thread 0x0000026e998fb8e0 Uncommon trap: reason=unstable_if action=reinterpret pc=0x0000026e3e8f0ea0 method=com.esotericsoftware.kryo.io.Output.writeByte(B)V @ 8 c2
Event: 20.013 Thread 0x0000026e998fb8e0 DEOPT PACKING pc=0x0000026e3e8f0ea0 sp=0x000000c36b7f8790
Event: 20.013 Thread 0x0000026e998fb8e0 DEOPT UNPACKING pc=0x0000026e3dcc69a3 sp=0x000000c36b7f86b0 mode 2
Event: 20.303 Thread 0x0000026e998fb8e0 DEOPT PACKING pc=0x0000026e37530315 sp=0x000000c36b7f87c0
Event: 20.303 Thread 0x0000026e998fb8e0 DEOPT UNPACKING pc=0x0000026e3dcc7143 sp=0x000000c36b7f7c20 mode 0
Event: 20.356 Thread 0x0000026e998fb8e0 Uncommon trap: trap_request=0xffffffde fr.pc=0x0000026e3e95bd0c relative=0x0000000000000aec
Event: 20.356 Thread 0x0000026e998fb8e0 Uncommon trap: reason=class_check action=maybe_recompile pc=0x0000026e3e95bd0c method=org.gradle.tooling.internal.provider.runner.ClientBuildEventGenerator.finished(Lorg/gradle/internal/operations/BuildOperationDescriptor;Lorg/gradle/internal/operations/O
Event: 20.356 Thread 0x0000026e998fb8e0 DEOPT PACKING pc=0x0000026e3e95bd0c sp=0x000000c36b7faa90
Event: 20.356 Thread 0x0000026e998fb8e0 DEOPT UNPACKING pc=0x0000026e3dcc69a3 sp=0x000000c36b7faa60 mode 2
Event: 20.521 Thread 0x0000026e998fb8e0 DEOPT PACKING pc=0x0000026e36a537c3 sp=0x000000c36b7f8c30
Event: 20.521 Thread 0x0000026e998fb8e0 DEOPT UNPACKING pc=0x0000026e3dcc7143 sp=0x000000c36b7f80e0 mode 0
Event: 20.545 Thread 0x0000026e998fb8e0 Uncommon trap: trap_request=0xffffffbe fr.pc=0x0000026e3e9d754c relative=0x00000000000008ac
Event: 20.545 Thread 0x0000026e998fb8e0 Uncommon trap: reason=profile_predicate action=maybe_recompile pc=0x0000026e3e9d754c method=groovy.lang.MetaClassImpl$MethodIndexAction.iterate()V @ 78 c2
Event: 20.545 Thread 0x0000026e998fb8e0 DEOPT PACKING pc=0x0000026e3e9d754c sp=0x000000c36b7f59e0
Event: 20.545 Thread 0x0000026e998fb8e0 DEOPT UNPACKING pc=0x0000026e3dcc69a3 sp=0x000000c36b7f59b8 mode 2
Event: 20.545 Thread 0x0000026e998fb8e0 Uncommon trap: trap_request=0xffffffbe fr.pc=0x0000026e3e9d754c relative=0x00000000000008ac
Event: 20.545 Thread 0x0000026e998fb8e0 Uncommon trap: reason=profile_predicate action=maybe_recompile pc=0x0000026e3e9d754c method=groovy.lang.MetaClassImpl$MethodIndexAction.iterate()V @ 78 c2
Event: 20.545 Thread 0x0000026e998fb8e0 DEOPT PACKING pc=0x0000026e3e9d754c sp=0x000000c36b7f59e0
Event: 20.545 Thread 0x0000026e998fb8e0 DEOPT UNPACKING pc=0x0000026e3dcc69a3 sp=0x000000c36b7f59b8 mode 2

Classes loaded (20 events):
Event: 17.900 Loading class java/lang/IntegerBeanInfo
Event: 17.900 Loading class java/lang/IntegerBeanInfo done
Event: 17.900 Loading class java/lang/NumberBeanInfo
Event: 17.900 Loading class java/lang/NumberBeanInfo done
Event: 17.900 Loading class java/lang/NumberBeanInfo
Event: 17.900 Loading class java/lang/NumberBeanInfo done
Event: 17.900 Loading class java/lang/NumberCustomizer
Event: 17.900 Loading class java/lang/NumberCustomizer done
Event: 17.900 Loading class java/lang/NumberCustomizer
Event: 17.900 Loading class java/lang/NumberCustomizer done
Event: 17.900 Loading class java/lang/IntegerCustomizer
Event: 17.900 Loading class java/lang/IntegerCustomizer done
Event: 17.901 Loading class java/lang/IntegerCustomizer
Event: 17.901 Loading class java/lang/IntegerCustomizer done
Event: 17.901 Loading class jdk/internal/ValueBased
Event: 17.901 Loading class jdk/internal/ValueBased done
Event: 17.902 Loading class jdk/internal/reflect/UnsafeQualifiedStaticIntegerFieldAccessorImpl
Event: 17.902 Loading class jdk/internal/reflect/UnsafeQualifiedStaticIntegerFieldAccessorImpl done
Event: 19.090 Loading class jdk/internal/misc/ScopedMemoryAccess$Scope$Handle
Event: 19.090 Loading class jdk/internal/misc/ScopedMemoryAccess$Scope$Handle done

Classes unloaded (0 events):
No events

Classes redefined (0 events):
No events

Internal exceptions (20 events):
Event: 19.758 Thread 0x0000026e98af8580 Implicit null exception at 0x0000026e3e25afdd to 0x0000026e3e25b164
Event: 19.758 Thread 0x0000026e98af8580 Implicit null exception at 0x0000026e3e418cb9 to 0x0000026e3e4193c4
Event: 19.777 Thread 0x0000026e998fb8e0 Exception <a 'java/lang/ClassNotFoundException'{0x000000070b5dcd78}: build_33jwifvou59k7tydvn8qyqzcdBeanInfo> (0x000000070b5dcd78) 
thrown [s\src\hotspot\share\classfile\systemDictionary.cpp, line 256]
Event: 19.777 Thread 0x0000026e998fb8e0 Exception <a 'java/lang/ClassNotFoundException'{0x000000070b5e3638}: build_33jwifvou59k7tydvn8qyqzcdCustomizer> (0x000000070b5e3638) 
thrown [s\src\hotspot\share\classfile\systemDictionary.cpp, line 256]
Event: 19.817 Thread 0x0000026e998fb8e0 Exception <a 'java/lang/ClassNotFoundException'{0x000000070afc0380}: build_33jwifvou59k7tydvn8qyqzcdBeanInfo> (0x000000070afc0380) 
thrown [s\src\hotspot\share\classfile\systemDictionary.cpp, line 256]
Event: 19.817 Thread 0x0000026e998fb8e0 Exception <a 'java/lang/ClassNotFoundException'{0x000000070afc6be0}: build_33jwifvou59k7tydvn8qyqzcdCustomizer> (0x000000070afc6be0) 
thrown [s\src\hotspot\share\classfile\systemDictionary.cpp, line 256]
Event: 19.892 Thread 0x0000026e998fb8e0 Exception <a 'java/lang/ClassNotFoundException'{0x000000070a9b7208}: build_7iqxglmg2kf7tsdq52qzet2lcBeanInfo> (0x000000070a9b7208) 
thrown [s\src\hotspot\share\classfile\systemDictionary.cpp, line 256]
Event: 19.893 Thread 0x0000026e998fb8e0 Exception <a 'java/lang/ClassNotFoundException'{0x000000070a9bdac8}: build_7iqxglmg2kf7tsdq52qzet2lcCustomizer> (0x000000070a9bdac8) 
thrown [s\src\hotspot\share\classfile\systemDictionary.cpp, line 256]
Event: 20.304 Thread 0x0000026e998fb8e0 Exception <a 'java/lang/ClassNotFoundException'{0x000000070b44c040}: build_7iqxglmg2kf7tsdq52qzet2lcBeanInfo> (0x000000070b44c040) 
thrown [s\src\hotspot\share\classfile\systemDictionary.cpp, line 256]
Event: 20.304 Thread 0x0000026e998fb8e0 Exception <a 'java/lang/ClassNotFoundException'{0x000000070b4528a0}: build_7iqxglmg2kf7tsdq52qzet2lcCustomizer> (0x000000070b4528a0) 
thrown [s\src\hotspot\share\classfile\systemDictionary.cpp, line 256]
Event: 20.367 Thread 0x0000026e998fb8e0 Exception <a 'java/lang/ClassNotFoundException'{0x000000070adc48d0}: build_dbvrqs92l6d3ugs8oy7383bc3BeanInfo> (0x000000070adc48d0) 
thrown [s\src\hotspot\share\classfile\systemDictionary.cpp, line 256]
Event: 20.368 Thread 0x0000026e998fb8e0 Exception <a 'java/lang/ClassNotFoundException'{0x000000070aa02238}: build_dbvrqs92l6d3ugs8oy7383bc3Customizer> (0x000000070aa02238) 
thrown [s\src\hotspot\share\classfile\systemDictionary.cpp, line 256]
Event: 20.521 Thread 0x0000026e998fb8e0 Exception <a 'java/lang/ClassNotFoundException'{0x0000000709d92980}: build_dbvrqs92l6d3ugs8oy7383bc3BeanInfo> (0x0000000709d92980) 
thrown [s\src\hotspot\share\classfile\systemDictionary.cpp, line 256]
Event: 20.521 Thread 0x0000026e998fb8e0 Exception <a 'java/lang/ClassNotFoundException'{0x0000000709d991e0}: build_dbvrqs92l6d3ugs8oy7383bc3Customizer> (0x0000000709d991e0) 
thrown [s\src\hotspot\share\classfile\systemDictionary.cpp, line 256]
Event: 20.598 Thread 0x0000026e998fb8e0 Exception <a 'java/lang/ClassNotFoundException'{0x000000070be31398}: com/android/build/gradle/internal/dsl/LibraryBuildFeaturesImpl_DecoratedBeanInfo> (0x000000070be31398) 
thrown [s\src\hotspot\share\classfile\systemDictionary.cpp, line 256]
Event: 20.599 Thread 0x0000026e998fb8e0 Exception <a 'java/lang/ClassNotFoundException'{0x000000070be3ffe0}: com/android/build/gradle/internal/dsl/LibraryBuildFeaturesImplBeanInfo> (0x000000070be3ffe0) 
thrown [s\src\hotspot\share\classfile\systemDictionary.cpp, line 256]
Event: 20.599 Thread 0x0000026e998fb8e0 Exception <a 'java/lang/ClassNotFoundException'{0x000000070be4eb68}: com/android/build/gradle/internal/dsl/BuildFeaturesImplBeanInfo> (0x000000070be4eb68) 
thrown [s\src\hotspot\share\classfile\systemDictionary.cpp, line 256]
Event: 20.600 Thread 0x0000026e998fb8e0 Exception <a 'java/lang/ClassNotFoundException'{0x000000070be5d718}: com/android/build/gradle/internal/dsl/BuildFeaturesImplCustomizer> (0x000000070be5d718) 
thrown [s\src\hotspot\share\classfile\systemDictionary.cpp, line 256]
Event: 20.601 Thread 0x0000026e998fb8e0 Exception <a 'java/lang/ClassNotFoundException'{0x000000070be77d30}: com/android/build/gradle/internal/dsl/LibraryBuildFeaturesImplCustomizer> (0x000000070be77d30) 
thrown [s\src\hotspot\share\classfile\systemDictionary.cpp, line 256]
Event: 20.602 Thread 0x0000026e998fb8e0 Exception <a 'java/lang/ClassNotFoundException'{0x000000070be8f990}: com/android/build/gradle/internal/dsl/LibraryBuildFeaturesImpl_DecoratedCustomizer> (0x000000070be8f990) 
thrown [s\src\hotspot\share\classfile\systemDictionary.cpp, line 256]

VM Operations (20 events):
Event: 19.448 Executing VM operation: G1CollectForAllocation
Event: 19.451 Executing VM operation: G1CollectForAllocation done
Event: 19.493 Executing VM operation: G1PauseRemark
Event: 19.496 Executing VM operation: G1PauseRemark done
Event: 19.513 Executing VM operation: G1PauseCleanup
Event: 19.513 Executing VM operation: G1PauseCleanup done
Event: 19.857 Executing VM operation: ICBufferFull
Event: 19.858 Executing VM operation: ICBufferFull done
Event: 19.958 Executing VM operation: G1CollectForAllocation
Event: 19.962 Executing VM operation: G1CollectForAllocation done
Event: 20.502 Executing VM operation: ICBufferFull
Event: 20.502 Executing VM operation: ICBufferFull done
Event: 20.550 Executing VM operation: HandshakeAllThreads
Event: 20.550 Executing VM operation: HandshakeAllThreads done
Event: 20.571 Executing VM operation: G1CollectForAllocation
Event: 20.578 Executing VM operation: G1CollectForAllocation done
Event: 20.591 Executing VM operation: HandshakeAllThreads
Event: 20.591 Executing VM operation: HandshakeAllThreads done
Event: 20.641 Executing VM operation: G1PauseRemark
Event: 20.646 Executing VM operation: G1PauseRemark done

Events (20 events):
Event: 20.608 Thread 0x0000026e5214b530 flushing nmethod 0x0000026e37543090
Event: 20.608 Thread 0x0000026e5214b530 flushing nmethod 0x0000026e37543410
Event: 20.608 Thread 0x0000026e5214b530 flushing nmethod 0x0000026e37545610
Event: 20.608 Thread 0x0000026e5214b530 flushing nmethod 0x0000026e37554510
Event: 20.609 Thread 0x0000026e5214b530 flushing nmethod 0x0000026e37559c90
Event: 20.609 Thread 0x0000026e5214b530 flushing nmethod 0x0000026e3755d010
Event: 20.609 Thread 0x0000026e5214b530 flushing nmethod 0x0000026e3756ea90
Event: 20.609 Thread 0x0000026e5214b530 flushing nmethod 0x0000026e37578690
Event: 20.609 Thread 0x0000026e5214b530 flushing nmethod 0x0000026e375a5090
Event: 20.609 Thread 0x0000026e5214b530 flushing nmethod 0x0000026e375d7b90
Event: 20.609 Thread 0x0000026e5214b530 flushing nmethod 0x0000026e37628f90
Event: 20.609 Thread 0x0000026e5214b530 flushing nmethod 0x0000026e37641a90
Event: 20.610 Thread 0x0000026e5214b530 flushing nmethod 0x0000026e376a8010
Event: 20.610 Thread 0x0000026e5214b530 flushing nmethod 0x0000026e376ab910
Event: 20.610 Thread 0x0000026e5214b530 flushing nmethod 0x0000026e376ad890
Event: 20.610 Thread 0x0000026e5214b530 flushing nmethod 0x0000026e376b3f10
Event: 20.610 Thread 0x0000026e5214b530 flushing nmethod 0x0000026e376cb310
Event: 20.610 Thread 0x0000026e5214b530 flushing nmethod 0x0000026e376ec410
Event: 20.610 Thread 0x0000026e5214b530 flushing nmethod 0x0000026e376f3090
Event: 20.610 Thread 0x0000026e5214b530 flushing nmethod 0x0000026e3774d910


Dynamic libraries:
0x00007ff689420000 - 0x00007ff68942e000 	C:\Program Files\Microsoft\jdk-17.0.12.7-hotspot\bin\java.exe
0x00007ffa563d0000 - 0x00007ffa565e7000 	C:\Windows\SYSTEM32\ntdll.dll
0x00007ffa54300000 - 0x00007ffa543c4000 	C:\Windows\System32\KERNEL32.DLL
0x00007ffa53700000 - 0x00007ffa53ab9000 	C:\Windows\System32\KERNELBASE.dll
0x00007ffa53c20000 - 0x00007ffa53d31000 	C:\Windows\System32\ucrtbase.dll
0x00007ffa50340000 - 0x00007ffa50357000 	C:\Program Files\Microsoft\jdk-17.0.12.7-hotspot\bin\jli.dll
0x00007ffa49eb0000 - 0x00007ffa49ecd000 	C:\Program Files\Microsoft\jdk-17.0.12.7-hotspot\bin\VCRUNTIME140.dll
0x00007ffa56180000 - 0x00007ffa5632e000 	C:\Windows\System32\USER32.dll
0x00007ffa53d40000 - 0x00007ffa53d66000 	C:\Windows\System32\win32u.dll
0x00007ffa41250000 - 0x00007ffa414e2000 	C:\Windows\WinSxS\amd64_microsoft.windows.common-controls_6595b64144ccf1df_6.0.22621.4391_none_2715d37f73803e96\COMCTL32.dll
0x00007ffa54d50000 - 0x00007ffa54d79000 	C:\Windows\System32\GDI32.dll
0x00007ffa53df0000 - 0x00007ffa53f0b000 	C:\Windows\System32\gdi32full.dll
0x00007ffa54ca0000 - 0x00007ffa54d47000 	C:\Windows\System32\msvcrt.dll
0x00007ffa53ac0000 - 0x00007ffa53b5a000 	C:\Windows\System32\msvcp_win.dll
0x00007ffa553c0000 - 0x00007ffa553f1000 	C:\Windows\System32\IMM32.DLL
0x00007ffa3e360000 - 0x00007ffa3e36c000 	C:\Program Files\Microsoft\jdk-17.0.12.7-hotspot\bin\vcruntime140_1.dll
0x00007ffa23550000 - 0x00007ffa235dd000 	C:\Program Files\Microsoft\jdk-17.0.12.7-hotspot\bin\msvcp140.dll
0x00007ffa08c90000 - 0x00007ffa09900000 	C:\Program Files\Microsoft\jdk-17.0.12.7-hotspot\bin\server\jvm.dll
0x00007ffa55610000 - 0x00007ffa556c2000 	C:\Windows\System32\ADVAPI32.dll
0x00007ffa560d0000 - 0x00007ffa56177000 	C:\Windows\System32\sechost.dll
0x00007ffa536d0000 - 0x00007ffa536f8000 	C:\Windows\System32\bcrypt.dll
0x00007ffa55f50000 - 0x00007ffa56064000 	C:\Windows\System32\RPCRT4.dll
0x00007ffa55590000 - 0x00007ffa55601000 	C:\Windows\System32\WS2_32.dll
0x00007ffa535a0000 - 0x00007ffa535ed000 	C:\Windows\SYSTEM32\POWRPROF.dll
0x00007ffa4c6a0000 - 0x00007ffa4c6d4000 	C:\Windows\SYSTEM32\WINMM.dll
0x00007ffa49a80000 - 0x00007ffa49a8a000 	C:\Windows\SYSTEM32\VERSION.dll
0x00007ffa53580000 - 0x00007ffa53593000 	C:\Windows\SYSTEM32\UMPDC.dll
0x00007ffa52710000 - 0x00007ffa52728000 	C:\Windows\SYSTEM32\kernel.appcore.dll
0x00007ffa3d890000 - 0x00007ffa3d89a000 	C:\Program Files\Microsoft\jdk-17.0.12.7-hotspot\bin\jimage.dll
0x00007ffa4b180000 - 0x00007ffa4b3b2000 	C:\Windows\SYSTEM32\DBGHELP.DLL
0x00007ffa54d80000 - 0x00007ffa5510f000 	C:\Windows\System32\combase.dll
0x00007ffa552e0000 - 0x00007ffa553b7000 	C:\Windows\System32\OLEAUT32.dll
0x00007ffa4ae00000 - 0x00007ffa4ae32000 	C:\Windows\SYSTEM32\dbgcore.DLL
0x00007ffa53d70000 - 0x00007ffa53deb000 	C:\Windows\System32\bcryptPrimitives.dll
0x00007ffa39d40000 - 0x00007ffa39d4e000 	C:\Program Files\Microsoft\jdk-17.0.12.7-hotspot\bin\instrument.dll
0x00007ffa2fc30000 - 0x00007ffa2fc55000 	C:\Program Files\Microsoft\jdk-17.0.12.7-hotspot\bin\java.dll
0x00007ffa15e20000 - 0x00007ffa15ef7000 	C:\Program Files\Microsoft\jdk-17.0.12.7-hotspot\bin\jsvml.dll
0x00007ffa556d0000 - 0x00007ffa55f46000 	C:\Windows\System32\SHELL32.dll
0x00007ffa51610000 - 0x00007ffa51f13000 	C:\Windows\SYSTEM32\windows.storage.dll
0x00007ffa514d0000 - 0x00007ffa5160f000 	C:\Windows\SYSTEM32\wintypes.dll
0x00007ffa543e0000 - 0x00007ffa544d9000 	C:\Windows\System32\SHCORE.dll
0x00007ffa56070000 - 0x00007ffa560ce000 	C:\Windows\System32\shlwapi.dll
0x00007ffa53600000 - 0x00007ffa5362b000 	C:\Windows\SYSTEM32\profapi.dll
0x00007ffa308a0000 - 0x00007ffa308b8000 	C:\Program Files\Microsoft\jdk-17.0.12.7-hotspot\bin\zip.dll
0x00007ffa2ee60000 - 0x00007ffa2ee7a000 	C:\Program Files\Microsoft\jdk-17.0.12.7-hotspot\bin\net.dll
0x00007ffa4c9b0000 - 0x00007ffa4cae6000 	C:\Windows\SYSTEM32\WINHTTP.dll
0x00007ffa52b90000 - 0x00007ffa52bf9000 	C:\Windows\system32\mswsock.dll
0x00007ffa2ed20000 - 0x00007ffa2ed36000 	C:\Program Files\Microsoft\jdk-17.0.12.7-hotspot\bin\nio.dll
0x00007ffa38250000 - 0x00007ffa38260000 	C:\Program Files\Microsoft\jdk-17.0.12.7-hotspot\bin\verify.dll
0x00007ffa2ffd0000 - 0x00007ffa2fff7000 	C:\Users\Admin\.gradle\native\68d5fa5c4cc2d200863cafc0d521ce42e7d3e7ee720ec0a83991735586a16f82\windows-amd64\native-platform.dll
0x00007ffa0e300000 - 0x00007ffa0e444000 	C:\Users\Admin\.gradle\native\e376f236ea51e6404a007f0833ffe2c6e607c4080706a723a18a27aeea778392\windows-amd64\native-platform-file-events.dll
0x00007ffa370d0000 - 0x00007ffa370da000 	C:\Program Files\Microsoft\jdk-17.0.12.7-hotspot\bin\management.dll
0x00007ffa32070000 - 0x00007ffa3207b000 	C:\Program Files\Microsoft\jdk-17.0.12.7-hotspot\bin\management_ext.dll
0x00007ffa552d0000 - 0x00007ffa552d8000 	C:\Windows\System32\PSAPI.DLL
0x00007ffa52de0000 - 0x00007ffa52dfb000 	C:\Windows\SYSTEM32\CRYPTSP.dll
0x00007ffa52670000 - 0x00007ffa526a5000 	C:\Windows\system32\rsaenh.dll
0x00007ffa52c80000 - 0x00007ffa52ca8000 	C:\Windows\SYSTEM32\USERENV.dll
0x00007ffa52e00000 - 0x00007ffa52e0c000 	C:\Windows\SYSTEM32\CRYPTBASE.dll
0x00007ffa521c0000 - 0x00007ffa521ed000 	C:\Windows\SYSTEM32\IPHLPAPI.DLL
0x00007ffa54a30000 - 0x00007ffa54a39000 	C:\Windows\System32\NSI.dll
0x00007ffa4cd10000 - 0x00007ffa4cd29000 	C:\Windows\SYSTEM32\dhcpcsvc6.DLL
0x00007ffa4c5c0000 - 0x00007ffa4c5df000 	C:\Windows\SYSTEM32\dhcpcsvc.DLL
0x00007ffa521f0000 - 0x00007ffa522f2000 	C:\Windows\SYSTEM32\DNSAPI.dll
0x00007ffa30d00000 - 0x00007ffa30d09000 	C:\Program Files\Microsoft\jdk-17.0.12.7-hotspot\bin\extnet.dll
0x00007ffa30730000 - 0x00007ffa3073e000 	C:\Program Files\Microsoft\jdk-17.0.12.7-hotspot\bin\sunmscapi.dll
0x00007ffa53f80000 - 0x00007ffa540e6000 	C:\Windows\System32\CRYPT32.dll
0x00007ffa52f80000 - 0x00007ffa52fad000 	C:\Windows\SYSTEM32\ncrypt.dll
0x00007ffa52f40000 - 0x00007ffa52f77000 	C:\Windows\SYSTEM32\NTASN1.dll
0x00007ff9d44c0000 - 0x00007ff9d44c8000 	C:\Windows\system32\wshunix.dll
0x00007ffa52820000 - 0x00007ffa52854000 	C:\Windows\SYSTEM32\ntmarta.dll

dbghelp: loaded successfully - version: 4.0.5 - missing functions: none
symbol engine: initialized successfully - sym options: 0x614 - pdb path: .;C:\Program Files\Microsoft\jdk-17.0.12.7-hotspot\bin;C:\Windows\SYSTEM32;C:\Windows\WinSxS\amd64_microsoft.windows.common-controls_6595b64144ccf1df_6.0.22621.4391_none_2715d37f73803e96;C:\Program Files\Microsoft\jdk-17.0.12.7-hotspot\bin\server;C:\Users\Admin\.gradle\native\68d5fa5c4cc2d200863cafc0d521ce42e7d3e7ee720ec0a83991735586a16f82\windows-amd64;C:\Users\Admin\.gradle\native\e376f236ea51e6404a007f0833ffe2c6e607c4080706a723a18a27aeea778392\windows-amd64

VM Arguments:
jvm_args: --add-opens=java.base/java.util=ALL-UNNAMED --add-opens=java.base/java.lang=ALL-UNNAMED --add-opens=java.base/java.lang.invoke=ALL-UNNAMED --add-opens=java.prefs/java.util.prefs=ALL-UNNAMED --add-opens=java.base/java.nio.charset=ALL-UNNAMED --add-opens=java.base/java.net=ALL-UNNAMED --add-opens=java.base/java.util.concurrent.atomic=ALL-UNNAMED -Xmx4G -Dfile.encoding=utf8 -Duser.country=US -Duser.language=en -Duser.variant -javaagent:C:\Users\Admin\.gradle\wrapper\dists\gradle-8.1-all\20ex0cxcummvwpmavmhfg81jg\gradle-8.1\lib\agents\gradle-instrumentation-agent-8.1.jar 
java_command: org.gradle.launcher.daemon.bootstrap.GradleDaemon 8.1
java_class_path (initial): C:\Users\Admin\.gradle\wrapper\dists\gradle-8.1-all\20ex0cxcummvwpmavmhfg81jg\gradle-8.1\lib\gradle-launcher-8.1.jar
Launcher Type: SUN_STANDARD

[Global flags]
     intx CICompilerCount                          = 4                                         {product} {ergonomic}
     uint ConcGCThreads                            = 3                                         {product} {ergonomic}
     uint G1ConcRefinementThreads                  = 10                                        {product} {ergonomic}
   size_t G1HeapRegionSize                         = 2097152                                   {product} {ergonomic}
    uintx GCDrainStackTargetSize                   = 64                                        {product} {ergonomic}
   size_t InitialHeapSize                          = 260046848                                 {product} {ergonomic}
   size_t MarkStackSize                            = 4194304                                   {product} {ergonomic}
   size_t MaxHeapSize                              = 4294967296                                {product} {command line}
   size_t MaxNewSize                               = 2575302656                                {product} {ergonomic}
   size_t MinHeapDeltaBytes                        = 2097152                                   {product} {ergonomic}
   size_t MinHeapSize                              = 8388608                                   {product} {ergonomic}
    uintx NonNMethodCodeHeapSize                   = 5839372                                {pd product} {ergonomic}
    uintx NonProfiledCodeHeapSize                  = 122909434                              {pd product} {ergonomic}
    uintx ProfiledCodeHeapSize                     = 122909434                              {pd product} {ergonomic}
    uintx ReservedCodeCacheSize                    = 251658240                              {pd product} {ergonomic}
     bool SegmentedCodeCache                       = true                                      {product} {ergonomic}
   size_t SoftMaxHeapSize                          = 4294967296                             {manageable} {ergonomic}
     bool UseCompressedClassPointers               = true                           {product lp64_product} {ergonomic}
     bool UseCompressedOops                        = true                           {product lp64_product} {ergonomic}
     bool UseG1GC                                  = true                                      {product} {ergonomic}
     bool UseLargePagesIndividualAllocation        = false                                  {pd product} {ergonomic}

Logging:
Log output configuration:
 #0: stdout all=warning uptime,level,tags
 #1: stderr all=off uptime,level,tags

Environment Variables:
JAVA_HOME=C:\Program Files\Microsoft\jdk-17.0.12.7-hotspot
PATH=C:\Ruby33-x64\bin;C:\Android\emulator;C:\Program Files\Microsoft\jdk-17.0.12.7-hotspot\bin;C:\Android\cmdline-tools\latest\bin;C:\Android\platform-tools;C:\Windows\system32;C:\Windows;C:\Windows\System32\Wbem;C:\Windows\System32\WindowsPowerShell\v1.0\;C:\Windows\System32\OpenSSH\;C:\Users\Admin\AppData\Local\Microsoft\WindowsApps;C:\Users\Admin\AppData\Local\spicetify;C:\adb;C:\Program Files\dotnet\;C:\ProgramData\chocolatey\bin;C:\Program Files\GitHub CLI\;C:\ffmpeg\bin\;C:\Program Files (x86)\cloudflared\;C:\Program Files\Git\cmd;%ANDROID_HOME%\tools;%ANDROID_HOME%\tools\bin;%ANDROID_HOME%\platform-tools;C:\Users\Admin\miniconda3;C:\Users\Admin\miniconda3\Library\mingw-w64\bin;C:\Users\Admin\miniconda3\Library\usr\bin;C:\Users\Admin\miniconda3\Library\bin;C:\Users\Admin\miniconda3\Scripts;C:\Users\Admin\AppData\Local\Programs\Python\Python312\Scripts\;C:\Users\Admin\AppData\Local\Programs\Python\Python312\;C:\Users\Admin\AppData\Local\Microsoft\WinGet\Links;C:\tools\dart-sdk\bin;C:\Users\Admin\AppData\Local\Pub\Cache\bin;C:;%ANDROID_HOME%\emulator;C:\Program Files\Microsoft\jdk-17.0.12.7-hotspot\bin;%FLUTTER_HOME%\bin;C:\Program Files\CMake\bin;C:\Program Files\Microsoft\jdk-17.0.12.7-hotspot\bin\;C:\Windows\system32;C:\Windows;C:\Windows\System32\Wbem;C:\Windows\System32\WindowsPowerShell\v1.0\;C:\Windows\System32\OpenSSH\;C:\Users\Admin\AppData\Local\Microsoft\WindowsApps;C:\Users\Admin\AppData\Local\spicetify;C:\adb;C:\Program Files\dotnet\;C:\ProgramData\chocolatey\bin;C:\Program Files\GitHub CLI\;C:\ffmpeg\bin\;C:\Program Files (x86)\cloudflared\;C:\Program Files\Git\cmd;%ANDROID_HOME%\tools;%ANDROID_HOME%\tools\bin;%ANDROID_HOME%\platform-tools;C:\Users\Admin\miniconda3;C:\Users\Admin\miniconda3\Library\mingw-w64\bin;C:\Users\Admin\miniconda3\Library\usr\bin;C:\Users\Admin\miniconda3\Library\bin;C:\Users\Admin\miniconda3\Scripts;C:\Users\Admin\AppData\Local\Programs\Python\Python312\Scripts\;C:\Users\Admin\AppData\Local\Programs\Python\Python312\;C:\Users
USERNAME=Admin
OS=Windows_NT
PROCESSOR_IDENTIFIER=AMD64 Family 23 Model 96 Stepping 1, AuthenticAMD
TMP=C:\Users\Admin\AppData\Local\Temp
TEMP=C:\Users\Admin\AppData\Local\Temp



Periodic native trim disabled


---------------  S Y S T E M  ---------------

OS:
 Windows 11 , 64 bit Build 22621 (10.0.22621.4391)
OS uptime: 0 days 7:01 hours

CPU: total 12 (initial active 12) (12 cores per cpu, 2 threads per core) family 23 model 96 stepping 1 microcode 0x0, cx8, cmov, fxsr, ht, mmx, 3dnowpref, sse, sse2, sse3, ssse3, sse4a, sse4.1, sse4.2, popcnt, lzcnt, tsc, tscinvbit, avx, avx2, aes, clmul, bmi1, bmi2, adx, sha, fma, vzeroupper, clflush, clflushopt
Processor Information for the first 12 processors :
  Max Mhz: 3701, Current Mhz: 3701, Mhz Limit: 3701

Memory: 4k page, system-wide physical 15761M (1351M free)
TotalPageFile size 19761M (AvailPageFile size 3M)
current process WorkingSet (physical memory assigned to process): 489M, peak: 506M
current process commit charge ("private bytes"): 556M, peak: 556M

vm_info: OpenJDK 64-Bit Server VM (17.0.12+7-LTS) for windows-amd64 JRE (17.0.12+7-LTS), built on Jul 16 2024 18:11:44 by "MicrosoftCorporation" with unknown MS VC++:1939

END.
