#
# There is insufficient memory for the Java Runtime Environment to continue.
# Native memory allocation (malloc) failed to allocate 664816 bytes. Error detail: Chunk::new
# Possible reasons:
#   The system is out of physical RAM or swap space
#   This process is running with CompressedOops enabled, and the Java Heap may be blocking the growth of the native heap
# Possible solutions:
#   Reduce memory load on the system
#   Increase physical memory or swap space
#   Check if swap backing store is full
#   Decrease Java heap size (-Xmx/-Xms)
#   Decrease number of Java threads
#   Decrease Java thread stack sizes (-Xss)
#   Set larger code cache with -XX:ReservedCodeCacheSize=
#   JVM is running with Zero Based Compressed Oops mode in which the Java heap is
#     placed in the first 32GB address space. The Java Heap base address is the
#     maximum limit for the native heap growth. Please use -XX:HeapBaseMinAddress
#     to set the Java Heap base and to place the Java Heap above 32GB virtual address.
# This output file may be truncated or incomplete.
#
#  Out of Memory Error (arena.cpp:191), pid=22432, tid=18300
#
# JRE version: OpenJDK Runtime Environment Microsoft-9889599 (17.0.12+7) (build 17.0.12+7-LTS)
# Java VM: OpenJDK 64-Bit Server VM Microsoft-9889599 (17.0.12+7-LTS, mixed mode, sharing, tiered, compressed oops, compressed class ptrs, g1 gc, windows-amd64)
# No core dump will be written. Minidumps are not enabled by default on client versions of Windows
#

---------------  S U M M A R Y ------------

Command Line: --add-opens=java.base/java.util=ALL-UNNAMED --add-opens=java.base/java.lang=ALL-UNNAMED --add-opens=java.base/java.lang.invoke=ALL-UNNAMED --add-opens=java.prefs/java.util.prefs=ALL-UNNAMED --add-opens=java.base/java.nio.charset=ALL-UNNAMED --add-opens=java.base/java.net=ALL-UNNAMED --add-opens=java.base/java.util.concurrent.atomic=ALL-UNNAMED -Xmx4G -Dfile.encoding=utf8 -Duser.country=US -Duser.language=en -Duser.variant org.gradle.launcher.daemon.bootstrap.GradleDaemon 7.6.3

Host: AMD Ryzen 5 4600G with Radeon Graphics, 12 cores, 15G,  Windows 11 , 64 bit Build 22621 (10.0.22621.3958)
Time: Fri Oct 18 10:22:06 2024 China Standard Time elapsed time: 2.504960 seconds (0d 0h 0m 2s)

---------------  T H R E A D  ---------------

Current thread (0x000001810e266c90):  JavaThread "C2 CompilerThread1" daemon [_thread_in_native, id=18300, stack(0x0000001d6ae00000,0x0000001d6af00000)]


Current CompileTask:
C2:   2505 2063   !   4       java.lang.ClassLoader::loadClass (121 bytes)

Stack: [0x0000001d6ae00000,0x0000001d6af00000]
Native frames: (J=compiled Java code, j=interpreted, Vv=VM code, C=native code)
V  [jvm.dll+0x686d99]
V  [jvm.dll+0x83daf8]
V  [jvm.dll+0x83f5a3]
V  [jvm.dll+0x83fc13]
V  [jvm.dll+0x2492ef]
V  [jvm.dll+0xad0a4]
V  [jvm.dll+0xad73c]
V  [jvm.dll+0x2b09af]
V  [jvm.dll+0x58d829]
V  [jvm.dll+0x223592]
V  [jvm.dll+0x21bd35]
V  [jvm.dll+0x21986b]
V  [jvm.dll+0x1a53e6]
V  [jvm.dll+0x229faa]
V  [jvm.dll+0x2280fb]
V  [jvm.dll+0x7f3508]
V  [jvm.dll+0x7ed87c]
V  [jvm.dll+0x685c77]
C  [ucrtbase.dll+0x29333]
C  [KERNEL32.DLL+0x1257d]
C  [ntdll.dll+0x5af08]


---------------  P R O C E S S  ---------------

Threads class SMR info:
_java_thread_list=0x000001810fdd4e80, length=26, elements={
0x00000180a5ac9920, 0x00000180c8fd4980, 0x00000180c8fd5800, 0x000001810e00bf70,
0x000001810e00dca0, 0x000001810e019ba0, 0x000001810e01a560, 0x000001810e01b300,
0x000001810e01bdb0, 0x000001810e01c7b0, 0x000001810e15c3d0, 0x000001810e15c8b0,
0x000001810e266c90, 0x000001810fa8f280, 0x000001810f9b5f10, 0x000001810f949050,
0x000001810f4d0cd0, 0x000001810fb50bc0, 0x000001810f61bfe0, 0x000001810f61d420,
0x000001810f61e860, 0x000001810f61d930, 0x000001810f61cf10, 0x000001810f61ca00,
0x000001810f61de40, 0x000001810f61f280
}

Java Threads: ( => current thread )
  0x00000180a5ac9920 JavaThread "main" [_thread_blocked, id=17912, stack(0x0000001d69b00000,0x0000001d69c00000)]
  0x00000180c8fd4980 JavaThread "Reference Handler" daemon [_thread_blocked, id=7840, stack(0x0000001d6a200000,0x0000001d6a300000)]
  0x00000180c8fd5800 JavaThread "Finalizer" daemon [_thread_blocked, id=14304, stack(0x0000001d6a300000,0x0000001d6a400000)]
  0x000001810e00bf70 JavaThread "Signal Dispatcher" daemon [_thread_blocked, id=17756, stack(0x0000001d6a400000,0x0000001d6a500000)]
  0x000001810e00dca0 JavaThread "Attach Listener" daemon [_thread_blocked, id=19344, stack(0x0000001d6a500000,0x0000001d6a600000)]
  0x000001810e019ba0 JavaThread "Service Thread" daemon [_thread_blocked, id=14052, stack(0x0000001d6a600000,0x0000001d6a700000)]
  0x000001810e01a560 JavaThread "Monitor Deflation Thread" daemon [_thread_blocked, id=21844, stack(0x0000001d6a700000,0x0000001d6a800000)]
  0x000001810e01b300 JavaThread "C2 CompilerThread0" daemon [_thread_blocked, id=9780, stack(0x0000001d6a800000,0x0000001d6a900000)]
  0x000001810e01bdb0 JavaThread "C1 CompilerThread0" daemon [_thread_blocked, id=11736, stack(0x0000001d6a900000,0x0000001d6aa00000)]
  0x000001810e01c7b0 JavaThread "Sweeper thread" daemon [_thread_blocked, id=11788, stack(0x0000001d6aa00000,0x0000001d6ab00000)]
  0x000001810e15c3d0 JavaThread "Common-Cleaner" daemon [_thread_blocked, id=21240, stack(0x0000001d6ab00000,0x0000001d6ac00000)]
  0x000001810e15c8b0 JavaThread "Notification Thread" daemon [_thread_blocked, id=4036, stack(0x0000001d6ac00000,0x0000001d6ad00000)]
=>0x000001810e266c90 JavaThread "C2 CompilerThread1" daemon [_thread_in_native, id=18300, stack(0x0000001d6ae00000,0x0000001d6af00000)]
  0x000001810fa8f280 JavaThread "Daemon health stats" [_thread_blocked, id=22516, stack(0x0000001d6b400000,0x0000001d6b500000)]
  0x000001810f9b5f10 JavaThread "Incoming local TCP Connector on port 56868" [_thread_in_native, id=18416, stack(0x0000001d6b500000,0x0000001d6b600000)]
  0x000001810f949050 JavaThread "Daemon periodic checks" [_thread_blocked, id=13796, stack(0x0000001d6b600000,0x0000001d6b700000)]
  0x000001810f4d0cd0 JavaThread "Daemon" [_thread_blocked, id=20220, stack(0x0000001d6b700000,0x0000001d6b800000)]
  0x000001810fb50bc0 JavaThread "Handler for socket connection from /127.0.0.1:56868 to /127.0.0.1:56869" [_thread_in_native, id=1220, stack(0x0000001d6b800000,0x0000001d6b900000)]
  0x000001810f61bfe0 JavaThread "Cancel handler" [_thread_blocked, id=22324, stack(0x0000001d6b900000,0x0000001d6ba00000)]
  0x000001810f61d420 JavaThread "Daemon worker" [_thread_in_vm, id=22328, stack(0x0000001d6ba00000,0x0000001d6bb00000)]
  0x000001810f61e860 JavaThread "Asynchronous log dispatcher for DefaultDaemonConnection: socket connection from /127.0.0.1:56868 to /127.0.0.1:56869" [_thread_blocked, id=22340, stack(0x0000001d6bb00000,0x0000001d6bc00000)]
  0x000001810f61d930 JavaThread "Stdin handler" [_thread_blocked, id=22348, stack(0x0000001d6bc00000,0x0000001d6bd00000)]
  0x000001810f61cf10 JavaThread "Daemon client event forwarder" [_thread_blocked, id=22372, stack(0x0000001d6bd00000,0x0000001d6be00000)]
  0x000001810f61ca00 JavaThread "Cache worker for journal cache (C:\Users\Admin\.gradle\caches\journal-1)" [_thread_blocked, id=22344, stack(0x0000001d6be00000,0x0000001d6bf00000)]
  0x000001810f61de40 JavaThread "File lock request listener" [_thread_in_native, id=22308, stack(0x0000001d6bf00000,0x0000001d6c000000)]
  0x000001810f61f280 JavaThread "Cache worker for file hash cache (C:\Users\Admin\.gradle\caches\7.6.3\fileHashes)" [_thread_blocked, id=22352, stack(0x0000001d6af00000,0x0000001d6b000000)]

Other Threads:
  0x00000180c8fcf970 VMThread "VM Thread" [stack: 0x0000001d6a100000,0x0000001d6a200000] [id=22468]
  0x000001810e16b1a0 WatcherThread [stack: 0x0000001d6ad00000,0x0000001d6ae00000] [id=19572]
  0x00000180a5b38840 GCTaskThread "GC Thread#0" [stack: 0x0000001d69c00000,0x0000001d69d00000] [id=2764]
  0x000001810ef8f890 GCTaskThread "GC Thread#1" [stack: 0x0000001d6b000000,0x0000001d6b100000] [id=22160]
  0x000001810ef8fb50 GCTaskThread "GC Thread#2" [stack: 0x0000001d6b100000,0x0000001d6b200000] [id=10224]
  0x000001810efe9b60 GCTaskThread "GC Thread#3" [stack: 0x0000001d6b200000,0x0000001d6b300000] [id=22144]
  0x000001810efe9e20 GCTaskThread "GC Thread#4" [stack: 0x0000001d6b300000,0x0000001d6b400000] [id=15908]
  0x00000180a5b49790 ConcurrentGCThread "G1 Main Marker" [stack: 0x0000001d69d00000,0x0000001d69e00000] [id=11960]
  0x00000180a5b4a1b0 ConcurrentGCThread "G1 Conc#0" [stack: 0x0000001d69e00000,0x0000001d69f00000] [id=20868]
  0x00000180c8e8c6f0 ConcurrentGCThread "G1 Refine#0" [stack: 0x0000001d69f00000,0x0000001d6a000000] [id=17816]
  0x00000180c8e8e130 ConcurrentGCThread "G1 Service" [stack: 0x0000001d6a000000,0x0000001d6a100000] [id=22284]

Threads with active compile tasks:
C2 CompilerThread1     2538 2063   !   4       java.lang.ClassLoader::loadClass (121 bytes)

VM state: not at safepoint (normal execution)

VM Mutex/Monitor currently owned by a thread: None

Heap address: 0x0000000700000000, size: 4096 MB, Compressed Oops mode: Zero based, Oop shift amount: 3

CDS archive(s) mapped at: [0x00000180c9000000-0x00000180c9bb0000-0x00000180c9bb0000), size 12255232, SharedBaseAddress: 0x00000180c9000000, ArchiveRelocationMode: 1.
Compressed class space mapped at: 0x00000180ca000000-0x000001810a000000, reserved size: 1073741824
Narrow klass base: 0x00000180c9000000, Narrow klass shift: 0, Narrow klass range: 0x100000000

GC Precious Log:
 CPUs: 12 total, 12 available
 Memory: 15761M
 Large Page Support: Disabled
 NUMA Support: Disabled
 Compressed Oops: Enabled (Zero based)
 Heap Region Size: 2M
 Heap Min Capacity: 8M
 Heap Initial Capacity: 248M
 Heap Max Capacity: 4G
 Pre-touch: Disabled
 Parallel Workers: 10
 Concurrent Workers: 3
 Concurrent Refinement Workers: 10
 Periodic GC: Disabled

Heap:
 garbage-first heap   total 253952K, used 68158K [0x0000000700000000, 0x0000000800000000)
  region size 2048K, 31 young (63488K), 1 survivors (2048K)
 Metaspace       used 13812K, committed 14080K, reserved 1114112K
  class space    used 1963K, committed 2112K, reserved 1048576K

Heap Regions: E=young(eden), S=young(survivor), O=old, HS=humongous(starts), HC=humongous(continues), CS=collection set, F=free, OA=open archive, CA=closed archive, TAMS=top-at-mark-start (previous, next)
|   0|0x0000000700000000, 0x0000000700200000, 0x0000000700200000|100%|HS|  |TAMS 0x0000000700000000, 0x0000000700000000| Complete 
|   1|0x0000000700200000, 0x0000000700400000, 0x0000000700400000|100%|HC|  |TAMS 0x0000000700200000, 0x0000000700200000| Complete 
|   2|0x0000000700400000, 0x0000000700600000, 0x0000000700600000|100%| O|  |TAMS 0x0000000700400000, 0x0000000700400000| Untracked 
|   3|0x0000000700600000, 0x0000000700800000, 0x0000000700800000|100%| O|  |TAMS 0x0000000700600000, 0x0000000700600000| Untracked 
|   4|0x0000000700800000, 0x00000007009c6200, 0x0000000700a00000| 88%| O|  |TAMS 0x0000000700800000, 0x0000000700800000| Untracked 
|   5|0x0000000700a00000, 0x0000000700a00000, 0x0000000700c00000|  0%| F|  |TAMS 0x0000000700a00000, 0x0000000700a00000| Untracked 
|   6|0x0000000700c00000, 0x0000000700c00000, 0x0000000700e00000|  0%| F|  |TAMS 0x0000000700c00000, 0x0000000700c00000| Untracked 
|   7|0x0000000700e00000, 0x0000000700e00000, 0x0000000701000000|  0%| F|  |TAMS 0x0000000700e00000, 0x0000000700e00000| Untracked 
|   8|0x0000000701000000, 0x0000000701000000, 0x0000000701200000|  0%| F|  |TAMS 0x0000000701000000, 0x0000000701000000| Untracked 
|   9|0x0000000701200000, 0x0000000701200000, 0x0000000701400000|  0%| F|  |TAMS 0x0000000701200000, 0x0000000701200000| Untracked 
|  10|0x0000000701400000, 0x0000000701400000, 0x0000000701600000|  0%| F|  |TAMS 0x0000000701400000, 0x0000000701400000| Untracked 
|  11|0x0000000701600000, 0x0000000701600000, 0x0000000701800000|  0%| F|  |TAMS 0x0000000701600000, 0x0000000701600000| Untracked 
|  12|0x0000000701800000, 0x0000000701800000, 0x0000000701a00000|  0%| F|  |TAMS 0x0000000701800000, 0x0000000701800000| Untracked 
|  13|0x0000000701a00000, 0x0000000701a00000, 0x0000000701c00000|  0%| F|  |TAMS 0x0000000701a00000, 0x0000000701a00000| Untracked 
|  14|0x0000000701c00000, 0x0000000701c00000, 0x0000000701e00000|  0%| F|  |TAMS 0x0000000701c00000, 0x0000000701c00000| Untracked 
|  15|0x0000000701e00000, 0x0000000701e00000, 0x0000000702000000|  0%| F|  |TAMS 0x0000000701e00000, 0x0000000701e00000| Untracked 
|  16|0x0000000702000000, 0x0000000702000000, 0x0000000702200000|  0%| F|  |TAMS 0x0000000702000000, 0x0000000702000000| Untracked 
|  17|0x0000000702200000, 0x0000000702200000, 0x0000000702400000|  0%| F|  |TAMS 0x0000000702200000, 0x0000000702200000| Untracked 
|  18|0x0000000702400000, 0x0000000702400000, 0x0000000702600000|  0%| F|  |TAMS 0x0000000702400000, 0x0000000702400000| Untracked 
|  19|0x0000000702600000, 0x0000000702600000, 0x0000000702800000|  0%| F|  |TAMS 0x0000000702600000, 0x0000000702600000| Untracked 
|  20|0x0000000702800000, 0x0000000702800000, 0x0000000702a00000|  0%| F|  |TAMS 0x0000000702800000, 0x0000000702800000| Untracked 
|  21|0x0000000702a00000, 0x0000000702a00000, 0x0000000702c00000|  0%| F|  |TAMS 0x0000000702a00000, 0x0000000702a00000| Untracked 
|  22|0x0000000702c00000, 0x0000000702c00000, 0x0000000702e00000|  0%| F|  |TAMS 0x0000000702c00000, 0x0000000702c00000| Untracked 
|  23|0x0000000702e00000, 0x0000000702e00000, 0x0000000703000000|  0%| F|  |TAMS 0x0000000702e00000, 0x0000000702e00000| Untracked 
|  24|0x0000000703000000, 0x0000000703000000, 0x0000000703200000|  0%| F|  |TAMS 0x0000000703000000, 0x0000000703000000| Untracked 
|  25|0x0000000703200000, 0x0000000703200000, 0x0000000703400000|  0%| F|  |TAMS 0x0000000703200000, 0x0000000703200000| Untracked 
|  26|0x0000000703400000, 0x0000000703400000, 0x0000000703600000|  0%| F|  |TAMS 0x0000000703400000, 0x0000000703400000| Untracked 
|  27|0x0000000703600000, 0x0000000703600000, 0x0000000703800000|  0%| F|  |TAMS 0x0000000703600000, 0x0000000703600000| Untracked 
|  28|0x0000000703800000, 0x0000000703800000, 0x0000000703a00000|  0%| F|  |TAMS 0x0000000703800000, 0x0000000703800000| Untracked 
|  29|0x0000000703a00000, 0x0000000703a00000, 0x0000000703c00000|  0%| F|  |TAMS 0x0000000703a00000, 0x0000000703a00000| Untracked 
|  30|0x0000000703c00000, 0x0000000703c00000, 0x0000000703e00000|  0%| F|  |TAMS 0x0000000703c00000, 0x0000000703c00000| Untracked 
|  31|0x0000000703e00000, 0x0000000703e00000, 0x0000000704000000|  0%| F|  |TAMS 0x0000000703e00000, 0x0000000703e00000| Untracked 
|  32|0x0000000704000000, 0x0000000704000000, 0x0000000704200000|  0%| F|  |TAMS 0x0000000704000000, 0x0000000704000000| Untracked 
|  33|0x0000000704200000, 0x0000000704200000, 0x0000000704400000|  0%| F|  |TAMS 0x0000000704200000, 0x0000000704200000| Untracked 
|  34|0x0000000704400000, 0x0000000704400000, 0x0000000704600000|  0%| F|  |TAMS 0x0000000704400000, 0x0000000704400000| Untracked 
|  35|0x0000000704600000, 0x0000000704600000, 0x0000000704800000|  0%| F|  |TAMS 0x0000000704600000, 0x0000000704600000| Untracked 
|  36|0x0000000704800000, 0x0000000704800000, 0x0000000704a00000|  0%| F|  |TAMS 0x0000000704800000, 0x0000000704800000| Untracked 
|  37|0x0000000704a00000, 0x0000000704a00000, 0x0000000704c00000|  0%| F|  |TAMS 0x0000000704a00000, 0x0000000704a00000| Untracked 
|  38|0x0000000704c00000, 0x0000000704c00000, 0x0000000704e00000|  0%| F|  |TAMS 0x0000000704c00000, 0x0000000704c00000| Untracked 
|  39|0x0000000704e00000, 0x0000000704e00000, 0x0000000705000000|  0%| F|  |TAMS 0x0000000704e00000, 0x0000000704e00000| Untracked 
|  40|0x0000000705000000, 0x0000000705000000, 0x0000000705200000|  0%| F|  |TAMS 0x0000000705000000, 0x0000000705000000| Untracked 
|  41|0x0000000705200000, 0x0000000705200000, 0x0000000705400000|  0%| F|  |TAMS 0x0000000705200000, 0x0000000705200000| Untracked 
|  42|0x0000000705400000, 0x0000000705400000, 0x0000000705600000|  0%| F|  |TAMS 0x0000000705400000, 0x0000000705400000| Untracked 
|  43|0x0000000705600000, 0x0000000705600000, 0x0000000705800000|  0%| F|  |TAMS 0x0000000705600000, 0x0000000705600000| Untracked 
|  44|0x0000000705800000, 0x0000000705800000, 0x0000000705a00000|  0%| F|  |TAMS 0x0000000705800000, 0x0000000705800000| Untracked 
|  45|0x0000000705a00000, 0x0000000705a00000, 0x0000000705c00000|  0%| F|  |TAMS 0x0000000705a00000, 0x0000000705a00000| Untracked 
|  46|0x0000000705c00000, 0x0000000705c00000, 0x0000000705e00000|  0%| F|  |TAMS 0x0000000705c00000, 0x0000000705c00000| Untracked 
|  47|0x0000000705e00000, 0x0000000705e00000, 0x0000000706000000|  0%| F|  |TAMS 0x0000000705e00000, 0x0000000705e00000| Untracked 
|  48|0x0000000706000000, 0x0000000706000000, 0x0000000706200000|  0%| F|  |TAMS 0x0000000706000000, 0x0000000706000000| Untracked 
|  49|0x0000000706200000, 0x0000000706200000, 0x0000000706400000|  0%| F|  |TAMS 0x0000000706200000, 0x0000000706200000| Untracked 
|  50|0x0000000706400000, 0x0000000706400000, 0x0000000706600000|  0%| F|  |TAMS 0x0000000706400000, 0x0000000706400000| Untracked 
|  51|0x0000000706600000, 0x0000000706600000, 0x0000000706800000|  0%| F|  |TAMS 0x0000000706600000, 0x0000000706600000| Untracked 
|  52|0x0000000706800000, 0x0000000706800000, 0x0000000706a00000|  0%| F|  |TAMS 0x0000000706800000, 0x0000000706800000| Untracked 
|  53|0x0000000706a00000, 0x0000000706a00000, 0x0000000706c00000|  0%| F|  |TAMS 0x0000000706a00000, 0x0000000706a00000| Untracked 
|  54|0x0000000706c00000, 0x0000000706c00000, 0x0000000706e00000|  0%| F|  |TAMS 0x0000000706c00000, 0x0000000706c00000| Untracked 
|  55|0x0000000706e00000, 0x0000000706e00000, 0x0000000707000000|  0%| F|  |TAMS 0x0000000706e00000, 0x0000000706e00000| Untracked 
|  56|0x0000000707000000, 0x0000000707000000, 0x0000000707200000|  0%| F|  |TAMS 0x0000000707000000, 0x0000000707000000| Untracked 
|  57|0x0000000707200000, 0x0000000707200000, 0x0000000707400000|  0%| F|  |TAMS 0x0000000707200000, 0x0000000707200000| Untracked 
|  58|0x0000000707400000, 0x0000000707400000, 0x0000000707600000|  0%| F|  |TAMS 0x0000000707400000, 0x0000000707400000| Untracked 
|  59|0x0000000707600000, 0x0000000707600000, 0x0000000707800000|  0%| F|  |TAMS 0x0000000707600000, 0x0000000707600000| Untracked 
|  60|0x0000000707800000, 0x0000000707800000, 0x0000000707a00000|  0%| F|  |TAMS 0x0000000707800000, 0x0000000707800000| Untracked 
|  61|0x0000000707a00000, 0x0000000707a00000, 0x0000000707c00000|  0%| F|  |TAMS 0x0000000707a00000, 0x0000000707a00000| Untracked 
|  62|0x0000000707c00000, 0x0000000707c00000, 0x0000000707e00000|  0%| F|  |TAMS 0x0000000707c00000, 0x0000000707c00000| Untracked 
|  63|0x0000000707e00000, 0x0000000707e00000, 0x0000000708000000|  0%| F|  |TAMS 0x0000000707e00000, 0x0000000707e00000| Untracked 
|  64|0x0000000708000000, 0x0000000708000000, 0x0000000708200000|  0%| F|  |TAMS 0x0000000708000000, 0x0000000708000000| Untracked 
|  65|0x0000000708200000, 0x0000000708200000, 0x0000000708400000|  0%| F|  |TAMS 0x0000000708200000, 0x0000000708200000| Untracked 
|  66|0x0000000708400000, 0x0000000708400000, 0x0000000708600000|  0%| F|  |TAMS 0x0000000708400000, 0x0000000708400000| Untracked 
|  67|0x0000000708600000, 0x0000000708600000, 0x0000000708800000|  0%| F|  |TAMS 0x0000000708600000, 0x0000000708600000| Untracked 
|  68|0x0000000708800000, 0x0000000708800000, 0x0000000708a00000|  0%| F|  |TAMS 0x0000000708800000, 0x0000000708800000| Untracked 
|  69|0x0000000708a00000, 0x0000000708a00000, 0x0000000708c00000|  0%| F|  |TAMS 0x0000000708a00000, 0x0000000708a00000| Untracked 
|  70|0x0000000708c00000, 0x0000000708c00000, 0x0000000708e00000|  0%| F|  |TAMS 0x0000000708c00000, 0x0000000708c00000| Untracked 
|  71|0x0000000708e00000, 0x0000000708e00000, 0x0000000709000000|  0%| F|  |TAMS 0x0000000708e00000, 0x0000000708e00000| Untracked 
|  72|0x0000000709000000, 0x0000000709000000, 0x0000000709200000|  0%| F|  |TAMS 0x0000000709000000, 0x0000000709000000| Untracked 
|  73|0x0000000709200000, 0x0000000709200000, 0x0000000709400000|  0%| F|  |TAMS 0x0000000709200000, 0x0000000709200000| Untracked 
|  74|0x0000000709400000, 0x0000000709400000, 0x0000000709600000|  0%| F|  |TAMS 0x0000000709400000, 0x0000000709400000| Untracked 
|  75|0x0000000709600000, 0x0000000709600000, 0x0000000709800000|  0%| F|  |TAMS 0x0000000709600000, 0x0000000709600000| Untracked 
|  76|0x0000000709800000, 0x0000000709800000, 0x0000000709a00000|  0%| F|  |TAMS 0x0000000709800000, 0x0000000709800000| Untracked 
|  77|0x0000000709a00000, 0x0000000709a00000, 0x0000000709c00000|  0%| F|  |TAMS 0x0000000709a00000, 0x0000000709a00000| Untracked 
|  78|0x0000000709c00000, 0x0000000709c00000, 0x0000000709e00000|  0%| F|  |TAMS 0x0000000709c00000, 0x0000000709c00000| Untracked 
|  79|0x0000000709e00000, 0x0000000709e00000, 0x000000070a000000|  0%| F|  |TAMS 0x0000000709e00000, 0x0000000709e00000| Untracked 
|  80|0x000000070a000000, 0x000000070a000000, 0x000000070a200000|  0%| F|  |TAMS 0x000000070a000000, 0x000000070a000000| Untracked 
|  81|0x000000070a200000, 0x000000070a200000, 0x000000070a400000|  0%| F|  |TAMS 0x000000070a200000, 0x000000070a200000| Untracked 
|  82|0x000000070a400000, 0x000000070a400000, 0x000000070a600000|  0%| F|  |TAMS 0x000000070a400000, 0x000000070a400000| Untracked 
|  83|0x000000070a600000, 0x000000070a600000, 0x000000070a800000|  0%| F|  |TAMS 0x000000070a600000, 0x000000070a600000| Untracked 
|  84|0x000000070a800000, 0x000000070a800000, 0x000000070aa00000|  0%| F|  |TAMS 0x000000070a800000, 0x000000070a800000| Untracked 
|  85|0x000000070aa00000, 0x000000070aa00000, 0x000000070ac00000|  0%| F|  |TAMS 0x000000070aa00000, 0x000000070aa00000| Untracked 
|  86|0x000000070ac00000, 0x000000070ac00000, 0x000000070ae00000|  0%| F|  |TAMS 0x000000070ac00000, 0x000000070ac00000| Untracked 
|  87|0x000000070ae00000, 0x000000070ae00000, 0x000000070b000000|  0%| F|  |TAMS 0x000000070ae00000, 0x000000070ae00000| Untracked 
|  88|0x000000070b000000, 0x000000070b000000, 0x000000070b200000|  0%| F|  |TAMS 0x000000070b000000, 0x000000070b000000| Untracked 
|  89|0x000000070b200000, 0x000000070b200000, 0x000000070b400000|  0%| F|  |TAMS 0x000000070b200000, 0x000000070b200000| Untracked 
|  90|0x000000070b400000, 0x000000070b400000, 0x000000070b600000|  0%| F|  |TAMS 0x000000070b400000, 0x000000070b400000| Untracked 
|  91|0x000000070b600000, 0x000000070b600000, 0x000000070b800000|  0%| F|  |TAMS 0x000000070b600000, 0x000000070b600000| Untracked 
|  92|0x000000070b800000, 0x000000070b800000, 0x000000070ba00000|  0%| F|  |TAMS 0x000000070b800000, 0x000000070b800000| Untracked 
|  93|0x000000070ba00000, 0x000000070bc00000, 0x000000070bc00000|100%| E|  |TAMS 0x000000070ba00000, 0x000000070ba00000| Complete 
|  94|0x000000070bc00000, 0x000000070be00000, 0x000000070be00000|100%| E|CS|TAMS 0x000000070bc00000, 0x000000070bc00000| Complete 
|  95|0x000000070be00000, 0x000000070c000000, 0x000000070c000000|100%| E|CS|TAMS 0x000000070be00000, 0x000000070be00000| Complete 
|  96|0x000000070c000000, 0x000000070c200000, 0x000000070c200000|100%| E|CS|TAMS 0x000000070c000000, 0x000000070c000000| Complete 
|  97|0x000000070c200000, 0x000000070c400000, 0x000000070c400000|100%| E|CS|TAMS 0x000000070c200000, 0x000000070c200000| Complete 
|  98|0x000000070c400000, 0x000000070c600000, 0x000000070c600000|100%| E|CS|TAMS 0x000000070c400000, 0x000000070c400000| Complete 
|  99|0x000000070c600000, 0x000000070c800000, 0x000000070c800000|100%| E|CS|TAMS 0x000000070c600000, 0x000000070c600000| Complete 
| 100|0x000000070c800000, 0x000000070ca00000, 0x000000070ca00000|100%| E|CS|TAMS 0x000000070c800000, 0x000000070c800000| Complete 
| 101|0x000000070ca00000, 0x000000070cc00000, 0x000000070cc00000|100%| E|CS|TAMS 0x000000070ca00000, 0x000000070ca00000| Complete 
| 102|0x000000070cc00000, 0x000000070ce00000, 0x000000070ce00000|100%| E|CS|TAMS 0x000000070cc00000, 0x000000070cc00000| Complete 
| 103|0x000000070ce00000, 0x000000070d000000, 0x000000070d000000|100%| E|CS|TAMS 0x000000070ce00000, 0x000000070ce00000| Complete 
| 104|0x000000070d000000, 0x000000070d200000, 0x000000070d200000|100%| E|CS|TAMS 0x000000070d000000, 0x000000070d000000| Complete 
| 105|0x000000070d200000, 0x000000070d400000, 0x000000070d400000|100%| E|CS|TAMS 0x000000070d200000, 0x000000070d200000| Complete 
| 106|0x000000070d400000, 0x000000070d600000, 0x000000070d600000|100%| E|CS|TAMS 0x000000070d400000, 0x000000070d400000| Complete 
| 107|0x000000070d600000, 0x000000070d800000, 0x000000070d800000|100%| E|CS|TAMS 0x000000070d600000, 0x000000070d600000| Complete 
| 108|0x000000070d800000, 0x000000070da00000, 0x000000070da00000|100%| E|CS|TAMS 0x000000070d800000, 0x000000070d800000| Complete 
| 109|0x000000070da00000, 0x000000070dac9628, 0x000000070dc00000| 39%| S|CS|TAMS 0x000000070da00000, 0x000000070da00000| Complete 
| 110|0x000000070dc00000, 0x000000070de00000, 0x000000070de00000|100%| E|CS|TAMS 0x000000070dc00000, 0x000000070dc00000| Complete 
| 111|0x000000070de00000, 0x000000070e000000, 0x000000070e000000|100%| E|CS|TAMS 0x000000070de00000, 0x000000070de00000| Complete 
| 112|0x000000070e000000, 0x000000070e200000, 0x000000070e200000|100%| E|CS|TAMS 0x000000070e000000, 0x000000070e000000| Complete 
| 113|0x000000070e200000, 0x000000070e400000, 0x000000070e400000|100%| E|CS|TAMS 0x000000070e200000, 0x000000070e200000| Complete 
| 114|0x000000070e400000, 0x000000070e600000, 0x000000070e600000|100%| E|CS|TAMS 0x000000070e400000, 0x000000070e400000| Complete 
| 115|0x000000070e600000, 0x000000070e800000, 0x000000070e800000|100%| E|CS|TAMS 0x000000070e600000, 0x000000070e600000| Complete 
| 116|0x000000070e800000, 0x000000070ea00000, 0x000000070ea00000|100%| E|CS|TAMS 0x000000070e800000, 0x000000070e800000| Complete 
| 117|0x000000070ea00000, 0x000000070ec00000, 0x000000070ec00000|100%| E|CS|TAMS 0x000000070ea00000, 0x000000070ea00000| Complete 
| 118|0x000000070ec00000, 0x000000070ee00000, 0x000000070ee00000|100%| E|CS|TAMS 0x000000070ec00000, 0x000000070ec00000| Complete 
| 119|0x000000070ee00000, 0x000000070f000000, 0x000000070f000000|100%| E|CS|TAMS 0x000000070ee00000, 0x000000070ee00000| Complete 
| 120|0x000000070f000000, 0x000000070f200000, 0x000000070f200000|100%| E|CS|TAMS 0x000000070f000000, 0x000000070f000000| Complete 
| 121|0x000000070f200000, 0x000000070f400000, 0x000000070f400000|100%| E|CS|TAMS 0x000000070f200000, 0x000000070f200000| Complete 
| 122|0x000000070f400000, 0x000000070f600000, 0x000000070f600000|100%| E|CS|TAMS 0x000000070f400000, 0x000000070f400000| Complete 
| 123|0x000000070f600000, 0x000000070f800000, 0x000000070f800000|100%| E|  |TAMS 0x000000070f600000, 0x000000070f600000| Complete 

Card table byte_map: [0x00000180bd340000,0x00000180bdb40000] _byte_map_base: 0x00000180b9b40000

Marking Bits (Prev, Next): (CMBitMap*) 0x00000180a5b38e60, (CMBitMap*) 0x00000180a5b38ea0
 Prev Bits: [0x00000180be340000, 0x00000180c2340000)
 Next Bits: [0x00000180c2340000, 0x00000180c6340000)

Polling page: 0x00000180a5280000

Metaspace:

Usage:
  Non-class:     11.59 MB used.
      Class:      1.92 MB used.
       Both:     13.52 MB used.

Virtual space:
  Non-class space:       64.00 MB reserved,      11.75 MB ( 18%) committed,  1 nodes.
      Class space:        1.00 GB reserved,       2.06 MB ( <1%) committed,  1 nodes.
             Both:        1.06 GB reserved,      13.81 MB (  1%) committed. 

Chunk freelists:
   Non-Class:  3.66 MB
       Class:  13.95 MB
        Both:  17.61 MB

MaxMetaspaceSize: unlimited
CompressedClassSpaceSize: 1.00 GB
Initial GC threshold: 21.00 MB
Current GC threshold: 21.00 MB
CDS: on
MetaspaceReclaimPolicy: balanced
 - commit_granule_bytes: 65536.
 - commit_granule_words: 8192.
 - virtual_space_node_default_size: 8388608.
 - enlarge_chunks_in_place: 1.
 - new_chunks_are_fully_committed: 0.
 - uncommit_free_chunks: 1.
 - use_allocation_guard: 0.
 - handle_deallocations: 1.


Internal statistics:

num_allocs_failed_limit: 0.
num_arena_births: 172.
num_arena_deaths: 0.
num_vsnodes_births: 2.
num_vsnodes_deaths: 0.
num_space_committed: 221.
num_space_uncommitted: 0.
num_chunks_returned_to_freelist: 0.
num_chunks_taken_from_freelist: 593.
num_chunk_merges: 0.
num_chunk_splits: 395.
num_chunks_enlarged: 287.
num_inconsistent_stats: 0.

CodeHeap 'non-profiled nmethods': size=120000Kb used=1111Kb max_used=1111Kb free=118888Kb
 bounds [0x00000180b50c0000, 0x00000180b5330000, 0x00000180bc5f0000]
CodeHeap 'profiled nmethods': size=120000Kb used=4332Kb max_used=4332Kb free=115668Kb
 bounds [0x00000180ad5f0000, 0x00000180ada30000, 0x00000180b4b20000]
CodeHeap 'non-nmethods': size=5760Kb used=1213Kb max_used=1233Kb free=4546Kb
 bounds [0x00000180b4b20000, 0x00000180b4d90000, 0x00000180b50c0000]
 total_blobs=2628 nmethods=2105 adapters=436
 compilation: enabled
              stopped_count=0, restarted_count=0
 full_count=0

Compilation events (20 events):
Event: 2.469 Thread 0x000001810e01b300 nmethod 2078 0x00000180b51d4810 code [0x00000180b51d49c0, 0x00000180b51d4cd8]
Event: 2.470 Thread 0x000001810e01bdb0 nmethod 2083 0x00000180ada1cf90 code [0x00000180ada1d2e0, 0x00000180ada1f1e8]
Event: 2.470 Thread 0x000001810e01bdb0 2088       3       org.gradle.util.internal.DefaultGradleVersion::compareTo (9 bytes)
Event: 2.470 Thread 0x000001810e01bdb0 nmethod 2088 0x00000180ada1fa90 code [0x00000180ada1fc40, 0x00000180ada1fe68]
Event: 2.470 Thread 0x000001810e01bdb0 2086       3       java.lang.String::subSequence (7 bytes)
Event: 2.470 Thread 0x000001810e01bdb0 nmethod 2086 0x00000180ada1ff10 code [0x00000180ada200a0, 0x00000180ada201e8]
Event: 2.476 Thread 0x000001810e01bdb0 2090       3       java.lang.invoke.VarHandleGuards::guard_LI_I (78 bytes)
Event: 2.478 Thread 0x000001810e01bdb0 nmethod 2090 0x00000180ada20290 code [0x00000180ada205e0, 0x00000180ada22408]
Event: 2.480 Thread 0x000001810e01bdb0 2091       1       java.util.concurrent.atomic.AtomicInteger::get (5 bytes)
Event: 2.480 Thread 0x000001810e01bdb0 nmethod 2091 0x00000180b51d5090 code [0x00000180b51d5220, 0x00000180b51d52f8]
Event: 2.490 Thread 0x000001810e01bdb0 2092       3       java.util.concurrent.locks.AbstractQueuedSynchronizer::compareAndSetState (13 bytes)
Event: 2.491 Thread 0x000001810e01bdb0 nmethod 2092 0x00000180ada22c90 code [0x00000180ada22e20, 0x00000180ada22f58]
Event: 2.491 Thread 0x000001810e01bdb0 2093       3       java.util.concurrent.locks.AbstractQueuedSynchronizer::release (19 bytes)
Event: 2.491 Thread 0x000001810e01bdb0 nmethod 2093 0x00000180ada23010 code [0x00000180ada23200, 0x00000180ada23688]
Event: 2.492 Thread 0x000001810e01bdb0 2094       3       java.util.concurrent.locks.ReentrantLock$Sync::tryRelease (51 bytes)
Event: 2.493 Thread 0x000001810e01bdb0 nmethod 2094 0x00000180ada23810 code [0x00000180ada239c0, 0x00000180ada23d28]
Event: 2.494 Thread 0x000001810e01b300 2095       4       java.util.AbstractCollection::<init> (5 bytes)
Event: 2.494 Thread 0x000001810e01b300 nmethod 2095 0x00000180b51d5390 code [0x00000180b51d5500, 0x00000180b51d5578]
Event: 2.495 Thread 0x000001810e01bdb0 2096       3       java.io.ByteArrayOutputStream::<init> (43 bytes)
Event: 2.495 Thread 0x000001810e01bdb0 nmethod 2096 0x00000180ada23e10 code [0x00000180ada24060, 0x00000180ada24898]

GC Heap History (4 events):
Event: 0.655 GC heap before
{Heap before GC invocations=0 (full 0):
 garbage-first heap   total 253952K, used 26624K [0x0000000700000000, 0x0000000800000000)
  region size 2048K, 11 young (22528K), 0 survivors (0K)
 Metaspace       used 2969K, committed 3136K, reserved 1114112K
  class space    used 381K, committed 448K, reserved 1048576K
}
Event: 0.659 GC heap after
{Heap after GC invocations=1 (full 0):
 garbage-first heap   total 253952K, used 10391K [0x0000000700000000, 0x0000000800000000)
  region size 2048K, 2 young (4096K), 2 survivors (4096K)
 Metaspace       used 2969K, committed 3136K, reserved 1114112K
  class space    used 381K, committed 448K, reserved 1048576K
}
Event: 1.070 GC heap before
{Heap before GC invocations=1 (full 0):
 garbage-first heap   total 253952K, used 32919K [0x0000000700000000, 0x0000000800000000)
  region size 2048K, 14 young (28672K), 2 survivors (4096K)
 Metaspace       used 3884K, committed 4032K, reserved 1114112K
  class space    used 477K, committed 576K, reserved 1048576K
}
Event: 1.073 GC heap after
{Heap after GC invocations=2 (full 0):
 garbage-first heap   total 253952K, used 10814K [0x0000000700000000, 0x0000000800000000)
  region size 2048K, 1 young (2048K), 1 survivors (2048K)
 Metaspace       used 3884K, committed 4032K, reserved 1114112K
  class space    used 477K, committed 576K, reserved 1048576K
}

Dll operation events (13 events):
Event: 0.024 Loaded shared library C:\Program Files\Microsoft\jdk-17.0.12.7-hotspot\bin\java.dll
Event: 0.071 Loaded shared library C:\Program Files\Microsoft\jdk-17.0.12.7-hotspot\bin\jsvml.dll
Event: 0.098 Loaded shared library C:\Program Files\Microsoft\jdk-17.0.12.7-hotspot\bin\net.dll
Event: 0.099 Loaded shared library C:\Program Files\Microsoft\jdk-17.0.12.7-hotspot\bin\nio.dll
Event: 0.101 Loaded shared library C:\Program Files\Microsoft\jdk-17.0.12.7-hotspot\bin\zip.dll
Event: 0.245 Loaded shared library C:\Program Files\Microsoft\jdk-17.0.12.7-hotspot\bin\jimage.dll
Event: 0.319 Loaded shared library C:\Program Files\Microsoft\jdk-17.0.12.7-hotspot\bin\verify.dll
Event: 0.519 Loaded shared library C:\Users\Admin\.gradle\native\c067742578af261105cb4f569cf0c3c89f3d7b1fecec35dd04571415982c5e48\windows-amd64\native-platform.dll
Event: 0.526 Loaded shared library C:\Users\Admin\.gradle\native\38dada09dfb8b06ba9b0570ebf7e218e3eb74d4ef43ca46872605cf95ebc2f47\windows-amd64\native-platform-file-events.dll
Event: 1.362 Loaded shared library C:\Program Files\Microsoft\jdk-17.0.12.7-hotspot\bin\management.dll
Event: 1.365 Loaded shared library C:\Program Files\Microsoft\jdk-17.0.12.7-hotspot\bin\management_ext.dll
Event: 1.578 Loaded shared library C:\Program Files\Microsoft\jdk-17.0.12.7-hotspot\bin\extnet.dll
Event: 1.774 Loaded shared library C:\Program Files\Microsoft\jdk-17.0.12.7-hotspot\bin\sunmscapi.dll

Deoptimization events (20 events):
Event: 2.105 Thread 0x000001810f61d420 DEOPT PACKING pc=0x00000180b514efd8 sp=0x0000001d6bafce20
Event: 2.105 Thread 0x000001810f61d420 DEOPT UNPACKING pc=0x00000180b4b769a3 sp=0x0000001d6bafccb8 mode 2
Event: 2.192 Thread 0x000001810f61d420 Uncommon trap: trap_request=0xffffff45 fr.pc=0x00000180b50da4bc relative=0x0000000000000abc
Event: 2.192 Thread 0x000001810f61d420 Uncommon trap: reason=unstable_if action=reinterpret pc=0x00000180b50da4bc method=java.io.WinNTFileSystem.resolve(Ljava/lang/String;Ljava/lang/String;)Ljava/lang/String; @ 19 c2
Event: 2.192 Thread 0x000001810f61d420 DEOPT PACKING pc=0x00000180b50da4bc sp=0x0000001d6bafcd20
Event: 2.192 Thread 0x000001810f61d420 DEOPT UNPACKING pc=0x00000180b4b769a3 sp=0x0000001d6bafccc8 mode 2
Event: 2.197 Thread 0x000001810f61d420 Uncommon trap: trap_request=0xffffff45 fr.pc=0x00000180b51343c4 relative=0x0000000000000604
Event: 2.197 Thread 0x000001810f61d420 Uncommon trap: reason=unstable_if action=reinterpret pc=0x00000180b51343c4 method=java.io.File.getName()Ljava/lang/String; @ 16 c2
Event: 2.197 Thread 0x000001810f61d420 DEOPT PACKING pc=0x00000180b51343c4 sp=0x0000001d6bafccc0
Event: 2.197 Thread 0x000001810f61d420 DEOPT UNPACKING pc=0x00000180b4b769a3 sp=0x0000001d6bafcc90 mode 2
Event: 2.345 Thread 0x000001810f61d420 DEOPT PACKING pc=0x00000180ad9a917d sp=0x0000001d6bafce00
Event: 2.345 Thread 0x000001810f61d420 DEOPT UNPACKING pc=0x00000180b4b77143 sp=0x0000001d6bafc310 mode 0
Event: 2.476 Thread 0x000001810f61d420 Uncommon trap: trap_request=0xffffff45 fr.pc=0x00000180b5193e40 relative=0x00000000000000a0
Event: 2.476 Thread 0x000001810f61d420 Uncommon trap: reason=unstable_if action=reinterpret pc=0x00000180b5193e40 method=jdk.internal.misc.Unsafe.convEndian(ZI)I @ 4 c2
Event: 2.476 Thread 0x000001810f61d420 DEOPT PACKING pc=0x00000180b5193e40 sp=0x0000001d6bafaa30
Event: 2.476 Thread 0x000001810f61d420 DEOPT UNPACKING pc=0x00000180b4b769a3 sp=0x0000001d6bafa8e0 mode 2
Event: 2.476 Thread 0x000001810f61d420 Uncommon trap: trap_request=0xffffff45 fr.pc=0x00000180b5193af4 relative=0x0000000000000074
Event: 2.476 Thread 0x000001810f61d420 Uncommon trap: reason=unstable_if action=reinterpret pc=0x00000180b5193af4 method=jdk.internal.misc.Unsafe.convEndian(ZI)I @ 4 c2
Event: 2.476 Thread 0x000001810f61d420 DEOPT PACKING pc=0x00000180b5193af4 sp=0x0000001d6bafa9b0
Event: 2.476 Thread 0x000001810f61d420 DEOPT UNPACKING pc=0x00000180b4b769a3 sp=0x0000001d6bafa8e0 mode 2

Classes loaded (20 events):
Event: 2.365 Loading class java/io/ObjectOutputStream$ReplaceTable
Event: 2.365 Loading class java/io/ObjectOutputStream$ReplaceTable done
Event: 2.370 Loading class java/io/UnsupportedEncodingException
Event: 2.371 Loading class java/io/UnsupportedEncodingException done
Event: 2.371 Loading class java/nio/charset/CharacterCodingException
Event: 2.371 Loading class java/nio/charset/CharacterCodingException done
Event: 2.403 Loading class java/lang/management/MemoryType
Event: 2.403 Loading class java/lang/management/MemoryType done
Event: 2.403 Loading class java/lang/management/MemoryUsage
Event: 2.403 Loading class java/lang/management/MemoryUsage done
Event: 2.403 Loading class java/util/concurrent/LinkedBlockingDeque$Node
Event: 2.403 Loading class java/util/concurrent/LinkedBlockingDeque$Node done
Event: 2.474 Loading class sun/security/provider/MD5
Event: 2.474 Loading class sun/security/provider/MD5 done
Event: 2.474 Loading class sun/security/provider/SHA5$SHA512
Event: 2.474 Loading class sun/security/provider/SHA5
Event: 2.475 Loading class sun/security/provider/SHA5 done
Event: 2.475 Loading class sun/security/provider/SHA5$SHA512 done
Event: 2.476 Loading class sun/security/provider/ByteArrayAccess$LE
Event: 2.476 Loading class sun/security/provider/ByteArrayAccess$LE done

Classes unloaded (0 events):
No events

Classes redefined (0 events):
No events

Internal exceptions (20 events):
Event: 1.505 Thread 0x00000180a5ac9920 Exception <a 'java/lang/NoSuchMethodError'{0x000000070e1a6720}: 'java.lang.Object java.lang.invoke.DirectMethodHandle$Holder.invokeStaticInit(java.lang.Object, int, int, int, int)'> (0x000000070e1a6720) 
thrown [s\src\hotspot\share\interpreter\linkResolver.cpp, line 759]
Event: 1.566 Thread 0x00000180a5ac9920 Exception <a 'java/lang/NoSuchMethodError'{0x000000070de83b58}: 'java.lang.Object java.lang.invoke.DirectMethodHandle$Holder.invokeStaticInit(java.lang.Object, java.lang.Object, int, int, int, int)'> (0x000000070de83b58) 
thrown [s\src\hotspot\share\interpreter\linkResolver.cpp, line 759]
Event: 1.695 Thread 0x00000180a5ac9920 Exception <a 'java/lang/NoSuchMethodError'{0x000000070dfdef78}: 'void java.lang.invoke.DirectMethodHandle$Holder.invokeStatic(java.lang.Object, java.lang.Object, java.lang.Object)'> (0x000000070dfdef78) 
thrown [s\src\hotspot\share\interpreter\linkResolver.cpp, line 759]
Event: 1.731 Thread 0x00000180a5ac9920 Exception <a 'java/io/IOException'{0x000000070dc86330}> (0x000000070dc86330) 
thrown [s\src\hotspot\share\prims\jni.cpp, line 516]
Event: 1.848 Thread 0x000001810fb50bc0 Exception <a 'java/lang/NoSuchMethodError'{0x000000070d6dd760}: static Lorg/gradle/tooling/internal/provider/serialization/ClassLoaderDetails;.<clinit>()V> (0x000000070d6dd760) 
thrown [s\src\hotspot\share\prims\jni.cpp, line 1112]
Event: 1.850 Thread 0x000001810fb50bc0 Exception <a 'java/lang/NoSuchMethodError'{0x000000070d6f4120}: static Lorg/gradle/internal/classloader/ClassLoaderSpec;.<clinit>()V> (0x000000070d6f4120) 
thrown [s\src\hotspot\share\prims\jni.cpp, line 1112]
Event: 1.851 Thread 0x000001810fb50bc0 Exception <a 'java/lang/NoSuchMethodError'{0x000000070d6fd248}: static Lorg/gradle/tooling/internal/provider/serialization/WellKnownClassLoaderRegistry$KnownClassLoaderSpec;.<clinit>()V> (0x000000070d6fd248) 
thrown [s\src\hotspot\share\prims\jni.cpp, line 1112]
Event: 1.853 Thread 0x000001810fb50bc0 Exception <a 'java/lang/NoSuchMethodError'{0x000000070d712068}: static Lorg/gradle/tooling/internal/provider/serialization/ClientOwnedClassLoaderSpec;.<clinit>()V> (0x000000070d712068) 
thrown [s\src\hotspot\share\prims\jni.cpp, line 1112]
Event: 1.927 Thread 0x000001810f61d420 Exception <a 'java/lang/NoSuchMethodError'{0x000000070d2a0c48}: 'long java.lang.invoke.DirectMethodHandle$Holder.invokeInterface(java.lang.Object, java.lang.Object)'> (0x000000070d2a0c48) 
thrown [s\src\hotspot\share\interpreter\linkResolver.cpp, line 759]
Event: 1.929 Thread 0x000001810f61d420 Exception <a 'java/lang/NoSuchMethodError'{0x000000070d2aede0}: 'void java.lang.invoke.DelegatingMethodHandle$Holder.reinvoke_L(java.lang.Object, java.lang.Object, java.lang.Object, java.lang.Object, java.lang.Object, java.lang.Object, java.lang.Object)'> (0x000000070d2aede0) 
thrown [s\src\hotspot\share\interpreter\linkResolver.cpp, line 759]
Event: 2.034 Thread 0x000001810f61d420 Exception <a 'java/lang/NoSuchMethodError'{0x000000070cef20e8}: 'void java.lang.invoke.DirectMethodHandle$Holder.invokeStaticInit(java.lang.Object)'> (0x000000070cef20e8) 
thrown [s\src\hotspot\share\interpreter\linkResolver.cpp, line 759]
Event: 2.035 Thread 0x000001810f61d420 Exception <a 'java/lang/NoSuchMethodError'{0x000000070cf064c8}: 'void java.lang.invoke.DirectMethodHandle$Holder.invokeSpecial(java.lang.Object, java.lang.Object, java.lang.Object)'> (0x000000070cf064c8) 
thrown [s\src\hotspot\share\interpreter\linkResolver.cpp, line 759]
Event: 2.049 Thread 0x000001810f61d420 Exception <a 'java/lang/NoSuchMethodError'{0x000000070cf9d968}: 'java.lang.Object java.lang.invoke.DirectMethodHandle$Holder.newInvokeSpecial(java.lang.Object, java.lang.Object, java.lang.Object, int)'> (0x000000070cf9d968) 
thrown [s\src\hotspot\share\interpreter\linkResolver.cpp, line 759]
Event: 2.050 Thread 0x000001810f61d420 Exception <a 'java/lang/NoSuchMethodError'{0x000000070cfa2298}: 'java.lang.Object java.lang.invoke.DirectMethodHandle$Holder.invokeSpecial(java.lang.Object, java.lang.Object, java.lang.Object, java.lang.Object, int)'> (0x000000070cfa2298) 
thrown [s\src\hotspot\share\interpreter\linkResolver.cpp, line 759]
Event: 2.050 Thread 0x000001810f61d420 Exception <a 'java/lang/NoSuchMethodError'{0x000000070cfa63b0}: 'java.lang.Object java.lang.invoke.Invokers$Holder.linkToTargetMethod(java.lang.Object, java.lang.Object, int, java.lang.Object)'> (0x000000070cfa63b0) 
thrown [s\src\hotspot\share\interpreter\linkResolver.cpp, line 759]
Event: 2.234 Thread 0x000001810f61d420 Exception <a 'java/lang/NoSuchMethodError'{0x000000070c72f1a0}: 'java.lang.Object java.lang.invoke.DirectMethodHandle$Holder.newInvokeSpecial(java.lang.Object, java.lang.Object, java.lang.Object, java.lang.Object, java.lang.Object, java.lang.Object)'> (0x000000070c72f1a0) 
thrown [s\src\hotspot\share\interpreter\linkResolver.cpp, line 759]
Event: 2.367 Thread 0x000001810f61cf10 Exception <a 'java/lang/NoSuchMethodError'{0x000000070c30ee28}: static Lorg/gradle/internal/build/event/types/DefaultOperationStartedProgressEvent;.<clinit>()V> (0x000000070c30ee28) 
thrown [s\src\hotspot\share\prims\jni.cpp, line 1112]
Event: 2.367 Thread 0x000001810f61cf10 Exception <a 'java/lang/NoSuchMethodError'{0x000000070c3103b0}: static Lorg/gradle/internal/build/event/types/AbstractProgressEvent;.<clinit>()V> (0x000000070c3103b0) 
thrown [s\src\hotspot\share\prims\jni.cpp, line 1112]
Event: 2.368 Thread 0x000001810f61cf10 Exception <a 'java/lang/NoSuchMethodError'{0x000000070c3189f0}: static Lorg/gradle/internal/build/event/types/DefaultOperationDescriptor;.<clinit>()V> (0x000000070c3189f0) 
thrown [s\src\hotspot\share\prims\jni.cpp, line 1112]
Event: 2.376 Thread 0x000001810f61cf10 Exception <a 'java/lang/NoSuchMethodError'{0x000000070c32d0f8}: static Lorg/gradle/internal/operations/OperationIdentifier;.<clinit>()V> (0x000000070c32d0f8) 
thrown [s\src\hotspot\share\prims\jni.cpp, line 1112]

VM Operations (20 events):
Event: 1.353 Executing VM operation: HandshakeAllThreads
Event: 1.353 Executing VM operation: HandshakeAllThreads done
Event: 1.382 Executing VM operation: HandshakeAllThreads
Event: 1.382 Executing VM operation: HandshakeAllThreads done
Event: 1.451 Executing VM operation: HandshakeAllThreads
Event: 1.451 Executing VM operation: HandshakeAllThreads done
Event: 1.496 Executing VM operation: HandshakeAllThreads
Event: 1.496 Executing VM operation: HandshakeAllThreads done
Event: 1.557 Executing VM operation: HandshakeAllThreads
Event: 1.557 Executing VM operation: HandshakeAllThreads done
Event: 1.692 Executing VM operation: HandshakeAllThreads
Event: 1.692 Executing VM operation: HandshakeAllThreads done
Event: 1.782 Executing VM operation: HandshakeAllThreads
Event: 1.782 Executing VM operation: HandshakeAllThreads done
Event: 2.225 Executing VM operation: ICBufferFull
Event: 2.225 Executing VM operation: ICBufferFull done
Event: 2.252 Executing VM operation: HandshakeAllThreads
Event: 2.252 Executing VM operation: HandshakeAllThreads done
Event: 2.252 Executing VM operation: HandshakeAllThreads
Event: 2.252 Executing VM operation: HandshakeAllThreads done

Events (20 events):
Event: 0.078 Thread 0x000001810e01bdb0 Thread added: 0x000001810e01bdb0
Event: 0.078 Thread 0x000001810e01c7b0 Thread added: 0x000001810e01c7b0
Event: 0.092 Thread 0x000001810e15c3d0 Thread added: 0x000001810e15c3d0
Event: 0.094 Thread 0x000001810e15c8b0 Thread added: 0x000001810e15c8b0
Event: 0.250 Thread 0x000001810e266c90 Thread added: 0x000001810e266c90
Event: 0.270 Thread 0x000001810e3747f0 Thread added: 0x000001810e3747f0
Event: 1.396 Thread 0x000001810fa8f280 Thread added: 0x000001810fa8f280
Event: 1.664 Thread 0x000001810f9b5f10 Thread added: 0x000001810f9b5f10
Event: 1.767 Thread 0x000001810f949050 Thread added: 0x000001810f949050
Event: 1.814 Thread 0x000001810f4d0cd0 Thread added: 0x000001810f4d0cd0
Event: 1.818 Thread 0x000001810fb50bc0 Thread added: 0x000001810fb50bc0
Event: 1.866 Thread 0x000001810f61bfe0 Thread added: 0x000001810f61bfe0
Event: 1.873 Thread 0x000001810f61d420 Thread added: 0x000001810f61d420
Event: 1.882 Thread 0x000001810f61e860 Thread added: 0x000001810f61e860
Event: 1.884 Thread 0x000001810f61d930 Thread added: 0x000001810f61d930
Event: 1.890 Thread 0x000001810f61cf10 Thread added: 0x000001810f61cf10
Event: 2.048 Thread 0x000001810f61ca00 Thread added: 0x000001810f61ca00
Event: 2.075 Thread 0x000001810f61de40 Thread added: 0x000001810f61de40
Event: 2.225 Thread 0x000001810e3747f0 Thread exited: 0x000001810e3747f0
Event: 2.490 Thread 0x000001810f61f280 Thread added: 0x000001810f61f280


Dynamic libraries:
0x00007ff7e0340000 - 0x00007ff7e034e000 	C:\Program Files\Microsoft\jdk-17.0.12.7-hotspot\bin\java.exe
0x00007ff988a30000 - 0x00007ff988c47000 	C:\Windows\SYSTEM32\ntdll.dll
0x00007ff987ec0000 - 0x00007ff987f84000 	C:\Windows\System32\KERNEL32.DLL
0x00007ff985f60000 - 0x00007ff986317000 	C:\Windows\System32\KERNELBASE.dll
0x00007ff9865a0000 - 0x00007ff9866b1000 	C:\Windows\System32\ucrtbase.dll
0x00007ff926030000 - 0x00007ff92604d000 	C:\Program Files\Microsoft\jdk-17.0.12.7-hotspot\bin\VCRUNTIME140.dll
0x00007ff925f70000 - 0x00007ff925f87000 	C:\Program Files\Microsoft\jdk-17.0.12.7-hotspot\bin\jli.dll
0x00007ff9880a0000 - 0x00007ff98824f000 	C:\Windows\System32\USER32.dll
0x00007ff9866c0000 - 0x00007ff9866e6000 	C:\Windows\System32\win32u.dll
0x00007ff986760000 - 0x00007ff986789000 	C:\Windows\System32\GDI32.dll
0x00007ff969090000 - 0x00007ff969323000 	C:\Windows\WinSxS\amd64_microsoft.windows.common-controls_6595b64144ccf1df_6.0.22621.3672_none_2713b9d173822955\COMCTL32.dll
0x00007ff986480000 - 0x00007ff986598000 	C:\Windows\System32\gdi32full.dll
0x00007ff987fd0000 - 0x00007ff988077000 	C:\Windows\System32\msvcrt.dll
0x00007ff986320000 - 0x00007ff9863ba000 	C:\Windows\System32\msvcp_win.dll
0x00007ff987f90000 - 0x00007ff987fc1000 	C:\Windows\System32\IMM32.DLL
0x00007ff92e0a0000 - 0x00007ff92e0ac000 	C:\Program Files\Microsoft\jdk-17.0.12.7-hotspot\bin\vcruntime140_1.dll
0x00007ff923cb0000 - 0x00007ff923d3d000 	C:\Program Files\Microsoft\jdk-17.0.12.7-hotspot\bin\msvcp140.dll
0x00007ff91d570000 - 0x00007ff91e1e0000 	C:\Program Files\Microsoft\jdk-17.0.12.7-hotspot\bin\server\jvm.dll
0x00007ff988360000 - 0x00007ff988412000 	C:\Windows\System32\ADVAPI32.dll
0x00007ff988250000 - 0x00007ff9882f8000 	C:\Windows\System32\sechost.dll
0x00007ff985d40000 - 0x00007ff985d68000 	C:\Windows\System32\bcrypt.dll
0x00007ff986ef0000 - 0x00007ff987004000 	C:\Windows\System32\RPCRT4.dll
0x00007ff986ce0000 - 0x00007ff986d51000 	C:\Windows\System32\WS2_32.dll
0x00007ff97e5c0000 - 0x00007ff97e5f4000 	C:\Windows\SYSTEM32\WINMM.dll
0x00007ff985c10000 - 0x00007ff985c5d000 	C:\Windows\SYSTEM32\POWRPROF.dll
0x00007ff97a180000 - 0x00007ff97a18a000 	C:\Windows\SYSTEM32\VERSION.dll
0x00007ff985bf0000 - 0x00007ff985c03000 	C:\Windows\SYSTEM32\UMPDC.dll
0x00007ff984d50000 - 0x00007ff984d68000 	C:\Windows\SYSTEM32\kernel.appcore.dll
0x00007ff927a30000 - 0x00007ff927a3a000 	C:\Program Files\Microsoft\jdk-17.0.12.7-hotspot\bin\jimage.dll
0x00007ff9793b0000 - 0x00007ff9795e2000 	C:\Windows\SYSTEM32\DBGHELP.DLL
0x00007ff986920000 - 0x00007ff986cae000 	C:\Windows\System32\combase.dll
0x00007ff988480000 - 0x00007ff988557000 	C:\Windows\System32\OLEAUT32.dll
0x00007ff971560000 - 0x00007ff971592000 	C:\Windows\SYSTEM32\dbgcore.DLL
0x00007ff985d70000 - 0x00007ff985deb000 	C:\Windows\System32\bcryptPrimitives.dll
0x00007ff925ea0000 - 0x00007ff925ec5000 	C:\Program Files\Microsoft\jdk-17.0.12.7-hotspot\bin\java.dll
0x00007ff923bd0000 - 0x00007ff923ca7000 	C:\Program Files\Microsoft\jdk-17.0.12.7-hotspot\bin\jsvml.dll
0x00007ff987010000 - 0x00007ff987879000 	C:\Windows\System32\SHELL32.dll
0x00007ff983c60000 - 0x00007ff98455f000 	C:\Windows\SYSTEM32\windows.storage.dll
0x00007ff983b20000 - 0x00007ff983c5f000 	C:\Windows\SYSTEM32\wintypes.dll
0x00007ff986820000 - 0x00007ff986919000 	C:\Windows\System32\SHCORE.dll
0x00007ff988420000 - 0x00007ff98847e000 	C:\Windows\System32\shlwapi.dll
0x00007ff985c70000 - 0x00007ff985c97000 	C:\Windows\SYSTEM32\profapi.dll
0x00007ff923bb0000 - 0x00007ff923bca000 	C:\Program Files\Microsoft\jdk-17.0.12.7-hotspot\bin\net.dll
0x00007ff97e980000 - 0x00007ff97eab6000 	C:\Windows\SYSTEM32\WINHTTP.dll
0x00007ff9851b0000 - 0x00007ff985219000 	C:\Windows\system32\mswsock.dll
0x00007ff923b90000 - 0x00007ff923ba6000 	C:\Program Files\Microsoft\jdk-17.0.12.7-hotspot\bin\nio.dll
0x00007ff9241e0000 - 0x00007ff9241f8000 	C:\Program Files\Microsoft\jdk-17.0.12.7-hotspot\bin\zip.dll
0x00007ff925f50000 - 0x00007ff925f60000 	C:\Program Files\Microsoft\jdk-17.0.12.7-hotspot\bin\verify.dll
0x00007ff981ef0000 - 0x00007ff981f17000 	C:\Users\Admin\.gradle\native\c067742578af261105cb4f569cf0c3c89f3d7b1fecec35dd04571415982c5e48\windows-amd64\native-platform.dll
0x00007ff927eb0000 - 0x00007ff927ff4000 	C:\Users\Admin\.gradle\native\38dada09dfb8b06ba9b0570ebf7e218e3eb74d4ef43ca46872605cf95ebc2f47\windows-amd64\native-platform-file-events.dll
0x00007ff924300000 - 0x00007ff92430a000 	C:\Program Files\Microsoft\jdk-17.0.12.7-hotspot\bin\management.dll
0x00007ff9241d0000 - 0x00007ff9241db000 	C:\Program Files\Microsoft\jdk-17.0.12.7-hotspot\bin\management_ext.dll
0x00007ff987e60000 - 0x00007ff987e68000 	C:\Windows\System32\PSAPI.DLL
0x00007ff985500000 - 0x00007ff98551b000 	C:\Windows\SYSTEM32\CRYPTSP.dll
0x00007ff984cb0000 - 0x00007ff984ce5000 	C:\Windows\system32\rsaenh.dll
0x00007ff985250000 - 0x00007ff985278000 	C:\Windows\SYSTEM32\USERENV.dll
0x00007ff9854e0000 - 0x00007ff9854ec000 	C:\Windows\SYSTEM32\CRYPTBASE.dll
0x00007ff984800000 - 0x00007ff98482d000 	C:\Windows\SYSTEM32\IPHLPAPI.DLL
0x00007ff986810000 - 0x00007ff986819000 	C:\Windows\System32\NSI.dll
0x00007ff97e610000 - 0x00007ff97e629000 	C:\Windows\SYSTEM32\dhcpcsvc6.DLL
0x00007ff97e5a0000 - 0x00007ff97e5bf000 	C:\Windows\SYSTEM32\dhcpcsvc.DLL
0x00007ff984830000 - 0x00007ff984932000 	C:\Windows\SYSTEM32\DNSAPI.dll
0x00007ff923a30000 - 0x00007ff923a39000 	C:\Program Files\Microsoft\jdk-17.0.12.7-hotspot\bin\extnet.dll
0x00007ff923a20000 - 0x00007ff923a2e000 	C:\Program Files\Microsoft\jdk-17.0.12.7-hotspot\bin\sunmscapi.dll
0x00007ff985df0000 - 0x00007ff985f56000 	C:\Windows\System32\CRYPT32.dll
0x00007ff9855a0000 - 0x00007ff9855cd000 	C:\Windows\SYSTEM32\ncrypt.dll
0x00007ff985550000 - 0x00007ff985587000 	C:\Windows\SYSTEM32\NTASN1.dll
0x00007ff955960000 - 0x00007ff955968000 	C:\Windows\system32\wshunix.dll

dbghelp: loaded successfully - version: 4.0.5 - missing functions: none
symbol engine: initialized successfully - sym options: 0x614 - pdb path: .;C:\Program Files\Microsoft\jdk-17.0.12.7-hotspot\bin;C:\Windows\SYSTEM32;C:\Windows\WinSxS\amd64_microsoft.windows.common-controls_6595b64144ccf1df_6.0.22621.3672_none_2713b9d173822955;C:\Program Files\Microsoft\jdk-17.0.12.7-hotspot\bin\server;C:\Users\Admin\.gradle\native\c067742578af261105cb4f569cf0c3c89f3d7b1fecec35dd04571415982c5e48\windows-amd64;C:\Users\Admin\.gradle\native\38dada09dfb8b06ba9b0570ebf7e218e3eb74d4ef43ca46872605cf95ebc2f47\windows-amd64

VM Arguments:
jvm_args: --add-opens=java.base/java.util=ALL-UNNAMED --add-opens=java.base/java.lang=ALL-UNNAMED --add-opens=java.base/java.lang.invoke=ALL-UNNAMED --add-opens=java.prefs/java.util.prefs=ALL-UNNAMED --add-opens=java.base/java.nio.charset=ALL-UNNAMED --add-opens=java.base/java.net=ALL-UNNAMED --add-opens=java.base/java.util.concurrent.atomic=ALL-UNNAMED -Xmx4G -Dfile.encoding=utf8 -Duser.country=US -Duser.language=en -Duser.variant 
java_command: org.gradle.launcher.daemon.bootstrap.GradleDaemon 7.6.3
java_class_path (initial): C:\Users\Admin\.gradle\wrapper\dists\gradle-7.6.3-all\aocdy2d2z8kodnny3rsumj8i8\gradle-7.6.3\lib\gradle-launcher-7.6.3.jar
Launcher Type: SUN_STANDARD

[Global flags]
     intx CICompilerCount                          = 4                                         {product} {ergonomic}
     uint ConcGCThreads                            = 3                                         {product} {ergonomic}
     uint G1ConcRefinementThreads                  = 10                                        {product} {ergonomic}
   size_t G1HeapRegionSize                         = 2097152                                   {product} {ergonomic}
    uintx GCDrainStackTargetSize                   = 64                                        {product} {ergonomic}
   size_t InitialHeapSize                          = 260046848                                 {product} {ergonomic}
   size_t MarkStackSize                            = 4194304                                   {product} {ergonomic}
   size_t MaxHeapSize                              = 4294967296                                {product} {command line}
   size_t MaxNewSize                               = 2575302656                                {product} {ergonomic}
   size_t MinHeapDeltaBytes                        = 2097152                                   {product} {ergonomic}
   size_t MinHeapSize                              = 8388608                                   {product} {ergonomic}
    uintx NonNMethodCodeHeapSize                   = 5839372                                {pd product} {ergonomic}
    uintx NonProfiledCodeHeapSize                  = 122909434                              {pd product} {ergonomic}
    uintx ProfiledCodeHeapSize                     = 122909434                              {pd product} {ergonomic}
    uintx ReservedCodeCacheSize                    = 251658240                              {pd product} {ergonomic}
     bool SegmentedCodeCache                       = true                                      {product} {ergonomic}
   size_t SoftMaxHeapSize                          = 4294967296                             {manageable} {ergonomic}
     bool UseCompressedClassPointers               = true                           {product lp64_product} {ergonomic}
     bool UseCompressedOops                        = true                           {product lp64_product} {ergonomic}
     bool UseG1GC                                  = true                                      {product} {ergonomic}
     bool UseLargePagesIndividualAllocation        = false                                  {pd product} {ergonomic}

Logging:
Log output configuration:
 #0: stdout all=warning uptime,level,tags
 #1: stderr all=off uptime,level,tags

Environment Variables:
JAVA_HOME=C:\Program Files\Microsoft\jdk-17.0.12.7-hotspot
PATH=C:\Android\emulator;C:\Program Files\Microsoft\jdk-17.0.12.7-hotspot\bin;C:\Android\cmdline-tools\latest\bin;C:\Android\platform-tools;C:\Windows\system32;C:\Windows;C:\Windows\System32\Wbem;C:\Windows\System32\WindowsPowerShell\v1.0\;C:\Windows\System32\OpenSSH\;C:\Users\Admin\AppData\Local\Microsoft\WindowsApps;C:\Users\Admin\AppData\Local\spicetify;C:\adb;C:\Program Files\dotnet\;C:\ProgramData\chocolatey\bin;C:\Program Files\GitHub CLI\;C:\ffmpeg\bin\;C:\Program Files (x86)\cloudflared\;C:\Program Files\Git\cmd;%ANDROID_HOME%\tools;%ANDROID_HOME%\tools\bin;%ANDROID_HOME%\platform-tools;C:\Users\Admin\miniconda3;C:\Users\Admin\miniconda3\Library\mingw-w64\bin;C:\Users\Admin\miniconda3\Library\usr\bin;C:\Users\Admin\miniconda3\Library\bin;C:\Users\Admin\miniconda3\Scripts;C:\Users\Admin\AppData\Local\Programs\Python\Python312\Scripts\;C:\Users\Admin\AppData\Local\Programs\Python\Python312\;C:\Users\Admin\AppData\Local\Microsoft\WinGet\Links;C:\tools\dart-sdk\bin;C:\Users\Admin\AppData\Local\Pub\Cache\bin;C:;%ANDROID_HOME%\emulator;C:\Program Files\Microsoft\jdk-17.0.12.7-hotspot\bin;%FLUTTER_HOME%\bin;C:\Program Files\Microsoft\jdk-17.0.12.7-hotspot\bin\;C:\Windows\system32;C:\Windows;C:\Windows\System32\Wbem;C:\Windows\System32\WindowsPowerShell\v1.0\;C:\Windows\System32\OpenSSH\;C:\Users\Admin\AppData\Local\Microsoft\WindowsApps;C:\Users\Admin\AppData\Local\spicetify;C:\adb;C:\Program Files\dotnet\;C:\ProgramData\chocolatey\bin;C:\Program Files\GitHub CLI\;C:\ffmpeg\bin\;C:\Program Files (x86)\cloudflared\;C:\Program Files\Git\cmd;%ANDROID_HOME%\tools;%ANDROID_HOME%\tools\bin;%ANDROID_HOME%\platform-tools;C:\Users\Admin\miniconda3;C:\Users\Admin\miniconda3\Library\mingw-w64\bin;C:\Users\Admin\miniconda3\Library\usr\bin;C:\Users\Admin\miniconda3\Library\bin;C:\Users\Admin\miniconda3\Scripts;C:\Users\Admin\AppData\Local\Programs\Python\Python312\Scripts\;C:\Users\Admin\AppData\Local\Programs\Python\Python312\;C:\Users\Admin\AppData\Local\Microsoft\WinGet\Links;C
USERNAME=Admin
OS=Windows_NT
PROCESSOR_IDENTIFIER=AMD64 Family 23 Model 96 Stepping 1, AuthenticAMD
TMP=C:\Users\Admin\AppData\Local\Temp
TEMP=C:\Users\Admin\AppData\Local\Temp



Periodic native trim disabled


---------------  S Y S T E M  ---------------

OS:
 Windows 11 , 64 bit Build 22621 (10.0.22621.3958)
OS uptime: 0 days 1:18 hours
Hyper-V role detected

CPU: total 12 (initial active 12) (12 cores per cpu, 2 threads per core) family 23 model 96 stepping 1 microcode 0x0, cx8, cmov, fxsr, ht, mmx, 3dnowpref, sse, sse2, sse3, ssse3, sse4a, sse4.1, sse4.2, popcnt, lzcnt, tsc, tscinvbit, avx, avx2, aes, clmul, bmi1, bmi2, adx, sha, fma, vzeroupper, clflush, clflushopt, hv
Processor Information for the first 12 processors :
  Max Mhz: 3701, Current Mhz: 3701, Mhz Limit: 3701

Memory: 4k page, system-wide physical 15761M (1933M free)
TotalPageFile size 19761M (AvailPageFile size 6M)
current process WorkingSet (physical memory assigned to process): 155M, peak: 155M
current process commit charge ("private bytes"): 393M, peak: 393M

vm_info: OpenJDK 64-Bit Server VM (17.0.12+7-LTS) for windows-amd64 JRE (17.0.12+7-LTS), built on Jul 16 2024 18:11:44 by "MicrosoftCorporation" with unknown MS VC++:1939

END.
