#
# There is insufficient memory for the Java Runtime Environment to continue.
# Native memory allocation (malloc) failed to allocate 32744 bytes. Error detail: ChunkPool::allocate
# Possible reasons:
#   The system is out of physical RAM or swap space
#   This process is running with CompressedOops enabled, and the Java Heap may be blocking the growth of the native heap
# Possible solutions:
#   Reduce memory load on the system
#   Increase physical memory or swap space
#   Check if swap backing store is full
#   Decrease Java heap size (-Xmx/-Xms)
#   Decrease number of Java threads
#   Decrease Java thread stack sizes (-Xss)
#   Set larger code cache with -XX:ReservedCodeCacheSize=
#   JVM is running with Unscaled Compressed Oops mode in which the Java heap is
#     placed in the first 4GB address space. The Java Heap base address is the
#     maximum limit for the native heap growth. Please use -XX:HeapBaseMinAddress
#     to set the Java Heap base and to place the Java Heap above 4GB virtual address.
# This output file may be truncated or incomplete.
#
#  Out of Memory Error (arena.cpp:79), pid=3728, tid=21472
#
# JRE version: OpenJDK Runtime Environment Temurin-17.0.12+7 (17.0.12+7) (build 17.0.12+7)
# Java VM: OpenJDK 64-Bit Server VM Temurin-17.0.12+7 (17.0.12+7, mixed mode, tiered, compressed oops, compressed class ptrs, parallel gc, windows-amd64)
# No core dump will be written. Minidumps are not enabled by default on client versions of Windows
#

---------------  S U M M A R Y ------------

Command Line: --add-modules=ALL-SYSTEM --add-opens=java.base/java.util=ALL-UNNAMED --add-opens=java.base/java.lang=ALL-UNNAMED --add-opens=java.base/sun.nio.fs=ALL-UNNAMED -Declipse.application=org.eclipse.jdt.ls.core.id1 -Dosgi.bundles.defaultStartLevel=4 -Declipse.product=org.eclipse.jdt.ls.core.product -Djava.import.generatesMetadataFilesAtProjectRoot=false -DDetectVMInstallationsJob.disabled=true -Dfile.encoding=utf8 -XX:+UseParallelGC -XX:GCTimeRatio=4 -XX:AdaptiveSizePolicyWeight=90 -Dsun.zip.disableMemoryMapping=true -Xmx1G -Xms100m -Xlog:disable -javaagent:c:\Users\Admin\.vscode\extensions\redhat.java-1.35.1-win32-x64\lombok\lombok-1.18.33.jar -XX:+HeapDumpOnOutOfMemoryError -XX:HeapDumpPath=c:\Users\Admin\AppData\Roaming\Code\User\workspaceStorage\c947ea4c57f221a37de719cc15a61aff\redhat.java -Daether.dependencyCollector.impl=bf c:\Users\Admin\.vscode\extensions\redhat.java-1.35.1-win32-x64\server\plugins\org.eclipse.equinox.launcher_1.6.900.v20240613-2009.jar -configuration c:\Users\Admin\AppData\Roaming\Code\User\globalStorage\redhat.java\1.35.1\config_win -data c:\Users\Admin\AppData\Roaming\Code\User\workspaceStorage\c947ea4c57f221a37de719cc15a61aff\redhat.java\jdt_ws --pipe=\\.\pipe\lsp-7ba3567d3d61805a9d8218bda9c1890b-sock

Host: AMD Ryzen 5 4600G with Radeon Graphics, 12 cores, 15G,  Windows 11 , 64 bit Build 22621 (10.0.22621.3958)
Time: Fri Oct 18 10:22:10 2024 China Standard Time elapsed time: 26.487137 seconds (0d 0h 0m 26s)

---------------  T H R E A D  ---------------

Current thread (0x000001f39bb6e270):  JavaThread "C2 CompilerThread0" daemon [_thread_in_native, id=21472, stack(0x0000003495a00000,0x0000003495b00000)]


Current CompileTask:
C2:  26487 7868   !   4       org.eclipse.jdt.internal.core.search.indexing.BinaryIndexer::indexDocument (1157 bytes)

Stack: [0x0000003495a00000,0x0000003495b00000]
Native frames: (J=compiled Java code, j=interpreted, Vv=VM code, C=native code)
V  [jvm.dll+0x67f929]
V  [jvm.dll+0x8371ba]
V  [jvm.dll+0x838c7e]
V  [jvm.dll+0x8392e3]
V  [jvm.dll+0x24834f]
V  [jvm.dll+0xacbd1]
V  [jvm.dll+0xad01c]
V  [jvm.dll+0x11f7d8]
V  [jvm.dll+0x6a92c1]
V  [jvm.dll+0x1bd62e]
V  [jvm.dll+0x21aa09]
V  [jvm.dll+0x219cf1]
V  [jvm.dll+0x1a58bd]
V  [jvm.dll+0x229a2d]
V  [jvm.dll+0x227bdc]
V  [jvm.dll+0x7ec1f7]
V  [jvm.dll+0x7e65dc]
V  [jvm.dll+0x67e7f7]
C  [ucrtbase.dll+0x29333]
C  [KERNEL32.DLL+0x1257d]
C  [ntdll.dll+0x5af08]


---------------  P R O C E S S  ---------------

Threads class SMR info:
_java_thread_list=0x000001f3a1e431b0, length=58, elements={
0x000001f382babb70, 0x000001f39bb49030, 0x000001f39bb49bf0, 0x000001f396a2b9b0,
0x000001f396a2c480, 0x000001f396a2d7e0, 0x000001f39bb66f20, 0x000001f39bb6e270,
0x000001f39bb927a0, 0x000001f39bb955c0, 0x000001f39bccdcf0, 0x000001f39beae880,
0x000001f39de689f0, 0x000001f39de26500, 0x000001f39de94870, 0x000001f39df36f50,
0x000001f39dc9aa90, 0x000001f39be927f0, 0x000001f39be922e0, 0x000001f39be95580,
0x000001f39be94b60, 0x000001f39be94140, 0x000001f39be95a90, 0x000001f39be92d00,
0x000001f39be94650, 0x000001f39be95070, 0x000001f39be93210, 0x000001f39ff5e560,
0x000001f39ff62730, 0x000001f39ff64aa0, 0x000001f39ff62c40, 0x000001f39ff65ee0,
0x000001f39ff5ea70, 0x000001f39ff63150, 0x000001f39ff60de0, 0x000001f39ff61d10,
0x000001f39ff64fb0, 0x000001f39ff612f0, 0x000001f39ff61800, 0x000001f39ff659d0,
0x000001f39ff5feb0, 0x000001f39ff63660, 0x000001f39ff5f9a0, 0x000001f39ff62220,
0x000001f39ff5f490, 0x000001f39ff64080, 0x000001f39ff5ef80, 0x000001f39ff603c0,
0x000001f39ff608d0, 0x000001f39ff63b70, 0x000001f39ff64590, 0x000001f39be93720,
0x000001f3a1746190, 0x000001f3a174a870, 0x000001f3a17466a0, 0x000001f3a174b290,
0x000001f3a1744d50, 0x000001f3a1748500
}

Java Threads: ( => current thread )
  0x000001f382babb70 JavaThread "main" [_thread_blocked, id=19384, stack(0x0000003495100000,0x0000003495200000)]
  0x000001f39bb49030 JavaThread "Reference Handler" daemon [_thread_blocked, id=9364, stack(0x0000003495400000,0x0000003495500000)]
  0x000001f39bb49bf0 JavaThread "Finalizer" daemon [_thread_blocked, id=21296, stack(0x0000003495500000,0x0000003495600000)]
  0x000001f396a2b9b0 JavaThread "Signal Dispatcher" daemon [_thread_blocked, id=19532, stack(0x0000003495600000,0x0000003495700000)]
  0x000001f396a2c480 JavaThread "Attach Listener" daemon [_thread_blocked, id=19832, stack(0x0000003495700000,0x0000003495800000)]
  0x000001f396a2d7e0 JavaThread "Service Thread" daemon [_thread_blocked, id=1740, stack(0x0000003495800000,0x0000003495900000)]
  0x000001f39bb66f20 JavaThread "Monitor Deflation Thread" daemon [_thread_blocked, id=21352, stack(0x0000003495900000,0x0000003495a00000)]
=>0x000001f39bb6e270 JavaThread "C2 CompilerThread0" daemon [_thread_in_native, id=21472, stack(0x0000003495a00000,0x0000003495b00000)]
  0x000001f39bb927a0 JavaThread "C1 CompilerThread0" daemon [_thread_in_vm, id=21528, stack(0x0000003495b00000,0x0000003495c00000)]
  0x000001f39bb955c0 JavaThread "Sweeper thread" daemon [_thread_blocked, id=12180, stack(0x0000003495c00000,0x0000003495d00000)]
  0x000001f39bccdcf0 JavaThread "Common-Cleaner" daemon [_thread_blocked, id=7280, stack(0x0000003495d00000,0x0000003495e00000)]
  0x000001f39beae880 JavaThread "Notification Thread" daemon [_thread_blocked, id=18820, stack(0x0000003495f00000,0x0000003496000000)]
  0x000001f39de689f0 JavaThread "Active Thread: Equinox Container: b84ea8dc-1cb2-4a11-832b-0d257c66f164" [_thread_blocked, id=7124, stack(0x0000003496800000,0x0000003496900000)]
  0x000001f39de26500 JavaThread "Framework Event Dispatcher: Equinox Container: b84ea8dc-1cb2-4a11-832b-0d257c66f164" daemon [_thread_blocked, id=18748, stack(0x0000003496100000,0x0000003496200000)]
  0x000001f39de94870 JavaThread "Start Level: Equinox Container: b84ea8dc-1cb2-4a11-832b-0d257c66f164" daemon [_thread_blocked, id=18032, stack(0x0000003496900000,0x0000003496a00000)]
  0x000001f39df36f50 JavaThread "Bundle File Closer" daemon [_thread_blocked, id=15896, stack(0x0000003495e00000,0x0000003495f00000)]
  0x000001f39dc9aa90 JavaThread "SCR Component Actor" daemon [_thread_blocked, id=21600, stack(0x0000003496c00000,0x0000003496d00000)]
  0x000001f39be927f0 JavaThread "Worker-JM" [_thread_blocked, id=22480, stack(0x0000003496f00000,0x0000003497000000)]
  0x000001f39be922e0 JavaThread "JNA Cleaner" daemon [_thread_blocked, id=7464, stack(0x0000003497000000,0x0000003497100000)]
  0x000001f39be95580 JavaThread "Worker-0: Initialize Workspace" [_thread_blocked, id=22500, stack(0x0000003497100000,0x0000003497200000)]
  0x000001f39be94b60 JavaThread "Worker-1: Synchronize Gradle projects with workspace" [_thread_blocked, id=21964, stack(0x0000003497200000,0x0000003497300000)]
  0x000001f39be94140 JavaThread "Worker-2: Java indexing... " [_thread_blocked, id=21804, stack(0x0000003497300000,0x0000003497400000)]
  0x000001f39be95a90 JavaThread "Java indexing" daemon [_thread_blocked, id=3948, stack(0x0000003497600000,0x0000003497700000)]
  0x000001f39be92d00 JavaThread "Thread-2" daemon [_thread_in_native, id=12144, stack(0x0000003497900000,0x0000003497a00000)]
  0x000001f39be94650 JavaThread "Thread-3" daemon [_thread_in_native, id=17708, stack(0x0000003497a00000,0x0000003497b00000)]
  0x000001f39be95070 JavaThread "Thread-4" daemon [_thread_in_native, id=2092, stack(0x0000003497b00000,0x0000003497c00000)]
  0x000001f39be93210 JavaThread "Thread-5" daemon [_thread_in_native, id=1100, stack(0x0000003497c00000,0x0000003497d00000)]
  0x000001f39ff5e560 JavaThread "Thread-6" daemon [_thread_in_native, id=11600, stack(0x0000003497d00000,0x0000003497e00000)]
  0x000001f39ff62730 JavaThread "Thread-7" daemon [_thread_in_native, id=6444, stack(0x0000003497e00000,0x0000003497f00000)]
  0x000001f39ff64aa0 JavaThread "Thread-8" daemon [_thread_in_native, id=21732, stack(0x0000003497f00000,0x0000003498000000)]
  0x000001f39ff62c40 JavaThread "Thread-9" daemon [_thread_in_native, id=17272, stack(0x0000003498000000,0x0000003498100000)]
  0x000001f39ff65ee0 JavaThread "Thread-10" daemon [_thread_in_native, id=2016, stack(0x0000003498100000,0x0000003498200000)]
  0x000001f39ff5ea70 JavaThread "Thread-11" daemon [_thread_in_native, id=17512, stack(0x0000003498200000,0x0000003498300000)]
  0x000001f39ff63150 JavaThread "Thread-12" daemon [_thread_in_native, id=14508, stack(0x0000003498300000,0x0000003498400000)]
  0x000001f39ff60de0 JavaThread "Thread-13" daemon [_thread_in_native, id=13888, stack(0x0000003498400000,0x0000003498500000)]
  0x000001f39ff61d10 JavaThread "Thread-14" daemon [_thread_in_native, id=7220, stack(0x0000003498500000,0x0000003498600000)]
  0x000001f39ff64fb0 JavaThread "pool-2-thread-1" [_thread_blocked, id=21120, stack(0x0000003498600000,0x0000003498700000)]
  0x000001f39ff612f0 JavaThread "WorkspaceEventsHandler" [_thread_blocked, id=5364, stack(0x0000003498700000,0x0000003498800000)]
  0x000001f39ff61800 JavaThread "pool-1-thread-1" [_thread_blocked, id=22040, stack(0x0000003498800000,0x0000003498900000)]
  0x000001f39ff659d0 JavaThread "Worker-3" [_thread_blocked, id=22164, stack(0x0000003498900000,0x0000003498a00000)]
  0x000001f39ff5feb0 JavaThread "Timer-0" [_thread_blocked, id=15340, stack(0x0000003498a00000,0x0000003498b00000)]
  0x000001f39ff63660 JavaThread "Timer-1" [_thread_blocked, id=4792, stack(0x0000003498b00000,0x0000003498c00000)]
  0x000001f39ff5f9a0 JavaThread "Timer-2" [_thread_blocked, id=16268, stack(0x0000003498d00000,0x0000003498e00000)]
  0x000001f39ff62220 JavaThread "Exec process" [_thread_blocked, id=15240, stack(0x0000003496d00000,0x0000003496e00000)]
  0x000001f39ff5f490 JavaThread "Exec process Thread 2" [_thread_blocked, id=22492, stack(0x0000003497500000,0x0000003497600000)]
  0x000001f39ff64080 JavaThread "Exec process Thread 3" [_thread_blocked, id=2916, stack(0x0000003498f00000,0x0000003499000000)]
  0x000001f39ff5ef80 JavaThread "Timer-3" [_thread_blocked, id=18376, stack(0x0000003497400000,0x0000003497500000)]
  0x000001f39ff603c0 JavaThread "Timer-4" [_thread_blocked, id=13424, stack(0x0000003498c00000,0x0000003498d00000)]
  0x000001f39ff608d0 JavaThread "Timer-5" [_thread_blocked, id=4804, stack(0x0000003498e00000,0x0000003498f00000)]
  0x000001f39ff63b70 JavaThread "Worker-4" [_thread_blocked, id=5600, stack(0x0000003499200000,0x0000003499300000)]
  0x000001f39ff64590 JavaThread "Timer-6" [_thread_blocked, id=18188, stack(0x0000003499300000,0x0000003499400000)]
  0x000001f39be93720 JavaThread "Timer-7" [_thread_blocked, id=21716, stack(0x0000003499400000,0x0000003499500000)]
  0x000001f3a1746190 JavaThread "Worker-5" [_thread_blocked, id=14036, stack(0x0000003499600000,0x0000003499700000)]
  0x000001f3a174a870 JavaThread "Timer-8" [_thread_blocked, id=16924, stack(0x0000003499100000,0x0000003499200000)]
  0x000001f3a17466a0 JavaThread "Timer-9" [_thread_blocked, id=21636, stack(0x0000003499700000,0x0000003499800000)]
  0x000001f3a174b290 JavaThread "Connection worker" [_thread_in_native, id=16308, stack(0x0000003499800000,0x0000003499900000)]
  0x000001f3a1744d50 JavaThread "pool-4-thread-1" [_thread_blocked, id=21948, stack(0x0000003499a00000,0x0000003499b00000)]
  0x000001f3a1748500 JavaThread "Forward input" [_thread_blocked, id=2352, stack(0x0000003499900000,0x0000003499a00000)]

Other Threads:
  0x000001f39bb34a10 VMThread "VM Thread" [stack: 0x0000003495300000,0x0000003495400000] [id=20604] _threads_hazard_ptr=0x000001f3a1e431b0
  0x000001f39d367130 WatcherThread [stack: 0x0000003496000000,0x0000003496100000] [id=18744]
  0x000001f382bc2880 GCTaskThread "GC Thread#0" [stack: 0x0000003495200000,0x0000003495300000] [id=19864]
  0x000001f39dacbac0 GCTaskThread "GC Thread#1" [stack: 0x0000003496200000,0x0000003496300000] [id=20520]
  0x000001f39d751920 GCTaskThread "GC Thread#2" [stack: 0x0000003496300000,0x0000003496400000] [id=22012]
  0x000001f39d751be0 GCTaskThread "GC Thread#3" [stack: 0x0000003496400000,0x0000003496500000] [id=17596]
  0x000001f39d751ea0 GCTaskThread "GC Thread#4" [stack: 0x0000003496500000,0x0000003496600000] [id=12432]
  0x000001f39d752160 GCTaskThread "GC Thread#5" [stack: 0x0000003496600000,0x0000003496700000] [id=5252]
  0x000001f39d96ad30 GCTaskThread "GC Thread#6" [stack: 0x0000003496700000,0x0000003496800000] [id=21552]
  0x000001f380aee830 GCTaskThread "GC Thread#7" [stack: 0x0000003496a00000,0x0000003496b00000] [id=20788]
  0x000001f39dc9dc40 GCTaskThread "GC Thread#8" [stack: 0x0000003496b00000,0x0000003496c00000] [id=20468]
  0x000001f39e098c60 GCTaskThread "GC Thread#9" [stack: 0x0000003496e00000,0x0000003496f00000] [id=12240]

Threads with active compile tasks:
C2 CompilerThread0    26521 7868   !   4       org.eclipse.jdt.internal.core.search.indexing.BinaryIndexer::indexDocument (1157 bytes)
C1 CompilerThread0    26521 7889       2       java.util.ArrayList::toArray (57 bytes)

VM state: synchronizing (normal execution)

VM Mutex/Monitor currently owned by a thread:  ([mutex/lock_event])
[0x000001f382ba88f0] Threads_lock - owner thread: 0x000001f39bb34a10
[0x000001f382ba8230] Heap_lock - owner thread: 0x000001f39be95a90

Heap address: 0x00000000c0000000, size: 1024 MB, Compressed Oops mode: 32-bit

CDS archive(s) not mapped
Compressed class space mapped at: 0x0000000100000000-0x0000000140000000, reserved size: 1073741824
Narrow klass base: 0x0000000000000000, Narrow klass shift: 3, Narrow klass range: 0x140000000

GC Precious Log:
 CPUs: 12 total, 12 available
 Memory: 15761M
 Large Page Support: Disabled
 NUMA Support: Disabled
 Compressed Oops: Enabled (32-bit)
 Alignments: Space 512K, Generation 512K, Heap 2M
 Heap Min Capacity: 100M
 Heap Initial Capacity: 100M
 Heap Max Capacity: 1G
 Pre-touch: Disabled
 Parallel Workers: 10

Heap:
 PSYoungGen      total 43008K, used 42992K [0x00000000eab00000, 0x00000000ee980000, 0x0000000100000000)
  eden space 31232K, 100% used [0x00000000eab00000,0x00000000ec980000,0x00000000ec980000)
  from space 11776K, 99% used [0x00000000ec980000,0x00000000ed4fc010,0x00000000ed500000)
  to   space 15872K, 0% used [0x00000000eda00000,0x00000000eda00000,0x00000000ee980000)
 ParOldGen       total 252928K, used 248808K [0x00000000c0000000, 0x00000000cf700000, 0x00000000eab00000)
  object space 252928K, 98% used [0x00000000c0000000,0x00000000cf2fa3a8,0x00000000cf700000)
 Metaspace       used 70255K, committed 71424K, reserved 1114112K
  class space    used 8599K, committed 9152K, reserved 1048576K

Card table byte_map: [0x000001f382530000,0x000001f382740000] _byte_map_base: 0x000001f381f30000

Marking Bits: (ParMarkBitMap*) 0x00007ff91c8358b0
 Begin Bits: [0x000001f394830000, 0x000001f395830000)
 End Bits:   [0x000001f395830000, 0x000001f396830000)

Polling page: 0x000001f380af0000

Metaspace:

Usage:
  Non-class:     60.21 MB used.
      Class:      8.40 MB used.
       Both:     68.61 MB used.

Virtual space:
  Non-class space:       64.00 MB reserved,      60.81 MB ( 95%) committed,  1 nodes.
      Class space:        1.00 GB reserved,       8.94 MB ( <1%) committed,  1 nodes.
             Both:        1.06 GB reserved,      69.75 MB (  6%) committed. 

Chunk freelists:
   Non-Class:  2.53 MB
       Class:  6.98 MB
        Both:  9.51 MB

MaxMetaspaceSize: unlimited
CompressedClassSpaceSize: 1.00 GB
Initial GC threshold: 21.00 MB
Current GC threshold: 116.25 MB
CDS: off
MetaspaceReclaimPolicy: balanced
 - commit_granule_bytes: 65536.
 - commit_granule_words: 8192.
 - virtual_space_node_default_size: 8388608.
 - enlarge_chunks_in_place: 1.
 - new_chunks_are_fully_committed: 0.
 - uncommit_free_chunks: 1.
 - use_allocation_guard: 0.
 - handle_deallocations: 1.


Internal statistics:

num_allocs_failed_limit: 9.
num_arena_births: 720.
num_arena_deaths: 28.
num_vsnodes_births: 2.
num_vsnodes_deaths: 0.
num_space_committed: 1116.
num_space_uncommitted: 0.
num_chunks_returned_to_freelist: 42.
num_chunks_taken_from_freelist: 3379.
num_chunk_merges: 11.
num_chunk_splits: 2244.
num_chunks_enlarged: 1484.
num_inconsistent_stats: 0.

CodeHeap 'non-profiled nmethods': size=120000Kb used=5532Kb max_used=5588Kb free=114468Kb
 bounds [0x000001f38d300000, 0x000001f38d880000, 0x000001f394830000]
CodeHeap 'profiled nmethods': size=120000Kb used=12262Kb max_used=13760Kb free=107737Kb
 bounds [0x000001f385830000, 0x000001f3865b0000, 0x000001f38cd60000]
CodeHeap 'non-nmethods': size=5760Kb used=1333Kb max_used=1395Kb free=4426Kb
 bounds [0x000001f38cd60000, 0x000001f38cfd0000, 0x000001f38d300000]
 total_blobs=7122 nmethods=6449 adapters=587
 compilation: enabled
              stopped_count=0, restarted_count=0
 full_count=0

Compilation events (20 events):
Event: 25.412 Thread 0x000001f39bb927a0 nmethod 7874 0x000001f385ff7f10 code [0x000001f385ff80a0, 0x000001f385ff81b8]
Event: 25.413 Thread 0x000001f39bb927a0 7877       3       org.gradle.internal.serialize.InputStreamBackedDecoder::readInt (8 bytes)
Event: 25.413 Thread 0x000001f39bb927a0 nmethod 7877 0x000001f385c43390 code [0x000001f385c43540, 0x000001f385c43688]
Event: 25.416 Thread 0x000001f39bb927a0 7878       3       jdk.internal.reflect.AccessorGenerator::add (5 bytes)
Event: 25.416 Thread 0x000001f39bb927a0 nmethod 7878 0x000001f385ce2f90 code [0x000001f385ce3120, 0x000001f385ce3218]
Event: 25.417 Thread 0x000001f39bb927a0 7879       1       java.nio.DirectByteBuffer::base (2 bytes)
Event: 25.417 Thread 0x000001f39bb927a0 nmethod 7879 0x000001f38d7a0d90 code [0x000001f38d7a0f20, 0x000001f38d7a0ff8]
Event: 25.432 Thread 0x000001f39bb927a0 7880   !   3       java.nio.file.Files::walkFileTree (297 bytes)
Event: 25.434 Thread 0x000001f39bb927a0 nmethod 7880 0x000001f3863fff90 code [0x000001f3864003c0, 0x000001f3864021a8]
Event: 25.520 Thread 0x000001f39bb927a0 7881       3       java.util.TaskQueue::fixDown (108 bytes)
Event: 25.520 Thread 0x000001f39bb927a0 nmethod 7881 0x000001f3860e9e90 code [0x000001f3860ea060, 0x000001f3860ea638]
Event: 25.944 Thread 0x000001f39bb927a0 7882       3       java.util.concurrent.ThreadPoolExecutor::workerCountOf (5 bytes)
Event: 25.945 Thread 0x000001f39bb927a0 nmethod 7882 0x000001f385e32490 code [0x000001f385e32620, 0x000001f385e32718]
Event: 25.974 Thread 0x000001f39bb927a0 7883       3       org.eclipse.jdt.internal.core.search.indexing.BinaryIndexer::indexTypeReference (18 bytes)
Event: 25.975 Thread 0x000001f39bb927a0 nmethod 7883 0x000001f38611ff10 code [0x000001f3861200c0, 0x000001f3861202a8]
Event: 26.024 Thread 0x000001f39bb927a0 7884       3       java.util.concurrent.atomic.AtomicLong::addAndGet (14 bytes)
Event: 26.024 Thread 0x000001f39bb927a0 nmethod 7884 0x000001f386019810 code [0x000001f3860199a0, 0x000001f386019ab8]
Event: 26.024 Thread 0x000001f39bb927a0 7885       3       sun.nio.ch.Util::isBufferTooLarge (15 bytes)
Event: 26.025 Thread 0x000001f39bb927a0 nmethod 7885 0x000001f3860f1310 code [0x000001f3860f14a0, 0x000001f3860f15f8]
Event: 26.215 Thread 0x000001f39bb927a0 7889       2       java.util.ArrayList::toArray (57 bytes)

GC Heap History (20 events):
Event: 25.242 GC heap before
{Heap before GC invocations=284 (full 14):
 PSYoungGen      total 41984K, used 10520K [0x00000000eab00000, 0x00000000ee280000, 0x0000000100000000)
  eden space 31232K, 0% used [0x00000000eab00000,0x00000000eab00000,0x00000000ec980000)
  from space 10752K, 97% used [0x00000000ed800000,0x00000000ee246010,0x00000000ee280000)
  to   space 12288K, 0% used [0x00000000eca80000,0x00000000eca80000,0x00000000ed680000)
 ParOldGen       total 209408K, used 209405K [0x00000000c0000000, 0x00000000ccc80000, 0x00000000eab00000)
  object space 209408K, 99% used [0x00000000c0000000,0x00000000ccc7f478,0x00000000ccc80000)
 Metaspace       used 70243K, committed 71424K, reserved 1114112K
  class space    used 8598K, committed 9152K, reserved 1048576K
}
Event: 25.344 GC heap after
{Heap after GC invocations=284 (full 14):
 PSYoungGen      total 44544K, used 7713K [0x00000000eab00000, 0x00000000ee500000, 0x0000000100000000)
  eden space 33792K, 0% used [0x00000000eab00000,0x00000000eab00000,0x00000000ecc00000)
  from space 10752K, 71% used [0x00000000ed800000,0x00000000edf88748,0x00000000ee280000)
  to   space 12288K, 0% used [0x00000000ecc00000,0x00000000ecc00000,0x00000000ed800000)
 ParOldGen       total 252928K, used 209372K [0x00000000c0000000, 0x00000000cf700000, 0x00000000eab00000)
  object space 252928K, 82% used [0x00000000c0000000,0x00000000ccc77130,0x00000000cf700000)
 Metaspace       used 70243K, committed 71424K, reserved 1114112K
  class space    used 8598K, committed 9152K, reserved 1048576K
}
Event: 25.438 GC heap before
{Heap before GC invocations=285 (full 14):
 PSYoungGen      total 44544K, used 41505K [0x00000000eab00000, 0x00000000ee500000, 0x0000000100000000)
  eden space 33792K, 100% used [0x00000000eab00000,0x00000000ecc00000,0x00000000ecc00000)
  from space 10752K, 71% used [0x00000000ed800000,0x00000000edf88748,0x00000000ee280000)
  to   space 12288K, 0% used [0x00000000ecc00000,0x00000000ecc00000,0x00000000ed800000)
 ParOldGen       total 252928K, used 209372K [0x00000000c0000000, 0x00000000cf700000, 0x00000000eab00000)
  object space 252928K, 82% used [0x00000000c0000000,0x00000000ccc77130,0x00000000cf700000)
 Metaspace       used 70253K, committed 71424K, reserved 1114112K
  class space    used 8599K, committed 9152K, reserved 1048576K
}
Event: 25.447 GC heap after
{Heap after GC invocations=285 (full 14):
 PSYoungGen      total 46080K, used 10880K [0x00000000eab00000, 0x00000000ee580000, 0x0000000100000000)
  eden space 33792K, 0% used [0x00000000eab00000,0x00000000eab00000,0x00000000ecc00000)
  from space 12288K, 88% used [0x00000000ecc00000,0x00000000ed6a0000,0x00000000ed800000)
  to   space 11264K, 0% used [0x00000000eda80000,0x00000000eda80000,0x00000000ee580000)
 ParOldGen       total 252928K, used 211916K [0x00000000c0000000, 0x00000000cf700000, 0x00000000eab00000)
  object space 252928K, 83% used [0x00000000c0000000,0x00000000ccef3130,0x00000000cf700000)
 Metaspace       used 70253K, committed 71424K, reserved 1114112K
  class space    used 8599K, committed 9152K, reserved 1048576K
}
Event: 25.538 GC heap before
{Heap before GC invocations=286 (full 14):
 PSYoungGen      total 46080K, used 44672K [0x00000000eab00000, 0x00000000ee580000, 0x0000000100000000)
  eden space 33792K, 100% used [0x00000000eab00000,0x00000000ecc00000,0x00000000ecc00000)
  from space 12288K, 88% used [0x00000000ecc00000,0x00000000ed6a0000,0x00000000ed800000)
  to   space 11264K, 0% used [0x00000000eda80000,0x00000000eda80000,0x00000000ee580000)
 ParOldGen       total 252928K, used 211916K [0x00000000c0000000, 0x00000000cf700000, 0x00000000eab00000)
  object space 252928K, 83% used [0x00000000c0000000,0x00000000ccef3130,0x00000000cf700000)
 Metaspace       used 70254K, committed 71424K, reserved 1114112K
  class space    used 8599K, committed 9152K, reserved 1048576K
}
Event: 25.544 GC heap after
{Heap after GC invocations=286 (full 14):
 PSYoungGen      total 43008K, used 11264K [0x00000000eab00000, 0x00000000eec80000, 0x0000000100000000)
  eden space 31744K, 0% used [0x00000000eab00000,0x00000000eab00000,0x00000000eca00000)
  from space 11264K, 100% used [0x00000000eda80000,0x00000000ee580000,0x00000000ee580000)
  to   space 16896K, 0% used [0x00000000eca00000,0x00000000eca00000,0x00000000eda80000)
 ParOldGen       total 252928K, used 216632K [0x00000000c0000000, 0x00000000cf700000, 0x00000000eab00000)
  object space 252928K, 85% used [0x00000000c0000000,0x00000000cd38e338,0x00000000cf700000)
 Metaspace       used 70254K, committed 71424K, reserved 1114112K
  class space    used 8599K, committed 9152K, reserved 1048576K
}
Event: 25.628 GC heap before
{Heap before GC invocations=287 (full 14):
 PSYoungGen      total 43008K, used 43008K [0x00000000eab00000, 0x00000000eec80000, 0x0000000100000000)
  eden space 31744K, 100% used [0x00000000eab00000,0x00000000eca00000,0x00000000eca00000)
  from space 11264K, 100% used [0x00000000eda80000,0x00000000ee580000,0x00000000ee580000)
  to   space 16896K, 0% used [0x00000000eca00000,0x00000000eca00000,0x00000000eda80000)
 ParOldGen       total 252928K, used 216632K [0x00000000c0000000, 0x00000000cf700000, 0x00000000eab00000)
  object space 252928K, 85% used [0x00000000c0000000,0x00000000cd38e338,0x00000000cf700000)
 Metaspace       used 70254K, committed 71424K, reserved 1114112K
  class space    used 8599K, committed 9152K, reserved 1048576K
}
Event: 25.636 GC heap after
{Heap after GC invocations=287 (full 14):
 PSYoungGen      total 44544K, used 12832K [0x00000000eab00000, 0x00000000ee580000, 0x0000000100000000)
  eden space 31232K, 0% used [0x00000000eab00000,0x00000000eab00000,0x00000000ec980000)
  from space 13312K, 96% used [0x00000000eca00000,0x00000000ed688000,0x00000000ed700000)
  to   space 14336K, 0% used [0x00000000ed780000,0x00000000ed780000,0x00000000ee580000)
 ParOldGen       total 252928K, used 220408K [0x00000000c0000000, 0x00000000cf700000, 0x00000000eab00000)
  object space 252928K, 87% used [0x00000000c0000000,0x00000000cd73e338,0x00000000cf700000)
 Metaspace       used 70254K, committed 71424K, reserved 1114112K
  class space    used 8599K, committed 9152K, reserved 1048576K
}
Event: 25.705 GC heap before
{Heap before GC invocations=288 (full 14):
 PSYoungGen      total 44544K, used 44064K [0x00000000eab00000, 0x00000000ee580000, 0x0000000100000000)
  eden space 31232K, 100% used [0x00000000eab00000,0x00000000ec980000,0x00000000ec980000)
  from space 13312K, 96% used [0x00000000eca00000,0x00000000ed688000,0x00000000ed700000)
  to   space 14336K, 0% used [0x00000000ed780000,0x00000000ed780000,0x00000000ee580000)
 ParOldGen       total 252928K, used 220408K [0x00000000c0000000, 0x00000000cf700000, 0x00000000eab00000)
  object space 252928K, 87% used [0x00000000c0000000,0x00000000cd73e338,0x00000000cf700000)
 Metaspace       used 70254K, committed 71424K, reserved 1114112K
  class space    used 8599K, committed 9152K, reserved 1048576K
}
Event: 25.712 GC heap after
{Heap after GC invocations=288 (full 14):
 PSYoungGen      total 40960K, used 14336K [0x00000000eab00000, 0x00000000eee00000, 0x0000000100000000)
  eden space 26624K, 0% used [0x00000000eab00000,0x00000000eab00000,0x00000000ec500000)
  from space 14336K, 100% used [0x00000000ed780000,0x00000000ee580000,0x00000000ee580000)
  to   space 18944K, 0% used [0x00000000ec500000,0x00000000ec500000,0x00000000ed780000)
 ParOldGen       total 252928K, used 223712K [0x00000000c0000000, 0x00000000cf700000, 0x00000000eab00000)
  object space 252928K, 88% used [0x00000000c0000000,0x00000000cda78338,0x00000000cf700000)
 Metaspace       used 70254K, committed 71424K, reserved 1114112K
  class space    used 8599K, committed 9152K, reserved 1048576K
}
Event: 25.820 GC heap before
{Heap before GC invocations=289 (full 14):
 PSYoungGen      total 40960K, used 40960K [0x00000000eab00000, 0x00000000eee00000, 0x0000000100000000)
  eden space 26624K, 100% used [0x00000000eab00000,0x00000000ec500000,0x00000000ec500000)
  from space 14336K, 100% used [0x00000000ed780000,0x00000000ee580000,0x00000000ee580000)
  to   space 18944K, 0% used [0x00000000ec500000,0x00000000ec500000,0x00000000ed780000)
 ParOldGen       total 252928K, used 223712K [0x00000000c0000000, 0x00000000cf700000, 0x00000000eab00000)
  object space 252928K, 88% used [0x00000000c0000000,0x00000000cda78338,0x00000000cf700000)
 Metaspace       used 70254K, committed 71424K, reserved 1114112K
  class space    used 8599K, committed 9152K, reserved 1048576K
}
Event: 25.833 GC heap after
{Heap after GC invocations=289 (full 14):
 PSYoungGen      total 41984K, used 14880K [0x00000000eab00000, 0x00000000ee680000, 0x0000000100000000)
  eden space 26624K, 0% used [0x00000000eab00000,0x00000000eab00000,0x00000000ec500000)
  from space 15360K, 96% used [0x00000000ec500000,0x00000000ed388008,0x00000000ed400000)
  to   space 15872K, 0% used [0x00000000ed700000,0x00000000ed700000,0x00000000ee680000)
 ParOldGen       total 252928K, used 230308K [0x00000000c0000000, 0x00000000cf700000, 0x00000000eab00000)
  object space 252928K, 91% used [0x00000000c0000000,0x00000000ce0e9368,0x00000000cf700000)
 Metaspace       used 70254K, committed 71424K, reserved 1114112K
  class space    used 8599K, committed 9152K, reserved 1048576K
}
Event: 25.909 GC heap before
{Heap before GC invocations=290 (full 14):
 PSYoungGen      total 41984K, used 41504K [0x00000000eab00000, 0x00000000ee680000, 0x0000000100000000)
  eden space 26624K, 100% used [0x00000000eab00000,0x00000000ec500000,0x00000000ec500000)
  from space 15360K, 96% used [0x00000000ec500000,0x00000000ed388008,0x00000000ed400000)
  to   space 15872K, 0% used [0x00000000ed700000,0x00000000ed700000,0x00000000ee680000)
 ParOldGen       total 252928K, used 230308K [0x00000000c0000000, 0x00000000cf700000, 0x00000000eab00000)
  object space 252928K, 91% used [0x00000000c0000000,0x00000000ce0e9368,0x00000000cf700000)
 Metaspace       used 70254K, committed 71424K, reserved 1114112K
  class space    used 8599K, committed 9152K, reserved 1048576K
}
Event: 25.919 GC heap after
{Heap after GC invocations=290 (full 14):
 PSYoungGen      total 41984K, used 15840K [0x00000000eab00000, 0x00000000eed00000, 0x0000000100000000)
  eden space 26112K, 0% used [0x00000000eab00000,0x00000000eab00000,0x00000000ec480000)
  from space 15872K, 99% used [0x00000000ed700000,0x00000000ee678008,0x00000000ee680000)
  to   space 18944K, 0% used [0x00000000ec480000,0x00000000ec480000,0x00000000ed700000)
 ParOldGen       total 252928K, used 232762K [0x00000000c0000000, 0x00000000cf700000, 0x00000000eab00000)
  object space 252928K, 92% used [0x00000000c0000000,0x00000000ce34e980,0x00000000cf700000)
 Metaspace       used 70254K, committed 71424K, reserved 1114112K
  class space    used 8599K, committed 9152K, reserved 1048576K
}
Event: 25.979 GC heap before
{Heap before GC invocations=291 (full 14):
 PSYoungGen      total 41984K, used 41952K [0x00000000eab00000, 0x00000000eed00000, 0x0000000100000000)
  eden space 26112K, 100% used [0x00000000eab00000,0x00000000ec480000,0x00000000ec480000)
  from space 15872K, 99% used [0x00000000ed700000,0x00000000ee678008,0x00000000ee680000)
  to   space 18944K, 0% used [0x00000000ec480000,0x00000000ec480000,0x00000000ed700000)
 ParOldGen       total 252928K, used 232762K [0x00000000c0000000, 0x00000000cf700000, 0x00000000eab00000)
  object space 252928K, 92% used [0x00000000c0000000,0x00000000ce34e980,0x00000000cf700000)
 Metaspace       used 70254K, committed 71424K, reserved 1114112K
  class space    used 8599K, committed 9152K, reserved 1048576K
}
Event: 25.990 GC heap after
{Heap after GC invocations=291 (full 14):
 PSYoungGen      total 38400K, used 12256K [0x00000000eab00000, 0x00000000ee480000, 0x0000000100000000)
  eden space 26112K, 0% used [0x00000000eab00000,0x00000000eab00000,0x00000000ec480000)
  from space 12288K, 99% used [0x00000000ec480000,0x00000000ed078008,0x00000000ed080000)
  to   space 14848K, 0% used [0x00000000ed600000,0x00000000ed600000,0x00000000ee480000)
 ParOldGen       total 252928K, used 240178K [0x00000000c0000000, 0x00000000cf700000, 0x00000000eab00000)
  object space 252928K, 94% used [0x00000000c0000000,0x00000000cea8c980,0x00000000cf700000)
 Metaspace       used 70254K, committed 71424K, reserved 1114112K
  class space    used 8599K, committed 9152K, reserved 1048576K
}
Event: 26.073 GC heap before
{Heap before GC invocations=292 (full 14):
 PSYoungGen      total 38400K, used 38368K [0x00000000eab00000, 0x00000000ee480000, 0x0000000100000000)
  eden space 26112K, 100% used [0x00000000eab00000,0x00000000ec480000,0x00000000ec480000)
  from space 12288K, 99% used [0x00000000ec480000,0x00000000ed078008,0x00000000ed080000)
  to   space 14848K, 0% used [0x00000000ed600000,0x00000000ed600000,0x00000000ee480000)
 ParOldGen       total 252928K, used 240178K [0x00000000c0000000, 0x00000000cf700000, 0x00000000eab00000)
  object space 252928K, 94% used [0x00000000c0000000,0x00000000cea8c980,0x00000000cf700000)
 Metaspace       used 70255K, committed 71424K, reserved 1114112K
  class space    used 8599K, committed 9152K, reserved 1048576K
}
Event: 26.083 GC heap after
{Heap after GC invocations=292 (full 14):
 PSYoungGen      total 39936K, used 10528K [0x00000000eab00000, 0x00000000ee080000, 0x0000000100000000)
  eden space 29184K, 0% used [0x00000000eab00000,0x00000000eab00000,0x00000000ec780000)
  from space 10752K, 97% used [0x00000000ed600000,0x00000000ee048000,0x00000000ee080000)
  to   space 11776K, 0% used [0x00000000ec980000,0x00000000ec980000,0x00000000ed500000)
 ParOldGen       total 252928K, used 245786K [0x00000000c0000000, 0x00000000cf700000, 0x00000000eab00000)
  object space 252928K, 97% used [0x00000000c0000000,0x00000000cf006988,0x00000000cf700000)
 Metaspace       used 70255K, committed 71424K, reserved 1114112K
  class space    used 8599K, committed 9152K, reserved 1048576K
}
Event: 26.153 GC heap before
{Heap before GC invocations=293 (full 14):
 PSYoungGen      total 39936K, used 39712K [0x00000000eab00000, 0x00000000ee080000, 0x0000000100000000)
  eden space 29184K, 100% used [0x00000000eab00000,0x00000000ec780000,0x00000000ec780000)
  from space 10752K, 97% used [0x00000000ed600000,0x00000000ee048000,0x00000000ee080000)
  to   space 11776K, 0% used [0x00000000ec980000,0x00000000ec980000,0x00000000ed500000)
 ParOldGen       total 252928K, used 245786K [0x00000000c0000000, 0x00000000cf700000, 0x00000000eab00000)
  object space 252928K, 97% used [0x00000000c0000000,0x00000000cf006988,0x00000000cf700000)
 Metaspace       used 70255K, committed 71424K, reserved 1114112K
  class space    used 8599K, committed 9152K, reserved 1048576K
}
Event: 26.159 GC heap after
{Heap after GC invocations=293 (full 14):
 PSYoungGen      total 43008K, used 11760K [0x00000000eab00000, 0x00000000ee980000, 0x0000000100000000)
  eden space 31232K, 0% used [0x00000000eab00000,0x00000000eab00000,0x00000000ec980000)
  from space 11776K, 99% used [0x00000000ec980000,0x00000000ed4fc010,0x00000000ed500000)
  to   space 15872K, 0% used [0x00000000eda00000,0x00000000eda00000,0x00000000ee980000)
 ParOldGen       total 252928K, used 248808K [0x00000000c0000000, 0x00000000cf700000, 0x00000000eab00000)
  object space 252928K, 98% used [0x00000000c0000000,0x00000000cf2fa3a8,0x00000000cf700000)
 Metaspace       used 70255K, committed 71424K, reserved 1114112K
  class space    used 8599K, committed 9152K, reserved 1048576K
}

Dll operation events (15 events):
Event: 0.008 Loaded shared library c:\Users\Admin\.vscode\extensions\redhat.java-1.35.1-win32-x64\jre\17.0.12-win32-x86_64\bin\java.dll
Event: 0.111 Loaded shared library c:\Users\Admin\.vscode\extensions\redhat.java-1.35.1-win32-x64\jre\17.0.12-win32-x86_64\bin\zip.dll
Event: 0.114 Loaded shared library C:\Users\Admin\.vscode\extensions\redhat.java-1.35.1-win32-x64\jre\17.0.12-win32-x86_64\bin\instrument.dll
Event: 0.124 Loaded shared library C:\Users\Admin\.vscode\extensions\redhat.java-1.35.1-win32-x64\jre\17.0.12-win32-x86_64\bin\net.dll
Event: 0.126 Loaded shared library C:\Users\Admin\.vscode\extensions\redhat.java-1.35.1-win32-x64\jre\17.0.12-win32-x86_64\bin\nio.dll
Event: 0.133 Loaded shared library C:\Users\Admin\.vscode\extensions\redhat.java-1.35.1-win32-x64\jre\17.0.12-win32-x86_64\bin\zip.dll
Event: 0.146 Loaded shared library C:\Users\Admin\.vscode\extensions\redhat.java-1.35.1-win32-x64\jre\17.0.12-win32-x86_64\bin\jimage.dll
Event: 0.200 Loaded shared library c:\Users\Admin\.vscode\extensions\redhat.java-1.35.1-win32-x64\jre\17.0.12-win32-x86_64\bin\verify.dll
Event: 4.532 Loaded shared library C:\Users\Admin\AppData\Roaming\Code\User\globalStorage\redhat.java\1.35.1\config_win\org.eclipse.equinox.launcher\org.eclipse.equinox.launcher.win32.win32.x86_64_1.2.1100.v20240722-2106\eclipse_11904.dll
Event: 10.595 Loaded shared library C:\Users\Admin\AppData\Local\Temp\jna-63116079\jna1892535092449242896.dll
Event: 15.168 Loaded shared library C:\Users\Admin\.gradle\native\c067742578af261105cb4f569cf0c3c89f3d7b1fecec35dd04571415982c5e48\windows-amd64\native-platform.dll
Event: 16.122 Loaded shared library C:\Users\Admin\.vscode\extensions\redhat.java-1.35.1-win32-x64\jre\17.0.12-win32-x86_64\bin\management.dll
Event: 16.125 Loaded shared library C:\Users\Admin\.vscode\extensions\redhat.java-1.35.1-win32-x64\jre\17.0.12-win32-x86_64\bin\management_ext.dll
Event: 20.344 Loaded shared library C:\Users\Admin\.vscode\extensions\redhat.java-1.35.1-win32-x64\jre\17.0.12-win32-x86_64\bin\extnet.dll
Event: 22.655 Loaded shared library C:\Users\Admin\.vscode\extensions\redhat.java-1.35.1-win32-x64\jre\17.0.12-win32-x86_64\bin\sunmscapi.dll

Deoptimization events (20 events):
Event: 24.371 Thread 0x000001f39be95a90 Uncommon trap: trap_request=0xffffff45 fr.pc=0x000001f38d5c14a4 relative=0x0000000000002da4
Event: 24.371 Thread 0x000001f39be95a90 Uncommon trap: reason=unstable_if action=reinterpret pc=0x000001f38d5c14a4 method=org.eclipse.jdt.internal.core.search.matching.SuperTypeReferencePattern.createIndexKey(I[C[C[[C[[CC[CC)[C @ 2 c2
Event: 24.371 Thread 0x000001f39be95a90 DEOPT PACKING pc=0x000001f38d5c14a4 sp=0x00000034976fea30
Event: 24.371 Thread 0x000001f39be95a90 DEOPT UNPACKING pc=0x000001f38cdb66a3 sp=0x00000034976fea00 mode 2
Event: 24.405 Thread 0x000001f39be95a90 Uncommon trap: trap_request=0xffffff45 fr.pc=0x000001f38d82e160 relative=0x00000000000008c0
Event: 24.406 Thread 0x000001f39be95a90 Uncommon trap: reason=unstable_if action=reinterpret pc=0x000001f38d82e160 method=org.eclipse.jdt.internal.compiler.classfmt.AnnotationInfo.scanAnnotation(IZZ)I @ 282 c2
Event: 24.406 Thread 0x000001f39be95a90 DEOPT PACKING pc=0x000001f38d82e160 sp=0x00000034976fe9f0
Event: 24.406 Thread 0x000001f39be95a90 DEOPT UNPACKING pc=0x000001f38cdb66a3 sp=0x00000034976fe978 mode 2
Event: 25.079 Thread 0x000001f39be95a90 Uncommon trap: trap_request=0xffffff45 fr.pc=0x000001f38d86b91c relative=0x0000000000006ddc
Event: 25.079 Thread 0x000001f39be95a90 Uncommon trap: reason=unstable_if action=reinterpret pc=0x000001f38d86b91c method=org.eclipse.jdt.internal.compiler.util.Util.scanTypeSignature([CI)I @ 17 c2
Event: 25.079 Thread 0x000001f39be95a90 DEOPT PACKING pc=0x000001f38d86b91c sp=0x00000034976fedc0
Event: 25.079 Thread 0x000001f39be95a90 DEOPT UNPACKING pc=0x000001f38cdb66a3 sp=0x00000034976fec50 mode 2
Event: 25.411 Thread 0x000001f3a174ad80 Uncommon trap: trap_request=0xffffffbe fr.pc=0x000001f38d5fa41c relative=0x00000000000002dc
Event: 25.411 Thread 0x000001f3a174ad80 Uncommon trap: reason=profile_predicate action=maybe_recompile pc=0x000001f38d5fa41c method=java.util.regex.Pattern$Slice.match(Ljava/util/regex/Matcher;ILjava/lang/CharSequence;)Z @ 18 c2
Event: 25.411 Thread 0x000001f3a174ad80 DEOPT PACKING pc=0x000001f38d5fa41c sp=0x0000003499bfed60
Event: 25.411 Thread 0x000001f3a174ad80 DEOPT UNPACKING pc=0x000001f38cdb66a3 sp=0x0000003499bfed00 mode 2
Event: 25.814 Thread 0x000001f3a174b290 Uncommon trap: trap_request=0xffffffdc fr.pc=0x000001f38d853614 relative=0x0000000000000274
Event: 25.814 Thread 0x000001f3a174b290 Uncommon trap: reason=class_check action=make_not_entrant pc=0x000001f38d853614 method=java.util.ArrayList.toArray([Ljava/lang/Object;)[Ljava/lang/Object; @ 21 c2
Event: 25.814 Thread 0x000001f3a174b290 DEOPT PACKING pc=0x000001f38d853614 sp=0x00000034998fe4c0
Event: 25.814 Thread 0x000001f3a174b290 DEOPT UNPACKING pc=0x000001f38cdb66a3 sp=0x00000034998fe490 mode 2

Classes loaded (20 events):
Event: 22.683 Loading class java/io/ObjectStreamClass$4
Event: 22.683 Loading class java/io/ObjectStreamClass$4 done
Event: 22.683 Loading class java/io/ObjectStreamClass$5
Event: 22.683 Loading class java/io/ObjectStreamClass$5 done
Event: 22.688 Loading class java/net/UrlDeserializedState
Event: 22.688 Loading class java/net/UrlDeserializedState done
Event: 22.688 Loading class java/net/Proxy
Event: 22.688 Loading class java/net/Proxy done
Event: 22.690 Loading class java/nio/channels/spi/AbstractSelector$1
Event: 22.690 Loading class java/nio/channels/spi/AbstractSelector$1 done
Event: 23.443 Loading class sun/net/ConnectionResetException
Event: 23.443 Loading class sun/net/ConnectionResetException done
Event: 23.463 Loading class sun/misc/SharedSecrets
Event: 23.463 Loading class sun/misc/SharedSecrets done
Event: 23.463 Loading class java/lang/Throwable$WrappedPrintWriter
Event: 23.463 Loading class java/lang/Throwable$PrintStreamOrWriter
Event: 23.463 Loading class java/lang/Throwable$PrintStreamOrWriter done
Event: 23.463 Loading class java/lang/Throwable$WrappedPrintWriter done
Event: 23.586 Loading class java/security/DigestInputStream
Event: 23.586 Loading class java/security/DigestInputStream done

Classes unloaded (14 events):
Event: 11.591 Thread 0x000001f39bb34a10 Unloading class 0x0000000100250400 'java/lang/invoke/LambdaForm$MH+0x0000000100250400'
Event: 11.591 Thread 0x000001f39bb34a10 Unloading class 0x0000000100250000 'java/lang/invoke/LambdaForm$MH+0x0000000100250000'
Event: 11.591 Thread 0x000001f39bb34a10 Unloading class 0x000000010024bc00 'java/lang/invoke/LambdaForm$MH+0x000000010024bc00'
Event: 11.591 Thread 0x000001f39bb34a10 Unloading class 0x000000010024b800 'java/lang/invoke/LambdaForm$MH+0x000000010024b800'
Event: 11.591 Thread 0x000001f39bb34a10 Unloading class 0x000000010024b400 'java/lang/invoke/LambdaForm$BMH+0x000000010024b400'
Event: 11.591 Thread 0x000001f39bb34a10 Unloading class 0x000000010024b000 'java/lang/invoke/LambdaForm$DMH+0x000000010024b000'
Event: 11.591 Thread 0x000001f39bb34a10 Unloading class 0x0000000100248400 'java/lang/invoke/LambdaForm$DMH+0x0000000100248400'
Event: 16.360 Thread 0x000001f39bb34a10 Unloading class 0x0000000100457400 'java/lang/invoke/LambdaForm$MH+0x0000000100457400'
Event: 16.360 Thread 0x000001f39bb34a10 Unloading class 0x0000000100456800 'java/lang/invoke/LambdaForm$MH+0x0000000100456800'
Event: 16.360 Thread 0x000001f39bb34a10 Unloading class 0x0000000100456000 'java/lang/invoke/LambdaForm$MH+0x0000000100456000'
Event: 16.360 Thread 0x000001f39bb34a10 Unloading class 0x0000000100455800 'java/lang/invoke/LambdaForm$MH+0x0000000100455800'
Event: 16.360 Thread 0x000001f39bb34a10 Unloading class 0x0000000100455000 'java/lang/invoke/LambdaForm$DMH+0x0000000100455000'
Event: 16.360 Thread 0x000001f39bb34a10 Unloading class 0x0000000100454800 'java/lang/invoke/LambdaForm$MH+0x0000000100454800'
Event: 16.360 Thread 0x000001f39bb34a10 Unloading class 0x0000000100454400 'java/lang/invoke/LambdaForm$MH+0x0000000100454400'

Classes redefined (0 events):
No events

Internal exceptions (20 events):
Event: 17.572 Thread 0x000001f39be95a90 Implicit null exception at 0x000001f38d6b332c to 0x000001f38d6b341c
Event: 18.194 Thread 0x000001f39ff63b70 Exception <a 'java/io/FileNotFoundException'{0x00000000eacfbec8}> (0x00000000eacfbec8) 
thrown [s\src\hotspot\share\prims\jni.cpp, line 516]
Event: 18.215 Thread 0x000001f39ff63b70 Exception <a 'java/io/FileNotFoundException'{0x00000000eb3dcb10}> (0x00000000eb3dcb10) 
thrown [s\src\hotspot\share\prims\jni.cpp, line 516]
Event: 18.215 Thread 0x000001f39ff63b70 Exception <a 'java/io/FileNotFoundException'{0x00000000eb3ddb08}> (0x00000000eb3ddb08) 
thrown [s\src\hotspot\share\prims\jni.cpp, line 516]
Event: 18.215 Thread 0x000001f39ff63b70 Exception <a 'java/io/FileNotFoundException'{0x00000000eb3de858}> (0x00000000eb3de858) 
thrown [s\src\hotspot\share\prims\jni.cpp, line 516]
Event: 20.183 Thread 0x000001f39be95a90 Implicit null exception at 0x000001f38d58e90c to 0x000001f38d59346c
Event: 22.683 Thread 0x000001f3a174b7a0 Exception <a 'java/lang/NoSuchMethodError'{0x00000000eaf1f348}: static Lorg/gradle/tooling/internal/provider/serialization/ClassLoaderDetails;.<clinit>()V> (0x00000000eaf1f348) 
thrown [s\src\hotspot\share\prims\jni.cpp, line 1112]
Event: 22.684 Thread 0x000001f3a174b7a0 Exception <a 'java/lang/NoSuchMethodError'{0x00000000eafb2c10}: static Lorg/gradle/tooling/internal/provider/serialization/WellKnownClassLoaderRegistry$KnownClassLoaderSpec;.<clinit>()V> (0x00000000eafb2c10) 
thrown [s\src\hotspot\share\prims\jni.cpp, line 1112]
Event: 22.684 Thread 0x000001f3a174b7a0 Exception <a 'java/lang/NoSuchMethodError'{0x00000000eafb4288}: static Lorg/gradle/internal/classloader/ClassLoaderSpec;.<clinit>()V> (0x00000000eafb4288) 
thrown [s\src\hotspot\share\prims\jni.cpp, line 1112]
Event: 22.687 Thread 0x000001f3a174b7a0 Exception <a 'java/lang/NoSuchMethodError'{0x00000000eab441f0}: static Lorg/gradle/tooling/internal/provider/serialization/ClientOwnedClassLoaderSpec;.<clinit>()V> (0x00000000eab441f0) 
thrown [s\src\hotspot\share\prims\jni.cpp, line 1112]
Event: 23.251 Thread 0x000001f3a174b7a0 Exception <a 'java/lang/NoSuchMethodError'{0x00000000eab26b80}: static Lorg/gradle/internal/build/event/types/AbstractProgressEvent;.<clinit>()V> (0x00000000eab26b80) 
thrown [s\src\hotspot\share\prims\jni.cpp, line 1112]
Event: 23.252 Thread 0x000001f3a174b7a0 Exception <a 'java/lang/NoSuchMethodError'{0x00000000eab76518}: static Lorg/gradle/internal/build/event/types/DefaultOperationStartedProgressEvent;.<clinit>()V> (0x00000000eab76518) 
thrown [s\src\hotspot\share\prims\jni.cpp, line 1112]
Event: 23.254 Thread 0x000001f3a174b7a0 Exception <a 'java/lang/NoSuchMethodError'{0x00000000eabef650}: static Lorg/gradle/internal/build/event/types/DefaultOperationDescriptor;.<clinit>()V> (0x00000000eabef650) 
thrown [s\src\hotspot\share\prims\jni.cpp, line 1112]
Event: 23.255 Thread 0x000001f3a174b7a0 Exception <a 'java/lang/NoSuchMethodError'{0x00000000eac600a8}: static Lorg/gradle/internal/operations/OperationIdentifier;.<clinit>()V> (0x00000000eac600a8) 
thrown [s\src\hotspot\share\prims\jni.cpp, line 1112]
Event: 23.443 Thread 0x000001f3a174b7a0 Exception <a 'sun/net/ConnectionResetException'{0x00000000eb060c58}: Connection reset> (0x00000000eb060c58) 
thrown [s\src\hotspot\share\prims\jni.cpp, line 535]
Event: 23.463 Thread 0x000001f39be95580 Exception <a 'java/lang/ClassNotFoundException'{0x00000000eb06fd30}: sun/misc/SharedSecrets> (0x00000000eb06fd30) 
thrown [s\src\hotspot\share\classfile\systemDictionary.cpp, line 256]
Event: 23.464 Thread 0x000001f39be95580 Exception <a 'java/lang/NoSuchMethodError'{0x00000000eb152018}: 'void java.lang.invoke.DirectMethodHandle$Holder.invokeStatic(java.lang.Object, int, java.lang.Object)'> (0x00000000eb152018) 
thrown [s\src\hotspot\share\interpreter\linkResolver.cpp, line 759]
Event: 23.465 Thread 0x000001f39be95580 Exception <a 'java/lang/NoSuchMethodError'{0x00000000eb160848}: 'void java.lang.invoke.DirectMethodHandle$Holder.invokeSpecialIFC(java.lang.Object, java.lang.Object, java.lang.Object, java.lang.Object)'> (0x00000000eb160848) 
thrown [s\src\hotspot\share\interpreter\linkResolver.cpp, line 759]
Event: 24.370 Thread 0x000001f39be95a90 Implicit null exception at 0x000001f38d5babad to 0x000001f38d5bc7b4
Event: 24.371 Thread 0x000001f39be95a90 Implicit null exception at 0x000001f38d5be733 to 0x000001f38d5c146c

VM Operations (20 events):
Event: 25.344 Executing VM operation: ParallelGCFailedAllocation done
Event: 25.438 Executing VM operation: ParallelGCFailedAllocation
Event: 25.447 Executing VM operation: ParallelGCFailedAllocation done
Event: 25.538 Executing VM operation: ParallelGCFailedAllocation
Event: 25.544 Executing VM operation: ParallelGCFailedAllocation done
Event: 25.628 Executing VM operation: ParallelGCFailedAllocation
Event: 25.636 Executing VM operation: ParallelGCFailedAllocation done
Event: 25.705 Executing VM operation: ParallelGCFailedAllocation
Event: 25.712 Executing VM operation: ParallelGCFailedAllocation done
Event: 25.820 Executing VM operation: ParallelGCFailedAllocation
Event: 25.833 Executing VM operation: ParallelGCFailedAllocation done
Event: 25.909 Executing VM operation: ParallelGCFailedAllocation
Event: 25.920 Executing VM operation: ParallelGCFailedAllocation done
Event: 25.978 Executing VM operation: ParallelGCFailedAllocation
Event: 25.990 Executing VM operation: ParallelGCFailedAllocation done
Event: 26.073 Executing VM operation: ParallelGCFailedAllocation
Event: 26.083 Executing VM operation: ParallelGCFailedAllocation done
Event: 26.153 Executing VM operation: ParallelGCFailedAllocation
Event: 26.159 Executing VM operation: ParallelGCFailedAllocation done
Event: 26.226 Executing VM operation: ParallelGCFailedAllocation

Events (20 events):
Event: 23.499 Thread 0x000001f3aaac62f0 Thread added: 0x000001f3aaac62f0
Event: 23.520 Thread 0x000001f3a17466a0 Thread added: 0x000001f3a17466a0
Event: 23.522 Thread 0x000001f3a174b290 Thread added: 0x000001f3a174b290
Event: 23.527 Thread 0x000001f3aaacc290 Thread added: 0x000001f3aaacc290
Event: 23.544 Thread 0x000001f3a1744d50 Thread added: 0x000001f3a1744d50
Event: 23.614 Thread 0x000001f3a174ad80 Thread added: 0x000001f3a174ad80
Event: 23.618 Thread 0x000001f3a17470c0 Thread added: 0x000001f3a17470c0
Event: 23.619 Thread 0x000001f3a1745770 Thread added: 0x000001f3a1745770
Event: 23.619 Thread 0x000001f3a17470c0 Thread exited: 0x000001f3a17470c0
Event: 23.786 Thread 0x000001f3aaacc290 Thread exited: 0x000001f3aaacc290
Event: 23.974 Thread 0x000001f3aaac62f0 Thread exited: 0x000001f3aaac62f0
Event: 24.600 Thread 0x000001f3aaac8d70 Thread added: 0x000001f3aaac8d70
Event: 25.009 Thread 0x000001f3aaac8d70 Thread exited: 0x000001f3aaac8d70
Event: 25.047 Thread 0x000001f39bb955c0 flushing nmethod 0x000001f38d792b90
Event: 25.055 Thread 0x000001f39bb955c0 flushing nmethod 0x000001f386585410
Event: 25.411 Thread 0x000001f3a174ad80 Thread exited: 0x000001f3a174ad80
Event: 25.411 Thread 0x000001f3a1745770 Thread exited: 0x000001f3a1745770
Event: 25.492 Thread 0x000001f3a1747ae0 Thread added: 0x000001f3a1747ae0
Event: 25.492 Thread 0x000001f3a1748500 Thread added: 0x000001f3a1748500
Event: 25.492 Thread 0x000001f3a1747ae0 Thread exited: 0x000001f3a1747ae0


Dynamic libraries:
0x00007ff6037d0000 - 0x00007ff6037de000 	c:\Users\Admin\.vscode\extensions\redhat.java-1.35.1-win32-x64\jre\17.0.12-win32-x86_64\bin\java.exe
0x00007ff988a30000 - 0x00007ff988c47000 	C:\Windows\SYSTEM32\ntdll.dll
0x00007ff987ec0000 - 0x00007ff987f84000 	C:\Windows\System32\KERNEL32.DLL
0x00007ff985f60000 - 0x00007ff986317000 	C:\Windows\System32\KERNELBASE.dll
0x00007ff9865a0000 - 0x00007ff9866b1000 	C:\Windows\System32\ucrtbase.dll
0x00007ff965c60000 - 0x00007ff965c77000 	c:\Users\Admin\.vscode\extensions\redhat.java-1.35.1-win32-x64\jre\17.0.12-win32-x86_64\bin\jli.dll
0x00007ff9672a0000 - 0x00007ff9672bb000 	c:\Users\Admin\.vscode\extensions\redhat.java-1.35.1-win32-x64\jre\17.0.12-win32-x86_64\bin\VCRUNTIME140.dll
0x00007ff9880a0000 - 0x00007ff98824f000 	C:\Windows\System32\USER32.dll
0x00007ff9866c0000 - 0x00007ff9866e6000 	C:\Windows\System32\win32u.dll
0x00007ff986760000 - 0x00007ff986789000 	C:\Windows\System32\GDI32.dll
0x00007ff969090000 - 0x00007ff969323000 	C:\Windows\WinSxS\amd64_microsoft.windows.common-controls_6595b64144ccf1df_6.0.22621.3672_none_2713b9d173822955\COMCTL32.dll
0x00007ff986480000 - 0x00007ff986598000 	C:\Windows\System32\gdi32full.dll
0x00007ff987fd0000 - 0x00007ff988077000 	C:\Windows\System32\msvcrt.dll
0x00007ff986320000 - 0x00007ff9863ba000 	C:\Windows\System32\msvcp_win.dll
0x00007ff987f90000 - 0x00007ff987fc1000 	C:\Windows\System32\IMM32.DLL
0x00007ff97a190000 - 0x00007ff97a19c000 	c:\Users\Admin\.vscode\extensions\redhat.java-1.35.1-win32-x64\jre\17.0.12-win32-x86_64\bin\vcruntime140_1.dll
0x00007ff951dd0000 - 0x00007ff951e5d000 	c:\Users\Admin\.vscode\extensions\redhat.java-1.35.1-win32-x64\jre\17.0.12-win32-x86_64\bin\msvcp140.dll
0x00007ff91bc90000 - 0x00007ff91c8fa000 	c:\Users\Admin\.vscode\extensions\redhat.java-1.35.1-win32-x64\jre\17.0.12-win32-x86_64\bin\server\jvm.dll
0x00007ff988360000 - 0x00007ff988412000 	C:\Windows\System32\ADVAPI32.dll
0x00007ff988250000 - 0x00007ff9882f8000 	C:\Windows\System32\sechost.dll
0x00007ff985d40000 - 0x00007ff985d68000 	C:\Windows\System32\bcrypt.dll
0x00007ff986ef0000 - 0x00007ff987004000 	C:\Windows\System32\RPCRT4.dll
0x00007ff986ce0000 - 0x00007ff986d51000 	C:\Windows\System32\WS2_32.dll
0x00007ff985c10000 - 0x00007ff985c5d000 	C:\Windows\SYSTEM32\POWRPROF.dll
0x00007ff97e5c0000 - 0x00007ff97e5f4000 	C:\Windows\SYSTEM32\WINMM.dll
0x00007ff97a180000 - 0x00007ff97a18a000 	C:\Windows\SYSTEM32\VERSION.dll
0x00007ff985bf0000 - 0x00007ff985c03000 	C:\Windows\SYSTEM32\UMPDC.dll
0x00007ff984d50000 - 0x00007ff984d68000 	C:\Windows\SYSTEM32\kernel.appcore.dll
0x00007ff970bb0000 - 0x00007ff970bba000 	c:\Users\Admin\.vscode\extensions\redhat.java-1.35.1-win32-x64\jre\17.0.12-win32-x86_64\bin\jimage.dll
0x00007ff9793b0000 - 0x00007ff9795e2000 	C:\Windows\SYSTEM32\DBGHELP.DLL
0x00007ff986920000 - 0x00007ff986cae000 	C:\Windows\System32\combase.dll
0x00007ff988480000 - 0x00007ff988557000 	C:\Windows\System32\OLEAUT32.dll
0x00007ff971560000 - 0x00007ff971592000 	C:\Windows\SYSTEM32\dbgcore.DLL
0x00007ff985d70000 - 0x00007ff985deb000 	C:\Windows\System32\bcryptPrimitives.dll
0x00007ff961130000 - 0x00007ff96113e000 	c:\Users\Admin\.vscode\extensions\redhat.java-1.35.1-win32-x64\jre\17.0.12-win32-x86_64\bin\instrument.dll
0x00007ff95e330000 - 0x00007ff95e355000 	c:\Users\Admin\.vscode\extensions\redhat.java-1.35.1-win32-x64\jre\17.0.12-win32-x86_64\bin\java.dll
0x00007ff95eff0000 - 0x00007ff95f008000 	c:\Users\Admin\.vscode\extensions\redhat.java-1.35.1-win32-x64\jre\17.0.12-win32-x86_64\bin\zip.dll
0x00007ff987010000 - 0x00007ff987879000 	C:\Windows\System32\SHELL32.dll
0x00007ff983c60000 - 0x00007ff98455f000 	C:\Windows\SYSTEM32\windows.storage.dll
0x00007ff983b20000 - 0x00007ff983c5f000 	C:\Windows\SYSTEM32\wintypes.dll
0x00007ff986820000 - 0x00007ff986919000 	C:\Windows\System32\SHCORE.dll
0x00007ff988420000 - 0x00007ff98847e000 	C:\Windows\System32\shlwapi.dll
0x00007ff985c70000 - 0x00007ff985c97000 	C:\Windows\SYSTEM32\profapi.dll
0x00007ff95ec60000 - 0x00007ff95ec79000 	C:\Users\Admin\.vscode\extensions\redhat.java-1.35.1-win32-x64\jre\17.0.12-win32-x86_64\bin\net.dll
0x00007ff97e980000 - 0x00007ff97eab6000 	C:\Windows\SYSTEM32\WINHTTP.dll
0x00007ff9851b0000 - 0x00007ff985219000 	C:\Windows\system32\mswsock.dll
0x00007ff95e8a0000 - 0x00007ff95e8b6000 	C:\Users\Admin\.vscode\extensions\redhat.java-1.35.1-win32-x64\jre\17.0.12-win32-x86_64\bin\nio.dll
0x00007ff95e8f0000 - 0x00007ff95e900000 	c:\Users\Admin\.vscode\extensions\redhat.java-1.35.1-win32-x64\jre\17.0.12-win32-x86_64\bin\verify.dll
0x00007ff950b30000 - 0x00007ff950b75000 	C:\Users\Admin\AppData\Roaming\Code\User\globalStorage\redhat.java\1.35.1\config_win\org.eclipse.equinox.launcher\org.eclipse.equinox.launcher.win32.win32.x86_64_1.2.1100.v20240722-2106\eclipse_11904.dll
0x00007ff988830000 - 0x00007ff9889d5000 	C:\Windows\System32\ole32.dll
0x00007ff985500000 - 0x00007ff98551b000 	C:\Windows\SYSTEM32\CRYPTSP.dll
0x00007ff984cb0000 - 0x00007ff984ce5000 	C:\Windows\system32\rsaenh.dll
0x00007ff985250000 - 0x00007ff985278000 	C:\Windows\SYSTEM32\USERENV.dll
0x00007ff9854e0000 - 0x00007ff9854ec000 	C:\Windows\SYSTEM32\CRYPTBASE.dll
0x00007ff984800000 - 0x00007ff98482d000 	C:\Windows\SYSTEM32\IPHLPAPI.DLL
0x00007ff986810000 - 0x00007ff986819000 	C:\Windows\System32\NSI.dll
0x00007ff97e610000 - 0x00007ff97e629000 	C:\Windows\SYSTEM32\dhcpcsvc6.DLL
0x00007ff97e5a0000 - 0x00007ff97e5bf000 	C:\Windows\SYSTEM32\dhcpcsvc.DLL
0x00007ff984830000 - 0x00007ff984932000 	C:\Windows\SYSTEM32\DNSAPI.dll
0x00007ff948590000 - 0x00007ff9485d9000 	C:\Users\Admin\AppData\Local\Temp\jna-63116079\jna1892535092449242896.dll
0x00007ff987e60000 - 0x00007ff987e68000 	C:\Windows\System32\PSAPI.DLL
0x00007ff981ef0000 - 0x00007ff981f17000 	C:\Users\Admin\.gradle\native\c067742578af261105cb4f569cf0c3c89f3d7b1fecec35dd04571415982c5e48\windows-amd64\native-platform.dll
0x00007ff96ddd0000 - 0x00007ff96ddd9000 	C:\Users\Admin\.vscode\extensions\redhat.java-1.35.1-win32-x64\jre\17.0.12-win32-x86_64\bin\management.dll
0x00007ff96dd70000 - 0x00007ff96dd7b000 	C:\Users\Admin\.vscode\extensions\redhat.java-1.35.1-win32-x64\jre\17.0.12-win32-x86_64\bin\management_ext.dll
0x00007ff9650e0000 - 0x00007ff9650e9000 	C:\Users\Admin\.vscode\extensions\redhat.java-1.35.1-win32-x64\jre\17.0.12-win32-x86_64\bin\extnet.dll
0x00007ff966420000 - 0x00007ff96642e000 	C:\Users\Admin\.vscode\extensions\redhat.java-1.35.1-win32-x64\jre\17.0.12-win32-x86_64\bin\sunmscapi.dll
0x00007ff985df0000 - 0x00007ff985f56000 	C:\Windows\System32\CRYPT32.dll
0x00007ff9855a0000 - 0x00007ff9855cd000 	C:\Windows\SYSTEM32\ncrypt.dll
0x00007ff985550000 - 0x00007ff985587000 	C:\Windows\SYSTEM32\NTASN1.dll
0x00007ff955960000 - 0x00007ff955968000 	C:\Windows\system32\wshunix.dll

dbghelp: loaded successfully - version: 4.0.5 - missing functions: none
symbol engine: initialized successfully - sym options: 0x614 - pdb path: .;c:\Users\Admin\.vscode\extensions\redhat.java-1.35.1-win32-x64\jre\17.0.12-win32-x86_64\bin;C:\Windows\SYSTEM32;C:\Windows\WinSxS\amd64_microsoft.windows.common-controls_6595b64144ccf1df_6.0.22621.3672_none_2713b9d173822955;c:\Users\Admin\.vscode\extensions\redhat.java-1.35.1-win32-x64\jre\17.0.12-win32-x86_64\bin\server;C:\Users\Admin\AppData\Roaming\Code\User\globalStorage\redhat.java\1.35.1\config_win\org.eclipse.equinox.launcher\org.eclipse.equinox.launcher.win32.win32.x86_64_1.2.1100.v20240722-2106;C:\Users\Admin\AppData\Local\Temp\jna-63116079;C:\Users\Admin\.gradle\native\c067742578af261105cb4f569cf0c3c89f3d7b1fecec35dd04571415982c5e48\windows-amd64

VM Arguments:
jvm_args: --add-modules=ALL-SYSTEM --add-opens=java.base/java.util=ALL-UNNAMED --add-opens=java.base/java.lang=ALL-UNNAMED --add-opens=java.base/sun.nio.fs=ALL-UNNAMED -Declipse.application=org.eclipse.jdt.ls.core.id1 -Dosgi.bundles.defaultStartLevel=4 -Declipse.product=org.eclipse.jdt.ls.core.product -Djava.import.generatesMetadataFilesAtProjectRoot=false -DDetectVMInstallationsJob.disabled=true -Dfile.encoding=utf8 -XX:+UseParallelGC -XX:GCTimeRatio=4 -XX:AdaptiveSizePolicyWeight=90 -Dsun.zip.disableMemoryMapping=true -Xmx1G -Xms100m -Xlog:disable -javaagent:c:\Users\Admin\.vscode\extensions\redhat.java-1.35.1-win32-x64\lombok\lombok-1.18.33.jar -XX:+HeapDumpOnOutOfMemoryError -XX:HeapDumpPath=c:\Users\Admin\AppData\Roaming\Code\User\workspaceStorage\c947ea4c57f221a37de719cc15a61aff\redhat.java -Daether.dependencyCollector.impl=bf 
java_command: c:\Users\Admin\.vscode\extensions\redhat.java-1.35.1-win32-x64\server\plugins\org.eclipse.equinox.launcher_1.6.900.v20240613-2009.jar -configuration c:\Users\Admin\AppData\Roaming\Code\User\globalStorage\redhat.java\1.35.1\config_win -data c:\Users\Admin\AppData\Roaming\Code\User\workspaceStorage\c947ea4c57f221a37de719cc15a61aff\redhat.java\jdt_ws --pipe=\\.\pipe\lsp-7ba3567d3d61805a9d8218bda9c1890b-sock
java_class_path (initial): c:\Users\Admin\.vscode\extensions\redhat.java-1.35.1-win32-x64\server\plugins\org.eclipse.equinox.launcher_1.6.900.v20240613-2009.jar
Launcher Type: SUN_STANDARD

[Global flags]
    uintx AdaptiveSizePolicyWeight                 = 90                                        {product} {command line}
     intx CICompilerCount                          = 4                                         {product} {ergonomic}
    uintx GCTimeRatio                              = 4                                         {product} {command line}
     bool HeapDumpOnOutOfMemoryError               = true                                   {manageable} {command line}
    ccstr HeapDumpPath                             = c:\Users\Admin\AppData\Roaming\Code\User\workspaceStorage\c947ea4c57f221a37de719cc15a61aff\redhat.java         {manageable} {command line}
   size_t InitialHeapSize                          = 104857600                                 {product} {command line}
   size_t MaxHeapSize                              = 1073741824                                {product} {command line}
   size_t MaxNewSize                               = 357564416                                 {product} {ergonomic}
   size_t MinHeapDeltaBytes                        = 524288                                    {product} {ergonomic}
   size_t MinHeapSize                              = 104857600                                 {product} {command line}
   size_t NewSize                                  = 34603008                                  {product} {ergonomic}
    uintx NonNMethodCodeHeapSize                   = 5839372                                {pd product} {ergonomic}
    uintx NonProfiledCodeHeapSize                  = 122909434                              {pd product} {ergonomic}
   size_t OldSize                                  = 70254592                                  {product} {ergonomic}
    uintx ProfiledCodeHeapSize                     = 122909434                              {pd product} {ergonomic}
    uintx ReservedCodeCacheSize                    = 251658240                              {pd product} {ergonomic}
     bool SegmentedCodeCache                       = true                                      {product} {ergonomic}
   size_t SoftMaxHeapSize                          = 1073741824                             {manageable} {ergonomic}
     bool UseCompressedClassPointers               = true                           {product lp64_product} {ergonomic}
     bool UseCompressedOops                        = true                           {product lp64_product} {ergonomic}
     bool UseLargePagesIndividualAllocation        = false                                  {pd product} {ergonomic}
     bool UseParallelGC                            = true                                      {product} {command line}

Logging:
Log output configuration:
 #0: stdout all=off uptime,level,tags
 #1: stderr all=off uptime,level,tags

Environment Variables:
JAVA_HOME=C:\Program Files\Microsoft\jdk-17.0.12.7-hotspot
PATH=C:\Android\emulator;C:\Program Files\Microsoft\jdk-17.0.12.7-hotspot\bin;C:\Android\cmdline-tools\latest\bin;C:\Android\platform-tools;C:\Windows\system32;C:\Windows;C:\Windows\System32\Wbem;C:\Windows\System32\WindowsPowerShell\v1.0\;C:\Windows\System32\OpenSSH\;C:\Users\Admin\AppData\Local\Microsoft\WindowsApps;C:\Users\Admin\AppData\Local\spicetify;C:\adb;C:\Program Files\dotnet\;C:\ProgramData\chocolatey\bin;C:\Program Files\GitHub CLI\;C:\ffmpeg\bin\;C:\Program Files (x86)\cloudflared\;C:\Program Files\Git\cmd;%ANDROID_HOME%\tools;%ANDROID_HOME%\tools\bin;%ANDROID_HOME%\platform-tools;C:\Users\Admin\miniconda3;C:\Users\Admin\miniconda3\Library\mingw-w64\bin;C:\Users\Admin\miniconda3\Library\usr\bin;C:\Users\Admin\miniconda3\Library\bin;C:\Users\Admin\miniconda3\Scripts;C:\Users\Admin\AppData\Local\Programs\Python\Python312\Scripts\;C:\Users\Admin\AppData\Local\Programs\Python\Python312\;C:\Users\Admin\AppData\Local\Microsoft\WinGet\Links;C:\tools\dart-sdk\bin;C:\Users\Admin\AppData\Local\Pub\Cache\bin;C:;%ANDROID_HOME%\emulator;C:\Program Files\Microsoft\jdk-17.0.12.7-hotspot\bin;%FLUTTER_HOME%\bin;C:\Program Files\Microsoft\jdk-17.0.12.7-hotspot\bin\;C:\Windows\system32;C:\Windows;C:\Windows\System32\Wbem;C:\Windows\System32\WindowsPowerShell\v1.0\;C:\Windows\System32\OpenSSH\;C:\Users\Admin\AppData\Local\Microsoft\WindowsApps;C:\Users\Admin\AppData\Local\spicetify;C:\adb;C:\Program Files\dotnet\;C:\ProgramData\chocolatey\bin;C:\Program Files\GitHub CLI\;C:\ffmpeg\bin\;C:\Program Files (x86)\cloudflared\;C:\Program Files\Git\cmd;%ANDROID_HOME%\tools;%ANDROID_HOME%\tools\bin;%ANDROID_HOME%\platform-tools;C:\Users\Admin\miniconda3;C:\Users\Admin\miniconda3\Library\mingw-w64\bin;C:\Users\Admin\miniconda3\Library\usr\bin;C:\Users\Admin\miniconda3\Library\bin;C:\Users\Admin\miniconda3\Scripts;C:\Users\Admin\AppData\Local\Programs\Python\Python312\Scripts\;C:\Users\Admin\AppData\Local\Programs\Python\Python312\;C:\Users\Admin\AppData\Local\Microsoft\WinGet\Links;C
USERNAME=Admin
OS=Windows_NT
PROCESSOR_IDENTIFIER=AMD64 Family 23 Model 96 Stepping 1, AuthenticAMD
TMP=C:\Users\Admin\AppData\Local\Temp
TEMP=C:\Users\Admin\AppData\Local\Temp



Periodic native trim disabled


---------------  S Y S T E M  ---------------

OS:
 Windows 11 , 64 bit Build 22621 (10.0.22621.3958)
OS uptime: 0 days 1:18 hours
Hyper-V role detected

CPU: total 12 (initial active 12) (12 cores per cpu, 2 threads per core) family 23 model 96 stepping 1 microcode 0x0, cx8, cmov, fxsr, ht, mmx, 3dnowpref, sse, sse2, sse3, ssse3, sse4a, sse4.1, sse4.2, popcnt, lzcnt, tsc, tscinvbit, avx, avx2, aes, clmul, bmi1, bmi2, adx, sha, fma, vzeroupper, clflush, clflushopt, hv
Processor Information for all 12 processors :
  Max Mhz: 3701, Current Mhz: 3701, Mhz Limit: 3701

Memory: 4k page, system-wide physical 15761M (1858M free)
TotalPageFile size 19761M (AvailPageFile size 3M)
current process WorkingSet (physical memory assigned to process): 646M, peak: 662M
current process commit charge ("private bytes"): 579M, peak: 594M

vm_info: OpenJDK 64-Bit Server VM (17.0.12+7) for windows-amd64 JRE (17.0.12+7), built on Jul 16 2024 22:08:24 by "admin" with MS VC++ 16.10 / 16.11 (VS2019)

END.
