#
# There is insufficient memory for the Java Runtime Environment to continue.
# Native memory allocation (malloc) failed to allocate 989488 bytes. Error detail: Chunk::new
# Possible reasons:
#   The system is out of physical RAM or swap space
#   This process is running with CompressedOops enabled, and the Java Heap may be blocking the growth of the native heap
# Possible solutions:
#   Reduce memory load on the system
#   Increase physical memory or swap space
#   Check if swap backing store is full
#   Decrease Java heap size (-Xmx/-Xms)
#   Decrease number of Java threads
#   Decrease Java thread stack sizes (-Xss)
#   Set larger code cache with -XX:ReservedCodeCacheSize=
#   JVM is running with Zero Based Compressed Oops mode in which the Java heap is
#     placed in the first 32GB address space. The Java Heap base address is the
#     maximum limit for the native heap growth. Please use -XX:HeapBaseMinAddress
#     to set the Java Heap base and to place the Java Heap above 32GB virtual address.
# This output file may be truncated or incomplete.
#
#  Out of Memory Error (arena.cpp:191), pid=20836, tid=20996
#
# JRE version: OpenJDK Runtime Environment Microsoft-9889599 (17.0.12+7) (build 17.0.12+7-LTS)
# Java VM: OpenJDK 64-Bit Server VM Microsoft-9889599 (17.0.12+7-LTS, mixed mode, sharing, tiered, compressed oops, compressed class ptrs, g1 gc, windows-amd64)
# No core dump will be written. Minidumps are not enabled by default on client versions of Windows
#

---------------  S U M M A R Y ------------

Command Line: --add-opens=java.base/java.util=ALL-UNNAMED --add-opens=java.base/java.lang=ALL-UNNAMED --add-opens=java.base/java.lang.invoke=ALL-UNNAMED --add-opens=java.prefs/java.util.prefs=ALL-UNNAMED --add-opens=java.base/java.nio.charset=ALL-UNNAMED --add-opens=java.base/java.net=ALL-UNNAMED --add-opens=java.base/java.util.concurrent.atomic=ALL-UNNAMED -Xmx4G -Dfile.encoding=windows-1252 -Duser.country=US -Duser.language=en -Duser.variant -javaagent:C:\Users\Admin\.gradle\wrapper\dists\gradle-8.1-all\20ex0cxcummvwpmavmhfg81jg\gradle-8.1\lib\agents\gradle-instrumentation-agent-8.1.jar org.gradle.launcher.daemon.bootstrap.GradleDaemon 8.1

Host: AMD Ryzen 5 4600G with Radeon Graphics, 12 cores, 15G,  Windows 11 , 64 bit Build 22621 (10.0.22621.4391)
Time: Sat Nov  2 12:46:52 2024 China Standard Time elapsed time: 2.414909 seconds (0d 0h 0m 2s)

---------------  T H R E A D  ---------------

Current thread (0x0000025dbf87a230):  JavaThread "C2 CompilerThread0" daemon [_thread_in_native, id=20996, stack(0x00000069af200000,0x00000069af300000)]


Current CompileTask:
C2:   2416 2208   !   4       java.lang.ClassLoader::loadClass (121 bytes)

Stack: [0x00000069af200000,0x00000069af300000]
Native frames: (J=compiled Java code, j=interpreted, Vv=VM code, C=native code)
V  [jvm.dll+0x686d99]
V  [jvm.dll+0x83daf8]
V  [jvm.dll+0x83f5a3]
V  [jvm.dll+0x83fc13]
V  [jvm.dll+0x2492ef]
V  [jvm.dll+0xad0a4]
V  [jvm.dll+0xad73c]
V  [jvm.dll+0x36a44e]
V  [jvm.dll+0x1bcc72]
V  [jvm.dll+0x21a6ac]
V  [jvm.dll+0x21996f]
V  [jvm.dll+0x1a53e6]
V  [jvm.dll+0x229faa]
V  [jvm.dll+0x2280fb]
V  [jvm.dll+0x7f3508]
V  [jvm.dll+0x7ed87c]
V  [jvm.dll+0x685c77]
C  [ucrtbase.dll+0x29333]
C  [KERNEL32.DLL+0x1259d]
C  [ntdll.dll+0x5af38]


---------------  P R O C E S S  ---------------

Threads class SMR info:
_java_thread_list=0x0000025e071f68c0, length=25, elements={
0x0000025d9c57f920, 0x0000025dbf831870, 0x0000025dbf8326f0, 0x0000025dbf84bff0,
0x0000025dbf84f8e0, 0x0000025dbf8502a0, 0x0000025dbf851470, 0x0000025dbf87a230,
0x0000025dbf87e130, 0x0000025dbfb26fe0, 0x0000025dbf81e6d0, 0x0000025dbfd16030,
0x0000025e061b8ee0, 0x0000025e0662b410, 0x0000025e06aae020, 0x0000025e06573460,
0x0000025e06b57190, 0x0000025e06779be0, 0x0000025e06955020, 0x0000025e06aab4a0,
0x0000025e06aad300, 0x0000025e06aaa570, 0x0000025e06aab9b0, 0x0000025e06aac8e0,
0x0000025e06aaa060
}

Java Threads: ( => current thread )
  0x0000025d9c57f920 JavaThread "main" [_thread_blocked, id=20892, stack(0x00000069ae500000,0x00000069ae600000)]
  0x0000025dbf831870 JavaThread "Reference Handler" daemon [_thread_blocked, id=20972, stack(0x00000069aec00000,0x00000069aed00000)]
  0x0000025dbf8326f0 JavaThread "Finalizer" daemon [_thread_blocked, id=20976, stack(0x00000069aed00000,0x00000069aee00000)]
  0x0000025dbf84bff0 JavaThread "Signal Dispatcher" daemon [_thread_blocked, id=20980, stack(0x00000069aee00000,0x00000069aef00000)]
  0x0000025dbf84f8e0 JavaThread "Attach Listener" daemon [_thread_blocked, id=20984, stack(0x00000069aef00000,0x00000069af000000)]
  0x0000025dbf8502a0 JavaThread "Service Thread" daemon [_thread_blocked, id=20988, stack(0x00000069af000000,0x00000069af100000)]
  0x0000025dbf851470 JavaThread "Monitor Deflation Thread" daemon [_thread_blocked, id=20992, stack(0x00000069af100000,0x00000069af200000)]
=>0x0000025dbf87a230 JavaThread "C2 CompilerThread0" daemon [_thread_in_native, id=20996, stack(0x00000069af200000,0x00000069af300000)]
  0x0000025dbf87e130 JavaThread "C1 CompilerThread0" daemon [_thread_blocked, id=21000, stack(0x00000069af300000,0x00000069af400000)]
  0x0000025dbfb26fe0 JavaThread "Sweeper thread" daemon [_thread_blocked, id=21004, stack(0x00000069af400000,0x00000069af500000)]
  0x0000025dbf81e6d0 JavaThread "Common-Cleaner" daemon [_thread_blocked, id=21008, stack(0x00000069af500000,0x00000069af600000)]
  0x0000025dbfd16030 JavaThread "Notification Thread" daemon [_thread_blocked, id=21012, stack(0x00000069af600000,0x00000069af700000)]
  0x0000025e061b8ee0 JavaThread "Daemon health stats" [_thread_blocked, id=21064, stack(0x00000069afd00000,0x00000069afe00000)]
  0x0000025e0662b410 JavaThread "Incoming local TCP Connector on port 53972" [_thread_in_native, id=21196, stack(0x00000069afe00000,0x00000069aff00000)]
  0x0000025e06aae020 JavaThread "Daemon periodic checks" [_thread_blocked, id=21204, stack(0x00000069aff00000,0x00000069b0000000)]
  0x0000025e06573460 JavaThread "Daemon" [_thread_blocked, id=21228, stack(0x00000069b0000000,0x00000069b0100000)]
  0x0000025e06b57190 JavaThread "Handler for socket connection from /127.0.0.1:53972 to /127.0.0.1:53973" [_thread_in_native, id=21232, stack(0x00000069b0100000,0x00000069b0200000)]
  0x0000025e06779be0 JavaThread "Cancel handler" [_thread_blocked, id=21236, stack(0x00000069b0200000,0x00000069b0300000)]
  0x0000025e06955020 JavaThread "Daemon worker" [_thread_in_native, id=21240, stack(0x00000069b0300000,0x00000069b0400000)]
  0x0000025e06aab4a0 JavaThread "Asynchronous log dispatcher for DefaultDaemonConnection: socket connection from /127.0.0.1:53972 to /127.0.0.1:53973" [_thread_blocked, id=21252, stack(0x00000069b0400000,0x00000069b0500000)]
  0x0000025e06aad300 JavaThread "Stdin handler" [_thread_blocked, id=21256, stack(0x00000069b0500000,0x00000069b0600000)]
  0x0000025e06aaa570 JavaThread "Daemon client event forwarder" [_thread_blocked, id=21260, stack(0x00000069b0600000,0x00000069b0700000)]
  0x0000025e06aab9b0 JavaThread "Cache worker for journal cache (C:\Users\Admin\.gradle\caches\journal-1)" [_thread_blocked, id=21268, stack(0x00000069af800000,0x00000069af900000)]
  0x0000025e06aac8e0 JavaThread "File lock request listener" [_thread_in_native, id=21272, stack(0x00000069b0700000,0x00000069b0800000)]
  0x0000025e06aaa060 JavaThread "Cache worker for file hash cache (C:\Users\Admin\.gradle\caches\8.1\fileHashes)" [_thread_blocked, id=21280, stack(0x00000069b0800000,0x00000069b0900000)]

Other Threads:
  0x0000025dbf82c1a0 VMThread "VM Thread" [stack: 0x00000069aeb00000,0x00000069aec00000] [id=20968]
  0x0000025dbfd117f0 WatcherThread [stack: 0x00000069af700000,0x00000069af800000] [id=21016]
  0x0000025d9c5ed570 GCTaskThread "GC Thread#0" [stack: 0x00000069ae600000,0x00000069ae700000] [id=20916]
  0x0000025e05860fa0 GCTaskThread "GC Thread#1" [stack: 0x00000069af900000,0x00000069afa00000] [id=21024]
  0x0000025dbfdf9100 GCTaskThread "GC Thread#2" [stack: 0x00000069afa00000,0x00000069afb00000] [id=21028]
  0x0000025e0588c840 GCTaskThread "GC Thread#3" [stack: 0x00000069afb00000,0x00000069afc00000] [id=21032]
  0x0000025e057dbeb0 GCTaskThread "GC Thread#4" [stack: 0x00000069afc00000,0x00000069afd00000] [id=21036]
  0x0000025d9c5fe4c0 ConcurrentGCThread "G1 Main Marker" [stack: 0x00000069ae700000,0x00000069ae800000] [id=20924]
  0x0000025d9c5ff680 ConcurrentGCThread "G1 Conc#0" [stack: 0x00000069ae800000,0x00000069ae900000] [id=20928]
  0x0000025d9c62e2a0 ConcurrentGCThread "G1 Refine#0" [stack: 0x00000069ae900000,0x00000069aea00000] [id=20936]
  0x0000025dbf76d070 ConcurrentGCThread "G1 Service" [stack: 0x00000069aea00000,0x00000069aeb00000] [id=20940]

Threads with active compile tasks:
C2 CompilerThread0     2469 2208   !   4       java.lang.ClassLoader::loadClass (121 bytes)

VM state: not at safepoint (normal execution)

VM Mutex/Monitor currently owned by a thread: None

Heap address: 0x0000000700000000, size: 4096 MB, Compressed Oops mode: Zero based, Oop shift amount: 3

CDS archive(s) mapped at: [0x0000025dc0000000-0x0000025dc0bb0000-0x0000025dc0bb0000), size 12255232, SharedBaseAddress: 0x0000025dc0000000, ArchiveRelocationMode: 1.
Compressed class space mapped at: 0x0000025dc1000000-0x0000025e01000000, reserved size: 1073741824
Narrow klass base: 0x0000025dc0000000, Narrow klass shift: 0, Narrow klass range: 0x100000000

GC Precious Log:
 CPUs: 12 total, 12 available
 Memory: 15761M
 Large Page Support: Disabled
 NUMA Support: Disabled
 Compressed Oops: Enabled (Zero based)
 Heap Region Size: 2M
 Heap Min Capacity: 8M
 Heap Initial Capacity: 248M
 Heap Max Capacity: 4G
 Pre-touch: Disabled
 Parallel Workers: 10
 Concurrent Workers: 3
 Concurrent Refinement Workers: 10
 Periodic GC: Disabled

Heap:
 garbage-first heap   total 253952K, used 87222K [0x0000000700000000, 0x0000000800000000)
  region size 2048K, 39 young (79872K), 1 survivors (2048K)
 Metaspace       used 15546K, committed 15808K, reserved 1114112K
  class space    used 2212K, committed 2304K, reserved 1048576K

Heap Regions: E=young(eden), S=young(survivor), O=old, HS=humongous(starts), HC=humongous(continues), CS=collection set, F=free, OA=open archive, CA=closed archive, TAMS=top-at-mark-start (previous, next)
|   0|0x0000000700000000, 0x0000000700200000, 0x0000000700200000|100%|HS|  |TAMS 0x0000000700000000, 0x0000000700000000| Complete 
|   1|0x0000000700200000, 0x0000000700400000, 0x0000000700400000|100%|HC|  |TAMS 0x0000000700200000, 0x0000000700200000| Complete 
|   2|0x0000000700400000, 0x0000000700600000, 0x0000000700600000|100%| O|  |TAMS 0x0000000700400000, 0x0000000700400000| Untracked 
|   3|0x0000000700600000, 0x0000000700800000, 0x0000000700800000|100%| O|  |TAMS 0x0000000700600000, 0x0000000700600000| Untracked 
|   4|0x0000000700800000, 0x00000007009d5000, 0x0000000700a00000| 91%| O|  |TAMS 0x0000000700800000, 0x0000000700800000| Untracked 
|   5|0x0000000700a00000, 0x0000000700a00000, 0x0000000700c00000|  0%| F|  |TAMS 0x0000000700a00000, 0x0000000700a00000| Untracked 
|   6|0x0000000700c00000, 0x0000000700c00000, 0x0000000700e00000|  0%| F|  |TAMS 0x0000000700c00000, 0x0000000700c00000| Untracked 
|   7|0x0000000700e00000, 0x0000000700e00000, 0x0000000701000000|  0%| F|  |TAMS 0x0000000700e00000, 0x0000000700e00000| Untracked 
|   8|0x0000000701000000, 0x0000000701000000, 0x0000000701200000|  0%| F|  |TAMS 0x0000000701000000, 0x0000000701000000| Untracked 
|   9|0x0000000701200000, 0x0000000701200000, 0x0000000701400000|  0%| F|  |TAMS 0x0000000701200000, 0x0000000701200000| Untracked 
|  10|0x0000000701400000, 0x0000000701400000, 0x0000000701600000|  0%| F|  |TAMS 0x0000000701400000, 0x0000000701400000| Untracked 
|  11|0x0000000701600000, 0x0000000701600000, 0x0000000701800000|  0%| F|  |TAMS 0x0000000701600000, 0x0000000701600000| Untracked 
|  12|0x0000000701800000, 0x0000000701800000, 0x0000000701a00000|  0%| F|  |TAMS 0x0000000701800000, 0x0000000701800000| Untracked 
|  13|0x0000000701a00000, 0x0000000701a00000, 0x0000000701c00000|  0%| F|  |TAMS 0x0000000701a00000, 0x0000000701a00000| Untracked 
|  14|0x0000000701c00000, 0x0000000701c00000, 0x0000000701e00000|  0%| F|  |TAMS 0x0000000701c00000, 0x0000000701c00000| Untracked 
|  15|0x0000000701e00000, 0x0000000701e00000, 0x0000000702000000|  0%| F|  |TAMS 0x0000000701e00000, 0x0000000701e00000| Untracked 
|  16|0x0000000702000000, 0x0000000702000000, 0x0000000702200000|  0%| F|  |TAMS 0x0000000702000000, 0x0000000702000000| Untracked 
|  17|0x0000000702200000, 0x0000000702200000, 0x0000000702400000|  0%| F|  |TAMS 0x0000000702200000, 0x0000000702200000| Untracked 
|  18|0x0000000702400000, 0x0000000702400000, 0x0000000702600000|  0%| F|  |TAMS 0x0000000702400000, 0x0000000702400000| Untracked 
|  19|0x0000000702600000, 0x0000000702600000, 0x0000000702800000|  0%| F|  |TAMS 0x0000000702600000, 0x0000000702600000| Untracked 
|  20|0x0000000702800000, 0x0000000702800000, 0x0000000702a00000|  0%| F|  |TAMS 0x0000000702800000, 0x0000000702800000| Untracked 
|  21|0x0000000702a00000, 0x0000000702a00000, 0x0000000702c00000|  0%| F|  |TAMS 0x0000000702a00000, 0x0000000702a00000| Untracked 
|  22|0x0000000702c00000, 0x0000000702c00000, 0x0000000702e00000|  0%| F|  |TAMS 0x0000000702c00000, 0x0000000702c00000| Untracked 
|  23|0x0000000702e00000, 0x0000000702e00000, 0x0000000703000000|  0%| F|  |TAMS 0x0000000702e00000, 0x0000000702e00000| Untracked 
|  24|0x0000000703000000, 0x0000000703000000, 0x0000000703200000|  0%| F|  |TAMS 0x0000000703000000, 0x0000000703000000| Untracked 
|  25|0x0000000703200000, 0x0000000703200000, 0x0000000703400000|  0%| F|  |TAMS 0x0000000703200000, 0x0000000703200000| Untracked 
|  26|0x0000000703400000, 0x0000000703400000, 0x0000000703600000|  0%| F|  |TAMS 0x0000000703400000, 0x0000000703400000| Untracked 
|  27|0x0000000703600000, 0x0000000703600000, 0x0000000703800000|  0%| F|  |TAMS 0x0000000703600000, 0x0000000703600000| Untracked 
|  28|0x0000000703800000, 0x0000000703800000, 0x0000000703a00000|  0%| F|  |TAMS 0x0000000703800000, 0x0000000703800000| Untracked 
|  29|0x0000000703a00000, 0x0000000703a00000, 0x0000000703c00000|  0%| F|  |TAMS 0x0000000703a00000, 0x0000000703a00000| Untracked 
|  30|0x0000000703c00000, 0x0000000703c00000, 0x0000000703e00000|  0%| F|  |TAMS 0x0000000703c00000, 0x0000000703c00000| Untracked 
|  31|0x0000000703e00000, 0x0000000703e00000, 0x0000000704000000|  0%| F|  |TAMS 0x0000000703e00000, 0x0000000703e00000| Untracked 
|  32|0x0000000704000000, 0x0000000704000000, 0x0000000704200000|  0%| F|  |TAMS 0x0000000704000000, 0x0000000704000000| Untracked 
|  33|0x0000000704200000, 0x0000000704200000, 0x0000000704400000|  0%| F|  |TAMS 0x0000000704200000, 0x0000000704200000| Untracked 
|  34|0x0000000704400000, 0x0000000704400000, 0x0000000704600000|  0%| F|  |TAMS 0x0000000704400000, 0x0000000704400000| Untracked 
|  35|0x0000000704600000, 0x0000000704600000, 0x0000000704800000|  0%| F|  |TAMS 0x0000000704600000, 0x0000000704600000| Untracked 
|  36|0x0000000704800000, 0x0000000704800000, 0x0000000704a00000|  0%| F|  |TAMS 0x0000000704800000, 0x0000000704800000| Untracked 
|  37|0x0000000704a00000, 0x0000000704a00000, 0x0000000704c00000|  0%| F|  |TAMS 0x0000000704a00000, 0x0000000704a00000| Untracked 
|  38|0x0000000704c00000, 0x0000000704c00000, 0x0000000704e00000|  0%| F|  |TAMS 0x0000000704c00000, 0x0000000704c00000| Untracked 
|  39|0x0000000704e00000, 0x0000000704e00000, 0x0000000705000000|  0%| F|  |TAMS 0x0000000704e00000, 0x0000000704e00000| Untracked 
|  40|0x0000000705000000, 0x0000000705000000, 0x0000000705200000|  0%| F|  |TAMS 0x0000000705000000, 0x0000000705000000| Untracked 
|  41|0x0000000705200000, 0x0000000705200000, 0x0000000705400000|  0%| F|  |TAMS 0x0000000705200000, 0x0000000705200000| Untracked 
|  42|0x0000000705400000, 0x0000000705400000, 0x0000000705600000|  0%| F|  |TAMS 0x0000000705400000, 0x0000000705400000| Untracked 
|  43|0x0000000705600000, 0x0000000705600000, 0x0000000705800000|  0%| F|  |TAMS 0x0000000705600000, 0x0000000705600000| Untracked 
|  44|0x0000000705800000, 0x0000000705800000, 0x0000000705a00000|  0%| F|  |TAMS 0x0000000705800000, 0x0000000705800000| Untracked 
|  45|0x0000000705a00000, 0x0000000705a00000, 0x0000000705c00000|  0%| F|  |TAMS 0x0000000705a00000, 0x0000000705a00000| Untracked 
|  46|0x0000000705c00000, 0x0000000705c00000, 0x0000000705e00000|  0%| F|  |TAMS 0x0000000705c00000, 0x0000000705c00000| Untracked 
|  47|0x0000000705e00000, 0x0000000705e00000, 0x0000000706000000|  0%| F|  |TAMS 0x0000000705e00000, 0x0000000705e00000| Untracked 
|  48|0x0000000706000000, 0x0000000706000000, 0x0000000706200000|  0%| F|  |TAMS 0x0000000706000000, 0x0000000706000000| Untracked 
|  49|0x0000000706200000, 0x0000000706200000, 0x0000000706400000|  0%| F|  |TAMS 0x0000000706200000, 0x0000000706200000| Untracked 
|  50|0x0000000706400000, 0x0000000706400000, 0x0000000706600000|  0%| F|  |TAMS 0x0000000706400000, 0x0000000706400000| Untracked 
|  51|0x0000000706600000, 0x0000000706600000, 0x0000000706800000|  0%| F|  |TAMS 0x0000000706600000, 0x0000000706600000| Untracked 
|  52|0x0000000706800000, 0x0000000706800000, 0x0000000706a00000|  0%| F|  |TAMS 0x0000000706800000, 0x0000000706800000| Untracked 
|  53|0x0000000706a00000, 0x0000000706a00000, 0x0000000706c00000|  0%| F|  |TAMS 0x0000000706a00000, 0x0000000706a00000| Untracked 
|  54|0x0000000706c00000, 0x0000000706c00000, 0x0000000706e00000|  0%| F|  |TAMS 0x0000000706c00000, 0x0000000706c00000| Untracked 
|  55|0x0000000706e00000, 0x0000000706e00000, 0x0000000707000000|  0%| F|  |TAMS 0x0000000706e00000, 0x0000000706e00000| Untracked 
|  56|0x0000000707000000, 0x0000000707000000, 0x0000000707200000|  0%| F|  |TAMS 0x0000000707000000, 0x0000000707000000| Untracked 
|  57|0x0000000707200000, 0x0000000707200000, 0x0000000707400000|  0%| F|  |TAMS 0x0000000707200000, 0x0000000707200000| Untracked 
|  58|0x0000000707400000, 0x0000000707400000, 0x0000000707600000|  0%| F|  |TAMS 0x0000000707400000, 0x0000000707400000| Untracked 
|  59|0x0000000707600000, 0x0000000707600000, 0x0000000707800000|  0%| F|  |TAMS 0x0000000707600000, 0x0000000707600000| Untracked 
|  60|0x0000000707800000, 0x0000000707800000, 0x0000000707a00000|  0%| F|  |TAMS 0x0000000707800000, 0x0000000707800000| Untracked 
|  61|0x0000000707a00000, 0x0000000707a00000, 0x0000000707c00000|  0%| F|  |TAMS 0x0000000707a00000, 0x0000000707a00000| Untracked 
|  62|0x0000000707c00000, 0x0000000707c00000, 0x0000000707e00000|  0%| F|  |TAMS 0x0000000707c00000, 0x0000000707c00000| Untracked 
|  63|0x0000000707e00000, 0x0000000707e00000, 0x0000000708000000|  0%| F|  |TAMS 0x0000000707e00000, 0x0000000707e00000| Untracked 
|  64|0x0000000708000000, 0x0000000708000000, 0x0000000708200000|  0%| F|  |TAMS 0x0000000708000000, 0x0000000708000000| Untracked 
|  65|0x0000000708200000, 0x0000000708200000, 0x0000000708400000|  0%| F|  |TAMS 0x0000000708200000, 0x0000000708200000| Untracked 
|  66|0x0000000708400000, 0x0000000708400000, 0x0000000708600000|  0%| F|  |TAMS 0x0000000708400000, 0x0000000708400000| Untracked 
|  67|0x0000000708600000, 0x0000000708600000, 0x0000000708800000|  0%| F|  |TAMS 0x0000000708600000, 0x0000000708600000| Untracked 
|  68|0x0000000708800000, 0x0000000708800000, 0x0000000708a00000|  0%| F|  |TAMS 0x0000000708800000, 0x0000000708800000| Untracked 
|  69|0x0000000708a00000, 0x0000000708a00000, 0x0000000708c00000|  0%| F|  |TAMS 0x0000000708a00000, 0x0000000708a00000| Untracked 
|  70|0x0000000708c00000, 0x0000000708c00000, 0x0000000708e00000|  0%| F|  |TAMS 0x0000000708c00000, 0x0000000708c00000| Untracked 
|  71|0x0000000708e00000, 0x0000000708e00000, 0x0000000709000000|  0%| F|  |TAMS 0x0000000708e00000, 0x0000000708e00000| Untracked 
|  72|0x0000000709000000, 0x0000000709000000, 0x0000000709200000|  0%| F|  |TAMS 0x0000000709000000, 0x0000000709000000| Untracked 
|  73|0x0000000709200000, 0x0000000709200000, 0x0000000709400000|  0%| F|  |TAMS 0x0000000709200000, 0x0000000709200000| Untracked 
|  74|0x0000000709400000, 0x0000000709400000, 0x0000000709600000|  0%| F|  |TAMS 0x0000000709400000, 0x0000000709400000| Untracked 
|  75|0x0000000709600000, 0x0000000709600000, 0x0000000709800000|  0%| F|  |TAMS 0x0000000709600000, 0x0000000709600000| Untracked 
|  76|0x0000000709800000, 0x0000000709800000, 0x0000000709a00000|  0%| F|  |TAMS 0x0000000709800000, 0x0000000709800000| Untracked 
|  77|0x0000000709a00000, 0x0000000709a00000, 0x0000000709c00000|  0%| F|  |TAMS 0x0000000709a00000, 0x0000000709a00000| Untracked 
|  78|0x0000000709c00000, 0x0000000709c00000, 0x0000000709e00000|  0%| F|  |TAMS 0x0000000709c00000, 0x0000000709c00000| Untracked 
|  79|0x0000000709e00000, 0x0000000709e00000, 0x000000070a000000|  0%| F|  |TAMS 0x0000000709e00000, 0x0000000709e00000| Untracked 
|  80|0x000000070a000000, 0x000000070a000000, 0x000000070a200000|  0%| F|  |TAMS 0x000000070a000000, 0x000000070a000000| Untracked 
|  81|0x000000070a200000, 0x000000070a200000, 0x000000070a400000|  0%| F|  |TAMS 0x000000070a200000, 0x000000070a200000| Untracked 
|  82|0x000000070a400000, 0x000000070a400000, 0x000000070a600000|  0%| F|  |TAMS 0x000000070a400000, 0x000000070a400000| Untracked 
|  83|0x000000070a600000, 0x000000070a600000, 0x000000070a800000|  0%| F|  |TAMS 0x000000070a600000, 0x000000070a600000| Untracked 
|  84|0x000000070a800000, 0x000000070a800000, 0x000000070aa00000|  0%| F|  |TAMS 0x000000070a800000, 0x000000070a800000| Untracked 
|  85|0x000000070aa00000, 0x000000070ac00000, 0x000000070ac00000|100%| E|  |TAMS 0x000000070aa00000, 0x000000070aa00000| Complete 
|  86|0x000000070ac00000, 0x000000070ae00000, 0x000000070ae00000|100%| E|CS|TAMS 0x000000070ac00000, 0x000000070ac00000| Complete 
|  87|0x000000070ae00000, 0x000000070b000000, 0x000000070b000000|100%| E|CS|TAMS 0x000000070ae00000, 0x000000070ae00000| Complete 
|  88|0x000000070b000000, 0x000000070b200000, 0x000000070b200000|100%| E|CS|TAMS 0x000000070b000000, 0x000000070b000000| Complete 
|  89|0x000000070b200000, 0x000000070b400000, 0x000000070b400000|100%| E|CS|TAMS 0x000000070b200000, 0x000000070b200000| Complete 
|  90|0x000000070b400000, 0x000000070b600000, 0x000000070b600000|100%| E|CS|TAMS 0x000000070b400000, 0x000000070b400000| Complete 
|  91|0x000000070b600000, 0x000000070b800000, 0x000000070b800000|100%| E|CS|TAMS 0x000000070b600000, 0x000000070b600000| Complete 
|  92|0x000000070b800000, 0x000000070ba00000, 0x000000070ba00000|100%| E|CS|TAMS 0x000000070b800000, 0x000000070b800000| Complete 
|  93|0x000000070ba00000, 0x000000070bc00000, 0x000000070bc00000|100%| E|CS|TAMS 0x000000070ba00000, 0x000000070ba00000| Complete 
|  94|0x000000070bc00000, 0x000000070be00000, 0x000000070be00000|100%| E|CS|TAMS 0x000000070bc00000, 0x000000070bc00000| Complete 
|  95|0x000000070be00000, 0x000000070c000000, 0x000000070c000000|100%| E|CS|TAMS 0x000000070be00000, 0x000000070be00000| Complete 
|  96|0x000000070c000000, 0x000000070c200000, 0x000000070c200000|100%| E|CS|TAMS 0x000000070c000000, 0x000000070c000000| Complete 
|  97|0x000000070c200000, 0x000000070c400000, 0x000000070c400000|100%| E|CS|TAMS 0x000000070c200000, 0x000000070c200000| Complete 
|  98|0x000000070c400000, 0x000000070c600000, 0x000000070c600000|100%| E|CS|TAMS 0x000000070c400000, 0x000000070c400000| Complete 
|  99|0x000000070c600000, 0x000000070c800000, 0x000000070c800000|100%| E|CS|TAMS 0x000000070c600000, 0x000000070c600000| Complete 
| 100|0x000000070c800000, 0x000000070ca00000, 0x000000070ca00000|100%| E|CS|TAMS 0x000000070c800000, 0x000000070c800000| Complete 
| 101|0x000000070ca00000, 0x000000070cc00000, 0x000000070cc00000|100%| E|CS|TAMS 0x000000070ca00000, 0x000000070ca00000| Complete 
| 102|0x000000070cc00000, 0x000000070ce00000, 0x000000070ce00000|100%| E|CS|TAMS 0x000000070cc00000, 0x000000070cc00000| Complete 
| 103|0x000000070ce00000, 0x000000070d000000, 0x000000070d000000|100%| E|CS|TAMS 0x000000070ce00000, 0x000000070ce00000| Complete 
| 104|0x000000070d000000, 0x000000070d200000, 0x000000070d200000|100%| E|CS|TAMS 0x000000070d000000, 0x000000070d000000| Complete 
| 105|0x000000070d200000, 0x000000070d400000, 0x000000070d400000|100%| E|CS|TAMS 0x000000070d200000, 0x000000070d200000| Complete 
| 106|0x000000070d400000, 0x000000070d600000, 0x000000070d600000|100%| E|CS|TAMS 0x000000070d400000, 0x000000070d400000| Complete 
| 107|0x000000070d600000, 0x000000070d800000, 0x000000070d800000|100%| E|CS|TAMS 0x000000070d600000, 0x000000070d600000| Complete 
| 108|0x000000070d800000, 0x000000070d958a88, 0x000000070da00000| 67%| S|CS|TAMS 0x000000070d800000, 0x000000070d800000| Complete 
| 109|0x000000070da00000, 0x000000070dc00000, 0x000000070dc00000|100%| E|CS|TAMS 0x000000070da00000, 0x000000070da00000| Complete 
| 110|0x000000070dc00000, 0x000000070de00000, 0x000000070de00000|100%| E|CS|TAMS 0x000000070dc00000, 0x000000070dc00000| Complete 
| 111|0x000000070de00000, 0x000000070e000000, 0x000000070e000000|100%| E|CS|TAMS 0x000000070de00000, 0x000000070de00000| Complete 
| 112|0x000000070e000000, 0x000000070e200000, 0x000000070e200000|100%| E|CS|TAMS 0x000000070e000000, 0x000000070e000000| Complete 
| 113|0x000000070e200000, 0x000000070e400000, 0x000000070e400000|100%| E|CS|TAMS 0x000000070e200000, 0x000000070e200000| Complete 
| 114|0x000000070e400000, 0x000000070e600000, 0x000000070e600000|100%| E|CS|TAMS 0x000000070e400000, 0x000000070e400000| Complete 
| 115|0x000000070e600000, 0x000000070e800000, 0x000000070e800000|100%| E|CS|TAMS 0x000000070e600000, 0x000000070e600000| Complete 
| 116|0x000000070e800000, 0x000000070ea00000, 0x000000070ea00000|100%| E|CS|TAMS 0x000000070e800000, 0x000000070e800000| Complete 
| 117|0x000000070ea00000, 0x000000070ec00000, 0x000000070ec00000|100%| E|CS|TAMS 0x000000070ea00000, 0x000000070ea00000| Complete 
| 118|0x000000070ec00000, 0x000000070ee00000, 0x000000070ee00000|100%| E|CS|TAMS 0x000000070ec00000, 0x000000070ec00000| Complete 
| 119|0x000000070ee00000, 0x000000070f000000, 0x000000070f000000|100%| E|CS|TAMS 0x000000070ee00000, 0x000000070ee00000| Complete 
| 120|0x000000070f000000, 0x000000070f200000, 0x000000070f200000|100%| E|CS|TAMS 0x000000070f000000, 0x000000070f000000| Complete 
| 121|0x000000070f200000, 0x000000070f400000, 0x000000070f400000|100%| E|CS|TAMS 0x000000070f200000, 0x000000070f200000| Complete 
| 122|0x000000070f400000, 0x000000070f600000, 0x000000070f600000|100%| E|CS|TAMS 0x000000070f400000, 0x000000070f400000| Complete 
| 123|0x000000070f600000, 0x000000070f800000, 0x000000070f800000|100%| E|CS|TAMS 0x000000070f600000, 0x000000070f600000| Complete 

Card table byte_map: [0x0000025db3e00000,0x0000025db4600000] _byte_map_base: 0x0000025db0600000

Marking Bits (Prev, Next): (CMBitMap*) 0x0000025d9c5edb90, (CMBitMap*) 0x0000025d9c5edbd0
 Prev Bits: [0x0000025db4e00000, 0x0000025db8e00000)
 Next Bits: [0x0000025db8e00000, 0x0000025dbce00000)

Polling page: 0x0000025d9a3e0000

Metaspace:

Usage:
  Non-class:     13.05 MB used.
      Class:      2.17 MB used.
       Both:     15.21 MB used.

Virtual space:
  Non-class space:       64.00 MB reserved,      13.19 MB ( 21%) committed,  1 nodes.
      Class space:        1.00 GB reserved,       2.25 MB ( <1%) committed,  1 nodes.
             Both:        1.06 GB reserved,      15.44 MB (  1%) committed. 

Chunk freelists:
   Non-Class:  2.20 MB
       Class:  13.69 MB
        Both:  15.89 MB

MaxMetaspaceSize: unlimited
CompressedClassSpaceSize: 1.00 GB
Initial GC threshold: 21.00 MB
Current GC threshold: 21.00 MB
CDS: on
MetaspaceReclaimPolicy: balanced
 - commit_granule_bytes: 65536.
 - commit_granule_words: 8192.
 - virtual_space_node_default_size: 8388608.
 - enlarge_chunks_in_place: 1.
 - new_chunks_are_fully_committed: 0.
 - uncommit_free_chunks: 1.
 - use_allocation_guard: 0.
 - handle_deallocations: 1.


Internal statistics:

num_allocs_failed_limit: 0.
num_arena_births: 200.
num_arena_deaths: 0.
num_vsnodes_births: 2.
num_vsnodes_deaths: 0.
num_space_committed: 247.
num_space_uncommitted: 0.
num_chunks_returned_to_freelist: 0.
num_chunks_taken_from_freelist: 688.
num_chunk_merges: 0.
num_chunk_splits: 474.
num_chunks_enlarged: 358.
num_inconsistent_stats: 0.

CodeHeap 'non-profiled nmethods': size=120000Kb used=1100Kb max_used=1100Kb free=118899Kb
 bounds [0x0000025dabb70000, 0x0000025dabde0000, 0x0000025db30a0000]
CodeHeap 'profiled nmethods': size=120000Kb used=4668Kb max_used=4668Kb free=115331Kb
 bounds [0x0000025da40a0000, 0x0000025da4530000, 0x0000025dab5d0000]
CodeHeap 'non-nmethods': size=5760Kb used=1220Kb max_used=1229Kb free=4539Kb
 bounds [0x0000025dab5d0000, 0x0000025dab840000, 0x0000025dabb70000]
 total_blobs=2805 nmethods=2274 adapters=443
 compilation: enabled
              stopped_count=0, restarted_count=0
 full_count=0

Compilation events (20 events):
Event: 2.328 Thread 0x0000025dbf87e130 2266       3       org.gradle.internal.service.DefaultServiceRegistry$ManagedObjectServiceProvider::fromSameRegistry (27 bytes)
Event: 2.328 Thread 0x0000025dbf87e130 nmethod 2266 0x0000025da4525d90 code [0x0000025da4525f40, 0x0000025da45262f8]
Event: 2.328 Thread 0x0000025dbf87e130 2267       3       org.gradle.internal.service.DefaultServiceRegistry::access$1600 (6 bytes)
Event: 2.328 Thread 0x0000025dbf87e130 nmethod 2267 0x0000025da4526410 code [0x0000025da45265a0, 0x0000025da45266a8]
Event: 2.329 Thread 0x0000025dbf87e130 2268       3       java.util.concurrent.locks.AbstractQueuedSynchronizer::<init> (5 bytes)
Event: 2.329 Thread 0x0000025dbf87e130 nmethod 2268 0x0000025da4526790 code [0x0000025da4526940, 0x0000025da4526af8]
Event: 2.329 Thread 0x0000025dbf87e130 2269       3       java.util.concurrent.locks.AbstractOwnableSynchronizer::<init> (5 bytes)
Event: 2.329 Thread 0x0000025dbf87e130 nmethod 2269 0x0000025da4526c10 code [0x0000025da4526da0, 0x0000025da4526ef8]
Event: 2.342 Thread 0x0000025dbf87e130 2271       3       java.lang.invoke.LambdaForm$NamedFunction::member (26 bytes)
Event: 2.342 Thread 0x0000025dbf87e130 nmethod 2271 0x0000025da4526f90 code [0x0000025da4527120, 0x0000025da4527238]
Event: 2.342 Thread 0x0000025dbf87e130 2272       3       java.lang.invoke.InvokerBytecodeGenerator::isStaticallyInvocable (165 bytes)
Event: 2.343 Thread 0x0000025dbf87e130 nmethod 2272 0x0000025da4527310 code [0x0000025da4527740, 0x0000025da4529428]
Event: 2.343 Thread 0x0000025dbf87e130 2275       3       java.lang.invoke.InvokerBytecodeGenerator::refKindOpcode (112 bytes)
Event: 2.344 Thread 0x0000025dbf87e130 nmethod 2275 0x0000025da4529b90 code [0x0000025da4529de0, 0x0000025da452a698]
Event: 2.344 Thread 0x0000025dbf87e130 2273       3       java.lang.invoke.MemberName::isPrivate (8 bytes)
Event: 2.344 Thread 0x0000025dbf87e130 nmethod 2273 0x0000025da452a910 code [0x0000025da452aaa0, 0x0000025da452ac78]
Event: 2.344 Thread 0x0000025dbf87e130 2274       3       java.lang.invoke.InvokerBytecodeGenerator::emitStaticInvoke (258 bytes)
Event: 2.346 Thread 0x0000025dbf87e130 nmethod 2274 0x0000025da452ad10 code [0x0000025da452b020, 0x0000025da452bfe8]
Event: 2.375 Thread 0x0000025dbf87e130 2276       3       java.lang.Package$VersionInfo::<init> (44 bytes)
Event: 2.376 Thread 0x0000025dbf87e130 nmethod 2276 0x0000025da452c610 code [0x0000025da452c7c0, 0x0000025da452cbf8]

GC Heap History (4 events):
Event: 0.501 GC heap before
{Heap before GC invocations=0 (full 0):
 garbage-first heap   total 253952K, used 24576K [0x0000000700000000, 0x0000000800000000)
  region size 2048K, 11 young (22528K), 0 survivors (0K)
 Metaspace       used 2996K, committed 3136K, reserved 1114112K
  class space    used 384K, committed 448K, reserved 1048576K
}
Event: 0.504 GC heap after
{Heap after GC invocations=1 (full 0):
 garbage-first heap   total 253952K, used 10181K [0x0000000700000000, 0x0000000800000000)
  region size 2048K, 2 young (4096K), 2 survivors (4096K)
 Metaspace       used 2996K, committed 3136K, reserved 1114112K
  class space    used 384K, committed 448K, reserved 1048576K
}
Event: 0.856 GC heap before
{Heap before GC invocations=1 (full 0):
 garbage-first heap   total 253952K, used 36805K [0x0000000700000000, 0x0000000800000000)
  region size 2048K, 15 young (30720K), 2 survivors (4096K)
 Metaspace       used 3997K, committed 4160K, reserved 1114112K
  class space    used 489K, committed 576K, reserved 1048576K
}
Event: 0.859 GC heap after
{Heap after GC invocations=2 (full 0):
 garbage-first heap   total 253952K, used 11446K [0x0000000700000000, 0x0000000800000000)
  region size 2048K, 1 young (2048K), 1 survivors (2048K)
 Metaspace       used 3997K, committed 4160K, reserved 1114112K
  class space    used 489K, committed 576K, reserved 1048576K
}

Dll operation events (15 events):
Event: 0.009 Loaded shared library C:\Program Files\Microsoft\jdk-17.0.12.7-hotspot\bin\java.dll
Event: 0.025 Loaded shared library C:\Program Files\Microsoft\jdk-17.0.12.7-hotspot\bin\jsvml.dll
Event: 0.063 Loaded shared library C:\Program Files\Microsoft\jdk-17.0.12.7-hotspot\bin\zip.dll
Event: 0.064 Loaded shared library C:\Program Files\Microsoft\jdk-17.0.12.7-hotspot\bin\instrument.dll
Event: 0.068 Loaded shared library C:\Program Files\Microsoft\jdk-17.0.12.7-hotspot\bin\net.dll
Event: 0.069 Loaded shared library C:\Program Files\Microsoft\jdk-17.0.12.7-hotspot\bin\nio.dll
Event: 0.072 Loaded shared library C:\Program Files\Microsoft\jdk-17.0.12.7-hotspot\bin\zip.dll
Event: 0.231 Loaded shared library C:\Program Files\Microsoft\jdk-17.0.12.7-hotspot\bin\jimage.dll
Event: 0.290 Loaded shared library C:\Program Files\Microsoft\jdk-17.0.12.7-hotspot\bin\verify.dll
Event: 0.416 Loaded shared library C:\Users\Admin\.gradle\native\68d5fa5c4cc2d200863cafc0d521ce42e7d3e7ee720ec0a83991735586a16f82\windows-amd64\native-platform.dll
Event: 0.436 Loaded shared library C:\Users\Admin\.gradle\native\e376f236ea51e6404a007f0833ffe2c6e607c4080706a723a18a27aeea778392\windows-amd64\native-platform-file-events.dll
Event: 1.102 Loaded shared library C:\Program Files\Microsoft\jdk-17.0.12.7-hotspot\bin\management.dll
Event: 1.106 Loaded shared library C:\Program Files\Microsoft\jdk-17.0.12.7-hotspot\bin\management_ext.dll
Event: 1.282 Loaded shared library C:\Program Files\Microsoft\jdk-17.0.12.7-hotspot\bin\extnet.dll
Event: 1.431 Loaded shared library C:\Program Files\Microsoft\jdk-17.0.12.7-hotspot\bin\sunmscapi.dll

Deoptimization events (20 events):
Event: 2.081 Thread 0x0000025e06955020 Uncommon trap: trap_request=0xffffff45 fr.pc=0x0000025dabb91938 relative=0x0000000000000ab8
Event: 2.081 Thread 0x0000025e06955020 Uncommon trap: reason=unstable_if action=reinterpret pc=0x0000025dabb91938 method=java.io.WinNTFileSystem.resolve(Ljava/lang/String;Ljava/lang/String;)Ljava/lang/String; @ 19 c2
Event: 2.081 Thread 0x0000025e06955020 DEOPT PACKING pc=0x0000025dabb91938 sp=0x00000069b03fcec0
Event: 2.081 Thread 0x0000025e06955020 DEOPT UNPACKING pc=0x0000025dab6269a3 sp=0x00000069b03fce68 mode 2
Event: 2.083 Thread 0x0000025e06955020 Uncommon trap: trap_request=0xffffff45 fr.pc=0x0000025dabbe654c relative=0x000000000000060c
Event: 2.083 Thread 0x0000025e06955020 Uncommon trap: reason=unstable_if action=reinterpret pc=0x0000025dabbe654c method=java.io.File.getName()Ljava/lang/String; @ 16 c2
Event: 2.083 Thread 0x0000025e06955020 DEOPT PACKING pc=0x0000025dabbe654c sp=0x00000069b03fce60
Event: 2.083 Thread 0x0000025e06955020 DEOPT UNPACKING pc=0x0000025dab6269a3 sp=0x00000069b03fce30 mode 2
Event: 2.145 Thread 0x0000025e06955020 DEOPT PACKING pc=0x0000025da4434df4 sp=0x00000069b03fae30
Event: 2.145 Thread 0x0000025e06955020 DEOPT UNPACKING pc=0x0000025dab627143 sp=0x00000069b03fa3b0 mode 0
Event: 2.179 Thread 0x0000025e06955020 DEOPT PACKING pc=0x0000025da44503fd sp=0x00000069b03fad60
Event: 2.179 Thread 0x0000025e06955020 DEOPT UNPACKING pc=0x0000025dab627143 sp=0x00000069b03fa270 mode 0
Event: 2.268 Thread 0x0000025e06955020 Uncommon trap: trap_request=0xffffff45 fr.pc=0x0000025dabc47bc0 relative=0x00000000000000a0
Event: 2.268 Thread 0x0000025e06955020 Uncommon trap: reason=unstable_if action=reinterpret pc=0x0000025dabc47bc0 method=jdk.internal.misc.Unsafe.convEndian(ZI)I @ 4 c2
Event: 2.268 Thread 0x0000025e06955020 DEOPT PACKING pc=0x0000025dabc47bc0 sp=0x00000069b03faad0
Event: 2.268 Thread 0x0000025e06955020 DEOPT UNPACKING pc=0x0000025dab6269a3 sp=0x00000069b03fa968 mode 2
Event: 2.268 Thread 0x0000025e06955020 Uncommon trap: trap_request=0xffffff45 fr.pc=0x0000025dabc3daf4 relative=0x0000000000000074
Event: 2.268 Thread 0x0000025e06955020 Uncommon trap: reason=unstable_if action=reinterpret pc=0x0000025dabc3daf4 method=jdk.internal.misc.Unsafe.convEndian(ZI)I @ 4 c2
Event: 2.268 Thread 0x0000025e06955020 DEOPT PACKING pc=0x0000025dabc3daf4 sp=0x00000069b03faa30
Event: 2.268 Thread 0x0000025e06955020 DEOPT UNPACKING pc=0x0000025dab6269a3 sp=0x00000069b03fa960 mode 2

Classes loaded (20 events):
Event: 2.268 Loading class sun/security/provider/ByteArrayAccess$LE
Event: 2.268 Loading class sun/security/provider/ByteArrayAccess$LE done
Event: 2.295 Loading class java/util/concurrent/Semaphore
Event: 2.296 Loading class java/util/concurrent/Semaphore done
Event: 2.298 Loading class java/nio/file/FileVisitOption
Event: 2.298 Loading class java/nio/file/FileVisitOption done
Event: 2.304 Loading class java/util/stream/ReduceOps$1
Event: 2.304 Loading class java/util/stream/ReduceOps$1 done
Event: 2.304 Loading class java/util/stream/ReduceOps$1ReducingSink
Event: 2.304 Loading class java/util/stream/ReduceOps$1ReducingSink done
Event: 2.318 Loading class java/io/ObjectOutputStream
Event: 2.318 Loading class java/io/ObjectOutput
Event: 2.318 Loading class java/io/ObjectOutput done
Event: 2.318 Loading class java/io/ObjectStreamConstants
Event: 2.319 Loading class java/io/ObjectStreamConstants done
Event: 2.319 Loading class java/io/ObjectOutputStream done
Event: 2.319 Loading class java/io/ObjectInputStream
Event: 2.320 Loading class java/io/ObjectInput
Event: 2.320 Loading class java/io/ObjectInput done
Event: 2.320 Loading class java/io/ObjectInputStream done

Classes unloaded (0 events):
No events

Classes redefined (0 events):
No events

Internal exceptions (20 events):
Event: 1.592 Thread 0x0000025e06955020 Exception <a 'java/lang/NoSuchMethodError'{0x000000070cf15098}: 'long java.lang.invoke.DirectMethodHandle$Holder.invokeInterface(java.lang.Object, java.lang.Object)'> (0x000000070cf15098) 
thrown [s\src\hotspot\share\interpreter\linkResolver.cpp, line 759]
Event: 1.597 Thread 0x0000025e06955020 Exception <a 'java/lang/NoSuchMethodError'{0x000000070cf4e480}: 'java.lang.Object java.lang.invoke.DirectMethodHandle$Holder.invokeVirtual(java.lang.Object, java.lang.Object, java.lang.Object)'> (0x000000070cf4e480) 
thrown [s\src\hotspot\share\interpreter\linkResolver.cpp, line 759]
Event: 1.675 Thread 0x0000025e06955020 Exception <a 'java/lang/NoSuchMethodError'{0x000000070cb3f5e8}: 'void java.lang.invoke.DirectMethodHandle$Holder.invokeStatic(java.lang.Object, java.lang.Object)'> (0x000000070cb3f5e8) 
thrown [s\src\hotspot\share\interpreter\linkResolver.cpp, line 759]
Event: 1.700 Thread 0x0000025e06955020 Exception <a 'java/lang/NoSuchMethodError'{0x000000070c8e34c0}: 'java.lang.Object java.lang.invoke.DirectMethodHandle$Holder.newInvokeSpecial(java.lang.Object, java.lang.Object, java.lang.Object, java.lang.Object, java.lang.Object)'> (0x000000070c8e34c0) 
thrown [s\src\hotspot\share\interpreter\linkResolver.cpp, line 759]
Event: 1.742 Thread 0x0000025e06955020 Exception <a 'java/lang/NoSuchMethodError'{0x000000070c6de530}: 'void java.lang.invoke.DirectMethodHandle$Holder.invokeSpecial(java.lang.Object, java.lang.Object, java.lang.Object)'> (0x000000070c6de530) 
thrown [s\src\hotspot\share\interpreter\linkResolver.cpp, line 759]
Event: 1.765 Thread 0x0000025e06955020 Exception <a 'java/lang/NoSuchMethodError'{0x000000070c777b08}: 'java.lang.Object java.lang.invoke.DirectMethodHandle$Holder.newInvokeSpecial(java.lang.Object, java.lang.Object, java.lang.Object, java.lang.Object, java.lang.Object, java.lang.Object)'> (0x000000070c777b08) 
thrown [s\src\hotspot\share\interpreter\linkResolver.cpp, line 759]
Event: 1.767 Thread 0x0000025e06955020 Exception <a 'java/lang/NoSuchMethodError'{0x000000070c785500}: 'void java.lang.invoke.DirectMethodHandle$Holder.invokeSpecial(java.lang.Object, java.lang.Object, java.lang.Object, java.lang.Object, java.lang.Object)'> (0x000000070c785500) 
thrown [s\src\hotspot\share\interpreter\linkResolver.cpp, line 759]
Event: 1.888 Thread 0x0000025e06955020 Exception <a 'java/lang/NoSuchMethodError'{0x000000070c244e20}: 'void java.lang.invoke.DelegatingMethodHandle$Holder.reinvoke_L(java.lang.Object, java.lang.Object, java.lang.Object, java.lang.Object, java.lang.Object, java.lang.Object, java.lang.Object, java.lang.Object, java.lang.Object, java.lang.Object)'> (0x000000070c244e20) 
thrown [s\src\hotspot\share\interpreter\linkResolver.cpp, line 759]
Event: 1.889 Thread 0x0000025e06955020 Exception <a 'java/lang/NoSuchMethodError'{0x000000070c24d290}: 'java.lang.Object java.lang.invoke.DirectMethodHandle$Holder.invokeSpecial(java.lang.Object, java.lang.Object, java.lang.Object, java.lang.Object, java.lang.Object, java.lang.Object, java.lang.Object, java.lang.Object, java.lang.Object, java.lang.Object)'> (0x000000070c24d290) 
thrown [s\src\hotspot\share\interpreter\linkResolver.cpp, line 759]
Event: 1.890 Thread 0x0000025e06955020 Exception <a 'java/lang/NoSuchMethodError'{0x000000070c251b60}: 'java.lang.Object java.lang.invoke.Invokers$Holder.invoker(java.lang.Object, java.lang.Object, java.lang.Object, java.lang.Object, java.lang.Object, java.lang.Object, java.lang.Object, java.lang.Object, java.lang.Object, java.lang.Object)'> (0x000000070c251b60) 
thrown [s\src\hotspot\share\interpreter\linkResolver.cpp, line 759]
Event: 1.891 Thread 0x0000025e06955020 Exception <a 'java/lang/NoSuchMethodError'{0x000000070c2576e8}: 'java.lang.Object java.lang.invoke.DirectMethodHandle$Holder.invokeSpecial(java.lang.Object, java.lang.Object, java.lang.Object, java.lang.Object, java.lang.Object, java.lang.Object, java.lang.Object, java.lang.Object, java.lang.Object, java.lang.Object, java.lang.Object)'> (0x000000070c2576e8) 
thrown [s\src\hotspot\share\interpreter\linkResolver.cpp, line 759]
Event: 2.010 Thread 0x0000025e06955020 Exception <a 'java/lang/NoSuchMethodError'{0x000000070bfb82a8}: 'void java.lang.invoke.DirectMethodHandle$Holder.invokeStaticInit(java.lang.Object)'> (0x000000070bfb82a8) 
thrown [s\src\hotspot\share\interpreter\linkResolver.cpp, line 759]
Event: 2.022 Thread 0x0000025e06955020 Exception <a 'java/lang/NoSuchMethodError'{0x000000070bc66648}: 'java.lang.Object java.lang.invoke.DirectMethodHandle$Holder.newInvokeSpecial(java.lang.Object, java.lang.Object, java.lang.Object, int)'> (0x000000070bc66648) 
thrown [s\src\hotspot\share\interpreter\linkResolver.cpp, line 759]
Event: 2.023 Thread 0x0000025e06955020 Exception <a 'java/lang/NoSuchMethodError'{0x000000070bc6af78}: 'java.lang.Object java.lang.invoke.DirectMethodHandle$Holder.invokeSpecial(java.lang.Object, java.lang.Object, java.lang.Object, java.lang.Object, int)'> (0x000000070bc6af78) 
thrown [s\src\hotspot\share\interpreter\linkResolver.cpp, line 759]
Event: 2.023 Thread 0x0000025e06955020 Exception <a 'java/lang/NoSuchMethodError'{0x000000070bc6f090}: 'java.lang.Object java.lang.invoke.Invokers$Holder.linkToTargetMethod(java.lang.Object, java.lang.Object, int, java.lang.Object)'> (0x000000070bc6f090) 
thrown [s\src\hotspot\share\interpreter\linkResolver.cpp, line 759]
Event: 2.300 Thread 0x0000025e06955020 Exception <a 'java/lang/NoSuchMethodError'{0x000000070ae91b58}: 'int java.lang.invoke.DirectMethodHandle$Holder.invokeSpecialIFC(java.lang.Object, java.lang.Object, java.lang.Object, java.lang.Object)'> (0x000000070ae91b58) 
thrown [s\src\hotspot\share\interpreter\linkResolver.cpp, line 759]
Event: 2.303 Thread 0x0000025e06955020 Exception <a 'java/lang/NoSuchMethodError'{0x000000070aea0b00}: 'java.lang.Object java.lang.invoke.DirectMethodHandle$Holder.invokeInterface(java.lang.Object, java.lang.Object, java.lang.Object)'> (0x000000070aea0b00) 
thrown [s\src\hotspot\share\interpreter\linkResolver.cpp, line 759]
Event: 2.303 Thread 0x0000025e06955020 Exception <a 'java/lang/IncompatibleClassChangeError'{0x000000070aea4718}: Found class java.lang.Object, but interface was expected> (0x000000070aea4718) 
thrown [s\src\hotspot\share\interpreter\linkResolver.cpp, line 826]
Event: 2.342 Thread 0x0000025e06955020 Exception <a 'java/lang/NoSuchMethodError'{0x000000070ac98ac8}: 'int java.lang.invoke.DirectMethodHandle$Holder.invokeStatic(java.lang.Object, java.lang.Object, java.lang.Object, java.lang.Object)'> (0x000000070ac98ac8) 
thrown [s\src\hotspot\share\interpreter\linkResolver.cpp, line 759]
Event: 2.342 Thread 0x0000025e06955020 Exception <a 'java/lang/NoSuchMethodError'{0x000000070ac9c6f0}: 'java.lang.Object java.lang.invoke.Invokers$Holder.invokeExact_MT(java.lang.Object, java.lang.Object, java.lang.Object, java.lang.Object, java.lang.Object, java.lang.Object)'> (0x000000070ac9c6f0) 
thrown [s\src\hotspot\share\interpreter\linkResolver.cpp, line 759]

VM Operations (20 events):
Event: 1.217 Executing VM operation: HandshakeAllThreads
Event: 1.217 Executing VM operation: HandshakeAllThreads done
Event: 1.263 Executing VM operation: HandshakeAllThreads
Event: 1.263 Executing VM operation: HandshakeAllThreads done
Event: 1.385 Executing VM operation: HandshakeAllThreads
Event: 1.385 Executing VM operation: HandshakeAllThreads done
Event: 1.436 Executing VM operation: HandshakeAllThreads
Event: 1.436 Executing VM operation: HandshakeAllThreads done
Event: 1.857 Executing VM operation: HandshakeAllThreads
Event: 1.857 Executing VM operation: HandshakeAllThreads done
Event: 1.863 Executing VM operation: ICBufferFull
Event: 1.863 Executing VM operation: ICBufferFull done
Event: 2.091 Executing VM operation: HandshakeAllThreads
Event: 2.091 Executing VM operation: HandshakeAllThreads done
Event: 2.092 Executing VM operation: HandshakeAllThreads
Event: 2.092 Executing VM operation: HandshakeAllThreads done
Event: 2.123 Executing VM operation: HandshakeAllThreads
Event: 2.123 Executing VM operation: HandshakeAllThreads done
Event: 2.123 Executing VM operation: HandshakeAllThreads
Event: 2.123 Executing VM operation: HandshakeAllThreads done

Events (20 events):
Event: 0.034 Thread 0x0000025dbf87a230 Thread added: 0x0000025dbf87a230
Event: 0.034 Thread 0x0000025dbf87e130 Thread added: 0x0000025dbf87e130
Event: 0.034 Thread 0x0000025dbfb26fe0 Thread added: 0x0000025dbfb26fe0
Event: 0.047 Thread 0x0000025dbf81e6d0 Thread added: 0x0000025dbf81e6d0
Event: 0.081 Thread 0x0000025dbfd16030 Thread added: 0x0000025dbfd16030
Event: 0.232 Thread 0x0000025dbfe267d0 Thread added: 0x0000025dbfe267d0
Event: 1.141 Thread 0x0000025e061b8ee0 Thread added: 0x0000025e061b8ee0
Event: 1.370 Thread 0x0000025e0662b410 Thread added: 0x0000025e0662b410
Event: 1.418 Thread 0x0000025e06aae020 Thread added: 0x0000025e06aae020
Event: 1.495 Thread 0x0000025e06573460 Thread added: 0x0000025e06573460
Event: 1.497 Thread 0x0000025e06b57190 Thread added: 0x0000025e06b57190
Event: 1.527 Thread 0x0000025e06779be0 Thread added: 0x0000025e06779be0
Event: 1.535 Thread 0x0000025e06955020 Thread added: 0x0000025e06955020
Event: 1.546 Thread 0x0000025e06aab4a0 Thread added: 0x0000025e06aab4a0
Event: 1.549 Thread 0x0000025e06aad300 Thread added: 0x0000025e06aad300
Event: 1.553 Thread 0x0000025e06aaa570 Thread added: 0x0000025e06aaa570
Event: 1.882 Thread 0x0000025dbfe267d0 Thread exited: 0x0000025dbfe267d0
Event: 2.021 Thread 0x0000025e06aab9b0 Thread added: 0x0000025e06aab9b0
Event: 2.032 Thread 0x0000025e06aac8e0 Thread added: 0x0000025e06aac8e0
Event: 2.283 Thread 0x0000025e06aaa060 Thread added: 0x0000025e06aaa060


Dynamic libraries:
0x00007ff727e80000 - 0x00007ff727e8e000 	C:\Program Files\Microsoft\jdk-17.0.12.7-hotspot\bin\java.exe
0x00007ffe86c90000 - 0x00007ffe86ea7000 	C:\Windows\SYSTEM32\ntdll.dll
0x00007ffe84b70000 - 0x00007ffe84c34000 	C:\Windows\System32\KERNEL32.DLL
0x00007ffe842f0000 - 0x00007ffe846a9000 	C:\Windows\System32\KERNELBASE.dll
0x00007ffe83f90000 - 0x00007ffe840a1000 	C:\Windows\System32\ucrtbase.dll
0x00007ffe2e0d0000 - 0x00007ffe2e0ed000 	C:\Program Files\Microsoft\jdk-17.0.12.7-hotspot\bin\VCRUNTIME140.dll
0x00007ffe542b0000 - 0x00007ffe542c7000 	C:\Program Files\Microsoft\jdk-17.0.12.7-hotspot\bin\jli.dll
0x00007ffe849c0000 - 0x00007ffe84b6e000 	C:\Windows\System32\USER32.dll
0x00007ffe841a0000 - 0x00007ffe841c6000 	C:\Windows\System32\win32u.dll
0x00007ffe69c00000 - 0x00007ffe69e92000 	C:\Windows\WinSxS\amd64_microsoft.windows.common-controls_6595b64144ccf1df_6.0.22621.4391_none_2715d37f73803e96\COMCTL32.dll
0x00007ffe85480000 - 0x00007ffe854a9000 	C:\Windows\System32\GDI32.dll
0x00007ffe85d10000 - 0x00007ffe85db7000 	C:\Windows\System32\msvcrt.dll
0x00007ffe841d0000 - 0x00007ffe842eb000 	C:\Windows\System32\gdi32full.dll
0x00007ffe846b0000 - 0x00007ffe8474a000 	C:\Windows\System32\msvcp_win.dll
0x00007ffe862a0000 - 0x00007ffe862d1000 	C:\Windows\System32\IMM32.DLL
0x00007ffe80880000 - 0x00007ffe8088c000 	C:\Program Files\Microsoft\jdk-17.0.12.7-hotspot\bin\vcruntime140_1.dll
0x00007ffe0fe10000 - 0x00007ffe0fe9d000 	C:\Program Files\Microsoft\jdk-17.0.12.7-hotspot\bin\msvcp140.dll
0x00007ffe0f1a0000 - 0x00007ffe0fe10000 	C:\Program Files\Microsoft\jdk-17.0.12.7-hotspot\bin\server\jvm.dll
0x00007ffe854b0000 - 0x00007ffe85562000 	C:\Windows\System32\ADVAPI32.dll
0x00007ffe85040000 - 0x00007ffe850e7000 	C:\Windows\System32\sechost.dll
0x00007ffe84980000 - 0x00007ffe849a8000 	C:\Windows\System32\bcrypt.dll
0x00007ffe84d90000 - 0x00007ffe84ea4000 	C:\Windows\System32\RPCRT4.dll
0x00007ffe84c60000 - 0x00007ffe84cd1000 	C:\Windows\System32\WS2_32.dll
0x00007ffe83e60000 - 0x00007ffe83ead000 	C:\Windows\SYSTEM32\POWRPROF.dll
0x00007ffe7a450000 - 0x00007ffe7a45a000 	C:\Windows\SYSTEM32\VERSION.dll
0x00007ffe7c0e0000 - 0x00007ffe7c114000 	C:\Windows\SYSTEM32\WINMM.dll
0x00007ffe83e40000 - 0x00007ffe83e53000 	C:\Windows\SYSTEM32\UMPDC.dll
0x00007ffe82fd0000 - 0x00007ffe82fe8000 	C:\Windows\SYSTEM32\kernel.appcore.dll
0x00007ffe59760000 - 0x00007ffe5976a000 	C:\Program Files\Microsoft\jdk-17.0.12.7-hotspot\bin\jimage.dll
0x00007ffe79280000 - 0x00007ffe794b2000 	C:\Windows\SYSTEM32\DBGHELP.DLL
0x00007ffe850f0000 - 0x00007ffe8547f000 	C:\Windows\System32\combase.dll
0x00007ffe85670000 - 0x00007ffe85747000 	C:\Windows\System32\OLEAUT32.dll
0x00007ffe70590000 - 0x00007ffe705c2000 	C:\Windows\SYSTEM32\dbgcore.DLL
0x00007ffe840b0000 - 0x00007ffe8412b000 	C:\Windows\System32\bcryptPrimitives.dll
0x00007ffe528a0000 - 0x00007ffe528ae000 	C:\Program Files\Microsoft\jdk-17.0.12.7-hotspot\bin\instrument.dll
0x00007ffe1a420000 - 0x00007ffe1a445000 	C:\Program Files\Microsoft\jdk-17.0.12.7-hotspot\bin\java.dll
0x00007ffe0f0c0000 - 0x00007ffe0f197000 	C:\Program Files\Microsoft\jdk-17.0.12.7-hotspot\bin\jsvml.dll
0x00007ffe86360000 - 0x00007ffe86bd6000 	C:\Windows\System32\SHELL32.dll
0x00007ffe81ed0000 - 0x00007ffe827d3000 	C:\Windows\SYSTEM32\windows.storage.dll
0x00007ffe81d90000 - 0x00007ffe81ecf000 	C:\Windows\SYSTEM32\wintypes.dll
0x00007ffe84f40000 - 0x00007ffe85039000 	C:\Windows\System32\SHCORE.dll
0x00007ffe86be0000 - 0x00007ffe86c3e000 	C:\Windows\System32\shlwapi.dll
0x00007ffe83ec0000 - 0x00007ffe83eeb000 	C:\Windows\SYSTEM32\profapi.dll
0x00007ffe19c80000 - 0x00007ffe19c98000 	C:\Program Files\Microsoft\jdk-17.0.12.7-hotspot\bin\zip.dll
0x00007ffe19a90000 - 0x00007ffe19aaa000 	C:\Program Files\Microsoft\jdk-17.0.12.7-hotspot\bin\net.dll
0x00007ffe7c120000 - 0x00007ffe7c256000 	C:\Windows\SYSTEM32\WINHTTP.dll
0x00007ffe83450000 - 0x00007ffe834b9000 	C:\Windows\system32\mswsock.dll
0x00007ffe199e0000 - 0x00007ffe199f6000 	C:\Program Files\Microsoft\jdk-17.0.12.7-hotspot\bin\nio.dll
0x00007ffe7a9c0000 - 0x00007ffe7a9d0000 	C:\Program Files\Microsoft\jdk-17.0.12.7-hotspot\bin\verify.dll
0x00007ffe2d7f0000 - 0x00007ffe2d817000 	C:\Users\Admin\.gradle\native\68d5fa5c4cc2d200863cafc0d521ce42e7d3e7ee720ec0a83991735586a16f82\windows-amd64\native-platform.dll
0x00007ffe0ef70000 - 0x00007ffe0f0b4000 	C:\Users\Admin\.gradle\native\e376f236ea51e6404a007f0833ffe2c6e607c4080706a723a18a27aeea778392\windows-amd64\native-platform-file-events.dll
0x00007ffe7a9b0000 - 0x00007ffe7a9ba000 	C:\Program Files\Microsoft\jdk-17.0.12.7-hotspot\bin\management.dll
0x00007ffe52e90000 - 0x00007ffe52e9b000 	C:\Program Files\Microsoft\jdk-17.0.12.7-hotspot\bin\management_ext.dll
0x00007ffe849b0000 - 0x00007ffe849b8000 	C:\Windows\System32\PSAPI.DLL
0x00007ffe836a0000 - 0x00007ffe836bb000 	C:\Windows\SYSTEM32\CRYPTSP.dll
0x00007ffe82f30000 - 0x00007ffe82f65000 	C:\Windows\system32\rsaenh.dll
0x00007ffe83540000 - 0x00007ffe83568000 	C:\Windows\SYSTEM32\USERENV.dll
0x00007ffe836c0000 - 0x00007ffe836cc000 	C:\Windows\SYSTEM32\CRYPTBASE.dll
0x00007ffe82a40000 - 0x00007ffe82a6d000 	C:\Windows\SYSTEM32\IPHLPAPI.DLL
0x00007ffe85990000 - 0x00007ffe85999000 	C:\Windows\System32\NSI.dll
0x00007ffe7bd80000 - 0x00007ffe7bd99000 	C:\Windows\SYSTEM32\dhcpcsvc6.DLL
0x00007ffe7bd60000 - 0x00007ffe7bd7f000 	C:\Windows\SYSTEM32\dhcpcsvc.DLL
0x00007ffe82ab0000 - 0x00007ffe82bb2000 	C:\Windows\SYSTEM32\DNSAPI.dll
0x00007ffe2e0f0000 - 0x00007ffe2e0f9000 	C:\Program Files\Microsoft\jdk-17.0.12.7-hotspot\bin\extnet.dll
0x00007ffe1a2d0000 - 0x00007ffe1a2de000 	C:\Program Files\Microsoft\jdk-17.0.12.7-hotspot\bin\sunmscapi.dll
0x00007ffe84810000 - 0x00007ffe84976000 	C:\Windows\System32\CRYPT32.dll
0x00007ffe83840000 - 0x00007ffe8386d000 	C:\Windows\SYSTEM32\ncrypt.dll
0x00007ffe83800000 - 0x00007ffe83837000 	C:\Windows\SYSTEM32\NTASN1.dll
0x00007ffe550a0000 - 0x00007ffe550a8000 	C:\Windows\system32\wshunix.dll

dbghelp: loaded successfully - version: 4.0.5 - missing functions: none
symbol engine: initialized successfully - sym options: 0x614 - pdb path: .;C:\Program Files\Microsoft\jdk-17.0.12.7-hotspot\bin;C:\Windows\SYSTEM32;C:\Windows\WinSxS\amd64_microsoft.windows.common-controls_6595b64144ccf1df_6.0.22621.4391_none_2715d37f73803e96;C:\Program Files\Microsoft\jdk-17.0.12.7-hotspot\bin\server;C:\Users\Admin\.gradle\native\68d5fa5c4cc2d200863cafc0d521ce42e7d3e7ee720ec0a83991735586a16f82\windows-amd64;C:\Users\Admin\.gradle\native\e376f236ea51e6404a007f0833ffe2c6e607c4080706a723a18a27aeea778392\windows-amd64

VM Arguments:
jvm_args: --add-opens=java.base/java.util=ALL-UNNAMED --add-opens=java.base/java.lang=ALL-UNNAMED --add-opens=java.base/java.lang.invoke=ALL-UNNAMED --add-opens=java.prefs/java.util.prefs=ALL-UNNAMED --add-opens=java.base/java.nio.charset=ALL-UNNAMED --add-opens=java.base/java.net=ALL-UNNAMED --add-opens=java.base/java.util.concurrent.atomic=ALL-UNNAMED -Xmx4G -Dfile.encoding=windows-1252 -Duser.country=US -Duser.language=en -Duser.variant -javaagent:C:\Users\Admin\.gradle\wrapper\dists\gradle-8.1-all\20ex0cxcummvwpmavmhfg81jg\gradle-8.1\lib\agents\gradle-instrumentation-agent-8.1.jar 
java_command: org.gradle.launcher.daemon.bootstrap.GradleDaemon 8.1
java_class_path (initial): C:\Users\Admin\.gradle\wrapper\dists\gradle-8.1-all\20ex0cxcummvwpmavmhfg81jg\gradle-8.1\lib\gradle-launcher-8.1.jar
Launcher Type: SUN_STANDARD

[Global flags]
     intx CICompilerCount                          = 4                                         {product} {ergonomic}
     uint ConcGCThreads                            = 3                                         {product} {ergonomic}
     uint G1ConcRefinementThreads                  = 10                                        {product} {ergonomic}
   size_t G1HeapRegionSize                         = 2097152                                   {product} {ergonomic}
    uintx GCDrainStackTargetSize                   = 64                                        {product} {ergonomic}
   size_t InitialHeapSize                          = 260046848                                 {product} {ergonomic}
   size_t MarkStackSize                            = 4194304                                   {product} {ergonomic}
   size_t MaxHeapSize                              = 4294967296                                {product} {command line}
   size_t MaxNewSize                               = 2575302656                                {product} {ergonomic}
   size_t MinHeapDeltaBytes                        = 2097152                                   {product} {ergonomic}
   size_t MinHeapSize                              = 8388608                                   {product} {ergonomic}
    uintx NonNMethodCodeHeapSize                   = 5839372                                {pd product} {ergonomic}
    uintx NonProfiledCodeHeapSize                  = 122909434                              {pd product} {ergonomic}
    uintx ProfiledCodeHeapSize                     = 122909434                              {pd product} {ergonomic}
    uintx ReservedCodeCacheSize                    = 251658240                              {pd product} {ergonomic}
     bool SegmentedCodeCache                       = true                                      {product} {ergonomic}
   size_t SoftMaxHeapSize                          = 4294967296                             {manageable} {ergonomic}
     bool UseCompressedClassPointers               = true                           {product lp64_product} {ergonomic}
     bool UseCompressedOops                        = true                           {product lp64_product} {ergonomic}
     bool UseG1GC                                  = true                                      {product} {ergonomic}
     bool UseLargePagesIndividualAllocation        = false                                  {pd product} {ergonomic}

Logging:
Log output configuration:
 #0: stdout all=warning uptime,level,tags
 #1: stderr all=off uptime,level,tags

Environment Variables:
JAVA_HOME=C:\Program Files\Microsoft\jdk-17.0.12.7-hotspot
CLASSPATH=C:\Users\Admin\Desktop\ALL Plants Disease\FLUTTERAPP\mamatay\argivysor\android\\gradle\wrapper\gradle-wrapper.jar
PATH=C:\Program Files\Microsoft\jdk-17.0.12.7-hotspot\bin;C:\Ruby33-x64\bin;C:\Android\emulator;C:\Program Files\Microsoft\jdk-17.0.12.7-hotspot\bin;C:\Android\cmdline-tools\latest\bin;C:\Android\platform-tools;C:\Windows\system32;C:\Windows;C:\Windows\System32\Wbem;C:\Windows\System32\WindowsPowerShell\v1.0\;C:\Windows\System32\OpenSSH\;C:\Users\Admin\AppData\Local\Microsoft\WindowsApps;C:\Users\Admin\AppData\Local\spicetify;C:\adb;C:\Program Files\dotnet\;C:\ProgramData\chocolatey\bin;C:\Program Files\GitHub CLI\;C:\ffmpeg\bin\;C:\Program Files (x86)\cloudflared\;C:\Program Files\Git\cmd;%ANDROID_HOME%\tools;%ANDROID_HOME%\tools\bin;%ANDROID_HOME%\platform-tools;C:\Users\Admin\miniconda3;C:\Users\Admin\miniconda3\Library\mingw-w64\bin;C:\Users\Admin\miniconda3\Library\usr\bin;C:\Users\Admin\miniconda3\Library\bin;C:\Users\Admin\miniconda3\Scripts;C:\Users\Admin\AppData\Local\Programs\Python\Python312\Scripts\;C:\Users\Admin\AppData\Local\Programs\Python\Python312\;C:\Users\Admin\AppData\Local\Microsoft\WinGet\Links;C:\tools\dart-sdk\bin;C:\Users\Admin\AppData\Local\Pub\Cache\bin;C:;%ANDROID_HOME%\emulator;C:\Program Files\Microsoft\jdk-17.0.12.7-hotspot\bin;%FLUTTER_HOME%\bin;C:\Program Files\CMake\bin;C:\Users\Admin\AppData\Local\Packages\PythonSoftwareFoundation.Python.3.12_qbz5n2kfra8p0\LocalCache\local-packages\Python312\Scripts;C:\Program Files\Microsoft\jdk-17.0.12.7-hotspot\bin\;C:\Windows\system32;C:\Windows;C:\Windows\System32\Wbem;C:\Windows\System32\WindowsPowerShell\v1.0\;C:\Windows\System32\OpenSSH\;C:\Users\Admin\AppData\Local\Microsoft\WindowsApps;C:\Users\Admin\AppData\Local\spicetify;C:\adb;C:\Program Files\dotnet\;C:\ProgramData\chocolatey\bin;C:\Program Files\GitHub CLI\;C:\ffmpeg\bin\;C:\Program Files (x86)\cloudflared\;C:\Program Files\Git\cmd;%ANDROID_HOME%\tools;%ANDROID_HOME%\tools\bin;%ANDROID_HOME%\platform-tools;C:\Users\Admin\miniconda3;C:\Users\Admin\miniconda3\Library\mingw-w64\bin;C:\Users\Admin\miniconda3\Library\usr\bin;C:\Users\Admin
USERNAME=Admin
OS=Windows_NT
PROCESSOR_IDENTIFIER=AMD64 Family 23 Model 96 Stepping 1, AuthenticAMD
TMP=C:\Users\Admin\AppData\Local\Temp
TEMP=C:\Users\Admin\AppData\Local\Temp



Periodic native trim disabled


---------------  S Y S T E M  ---------------

OS:
 Windows 11 , 64 bit Build 22621 (10.0.22621.4391)
OS uptime: 0 days 1:00 hours

CPU: total 12 (initial active 12) (12 cores per cpu, 2 threads per core) family 23 model 96 stepping 1 microcode 0x0, cx8, cmov, fxsr, ht, mmx, 3dnowpref, sse, sse2, sse3, ssse3, sse4a, sse4.1, sse4.2, popcnt, lzcnt, tsc, tscinvbit, avx, avx2, aes, clmul, bmi1, bmi2, adx, sha, fma, vzeroupper, clflush, clflushopt
Processor Information for the first 12 processors :
  Max Mhz: 3701, Current Mhz: 3701, Mhz Limit: 3701

Memory: 4k page, system-wide physical 15761M (308M free)
TotalPageFile size 19761M (AvailPageFile size 2M)
current process WorkingSet (physical memory assigned to process): 179M, peak: 179M
current process commit charge ("private bytes"): 401M, peak: 403M

vm_info: OpenJDK 64-Bit Server VM (17.0.12+7-LTS) for windows-amd64 JRE (17.0.12+7-LTS), built on Jul 16 2024 18:11:44 by "MicrosoftCorporation" with unknown MS VC++:1939

END.
