#
# There is insufficient memory for the Java Runtime Environment to continue.
# Native memory allocation (malloc) failed to allocate 314896 bytes. Error detail: Chunk::new
# Possible reasons:
#   The system is out of physical RAM or swap space
#   This process is running with CompressedOops enabled, and the Java Heap may be blocking the growth of the native heap
# Possible solutions:
#   Reduce memory load on the system
#   Increase physical memory or swap space
#   Check if swap backing store is full
#   Decrease Java heap size (-Xmx/-Xms)
#   Decrease number of Java threads
#   Decrease Java thread stack sizes (-Xss)
#   Set larger code cache with -XX:ReservedCodeCacheSize=
#   JVM is running with Zero Based Compressed Oops mode in which the Java heap is
#     placed in the first 32GB address space. The Java Heap base address is the
#     maximum limit for the native heap growth. Please use -XX:HeapBaseMinAddress
#     to set the Java Heap base and to place the Java Heap above 32GB virtual address.
# This output file may be truncated or incomplete.
#
#  Out of Memory Error (arena.cpp:191), pid=20824, tid=348
#
# JRE version: OpenJDK Runtime Environment Microsoft-9889599 (17.0.12+7) (build 17.0.12+7-LTS)
# Java VM: OpenJDK 64-Bit Server VM Microsoft-9889599 (17.0.12+7-LTS, mixed mode, sharing, tiered, compressed oops, compressed class ptrs, g1 gc, windows-amd64)
# No core dump will be written. Minidumps are not enabled by default on client versions of Windows
#

---------------  S U M M A R Y ------------

Command Line: -Dorg.gradle.appname=gradlew org.gradle.wrapper.GradleWrapperMain -q -Ptarget-platform=android-x64 -Ptarget=C:\Users\Admin\Desktop\ALL_Plants_Disease\FLUTTERAPP\mamatay\argivysor\lib\main.dart -Pbase-application-name=android.app.Application -Pdart-obfuscation=false -Ptrack-widget-creation=true -Ptree-shake-icons=false -Pfilesystem-scheme=org-dartlang-root assembleDebug

Host: AMD Ryzen 5 4600G with Radeon Graphics, 12 cores, 15G,  Windows 11 , 64 bit Build 22621 (10.0.22621.4391)
Time: Mon Nov  4 21:06:56 2024 China Standard Time elapsed time: 0.493585 seconds (0d 0h 0m 0s)

---------------  T H R E A D  ---------------

Current thread (0x0000028ed5d99af0):  JavaThread "C2 CompilerThread2" daemon [_thread_in_native, id=348, stack(0x000000bff8a00000,0x000000bff8b00000)]


Current CompileTask:
C2:    494  763  s!   4       jdk.internal.loader.URLClassPath::getLoader (194 bytes)

Stack: [0x000000bff8a00000,0x000000bff8b00000]
Native frames: (J=compiled Java code, j=interpreted, Vv=VM code, C=native code)
V  [jvm.dll+0x686d99]
V  [jvm.dll+0x83daf8]
V  [jvm.dll+0x83f5a3]
V  [jvm.dll+0x83fc13]
V  [jvm.dll+0x2492ef]
V  [jvm.dll+0xad0a4]
V  [jvm.dll+0xad73c]
V  [jvm.dll+0x2b09af]
V  [jvm.dll+0x58d829]
V  [jvm.dll+0x223592]
V  [jvm.dll+0x22398f]
V  [jvm.dll+0x21c740]
V  [jvm.dll+0x21986b]
V  [jvm.dll+0x1a53e6]
V  [jvm.dll+0x229faa]
V  [jvm.dll+0x2280fb]
V  [jvm.dll+0x7f3508]
V  [jvm.dll+0x7ed87c]
V  [jvm.dll+0x685c77]
C  [ucrtbase.dll+0x29333]
C  [KERNEL32.DLL+0x1259d]
C  [ntdll.dll+0x5af38]


---------------  P R O C E S S  ---------------

Threads class SMR info:
_java_thread_list=0x0000028ed5d4caa0, length=14, elements={
0x0000028eb2b1da20, 0x0000028ed5aa83e0, 0x0000028ed5aa8f70, 0x0000028ed5abcc90,
0x0000028ed5ac26e0, 0x0000028ed5ac3fc0, 0x0000028ed5ac4890, 0x0000028ed5ac5b50,
0x0000028ed5ac6510, 0x0000028ed5ad9fa0, 0x0000028ed5c26e50, 0x0000028ed5c313f0,
0x0000028ed5d85030, 0x0000028ed5d99af0
}

Java Threads: ( => current thread )
  0x0000028eb2b1da20 JavaThread "main" [_thread_blocked, id=20880, stack(0x000000bff7600000,0x000000bff7700000)]
  0x0000028ed5aa83e0 JavaThread "Reference Handler" daemon [_thread_blocked, id=2940, stack(0x000000bff7d00000,0x000000bff7e00000)]
  0x0000028ed5aa8f70 JavaThread "Finalizer" daemon [_thread_blocked, id=8160, stack(0x000000bff7e00000,0x000000bff7f00000)]
  0x0000028ed5abcc90 JavaThread "Signal Dispatcher" daemon [_thread_blocked, id=11056, stack(0x000000bff7f00000,0x000000bff8000000)]
  0x0000028ed5ac26e0 JavaThread "Attach Listener" daemon [_thread_blocked, id=5480, stack(0x000000bff8000000,0x000000bff8100000)]
  0x0000028ed5ac3fc0 JavaThread "Service Thread" daemon [_thread_blocked, id=1416, stack(0x000000bff8100000,0x000000bff8200000)]
  0x0000028ed5ac4890 JavaThread "Monitor Deflation Thread" daemon [_thread_blocked, id=18852, stack(0x000000bff8200000,0x000000bff8300000)]
  0x0000028ed5ac5b50 JavaThread "C2 CompilerThread0" daemon [_thread_in_native, id=9108, stack(0x000000bff8300000,0x000000bff8400000)]
  0x0000028ed5ac6510 JavaThread "C1 CompilerThread0" daemon [_thread_blocked, id=17240, stack(0x000000bff8400000,0x000000bff8500000)]
  0x0000028ed5ad9fa0 JavaThread "Sweeper thread" daemon [_thread_blocked, id=16184, stack(0x000000bff8500000,0x000000bff8600000)]
  0x0000028ed5c26e50 JavaThread "Notification Thread" daemon [_thread_blocked, id=18688, stack(0x000000bff8600000,0x000000bff8700000)]
  0x0000028ed5c313f0 JavaThread "Common-Cleaner" daemon [_thread_blocked, id=13728, stack(0x000000bff8800000,0x000000bff8900000)]
  0x0000028ed5d85030 JavaThread "C2 CompilerThread1" daemon [_thread_in_native, id=8996, stack(0x000000bff8900000,0x000000bff8a00000)]
=>0x0000028ed5d99af0 JavaThread "C2 CompilerThread2" daemon [_thread_in_native, id=348, stack(0x000000bff8a00000,0x000000bff8b00000)]

Other Threads:
  0x0000028ed5aa39c0 VMThread "VM Thread" [stack: 0x000000bff7c00000,0x000000bff7d00000] [id=15220]
  0x0000028ed5c27740 WatcherThread [stack: 0x000000bff8700000,0x000000bff8800000] [id=16248]
  0x0000028eb2b892e0 GCTaskThread "GC Thread#0" [stack: 0x000000bff7700000,0x000000bff7800000] [id=14176]
  0x0000028f1b745f80 GCTaskThread "GC Thread#1" [stack: 0x000000bff8b00000,0x000000bff8c00000] [id=17220]
  0x0000028f1b9793c0 GCTaskThread "GC Thread#2" [stack: 0x000000bff8c00000,0x000000bff8d00000] [id=20868]
  0x0000028f1bc40950 GCTaskThread "GC Thread#3" [stack: 0x000000bff8d00000,0x000000bff8e00000] [id=20284]
  0x0000028f1b81a140 GCTaskThread "GC Thread#4" [stack: 0x000000bff8e00000,0x000000bff8f00000] [id=19756]
  0x0000028eb2b99690 ConcurrentGCThread "G1 Main Marker" [stack: 0x000000bff7800000,0x000000bff7900000] [id=20116]
  0x0000028eb2b99ec0 ConcurrentGCThread "G1 Conc#0" [stack: 0x000000bff7900000,0x000000bff7a00000] [id=18876]
  0x0000028eb2bceb10 ConcurrentGCThread "G1 Refine#0" [stack: 0x000000bff7a00000,0x000000bff7b00000] [id=18312]
  0x0000028ed595d610 ConcurrentGCThread "G1 Service" [stack: 0x000000bff7b00000,0x000000bff7c00000] [id=19220]

Threads with active compile tasks:
C2 CompilerThread0      534  764       4       java.util.jar.JarFile::getEntry (35 bytes)
C2 CompilerThread1      534  775       4       java.io.WinNTFileSystem::normalize (143 bytes)
C2 CompilerThread2      535  763  s!   4       jdk.internal.loader.URLClassPath::getLoader (194 bytes)

VM state: at safepoint (normal execution)

VM Mutex/Monitor currently owned by a thread:  ([mutex/lock_event])
[0x0000028eb2b183e0] Threads_lock - owner thread: 0x0000028ed5aa39c0
[0x0000028eb2b19b80] Heap_lock - owner thread: 0x0000028eb2b1da20

Heap address: 0x0000000709a00000, size: 3942 MB, Compressed Oops mode: Zero based, Oop shift amount: 3

CDS archive(s) mapped at: [0x0000028ed6000000-0x0000028ed6bb0000-0x0000028ed6bb0000), size 12255232, SharedBaseAddress: 0x0000028ed6000000, ArchiveRelocationMode: 1.
Compressed class space mapped at: 0x0000028ed7000000-0x0000028f17000000, reserved size: 1073741824
Narrow klass base: 0x0000028ed6000000, Narrow klass shift: 0, Narrow klass range: 0x100000000

GC Precious Log:
 CPUs: 12 total, 12 available
 Memory: 15761M
 Large Page Support: Disabled
 NUMA Support: Disabled
 Compressed Oops: Enabled (Zero based)
 Heap Region Size: 2M
 Heap Min Capacity: 8M
 Heap Initial Capacity: 248M
 Heap Max Capacity: 3942M
 Pre-touch: Disabled
 Parallel Workers: 10
 Concurrent Workers: 3
 Concurrent Refinement Workers: 10
 Periodic GC: Disabled

Heap:
 garbage-first heap   total 253952K, used 26624K [0x0000000709a00000, 0x0000000800000000)
  region size 2048K, 12 young (24576K), 1 survivors (2048K)
 Metaspace       used 3645K, committed 3776K, reserved 1114112K
  class space    used 448K, committed 512K, reserved 1048576K

Heap Regions: E=young(eden), S=young(survivor), O=old, HS=humongous(starts), HC=humongous(continues), CS=collection set, F=free, OA=open archive, CA=closed archive, TAMS=top-at-mark-start (previous, next)
|   0|0x0000000709a00000, 0x0000000709c00000, 0x0000000709c00000|100%|HS|  |TAMS 0x0000000709a00000, 0x0000000709a00000| Complete 
|   1|0x0000000709c00000, 0x0000000709e00000, 0x0000000709e00000|100%|HC|  |TAMS 0x0000000709c00000, 0x0000000709c00000| Complete 
|   2|0x0000000709e00000, 0x0000000709e00000, 0x000000070a000000|  0%| F|  |TAMS 0x0000000709e00000, 0x0000000709e00000| Untracked 
|   3|0x000000070a000000, 0x000000070a000000, 0x000000070a200000|  0%| F|  |TAMS 0x000000070a000000, 0x000000070a000000| Untracked 
|   4|0x000000070a200000, 0x000000070a200000, 0x000000070a400000|  0%| F|  |TAMS 0x000000070a200000, 0x000000070a200000| Untracked 
|   5|0x000000070a400000, 0x000000070a400000, 0x000000070a600000|  0%| F|  |TAMS 0x000000070a400000, 0x000000070a400000| Untracked 
|   6|0x000000070a600000, 0x000000070a600000, 0x000000070a800000|  0%| F|  |TAMS 0x000000070a600000, 0x000000070a600000| Untracked 
|   7|0x000000070a800000, 0x000000070a800000, 0x000000070aa00000|  0%| F|  |TAMS 0x000000070a800000, 0x000000070a800000| Untracked 
|   8|0x000000070aa00000, 0x000000070aa00000, 0x000000070ac00000|  0%| F|  |TAMS 0x000000070aa00000, 0x000000070aa00000| Untracked 
|   9|0x000000070ac00000, 0x000000070ac00000, 0x000000070ae00000|  0%| F|  |TAMS 0x000000070ac00000, 0x000000070ac00000| Untracked 
|  10|0x000000070ae00000, 0x000000070ae00000, 0x000000070b000000|  0%| F|  |TAMS 0x000000070ae00000, 0x000000070ae00000| Untracked 
|  11|0x000000070b000000, 0x000000070b000000, 0x000000070b200000|  0%| F|  |TAMS 0x000000070b000000, 0x000000070b000000| Untracked 
|  12|0x000000070b200000, 0x000000070b200000, 0x000000070b400000|  0%| F|  |TAMS 0x000000070b200000, 0x000000070b200000| Untracked 
|  13|0x000000070b400000, 0x000000070b400000, 0x000000070b600000|  0%| F|  |TAMS 0x000000070b400000, 0x000000070b400000| Untracked 
|  14|0x000000070b600000, 0x000000070b600000, 0x000000070b800000|  0%| F|  |TAMS 0x000000070b600000, 0x000000070b600000| Untracked 
|  15|0x000000070b800000, 0x000000070b800000, 0x000000070ba00000|  0%| F|  |TAMS 0x000000070b800000, 0x000000070b800000| Untracked 
|  16|0x000000070ba00000, 0x000000070ba00000, 0x000000070bc00000|  0%| F|  |TAMS 0x000000070ba00000, 0x000000070ba00000| Untracked 
|  17|0x000000070bc00000, 0x000000070bc00000, 0x000000070be00000|  0%| F|  |TAMS 0x000000070bc00000, 0x000000070bc00000| Untracked 
|  18|0x000000070be00000, 0x000000070be00000, 0x000000070c000000|  0%| F|  |TAMS 0x000000070be00000, 0x000000070be00000| Untracked 
|  19|0x000000070c000000, 0x000000070c000000, 0x000000070c200000|  0%| F|  |TAMS 0x000000070c000000, 0x000000070c000000| Untracked 
|  20|0x000000070c200000, 0x000000070c200000, 0x000000070c400000|  0%| F|  |TAMS 0x000000070c200000, 0x000000070c200000| Untracked 
|  21|0x000000070c400000, 0x000000070c400000, 0x000000070c600000|  0%| F|  |TAMS 0x000000070c400000, 0x000000070c400000| Untracked 
|  22|0x000000070c600000, 0x000000070c600000, 0x000000070c800000|  0%| F|  |TAMS 0x000000070c600000, 0x000000070c600000| Untracked 
|  23|0x000000070c800000, 0x000000070c800000, 0x000000070ca00000|  0%| F|  |TAMS 0x000000070c800000, 0x000000070c800000| Untracked 
|  24|0x000000070ca00000, 0x000000070ca00000, 0x000000070cc00000|  0%| F|  |TAMS 0x000000070ca00000, 0x000000070ca00000| Untracked 
|  25|0x000000070cc00000, 0x000000070cc00000, 0x000000070ce00000|  0%| F|  |TAMS 0x000000070cc00000, 0x000000070cc00000| Untracked 
|  26|0x000000070ce00000, 0x000000070ce00000, 0x000000070d000000|  0%| F|  |TAMS 0x000000070ce00000, 0x000000070ce00000| Untracked 
|  27|0x000000070d000000, 0x000000070d000000, 0x000000070d200000|  0%| F|  |TAMS 0x000000070d000000, 0x000000070d000000| Untracked 
|  28|0x000000070d200000, 0x000000070d200000, 0x000000070d400000|  0%| F|  |TAMS 0x000000070d200000, 0x000000070d200000| Untracked 
|  29|0x000000070d400000, 0x000000070d400000, 0x000000070d600000|  0%| F|  |TAMS 0x000000070d400000, 0x000000070d400000| Untracked 
|  30|0x000000070d600000, 0x000000070d600000, 0x000000070d800000|  0%| F|  |TAMS 0x000000070d600000, 0x000000070d600000| Untracked 
|  31|0x000000070d800000, 0x000000070d800000, 0x000000070da00000|  0%| F|  |TAMS 0x000000070d800000, 0x000000070d800000| Untracked 
|  32|0x000000070da00000, 0x000000070da00000, 0x000000070dc00000|  0%| F|  |TAMS 0x000000070da00000, 0x000000070da00000| Untracked 
|  33|0x000000070dc00000, 0x000000070dc00000, 0x000000070de00000|  0%| F|  |TAMS 0x000000070dc00000, 0x000000070dc00000| Untracked 
|  34|0x000000070de00000, 0x000000070de00000, 0x000000070e000000|  0%| F|  |TAMS 0x000000070de00000, 0x000000070de00000| Untracked 
|  35|0x000000070e000000, 0x000000070e000000, 0x000000070e200000|  0%| F|  |TAMS 0x000000070e000000, 0x000000070e000000| Untracked 
|  36|0x000000070e200000, 0x000000070e200000, 0x000000070e400000|  0%| F|  |TAMS 0x000000070e200000, 0x000000070e200000| Untracked 
|  37|0x000000070e400000, 0x000000070e400000, 0x000000070e600000|  0%| F|  |TAMS 0x000000070e400000, 0x000000070e400000| Untracked 
|  38|0x000000070e600000, 0x000000070e600000, 0x000000070e800000|  0%| F|  |TAMS 0x000000070e600000, 0x000000070e600000| Untracked 
|  39|0x000000070e800000, 0x000000070e800000, 0x000000070ea00000|  0%| F|  |TAMS 0x000000070e800000, 0x000000070e800000| Untracked 
|  40|0x000000070ea00000, 0x000000070ea00000, 0x000000070ec00000|  0%| F|  |TAMS 0x000000070ea00000, 0x000000070ea00000| Untracked 
|  41|0x000000070ec00000, 0x000000070ec00000, 0x000000070ee00000|  0%| F|  |TAMS 0x000000070ec00000, 0x000000070ec00000| Untracked 
|  42|0x000000070ee00000, 0x000000070ee00000, 0x000000070f000000|  0%| F|  |TAMS 0x000000070ee00000, 0x000000070ee00000| Untracked 
|  43|0x000000070f000000, 0x000000070f000000, 0x000000070f200000|  0%| F|  |TAMS 0x000000070f000000, 0x000000070f000000| Untracked 
|  44|0x000000070f200000, 0x000000070f200000, 0x000000070f400000|  0%| F|  |TAMS 0x000000070f200000, 0x000000070f200000| Untracked 
|  45|0x000000070f400000, 0x000000070f400000, 0x000000070f600000|  0%| F|  |TAMS 0x000000070f400000, 0x000000070f400000| Untracked 
|  46|0x000000070f600000, 0x000000070f600000, 0x000000070f800000|  0%| F|  |TAMS 0x000000070f600000, 0x000000070f600000| Untracked 
|  47|0x000000070f800000, 0x000000070f800000, 0x000000070fa00000|  0%| F|  |TAMS 0x000000070f800000, 0x000000070f800000| Untracked 
|  48|0x000000070fa00000, 0x000000070fa00000, 0x000000070fc00000|  0%| F|  |TAMS 0x000000070fa00000, 0x000000070fa00000| Untracked 
|  49|0x000000070fc00000, 0x000000070fc00000, 0x000000070fe00000|  0%| F|  |TAMS 0x000000070fc00000, 0x000000070fc00000| Untracked 
|  50|0x000000070fe00000, 0x000000070fe00000, 0x0000000710000000|  0%| F|  |TAMS 0x000000070fe00000, 0x000000070fe00000| Untracked 
|  51|0x0000000710000000, 0x0000000710000000, 0x0000000710200000|  0%| F|  |TAMS 0x0000000710000000, 0x0000000710000000| Untracked 
|  52|0x0000000710200000, 0x0000000710200000, 0x0000000710400000|  0%| F|  |TAMS 0x0000000710200000, 0x0000000710200000| Untracked 
|  53|0x0000000710400000, 0x0000000710400000, 0x0000000710600000|  0%| F|  |TAMS 0x0000000710400000, 0x0000000710400000| Untracked 
|  54|0x0000000710600000, 0x0000000710600000, 0x0000000710800000|  0%| F|  |TAMS 0x0000000710600000, 0x0000000710600000| Untracked 
|  55|0x0000000710800000, 0x0000000710800000, 0x0000000710a00000|  0%| F|  |TAMS 0x0000000710800000, 0x0000000710800000| Untracked 
|  56|0x0000000710a00000, 0x0000000710a00000, 0x0000000710c00000|  0%| F|  |TAMS 0x0000000710a00000, 0x0000000710a00000| Untracked 
|  57|0x0000000710c00000, 0x0000000710c00000, 0x0000000710e00000|  0%| F|  |TAMS 0x0000000710c00000, 0x0000000710c00000| Untracked 
|  58|0x0000000710e00000, 0x0000000710e00000, 0x0000000711000000|  0%| F|  |TAMS 0x0000000710e00000, 0x0000000710e00000| Untracked 
|  59|0x0000000711000000, 0x0000000711000000, 0x0000000711200000|  0%| F|  |TAMS 0x0000000711000000, 0x0000000711000000| Untracked 
|  60|0x0000000711200000, 0x0000000711200000, 0x0000000711400000|  0%| F|  |TAMS 0x0000000711200000, 0x0000000711200000| Untracked 
|  61|0x0000000711400000, 0x0000000711400000, 0x0000000711600000|  0%| F|  |TAMS 0x0000000711400000, 0x0000000711400000| Untracked 
|  62|0x0000000711600000, 0x0000000711600000, 0x0000000711800000|  0%| F|  |TAMS 0x0000000711600000, 0x0000000711600000| Untracked 
|  63|0x0000000711800000, 0x0000000711800000, 0x0000000711a00000|  0%| F|  |TAMS 0x0000000711800000, 0x0000000711800000| Untracked 
|  64|0x0000000711a00000, 0x0000000711a00000, 0x0000000711c00000|  0%| F|  |TAMS 0x0000000711a00000, 0x0000000711a00000| Untracked 
|  65|0x0000000711c00000, 0x0000000711c00000, 0x0000000711e00000|  0%| F|  |TAMS 0x0000000711c00000, 0x0000000711c00000| Untracked 
|  66|0x0000000711e00000, 0x0000000711e00000, 0x0000000712000000|  0%| F|  |TAMS 0x0000000711e00000, 0x0000000711e00000| Untracked 
|  67|0x0000000712000000, 0x0000000712000000, 0x0000000712200000|  0%| F|  |TAMS 0x0000000712000000, 0x0000000712000000| Untracked 
|  68|0x0000000712200000, 0x0000000712200000, 0x0000000712400000|  0%| F|  |TAMS 0x0000000712200000, 0x0000000712200000| Untracked 
|  69|0x0000000712400000, 0x0000000712400000, 0x0000000712600000|  0%| F|  |TAMS 0x0000000712400000, 0x0000000712400000| Untracked 
|  70|0x0000000712600000, 0x0000000712600000, 0x0000000712800000|  0%| F|  |TAMS 0x0000000712600000, 0x0000000712600000| Untracked 
|  71|0x0000000712800000, 0x0000000712800000, 0x0000000712a00000|  0%| F|  |TAMS 0x0000000712800000, 0x0000000712800000| Untracked 
|  72|0x0000000712a00000, 0x0000000712a00000, 0x0000000712c00000|  0%| F|  |TAMS 0x0000000712a00000, 0x0000000712a00000| Untracked 
|  73|0x0000000712c00000, 0x0000000712c00000, 0x0000000712e00000|  0%| F|  |TAMS 0x0000000712c00000, 0x0000000712c00000| Untracked 
|  74|0x0000000712e00000, 0x0000000712e00000, 0x0000000713000000|  0%| F|  |TAMS 0x0000000712e00000, 0x0000000712e00000| Untracked 
|  75|0x0000000713000000, 0x0000000713000000, 0x0000000713200000|  0%| F|  |TAMS 0x0000000713000000, 0x0000000713000000| Untracked 
|  76|0x0000000713200000, 0x0000000713200000, 0x0000000713400000|  0%| F|  |TAMS 0x0000000713200000, 0x0000000713200000| Untracked 
|  77|0x0000000713400000, 0x0000000713400000, 0x0000000713600000|  0%| F|  |TAMS 0x0000000713400000, 0x0000000713400000| Untracked 
|  78|0x0000000713600000, 0x0000000713600000, 0x0000000713800000|  0%| F|  |TAMS 0x0000000713600000, 0x0000000713600000| Untracked 
|  79|0x0000000713800000, 0x0000000713800000, 0x0000000713a00000|  0%| F|  |TAMS 0x0000000713800000, 0x0000000713800000| Untracked 
|  80|0x0000000713a00000, 0x0000000713a00000, 0x0000000713c00000|  0%| F|  |TAMS 0x0000000713a00000, 0x0000000713a00000| Untracked 
|  81|0x0000000713c00000, 0x0000000713c00000, 0x0000000713e00000|  0%| F|  |TAMS 0x0000000713c00000, 0x0000000713c00000| Untracked 
|  82|0x0000000713e00000, 0x0000000713e00000, 0x0000000714000000|  0%| F|  |TAMS 0x0000000713e00000, 0x0000000713e00000| Untracked 
|  83|0x0000000714000000, 0x0000000714000000, 0x0000000714200000|  0%| F|  |TAMS 0x0000000714000000, 0x0000000714000000| Untracked 
|  84|0x0000000714200000, 0x0000000714200000, 0x0000000714400000|  0%| F|  |TAMS 0x0000000714200000, 0x0000000714200000| Untracked 
|  85|0x0000000714400000, 0x0000000714400000, 0x0000000714600000|  0%| F|  |TAMS 0x0000000714400000, 0x0000000714400000| Untracked 
|  86|0x0000000714600000, 0x0000000714600000, 0x0000000714800000|  0%| F|  |TAMS 0x0000000714600000, 0x0000000714600000| Untracked 
|  87|0x0000000714800000, 0x0000000714800000, 0x0000000714a00000|  0%| F|  |TAMS 0x0000000714800000, 0x0000000714800000| Untracked 
|  88|0x0000000714a00000, 0x0000000714a00000, 0x0000000714c00000|  0%| F|  |TAMS 0x0000000714a00000, 0x0000000714a00000| Untracked 
|  89|0x0000000714c00000, 0x0000000714c00000, 0x0000000714e00000|  0%| F|  |TAMS 0x0000000714c00000, 0x0000000714c00000| Untracked 
|  90|0x0000000714e00000, 0x0000000714e00000, 0x0000000715000000|  0%| F|  |TAMS 0x0000000714e00000, 0x0000000714e00000| Untracked 
|  91|0x0000000715000000, 0x0000000715000000, 0x0000000715200000|  0%| F|  |TAMS 0x0000000715000000, 0x0000000715000000| Untracked 
|  92|0x0000000715200000, 0x0000000715200000, 0x0000000715400000|  0%| F|  |TAMS 0x0000000715200000, 0x0000000715200000| Untracked 
|  93|0x0000000715400000, 0x0000000715400000, 0x0000000715600000|  0%| F|  |TAMS 0x0000000715400000, 0x0000000715400000| Untracked 
|  94|0x0000000715600000, 0x0000000715600000, 0x0000000715800000|  0%| F|  |TAMS 0x0000000715600000, 0x0000000715600000| Untracked 
|  95|0x0000000715800000, 0x0000000715800000, 0x0000000715a00000|  0%| F|  |TAMS 0x0000000715800000, 0x0000000715800000| Untracked 
|  96|0x0000000715a00000, 0x0000000715a00000, 0x0000000715c00000|  0%| F|  |TAMS 0x0000000715a00000, 0x0000000715a00000| Untracked 
|  97|0x0000000715c00000, 0x0000000715c00000, 0x0000000715e00000|  0%| F|  |TAMS 0x0000000715c00000, 0x0000000715c00000| Untracked 
|  98|0x0000000715e00000, 0x0000000715e00000, 0x0000000716000000|  0%| F|  |TAMS 0x0000000715e00000, 0x0000000715e00000| Untracked 
|  99|0x0000000716000000, 0x0000000716000000, 0x0000000716200000|  0%| F|  |TAMS 0x0000000716000000, 0x0000000716000000| Untracked 
| 100|0x0000000716200000, 0x0000000716200000, 0x0000000716400000|  0%| F|  |TAMS 0x0000000716200000, 0x0000000716200000| Untracked 
| 101|0x0000000716400000, 0x0000000716400000, 0x0000000716600000|  0%| F|  |TAMS 0x0000000716400000, 0x0000000716400000| Untracked 
| 102|0x0000000716600000, 0x0000000716600000, 0x0000000716800000|  0%| F|  |TAMS 0x0000000716600000, 0x0000000716600000| Untracked 
| 103|0x0000000716800000, 0x0000000716800000, 0x0000000716a00000|  0%| F|  |TAMS 0x0000000716800000, 0x0000000716800000| Untracked 
| 104|0x0000000716a00000, 0x0000000716a00000, 0x0000000716c00000|  0%| F|  |TAMS 0x0000000716a00000, 0x0000000716a00000| Untracked 
| 105|0x0000000716c00000, 0x0000000716c00000, 0x0000000716e00000|  0%| F|  |TAMS 0x0000000716c00000, 0x0000000716c00000| Untracked 
| 106|0x0000000716e00000, 0x0000000716e00000, 0x0000000717000000|  0%| F|  |TAMS 0x0000000716e00000, 0x0000000716e00000| Untracked 
| 107|0x0000000717000000, 0x0000000717000000, 0x0000000717200000|  0%| F|  |TAMS 0x0000000717000000, 0x0000000717000000| Untracked 
| 108|0x0000000717200000, 0x0000000717200000, 0x0000000717400000|  0%| F|  |TAMS 0x0000000717200000, 0x0000000717200000| Untracked 
| 109|0x0000000717400000, 0x0000000717400000, 0x0000000717600000|  0%| F|  |TAMS 0x0000000717400000, 0x0000000717400000| Untracked 
| 110|0x0000000717600000, 0x0000000717600000, 0x0000000717800000|  0%| F|  |TAMS 0x0000000717600000, 0x0000000717600000| Untracked 
| 111|0x0000000717800000, 0x0000000717a00000, 0x0000000717a00000|100%| S|  |TAMS 0x0000000717800000, 0x0000000717800000| Complete 
| 112|0x0000000717a00000, 0x0000000717c00000, 0x0000000717c00000|100%| S|  |TAMS 0x0000000717a00000, 0x0000000717a00000| Complete 
| 113|0x0000000717c00000, 0x0000000717c00000, 0x0000000717e00000|  0%| F|CS|TAMS 0x0000000717c00000, 0x0000000717c00000| Untracked 
| 114|0x0000000717e00000, 0x0000000717e00000, 0x0000000718000000|  0%| F|  |TAMS 0x0000000717e00000, 0x0000000717e00000| Untracked 
| 115|0x0000000718000000, 0x0000000718000000, 0x0000000718200000|  0%| F|  |TAMS 0x0000000718000000, 0x0000000718000000| Untracked 
| 116|0x0000000718200000, 0x0000000718200000, 0x0000000718400000|  0%| F|  |TAMS 0x0000000718200000, 0x0000000718200000| Untracked 
| 117|0x0000000718400000, 0x0000000718400000, 0x0000000718600000|  0%| F|  |TAMS 0x0000000718400000, 0x0000000718400000| Untracked 
| 118|0x0000000718600000, 0x0000000718600000, 0x0000000718800000|  0%| F|  |TAMS 0x0000000718600000, 0x0000000718600000| Untracked 
| 119|0x0000000718800000, 0x0000000718800000, 0x0000000718a00000|  0%| F|  |TAMS 0x0000000718800000, 0x0000000718800000| Untracked 
| 120|0x0000000718a00000, 0x0000000718a00000, 0x0000000718c00000|  0%| F|  |TAMS 0x0000000718a00000, 0x0000000718a00000| Untracked 
| 121|0x0000000718c00000, 0x0000000718c00000, 0x0000000718e00000|  0%| F|  |TAMS 0x0000000718c00000, 0x0000000718c00000| Untracked 
| 122|0x0000000718e00000, 0x0000000718e00000, 0x0000000719000000|  0%| F|  |TAMS 0x0000000718e00000, 0x0000000718e00000| Untracked 
| 123|0x0000000719000000, 0x0000000719000800, 0x0000000719200000|  0%| E|  |TAMS 0x0000000719000000, 0x0000000719000000| Complete 

Card table byte_map: [0x0000028eca350000,0x0000028ecab10000] _byte_map_base: 0x0000028ec6b03000

Marking Bits (Prev, Next): (CMBitMap*) 0x0000028eb2b89710, (CMBitMap*) 0x0000028eb2b89750
 Prev Bits: [0x0000028ecb2d0000, 0x0000028ecf068000)
 Next Bits: [0x0000028ecf070000, 0x0000028ed2e08000)

Polling page: 0x0000028eb0980000

Metaspace:

Usage:
  Non-class:      3.12 MB used.
      Class:    448.87 KB used.
       Both:      3.56 MB used.

Virtual space:
  Non-class space:       64.00 MB reserved,       3.19 MB (  5%) committed,  1 nodes.
      Class space:        1.00 GB reserved,     512.00 KB ( <1%) committed,  1 nodes.
             Both:        1.06 GB reserved,       3.69 MB ( <1%) committed. 

Chunk freelists:
   Non-Class:  10.69 MB
       Class:  15.47 MB
        Both:  26.16 MB

MaxMetaspaceSize: unlimited
CompressedClassSpaceSize: 1.00 GB
Initial GC threshold: 21.00 MB
Current GC threshold: 21.00 MB
CDS: on
MetaspaceReclaimPolicy: balanced
 - commit_granule_bytes: 65536.
 - commit_granule_words: 8192.
 - virtual_space_node_default_size: 8388608.
 - enlarge_chunks_in_place: 1.
 - new_chunks_are_fully_committed: 0.
 - uncommit_free_chunks: 1.
 - use_allocation_guard: 0.
 - handle_deallocations: 1.


Internal statistics:

num_allocs_failed_limit: 0.
num_arena_births: 18.
num_arena_deaths: 0.
num_vsnodes_births: 2.
num_vsnodes_deaths: 0.
num_space_committed: 59.
num_space_uncommitted: 0.
num_chunks_returned_to_freelist: 0.
num_chunks_taken_from_freelist: 105.
num_chunk_merges: 0.
num_chunk_splits: 65.
num_chunks_enlarged: 59.
num_inconsistent_stats: 0.

CodeHeap 'non-profiled nmethods': size=120000Kb used=290Kb max_used=290Kb free=119709Kb
 bounds [0x0000028ec2110000, 0x0000028ec2380000, 0x0000028ec9640000]
CodeHeap 'profiled nmethods': size=120000Kb used=1437Kb max_used=1437Kb free=118562Kb
 bounds [0x0000028eba640000, 0x0000028eba8b0000, 0x0000028ec1b70000]
CodeHeap 'non-nmethods': size=5760Kb used=1131Kb max_used=1150Kb free=4628Kb
 bounds [0x0000028ec1b70000, 0x0000028ec1de0000, 0x0000028ec2110000]
 total_blobs=1203 nmethods=787 adapters=329
 compilation: enabled
              stopped_count=0, restarted_count=0
 full_count=0

Compilation events (20 events):
Event: 0.468 Thread 0x0000028ed5ac6510  762       3       java.lang.ClassLoader::compareCerts (197 bytes)
Event: 0.469 Thread 0x0000028ed5ac6510 nmethod 762 0x0000028eba792290 code [0x0000028eba7924a0, 0x0000028eba792d78]
Event: 0.470 Thread 0x0000028ed5ac5b50  764       4       java.util.jar.JarFile::getEntry (35 bytes)
Event: 0.474 Thread 0x0000028ed5ac6510  766       3       sun.net.www.ParseUtil::encodePath (41 bytes)
Event: 0.474 Thread 0x0000028ed5ac6510 nmethod 766 0x0000028eba793090 code [0x0000028eba793260, 0x0000028eba7934c8]
Event: 0.476 Thread 0x0000028ed5d85030 nmethod 746 0x0000028ec2153110 code [0x0000028ec2153360, 0x0000028ec2154cc0]
Event: 0.476 Thread 0x0000028ed5d85030  765   !   4       jdk.internal.loader.URLClassPath$JarLoader::getResource (65 bytes)
Event: 0.485 Thread 0x0000028ed5ac6510  768   !   3       java.net.URLClassLoader::defineClass (224 bytes)
Event: 0.487 Thread 0x0000028ed5ac6510 nmethod 768 0x0000028eba793590 code [0x0000028eba793a40, 0x0000028eba795ca8]
Event: 0.487 Thread 0x0000028ed5ac6510  769       3       sun.net.www.protocol.jar.Handler::parseContextSpec (150 bytes)
Event: 0.488 Thread 0x0000028ed5d85030 nmethod 765 0x0000028ec2155d90 code [0x0000028ec2156040, 0x0000028ec2156b48]
Event: 0.488 Thread 0x0000028ed5d85030  767       4       java.util.HashMap::get (19 bytes)
Event: 0.489 Thread 0x0000028ed5ac6510 nmethod 769 0x0000028eba796b90 code [0x0000028eba797020, 0x0000028eba798d18]
Event: 0.489 Thread 0x0000028ed5ac6510  770       3       sun.net.www.protocol.jar.Handler::indexOfBangSlash (52 bytes)
Event: 0.489 Thread 0x0000028ed5ac6510 nmethod 770 0x0000028eba799790 code [0x0000028eba799a00, 0x0000028eba79a4f8]
Event: 0.489 Thread 0x0000028ed5ac6510  771       3       sun.net.www.protocol.jar.Handler::canonicalizeString (72 bytes)
Event: 0.490 Thread 0x0000028ed5ac6510 nmethod 771 0x0000028eba79a890 code [0x0000028eba79ab80, 0x0000028eba79ba28]
Event: 0.490 Thread 0x0000028ed5ac6510  774       3       java.lang.String::newStringUTF8NoRepl (272 bytes)
Event: 0.491 Thread 0x0000028ed5ac6510 nmethod 774 0x0000028eba79c010 code [0x0000028eba79c2e0, 0x0000028eba79d1c8]
Event: 0.491 Thread 0x0000028ed5ac6510  772       3       java.net.URLStreamHandler::setURL (159 bytes)

GC Heap History (0 events):
No events

Dll operation events (7 events):
Event: 0.007 Loaded shared library C:\Program Files\Microsoft\jdk-17.0.12.7-hotspot\bin\java.dll
Event: 0.023 Loaded shared library C:\Program Files\Microsoft\jdk-17.0.12.7-hotspot\bin\jsvml.dll
Event: 0.045 Loaded shared library C:\Program Files\Microsoft\jdk-17.0.12.7-hotspot\bin\net.dll
Event: 0.047 Loaded shared library C:\Program Files\Microsoft\jdk-17.0.12.7-hotspot\bin\nio.dll
Event: 0.049 Loaded shared library C:\Program Files\Microsoft\jdk-17.0.12.7-hotspot\bin\zip.dll
Event: 0.052 Loaded shared library C:\Program Files\Microsoft\jdk-17.0.12.7-hotspot\bin\verify.dll
Event: 0.075 Loaded shared library C:\Program Files\Microsoft\jdk-17.0.12.7-hotspot\bin\jimage.dll

Deoptimization events (20 events):
Event: 0.317 Thread 0x0000028eb2b1da20 Uncommon trap: trap_request=0xffffffde fr.pc=0x0000028ec2136298 relative=0x0000000000000e98
Event: 0.317 Thread 0x0000028eb2b1da20 Uncommon trap: reason=class_check action=maybe_recompile pc=0x0000028ec2136298 method=java.util.HashMap.putVal(ILjava/lang/Object;Ljava/lang/Object;ZZ)Ljava/lang/Object; @ 91 c2
Event: 0.317 Thread 0x0000028eb2b1da20 DEOPT PACKING pc=0x0000028ec2136298 sp=0x000000bff76f95b0
Event: 0.317 Thread 0x0000028eb2b1da20 DEOPT UNPACKING pc=0x0000028ec1bc69a3 sp=0x000000bff76f9540 mode 2
Event: 0.331 Thread 0x0000028eb2b1da20 DEOPT PACKING pc=0x0000028eba67def7 sp=0x000000bff76f8a30
Event: 0.331 Thread 0x0000028eb2b1da20 DEOPT UNPACKING pc=0x0000028ec1bc7143 sp=0x000000bff76f7ee0 mode 0
Event: 0.378 Thread 0x0000028eb2b1da20 Uncommon trap: trap_request=0xffffff45 fr.pc=0x0000028ec213c8fc relative=0x000000000000043c
Event: 0.378 Thread 0x0000028eb2b1da20 Uncommon trap: reason=unstable_if action=reinterpret pc=0x0000028ec213c8fc method=java.util.zip.ZipCoder$UTF8ZipCoder.checkedHash([BII)I @ 27 c2
Event: 0.378 Thread 0x0000028eb2b1da20 DEOPT PACKING pc=0x0000028ec213c8fc sp=0x000000bff76fb1e0
Event: 0.378 Thread 0x0000028eb2b1da20 DEOPT UNPACKING pc=0x0000028ec1bc69a3 sp=0x000000bff76fb0a8 mode 2
Event: 0.378 Thread 0x0000028eb2b1da20 Uncommon trap: trap_request=0xffffff45 fr.pc=0x0000028ec211a140 relative=0x00000000000001c0
Event: 0.378 Thread 0x0000028eb2b1da20 Uncommon trap: reason=unstable_if action=reinterpret pc=0x0000028ec211a140 method=java.lang.String.hashCode()I @ 20 c2
Event: 0.378 Thread 0x0000028eb2b1da20 DEOPT PACKING pc=0x0000028ec211a140 sp=0x000000bff76fafe0
Event: 0.378 Thread 0x0000028eb2b1da20 DEOPT UNPACKING pc=0x0000028ec1bc69a3 sp=0x000000bff76faf70 mode 2
Event: 0.379 Thread 0x0000028eb2b1da20 Uncommon trap: trap_request=0xffffff45 fr.pc=0x0000028ec213af18 relative=0x0000000000000178
Event: 0.379 Thread 0x0000028eb2b1da20 Uncommon trap: reason=unstable_if action=reinterpret pc=0x0000028ec213af18 method=java.util.zip.ZipFile$Source.isMetaName([BII)Z @ 57 c2
Event: 0.379 Thread 0x0000028eb2b1da20 DEOPT PACKING pc=0x0000028ec213af18 sp=0x000000bff76fb1f0
Event: 0.379 Thread 0x0000028eb2b1da20 DEOPT UNPACKING pc=0x0000028ec1bc69a3 sp=0x000000bff76fb180 mode 2
Event: 0.489 Thread 0x0000028eb2b1da20 DEOPT PACKING pc=0x0000028eba721e3b sp=0x000000bff76fc070
Event: 0.489 Thread 0x0000028eb2b1da20 DEOPT UNPACKING pc=0x0000028ec1bc7143 sp=0x000000bff76fb4d0 mode 0

Classes loaded (20 events):
Event: 0.417 Loading class java/lang/reflect/UndeclaredThrowableException
Event: 0.417 Loading class java/lang/reflect/UndeclaredThrowableException done
Event: 0.418 Loading class java/lang/reflect/Proxy$ProxyBuilder$1
Event: 0.418 Loading class java/lang/reflect/Proxy$ProxyBuilder$1 done
Event: 0.419 Loading class java/lang/reflect/InvocationTargetException
Event: 0.419 Loading class java/lang/reflect/InvocationTargetException done
Event: 0.425 Loading class java/util/LinkedList$ListItr
Event: 0.425 Loading class java/util/LinkedList$ListItr done
Event: 0.427 Loading class java/util/concurrent/ConcurrentLinkedQueue
Event: 0.427 Loading class java/util/concurrent/ConcurrentLinkedQueue done
Event: 0.427 Loading class java/util/concurrent/ConcurrentLinkedQueue$Node
Event: 0.427 Loading class java/util/concurrent/ConcurrentLinkedQueue$Node done
Event: 0.428 Loading class java/lang/reflect/ParameterizedType
Event: 0.428 Loading class java/lang/reflect/ParameterizedType done
Event: 0.460 Loading class java/io/InvalidObjectException
Event: 0.460 Loading class java/io/ObjectStreamException
Event: 0.460 Loading class java/io/ObjectStreamException done
Event: 0.460 Loading class java/io/InvalidObjectException done
Event: 0.481 Loading class java/lang/NumberFormatException
Event: 0.481 Loading class java/lang/NumberFormatException done

Classes unloaded (0 events):
No events

Classes redefined (0 events):
No events

Internal exceptions (1 events):
Event: 0.116 Thread 0x0000028eb2b1da20 Exception <a 'java/lang/NoSuchMethodError'{0x0000000718f8cc10}: 'int java.lang.invoke.DirectMethodHandle$Holder.invokeStaticInit(java.lang.Object, java.lang.Object)'> (0x0000000718f8cc10) 
thrown [s\src\hotspot\share\interpreter\linkResolver.cpp, line 759]

VM Operations (2 events):
Event: 0.050 Executing VM operation: HandshakeAllThreads
Event: 0.050 Executing VM operation: HandshakeAllThreads done

Events (14 events):
Event: 0.023 Thread 0x0000028eb2b1da20 Thread added: 0x0000028eb2b1da20
Event: 0.025 Thread 0x0000028ed5aa83e0 Thread added: 0x0000028ed5aa83e0
Event: 0.025 Thread 0x0000028ed5aa8f70 Thread added: 0x0000028ed5aa8f70
Event: 0.031 Thread 0x0000028ed5abcc90 Thread added: 0x0000028ed5abcc90
Event: 0.031 Thread 0x0000028ed5ac26e0 Thread added: 0x0000028ed5ac26e0
Event: 0.031 Thread 0x0000028ed5ac3fc0 Thread added: 0x0000028ed5ac3fc0
Event: 0.031 Thread 0x0000028ed5ac4890 Thread added: 0x0000028ed5ac4890
Event: 0.031 Thread 0x0000028ed5ac5b50 Thread added: 0x0000028ed5ac5b50
Event: 0.031 Thread 0x0000028ed5ac6510 Thread added: 0x0000028ed5ac6510
Event: 0.031 Thread 0x0000028ed5ad9fa0 Thread added: 0x0000028ed5ad9fa0
Event: 0.042 Thread 0x0000028ed5c26e50 Thread added: 0x0000028ed5c26e50
Event: 0.043 Thread 0x0000028ed5c313f0 Thread added: 0x0000028ed5c313f0
Event: 0.284 Thread 0x0000028ed5d85030 Thread added: 0x0000028ed5d85030
Event: 0.284 Thread 0x0000028ed5d99af0 Thread added: 0x0000028ed5d99af0


Dynamic libraries:
0x00007ff785ab0000 - 0x00007ff785abe000 	C:\Program Files\Microsoft\jdk-17.0.12.7-hotspot\bin\java.exe
0x00007ffe1bcf0000 - 0x00007ffe1bf07000 	C:\Windows\SYSTEM32\ntdll.dll
0x00007ffe1b220000 - 0x00007ffe1b2e4000 	C:\Windows\System32\KERNEL32.DLL
0x00007ffe19500000 - 0x00007ffe198b9000 	C:\Windows\System32\KERNELBASE.dll
0x00007ffe198f0000 - 0x00007ffe19a01000 	C:\Windows\System32\ucrtbase.dll
0x00007ffda6290000 - 0x00007ffda62a7000 	C:\Program Files\Microsoft\jdk-17.0.12.7-hotspot\bin\jli.dll
0x00007ffd9d9c0000 - 0x00007ffd9d9dd000 	C:\Program Files\Microsoft\jdk-17.0.12.7-hotspot\bin\VCRUNTIME140.dll
0x00007ffe19ba0000 - 0x00007ffe19d4e000 	C:\Windows\System32\USER32.dll
0x00007ffe19180000 - 0x00007ffe191a6000 	C:\Windows\System32\win32u.dll
0x00007ffdfdd70000 - 0x00007ffdfe002000 	C:\Windows\WinSxS\amd64_microsoft.windows.common-controls_6595b64144ccf1df_6.0.22621.4391_none_2715d37f73803e96\COMCTL32.dll
0x00007ffe19a60000 - 0x00007ffe19a89000 	C:\Windows\System32\GDI32.dll
0x00007ffe1ba90000 - 0x00007ffe1bb37000 	C:\Windows\System32\msvcrt.dll
0x00007ffe19060000 - 0x00007ffe1917b000 	C:\Windows\System32\gdi32full.dll
0x00007ffe19230000 - 0x00007ffe192ca000 	C:\Windows\System32\msvcp_win.dll
0x00007ffe1a1d0000 - 0x00007ffe1a201000 	C:\Windows\System32\IMM32.DLL
0x00007ffda6110000 - 0x00007ffda611c000 	C:\Program Files\Microsoft\jdk-17.0.12.7-hotspot\bin\vcruntime140_1.dll
0x00007ffd9b330000 - 0x00007ffd9b3bd000 	C:\Program Files\Microsoft\jdk-17.0.12.7-hotspot\bin\msvcp140.dll
0x00007ffd870b0000 - 0x00007ffd87d20000 	C:\Program Files\Microsoft\jdk-17.0.12.7-hotspot\bin\server\jvm.dll
0x00007ffe1bb40000 - 0x00007ffe1bbf2000 	C:\Windows\System32\ADVAPI32.dll
0x00007ffe1bc00000 - 0x00007ffe1bca7000 	C:\Windows\System32\sechost.dll
0x00007ffe198c0000 - 0x00007ffe198e8000 	C:\Windows\System32\bcrypt.dll
0x00007ffe1b970000 - 0x00007ffe1ba84000 	C:\Windows\System32\RPCRT4.dll
0x00007ffe19a90000 - 0x00007ffe19b01000 	C:\Windows\System32\WS2_32.dll
0x00007ffe18ec0000 - 0x00007ffe18f0d000 	C:\Windows\SYSTEM32\POWRPROF.dll
0x00007ffe118c0000 - 0x00007ffe118f4000 	C:\Windows\SYSTEM32\WINMM.dll
0x00007ffe0e610000 - 0x00007ffe0e61a000 	C:\Windows\SYSTEM32\VERSION.dll
0x00007ffe18ea0000 - 0x00007ffe18eb3000 	C:\Windows\SYSTEM32\UMPDC.dll
0x00007ffe18030000 - 0x00007ffe18048000 	C:\Windows\SYSTEM32\kernel.appcore.dll
0x00007ffd9fc90000 - 0x00007ffd9fc9a000 	C:\Program Files\Microsoft\jdk-17.0.12.7-hotspot\bin\jimage.dll
0x00007ffe0ac30000 - 0x00007ffe0ae62000 	C:\Windows\SYSTEM32\DBGHELP.DLL
0x00007ffe1a3d0000 - 0x00007ffe1a75f000 	C:\Windows\System32\combase.dll
0x00007ffe1a8c0000 - 0x00007ffe1a997000 	C:\Windows\System32\OLEAUT32.dll
0x00007ffe056b0000 - 0x00007ffe056e2000 	C:\Windows\SYSTEM32\dbgcore.DLL
0x00007ffe191b0000 - 0x00007ffe1922b000 	C:\Windows\System32\bcryptPrimitives.dll
0x00007ffd9c5f0000 - 0x00007ffd9c615000 	C:\Program Files\Microsoft\jdk-17.0.12.7-hotspot\bin\java.dll
0x00007ffd86fd0000 - 0x00007ffd870a7000 	C:\Program Files\Microsoft\jdk-17.0.12.7-hotspot\bin\jsvml.dll
0x00007ffe1a9a0000 - 0x00007ffe1b216000 	C:\Windows\System32\SHELL32.dll
0x00007ffe16f30000 - 0x00007ffe17833000 	C:\Windows\SYSTEM32\windows.storage.dll
0x00007ffe16df0000 - 0x00007ffe16f2f000 	C:\Windows\SYSTEM32\wintypes.dll
0x00007ffe1b870000 - 0x00007ffe1b969000 	C:\Windows\System32\SHCORE.dll
0x00007ffe1a7d0000 - 0x00007ffe1a82e000 	C:\Windows\System32\shlwapi.dll
0x00007ffe18f20000 - 0x00007ffe18f4b000 	C:\Windows\SYSTEM32\profapi.dll
0x00007ffd9b4a0000 - 0x00007ffd9b4ba000 	C:\Program Files\Microsoft\jdk-17.0.12.7-hotspot\bin\net.dll
0x00007ffe11e20000 - 0x00007ffe11f56000 	C:\Windows\SYSTEM32\WINHTTP.dll
0x00007ffe184b0000 - 0x00007ffe18519000 	C:\Windows\system32\mswsock.dll
0x00007ffd9b2a0000 - 0x00007ffd9b2b6000 	C:\Program Files\Microsoft\jdk-17.0.12.7-hotspot\bin\nio.dll
0x00007ffd9b560000 - 0x00007ffd9b578000 	C:\Program Files\Microsoft\jdk-17.0.12.7-hotspot\bin\zip.dll
0x00007ffd9ec70000 - 0x00007ffd9ec80000 	C:\Program Files\Microsoft\jdk-17.0.12.7-hotspot\bin\verify.dll

dbghelp: loaded successfully - version: 4.0.5 - missing functions: none
symbol engine: initialized successfully - sym options: 0x614 - pdb path: .;C:\Program Files\Microsoft\jdk-17.0.12.7-hotspot\bin;C:\Windows\SYSTEM32;C:\Windows\WinSxS\amd64_microsoft.windows.common-controls_6595b64144ccf1df_6.0.22621.4391_none_2715d37f73803e96;C:\Program Files\Microsoft\jdk-17.0.12.7-hotspot\bin\server

VM Arguments:
jvm_args: -Dorg.gradle.appname=gradlew 
java_command: org.gradle.wrapper.GradleWrapperMain -q -Ptarget-platform=android-x64 -Ptarget=C:\Users\Admin\Desktop\ALL_Plants_Disease\FLUTTERAPP\mamatay\argivysor\lib\main.dart -Pbase-application-name=android.app.Application -Pdart-obfuscation=false -Ptrack-widget-creation=true -Ptree-shake-icons=false -Pfilesystem-scheme=org-dartlang-root assembleDebug
java_class_path (initial): C:\Users\Admin\Desktop\ALL_Plants_Disease\FLUTTERAPP\mamatay\argivysor\android\\gradle\wrapper\gradle-wrapper.jar
Launcher Type: SUN_STANDARD

[Global flags]
     intx CICompilerCount                          = 4                                         {product} {ergonomic}
     uint ConcGCThreads                            = 3                                         {product} {ergonomic}
     uint G1ConcRefinementThreads                  = 10                                        {product} {ergonomic}
   size_t G1HeapRegionSize                         = 2097152                                   {product} {ergonomic}
    uintx GCDrainStackTargetSize                   = 64                                        {product} {ergonomic}
   size_t InitialHeapSize                          = 260046848                                 {product} {ergonomic}
   size_t MarkStackSize                            = 4194304                                   {product} {ergonomic}
   size_t MaxHeapSize                              = 4133486592                                {product} {ergonomic}
   size_t MaxNewSize                               = 2478833664                                {product} {ergonomic}
   size_t MinHeapDeltaBytes                        = 2097152                                   {product} {ergonomic}
   size_t MinHeapSize                              = 8388608                                   {product} {ergonomic}
    uintx NonNMethodCodeHeapSize                   = 5839372                                {pd product} {ergonomic}
    uintx NonProfiledCodeHeapSize                  = 122909434                              {pd product} {ergonomic}
    uintx ProfiledCodeHeapSize                     = 122909434                              {pd product} {ergonomic}
    uintx ReservedCodeCacheSize                    = 251658240                              {pd product} {ergonomic}
     bool SegmentedCodeCache                       = true                                      {product} {ergonomic}
   size_t SoftMaxHeapSize                          = 4133486592                             {manageable} {ergonomic}
     bool UseCompressedClassPointers               = true                           {product lp64_product} {ergonomic}
     bool UseCompressedOops                        = true                           {product lp64_product} {ergonomic}
     bool UseG1GC                                  = true                                      {product} {ergonomic}
     bool UseLargePagesIndividualAllocation        = false                                  {pd product} {ergonomic}

Logging:
Log output configuration:
 #0: stdout all=warning uptime,level,tags
 #1: stderr all=off uptime,level,tags

Environment Variables:
JAVA_HOME=C:\Program Files\Microsoft\jdk-17.0.12.7-hotspot
CLASSPATH=C:\Users\Admin\Desktop\ALL_Plants_Disease\FLUTTERAPP\mamatay\argivysor\android\\gradle\wrapper\gradle-wrapper.jar
PATH=C:\Program Files\Microsoft\jdk-17.0.12.7-hotspot\bin;C:\Users\Admin\flutter\flutter\bin\;C:\Ruby33-x64\bin;C:\Android\emulator;C:\Program Files\Microsoft\jdk-17.0.12.7-hotspot\bin;C:\Android\cmdline-tools\latest\bin;C:\Android\platform-tools;C:\Windows\system32;C:\Windows;C:\Windows\System32\Wbem;C:\Windows\System32\WindowsPowerShell\v1.0\;C:\Windows\System32\OpenSSH\;C:\Users\Admin\AppData\Local\Microsoft\WindowsApps;C:\Users\Admin\AppData\Local\spicetify;C:\adb;C:\Program Files\dotnet\;C:\ProgramData\chocolatey\bin;C:\Program Files\GitHub CLI\;C:\ffmpeg\bin\;C:\Program Files (x86)\cloudflared\;C:\Program Files\Git\cmd;%ANDROID_HOME%\tools;%ANDROID_HOME%\tools\bin;%ANDROID_HOME%\platform-tools;C:\Users\Admin\miniconda3;C:\Users\Admin\miniconda3\Library\mingw-w64\bin;C:\Users\Admin\miniconda3\Library\usr\bin;C:\Users\Admin\miniconda3\Library\bin;C:\Users\Admin\miniconda3\Scripts;C:\Users\Admin\AppData\Local\Programs\Python\Python312\Scripts\;C:\Users\Admin\AppData\Local\Programs\Python\Python312\;C:\Users\Admin\AppData\Local\Microsoft\WinGet\Links;C:\tools\dart-sdk\bin;C:\Users\Admin\AppData\Local\Pub\Cache\bin;C:;%ANDROID_HOME%\emulator;C:\Program Files\Microsoft\jdk-17.0.12.7-hotspot\bin;%FLUTTER_HOME%\bin;C:\Program Files\CMake\bin;C:\Users\Admin\AppData\Local\Packages\PythonSoftwareFoundation.Python.3.12_qbz5n2kfra8p0\LocalCache\local-packages\Python312\Scripts;C:\Program Files\Microsoft\jdk-17.0.12.7-hotspot\bin\;C:\Windows\system32;C:\Windows;C:\Windows\System32\Wbem;C:\Windows\System32\WindowsPowerShell\v1.0\;C:\Windows\System32\OpenSSH\;C:\Users\Admin\AppData\Local\Microsoft\WindowsApps;C:\Users\Admin\AppData\Local\spicetify;C:\adb;C:\Program Files\dotnet\;C:\ProgramData\chocolatey\bin;C:\Program Files\GitHub CLI\;C:\ffmpeg\bin\;C:\Program Files (x86)\cloudflared\;C:\Program Files\Git\cmd;%ANDROID_HOME%\tools;%ANDROID_HOME%\tools\bin;%ANDROID_HOME%\platform-tools;C:\Users\Admin\miniconda3;C:\Users\Admin\miniconda3\Library\mingw-w64\bin;C:\Users\Admin\minic
USERNAME=Admin
LANG=en_US.UTF-8
OS=Windows_NT
PROCESSOR_IDENTIFIER=AMD64 Family 23 Model 96 Stepping 1, AuthenticAMD
TMP=C:\Users\Admin\AppData\Local\Temp
TEMP=C:\Users\Admin\AppData\Local\Temp



Periodic native trim disabled


---------------  S Y S T E M  ---------------

OS:
 Windows 11 , 64 bit Build 22621 (10.0.22621.4391)
OS uptime: 0 days 0:27 hours

CPU: total 12 (initial active 12) (12 cores per cpu, 2 threads per core) family 23 model 96 stepping 1 microcode 0x0, cx8, cmov, fxsr, ht, mmx, 3dnowpref, sse, sse2, sse3, ssse3, sse4a, sse4.1, sse4.2, popcnt, lzcnt, tsc, tscinvbit, avx, avx2, aes, clmul, bmi1, bmi2, adx, sha, fma, vzeroupper, clflush, clflushopt
Processor Information for the first 12 processors :
  Max Mhz: 3701, Current Mhz: 3701, Mhz Limit: 3701

Memory: 4k page, system-wide physical 15761M (1071M free)
TotalPageFile size 19761M (AvailPageFile size 82M)
current process WorkingSet (physical memory assigned to process): 87M, peak: 87M
current process commit charge ("private bytes"): 361M, peak: 361M

vm_info: OpenJDK 64-Bit Server VM (17.0.12+7-LTS) for windows-amd64 JRE (17.0.12+7-LTS), built on Jul 16 2024 18:11:44 by "MicrosoftCorporation" with unknown MS VC++:1939

END.
