#
# There is insufficient memory for the Java Runtime Environment to continue.
# Native memory allocation (malloc) failed to allocate 32744 bytes. Error detail: ChunkPool::allocate
# Possible reasons:
#   The system is out of physical RAM or swap space
#   This process is running with CompressedOops enabled, and the Java Heap may be blocking the growth of the native heap
# Possible solutions:
#   Reduce memory load on the system
#   Increase physical memory or swap space
#   Check if swap backing store is full
#   Decrease Java heap size (-Xmx/-Xms)
#   Decrease number of Java threads
#   Decrease Java thread stack sizes (-Xss)
#   Set larger code cache with -XX:ReservedCodeCacheSize=
#   JVM is running with Zero Based Compressed Oops mode in which the Java heap is
#     placed in the first 32GB address space. The Java Heap base address is the
#     maximum limit for the native heap growth. Please use -XX:HeapBaseMinAddress
#     to set the Java Heap base and to place the Java Heap above 32GB virtual address.
# This output file may be truncated or incomplete.
#
#  Out of Memory Error (arena.cpp:79), pid=34692, tid=36836
#
# JRE version: OpenJDK Runtime Environment Microsoft-9889599 (17.0.12+7) (build 17.0.12+7-LTS)
# Java VM: OpenJDK 64-Bit Server VM Microsoft-9889599 (17.0.12+7-LTS, mixed mode, sharing, tiered, compressed oops, compressed class ptrs, g1 gc, windows-amd64)
# No core dump will be written. Minidumps are not enabled by default on client versions of Windows
#

---------------  S U M M A R Y ------------

Command Line: --add-opens=java.base/java.util=ALL-UNNAMED --add-opens=java.base/java.lang=ALL-UNNAMED --add-opens=java.base/java.lang.invoke=ALL-UNNAMED --add-opens=java.prefs/java.util.prefs=ALL-UNNAMED --add-opens=java.base/java.nio.charset=ALL-UNNAMED --add-opens=java.base/java.net=ALL-UNNAMED --add-opens=java.base/java.util.concurrent.atomic=ALL-UNNAMED -Xmx4G -Dfile.encoding=windows-1252 -Duser.country=US -Duser.language=en -Duser.variant -javaagent:C:\Users\Admin\.gradle\wrapper\dists\gradle-8.1-all\20ex0cxcummvwpmavmhfg81jg\gradle-8.1\lib\agents\gradle-instrumentation-agent-8.1.jar org.gradle.launcher.daemon.bootstrap.GradleDaemon 8.1

Host: AMD Ryzen 5 4600G with Radeon Graphics, 12 cores, 15G,  Windows 11 , 64 bit Build 22621 (10.0.22621.4391)
Time: Wed Oct 23 22:47:35 2024 China Standard Time elapsed time: 54.018580 seconds (0d 0h 0m 54s)

---------------  T H R E A D  ---------------

Current thread (0x000001ccbb30d680):  JavaThread "C2 CompilerThread0" daemon [_thread_in_native, id=36836, stack(0x0000005a35900000,0x0000005a35a00000)]


Current CompileTask:
C2:  54019 15197       4       com.google.common.io.CountingInputStream::read (33 bytes)

Stack: [0x0000005a35900000,0x0000005a35a00000]
Native frames: (J=compiled Java code, j=interpreted, Vv=VM code, C=native code)
V  [jvm.dll+0x686d99]
V  [jvm.dll+0x83daf8]
V  [jvm.dll+0x83f5a3]
V  [jvm.dll+0x83fc13]
V  [jvm.dll+0x2492ef]
V  [jvm.dll+0xad2ac]
V  [jvm.dll+0xad73c]
V  [jvm.dll+0x350d32]
V  [jvm.dll+0x69a857]
V  [jvm.dll+0x69be8b]
V  [jvm.dll+0x69f7f3]
V  [jvm.dll+0x6976b3]
V  [jvm.dll+0x696f40]
V  [jvm.dll+0x694d52]
V  [jvm.dll+0x1a86cc]
V  [jvm.dll+0x1a926d]
V  [jvm.dll+0x1a926d]
V  [jvm.dll+0x2afbd0]
V  [jvm.dll+0x69f81a]
V  [jvm.dll+0x6976b3]
V  [jvm.dll+0x696f40]
V  [jvm.dll+0x694d52]
V  [jvm.dll+0x1a86cc]
V  [jvm.dll+0x219518]
V  [jvm.dll+0x1a53e6]
V  [jvm.dll+0x229faa]
V  [jvm.dll+0x2280fb]
V  [jvm.dll+0x7f3508]
V  [jvm.dll+0x7ed87c]
V  [jvm.dll+0x685c77]
C  [ucrtbase.dll+0x29333]
C  [KERNEL32.DLL+0x1259d]
C  [ntdll.dll+0x5af38]


---------------  P R O C E S S  ---------------

Threads class SMR info:
_java_thread_list=0x000001cc8437dba0, length=145, elements={
0x000001cc97dcefe0, 0x000001ccbb2f20a0, 0x000001ccbb2f2d30, 0x000001ccbb307b10,
0x000001ccbb30b560, 0x000001ccbb30bf20, 0x000001ccbb30c8e0, 0x000001ccbb30d680,
0x000001ccbb312050, 0x000001ccbb31d080, 0x000001ccbb2dd150, 0x000001ccbb4d21e0,
0x000001ccfdf71200, 0x000001ccfd650150, 0x000001ccfde1cf70, 0x000001ccfd309240,
0x000001ccfdb22eb0, 0x000001ccfdd23bc0, 0x000001ccfdbac170, 0x000001ccfe049590,
0x000001ccfe049aa0, 0x000001ccfe049080, 0x000001ccfe049fb0, 0x000001ccfe04a4c0,
0x000001ccfef5feb0, 0x000001ccfef61d10, 0x000001ccfef603c0, 0x000001ccfef5d120,
0x000001ccfef62730, 0x000001ccfef5d630, 0x000001ccfef61800, 0x000001ccfef62c40,
0x000001ccfef608d0, 0x000001ccfef5f9a0, 0x000001ccfef63150, 0x000001ccfef5bce0,
0x000001ccfef60de0, 0x000001ccfef5cc10, 0x000001ccfef5db40, 0x000001ccfef5c1f0,
0x000001ccfef5e050, 0x000001ccfef5ea70, 0x000001ccfef612f0, 0x000001ccfef5f490,
0x000001ccfe4124a0, 0x000001ccfe4184d0, 0x000001ccfe416160, 0x000001ccfe4129b0,
0x000001ccfe411060, 0x000001ccfe412ec0, 0x000001ccfe417ab0, 0x000001ccfe415230,
0x000001ccfe411570, 0x000001ccfe416b80, 0x000001ccfe417090, 0x000001ccfe4133d0,
0x000001ccfe417fc0, 0x000001ccfe415740, 0x000001ccfe415c50, 0x000001ccfe414810,
0x000001ccfe411f90, 0x000001ccfe4138e0, 0x000001ccfe4175a0, 0x000001ccfe4189e0,
0x000001ccfe413df0, 0x000001ccfe411a80, 0x000001ccfe414300, 0x000001ccfe51ccc0,
0x000001ccfe51d6e0, 0x000001ccfe5222d0, 0x000001ccfe520e90, 0x000001ccfe51c7b0,
0x000001ccfe51fa50, 0x000001ccfe51d1d0, 0x000001ccfe522cf0, 0x000001ccfe523200,
0x000001ccfe51ff60, 0x000001ccfe51dbf0, 0x000001ccfe51e100, 0x000001ccfe51bd90,
0x000001ccfe51e610, 0x000001ccfe51eb20, 0x000001ccfe523710, 0x000001ccfe5218b0,
0x000001ccfe51f030, 0x000001ccfe520980, 0x000001ccfef63660, 0x000001cc8853d740,
0x000001cc8853c300, 0x000001cc88539a80, 0x000001cc8853eb80, 0x000001cc8853cd20,
0x000001cc8853b8e0, 0x000001cc8853ffc0, 0x000001cc88539f90, 0x000001cc88539060,
0x000001cc8853f090, 0x000001cc8853fab0, 0x000001cc885404d0, 0x000001cc8853dc50,
0x000001cc885409e0, 0x000001cc8853e160, 0x000001cc88539570, 0x000001cc8853a9b0,
0x000001cc8853e670, 0x000001cc8853aec0, 0x000001cc8853b3d0, 0x000001cc8853c810,
0x000001cc84f67bc0, 0x000001cc84f64e30, 0x000001cc84f66270, 0x000001cc84f671a0,
0x000001cc84f69f30, 0x000001cc84f685e0, 0x000001cc84f65d60, 0x000001cc84f676b0,
0x000001cc84f69510, 0x000001cc84f69000, 0x000001cc84f6b880, 0x000001cc84f68af0,
0x000001cc84f6c7b0, 0x000001cc84f65340, 0x000001cc84f6a950, 0x000001cc84f6ae60,
0x000001cc84f66780, 0x000001cc84f6b370, 0x000001cc84f65850, 0x000001cc886f5380,
0x000001cc886f3f40, 0x000001cc886f5890, 0x000001cc886f5da0, 0x000001cc886f25f0,
0x000001cc886f4960, 0x000001cc886f62b0, 0x000001cc886f67c0, 0x000001cc886f8110,
0x000001cc886f3520, 0x000001cc886f6cd0, 0x000001cc886f7c00, 0x000001cc886f71e0,
0x000001cc886f8620, 0x000001cc886f9f70, 0x000001cc886f3a30, 0x000001ccfe51f540,
0x000001cc886f4450
}

Java Threads: ( => current thread )
  0x000001cc97dcefe0 JavaThread "main" [_thread_blocked, id=30876, stack(0x0000005a34c00000,0x0000005a34d00000)]
  0x000001ccbb2f20a0 JavaThread "Reference Handler" daemon [_thread_blocked, id=38464, stack(0x0000005a35300000,0x0000005a35400000)]
  0x000001ccbb2f2d30 JavaThread "Finalizer" daemon [_thread_blocked, id=36016, stack(0x0000005a35400000,0x0000005a35500000)]
  0x000001ccbb307b10 JavaThread "Signal Dispatcher" daemon [_thread_blocked, id=38032, stack(0x0000005a35500000,0x0000005a35600000)]
  0x000001ccbb30b560 JavaThread "Attach Listener" daemon [_thread_blocked, id=36000, stack(0x0000005a35600000,0x0000005a35700000)]
  0x000001ccbb30bf20 JavaThread "Service Thread" daemon [_thread_blocked, id=27596, stack(0x0000005a35700000,0x0000005a35800000)]
  0x000001ccbb30c8e0 JavaThread "Monitor Deflation Thread" daemon [_thread_blocked, id=37460, stack(0x0000005a35800000,0x0000005a35900000)]
=>0x000001ccbb30d680 JavaThread "C2 CompilerThread0" daemon [_thread_in_native, id=36836, stack(0x0000005a35900000,0x0000005a35a00000)]
  0x000001ccbb312050 JavaThread "C1 CompilerThread0" daemon [_thread_blocked, id=35360, stack(0x0000005a35a00000,0x0000005a35b00000)]
  0x000001ccbb31d080 JavaThread "Sweeper thread" daemon [_thread_blocked, id=38288, stack(0x0000005a35b00000,0x0000005a35c00000)]
  0x000001ccbb2dd150 JavaThread "Common-Cleaner" daemon [_thread_blocked, id=36100, stack(0x0000005a35c00000,0x0000005a35d00000)]
  0x000001ccbb4d21e0 JavaThread "Notification Thread" daemon [_thread_blocked, id=32928, stack(0x0000005a35d00000,0x0000005a35e00000)]
  0x000001ccfdf71200 JavaThread "Daemon health stats" [_thread_blocked, id=47100, stack(0x0000005a36400000,0x0000005a36500000)]
  0x000001ccfd650150 JavaThread "Incoming local TCP Connector on port 49587" [_thread_in_native, id=33604, stack(0x0000005a36500000,0x0000005a36600000)]
  0x000001ccfde1cf70 JavaThread "Daemon periodic checks" [_thread_blocked, id=26168, stack(0x0000005a36600000,0x0000005a36700000)]
  0x000001ccfd309240 JavaThread "Daemon" [_thread_blocked, id=38656, stack(0x0000005a36700000,0x0000005a36800000)]
  0x000001ccfdb22eb0 JavaThread "Handler for socket connection from /127.0.0.1:49587 to /127.0.0.1:49588" [_thread_in_native, id=10880, stack(0x0000005a36800000,0x0000005a36900000)]
  0x000001ccfdd23bc0 JavaThread "Cancel handler" [_thread_blocked, id=38868, stack(0x0000005a36900000,0x0000005a36a00000)]
  0x000001ccfdbac170 JavaThread "Daemon worker" [_thread_blocked, id=38448, stack(0x0000005a36a00000,0x0000005a36b00000)]
  0x000001ccfe049590 JavaThread "Asynchronous log dispatcher for DefaultDaemonConnection: socket connection from /127.0.0.1:49587 to /127.0.0.1:49588" [_thread_blocked, id=37972, stack(0x0000005a36b00000,0x0000005a36c00000)]
  0x000001ccfe049aa0 JavaThread "Stdin handler" [_thread_blocked, id=37576, stack(0x0000005a36c00000,0x0000005a36d00000)]
  0x000001ccfe049080 JavaThread "Daemon client event forwarder" [_thread_blocked, id=28612, stack(0x0000005a36d00000,0x0000005a36e00000)]
  0x000001ccfe049fb0 JavaThread "Cache worker for journal cache (C:\Users\Admin\.gradle\caches\journal-1)" [_thread_blocked, id=37884, stack(0x0000005a35f00000,0x0000005a36000000)]
  0x000001ccfe04a4c0 JavaThread "File lock request listener" [_thread_in_native, id=36160, stack(0x0000005a36e00000,0x0000005a36f00000)]
  0x000001ccfef5feb0 JavaThread "Cache worker for file hash cache (C:\Users\Admin\.gradle\caches\8.1\fileHashes)" [_thread_blocked, id=38308, stack(0x0000005a37000000,0x0000005a37100000)]
  0x000001ccfef61d10 JavaThread "File watcher server" daemon [_thread_in_native, id=37904, stack(0x0000005a36f00000,0x0000005a37000000)]
  0x000001ccfef603c0 JavaThread "File watcher consumer" daemon [_thread_blocked, id=38572, stack(0x0000005a37100000,0x0000005a37200000)]
  0x000001ccfef5d120 JavaThread "Cache worker for checksums cache (C:\Users\Admin\Desktop\ALL Plants Disease\FLUTTERAPP\mamatay\argivysor\android\.gradle\8.1\checksums)" [_thread_blocked, id=34912, stack(0x0000005a37200000,0x0000005a37300000)]
  0x000001ccfef62730 JavaThread "Cache worker for cache directory md-rule (C:\Users\Admin\.gradle\caches\8.1\md-rule)" [_thread_blocked, id=36692, stack(0x0000005a37300000,0x0000005a37400000)]
  0x000001ccfef5d630 JavaThread "Cache worker for file content cache (C:\Users\Admin\.gradle\caches\8.1\fileContent)" [_thread_blocked, id=22256, stack(0x0000005a37500000,0x0000005a37600000)]
  0x000001ccfef61800 JavaThread "Cache worker for file hash cache (C:\Users\Admin\Desktop\ALL Plants Disease\FLUTTERAPP\mamatay\argivysor\android\.gradle\8.1\fileHashes)" [_thread_blocked, id=39736, stack(0x0000005a37d00000,0x0000005a37e00000)]
  0x000001ccfef62c40 JavaThread "Cache worker for cache directory md-supplier (C:\Users\Admin\.gradle\caches\8.1\md-supplier)" [_thread_blocked, id=35260, stack(0x0000005a37e00000,0x0000005a37f00000)]
  0x000001ccfef608d0 JavaThread "Cache worker for execution history cache (C:\Users\Admin\.gradle\caches\8.1\executionHistory)" [_thread_blocked, id=36152, stack(0x0000005a37400000,0x0000005a37500000)]
  0x000001ccfef5f9a0 JavaThread "jar transforms" [_thread_blocked, id=19236, stack(0x0000005a38100000,0x0000005a38200000)]
  0x000001ccfef63150 JavaThread "Cache worker for kotlin-dsl (C:\Users\Admin\.gradle\caches\8.1\kotlin-dsl)" [_thread_blocked, id=37504, stack(0x0000005a38200000,0x0000005a38300000)]
  0x000001ccfef5bce0 JavaThread "jar transforms Thread 2" [_thread_blocked, id=36996, stack(0x0000005a38300000,0x0000005a38400000)]
  0x000001ccfef60de0 JavaThread "jar transforms Thread 3" [_thread_blocked, id=32680, stack(0x0000005a38400000,0x0000005a38500000)]
  0x000001ccfef5cc10 JavaThread "Cache worker for dependencies-accessors (C:\Users\Admin\Desktop\ALL Plants Disease\FLUTTERAPP\mamatay\argivysor\android\.gradle\8.1\dependencies-accessors)" [_thread_blocked, id=32900, stack(0x0000005a38500000,0x0000005a38600000)]
  0x000001ccfef5db40 JavaThread "Cache worker for Build Output Cleanup Cache (C:\Users\Admin\flutter\flutter\packages\flutter_tools\gradle\.gradle\buildOutputCleanup)" [_thread_blocked, id=37844, stack(0x0000005a38600000,0x0000005a38700000)]
  0x000001ccfef5c1f0 JavaThread "jar transforms Thread 4" [_thread_blocked, id=38996, stack(0x0000005a38700000,0x0000005a38800000)]
  0x000001ccfef5e050 JavaThread "jar transforms Thread 5" [_thread_blocked, id=28800, stack(0x0000005a38800000,0x0000005a38900000)]
  0x000001ccfef5ea70 JavaThread "Memory manager" [_thread_blocked, id=26552, stack(0x0000005a38900000,0x0000005a38a00000)]
  0x000001ccfef612f0 JavaThread "jar transforms Thread 6" [_thread_blocked, id=39096, stack(0x0000005a38000000,0x0000005a38100000)]
  0x000001ccfef5f490 JavaThread "jar transforms Thread 7" [_thread_blocked, id=28052, stack(0x0000005a38a00000,0x0000005a38b00000)]
  0x000001ccfe4124a0 JavaThread "included builds" [_thread_blocked, id=39576, stack(0x0000005a38b00000,0x0000005a38c00000)]
  0x000001ccfe4184d0 JavaThread "Execution worker" [_thread_blocked, id=38928, stack(0x0000005a38c00000,0x0000005a38d00000)]
  0x000001ccfe416160 JavaThread "Execution worker Thread 2" [_thread_blocked, id=38240, stack(0x0000005a38d00000,0x0000005a38e00000)]
  0x000001ccfe4129b0 JavaThread "Execution worker Thread 3" [_thread_in_native, id=37908, stack(0x0000005a38e00000,0x0000005a38f00000)]
  0x000001ccfe411060 JavaThread "Execution worker Thread 4" [_thread_blocked, id=18996, stack(0x0000005a38f00000,0x0000005a39000000)]
  0x000001ccfe412ec0 JavaThread "Execution worker Thread 5" [_thread_blocked, id=33668, stack(0x0000005a39000000,0x0000005a39100000)]
  0x000001ccfe417ab0 JavaThread "Execution worker Thread 6" [_thread_blocked, id=20076, stack(0x0000005a39100000,0x0000005a39200000)]
  0x000001ccfe415230 JavaThread "Execution worker Thread 7" [_thread_blocked, id=42204, stack(0x0000005a39200000,0x0000005a39300000)]
  0x000001ccfe411570 JavaThread "Execution worker Thread 8" [_thread_blocked, id=41124, stack(0x0000005a39300000,0x0000005a39400000)]
  0x000001ccfe416b80 JavaThread "Execution worker Thread 9" [_thread_blocked, id=28564, stack(0x0000005a39400000,0x0000005a39500000)]
  0x000001ccfe417090 JavaThread "Execution worker Thread 10" [_thread_blocked, id=41008, stack(0x0000005a39500000,0x0000005a39600000)]
  0x000001ccfe4133d0 JavaThread "Execution worker Thread 11" [_thread_blocked, id=25004, stack(0x0000005a39600000,0x0000005a39700000)]
  0x000001ccfe417fc0 JavaThread "Cache worker for execution history cache (C:\Users\Admin\flutter\flutter\packages\flutter_tools\gradle\.gradle\8.1\executionHistory)" [_thread_blocked, id=42424, stack(0x0000005a39700000,0x0000005a39800000)]
  0x000001ccfe415740 JavaThread "Unconstrained build operations" [_thread_blocked, id=38612, stack(0x0000005a39900000,0x0000005a39a00000)]
  0x000001ccfe415c50 JavaThread "Unconstrained build operations Thread 2" [_thread_blocked, id=39684, stack(0x0000005a39a00000,0x0000005a39b00000)]
  0x000001ccfe414810 JavaThread "Unconstrained build operations Thread 3" [_thread_blocked, id=39144, stack(0x0000005a39b00000,0x0000005a39c00000)]
  0x000001ccfe411f90 JavaThread "Unconstrained build operations Thread 4" [_thread_blocked, id=31760, stack(0x0000005a39c00000,0x0000005a39d00000)]
  0x000001ccfe4138e0 JavaThread "Unconstrained build operations Thread 5" [_thread_blocked, id=36596, stack(0x0000005a39d00000,0x0000005a39e00000)]
  0x000001ccfe4175a0 JavaThread "Unconstrained build operations Thread 6" [_thread_blocked, id=38808, stack(0x0000005a39e00000,0x0000005a39f00000)]
  0x000001ccfe4189e0 JavaThread "Unconstrained build operations Thread 7" [_thread_blocked, id=39008, stack(0x0000005a39f00000,0x0000005a3a000000)]
  0x000001ccfe413df0 JavaThread "Unconstrained build operations Thread 8" [_thread_blocked, id=41224, stack(0x0000005a3a000000,0x0000005a3a100000)]
  0x000001ccfe411a80 JavaThread "Unconstrained build operations Thread 9" [_thread_blocked, id=26288, stack(0x0000005a3a100000,0x0000005a3a200000)]
  0x000001ccfe414300 JavaThread "Unconstrained build operations Thread 10" [_thread_blocked, id=29940, stack(0x0000005a3a200000,0x0000005a3a300000)]
  0x000001ccfe51ccc0 JavaThread "Unconstrained build operations Thread 11" [_thread_blocked, id=19764, stack(0x0000005a39800000,0x0000005a39900000)]
  0x000001ccfe51d6e0 JavaThread "Unconstrained build operations Thread 12" [_thread_blocked, id=35448, stack(0x0000005a3a300000,0x0000005a3a400000)]
  0x000001ccfe5222d0 JavaThread "Unconstrained build operations Thread 13" [_thread_blocked, id=29512, stack(0x0000005a3a400000,0x0000005a3a500000)]
  0x000001ccfe520e90 JavaThread "Unconstrained build operations Thread 14" [_thread_blocked, id=44884, stack(0x0000005a3a500000,0x0000005a3a600000)]
  0x000001ccfe51c7b0 JavaThread "Unconstrained build operations Thread 15" [_thread_blocked, id=29816, stack(0x0000005a3a600000,0x0000005a3a700000)]
  0x000001ccfe51fa50 JavaThread "Unconstrained build operations Thread 16" [_thread_blocked, id=44584, stack(0x0000005a3a700000,0x0000005a3a800000)]
  0x000001ccfe51d1d0 JavaThread "Unconstrained build operations Thread 17" [_thread_blocked, id=32136, stack(0x0000005a3a800000,0x0000005a3a900000)]
  0x000001ccfe522cf0 JavaThread "Unconstrained build operations Thread 18" [_thread_blocked, id=18084, stack(0x0000005a3a900000,0x0000005a3aa00000)]
  0x000001ccfe523200 JavaThread "Unconstrained build operations Thread 19" [_thread_blocked, id=28584, stack(0x0000005a3aa00000,0x0000005a3ab00000)]
  0x000001ccfe51ff60 JavaThread "Unconstrained build operations Thread 20" [_thread_blocked, id=14420, stack(0x0000005a3ab00000,0x0000005a3ac00000)]
  0x000001ccfe51dbf0 JavaThread "Unconstrained build operations Thread 21" [_thread_blocked, id=21348, stack(0x0000005a3ac00000,0x0000005a3ad00000)]
  0x000001ccfe51e100 JavaThread "jar transforms Thread 8" [_thread_blocked, id=34672, stack(0x0000005a3ad00000,0x0000005a3ae00000)]
  0x000001ccfe51bd90 JavaThread "jar transforms Thread 9" [_thread_blocked, id=38672, stack(0x0000005a3ae00000,0x0000005a3af00000)]
  0x000001ccfe51e610 JavaThread "jar transforms Thread 10" [_thread_blocked, id=35628, stack(0x0000005a3af00000,0x0000005a3b000000)]
  0x000001ccfe51eb20 JavaThread "jar transforms Thread 11" [_thread_blocked, id=33416, stack(0x0000005a3b000000,0x0000005a3b100000)]
  0x000001ccfe523710 JavaThread "jar transforms Thread 12" [_thread_blocked, id=25788, stack(0x0000005a3b100000,0x0000005a3b200000)]
  0x000001ccfe5218b0 JavaThread "File lock release action executor" [_thread_blocked, id=22016, stack(0x0000005a3b300000,0x0000005a3b400000)]
  0x000001ccfe51f030 JavaThread "Cache worker for Build Output Cleanup Cache (C:\Users\Admin\Desktop\ALL Plants Disease\FLUTTERAPP\mamatay\argivysor\android\.gradle\buildOutputCleanup)" [_thread_blocked, id=4296, stack(0x0000005a37f00000,0x0000005a38000000)]
  0x000001ccfe520980 JavaThread "build event listener" [_thread_blocked, id=25764, stack(0x0000005a3b400000,0x0000005a3b500000)]
  0x000001ccfef63660 JavaThread "Unconstrained build operations Thread 22" [_thread_blocked, id=46564, stack(0x0000005a3b600000,0x0000005a3b700000)]
  0x000001cc8853d740 JavaThread "Unconstrained build operations Thread 23" [_thread_blocked, id=37796, stack(0x0000005a3b700000,0x0000005a3b800000)]
  0x000001cc8853c300 JavaThread "Unconstrained build operations Thread 24" [_thread_blocked, id=30640, stack(0x0000005a3b800000,0x0000005a3b900000)]
  0x000001cc88539a80 JavaThread "Unconstrained build operations Thread 25" [_thread_blocked, id=27292, stack(0x0000005a3b900000,0x0000005a3ba00000)]
  0x000001cc8853eb80 JavaThread "Unconstrained build operations Thread 26" [_thread_blocked, id=40832, stack(0x0000005a3ba00000,0x0000005a3bb00000)]
  0x000001cc8853cd20 JavaThread "Unconstrained build operations Thread 27" [_thread_blocked, id=34996, stack(0x0000005a3bb00000,0x0000005a3bc00000)]
  0x000001cc8853b8e0 JavaThread "Unconstrained build operations Thread 28" [_thread_blocked, id=40196, stack(0x0000005a3bc00000,0x0000005a3bd00000)]
  0x000001cc8853ffc0 JavaThread "Unconstrained build operations Thread 29" [_thread_blocked, id=39692, stack(0x0000005a3bd00000,0x0000005a3be00000)]
  0x000001cc88539f90 JavaThread "Unconstrained build operations Thread 30" [_thread_blocked, id=35928, stack(0x0000005a3be00000,0x0000005a3bf00000)]
  0x000001cc88539060 JavaThread "Unconstrained build operations Thread 31" [_thread_blocked, id=35728, stack(0x0000005a3bf00000,0x0000005a3c000000)]
  0x000001cc8853f090 JavaThread "Unconstrained build operations Thread 32" [_thread_blocked, id=40316, stack(0x0000005a3c000000,0x0000005a3c100000)]
  0x000001cc8853fab0 JavaThread "Unconstrained build operations Thread 33" [_thread_blocked, id=45960, stack(0x0000005a3c100000,0x0000005a3c200000)]
  0x000001cc885404d0 JavaThread "Unconstrained build operations Thread 34" [_thread_blocked, id=30016, stack(0x0000005a3c200000,0x0000005a3c300000)]
  0x000001cc8853dc50 JavaThread "Unconstrained build operations Thread 35" [_thread_blocked, id=38108, stack(0x0000005a3c300000,0x0000005a3c400000)]
  0x000001cc885409e0 JavaThread "Unconstrained build operations Thread 36" [_thread_blocked, id=36912, stack(0x0000005a3c400000,0x0000005a3c500000)]
  0x000001cc8853e160 JavaThread "Unconstrained build operations Thread 37" [_thread_blocked, id=23884, stack(0x0000005a3c500000,0x0000005a3c600000)]
  0x000001cc88539570 JavaThread "Unconstrained build operations Thread 38" [_thread_blocked, id=36876, stack(0x0000005a3c600000,0x0000005a3c700000)]
  0x000001cc8853a9b0 JavaThread "Unconstrained build operations Thread 39" [_thread_blocked, id=31636, stack(0x0000005a3c700000,0x0000005a3c800000)]
  0x000001cc8853e670 JavaThread "Unconstrained build operations Thread 40" [_thread_blocked, id=31268, stack(0x0000005a3c800000,0x0000005a3c900000)]
  0x000001cc8853aec0 JavaThread "Unconstrained build operations Thread 41" [_thread_blocked, id=22780, stack(0x0000005a3c900000,0x0000005a3ca00000)]
  0x000001cc8853b3d0 JavaThread "Unconstrained build operations Thread 42" [_thread_blocked, id=23780, stack(0x0000005a3ca00000,0x0000005a3cb00000)]
  0x000001cc8853c810 JavaThread "Unconstrained build operations Thread 43" [_thread_blocked, id=30284, stack(0x0000005a3cb00000,0x0000005a3cc00000)]
  0x000001cc84f67bc0 JavaThread "Unconstrained build operations Thread 44" [_thread_blocked, id=38072, stack(0x0000005a3cc00000,0x0000005a3cd00000)]
  0x000001cc84f64e30 JavaThread "Unconstrained build operations Thread 45" [_thread_blocked, id=43920, stack(0x0000005a3cd00000,0x0000005a3ce00000)]
  0x000001cc84f66270 JavaThread "Unconstrained build operations Thread 46" [_thread_blocked, id=32504, stack(0x0000005a3ce00000,0x0000005a3cf00000)]
  0x000001cc84f671a0 JavaThread "Unconstrained build operations Thread 47" [_thread_blocked, id=44388, stack(0x0000005a3cf00000,0x0000005a3d000000)]
  0x000001cc84f69f30 JavaThread "Unconstrained build operations Thread 48" [_thread_blocked, id=32636, stack(0x0000005a3d000000,0x0000005a3d100000)]
  0x000001cc84f685e0 JavaThread "Unconstrained build operations Thread 49" [_thread_blocked, id=26784, stack(0x0000005a3d100000,0x0000005a3d200000)]
  0x000001cc84f65d60 JavaThread "Unconstrained build operations Thread 50" [_thread_blocked, id=13712, stack(0x0000005a3d200000,0x0000005a3d300000)]
  0x000001cc84f676b0 JavaThread "Unconstrained build operations Thread 51" [_thread_blocked, id=31932, stack(0x0000005a3d300000,0x0000005a3d400000)]
  0x000001cc84f69510 JavaThread "Unconstrained build operations Thread 52" [_thread_blocked, id=24948, stack(0x0000005a3d400000,0x0000005a3d500000)]
  0x000001cc84f69000 JavaThread "Unconstrained build operations Thread 53" [_thread_blocked, id=24692, stack(0x0000005a3d500000,0x0000005a3d600000)]
  0x000001cc84f6b880 JavaThread "Unconstrained build operations Thread 54" [_thread_blocked, id=46060, stack(0x0000005a3d600000,0x0000005a3d700000)]
  0x000001cc84f68af0 JavaThread "Unconstrained build operations Thread 55" [_thread_blocked, id=24156, stack(0x0000005a3d700000,0x0000005a3d800000)]
  0x000001cc84f6c7b0 JavaThread "Unconstrained build operations Thread 56" [_thread_blocked, id=24700, stack(0x0000005a3d800000,0x0000005a3d900000)]
  0x000001cc84f65340 JavaThread "Unconstrained build operations Thread 57" [_thread_blocked, id=24840, stack(0x0000005a3d900000,0x0000005a3da00000)]
  0x000001cc84f6a950 JavaThread "Unconstrained build operations Thread 58" [_thread_blocked, id=21212, stack(0x0000005a3da00000,0x0000005a3db00000)]
  0x000001cc84f6ae60 JavaThread "Unconstrained build operations Thread 59" [_thread_blocked, id=24988, stack(0x0000005a3db00000,0x0000005a3dc00000)]
  0x000001cc84f66780 JavaThread "Unconstrained build operations Thread 60" [_thread_blocked, id=24152, stack(0x0000005a3dc00000,0x0000005a3dd00000)]
  0x000001cc84f6b370 JavaThread "Unconstrained build operations Thread 61" [_thread_blocked, id=24164, stack(0x0000005a3dd00000,0x0000005a3de00000)]
  0x000001cc84f65850 JavaThread "Unconstrained build operations Thread 62" [_thread_blocked, id=320, stack(0x0000005a3de00000,0x0000005a3df00000)]
  0x000001cc886f5380 JavaThread "Unconstrained build operations Thread 63" [_thread_blocked, id=22796, stack(0x0000005a3df00000,0x0000005a3e000000)]
  0x000001cc886f3f40 JavaThread "Unconstrained build operations Thread 64" [_thread_blocked, id=24844, stack(0x0000005a3e000000,0x0000005a3e100000)]
  0x000001cc886f5890 JavaThread "Unconstrained build operations Thread 65" [_thread_blocked, id=24724, stack(0x0000005a3e100000,0x0000005a3e200000)]
  0x000001cc886f5da0 JavaThread "Unconstrained build operations Thread 66" [_thread_blocked, id=24176, stack(0x0000005a3e200000,0x0000005a3e300000)]
  0x000001cc886f25f0 JavaThread "Unconstrained build operations Thread 67" [_thread_blocked, id=22560, stack(0x0000005a3e300000,0x0000005a3e400000)]
  0x000001cc886f4960 JavaThread "Unconstrained build operations Thread 68" [_thread_blocked, id=11492, stack(0x0000005a3e400000,0x0000005a3e500000)]
  0x000001cc886f62b0 JavaThread "Unconstrained build operations Thread 69" [_thread_blocked, id=17924, stack(0x0000005a3e500000,0x0000005a3e600000)]
  0x000001cc886f67c0 JavaThread "Unconstrained build operations Thread 70" [_thread_blocked, id=25512, stack(0x0000005a3e600000,0x0000005a3e700000)]
  0x000001cc886f8110 JavaThread "Unconstrained build operations Thread 71" [_thread_blocked, id=23348, stack(0x0000005a3e700000,0x0000005a3e800000)]
  0x000001cc886f3520 JavaThread "Unconstrained build operations Thread 72" [_thread_blocked, id=25776, stack(0x0000005a3e800000,0x0000005a3e900000)]
  0x000001cc886f6cd0 JavaThread "Unconstrained build operations Thread 73" [_thread_blocked, id=33920, stack(0x0000005a3e900000,0x0000005a3ea00000)]
  0x000001cc886f7c00 JavaThread "Unconstrained build operations Thread 74" [_thread_blocked, id=24168, stack(0x0000005a3ea00000,0x0000005a3eb00000)]
  0x000001cc886f71e0 JavaThread "Unconstrained build operations Thread 75" [_thread_blocked, id=20116, stack(0x0000005a3eb00000,0x0000005a3ec00000)]
  0x000001cc886f8620 JavaThread "Unconstrained build operations Thread 76" [_thread_blocked, id=44644, stack(0x0000005a3ec00000,0x0000005a3ed00000)]
  0x000001cc886f9f70 JavaThread "Cache worker for execution history cache (C:\Users\Admin\Desktop\ALL Plants Disease\FLUTTERAPP\mamatay\argivysor\android\.gradle\8.1\executionHistory)" [_thread_blocked, id=24212, stack(0x0000005a3ed00000,0x0000005a3ee00000)]
  0x000001cc886f3a30 JavaThread "Exec process" [_thread_blocked, id=24640, stack(0x0000005a3f100000,0x0000005a3f200000)]
  0x000001ccfe51f540 JavaThread "Exec process Thread 2" [_thread_blocked, id=24824, stack(0x0000005a3f200000,0x0000005a3f300000)]
  0x000001cc886f4450 JavaThread "Exec process Thread 3" [_thread_blocked, id=24796, stack(0x0000005a3f300000,0x0000005a3f400000)]

Other Threads:
  0x000001ccbb2ec5d0 VMThread "VM Thread" [stack: 0x0000005a35200000,0x0000005a35300000] [id=45696]
  0x000001ccbb4d26c0 WatcherThread [stack: 0x0000005a35e00000,0x0000005a35f00000] [id=30736]
  0x000001cc97e3f010 GCTaskThread "GC Thread#0" [stack: 0x0000005a34d00000,0x0000005a34e00000] [id=32876]
  0x000001ccfd1c2290 GCTaskThread "GC Thread#1" [stack: 0x0000005a36000000,0x0000005a36100000] [id=38876]
  0x000001ccbbac7780 GCTaskThread "GC Thread#2" [stack: 0x0000005a36100000,0x0000005a36200000] [id=9508]
  0x000001ccbb91bf00 GCTaskThread "GC Thread#3" [stack: 0x0000005a36200000,0x0000005a36300000] [id=42404]
  0x000001ccbb91c5d0 GCTaskThread "GC Thread#4" [stack: 0x0000005a36300000,0x0000005a36400000] [id=44464]
  0x000001ccfecbf7c0 GCTaskThread "GC Thread#5" [stack: 0x0000005a37600000,0x0000005a37700000] [id=19616]
  0x000001cc8513d5e0 GCTaskThread "GC Thread#6" [stack: 0x0000005a37700000,0x0000005a37800000] [id=20196]
  0x000001cc84f02cc0 GCTaskThread "GC Thread#7" [stack: 0x0000005a37800000,0x0000005a37900000] [id=25180]
  0x000001cc84ef0040 GCTaskThread "GC Thread#8" [stack: 0x0000005a37900000,0x0000005a37a00000] [id=45704]
  0x000001cc84eefac0 GCTaskThread "GC Thread#9" [stack: 0x0000005a37a00000,0x0000005a37b00000] [id=18292]
  0x000001cc97e4ff60 ConcurrentGCThread "G1 Main Marker" [stack: 0x0000005a34e00000,0x0000005a34f00000] [id=29032]
  0x000001cc97e51120 ConcurrentGCThread "G1 Conc#0" [stack: 0x0000005a34f00000,0x0000005a35000000] [id=35744]
  0x000001cc84ef0b40 ConcurrentGCThread "G1 Conc#1" [stack: 0x0000005a37b00000,0x0000005a37c00000] [id=42136]
  0x000001cc84ef0300 ConcurrentGCThread "G1 Conc#2" [stack: 0x0000005a37c00000,0x0000005a37d00000] [id=23676]
  0x000001cc97e7e8e0 ConcurrentGCThread "G1 Refine#0" [stack: 0x0000005a35000000,0x0000005a35100000] [id=38748]
  0x000001ccfde4fa70 ConcurrentGCThread "G1 Refine#1" [stack: 0x0000005a3b200000,0x0000005a3b300000] [id=24504]
  0x000001ccfde50630 ConcurrentGCThread "G1 Refine#2" [stack: 0x0000005a3b500000,0x0000005a3b600000] [id=22784]
  0x000001ccbb1845a0 ConcurrentGCThread "G1 Service" [stack: 0x0000005a35100000,0x0000005a35200000] [id=31604]

Threads with active compile tasks:
C2 CompilerThread0    54069 15197       4       com.google.common.io.CountingInputStream::read (33 bytes)

VM state: not at safepoint (normal execution)

VM Mutex/Monitor currently owned by a thread: None

Heap address: 0x0000000700000000, size: 4096 MB, Compressed Oops mode: Zero based, Oop shift amount: 3

CDS archive(s) mapped at: [0x000001ccbc000000-0x000001ccbcbb0000-0x000001ccbcbb0000), size 12255232, SharedBaseAddress: 0x000001ccbc000000, ArchiveRelocationMode: 1.
Compressed class space mapped at: 0x000001ccbd000000-0x000001ccfd000000, reserved size: 1073741824
Narrow klass base: 0x000001ccbc000000, Narrow klass shift: 0, Narrow klass range: 0x100000000

GC Precious Log:
 CPUs: 12 total, 12 available
 Memory: 15761M
 Large Page Support: Disabled
 NUMA Support: Disabled
 Compressed Oops: Enabled (Zero based)
 Heap Region Size: 2M
 Heap Min Capacity: 8M
 Heap Initial Capacity: 248M
 Heap Max Capacity: 4G
 Pre-touch: Disabled
 Parallel Workers: 10
 Concurrent Workers: 3
 Concurrent Refinement Workers: 10
 Periodic GC: Disabled

Heap:
 garbage-first heap   total 344064K, used 212893K [0x0000000700000000, 0x0000000800000000)
  region size 2048K, 31 young (63488K), 8 survivors (16384K)
 Metaspace       used 103951K, committed 105024K, reserved 1179648K
  class space    used 14596K, committed 15040K, reserved 1048576K

Heap Regions: E=young(eden), S=young(survivor), O=old, HS=humongous(starts), HC=humongous(continues), CS=collection set, F=free, OA=open archive, CA=closed archive, TAMS=top-at-mark-start (previous, next)
|   0|0x0000000700000000, 0x0000000700200000, 0x0000000700200000|100%|HS|  |TAMS 0x0000000700200000, 0x0000000700000000| Complete 
|   1|0x0000000700200000, 0x0000000700400000, 0x0000000700400000|100%|HC|  |TAMS 0x0000000700400000, 0x0000000700200000| Complete 
|   2|0x0000000700400000, 0x0000000700600000, 0x0000000700600000|100%| O|  |TAMS 0x0000000700600000, 0x0000000700400000| Untracked 
|   3|0x0000000700600000, 0x0000000700800000, 0x0000000700800000|100%| O|  |TAMS 0x0000000700800000, 0x0000000700600000| Untracked 
|   4|0x0000000700800000, 0x00000007009ec200, 0x0000000700a00000| 96%| O|  |TAMS 0x00000007009ec200, 0x0000000700800000| Untracked 
|   5|0x0000000700a00000, 0x0000000700c00000, 0x0000000700c00000|100%| O|  |TAMS 0x0000000700c00000, 0x0000000700a00000| Untracked 
|   6|0x0000000700c00000, 0x0000000700e00000, 0x0000000700e00000|100%| O|  |TAMS 0x0000000700e00000, 0x0000000700c00000| Untracked 
|   7|0x0000000700e00000, 0x0000000701000000, 0x0000000701000000|100%| O|  |TAMS 0x0000000701000000, 0x0000000700e00000| Untracked 
|   8|0x0000000701000000, 0x0000000701200000, 0x0000000701200000|100%| O|  |TAMS 0x0000000701200000, 0x0000000701000000| Untracked 
|   9|0x0000000701200000, 0x0000000701400000, 0x0000000701400000|100%| O|  |TAMS 0x0000000701400000, 0x0000000701200000| Untracked 
|  10|0x0000000701400000, 0x0000000701600000, 0x0000000701600000|100%| O|  |TAMS 0x0000000701600000, 0x0000000701400000| Untracked 
|  11|0x0000000701600000, 0x0000000701800000, 0x0000000701800000|100%| O|  |TAMS 0x0000000701800000, 0x0000000701600000| Untracked 
|  12|0x0000000701800000, 0x0000000701a00000, 0x0000000701a00000|100%| O|  |TAMS 0x0000000701800000, 0x0000000701800000| Untracked 
|  13|0x0000000701a00000, 0x0000000701c00000, 0x0000000701c00000|100%|HS|  |TAMS 0x0000000701c00000, 0x0000000701a00000| Complete 
|  14|0x0000000701c00000, 0x0000000701e00000, 0x0000000701e00000|100%|HS|  |TAMS 0x0000000701e00000, 0x0000000701c00000| Complete 
|  15|0x0000000701e00000, 0x0000000702000000, 0x0000000702000000|100%|HC|  |TAMS 0x0000000702000000, 0x0000000701e00000| Complete 
|  16|0x0000000702000000, 0x0000000702200000, 0x0000000702200000|100%| O|  |TAMS 0x0000000702200000, 0x0000000702000000| Untracked 
|  17|0x0000000702200000, 0x0000000702400000, 0x0000000702400000|100%| O|  |TAMS 0x0000000702400000, 0x0000000702200000| Untracked 
|  18|0x0000000702400000, 0x0000000702600000, 0x0000000702600000|100%|HS|  |TAMS 0x0000000702600000, 0x0000000702400000| Complete 
|  19|0x0000000702600000, 0x0000000702800000, 0x0000000702800000|100%| O|  |TAMS 0x0000000702800000, 0x0000000702600000| Untracked 
|  20|0x0000000702800000, 0x0000000702a00000, 0x0000000702a00000|100%| O|  |TAMS 0x0000000702a00000, 0x0000000702800000| Untracked 
|  21|0x0000000702a00000, 0x0000000702c00000, 0x0000000702c00000|100%| O|  |TAMS 0x0000000702c00000, 0x0000000702a00000| Untracked 
|  22|0x0000000702c00000, 0x0000000702e00000, 0x0000000702e00000|100%| O|  |TAMS 0x0000000702e00000, 0x0000000702c00000| Untracked 
|  23|0x0000000702e00000, 0x0000000703000000, 0x0000000703000000|100%|HS|  |TAMS 0x0000000703000000, 0x0000000702e00000| Complete 
|  24|0x0000000703000000, 0x0000000703200000, 0x0000000703200000|100%| O|  |TAMS 0x0000000703200000, 0x0000000703000000| Untracked 
|  25|0x0000000703200000, 0x0000000703400000, 0x0000000703400000|100%| O|  |TAMS 0x0000000703400000, 0x0000000703200000| Untracked 
|  26|0x0000000703400000, 0x0000000703600000, 0x0000000703600000|100%| O|  |TAMS 0x0000000703600000, 0x0000000703400000| Untracked 
|  27|0x0000000703600000, 0x0000000703800000, 0x0000000703800000|100%| O|  |TAMS 0x0000000703800000, 0x0000000703600000| Untracked 
|  28|0x0000000703800000, 0x0000000703a00000, 0x0000000703a00000|100%| O|  |TAMS 0x0000000703a00000, 0x0000000703800000| Untracked 
|  29|0x0000000703a00000, 0x0000000703c00000, 0x0000000703c00000|100%| O|  |TAMS 0x0000000703c00000, 0x0000000703a00000| Untracked 
|  30|0x0000000703c00000, 0x0000000703e00000, 0x0000000703e00000|100%| O|  |TAMS 0x0000000703e00000, 0x0000000703c00000| Untracked 
|  31|0x0000000703e00000, 0x0000000704000000, 0x0000000704000000|100%|HS|  |TAMS 0x0000000704000000, 0x0000000703e00000| Complete 
|  32|0x0000000704000000, 0x0000000704200000, 0x0000000704200000|100%|HC|  |TAMS 0x0000000704200000, 0x0000000704000000| Complete 
|  33|0x0000000704200000, 0x0000000704400000, 0x0000000704400000|100%| O|  |TAMS 0x0000000704400000, 0x0000000704200000| Untracked 
|  34|0x0000000704400000, 0x0000000704600000, 0x0000000704600000|100%| O|  |TAMS 0x0000000704600000, 0x0000000704400000| Untracked 
|  35|0x0000000704600000, 0x0000000704800000, 0x0000000704800000|100%| O|  |TAMS 0x0000000704800000, 0x0000000704600000| Untracked 
|  36|0x0000000704800000, 0x0000000704a00000, 0x0000000704a00000|100%| O|  |TAMS 0x0000000704a00000, 0x0000000704800000| Untracked 
|  37|0x0000000704a00000, 0x0000000704c00000, 0x0000000704c00000|100%|HS|  |TAMS 0x0000000704c00000, 0x0000000704a00000| Complete 
|  38|0x0000000704c00000, 0x0000000704e00000, 0x0000000704e00000|100%|HC|  |TAMS 0x0000000704e00000, 0x0000000704c00000| Complete 
|  39|0x0000000704e00000, 0x0000000705000000, 0x0000000705000000|100%| O|  |TAMS 0x0000000705000000, 0x0000000704e00000| Untracked 
|  40|0x0000000705000000, 0x0000000705200000, 0x0000000705200000|100%| O|  |TAMS 0x0000000705200000, 0x0000000705000000| Untracked 
|  41|0x0000000705200000, 0x0000000705400000, 0x0000000705400000|100%| O|  |TAMS 0x0000000705400000, 0x0000000705200000| Untracked 
|  42|0x0000000705400000, 0x0000000705600000, 0x0000000705600000|100%| O|  |TAMS 0x0000000705600000, 0x0000000705400000| Untracked 
|  43|0x0000000705600000, 0x0000000705800000, 0x0000000705800000|100%| O|  |TAMS 0x0000000705800000, 0x0000000705600000| Untracked 
|  44|0x0000000705800000, 0x0000000705a00000, 0x0000000705a00000|100%| O|  |TAMS 0x0000000705a00000, 0x0000000705800000| Untracked 
|  45|0x0000000705a00000, 0x0000000705c00000, 0x0000000705c00000|100%| O|  |TAMS 0x0000000705c00000, 0x0000000705a00000| Untracked 
|  46|0x0000000705c00000, 0x0000000705e00000, 0x0000000705e00000|100%| O|  |TAMS 0x0000000705e00000, 0x0000000705c00000| Untracked 
|  47|0x0000000705e00000, 0x0000000706000000, 0x0000000706000000|100%| O|  |TAMS 0x0000000706000000, 0x0000000705e00000| Untracked 
|  48|0x0000000706000000, 0x0000000706200000, 0x0000000706200000|100%| O|  |TAMS 0x0000000706200000, 0x0000000706000000| Untracked 
|  49|0x0000000706200000, 0x0000000706400000, 0x0000000706400000|100%| O|  |TAMS 0x0000000706400000, 0x0000000706200000| Untracked 
|  50|0x0000000706400000, 0x0000000706600000, 0x0000000706600000|100%| O|  |TAMS 0x0000000706600000, 0x0000000706400000| Untracked 
|  51|0x0000000706600000, 0x0000000706800000, 0x0000000706800000|100%| O|  |TAMS 0x0000000706800000, 0x0000000706600000| Untracked 
|  52|0x0000000706800000, 0x0000000706a00000, 0x0000000706a00000|100%| O|  |TAMS 0x0000000706a00000, 0x0000000706800000| Untracked 
|  53|0x0000000706a00000, 0x0000000706a00000, 0x0000000706c00000|  0%| F|  |TAMS 0x0000000706a00000, 0x0000000706a00000| Untracked 
|  54|0x0000000706c00000, 0x0000000706e00000, 0x0000000706e00000|100%| O|  |TAMS 0x0000000706e00000, 0x0000000706c00000| Untracked 
|  55|0x0000000706e00000, 0x0000000707000000, 0x0000000707000000|100%| O|  |TAMS 0x0000000707000000, 0x0000000706e00000| Untracked 
|  56|0x0000000707000000, 0x0000000707200000, 0x0000000707200000|100%| O|  |TAMS 0x0000000707200000, 0x0000000707000000| Untracked 
|  57|0x0000000707200000, 0x0000000707400000, 0x0000000707400000|100%| O|  |TAMS 0x0000000707400000, 0x0000000707200000| Untracked 
|  58|0x0000000707400000, 0x0000000707600000, 0x0000000707600000|100%| O|  |TAMS 0x0000000707600000, 0x0000000707400000| Untracked 
|  59|0x0000000707600000, 0x0000000707800000, 0x0000000707800000|100%| O|  |TAMS 0x000000070774ee00, 0x0000000707600000| Untracked 
|  60|0x0000000707800000, 0x0000000707a00000, 0x0000000707a00000|100%| O|  |TAMS 0x0000000707800000, 0x0000000707800000| Untracked 
|  61|0x0000000707a00000, 0x0000000707c00000, 0x0000000707c00000|100%| O|  |TAMS 0x0000000707a00000, 0x0000000707a00000| Untracked 
|  62|0x0000000707c00000, 0x0000000707e00000, 0x0000000707e00000|100%| O|  |TAMS 0x0000000707c00000, 0x0000000707c00000| Untracked 
|  63|0x0000000707e00000, 0x0000000708000000, 0x0000000708000000|100%| O|  |TAMS 0x0000000707e00000, 0x0000000707e00000| Untracked 
|  64|0x0000000708000000, 0x0000000708200000, 0x0000000708200000|100%| O|  |TAMS 0x0000000708000000, 0x0000000708000000| Untracked 
|  65|0x0000000708200000, 0x0000000708400000, 0x0000000708400000|100%| O|  |TAMS 0x0000000708200000, 0x0000000708200000| Untracked 
|  66|0x0000000708400000, 0x0000000708600000, 0x0000000708600000|100%| O|  |TAMS 0x0000000708400000, 0x0000000708400000| Untracked 
|  67|0x0000000708600000, 0x0000000708800000, 0x0000000708800000|100%| O|  |TAMS 0x0000000708600000, 0x0000000708600000| Untracked 
|  68|0x0000000708800000, 0x0000000708a00000, 0x0000000708a00000|100%| O|  |TAMS 0x0000000708800000, 0x0000000708800000| Untracked 
|  69|0x0000000708a00000, 0x0000000708bfb200, 0x0000000708c00000| 99%| O|  |TAMS 0x0000000708a00000, 0x0000000708a00000| Untracked 
|  70|0x0000000708c00000, 0x0000000708c00000, 0x0000000708e00000|  0%| F|  |TAMS 0x0000000708c00000, 0x0000000708c00000| Untracked 
|  71|0x0000000708e00000, 0x0000000708e00000, 0x0000000709000000|  0%| F|  |TAMS 0x0000000708e00000, 0x0000000708e00000| Untracked 
|  72|0x0000000709000000, 0x0000000709000000, 0x0000000709200000|  0%| F|  |TAMS 0x0000000709000000, 0x0000000709000000| Untracked 
|  73|0x0000000709200000, 0x0000000709200000, 0x0000000709400000|  0%| F|  |TAMS 0x0000000709200000, 0x0000000709200000| Untracked 
|  74|0x0000000709400000, 0x0000000709400000, 0x0000000709600000|  0%| F|  |TAMS 0x0000000709400000, 0x0000000709400000| Untracked 
|  75|0x0000000709600000, 0x0000000709600000, 0x0000000709800000|  0%| F|  |TAMS 0x0000000709600000, 0x0000000709600000| Untracked 
|  76|0x0000000709800000, 0x0000000709800000, 0x0000000709a00000|  0%| F|  |TAMS 0x0000000709800000, 0x0000000709800000| Untracked 
|  77|0x0000000709a00000, 0x0000000709a00000, 0x0000000709c00000|  0%| F|  |TAMS 0x0000000709a00000, 0x0000000709a00000| Untracked 
|  78|0x0000000709c00000, 0x0000000709c00000, 0x0000000709e00000|  0%| F|  |TAMS 0x0000000709c00000, 0x0000000709c00000| Untracked 
|  79|0x0000000709e00000, 0x0000000709e00000, 0x000000070a000000|  0%| F|  |TAMS 0x0000000709e00000, 0x0000000709e00000| Untracked 
|  80|0x000000070a000000, 0x000000070a000000, 0x000000070a200000|  0%| F|  |TAMS 0x000000070a000000, 0x000000070a000000| Untracked 
|  81|0x000000070a200000, 0x000000070a200000, 0x000000070a400000|  0%| F|  |TAMS 0x000000070a200000, 0x000000070a200000| Untracked 
|  82|0x000000070a400000, 0x000000070a400000, 0x000000070a600000|  0%| F|  |TAMS 0x000000070a400000, 0x000000070a400000| Untracked 
|  83|0x000000070a600000, 0x000000070a600000, 0x000000070a800000|  0%| F|  |TAMS 0x000000070a600000, 0x000000070a600000| Untracked 
|  84|0x000000070a800000, 0x000000070a800000, 0x000000070aa00000|  0%| F|  |TAMS 0x000000070a800000, 0x000000070a800000| Untracked 
|  85|0x000000070aa00000, 0x000000070aa00000, 0x000000070ac00000|  0%| F|  |TAMS 0x000000070aa00000, 0x000000070aa00000| Untracked 
|  86|0x000000070ac00000, 0x000000070ac00000, 0x000000070ae00000|  0%| F|  |TAMS 0x000000070ac00000, 0x000000070ac00000| Untracked 
|  87|0x000000070ae00000, 0x000000070ae00000, 0x000000070b000000|  0%| F|  |TAMS 0x000000070ae00000, 0x000000070ae00000| Untracked 
|  88|0x000000070b000000, 0x000000070b000000, 0x000000070b200000|  0%| F|  |TAMS 0x000000070b000000, 0x000000070b000000| Untracked 
|  89|0x000000070b200000, 0x000000070b200000, 0x000000070b400000|  0%| F|  |TAMS 0x000000070b200000, 0x000000070b200000| Untracked 
|  90|0x000000070b400000, 0x000000070b400000, 0x000000070b600000|  0%| F|  |TAMS 0x000000070b400000, 0x000000070b400000| Untracked 
|  91|0x000000070b600000, 0x000000070b600000, 0x000000070b800000|  0%| F|  |TAMS 0x000000070b600000, 0x000000070b600000| Untracked 
|  92|0x000000070b800000, 0x000000070b800000, 0x000000070ba00000|  0%| F|  |TAMS 0x000000070b800000, 0x000000070b800000| Untracked 
|  93|0x000000070ba00000, 0x000000070ba00000, 0x000000070bc00000|  0%| F|  |TAMS 0x000000070ba00000, 0x000000070ba00000| Untracked 
|  94|0x000000070bc00000, 0x000000070bc00000, 0x000000070be00000|  0%| F|  |TAMS 0x000000070bc00000, 0x000000070bc00000| Untracked 
|  95|0x000000070be00000, 0x000000070be00000, 0x000000070c000000|  0%| F|  |TAMS 0x000000070be00000, 0x000000070be00000| Untracked 
|  96|0x000000070c000000, 0x000000070c000000, 0x000000070c200000|  0%| F|  |TAMS 0x000000070c000000, 0x000000070c000000| Untracked 
|  97|0x000000070c200000, 0x000000070c200000, 0x000000070c400000|  0%| F|  |TAMS 0x000000070c200000, 0x000000070c200000| Untracked 
|  98|0x000000070c400000, 0x000000070c400000, 0x000000070c600000|  0%| F|  |TAMS 0x000000070c400000, 0x000000070c400000| Untracked 
|  99|0x000000070c600000, 0x000000070c600000, 0x000000070c800000|  0%| F|  |TAMS 0x000000070c600000, 0x000000070c600000| Untracked 
| 100|0x000000070c800000, 0x000000070ca00000, 0x000000070ca00000|100%| S|CS|TAMS 0x000000070c800000, 0x000000070c800000| Complete 
| 101|0x000000070ca00000, 0x000000070cc00000, 0x000000070cc00000|100%| S|CS|TAMS 0x000000070ca00000, 0x000000070ca00000| Complete 
| 102|0x000000070cc00000, 0x000000070ce00000, 0x000000070ce00000|100%| S|CS|TAMS 0x000000070cc00000, 0x000000070cc00000| Complete 
| 103|0x000000070ce00000, 0x000000070d000000, 0x000000070d000000|100%| S|CS|TAMS 0x000000070ce00000, 0x000000070ce00000| Complete 
| 104|0x000000070d000000, 0x000000070d200000, 0x000000070d200000|100%| S|CS|TAMS 0x000000070d000000, 0x000000070d000000| Complete 
| 105|0x000000070d200000, 0x000000070d400000, 0x000000070d400000|100%| S|CS|TAMS 0x000000070d200000, 0x000000070d200000| Complete 
| 106|0x000000070d400000, 0x000000070d600000, 0x000000070d600000|100%| S|CS|TAMS 0x000000070d400000, 0x000000070d400000| Complete 
| 107|0x000000070d600000, 0x000000070d800000, 0x000000070d800000|100%| S|CS|TAMS 0x000000070d600000, 0x000000070d600000| Complete 
| 108|0x000000070d800000, 0x000000070d800000, 0x000000070da00000|  0%| F|  |TAMS 0x000000070d800000, 0x000000070d800000| Untracked 
| 109|0x000000070da00000, 0x000000070da00000, 0x000000070dc00000|  0%| F|  |TAMS 0x000000070da00000, 0x000000070da00000| Untracked 
| 110|0x000000070dc00000, 0x000000070dc00000, 0x000000070de00000|  0%| F|  |TAMS 0x000000070dc00000, 0x000000070dc00000| Untracked 
| 111|0x000000070de00000, 0x000000070de00000, 0x000000070e000000|  0%| F|  |TAMS 0x000000070de00000, 0x000000070de00000| Untracked 
| 112|0x000000070e000000, 0x000000070e000000, 0x000000070e200000|  0%| F|  |TAMS 0x000000070e000000, 0x000000070e000000| Untracked 
| 113|0x000000070e200000, 0x000000070e200000, 0x000000070e400000|  0%| F|  |TAMS 0x000000070e200000, 0x000000070e200000| Untracked 
| 114|0x000000070e400000, 0x000000070e400000, 0x000000070e600000|  0%| F|  |TAMS 0x000000070e400000, 0x000000070e400000| Untracked 
| 115|0x000000070e600000, 0x000000070e600000, 0x000000070e800000|  0%| F|  |TAMS 0x000000070e600000, 0x000000070e600000| Untracked 
| 116|0x000000070e800000, 0x000000070e800000, 0x000000070ea00000|  0%| F|  |TAMS 0x000000070e800000, 0x000000070e800000| Untracked 
| 117|0x000000070ea00000, 0x000000070ea00000, 0x000000070ec00000|  0%| F|  |TAMS 0x000000070ea00000, 0x000000070ea00000| Untracked 
| 118|0x000000070ec00000, 0x000000070ec00000, 0x000000070ee00000|  0%| F|  |TAMS 0x000000070ec00000, 0x000000070ec00000| Untracked 
| 119|0x000000070ee00000, 0x000000070ee00000, 0x000000070f000000|  0%| F|  |TAMS 0x000000070ee00000, 0x000000070ee00000| Untracked 
| 120|0x000000070f000000, 0x000000070f000000, 0x000000070f200000|  0%| F|  |TAMS 0x000000070f000000, 0x000000070f000000| Untracked 
| 121|0x000000070f200000, 0x000000070f200000, 0x000000070f400000|  0%| F|  |TAMS 0x000000070f200000, 0x000000070f200000| Untracked 
| 122|0x000000070f400000, 0x000000070f400000, 0x000000070f600000|  0%| F|  |TAMS 0x000000070f400000, 0x000000070f400000| Untracked 
| 123|0x000000070f600000, 0x000000070f600000, 0x000000070f800000|  0%| F|  |TAMS 0x000000070f600000, 0x000000070f600000| Untracked 
| 124|0x000000070f800000, 0x000000070f800000, 0x000000070fa00000|  0%| F|  |TAMS 0x000000070f800000, 0x000000070f800000| Untracked 
| 125|0x000000070fa00000, 0x000000070fa00000, 0x000000070fc00000|  0%| F|  |TAMS 0x000000070fa00000, 0x000000070fa00000| Untracked 
| 126|0x000000070fc00000, 0x000000070fc00000, 0x000000070fe00000|  0%| F|  |TAMS 0x000000070fc00000, 0x000000070fc00000| Untracked 
| 127|0x000000070fe00000, 0x000000070fe00000, 0x0000000710000000|  0%| F|  |TAMS 0x000000070fe00000, 0x000000070fe00000| Untracked 
| 128|0x0000000710000000, 0x0000000710000000, 0x0000000710200000|  0%| F|  |TAMS 0x0000000710000000, 0x0000000710000000| Untracked 
| 129|0x0000000710200000, 0x0000000710200000, 0x0000000710400000|  0%| F|  |TAMS 0x0000000710200000, 0x0000000710200000| Untracked 
| 130|0x0000000710400000, 0x0000000710400000, 0x0000000710600000|  0%| F|  |TAMS 0x0000000710400000, 0x0000000710400000| Untracked 
| 131|0x0000000710600000, 0x0000000710600000, 0x0000000710800000|  0%| F|  |TAMS 0x0000000710600000, 0x0000000710600000| Untracked 
| 132|0x0000000710800000, 0x0000000710800000, 0x0000000710a00000|  0%| F|  |TAMS 0x0000000710800000, 0x0000000710800000| Untracked 
| 133|0x0000000710a00000, 0x0000000710a00000, 0x0000000710c00000|  0%| F|  |TAMS 0x0000000710a00000, 0x0000000710a00000| Untracked 
| 134|0x0000000710c00000, 0x0000000710c00000, 0x0000000710e00000|  0%| F|  |TAMS 0x0000000710c00000, 0x0000000710c00000| Untracked 
| 135|0x0000000710e00000, 0x0000000710e00000, 0x0000000711000000|  0%| F|  |TAMS 0x0000000710e00000, 0x0000000710e00000| Untracked 
| 136|0x0000000711000000, 0x0000000711000000, 0x0000000711200000|  0%| F|  |TAMS 0x0000000711000000, 0x0000000711000000| Untracked 
| 137|0x0000000711200000, 0x0000000711200000, 0x0000000711400000|  0%| F|  |TAMS 0x0000000711200000, 0x0000000711200000| Untracked 
| 138|0x0000000711400000, 0x0000000711400000, 0x0000000711600000|  0%| F|  |TAMS 0x0000000711400000, 0x0000000711400000| Untracked 
| 139|0x0000000711600000, 0x0000000711668758, 0x0000000711800000| 20%| E|  |TAMS 0x0000000711600000, 0x0000000711600000| Complete 
| 140|0x0000000711800000, 0x0000000711a00000, 0x0000000711a00000|100%| E|CS|TAMS 0x0000000711800000, 0x0000000711800000| Complete 
| 141|0x0000000711a00000, 0x0000000711c00000, 0x0000000711c00000|100%| E|CS|TAMS 0x0000000711a00000, 0x0000000711a00000| Complete 
| 142|0x0000000711c00000, 0x0000000711e00000, 0x0000000711e00000|100%| E|CS|TAMS 0x0000000711c00000, 0x0000000711c00000| Complete 
| 143|0x0000000711e00000, 0x0000000712000000, 0x0000000712000000|100%| E|CS|TAMS 0x0000000711e00000, 0x0000000711e00000| Complete 
| 144|0x0000000712000000, 0x0000000712200000, 0x0000000712200000|100%| E|  |TAMS 0x0000000712000000, 0x0000000712000000| Complete 
| 145|0x0000000712200000, 0x0000000712400000, 0x0000000712400000|100%| E|CS|TAMS 0x0000000712200000, 0x0000000712200000| Complete 
| 146|0x0000000712400000, 0x0000000712600000, 0x0000000712600000|100%| E|CS|TAMS 0x0000000712400000, 0x0000000712400000| Complete 
| 147|0x0000000712600000, 0x0000000712800000, 0x0000000712800000|100%| E|CS|TAMS 0x0000000712600000, 0x0000000712600000| Complete 
| 148|0x0000000712800000, 0x0000000712a00000, 0x0000000712a00000|100%| E|CS|TAMS 0x0000000712800000, 0x0000000712800000| Complete 
| 149|0x0000000712a00000, 0x0000000712c00000, 0x0000000712c00000|100%| E|CS|TAMS 0x0000000712a00000, 0x0000000712a00000| Complete 
| 150|0x0000000712c00000, 0x0000000712e00000, 0x0000000712e00000|100%| E|CS|TAMS 0x0000000712c00000, 0x0000000712c00000| Complete 
| 151|0x0000000712e00000, 0x0000000713000000, 0x0000000713000000|100%| E|CS|TAMS 0x0000000712e00000, 0x0000000712e00000| Complete 
| 152|0x0000000713000000, 0x0000000713200000, 0x0000000713200000|100%| E|CS|TAMS 0x0000000713000000, 0x0000000713000000| Complete 
| 153|0x0000000713200000, 0x0000000713400000, 0x0000000713400000|100%| E|CS|TAMS 0x0000000713200000, 0x0000000713200000| Complete 
| 154|0x0000000713400000, 0x0000000713600000, 0x0000000713600000|100%| E|CS|TAMS 0x0000000713400000, 0x0000000713400000| Complete 
| 155|0x0000000713600000, 0x0000000713800000, 0x0000000713800000|100%| E|CS|TAMS 0x0000000713600000, 0x0000000713600000| Complete 
| 156|0x0000000713800000, 0x0000000713a00000, 0x0000000713a00000|100%| E|CS|TAMS 0x0000000713800000, 0x0000000713800000| Complete 
| 157|0x0000000713a00000, 0x0000000713c00000, 0x0000000713c00000|100%| E|CS|TAMS 0x0000000713a00000, 0x0000000713a00000| Complete 
| 158|0x0000000713c00000, 0x0000000713e00000, 0x0000000713e00000|100%| E|CS|TAMS 0x0000000713c00000, 0x0000000713c00000| Complete 
| 159|0x0000000713e00000, 0x0000000714000000, 0x0000000714000000|100%| E|CS|TAMS 0x0000000713e00000, 0x0000000713e00000| Complete 
| 160|0x0000000714000000, 0x0000000714200000, 0x0000000714200000|100%| E|CS|TAMS 0x0000000714000000, 0x0000000714000000| Complete 
| 161|0x0000000714200000, 0x0000000714400000, 0x0000000714400000|100%| E|CS|TAMS 0x0000000714200000, 0x0000000714200000| Complete 
|2042|0x00000007ff400000, 0x00000007ff600000, 0x00000007ff600000|100%| O|  |TAMS 0x00000007ff600000, 0x00000007ff400000| Untracked 
|2043|0x00000007ff600000, 0x00000007ff800000, 0x00000007ff800000|100%| O|  |TAMS 0x00000007ff800000, 0x00000007ff600000| Untracked 
|2044|0x00000007ff800000, 0x00000007ffa00000, 0x00000007ffa00000|100%| O|  |TAMS 0x00000007ffa00000, 0x00000007ff800000| Untracked 
|2045|0x00000007ffa00000, 0x00000007ffc00000, 0x00000007ffc00000|100%| O|  |TAMS 0x00000007ffc00000, 0x00000007ffa00000| Untracked 
|2046|0x00000007ffc00000, 0x00000007ffe00000, 0x00000007ffe00000|100%| O|  |TAMS 0x00000007ffe00000, 0x00000007ffc00000| Untracked 
|2047|0x00000007ffe00000, 0x0000000800000000, 0x0000000800000000|100%| O|  |TAMS 0x0000000800000000, 0x00000007ffe00000| Untracked 

Card table byte_map: [0x000001ccaf650000,0x000001ccafe50000] _byte_map_base: 0x000001ccabe50000

Marking Bits (Prev, Next): (CMBitMap*) 0x000001cc97e3f670, (CMBitMap*) 0x000001cc97e3f630
 Prev Bits: [0x000001ccb4650000, 0x000001ccb8650000)
 Next Bits: [0x000001ccb0650000, 0x000001ccb4650000)

Polling page: 0x000001cc97580000

Metaspace:

Usage:
  Non-class:     87.26 MB used.
      Class:     14.25 MB used.
       Both:    101.52 MB used.

Virtual space:
  Non-class space:      128.00 MB reserved,      87.88 MB ( 69%) committed,  2 nodes.
      Class space:        1.00 GB reserved,      14.69 MB (  1%) committed,  1 nodes.
             Both:        1.12 GB reserved,     102.56 MB (  9%) committed. 

Chunk freelists:
   Non-Class:  8.01 MB
       Class:  1.19 MB
        Both:  9.21 MB

MaxMetaspaceSize: unlimited
CompressedClassSpaceSize: 1.00 GB
Initial GC threshold: 21.00 MB
Current GC threshold: 146.81 MB
CDS: on
MetaspaceReclaimPolicy: balanced
 - commit_granule_bytes: 65536.
 - commit_granule_words: 8192.
 - virtual_space_node_default_size: 8388608.
 - enlarge_chunks_in_place: 1.
 - new_chunks_are_fully_committed: 0.
 - uncommit_free_chunks: 1.
 - use_allocation_guard: 0.
 - handle_deallocations: 1.


Internal statistics:

num_allocs_failed_limit: 6.
num_arena_births: 1418.
num_arena_deaths: 0.
num_vsnodes_births: 3.
num_vsnodes_deaths: 0.
num_space_committed: 1641.
num_space_uncommitted: 0.
num_chunks_returned_to_freelist: 6.
num_chunks_taken_from_freelist: 5830.
num_chunk_merges: 6.
num_chunk_splits: 3737.
num_chunks_enlarged: 2369.
num_inconsistent_stats: 0.

CodeHeap 'non-profiled nmethods': size=120000Kb used=10136Kb max_used=10136Kb free=109864Kb
 bounds [0x000001cca73c0000, 0x000001cca7db0000, 0x000001ccae8f0000]
CodeHeap 'profiled nmethods': size=120000Kb used=25924Kb max_used=25924Kb free=94075Kb
 bounds [0x000001cc9f8f0000, 0x000001cca1250000, 0x000001cca6e20000]
CodeHeap 'non-nmethods': size=5760Kb used=2473Kb max_used=2514Kb free=3286Kb
 bounds [0x000001cca6e20000, 0x000001cca70b0000, 0x000001cca73c0000]
 total_blobs=14161 nmethods=13145 adapters=925
 compilation: enabled
              stopped_count=0, restarted_count=0
 full_count=0

Compilation events (20 events):
Event: 52.667 Thread 0x000001ccbb312050 15186       3       java.util.regex.Pattern$Loop::matchInit (156 bytes)
Event: 52.667 Thread 0x000001ccbb312050 nmethod 15186 0x000001cca1223d90 code [0x000001cca1223fc0, 0x000001cca1224968]
Event: 52.667 Thread 0x000001ccbb312050 15187       3       org.apache.http.util.CharArrayBuffer::append (37 bytes)
Event: 52.667 Thread 0x000001ccbb312050 nmethod 15187 0x000001cca1224d10 code [0x000001cca1224ec0, 0x000001cca12250a8]
Event: 53.017 Thread 0x000001ccbb30d680 15188       4       java.util.concurrent.ConcurrentLinkedQueue::poll (84 bytes)
Event: 53.022 Thread 0x000001ccbb30d680 nmethod 15188 0x000001cca7da4590 code [0x000001cca7da4720, 0x000001cca7da4c78]
Event: 54.008 Thread 0x000001ccbb312050 15189       3       com.sun.org.apache.xerces.internal.util.FeatureState::isExceptional (8 bytes)
Event: 54.008 Thread 0x000001ccbb312050 nmethod 15189 0x000001cca1225210 code [0x000001cca12253a0, 0x000001cca12254d8]
Event: 54.008 Thread 0x000001ccbb312050 15190       3       com.sun.org.apache.xerces.internal.impl.io.UTF8Reader::read (1443 bytes)
Event: 54.010 Thread 0x000001ccbb312050 nmethod 15190 0x000001cca1225590 code [0x000001cca1225a20, 0x000001cca12282c8]
Event: 54.010 Thread 0x000001ccbb312050 15195       3       java.io.FileInputStream::read (8 bytes)
Event: 54.010 Thread 0x000001ccbb312050 nmethod 15195 0x000001cca1229490 code [0x000001cca1229620, 0x000001cca1229768]
Event: 54.010 Thread 0x000001ccbb312050 15194   !   3       com.sun.org.apache.xerces.internal.impl.XMLDocumentFragmentScannerImpl$FragmentContentDriver::next (2331 bytes)
Event: 54.012 Thread 0x000001ccbb30d680 15197       4       com.google.common.io.CountingInputStream::read (33 bytes)
Event: 54.014 Thread 0x000001ccbb312050 nmethod 15194 0x000001cca1229810 code [0x000001cca122a240, 0x000001cca1230b78]
Event: 54.014 Thread 0x000001ccbb312050 15196       3       java.time.Duration::create (23 bytes)
Event: 54.015 Thread 0x000001ccbb312050 nmethod 15196 0x000001cca1234c90 code [0x000001cca1234e40, 0x000001cca12350b8]
Event: 54.015 Thread 0x000001ccbb312050 15193       3       com.sun.org.apache.xerces.internal.utils.XMLLimitAnalyzer::addValue (260 bytes)
Event: 54.015 Thread 0x000001ccbb312050 nmethod 15193 0x000001cca1235190 code [0x000001cca12354c0, 0x000001cca1236a08]
Event: 54.015 Thread 0x000001ccbb312050 15192       3       java.lang.AbstractStringBuilder::setLength (66 bytes)

GC Heap History (20 events):
Event: 25.232 GC heap before
{Heap before GC invocations=40 (full 0):
 garbage-first heap   total 202752K, used 147402K [0x0000000700000000, 0x0000000800000000)
  region size 2048K, 21 young (43008K), 3 survivors (6144K)
 Metaspace       used 87058K, committed 87936K, reserved 1179648K
  class space    used 12312K, committed 12736K, reserved 1048576K
}
Event: 25.237 GC heap after
{Heap after GC invocations=41 (full 0):
 garbage-first heap   total 202752K, used 120267K [0x0000000700000000, 0x0000000800000000)
  region size 2048K, 3 young (6144K), 3 survivors (6144K)
 Metaspace       used 87058K, committed 87936K, reserved 1179648K
  class space    used 12312K, committed 12736K, reserved 1048576K
}
Event: 25.292 GC heap before
{Heap before GC invocations=41 (full 0):
 garbage-first heap   total 202752K, used 122315K [0x0000000700000000, 0x0000000800000000)
  region size 2048K, 4 young (8192K), 3 survivors (6144K)
 Metaspace       used 87246K, committed 88064K, reserved 1179648K
  class space    used 12363K, committed 12736K, reserved 1048576K
}
Event: 25.294 GC heap after
{Heap after GC invocations=42 (full 0):
 garbage-first heap   total 202752K, used 121032K [0x0000000700000000, 0x0000000800000000)
  region size 2048K, 1 young (2048K), 1 survivors (2048K)
 Metaspace       used 87246K, committed 88064K, reserved 1179648K
  class space    used 12363K, committed 12736K, reserved 1048576K
}
Event: 26.622 GC heap before
{Heap before GC invocations=42 (full 0):
 garbage-first heap   total 202752K, used 161992K [0x0000000700000000, 0x0000000800000000)
  region size 2048K, 21 young (43008K), 1 survivors (2048K)
 Metaspace       used 88116K, committed 89024K, reserved 1179648K
  class space    used 12478K, committed 12928K, reserved 1048576K
}
Event: 26.626 GC heap after
{Heap after GC invocations=43 (full 0):
 garbage-first heap   total 202752K, used 127265K [0x0000000700000000, 0x0000000800000000)
  region size 2048K, 3 young (6144K), 3 survivors (6144K)
 Metaspace       used 88116K, committed 89024K, reserved 1179648K
  class space    used 12478K, committed 12928K, reserved 1048576K
}
Event: 27.276 GC heap before
{Heap before GC invocations=44 (full 0):
 garbage-first heap   total 229376K, used 160033K [0x0000000700000000, 0x0000000800000000)
  region size 2048K, 19 young (38912K), 3 survivors (6144K)
 Metaspace       used 88521K, committed 89472K, reserved 1179648K
  class space    used 12532K, committed 12992K, reserved 1048576K
}
Event: 27.281 GC heap after
{Heap after GC invocations=45 (full 0):
 garbage-first heap   total 229376K, used 133291K [0x0000000700000000, 0x0000000800000000)
  region size 2048K, 3 young (6144K), 3 survivors (6144K)
 Metaspace       used 88521K, committed 89472K, reserved 1179648K
  class space    used 12532K, committed 12992K, reserved 1048576K
}
Event: 27.330 GC heap before
{Heap before GC invocations=45 (full 0):
 garbage-first heap   total 229376K, used 135339K [0x0000000700000000, 0x0000000800000000)
  region size 2048K, 5 young (10240K), 3 survivors (6144K)
 Metaspace       used 88545K, committed 89472K, reserved 1179648K
  class space    used 12532K, committed 12992K, reserved 1048576K
}
Event: 27.334 GC heap after
{Heap after GC invocations=46 (full 0):
 garbage-first heap   total 229376K, used 133395K [0x0000000700000000, 0x0000000800000000)
  region size 2048K, 1 young (2048K), 1 survivors (2048K)
 Metaspace       used 88545K, committed 89472K, reserved 1179648K
  class space    used 12532K, committed 12992K, reserved 1048576K
}
Event: 27.731 GC heap before
{Heap before GC invocations=46 (full 0):
 garbage-first heap   total 229376K, used 180499K [0x0000000700000000, 0x0000000800000000)
  region size 2048K, 25 young (51200K), 1 survivors (2048K)
 Metaspace       used 89003K, committed 90048K, reserved 1179648K
  class space    used 12588K, committed 13056K, reserved 1048576K
}
Event: 27.736 GC heap after
{Heap after GC invocations=47 (full 0):
 garbage-first heap   total 229376K, used 148961K [0x0000000700000000, 0x0000000800000000)
  region size 2048K, 4 young (8192K), 4 survivors (8192K)
 Metaspace       used 89003K, committed 90048K, reserved 1179648K
  class space    used 12588K, committed 13056K, reserved 1048576K
}
Event: 29.029 GC heap before
{Heap before GC invocations=48 (full 0):
 garbage-first heap   total 256000K, used 181729K [0x0000000700000000, 0x0000000800000000)
  region size 2048K, 20 young (40960K), 4 survivors (8192K)
 Metaspace       used 91047K, committed 92032K, reserved 1179648K
  class space    used 12889K, committed 13312K, reserved 1048576K
}
Event: 29.032 GC heap after
{Heap after GC invocations=49 (full 0):
 garbage-first heap   total 256000K, used 152260K [0x0000000700000000, 0x0000000800000000)
  region size 2048K, 2 young (4096K), 2 survivors (4096K)
 Metaspace       used 91047K, committed 92032K, reserved 1179648K
  class space    used 12889K, committed 13312K, reserved 1048576K
}
Event: 29.125 GC heap before
{Heap before GC invocations=49 (full 0):
 garbage-first heap   total 256000K, used 160452K [0x0000000700000000, 0x0000000800000000)
  region size 2048K, 6 young (12288K), 2 survivors (4096K)
 Metaspace       used 91801K, committed 92864K, reserved 1179648K
  class space    used 13037K, committed 13504K, reserved 1048576K
}
Event: 29.127 GC heap after
{Heap after GC invocations=50 (full 0):
 garbage-first heap   total 256000K, used 152571K [0x0000000700000000, 0x0000000800000000)
  region size 2048K, 1 young (2048K), 1 survivors (2048K)
 Metaspace       used 91801K, committed 92864K, reserved 1179648K
  class space    used 13037K, committed 13504K, reserved 1048576K
}
Event: 29.846 GC heap before
{Heap before GC invocations=50 (full 0):
 garbage-first heap   total 256000K, used 201723K [0x0000000700000000, 0x0000000800000000)
  region size 2048K, 25 young (51200K), 1 survivors (2048K)
 Metaspace       used 95776K, committed 96832K, reserved 1179648K
  class space    used 13526K, committed 14016K, reserved 1048576K
}
Event: 29.850 GC heap after
{Heap after GC invocations=51 (full 0):
 garbage-first heap   total 344064K, used 157109K [0x0000000700000000, 0x0000000800000000)
  region size 2048K, 3 young (6144K), 3 survivors (6144K)
 Metaspace       used 95776K, committed 96832K, reserved 1179648K
  class space    used 13526K, committed 14016K, reserved 1048576K
}
Event: 31.617 GC heap before
{Heap before GC invocations=51 (full 0):
 garbage-first heap   total 344064K, used 265653K [0x0000000700000000, 0x0000000800000000)
  region size 2048K, 57 young (116736K), 3 survivors (6144K)
 Metaspace       used 97942K, committed 99072K, reserved 1179648K
  class space    used 13841K, committed 14336K, reserved 1048576K
}
Event: 31.626 GC heap after
{Heap after GC invocations=52 (full 0):
 garbage-first heap   total 344064K, used 169885K [0x0000000700000000, 0x0000000800000000)
  region size 2048K, 8 young (16384K), 8 survivors (16384K)
 Metaspace       used 97942K, committed 99072K, reserved 1179648K
  class space    used 13841K, committed 14336K, reserved 1048576K
}

Dll operation events (15 events):
Event: 0.009 Loaded shared library C:\Program Files\Microsoft\jdk-17.0.12.7-hotspot\bin\java.dll
Event: 0.029 Loaded shared library C:\Program Files\Microsoft\jdk-17.0.12.7-hotspot\bin\jsvml.dll
Event: 0.082 Loaded shared library C:\Program Files\Microsoft\jdk-17.0.12.7-hotspot\bin\zip.dll
Event: 0.085 Loaded shared library C:\Program Files\Microsoft\jdk-17.0.12.7-hotspot\bin\instrument.dll
Event: 0.089 Loaded shared library C:\Program Files\Microsoft\jdk-17.0.12.7-hotspot\bin\net.dll
Event: 0.091 Loaded shared library C:\Program Files\Microsoft\jdk-17.0.12.7-hotspot\bin\nio.dll
Event: 0.095 Loaded shared library C:\Program Files\Microsoft\jdk-17.0.12.7-hotspot\bin\zip.dll
Event: 0.284 Loaded shared library C:\Program Files\Microsoft\jdk-17.0.12.7-hotspot\bin\jimage.dll
Event: 0.326 Loaded shared library C:\Program Files\Microsoft\jdk-17.0.12.7-hotspot\bin\verify.dll
Event: 0.446 Loaded shared library C:\Users\Admin\.gradle\native\68d5fa5c4cc2d200863cafc0d521ce42e7d3e7ee720ec0a83991735586a16f82\windows-amd64\native-platform.dll
Event: 0.464 Loaded shared library C:\Users\Admin\.gradle\native\e376f236ea51e6404a007f0833ffe2c6e607c4080706a723a18a27aeea778392\windows-amd64\native-platform-file-events.dll
Event: 1.415 Loaded shared library C:\Program Files\Microsoft\jdk-17.0.12.7-hotspot\bin\management.dll
Event: 1.417 Loaded shared library C:\Program Files\Microsoft\jdk-17.0.12.7-hotspot\bin\management_ext.dll
Event: 1.641 Loaded shared library C:\Program Files\Microsoft\jdk-17.0.12.7-hotspot\bin\extnet.dll
Event: 1.857 Loaded shared library C:\Program Files\Microsoft\jdk-17.0.12.7-hotspot\bin\sunmscapi.dll

Deoptimization events (20 events):
Event: 49.781 Thread 0x000001ccfe4129b0 Uncommon trap: trap_request=0xffffffc6 fr.pc=0x000001cca7d5a9b4 relative=0x0000000000000854
Event: 49.781 Thread 0x000001ccfe4129b0 Uncommon trap: reason=bimorphic_or_optimized_type_check action=maybe_recompile pc=0x000001cca7d5a9b4 method=java.util.Hashtable.get(Ljava/lang/Object;)Ljava/lang/Object; @ 6 c2
Event: 49.781 Thread 0x000001ccfe4129b0 DEOPT PACKING pc=0x000001cca7d5a9b4 sp=0x0000005a38efa970
Event: 49.781 Thread 0x000001ccfe4129b0 DEOPT UNPACKING pc=0x000001cca6e769a3 sp=0x0000005a38efa930 mode 2
Event: 49.783 Thread 0x000001ccfe4129b0 Uncommon trap: trap_request=0xffffff45 fr.pc=0x000001cca7947888 relative=0x0000000000000088
Event: 49.783 Thread 0x000001ccfe4129b0 Uncommon trap: reason=unstable_if action=reinterpret pc=0x000001cca7947888 method=jdk.internal.misc.Unsafe.convEndian(ZJ)J @ 4 c2
Event: 49.783 Thread 0x000001ccfe4129b0 DEOPT PACKING pc=0x000001cca7947888 sp=0x0000005a38efa7f0
Event: 49.783 Thread 0x000001ccfe4129b0 DEOPT UNPACKING pc=0x000001cca6e769a3 sp=0x0000005a38efa708 mode 2
Event: 50.014 Thread 0x000001ccfe4129b0 Uncommon trap: trap_request=0xffffff45 fr.pc=0x000001cca7cc39c4 relative=0x0000000000000ac4
Event: 50.014 Thread 0x000001ccfe4129b0 Uncommon trap: reason=unstable_if action=reinterpret pc=0x000001cca7cc39c4 method=java.util.regex.Pattern$Loop.matchInit(Ljava/util/regex/Matcher;ILjava/lang/CharSequence;)Z @ 16 c2
Event: 50.014 Thread 0x000001ccfe4129b0 DEOPT PACKING pc=0x000001cca7cc39c4 sp=0x0000005a38efb0d0
Event: 50.014 Thread 0x000001ccfe4129b0 DEOPT UNPACKING pc=0x000001cca6e769a3 sp=0x0000005a38efb0c8 mode 2
Event: 52.484 Thread 0x000001ccfe4129b0 Uncommon trap: trap_request=0xffffffc6 fr.pc=0x000001cca7d5a9b4 relative=0x0000000000000854
Event: 52.484 Thread 0x000001ccfe4129b0 Uncommon trap: reason=bimorphic_or_optimized_type_check action=maybe_recompile pc=0x000001cca7d5a9b4 method=java.util.Hashtable.get(Ljava/lang/Object;)Ljava/lang/Object; @ 6 c2
Event: 52.484 Thread 0x000001ccfe4129b0 DEOPT PACKING pc=0x000001cca7d5a9b4 sp=0x0000005a38efa970
Event: 52.484 Thread 0x000001ccfe4129b0 DEOPT UNPACKING pc=0x000001cca6e769a3 sp=0x0000005a38efa930 mode 2
Event: 54.008 Thread 0x000001ccfe4129b0 Uncommon trap: trap_request=0xffffffde fr.pc=0x000001cca76488a8 relative=0x0000000000000088
Event: 54.008 Thread 0x000001ccfe4129b0 Uncommon trap: reason=class_check action=maybe_recompile pc=0x000001cca76488a8 method=com.google.common.io.CountingInputStream.read([BII)I @ 7 c2
Event: 54.008 Thread 0x000001ccfe4129b0 DEOPT PACKING pc=0x000001cca76488a8 sp=0x0000005a38efbf10
Event: 54.008 Thread 0x000001ccfe4129b0 DEOPT UNPACKING pc=0x000001cca6e769a3 sp=0x0000005a38efbea0 mode 2

Classes loaded (20 events):
Event: 49.785 Loading class javax/crypto/spec/GCMParameterSpec
Event: 49.786 Loading class javax/crypto/spec/GCMParameterSpec done
Event: 49.786 Loading class com/sun/crypto/provider/GaloisCounterMode$GCMEncrypt
Event: 49.786 Loading class com/sun/crypto/provider/GaloisCounterMode$GCMEngine
Event: 49.786 Loading class com/sun/crypto/provider/GaloisCounterMode$GCMEngine done
Event: 49.786 Loading class com/sun/crypto/provider/GaloisCounterMode$GCMEncrypt done
Event: 49.786 Loading class com/sun/crypto/provider/GCTR
Event: 49.787 Loading class com/sun/crypto/provider/GCM
Event: 49.787 Loading class com/sun/crypto/provider/GCM done
Event: 49.787 Loading class com/sun/crypto/provider/CounterMode
Event: 49.787 Loading class com/sun/crypto/provider/CounterMode done
Event: 49.787 Loading class com/sun/crypto/provider/GCTR done
Event: 49.787 Loading class com/sun/crypto/provider/GHASH
Event: 49.787 Loading class com/sun/crypto/provider/GHASH done
Event: 49.787 Loading class com/sun/crypto/provider/GaloisCounterMode$GCTRGHASH
Event: 49.787 Loading class com/sun/crypto/provider/GaloisCounterMode$GCTRGHASH done
Event: 50.013 Loading class sun/security/ssl/SSLCipher$T12GcmReadCipherGenerator$GcmReadCipher
Event: 50.013 Loading class sun/security/ssl/SSLCipher$T12GcmReadCipherGenerator$GcmReadCipher done
Event: 50.013 Loading class com/sun/crypto/provider/GaloisCounterMode$GCMDecrypt
Event: 50.013 Loading class com/sun/crypto/provider/GaloisCounterMode$GCMDecrypt done

Classes unloaded (0 events):
No events

Classes redefined (0 events):
No events

Internal exceptions (20 events):
Event: 31.660 Thread 0x000001ccfe4184d0 Exception <a 'java/lang/ClassNotFoundException'{0x0000000713d3c6b8}: org/gradle/process/internal/DefaultExecActionBeanInfo> (0x0000000713d3c6b8) 
thrown [s\src\hotspot\share\classfile\systemDictionary.cpp, line 256]
Event: 31.661 Thread 0x000001ccfe4184d0 Exception <a 'java/lang/ClassNotFoundException'{0x0000000713d4dcf0}: org/gradle/process/internal/DefaultExecHandleBuilderBeanInfo> (0x0000000713d4dcf0) 
thrown [s\src\hotspot\share\classfile\systemDictionary.cpp, line 256]
Event: 31.661 Thread 0x000001ccfe4184d0 Exception <a 'java/lang/ClassNotFoundException'{0x0000000713d5fb80}: org/gradle/process/internal/AbstractExecHandleBuilderBeanInfo> (0x0000000713d5fb80) 
thrown [s\src\hotspot\share\classfile\systemDictionary.cpp, line 256]
Event: 31.661 Thread 0x000001ccfe4184d0 Exception <a 'java/lang/ClassNotFoundException'{0x0000000713d71c68}: org/gradle/process/internal/DefaultProcessForkOptionsBeanInfo> (0x0000000713d71c68) 
thrown [s\src\hotspot\share\classfile\systemDictionary.cpp, line 256]
Event: 31.662 Thread 0x000001ccfe4184d0 Exception <a 'java/lang/ClassNotFoundException'{0x0000000713d84138}: org/gradle/process/internal/DefaultProcessForkOptionsCustomizer> (0x0000000713d84138) 
thrown [s\src\hotspot\share\classfile\systemDictionary.cpp, line 256]
Event: 31.663 Thread 0x000001ccfe4184d0 Exception <a 'java/lang/ClassNotFoundException'{0x0000000713da3238}: org/gradle/process/internal/AbstractExecHandleBuilderCustomizer> (0x0000000713da3238) 
thrown [s\src\hotspot\share\classfile\systemDictionary.cpp, line 256]
Event: 31.664 Thread 0x000001ccfe4184d0 Exception <a 'java/lang/ClassNotFoundException'{0x0000000713dc6c08}: org/gradle/process/internal/DefaultExecHandleBuilderCustomizer> (0x0000000713dc6c08) 
thrown [s\src\hotspot\share\classfile\systemDictionary.cpp, line 256]
Event: 31.665 Thread 0x000001ccfe4184d0 Exception <a 'java/lang/ClassNotFoundException'{0x0000000713a05760}: org/gradle/process/internal/DefaultExecActionCustomizer> (0x0000000713a05760) 
thrown [s\src\hotspot\share\classfile\systemDictionary.cpp, line 256]
Event: 31.665 Thread 0x000001ccfe4184d0 Exception <a 'java/lang/ClassNotFoundException'{0x0000000713a1fc38}: org/gradle/process/internal/DefaultExecAction_DecoratedCustomizer> (0x0000000713a1fc38) 
thrown [s\src\hotspot\share\classfile\systemDictionary.cpp, line 256]
Event: 31.666 Thread 0x000001ccfe4184d0 Exception <a 'java/lang/ClassNotFoundException'{0x0000000713a56e60}: org/gradle/api/logging/LogLevelBeanInfo> (0x0000000713a56e60) 
thrown [s\src\hotspot\share\classfile\systemDictionary.cpp, line 256]
Event: 31.667 Thread 0x000001ccfe4184d0 Exception <a 'java/lang/ClassNotFoundException'{0x0000000713a66c10}: org/gradle/api/logging/LogLevelCustomizer> (0x0000000713a66c10) 
thrown [s\src\hotspot\share\classfile\systemDictionary.cpp, line 256]
Event: 31.669 Thread 0x000001ccfe4184d0 Exception <a 'java/lang/ClassNotFoundException'{0x0000000713aaaf40}: org/gradle/internal/logging/services/DefaultLoggingManagerBeanInfo> (0x0000000713aaaf40) 
thrown [s\src\hotspot\share\classfile\systemDictionary.cpp, line 256]
Event: 31.670 Thread 0x000001ccfe4184d0 Exception <a 'java/lang/ClassNotFoundException'{0x0000000713abb708}: org/gradle/internal/logging/services/DefaultLoggingManagerCustomizer> (0x0000000713abb708) 
thrown [s\src\hotspot\share\classfile\systemDictionary.cpp, line 256]
Event: 31.672 Thread 0x000001ccfe4184d0 Exception <a 'java/lang/ClassNotFoundException'{0x0000000713aeb3e0}: java/lang/BooleanBeanInfo> (0x0000000713aeb3e0) 
thrown [s\src\hotspot\share\classfile\systemDictionary.cpp, line 256]
Event: 31.673 Thread 0x000001ccfe4184d0 Exception <a 'java/lang/ClassNotFoundException'{0x0000000713af12a0}: java/lang/BooleanCustomizer> (0x0000000713af12a0) 
thrown [s\src\hotspot\share\classfile\systemDictionary.cpp, line 256]
Event: 31.691 Thread 0x000001cc886f3a30 Exception <a 'java/lang/NoSuchMethodError'{0x0000000713bb1f40}: 'void java.lang.invoke.DirectMethodHandle$Holder.invokeStatic(java.lang.Object, long)'> (0x0000000713bb1f40) 
thrown [s\src\hotspot\share\interpreter\linkResolver.cpp, line 759]
Event: 31.692 Thread 0x000001cc886f3a30 Exception <a 'java/lang/NoSuchMethodError'{0x0000000713bb72a8}: 'java.lang.Object java.lang.invoke.DirectMethodHandle$Holder.newInvokeSpecial(java.lang.Object, long)'> (0x0000000713bb72a8) 
thrown [s\src\hotspot\share\interpreter\linkResolver.cpp, line 759]
Event: 31.693 Thread 0x000001cc886f3a30 Exception <a 'java/lang/NoSuchMethodError'{0x0000000713bc0918}: 'java.lang.Object java.lang.invoke.DirectMethodHandle$Holder.invokeStatic(java.lang.Object, java.lang.Object, long, java.lang.Object)'> (0x0000000713bc0918) 
thrown [s\src\hotspot\share\interpreter\linkResolver.cpp, line 759]
Event: 31.693 Thread 0x000001cc886f3a30 Exception <a 'java/lang/NoSuchMethodError'{0x0000000713bc4360}: 'java.lang.Object java.lang.invoke.DirectMethodHandle$Holder.invokeStaticInit(java.lang.Object, java.lang.Object, long, java.lang.Object)'> (0x0000000713bc4360) 
thrown [s\src\hotspot\share\interpreter\linkResolver.cpp, line 759]
Event: 48.306 Thread 0x000001ccfe4129b0 Exception <a 'sun/nio/fs/WindowsException'{0x00000007131dd668}> (0x00000007131dd668) 
thrown [s\src\hotspot\share\prims\jni.cpp, line 516]

VM Operations (20 events):
Event: 48.284 Executing VM operation: HandshakeAllThreads
Event: 48.284 Executing VM operation: HandshakeAllThreads done
Event: 48.308 Executing VM operation: HandshakeAllThreads
Event: 48.309 Executing VM operation: HandshakeAllThreads done
Event: 48.316 Executing VM operation: HandshakeAllThreads
Event: 48.316 Executing VM operation: HandshakeAllThreads done
Event: 48.318 Executing VM operation: HandshakeAllThreads
Event: 48.318 Executing VM operation: HandshakeAllThreads done
Event: 48.401 Executing VM operation: HandshakeAllThreads
Event: 48.401 Executing VM operation: HandshakeAllThreads done
Event: 48.650 Executing VM operation: HandshakeAllThreads
Event: 48.650 Executing VM operation: HandshakeAllThreads done
Event: 49.543 Executing VM operation: ICBufferFull
Event: 49.543 Executing VM operation: ICBufferFull done
Event: 50.549 Executing VM operation: Cleanup
Event: 50.549 Executing VM operation: Cleanup done
Event: 51.549 Executing VM operation: Cleanup
Event: 51.549 Executing VM operation: Cleanup done
Event: 52.550 Executing VM operation: Cleanup
Event: 52.550 Executing VM operation: Cleanup done

Events (20 events):
Event: 30.725 Thread 0x000001ccbb31d080 flushing nmethod 0x000001cc9f971e90
Event: 30.725 Thread 0x000001ccbb31d080 flushing nmethod 0x000001cc9f9a1890
Event: 30.726 Thread 0x000001ccbb31d080 flushing nmethod 0x000001cc9fae8310
Event: 31.617 Thread 0x000001cc844f3810 Thread exited: 0x000001cc844f3810
Event: 31.617 Thread 0x000001cc844f42b0 Thread exited: 0x000001cc844f42b0
Event: 31.633 Thread 0x000001cc844ef850 Thread added: 0x000001cc844ef850
Event: 31.679 Thread 0x000001cc886f3a30 Thread added: 0x000001cc886f3a30
Event: 31.696 Thread 0x000001ccfe51f540 Thread added: 0x000001ccfe51f540
Event: 31.696 Thread 0x000001cc886f4450 Thread added: 0x000001cc886f4450
Event: 31.841 Thread 0x000001cc844ef850 Thread exited: 0x000001cc844ef850
Event: 47.985 Thread 0x000001cc844ecdd0 Thread added: 0x000001cc844ecdd0
Event: 48.428 Thread 0x000001cc844efda0 Thread added: 0x000001cc844efda0
Event: 48.625 Thread 0x000001cc844efda0 Thread exited: 0x000001cc844efda0
Event: 48.684 Thread 0x000001cc844ed320 Thread added: 0x000001cc844ed320
Event: 49.316 Thread 0x000001cc844ed320 Thread exited: 0x000001cc844ed320
Event: 49.543 Thread 0x000001cc844ecdd0 Thread exited: 0x000001cc844ecdd0
Event: 49.782 Thread 0x000001cc844eddc0 Thread added: 0x000001cc844eddc0
Event: 49.785 Thread 0x000001cc844f42b0 Thread added: 0x000001cc844f42b0
Event: 50.014 Thread 0x000001cc844f42b0 Thread exited: 0x000001cc844f42b0
Event: 50.240 Thread 0x000001cc844eddc0 Thread exited: 0x000001cc844eddc0


Dynamic libraries:
0x00007ff689420000 - 0x00007ff68942e000 	C:\Program Files\Microsoft\jdk-17.0.12.7-hotspot\bin\java.exe
0x00007ffa563d0000 - 0x00007ffa565e7000 	C:\Windows\SYSTEM32\ntdll.dll
0x00007ffa54300000 - 0x00007ffa543c4000 	C:\Windows\System32\KERNEL32.DLL
0x00007ffa53700000 - 0x00007ffa53ab9000 	C:\Windows\System32\KERNELBASE.dll
0x00007ffa53c20000 - 0x00007ffa53d31000 	C:\Windows\System32\ucrtbase.dll
0x00007ffa4bf70000 - 0x00007ffa4bf87000 	C:\Program Files\Microsoft\jdk-17.0.12.7-hotspot\bin\jli.dll
0x00007ffa4bf90000 - 0x00007ffa4bfad000 	C:\Program Files\Microsoft\jdk-17.0.12.7-hotspot\bin\VCRUNTIME140.dll
0x00007ffa56180000 - 0x00007ffa5632e000 	C:\Windows\System32\USER32.dll
0x00007ffa53d40000 - 0x00007ffa53d66000 	C:\Windows\System32\win32u.dll
0x00007ffa54d50000 - 0x00007ffa54d79000 	C:\Windows\System32\GDI32.dll
0x00007ffa41250000 - 0x00007ffa414e2000 	C:\Windows\WinSxS\amd64_microsoft.windows.common-controls_6595b64144ccf1df_6.0.22621.4391_none_2715d37f73803e96\COMCTL32.dll
0x00007ffa53df0000 - 0x00007ffa53f0b000 	C:\Windows\System32\gdi32full.dll
0x00007ffa54ca0000 - 0x00007ffa54d47000 	C:\Windows\System32\msvcrt.dll
0x00007ffa53ac0000 - 0x00007ffa53b5a000 	C:\Windows\System32\msvcp_win.dll
0x00007ffa553c0000 - 0x00007ffa553f1000 	C:\Windows\System32\IMM32.DLL
0x00007ffa32070000 - 0x00007ffa3207c000 	C:\Program Files\Microsoft\jdk-17.0.12.7-hotspot\bin\vcruntime140_1.dll
0x00007ffa23550000 - 0x00007ffa235dd000 	C:\Program Files\Microsoft\jdk-17.0.12.7-hotspot\bin\msvcp140.dll
0x00007ffa08020000 - 0x00007ffa08c90000 	C:\Program Files\Microsoft\jdk-17.0.12.7-hotspot\bin\server\jvm.dll
0x00007ffa55610000 - 0x00007ffa556c2000 	C:\Windows\System32\ADVAPI32.dll
0x00007ffa560d0000 - 0x00007ffa56177000 	C:\Windows\System32\sechost.dll
0x00007ffa536d0000 - 0x00007ffa536f8000 	C:\Windows\System32\bcrypt.dll
0x00007ffa55f50000 - 0x00007ffa56064000 	C:\Windows\System32\RPCRT4.dll
0x00007ffa55590000 - 0x00007ffa55601000 	C:\Windows\System32\WS2_32.dll
0x00007ffa535a0000 - 0x00007ffa535ed000 	C:\Windows\SYSTEM32\POWRPROF.dll
0x00007ffa49a80000 - 0x00007ffa49a8a000 	C:\Windows\SYSTEM32\VERSION.dll
0x00007ffa4c6a0000 - 0x00007ffa4c6d4000 	C:\Windows\SYSTEM32\WINMM.dll
0x00007ffa53580000 - 0x00007ffa53593000 	C:\Windows\SYSTEM32\UMPDC.dll
0x00007ffa52710000 - 0x00007ffa52728000 	C:\Windows\SYSTEM32\kernel.appcore.dll
0x00007ffa30d00000 - 0x00007ffa30d0a000 	C:\Program Files\Microsoft\jdk-17.0.12.7-hotspot\bin\jimage.dll
0x00007ffa4b180000 - 0x00007ffa4b3b2000 	C:\Windows\SYSTEM32\DBGHELP.DLL
0x00007ffa54d80000 - 0x00007ffa5510f000 	C:\Windows\System32\combase.dll
0x00007ffa552e0000 - 0x00007ffa553b7000 	C:\Windows\System32\OLEAUT32.dll
0x00007ffa4ae00000 - 0x00007ffa4ae32000 	C:\Windows\SYSTEM32\dbgcore.DLL
0x00007ffa53d70000 - 0x00007ffa53deb000 	C:\Windows\System32\bcryptPrimitives.dll
0x00007ffa30730000 - 0x00007ffa3073e000 	C:\Program Files\Microsoft\jdk-17.0.12.7-hotspot\bin\instrument.dll
0x00007ffa2d910000 - 0x00007ffa2d935000 	C:\Program Files\Microsoft\jdk-17.0.12.7-hotspot\bin\java.dll
0x00007ffa15e20000 - 0x00007ffa15ef7000 	C:\Program Files\Microsoft\jdk-17.0.12.7-hotspot\bin\jsvml.dll
0x00007ffa556d0000 - 0x00007ffa55f46000 	C:\Windows\System32\SHELL32.dll
0x00007ffa51610000 - 0x00007ffa51f13000 	C:\Windows\SYSTEM32\windows.storage.dll
0x00007ffa514d0000 - 0x00007ffa5160f000 	C:\Windows\SYSTEM32\wintypes.dll
0x00007ffa543e0000 - 0x00007ffa544d9000 	C:\Windows\System32\SHCORE.dll
0x00007ffa56070000 - 0x00007ffa560ce000 	C:\Windows\System32\shlwapi.dll
0x00007ffa53600000 - 0x00007ffa5362b000 	C:\Windows\SYSTEM32\profapi.dll
0x00007ffa2c7e0000 - 0x00007ffa2c7f8000 	C:\Program Files\Microsoft\jdk-17.0.12.7-hotspot\bin\zip.dll
0x00007ffa2ab70000 - 0x00007ffa2ab8a000 	C:\Program Files\Microsoft\jdk-17.0.12.7-hotspot\bin\net.dll
0x00007ffa4c9b0000 - 0x00007ffa4cae6000 	C:\Windows\SYSTEM32\WINHTTP.dll
0x00007ffa52b90000 - 0x00007ffa52bf9000 	C:\Windows\system32\mswsock.dll
0x00007ffa2ab50000 - 0x00007ffa2ab66000 	C:\Program Files\Microsoft\jdk-17.0.12.7-hotspot\bin\nio.dll
0x00007ffa2f100000 - 0x00007ffa2f110000 	C:\Program Files\Microsoft\jdk-17.0.12.7-hotspot\bin\verify.dll
0x00007ffa2ffd0000 - 0x00007ffa2fff7000 	C:\Users\Admin\.gradle\native\68d5fa5c4cc2d200863cafc0d521ce42e7d3e7ee720ec0a83991735586a16f82\windows-amd64\native-platform.dll
0x00007ffa0e300000 - 0x00007ffa0e444000 	C:\Users\Admin\.gradle\native\e376f236ea51e6404a007f0833ffe2c6e607c4080706a723a18a27aeea778392\windows-amd64\native-platform-file-events.dll
0x00007ffa2f040000 - 0x00007ffa2f04a000 	C:\Program Files\Microsoft\jdk-17.0.12.7-hotspot\bin\management.dll
0x00007ffa2ee50000 - 0x00007ffa2ee5b000 	C:\Program Files\Microsoft\jdk-17.0.12.7-hotspot\bin\management_ext.dll
0x00007ffa552d0000 - 0x00007ffa552d8000 	C:\Windows\System32\PSAPI.DLL
0x00007ffa52de0000 - 0x00007ffa52dfb000 	C:\Windows\SYSTEM32\CRYPTSP.dll
0x00007ffa52670000 - 0x00007ffa526a5000 	C:\Windows\system32\rsaenh.dll
0x00007ffa52c80000 - 0x00007ffa52ca8000 	C:\Windows\SYSTEM32\USERENV.dll
0x00007ffa52e00000 - 0x00007ffa52e0c000 	C:\Windows\SYSTEM32\CRYPTBASE.dll
0x00007ffa521c0000 - 0x00007ffa521ed000 	C:\Windows\SYSTEM32\IPHLPAPI.DLL
0x00007ffa54a30000 - 0x00007ffa54a39000 	C:\Windows\System32\NSI.dll
0x00007ffa4cd10000 - 0x00007ffa4cd29000 	C:\Windows\SYSTEM32\dhcpcsvc6.DLL
0x00007ffa4c5c0000 - 0x00007ffa4c5df000 	C:\Windows\SYSTEM32\dhcpcsvc.DLL
0x00007ffa521f0000 - 0x00007ffa522f2000 	C:\Windows\SYSTEM32\DNSAPI.dll
0x00007ffa2edc0000 - 0x00007ffa2edc9000 	C:\Program Files\Microsoft\jdk-17.0.12.7-hotspot\bin\extnet.dll
0x00007ffa2e330000 - 0x00007ffa2e33e000 	C:\Program Files\Microsoft\jdk-17.0.12.7-hotspot\bin\sunmscapi.dll
0x00007ffa53f80000 - 0x00007ffa540e6000 	C:\Windows\System32\CRYPT32.dll
0x00007ffa52f80000 - 0x00007ffa52fad000 	C:\Windows\SYSTEM32\ncrypt.dll
0x00007ffa52f40000 - 0x00007ffa52f77000 	C:\Windows\SYSTEM32\NTASN1.dll
0x00007ff9d44c0000 - 0x00007ff9d44c8000 	C:\Windows\system32\wshunix.dll
0x00007ffa52820000 - 0x00007ffa52854000 	C:\Windows\SYSTEM32\ntmarta.dll
0x00007ffa50130000 - 0x00007ffa50147000 	C:\Windows\system32\napinsp.dll
0x00007ffa50110000 - 0x00007ffa5012b000 	C:\Windows\system32\pnrpnsp.dll
0x00007ffa500f0000 - 0x00007ffa50101000 	C:\Windows\System32\winrnr.dll
0x00007ffa4c0e0000 - 0x00007ffa4c0f5000 	C:\Windows\system32\wshbth.dll
0x00007ffa500c0000 - 0x00007ffa500e7000 	C:\Windows\system32\nlansp_c.dll
0x0000000055260000 - 0x0000000055286000 	C:\Program Files\Bonjour\mdnsNSP.dll
0x00007ffa4cd00000 - 0x00007ffa4cd0a000 	C:\Windows\System32\rasadhlp.dll
0x00007ffa4b4b0000 - 0x00007ffa4b533000 	C:\Windows\System32\fwpuclnt.dll

dbghelp: loaded successfully - version: 4.0.5 - missing functions: none
symbol engine: initialized successfully - sym options: 0x614 - pdb path: .;C:\Program Files\Microsoft\jdk-17.0.12.7-hotspot\bin;C:\Windows\SYSTEM32;C:\Windows\WinSxS\amd64_microsoft.windows.common-controls_6595b64144ccf1df_6.0.22621.4391_none_2715d37f73803e96;C:\Program Files\Microsoft\jdk-17.0.12.7-hotspot\bin\server;C:\Users\Admin\.gradle\native\68d5fa5c4cc2d200863cafc0d521ce42e7d3e7ee720ec0a83991735586a16f82\windows-amd64;C:\Users\Admin\.gradle\native\e376f236ea51e6404a007f0833ffe2c6e607c4080706a723a18a27aeea778392\windows-amd64;C:\Program Files\Bonjour

VM Arguments:
jvm_args: --add-opens=java.base/java.util=ALL-UNNAMED --add-opens=java.base/java.lang=ALL-UNNAMED --add-opens=java.base/java.lang.invoke=ALL-UNNAMED --add-opens=java.prefs/java.util.prefs=ALL-UNNAMED --add-opens=java.base/java.nio.charset=ALL-UNNAMED --add-opens=java.base/java.net=ALL-UNNAMED --add-opens=java.base/java.util.concurrent.atomic=ALL-UNNAMED -Xmx4G -Dfile.encoding=windows-1252 -Duser.country=US -Duser.language=en -Duser.variant -javaagent:C:\Users\Admin\.gradle\wrapper\dists\gradle-8.1-all\20ex0cxcummvwpmavmhfg81jg\gradle-8.1\lib\agents\gradle-instrumentation-agent-8.1.jar 
java_command: org.gradle.launcher.daemon.bootstrap.GradleDaemon 8.1
java_class_path (initial): C:\Users\Admin\.gradle\wrapper\dists\gradle-8.1-all\20ex0cxcummvwpmavmhfg81jg\gradle-8.1\lib\gradle-launcher-8.1.jar
Launcher Type: SUN_STANDARD

[Global flags]
     intx CICompilerCount                          = 4                                         {product} {ergonomic}
     uint ConcGCThreads                            = 3                                         {product} {ergonomic}
     uint G1ConcRefinementThreads                  = 10                                        {product} {ergonomic}
   size_t G1HeapRegionSize                         = 2097152                                   {product} {ergonomic}
    uintx GCDrainStackTargetSize                   = 64                                        {product} {ergonomic}
   size_t InitialHeapSize                          = 260046848                                 {product} {ergonomic}
   size_t MarkStackSize                            = 4194304                                   {product} {ergonomic}
   size_t MaxHeapSize                              = 4294967296                                {product} {command line}
   size_t MaxNewSize                               = 2575302656                                {product} {ergonomic}
   size_t MinHeapDeltaBytes                        = 2097152                                   {product} {ergonomic}
   size_t MinHeapSize                              = 8388608                                   {product} {ergonomic}
    uintx NonNMethodCodeHeapSize                   = 5839372                                {pd product} {ergonomic}
    uintx NonProfiledCodeHeapSize                  = 122909434                              {pd product} {ergonomic}
    uintx ProfiledCodeHeapSize                     = 122909434                              {pd product} {ergonomic}
    uintx ReservedCodeCacheSize                    = 251658240                              {pd product} {ergonomic}
     bool SegmentedCodeCache                       = true                                      {product} {ergonomic}
   size_t SoftMaxHeapSize                          = 4294967296                             {manageable} {ergonomic}
     bool UseCompressedClassPointers               = true                           {product lp64_product} {ergonomic}
     bool UseCompressedOops                        = true                           {product lp64_product} {ergonomic}
     bool UseG1GC                                  = true                                      {product} {ergonomic}
     bool UseLargePagesIndividualAllocation        = false                                  {pd product} {ergonomic}

Logging:
Log output configuration:
 #0: stdout all=warning uptime,level,tags
 #1: stderr all=off uptime,level,tags

Environment Variables:
JAVA_HOME=C:\Program Files\Microsoft\jdk-17.0.12.7-hotspot
CLASSPATH=C:\Users\Admin\Desktop\ALL Plants Disease\FLUTTERAPP\mamatay\argivysor\android\\gradle\wrapper\gradle-wrapper.jar
PATH=C:\Program Files\Microsoft\jdk-17.0.12.7-hotspot\bin;C:\Ruby33-x64\bin;C:\Android\emulator;C:\Program Files\Microsoft\jdk-17.0.12.7-hotspot\bin;C:\Android\cmdline-tools\latest\bin;C:\Android\platform-tools;C:\Windows\system32;C:\Windows;C:\Windows\System32\Wbem;C:\Windows\System32\WindowsPowerShell\v1.0\;C:\Windows\System32\OpenSSH\;C:\Users\Admin\AppData\Local\Microsoft\WindowsApps;C:\Users\Admin\AppData\Local\spicetify;C:\adb;C:\Program Files\dotnet\;C:\ProgramData\chocolatey\bin;C:\Program Files\GitHub CLI\;C:\ffmpeg\bin\;C:\Program Files (x86)\cloudflared\;C:\Program Files\Git\cmd;%ANDROID_HOME%\tools;%ANDROID_HOME%\tools\bin;%ANDROID_HOME%\platform-tools;C:\Users\Admin\miniconda3;C:\Users\Admin\miniconda3\Library\mingw-w64\bin;C:\Users\Admin\miniconda3\Library\usr\bin;C:\Users\Admin\miniconda3\Library\bin;C:\Users\Admin\miniconda3\Scripts;C:\Users\Admin\AppData\Local\Programs\Python\Python312\Scripts\;C:\Users\Admin\AppData\Local\Programs\Python\Python312\;C:\Users\Admin\AppData\Local\Microsoft\WinGet\Links;C:\tools\dart-sdk\bin;C:\Users\Admin\AppData\Local\Pub\Cache\bin;C:;%ANDROID_HOME%\emulator;C:\Program Files\Microsoft\jdk-17.0.12.7-hotspot\bin;%FLUTTER_HOME%\bin;C:\Program Files\CMake\bin;C:\Program Files\Microsoft\jdk-17.0.12.7-hotspot\bin\;C:\Windows\system32;C:\Windows;C:\Windows\System32\Wbem;C:\Windows\System32\WindowsPowerShell\v1.0\;C:\Windows\System32\OpenSSH\;C:\Users\Admin\AppData\Local\Microsoft\WindowsApps;C:\Users\Admin\AppData\Local\spicetify;C:\adb;C:\Program Files\dotnet\;C:\ProgramData\chocolatey\bin;C:\Program Files\GitHub CLI\;C:\ffmpeg\bin\;C:\Program Files (x86)\cloudflared\;C:\Program Files\Git\cmd;%ANDROID_HOME%\tools;%ANDROID_HOME%\tools\bin;%ANDROID_HOME%\platform-tools;C:\Users\Admin\miniconda3;C:\Users\Admin\miniconda3\Library\mingw-w64\bin;C:\Users\Admin\miniconda3\Library\usr\bin;C:\Users\Admin\miniconda3\Library\bin;C:\Users\Admin\miniconda3\Scripts;C:\Users\Admin\AppData\Local\Programs\Python\Python312\Scripts\;C:\Users\Ad
USERNAME=Admin
OS=Windows_NT
PROCESSOR_IDENTIFIER=AMD64 Family 23 Model 96 Stepping 1, AuthenticAMD
TMP=C:\Users\Admin\AppData\Local\Temp
TEMP=C:\Users\Admin\AppData\Local\Temp



Periodic native trim disabled


---------------  S Y S T E M  ---------------

OS:
 Windows 11 , 64 bit Build 22621 (10.0.22621.4391)
OS uptime: 0 days 6:31 hours

CPU: total 12 (initial active 12) (12 cores per cpu, 2 threads per core) family 23 model 96 stepping 1 microcode 0x0, cx8, cmov, fxsr, ht, mmx, 3dnowpref, sse, sse2, sse3, ssse3, sse4a, sse4.1, sse4.2, popcnt, lzcnt, tsc, tscinvbit, avx, avx2, aes, clmul, bmi1, bmi2, adx, sha, fma, vzeroupper, clflush, clflushopt
Processor Information for the first 12 processors :
  Max Mhz: 3701, Current Mhz: 3701, Mhz Limit: 3701

Memory: 4k page, system-wide physical 15761M (830M free)
TotalPageFile size 19761M (AvailPageFile size 159M)
current process WorkingSet (physical memory assigned to process): 617M, peak: 646M
current process commit charge ("private bytes"): 668M, peak: 697M

vm_info: OpenJDK 64-Bit Server VM (17.0.12+7-LTS) for windows-amd64 JRE (17.0.12+7-LTS), built on Jul 16 2024 18:11:44 by "MicrosoftCorporation" with unknown MS VC++:1939

END.
