#
# There is insufficient memory for the Java Runtime Environment to continue.
# Native memory allocation (malloc) failed to allocate 1070896 bytes. Error detail: Chunk::new
# Possible reasons:
#   The system is out of physical RAM or swap space
#   This process is running with CompressedOops enabled, and the Java Heap may be blocking the growth of the native heap
# Possible solutions:
#   Reduce memory load on the system
#   Increase physical memory or swap space
#   Check if swap backing store is full
#   Decrease Java heap size (-Xmx/-Xms)
#   Decrease number of Java threads
#   Decrease Java thread stack sizes (-Xss)
#   Set larger code cache with -XX:ReservedCodeCacheSize=
#   JVM is running with Zero Based Compressed Oops mode in which the Java heap is
#     placed in the first 32GB address space. The Java Heap base address is the
#     maximum limit for the native heap growth. Please use -XX:HeapBaseMinAddress
#     to set the Java Heap base and to place the Java Heap above 32GB virtual address.
# This output file may be truncated or incomplete.
#
#  Out of Memory Error (arena.cpp:191), pid=22684, tid=14768
#
# JRE version: OpenJDK Runtime Environment Microsoft-9889599 (17.0.12+7) (build 17.0.12+7-LTS)
# Java VM: OpenJDK 64-Bit Server VM Microsoft-9889599 (17.0.12+7-LTS, mixed mode, sharing, tiered, compressed oops, compressed class ptrs, g1 gc, windows-amd64)
# No core dump will be written. Minidumps are not enabled by default on client versions of Windows
#

---------------  S U M M A R Y ------------

Command Line: --add-opens=java.base/java.util=ALL-UNNAMED --add-opens=java.base/java.lang=ALL-UNNAMED --add-opens=java.base/java.lang.invoke=ALL-UNNAMED --add-opens=java.prefs/java.util.prefs=ALL-UNNAMED --add-opens=java.base/java.nio.charset=ALL-UNNAMED --add-opens=java.base/java.net=ALL-UNNAMED --add-opens=java.base/java.util.concurrent.atomic=ALL-UNNAMED -Xmx4G -Dfile.encoding=windows-1252 -Duser.country=US -Duser.language=en -Duser.variant org.gradle.launcher.daemon.bootstrap.GradleDaemon 7.6.3

Host: AMD Ryzen 5 4600G with Radeon Graphics, 12 cores, 15G,  Windows 11 , 64 bit Build 22621 (10.0.22621.3958)
Time: Sat Oct 19 20:52:14 2024 China Standard Time elapsed time: 948.357418 seconds (0d 0h 15m 48s)

---------------  T H R E A D  ---------------

Current thread (0x000001b2dca778f0):  JavaThread "C2 CompilerThread0" daemon [_thread_in_native, id=14768, stack(0x00000081ff700000,0x00000081ff800000)]


Current CompileTask:
C2: 948358 21521       4       org.gradle.internal.graph.CachingDirectedGraphWalker::doSearch (659 bytes)

Stack: [0x00000081ff700000,0x00000081ff800000]
Native frames: (J=compiled Java code, j=interpreted, Vv=VM code, C=native code)
V  [jvm.dll+0x686d99]
V  [jvm.dll+0x83daf8]
V  [jvm.dll+0x83f5a3]
V  [jvm.dll+0x83fc13]
V  [jvm.dll+0x2492ef]
V  [jvm.dll+0xad0a4]
V  [jvm.dll+0xad73c]
V  [jvm.dll+0x2b09af]
V  [jvm.dll+0x58d829]
V  [jvm.dll+0x223592]
V  [jvm.dll+0x22398f]
V  [jvm.dll+0x21c740]
V  [jvm.dll+0x21986b]
V  [jvm.dll+0x1a53e6]
V  [jvm.dll+0x229faa]
V  [jvm.dll+0x2280fb]
V  [jvm.dll+0x7f3508]
V  [jvm.dll+0x7ed87c]
V  [jvm.dll+0x685c77]
C  [ucrtbase.dll+0x29333]
C  [KERNEL32.DLL+0x1257d]
C  [ntdll.dll+0x5af08]


---------------  P R O C E S S  ---------------

Threads class SMR info:
_java_thread_list=0x000001b3304af100, length=73, elements={
0x000001b2b954c820, 0x000001b2dca5a540, 0x000001b2dca5b3c0, 0x000001b2dca70dd0,
0x000001b2dca747c0, 0x000001b2dca75180, 0x000001b2dca76b50, 0x000001b2dca778f0,
0x000001b2dca807b0, 0x000001b2dcaa66d0, 0x000001b2dcbdaa70, 0x000001b2dcbdcf60,
0x000001b32391b0a0, 0x000001b32333f970, 0x000001b323c13f10, 0x000001b323a757b0,
0x000001b323a761d0, 0x000001b323a766e0, 0x000001b323a73950, 0x000001b323a73e60,
0x000001b323a752a0, 0x000001b325a82270, 0x000001b325a81d60, 0x000001b3268b4090,
0x000001b3268b9190, 0x000001b3268ba0c0, 0x000001b3268b4ab0, 0x000001b3268b9bb0,
0x000001b3257d9120, 0x000001b3257dcde0, 0x000001b3257d5970, 0x000001b3257d6390,
0x000001b3257d68a0, 0x000001b3257d6db0, 0x000001b3245f50a0, 0x000001b3245f64e0,
0x000001b328d1f4d0, 0x000001b328d1a8e0, 0x000001b328d1d670, 0x000001b328d18060,
0x000001b328d1d160, 0x000001b328d1f9e0, 0x000001b328d1adf0, 0x000001b328d18570,
0x000001b328d19ec0, 0x000001b328d1a3d0, 0x000001b328d1c230, 0x000001b3262b2160,
0x000001b328d1bd20, 0x000001b328d1fef0, 0x000001b328d1b300, 0x000001b328d1b810,
0x000001b328d1c740, 0x000001b328d18a80, 0x000001b328d1db80, 0x000001b328d1e5a0,
0x000001b328d20400, 0x000001b328d1cc50, 0x000001b328d18f90, 0x000001b328d1e090,
0x000001b328d21d50, 0x000001b328d24ae0, 0x000001b328d1eab0, 0x000001b328d27360,
0x000001b328d236a0, 0x000001b328d22770, 0x000001b328d21840, 0x000001b328d20910,
0x000001b328d26430, 0x000001b328d20e20, 0x000001b328d21330, 0x000001b328d26940,
0x000001b328d22260
}

Java Threads: ( => current thread )
  0x000001b2b954c820 JavaThread "main" [_thread_blocked, id=22124, stack(0x00000081fea00000,0x00000081feb00000)]
  0x000001b2dca5a540 JavaThread "Reference Handler" daemon [_thread_blocked, id=22772, stack(0x00000081ff100000,0x00000081ff200000)]
  0x000001b2dca5b3c0 JavaThread "Finalizer" daemon [_thread_blocked, id=15996, stack(0x00000081ff200000,0x00000081ff300000)]
  0x000001b2dca70dd0 JavaThread "Signal Dispatcher" daemon [_thread_blocked, id=21788, stack(0x00000081ff300000,0x00000081ff400000)]
  0x000001b2dca747c0 JavaThread "Attach Listener" daemon [_thread_blocked, id=14068, stack(0x00000081ff400000,0x00000081ff500000)]
  0x000001b2dca75180 JavaThread "Service Thread" daemon [_thread_blocked, id=16836, stack(0x00000081ff500000,0x00000081ff600000)]
  0x000001b2dca76b50 JavaThread "Monitor Deflation Thread" daemon [_thread_blocked, id=2528, stack(0x00000081ff600000,0x00000081ff700000)]
=>0x000001b2dca778f0 JavaThread "C2 CompilerThread0" daemon [_thread_in_native, id=14768, stack(0x00000081ff700000,0x00000081ff800000)]
  0x000001b2dca807b0 JavaThread "C1 CompilerThread0" daemon [_thread_blocked, id=20976, stack(0x00000081ff800000,0x00000081ff900000)]
  0x000001b2dcaa66d0 JavaThread "Sweeper thread" daemon [_thread_blocked, id=19536, stack(0x00000081ff900000,0x00000081ffa00000)]
  0x000001b2dcbdaa70 JavaThread "Common-Cleaner" daemon [_thread_blocked, id=15496, stack(0x00000081ffa00000,0x00000081ffb00000)]
  0x000001b2dcbdcf60 JavaThread "Notification Thread" daemon [_thread_blocked, id=16968, stack(0x00000081ffb00000,0x00000081ffc00000)]
  0x000001b32391b0a0 JavaThread "Daemon health stats" [_thread_blocked, id=8392, stack(0x0000008180400000,0x0000008180500000)]
  0x000001b32333f970 JavaThread "Incoming local TCP Connector on port 65169" [_thread_in_native, id=5632, stack(0x0000008180500000,0x0000008180600000)]
  0x000001b323c13f10 JavaThread "Daemon periodic checks" [_thread_blocked, id=5756, stack(0x0000008180600000,0x0000008180700000)]
  0x000001b323a757b0 JavaThread "Cache worker for journal cache (C:\Users\Admin\.gradle\caches\journal-1)" [_thread_blocked, id=18908, stack(0x0000008180e00000,0x0000008180f00000)]
  0x000001b323a761d0 JavaThread "File lock request listener" [_thread_in_native, id=22172, stack(0x0000008180f00000,0x0000008181000000)]
  0x000001b323a766e0 JavaThread "Cache worker for file hash cache (C:\Users\Admin\.gradle\caches\7.6.3\fileHashes)" [_thread_blocked, id=23476, stack(0x0000008181000000,0x0000008181100000)]
  0x000001b323a73950 JavaThread "File watcher server" daemon [_thread_in_native, id=23140, stack(0x0000008181200000,0x0000008181300000)]
  0x000001b323a73e60 JavaThread "File watcher consumer" daemon [_thread_blocked, id=23300, stack(0x0000008181300000,0x0000008181400000)]
  0x000001b323a752a0 JavaThread "Cache worker for file content cache (C:\Users\Admin\.gradle\caches\7.6.3\fileContent)" [_thread_blocked, id=5464, stack(0x0000008181600000,0x0000008181700000)]
  0x000001b325a82270 JavaThread "Cache worker for execution history cache (C:\Users\Admin\.gradle\caches\7.6.3\executionHistory)" [_thread_blocked, id=22380, stack(0x0000008181f00000,0x0000008182000000)]
  0x000001b325a81d60 JavaThread "jar transforms" [_thread_blocked, id=23380, stack(0x0000008182500000,0x0000008182600000)]
  0x000001b3268b4090 JavaThread "Cache worker for kotlin-dsl (C:\Users\Admin\.gradle\caches\7.6.3\kotlin-dsl)" [_thread_blocked, id=23292, stack(0x0000008182600000,0x0000008182700000)]
  0x000001b3268b9190 JavaThread "jar transforms Thread 2" [_thread_blocked, id=23104, stack(0x0000008182700000,0x0000008182800000)]
  0x000001b3268ba0c0 JavaThread "jar transforms Thread 3" [_thread_blocked, id=8408, stack(0x0000008182a00000,0x0000008182b00000)]
  0x000001b3268b4ab0 JavaThread "Memory manager" [_thread_blocked, id=22688, stack(0x0000008182100000,0x0000008182200000)]
  0x000001b3268b9bb0 JavaThread "jar transforms Thread 4" [_thread_blocked, id=21648, stack(0x0000008182000000,0x0000008182100000)]
  0x000001b3257d9120 JavaThread "jar transforms Thread 5" [_thread_blocked, id=23624, stack(0x0000008187c00000,0x0000008187d00000)]
  0x000001b3257dcde0 JavaThread "jar transforms Thread 6" [_thread_blocked, id=23628, stack(0x000000818b100000,0x000000818b200000)]
  0x000001b3257d5970 JavaThread "jar transforms Thread 7" [_thread_blocked, id=23632, stack(0x000000818b200000,0x000000818b300000)]
  0x000001b3257d6390 JavaThread "jar transforms Thread 8" [_thread_blocked, id=23636, stack(0x000000818b300000,0x000000818b400000)]
  0x000001b3257d68a0 JavaThread "jar transforms Thread 9" [_thread_blocked, id=23640, stack(0x000000818b400000,0x000000818b500000)]
  0x000001b3257d6db0 JavaThread "jar transforms Thread 10" [_thread_blocked, id=23644, stack(0x000000818b500000,0x000000818b600000)]
  0x000001b3245f50a0 JavaThread "jar transforms Thread 11" [_thread_blocked, id=23648, stack(0x000000818b600000,0x000000818b700000)]
  0x000001b3245f64e0 JavaThread "jar transforms Thread 12" [_thread_blocked, id=23652, stack(0x000000818b700000,0x000000818b800000)]
  0x000001b328d1f4d0 JavaThread "Daemon Thread 3" [_thread_blocked, id=1800, stack(0x0000008180300000,0x0000008180400000)]
  0x000001b328d1a8e0 JavaThread "Handler for socket connection from /127.0.0.1:65169 to /127.0.0.1:51332" [_thread_in_native, id=6232, stack(0x0000008180700000,0x0000008180800000)]
  0x000001b328d1d670 JavaThread "Cancel handler" [_thread_blocked, id=14628, stack(0x0000008180800000,0x0000008180900000)]
  0x000001b328d18060 JavaThread "Daemon worker Thread 3" [_thread_in_native, id=15364, stack(0x0000008180900000,0x0000008180a00000)]
  0x000001b328d1d160 JavaThread "Asynchronous log dispatcher for DefaultDaemonConnection: socket connection from /127.0.0.1:65169 to /127.0.0.1:51332" [_thread_blocked, id=3636, stack(0x0000008180a00000,0x0000008180b00000)]
  0x000001b328d1f9e0 JavaThread "Stdin handler" [_thread_blocked, id=15352, stack(0x0000008180b00000,0x0000008180c00000)]
  0x000001b328d1adf0 JavaThread "Daemon client event forwarder" [_thread_blocked, id=16732, stack(0x0000008180c00000,0x0000008180d00000)]
  0x000001b328d18570 JavaThread "Cache worker for checksums cache (C:\Users\Admin\Desktop\ALL Plants Disease\FLUTTERAPP\mamatay\argivysor\android\.gradle\7.6.3\checksums)" [_thread_blocked, id=22936, stack(0x0000008180d00000,0x0000008180e00000)]
  0x000001b328d19ec0 JavaThread "Cache worker for cache directory md-rule (C:\Users\Admin\.gradle\caches\7.6.3\md-rule)" [_thread_blocked, id=16608, stack(0x0000008181100000,0x0000008181200000)]
  0x000001b328d1a3d0 JavaThread "Cache worker for file hash cache (C:\Users\Admin\Desktop\ALL Plants Disease\FLUTTERAPP\mamatay\argivysor\android\.gradle\7.6.3\fileHashes)" [_thread_blocked, id=13416, stack(0x0000008181400000,0x0000008181500000)]
  0x000001b328d1c230 JavaThread "Cache worker for cache directory md-supplier (C:\Users\Admin\.gradle\caches\7.6.3\md-supplier)" [_thread_blocked, id=23948, stack(0x0000008181500000,0x0000008181600000)]
  0x000001b3262b2160 JavaThread "C2 CompilerThread1" daemon [_thread_in_native, id=20008, stack(0x0000008181700000,0x0000008181800000)]
  0x000001b328d1bd20 JavaThread "Cache worker for dependencies-accessors (C:\Users\Admin\Desktop\ALL Plants Disease\FLUTTERAPP\mamatay\argivysor\android\.gradle\7.6.3\dependencies-accessors)" [_thread_blocked, id=7232, stack(0x0000008182800000,0x0000008182900000)]
  0x000001b328d1fef0 JavaThread "Cache worker for Build Output Cleanup Cache (C:\Users\Admin\flutter\flutter\packages\flutter_tools\gradle\.gradle\buildOutputCleanup)" [_thread_blocked, id=22216, stack(0x0000008182900000,0x0000008182a00000)]
  0x000001b328d1b300 JavaThread "included builds" [_thread_blocked, id=13720, stack(0x0000008182b00000,0x0000008182c00000)]
  0x000001b328d1b810 JavaThread "Execution worker" [_thread_blocked, id=24200, stack(0x0000008182c00000,0x0000008182d00000)]
  0x000001b328d1c740 JavaThread "Execution worker Thread 2" [_thread_blocked, id=15828, stack(0x0000008182d00000,0x0000008182e00000)]
  0x000001b328d18a80 JavaThread "Execution worker Thread 3" [_thread_blocked, id=17284, stack(0x0000008182e00000,0x0000008182f00000)]
  0x000001b328d1db80 JavaThread "Execution worker Thread 4" [_thread_blocked, id=18280, stack(0x0000008182f00000,0x0000008183000000)]
  0x000001b328d1e5a0 JavaThread "Execution worker Thread 5" [_thread_blocked, id=23972, stack(0x0000008183000000,0x0000008183100000)]
  0x000001b328d20400 JavaThread "Execution worker Thread 6" [_thread_blocked, id=22676, stack(0x0000008183100000,0x0000008183200000)]
  0x000001b328d1cc50 JavaThread "Execution worker Thread 7" [_thread_blocked, id=13704, stack(0x0000008183200000,0x0000008183300000)]
  0x000001b328d18f90 JavaThread "Execution worker Thread 8" [_thread_blocked, id=23980, stack(0x0000008183300000,0x0000008183400000)]
  0x000001b328d1e090 JavaThread "Execution worker Thread 9" [_thread_blocked, id=2216, stack(0x0000008183400000,0x0000008183500000)]
  0x000001b328d21d50 JavaThread "Execution worker Thread 10" [_thread_blocked, id=2836, stack(0x0000008183500000,0x0000008183600000)]
  0x000001b328d24ae0 JavaThread "Execution worker Thread 11" [_thread_blocked, id=17352, stack(0x0000008183600000,0x0000008183700000)]
  0x000001b328d1eab0 JavaThread "Cache worker for execution history cache (C:\Users\Admin\flutter\flutter\packages\flutter_tools\gradle\.gradle\7.6.3\executionHistory)" [_thread_blocked, id=12140, stack(0x0000008183700000,0x0000008183800000)]
  0x000001b328d27360 JavaThread "Unconstrained build operations" [_thread_blocked, id=17080, stack(0x0000008183800000,0x0000008183900000)]
  0x000001b328d236a0 JavaThread "Unconstrained build operations Thread 2" [_thread_blocked, id=22104, stack(0x0000008183900000,0x0000008183a00000)]
  0x000001b328d22770 JavaThread "Unconstrained build operations Thread 3" [_thread_blocked, id=18348, stack(0x0000008183a00000,0x0000008183b00000)]
  0x000001b328d21840 JavaThread "Unconstrained build operations Thread 4" [_thread_blocked, id=22348, stack(0x0000008183b00000,0x0000008183c00000)]
  0x000001b328d20910 JavaThread "Unconstrained build operations Thread 5" [_thread_blocked, id=15848, stack(0x0000008183c00000,0x0000008183d00000)]
  0x000001b328d26430 JavaThread "Unconstrained build operations Thread 6" [_thread_blocked, id=22460, stack(0x0000008183d00000,0x0000008183e00000)]
  0x000001b328d20e20 JavaThread "Unconstrained build operations Thread 7" [_thread_blocked, id=20768, stack(0x0000008183e00000,0x0000008183f00000)]
  0x000001b328d21330 JavaThread "Unconstrained build operations Thread 8" [_thread_blocked, id=3176, stack(0x0000008183f00000,0x0000008184000000)]
  0x000001b328d26940 JavaThread "Unconstrained build operations Thread 9" [_thread_blocked, id=1940, stack(0x0000008184000000,0x0000008184100000)]
  0x000001b328d22260 JavaThread "Unconstrained build operations Thread 10" [_thread_blocked, id=20872, stack(0x0000008184100000,0x0000008184200000)]

Other Threads:
  0x000001b2dca544e0 VMThread "VM Thread" [stack: 0x00000081ff000000,0x00000081ff100000] [id=14492]
  0x000001b2dcbdd440 WatcherThread [stack: 0x00000081ffc00000,0x00000081ffd00000] [id=17396]
  0x000001b2b95bc430 GCTaskThread "GC Thread#0" [stack: 0x00000081feb00000,0x00000081fec00000] [id=8924]
  0x000001b3228a7840 GCTaskThread "GC Thread#1" [stack: 0x00000081fff00000,0x0000008200000000] [id=22400]
  0x000001b3228a7b00 GCTaskThread "GC Thread#2" [stack: 0x0000008180000000,0x0000008180100000] [id=11952]
  0x000001b322b60900 GCTaskThread "GC Thread#3" [stack: 0x0000008180100000,0x0000008180200000] [id=13896]
  0x000001b3228f21d0 GCTaskThread "GC Thread#4" [stack: 0x0000008180200000,0x0000008180300000] [id=21588]
  0x000001b3228f2f90 GCTaskThread "GC Thread#5" [stack: 0x0000008181800000,0x0000008181900000] [id=296]
  0x000001b3228f1410 GCTaskThread "GC Thread#6" [stack: 0x0000008181900000,0x0000008181a00000] [id=16848]
  0x000001b3228f1990 GCTaskThread "GC Thread#7" [stack: 0x0000008181a00000,0x0000008181b00000] [id=16708]
  0x000001b325827e20 GCTaskThread "GC Thread#8" [stack: 0x0000008181b00000,0x0000008181c00000] [id=18132]
  0x000001b3258278a0 GCTaskThread "GC Thread#9" [stack: 0x0000008181c00000,0x0000008181d00000] [id=16136]
  0x000001b2b95cd380 ConcurrentGCThread "G1 Main Marker" [stack: 0x00000081fec00000,0x00000081fed00000] [id=10372]
  0x000001b2b95cdda0 ConcurrentGCThread "G1 Conc#0" [stack: 0x00000081fed00000,0x00000081fee00000] [id=22000]
  0x000001b32582ace0 ConcurrentGCThread "G1 Conc#1" [stack: 0x0000008181d00000,0x0000008181e00000] [id=15628]
  0x000001b325829420 ConcurrentGCThread "G1 Conc#2" [stack: 0x0000008181e00000,0x0000008181f00000] [id=15264]
  0x000001b2b95feab0 ConcurrentGCThread "G1 Refine#0" [stack: 0x00000081fee00000,0x00000081fef00000] [id=21864]
  0x000001b322107cb0 ConcurrentGCThread "G1 Refine#1" [stack: 0x0000008182200000,0x0000008182300000] [id=7704]
  0x000001b3255b1cc0 ConcurrentGCThread "G1 Refine#2" [stack: 0x0000008182300000,0x0000008182400000] [id=21960]
  0x000001b3254cbe70 ConcurrentGCThread "G1 Refine#3" [stack: 0x0000008182400000,0x0000008182500000] [id=20652]
  0x000001b2dc912e80 ConcurrentGCThread "G1 Service" [stack: 0x00000081fef00000,0x00000081ff000000] [id=21748]

Threads with active compile tasks:
C2 CompilerThread0   948416 21521       4       org.gradle.internal.graph.CachingDirectedGraphWalker::doSearch (659 bytes)
C2 CompilerThread1   948416 21524       4       org.gradle.api.internal.artifacts.configurations.DefaultConfiguration::collectSuperConfigs (61 bytes)

VM state: not at safepoint (normal execution)

VM Mutex/Monitor currently owned by a thread: None

Heap address: 0x0000000700000000, size: 4096 MB, Compressed Oops mode: Zero based, Oop shift amount: 3

CDS archive(s) mapped at: [0x000001b2dd000000-0x000001b2ddbb0000-0x000001b2ddbb0000), size 12255232, SharedBaseAddress: 0x000001b2dd000000, ArchiveRelocationMode: 1.
Compressed class space mapped at: 0x000001b2de000000-0x000001b31e000000, reserved size: 1073741824
Narrow klass base: 0x000001b2dd000000, Narrow klass shift: 0, Narrow klass range: 0x100000000

GC Precious Log:
 CPUs: 12 total, 12 available
 Memory: 15761M
 Large Page Support: Disabled
 NUMA Support: Disabled
 Compressed Oops: Enabled (Zero based)
 Heap Region Size: 2M
 Heap Min Capacity: 8M
 Heap Initial Capacity: 248M
 Heap Max Capacity: 4G
 Pre-touch: Disabled
 Parallel Workers: 10
 Concurrent Workers: 3
 Concurrent Refinement Workers: 10
 Periodic GC: Disabled

Heap:
 garbage-first heap   total 540672K, used 266522K [0x0000000700000000, 0x0000000800000000)
  region size 2048K, 19 young (38912K), 1 survivors (2048K)
 Metaspace       used 133337K, committed 134784K, reserved 1179648K
  class space    used 18160K, committed 18816K, reserved 1048576K

Heap Regions: E=young(eden), S=young(survivor), O=old, HS=humongous(starts), HC=humongous(continues), CS=collection set, F=free, OA=open archive, CA=closed archive, TAMS=top-at-mark-start (previous, next)
|   0|0x0000000700000000, 0x0000000700200000, 0x0000000700200000|100%|HS|  |TAMS 0x0000000700200000, 0x0000000700000000| Complete 
|   1|0x0000000700200000, 0x0000000700400000, 0x0000000700400000|100%|HC|  |TAMS 0x0000000700400000, 0x0000000700200000| Complete 
|   2|0x0000000700400000, 0x0000000700600000, 0x0000000700600000|100%| O|  |TAMS 0x0000000700600000, 0x0000000700400000| Untracked 
|   3|0x0000000700600000, 0x0000000700800000, 0x0000000700800000|100%| O|  |TAMS 0x0000000700800000, 0x0000000700600000| Untracked 
|   4|0x0000000700800000, 0x0000000700a00000, 0x0000000700a00000|100%| O|  |TAMS 0x0000000700a00000, 0x0000000700800000| Untracked 
|   5|0x0000000700a00000, 0x0000000700c00000, 0x0000000700c00000|100%| O|  |TAMS 0x0000000700c00000, 0x0000000700a00000| Untracked 
|   6|0x0000000700c00000, 0x0000000700e00000, 0x0000000700e00000|100%| O|  |TAMS 0x0000000700e00000, 0x0000000700c00000| Untracked 
|   7|0x0000000700e00000, 0x0000000701000000, 0x0000000701000000|100%| O|  |TAMS 0x0000000701000000, 0x0000000700e00000| Untracked 
|   8|0x0000000701000000, 0x0000000701200000, 0x0000000701200000|100%| O|  |TAMS 0x0000000701200000, 0x0000000701000000| Untracked 
|   9|0x0000000701200000, 0x0000000701400000, 0x0000000701400000|100%| O|  |TAMS 0x0000000701400000, 0x0000000701200000| Untracked 
|  10|0x0000000701400000, 0x0000000701600000, 0x0000000701600000|100%| O|  |TAMS 0x0000000701600000, 0x0000000701400000| Untracked 
|  11|0x0000000701600000, 0x0000000701800000, 0x0000000701800000|100%| O|  |TAMS 0x0000000701800000, 0x0000000701600000| Untracked 
|  12|0x0000000701800000, 0x0000000701a00000, 0x0000000701a00000|100%| O|  |TAMS 0x0000000701a00000, 0x0000000701800000| Untracked 
|  13|0x0000000701a00000, 0x0000000701c00000, 0x0000000701c00000|100%| O|  |TAMS 0x0000000701c00000, 0x0000000701a00000| Untracked 
|  14|0x0000000701c00000, 0x0000000701e00000, 0x0000000701e00000|100%| O|  |TAMS 0x0000000701e00000, 0x0000000701c00000| Untracked 
|  15|0x0000000701e00000, 0x0000000702000000, 0x0000000702000000|100%| O|  |TAMS 0x0000000702000000, 0x0000000701e00000| Untracked 
|  16|0x0000000702000000, 0x0000000702200000, 0x0000000702200000|100%| O|  |TAMS 0x0000000702200000, 0x0000000702000000| Untracked 
|  17|0x0000000702200000, 0x0000000702400000, 0x0000000702400000|100%| O|  |TAMS 0x0000000702400000, 0x0000000702200000| Untracked 
|  18|0x0000000702400000, 0x0000000702600000, 0x0000000702600000|100%| O|  |TAMS 0x0000000702600000, 0x0000000702400000| Untracked 
|  19|0x0000000702600000, 0x0000000702800000, 0x0000000702800000|100%| O|  |TAMS 0x0000000702800000, 0x0000000702600000| Untracked 
|  20|0x0000000702800000, 0x0000000702a00000, 0x0000000702a00000|100%| O|  |TAMS 0x0000000702a00000, 0x0000000702800000| Untracked 
|  21|0x0000000702a00000, 0x0000000702c00000, 0x0000000702c00000|100%| O|  |TAMS 0x0000000702c00000, 0x0000000702a00000| Untracked 
|  22|0x0000000702c00000, 0x0000000702e00000, 0x0000000702e00000|100%|HS|  |TAMS 0x0000000702e00000, 0x0000000702c00000| Complete 
|  23|0x0000000702e00000, 0x0000000703000000, 0x0000000703000000|100%|HC|  |TAMS 0x0000000703000000, 0x0000000702e00000| Complete 
|  24|0x0000000703000000, 0x0000000703200000, 0x0000000703200000|100%|HS|  |TAMS 0x0000000703200000, 0x0000000703000000| Complete 
|  25|0x0000000703200000, 0x0000000703400000, 0x0000000703400000|100%| O|  |TAMS 0x0000000703400000, 0x0000000703200000| Untracked 
|  26|0x0000000703400000, 0x0000000703600000, 0x0000000703600000|100%| O|  |TAMS 0x0000000703600000, 0x0000000703400000| Untracked 
|  27|0x0000000703600000, 0x0000000703800000, 0x0000000703800000|100%| O|  |TAMS 0x0000000703800000, 0x0000000703600000| Untracked 
|  28|0x0000000703800000, 0x0000000703a00000, 0x0000000703a00000|100%| O|  |TAMS 0x0000000703a00000, 0x0000000703800000| Untracked 
|  29|0x0000000703a00000, 0x0000000703c00000, 0x0000000703c00000|100%| O|  |TAMS 0x0000000703c00000, 0x0000000703a00000| Untracked 
|  30|0x0000000703c00000, 0x0000000703e00000, 0x0000000703e00000|100%| O|  |TAMS 0x0000000703e00000, 0x0000000703c00000| Untracked 
|  31|0x0000000703e00000, 0x0000000704000000, 0x0000000704000000|100%| O|  |TAMS 0x0000000704000000, 0x0000000703e00000| Untracked 
|  32|0x0000000704000000, 0x0000000704200000, 0x0000000704200000|100%| O|  |TAMS 0x0000000704200000, 0x0000000704000000| Untracked 
|  33|0x0000000704200000, 0x0000000704400000, 0x0000000704400000|100%| O|  |TAMS 0x0000000704400000, 0x0000000704200000| Untracked 
|  34|0x0000000704400000, 0x0000000704600000, 0x0000000704600000|100%| O|  |TAMS 0x0000000704600000, 0x0000000704400000| Untracked 
|  35|0x0000000704600000, 0x0000000704800000, 0x0000000704800000|100%| O|  |TAMS 0x0000000704800000, 0x0000000704600000| Untracked 
|  36|0x0000000704800000, 0x0000000704a00000, 0x0000000704a00000|100%| O|  |TAMS 0x0000000704a00000, 0x0000000704800000| Untracked 
|  37|0x0000000704a00000, 0x0000000704c00000, 0x0000000704c00000|100%| O|  |TAMS 0x0000000704c00000, 0x0000000704a00000| Untracked 
|  38|0x0000000704c00000, 0x0000000704e00000, 0x0000000704e00000|100%| O|  |TAMS 0x0000000704e00000, 0x0000000704c00000| Untracked 
|  39|0x0000000704e00000, 0x0000000705000000, 0x0000000705000000|100%| O|  |TAMS 0x0000000705000000, 0x0000000704e00000| Untracked 
|  40|0x0000000705000000, 0x0000000705200000, 0x0000000705200000|100%| O|  |TAMS 0x0000000705200000, 0x0000000705000000| Untracked 
|  41|0x0000000705200000, 0x0000000705400000, 0x0000000705400000|100%| O|  |TAMS 0x0000000705400000, 0x0000000705200000| Untracked 
|  42|0x0000000705400000, 0x0000000705600000, 0x0000000705600000|100%| O|  |TAMS 0x0000000705600000, 0x0000000705400000| Untracked 
|  43|0x0000000705600000, 0x0000000705800000, 0x0000000705800000|100%| O|  |TAMS 0x0000000705800000, 0x0000000705600000| Untracked 
|  44|0x0000000705800000, 0x0000000705a00000, 0x0000000705a00000|100%| O|  |TAMS 0x0000000705a00000, 0x0000000705800000| Untracked 
|  45|0x0000000705a00000, 0x0000000705c00000, 0x0000000705c00000|100%| O|  |TAMS 0x0000000705c00000, 0x0000000705a00000| Untracked 
|  46|0x0000000705c00000, 0x0000000705e00000, 0x0000000705e00000|100%| O|  |TAMS 0x0000000705e00000, 0x0000000705c00000| Untracked 
|  47|0x0000000705e00000, 0x0000000705e00000, 0x0000000706000000|  0%| F|  |TAMS 0x0000000705e00000, 0x0000000705e00000| Untracked 
|  48|0x0000000706000000, 0x0000000706000000, 0x0000000706200000|  0%| F|  |TAMS 0x0000000706000000, 0x0000000706000000| Untracked 
|  49|0x0000000706200000, 0x0000000706200000, 0x0000000706400000|  0%| F|  |TAMS 0x0000000706200000, 0x0000000706200000| Untracked 
|  50|0x0000000706400000, 0x0000000706400000, 0x0000000706600000|  0%| F|  |TAMS 0x0000000706400000, 0x0000000706400000| Untracked 
|  51|0x0000000706600000, 0x0000000706600000, 0x0000000706800000|  0%| F|  |TAMS 0x0000000706600000, 0x0000000706600000| Untracked 
|  52|0x0000000706800000, 0x0000000706800000, 0x0000000706a00000|  0%| F|  |TAMS 0x0000000706800000, 0x0000000706800000| Untracked 
|  53|0x0000000706a00000, 0x0000000706a00000, 0x0000000706c00000|  0%| F|  |TAMS 0x0000000706a00000, 0x0000000706a00000| Untracked 
|  54|0x0000000706c00000, 0x0000000706e00000, 0x0000000706e00000|100%| O|  |TAMS 0x0000000706e00000, 0x0000000706c00000| Untracked 
|  55|0x0000000706e00000, 0x0000000706e00000, 0x0000000707000000|  0%| F|  |TAMS 0x0000000706e00000, 0x0000000706e00000| Untracked 
|  56|0x0000000707000000, 0x0000000707000000, 0x0000000707200000|  0%| F|  |TAMS 0x0000000707000000, 0x0000000707000000| Untracked 
|  57|0x0000000707200000, 0x0000000707200000, 0x0000000707400000|  0%| F|  |TAMS 0x0000000707200000, 0x0000000707200000| Untracked 
|  58|0x0000000707400000, 0x0000000707400000, 0x0000000707600000|  0%| F|  |TAMS 0x0000000707400000, 0x0000000707400000| Untracked 
|  59|0x0000000707600000, 0x0000000707600000, 0x0000000707800000|  0%| F|  |TAMS 0x0000000707600000, 0x0000000707600000| Untracked 
|  60|0x0000000707800000, 0x0000000707a00000, 0x0000000707a00000|100%| O|  |TAMS 0x0000000707a00000, 0x0000000707800000| Untracked 
|  61|0x0000000707a00000, 0x0000000707a00000, 0x0000000707c00000|  0%| F|  |TAMS 0x0000000707a00000, 0x0000000707a00000| Untracked 
|  62|0x0000000707c00000, 0x0000000707c00000, 0x0000000707e00000|  0%| F|  |TAMS 0x0000000707c00000, 0x0000000707c00000| Untracked 
|  63|0x0000000707e00000, 0x0000000708000000, 0x0000000708000000|100%| O|  |TAMS 0x0000000708000000, 0x0000000707e00000| Untracked 
|  64|0x0000000708000000, 0x0000000708200000, 0x0000000708200000|100%| O|  |TAMS 0x0000000708200000, 0x0000000708000000| Untracked 
|  65|0x0000000708200000, 0x0000000708400000, 0x0000000708400000|100%| O|  |TAMS 0x0000000708400000, 0x0000000708200000| Untracked 
|  66|0x0000000708400000, 0x0000000708400000, 0x0000000708600000|  0%| F|  |TAMS 0x0000000708400000, 0x0000000708400000| Untracked 
|  67|0x0000000708600000, 0x0000000708800000, 0x0000000708800000|100%| O|  |TAMS 0x0000000708800000, 0x0000000708600000| Untracked 
|  68|0x0000000708800000, 0x0000000708800000, 0x0000000708a00000|  0%| F|  |TAMS 0x0000000708800000, 0x0000000708800000| Untracked 
|  69|0x0000000708a00000, 0x0000000708c00000, 0x0000000708c00000|100%| O|  |TAMS 0x0000000708c00000, 0x0000000708a00000| Untracked 
|  70|0x0000000708c00000, 0x0000000708e00000, 0x0000000708e00000|100%| O|  |TAMS 0x0000000708e00000, 0x0000000708c00000| Untracked 
|  71|0x0000000708e00000, 0x0000000709000000, 0x0000000709000000|100%| O|  |TAMS 0x0000000709000000, 0x0000000708e00000| Untracked 
|  72|0x0000000709000000, 0x0000000709200000, 0x0000000709200000|100%| O|  |TAMS 0x0000000709200000, 0x0000000709000000| Untracked 
|  73|0x0000000709200000, 0x0000000709400000, 0x0000000709400000|100%| O|  |TAMS 0x0000000709400000, 0x0000000709200000| Untracked 
|  74|0x0000000709400000, 0x0000000709600000, 0x0000000709600000|100%| O|  |TAMS 0x0000000709600000, 0x0000000709400000| Untracked 
|  75|0x0000000709600000, 0x0000000709800000, 0x0000000709800000|100%| O|  |TAMS 0x0000000709800000, 0x0000000709600000| Untracked 
|  76|0x0000000709800000, 0x0000000709a00000, 0x0000000709a00000|100%| O|  |TAMS 0x0000000709a00000, 0x0000000709800000| Untracked 
|  77|0x0000000709a00000, 0x0000000709c00000, 0x0000000709c00000|100%| O|  |TAMS 0x0000000709c00000, 0x0000000709a00000| Untracked 
|  78|0x0000000709c00000, 0x0000000709e00000, 0x0000000709e00000|100%| O|  |TAMS 0x0000000709e00000, 0x0000000709c00000| Untracked 
|  79|0x0000000709e00000, 0x000000070a000000, 0x000000070a000000|100%| O|  |TAMS 0x000000070a000000, 0x0000000709e00000| Untracked 
|  80|0x000000070a000000, 0x000000070a200000, 0x000000070a200000|100%| O|  |TAMS 0x000000070a200000, 0x000000070a000000| Untracked 
|  81|0x000000070a200000, 0x000000070a400000, 0x000000070a400000|100%| O|  |TAMS 0x000000070a400000, 0x000000070a200000| Untracked 
|  82|0x000000070a400000, 0x000000070a600000, 0x000000070a600000|100%| O|  |TAMS 0x000000070a600000, 0x000000070a400000| Untracked 
|  83|0x000000070a600000, 0x000000070a800000, 0x000000070a800000|100%| O|  |TAMS 0x000000070a800000, 0x000000070a600000| Untracked 
|  84|0x000000070a800000, 0x000000070aa00000, 0x000000070aa00000|100%| O|  |TAMS 0x000000070aa00000, 0x000000070a800000| Untracked 
|  85|0x000000070aa00000, 0x000000070ac00000, 0x000000070ac00000|100%| O|  |TAMS 0x000000070ac00000, 0x000000070aa00000| Untracked 
|  86|0x000000070ac00000, 0x000000070ae00000, 0x000000070ae00000|100%| O|  |TAMS 0x000000070ae00000, 0x000000070ac00000| Untracked 
|  87|0x000000070ae00000, 0x000000070b000000, 0x000000070b000000|100%| O|  |TAMS 0x000000070b000000, 0x000000070ae00000| Untracked 
|  88|0x000000070b000000, 0x000000070b200000, 0x000000070b200000|100%| O|  |TAMS 0x000000070b200000, 0x000000070b000000| Untracked 
|  89|0x000000070b200000, 0x000000070b400000, 0x000000070b400000|100%| O|  |TAMS 0x000000070b400000, 0x000000070b200000| Untracked 
|  90|0x000000070b400000, 0x000000070b600000, 0x000000070b600000|100%| O|  |TAMS 0x000000070b600000, 0x000000070b400000| Untracked 
|  91|0x000000070b600000, 0x000000070b800000, 0x000000070b800000|100%| O|  |TAMS 0x000000070b800000, 0x000000070b600000| Untracked 
|  92|0x000000070b800000, 0x000000070ba00000, 0x000000070ba00000|100%| O|  |TAMS 0x000000070ba00000, 0x000000070b800000| Untracked 
|  93|0x000000070ba00000, 0x000000070bc00000, 0x000000070bc00000|100%| O|  |TAMS 0x000000070bc00000, 0x000000070ba00000| Untracked 
|  94|0x000000070bc00000, 0x000000070be00000, 0x000000070be00000|100%| O|  |TAMS 0x000000070be00000, 0x000000070bc00000| Untracked 
|  95|0x000000070be00000, 0x000000070c000000, 0x000000070c000000|100%| O|  |TAMS 0x000000070c000000, 0x000000070be00000| Untracked 
|  96|0x000000070c000000, 0x000000070c200000, 0x000000070c200000|100%| O|  |TAMS 0x000000070c200000, 0x000000070c000000| Untracked 
|  97|0x000000070c200000, 0x000000070c200000, 0x000000070c400000|  0%| F|  |TAMS 0x000000070c200000, 0x000000070c200000| Untracked 
|  98|0x000000070c400000, 0x000000070c600000, 0x000000070c600000|100%| O|  |TAMS 0x000000070c600000, 0x000000070c400000| Untracked 
|  99|0x000000070c600000, 0x000000070c800000, 0x000000070c800000|100%| O|  |TAMS 0x000000070c800000, 0x000000070c600000| Untracked 
| 100|0x000000070c800000, 0x000000070ca00000, 0x000000070ca00000|100%| O|  |TAMS 0x000000070ca00000, 0x000000070c800000| Untracked 
| 101|0x000000070ca00000, 0x000000070cc00000, 0x000000070cc00000|100%| O|  |TAMS 0x000000070ca6e200, 0x000000070ca00000| Untracked 
| 102|0x000000070cc00000, 0x000000070ce00000, 0x000000070ce00000|100%| O|  |TAMS 0x000000070cc00000, 0x000000070cc00000| Untracked 
| 103|0x000000070ce00000, 0x000000070d000000, 0x000000070d000000|100%| O|  |TAMS 0x000000070ce00000, 0x000000070ce00000| Untracked 
| 104|0x000000070d000000, 0x000000070d200000, 0x000000070d200000|100%| O|  |TAMS 0x000000070d000000, 0x000000070d000000| Untracked 
| 105|0x000000070d200000, 0x000000070d400000, 0x000000070d400000|100%| O|  |TAMS 0x000000070d200000, 0x000000070d200000| Untracked 
| 106|0x000000070d400000, 0x000000070d600000, 0x000000070d600000|100%| O|  |TAMS 0x000000070d400000, 0x000000070d400000| Untracked 
| 107|0x000000070d600000, 0x000000070d800000, 0x000000070d800000|100%| O|  |TAMS 0x000000070d600000, 0x000000070d600000| Untracked 
| 108|0x000000070d800000, 0x000000070d939e00, 0x000000070da00000| 61%| O|  |TAMS 0x000000070d800000, 0x000000070d800000| Untracked 
| 109|0x000000070da00000, 0x000000070da00000, 0x000000070dc00000|  0%| F|  |TAMS 0x000000070da00000, 0x000000070da00000| Untracked 
| 110|0x000000070dc00000, 0x000000070dc00000, 0x000000070de00000|  0%| F|  |TAMS 0x000000070dc00000, 0x000000070dc00000| Untracked 
| 111|0x000000070de00000, 0x000000070de00000, 0x000000070e000000|  0%| F|  |TAMS 0x000000070de00000, 0x000000070de00000| Untracked 
| 112|0x000000070e000000, 0x000000070e000000, 0x000000070e200000|  0%| F|  |TAMS 0x000000070e000000, 0x000000070e000000| Untracked 
| 113|0x000000070e200000, 0x000000070e200000, 0x000000070e400000|  0%| F|  |TAMS 0x000000070e200000, 0x000000070e200000| Untracked 
| 114|0x000000070e400000, 0x000000070e400000, 0x000000070e600000|  0%| F|  |TAMS 0x000000070e400000, 0x000000070e400000| Untracked 
| 115|0x000000070e600000, 0x000000070e600000, 0x000000070e800000|  0%| F|  |TAMS 0x000000070e600000, 0x000000070e600000| Untracked 
| 116|0x000000070e800000, 0x000000070e800000, 0x000000070ea00000|  0%| F|  |TAMS 0x000000070e800000, 0x000000070e800000| Untracked 
| 117|0x000000070ea00000, 0x000000070ea00000, 0x000000070ec00000|  0%| F|  |TAMS 0x000000070ea00000, 0x000000070ea00000| Untracked 
| 118|0x000000070ec00000, 0x000000070ec00000, 0x000000070ee00000|  0%| F|  |TAMS 0x000000070ec00000, 0x000000070ec00000| Untracked 
| 119|0x000000070ee00000, 0x000000070ee00000, 0x000000070f000000|  0%| F|  |TAMS 0x000000070ee00000, 0x000000070ee00000| Untracked 
| 120|0x000000070f000000, 0x000000070f000000, 0x000000070f200000|  0%| F|  |TAMS 0x000000070f000000, 0x000000070f000000| Untracked 
| 121|0x000000070f200000, 0x000000070f200000, 0x000000070f400000|  0%| F|  |TAMS 0x000000070f200000, 0x000000070f200000| Untracked 
| 122|0x000000070f400000, 0x000000070f600000, 0x000000070f600000|100%| O|  |TAMS 0x000000070f400000, 0x000000070f400000| Untracked 
| 123|0x000000070f600000, 0x000000070f800000, 0x000000070f800000|100%| O|  |TAMS 0x000000070f600000, 0x000000070f600000| Untracked 
| 124|0x000000070f800000, 0x000000070f800000, 0x000000070fa00000|  0%| F|  |TAMS 0x000000070f800000, 0x000000070f800000| Untracked 
| 125|0x000000070fa00000, 0x000000070fa00000, 0x000000070fc00000|  0%| F|  |TAMS 0x000000070fa00000, 0x000000070fa00000| Untracked 
| 126|0x000000070fc00000, 0x000000070fc00000, 0x000000070fe00000|  0%| F|  |TAMS 0x000000070fc00000, 0x000000070fc00000| Untracked 
| 127|0x000000070fe00000, 0x000000070fe00000, 0x0000000710000000|  0%| F|  |TAMS 0x000000070fe00000, 0x000000070fe00000| Untracked 
| 128|0x0000000710000000, 0x0000000710000000, 0x0000000710200000|  0%| F|  |TAMS 0x0000000710000000, 0x0000000710000000| Untracked 
| 129|0x0000000710200000, 0x0000000710200000, 0x0000000710400000|  0%| F|  |TAMS 0x0000000710200000, 0x0000000710200000| Untracked 
| 130|0x0000000710400000, 0x0000000710400000, 0x0000000710600000|  0%| F|  |TAMS 0x0000000710400000, 0x0000000710400000| Untracked 
| 131|0x0000000710600000, 0x0000000710600000, 0x0000000710800000|  0%| F|  |TAMS 0x0000000710600000, 0x0000000710600000| Untracked 
| 132|0x0000000710800000, 0x0000000710800000, 0x0000000710a00000|  0%| F|  |TAMS 0x0000000710800000, 0x0000000710800000| Untracked 
| 133|0x0000000710a00000, 0x0000000710a00000, 0x0000000710c00000|  0%| F|  |TAMS 0x0000000710a00000, 0x0000000710a00000| Untracked 
| 134|0x0000000710c00000, 0x0000000710c00000, 0x0000000710e00000|  0%| F|  |TAMS 0x0000000710c00000, 0x0000000710c00000| Untracked 
| 135|0x0000000710e00000, 0x0000000710e00000, 0x0000000711000000|  0%| F|  |TAMS 0x0000000710e00000, 0x0000000710e00000| Untracked 
| 136|0x0000000711000000, 0x0000000711000000, 0x0000000711200000|  0%| F|  |TAMS 0x0000000711000000, 0x0000000711000000| Untracked 
| 137|0x0000000711200000, 0x0000000711200000, 0x0000000711400000|  0%| F|  |TAMS 0x0000000711200000, 0x0000000711200000| Untracked 
| 138|0x0000000711400000, 0x0000000711400000, 0x0000000711600000|  0%| F|  |TAMS 0x0000000711400000, 0x0000000711400000| Untracked 
| 139|0x0000000711600000, 0x0000000711600000, 0x0000000711800000|  0%| F|  |TAMS 0x0000000711600000, 0x0000000711600000| Untracked 
| 140|0x0000000711800000, 0x0000000711800000, 0x0000000711a00000|  0%| F|  |TAMS 0x0000000711800000, 0x0000000711800000| Untracked 
| 141|0x0000000711a00000, 0x0000000711a00000, 0x0000000711c00000|  0%| F|  |TAMS 0x0000000711a00000, 0x0000000711a00000| Untracked 
| 142|0x0000000711c00000, 0x0000000711e00000, 0x0000000711e00000|100%|HS|  |TAMS 0x0000000711c00000, 0x0000000711c00000| Complete 
| 143|0x0000000711e00000, 0x0000000712000000, 0x0000000712000000|100%|HC|  |TAMS 0x0000000711e00000, 0x0000000711e00000| Complete 
| 144|0x0000000712000000, 0x0000000712200000, 0x0000000712200000|100%|HC|  |TAMS 0x0000000712000000, 0x0000000712000000| Complete 
| 145|0x0000000712200000, 0x0000000712400000, 0x0000000712400000|100%|HC|  |TAMS 0x0000000712200000, 0x0000000712200000| Complete 
| 146|0x0000000712400000, 0x0000000712600000, 0x0000000712600000|100%|HC|  |TAMS 0x0000000712400000, 0x0000000712400000| Complete 
| 147|0x0000000712600000, 0x0000000712800000, 0x0000000712800000|100%|HC|  |TAMS 0x0000000712600000, 0x0000000712600000| Complete 
| 148|0x0000000712800000, 0x0000000712a00000, 0x0000000712a00000|100%|HC|  |TAMS 0x0000000712800000, 0x0000000712800000| Complete 
| 149|0x0000000712a00000, 0x0000000712c00000, 0x0000000712c00000|100%|HC|  |TAMS 0x0000000712a00000, 0x0000000712a00000| Complete 
| 150|0x0000000712c00000, 0x0000000712e00000, 0x0000000712e00000|100%|HC|  |TAMS 0x0000000712c00000, 0x0000000712c00000| Complete 
| 151|0x0000000712e00000, 0x0000000713000000, 0x0000000713000000|100%|HC|  |TAMS 0x0000000712e00000, 0x0000000712e00000| Complete 
| 152|0x0000000713000000, 0x0000000713200000, 0x0000000713200000|100%|HC|  |TAMS 0x0000000713000000, 0x0000000713000000| Complete 
| 153|0x0000000713200000, 0x0000000713400000, 0x0000000713400000|100%|HC|  |TAMS 0x0000000713200000, 0x0000000713200000| Complete 
| 154|0x0000000713400000, 0x0000000713600000, 0x0000000713600000|100%|HC|  |TAMS 0x0000000713400000, 0x0000000713400000| Complete 
| 155|0x0000000713600000, 0x0000000713800000, 0x0000000713800000|100%|HC|  |TAMS 0x0000000713600000, 0x0000000713600000| Complete 
| 156|0x0000000713800000, 0x0000000713a00000, 0x0000000713a00000|100%|HC|  |TAMS 0x0000000713800000, 0x0000000713800000| Complete 
| 157|0x0000000713a00000, 0x0000000713c00000, 0x0000000713c00000|100%|HC|  |TAMS 0x0000000713a00000, 0x0000000713a00000| Complete 
| 158|0x0000000713c00000, 0x0000000713e00000, 0x0000000713e00000|100%|HC|  |TAMS 0x0000000713c00000, 0x0000000713c00000| Complete 
| 159|0x0000000713e00000, 0x0000000714000000, 0x0000000714000000|100%|HC|  |TAMS 0x0000000713e00000, 0x0000000713e00000| Complete 
| 160|0x0000000714000000, 0x0000000714200000, 0x0000000714200000|100%|HC|  |TAMS 0x0000000714000000, 0x0000000714000000| Complete 
| 161|0x0000000714200000, 0x0000000714400000, 0x0000000714400000|100%|HC|  |TAMS 0x0000000714200000, 0x0000000714200000| Complete 
| 162|0x0000000714400000, 0x0000000714400000, 0x0000000714600000|  0%| F|  |TAMS 0x0000000714400000, 0x0000000714400000| Untracked 
| 163|0x0000000714600000, 0x0000000714600000, 0x0000000714800000|  0%| F|  |TAMS 0x0000000714600000, 0x0000000714600000| Untracked 
| 164|0x0000000714800000, 0x0000000714800000, 0x0000000714a00000|  0%| F|  |TAMS 0x0000000714800000, 0x0000000714800000| Untracked 
| 165|0x0000000714a00000, 0x0000000714a00000, 0x0000000714c00000|  0%| F|  |TAMS 0x0000000714a00000, 0x0000000714a00000| Untracked 
| 166|0x0000000714c00000, 0x0000000714c00000, 0x0000000714e00000|  0%| F|  |TAMS 0x0000000714c00000, 0x0000000714c00000| Untracked 
| 167|0x0000000714e00000, 0x0000000714e00000, 0x0000000715000000|  0%| F|  |TAMS 0x0000000714e00000, 0x0000000714e00000| Untracked 
| 168|0x0000000715000000, 0x0000000715000000, 0x0000000715200000|  0%| F|  |TAMS 0x0000000715000000, 0x0000000715000000| Untracked 
| 169|0x0000000715200000, 0x0000000715200000, 0x0000000715400000|  0%| F|  |TAMS 0x0000000715200000, 0x0000000715200000| Untracked 
| 170|0x0000000715400000, 0x0000000715400000, 0x0000000715600000|  0%| F|  |TAMS 0x0000000715400000, 0x0000000715400000| Untracked 
| 171|0x0000000715600000, 0x0000000715600000, 0x0000000715800000|  0%| F|  |TAMS 0x0000000715600000, 0x0000000715600000| Untracked 
| 172|0x0000000715800000, 0x0000000715800000, 0x0000000715a00000|  0%| F|  |TAMS 0x0000000715800000, 0x0000000715800000| Untracked 
| 173|0x0000000715a00000, 0x0000000715a00000, 0x0000000715c00000|  0%| F|  |TAMS 0x0000000715a00000, 0x0000000715a00000| Untracked 
| 174|0x0000000715c00000, 0x0000000715c00000, 0x0000000715e00000|  0%| F|  |TAMS 0x0000000715c00000, 0x0000000715c00000| Untracked 
| 175|0x0000000715e00000, 0x0000000715e00000, 0x0000000716000000|  0%| F|  |TAMS 0x0000000715e00000, 0x0000000715e00000| Untracked 
| 176|0x0000000716000000, 0x0000000716000000, 0x0000000716200000|  0%| F|  |TAMS 0x0000000716000000, 0x0000000716000000| Untracked 
| 177|0x0000000716200000, 0x0000000716200000, 0x0000000716400000|  0%| F|  |TAMS 0x0000000716200000, 0x0000000716200000| Untracked 
| 178|0x0000000716400000, 0x0000000716400000, 0x0000000716600000|  0%| F|  |TAMS 0x0000000716400000, 0x0000000716400000| Untracked 
| 179|0x0000000716600000, 0x0000000716600000, 0x0000000716800000|  0%| F|  |TAMS 0x0000000716600000, 0x0000000716600000| Untracked 
| 180|0x0000000716800000, 0x0000000716800000, 0x0000000716a00000|  0%| F|  |TAMS 0x0000000716800000, 0x0000000716800000| Untracked 
| 181|0x0000000716a00000, 0x0000000716a00000, 0x0000000716c00000|  0%| F|  |TAMS 0x0000000716a00000, 0x0000000716a00000| Untracked 
| 182|0x0000000716c00000, 0x0000000716c00000, 0x0000000716e00000|  0%| F|  |TAMS 0x0000000716c00000, 0x0000000716c00000| Untracked 
| 183|0x0000000716e00000, 0x0000000716e00000, 0x0000000717000000|  0%| F|  |TAMS 0x0000000716e00000, 0x0000000716e00000| Untracked 
| 184|0x0000000717000000, 0x0000000717000000, 0x0000000717200000|  0%| F|  |TAMS 0x0000000717000000, 0x0000000717000000| Untracked 
| 185|0x0000000717200000, 0x0000000717200000, 0x0000000717400000|  0%| F|  |TAMS 0x0000000717200000, 0x0000000717200000| Untracked 
| 186|0x0000000717400000, 0x0000000717400000, 0x0000000717600000|  0%| F|  |TAMS 0x0000000717400000, 0x0000000717400000| Untracked 
| 187|0x0000000717600000, 0x0000000717600000, 0x0000000717800000|  0%| F|  |TAMS 0x0000000717600000, 0x0000000717600000| Untracked 
| 188|0x0000000717800000, 0x0000000717800000, 0x0000000717a00000|  0%| F|  |TAMS 0x0000000717800000, 0x0000000717800000| Untracked 
| 189|0x0000000717a00000, 0x0000000717a00000, 0x0000000717c00000|  0%| F|  |TAMS 0x0000000717a00000, 0x0000000717a00000| Untracked 
| 190|0x0000000717c00000, 0x0000000717c00000, 0x0000000717e00000|  0%| F|  |TAMS 0x0000000717c00000, 0x0000000717c00000| Untracked 
| 191|0x0000000717e00000, 0x0000000717e00000, 0x0000000718000000|  0%| F|  |TAMS 0x0000000717e00000, 0x0000000717e00000| Untracked 
| 192|0x0000000718000000, 0x0000000718000000, 0x0000000718200000|  0%| F|  |TAMS 0x0000000718000000, 0x0000000718000000| Untracked 
| 193|0x0000000718200000, 0x0000000718200000, 0x0000000718400000|  0%| F|  |TAMS 0x0000000718200000, 0x0000000718200000| Untracked 
| 194|0x0000000718400000, 0x0000000718400000, 0x0000000718600000|  0%| F|  |TAMS 0x0000000718400000, 0x0000000718400000| Untracked 
| 195|0x0000000718600000, 0x0000000718600000, 0x0000000718800000|  0%| F|  |TAMS 0x0000000718600000, 0x0000000718600000| Untracked 
| 196|0x0000000718800000, 0x0000000718800000, 0x0000000718a00000|  0%| F|  |TAMS 0x0000000718800000, 0x0000000718800000| Untracked 
| 197|0x0000000718a00000, 0x0000000718a00000, 0x0000000718c00000|  0%| F|  |TAMS 0x0000000718a00000, 0x0000000718a00000| Untracked 
| 198|0x0000000718c00000, 0x0000000718c00000, 0x0000000718e00000|  0%| F|  |TAMS 0x0000000718c00000, 0x0000000718c00000| Untracked 
| 199|0x0000000718e00000, 0x0000000718e00000, 0x0000000719000000|  0%| F|  |TAMS 0x0000000718e00000, 0x0000000718e00000| Untracked 
| 200|0x0000000719000000, 0x0000000719000000, 0x0000000719200000|  0%| F|  |TAMS 0x0000000719000000, 0x0000000719000000| Untracked 
| 201|0x0000000719200000, 0x0000000719200000, 0x0000000719400000|  0%| F|  |TAMS 0x0000000719200000, 0x0000000719200000| Untracked 
| 202|0x0000000719400000, 0x0000000719400000, 0x0000000719600000|  0%| F|  |TAMS 0x0000000719400000, 0x0000000719400000| Untracked 
| 203|0x0000000719600000, 0x0000000719600000, 0x0000000719800000|  0%| F|  |TAMS 0x0000000719600000, 0x0000000719600000| Untracked 
| 204|0x0000000719800000, 0x0000000719800000, 0x0000000719a00000|  0%| F|  |TAMS 0x0000000719800000, 0x0000000719800000| Untracked 
| 205|0x0000000719a00000, 0x0000000719a00000, 0x0000000719c00000|  0%| F|  |TAMS 0x0000000719a00000, 0x0000000719a00000| Untracked 
| 206|0x0000000719c00000, 0x0000000719c00000, 0x0000000719e00000|  0%| F|  |TAMS 0x0000000719c00000, 0x0000000719c00000| Untracked 
| 207|0x0000000719e00000, 0x0000000719e00000, 0x000000071a000000|  0%| F|  |TAMS 0x0000000719e00000, 0x0000000719e00000| Untracked 
| 208|0x000000071a000000, 0x000000071a000000, 0x000000071a200000|  0%| F|  |TAMS 0x000000071a000000, 0x000000071a000000| Untracked 
| 209|0x000000071a200000, 0x000000071a200000, 0x000000071a400000|  0%| F|  |TAMS 0x000000071a200000, 0x000000071a200000| Untracked 
| 210|0x000000071a400000, 0x000000071a400000, 0x000000071a600000|  0%| F|  |TAMS 0x000000071a400000, 0x000000071a400000| Untracked 
| 211|0x000000071a600000, 0x000000071a600000, 0x000000071a800000|  0%| F|  |TAMS 0x000000071a600000, 0x000000071a600000| Untracked 
| 212|0x000000071a800000, 0x000000071a800000, 0x000000071aa00000|  0%| F|  |TAMS 0x000000071a800000, 0x000000071a800000| Untracked 
| 213|0x000000071aa00000, 0x000000071aa00000, 0x000000071ac00000|  0%| F|  |TAMS 0x000000071aa00000, 0x000000071aa00000| Untracked 
| 214|0x000000071ac00000, 0x000000071ac00000, 0x000000071ae00000|  0%| F|  |TAMS 0x000000071ac00000, 0x000000071ac00000| Untracked 
| 215|0x000000071ae00000, 0x000000071ae00000, 0x000000071b000000|  0%| F|  |TAMS 0x000000071ae00000, 0x000000071ae00000| Untracked 
| 216|0x000000071b000000, 0x000000071b000000, 0x000000071b200000|  0%| F|  |TAMS 0x000000071b000000, 0x000000071b000000| Untracked 
| 217|0x000000071b200000, 0x000000071b200000, 0x000000071b400000|  0%| F|  |TAMS 0x000000071b200000, 0x000000071b200000| Untracked 
| 218|0x000000071b400000, 0x000000071b400000, 0x000000071b600000|  0%| F|  |TAMS 0x000000071b400000, 0x000000071b400000| Untracked 
| 219|0x000000071b600000, 0x000000071b600000, 0x000000071b800000|  0%| F|  |TAMS 0x000000071b600000, 0x000000071b600000| Untracked 
| 220|0x000000071b800000, 0x000000071b800000, 0x000000071ba00000|  0%| F|  |TAMS 0x000000071b800000, 0x000000071b800000| Untracked 
| 221|0x000000071ba00000, 0x000000071ba00000, 0x000000071bc00000|  0%| F|  |TAMS 0x000000071ba00000, 0x000000071ba00000| Untracked 
| 222|0x000000071bc00000, 0x000000071bc00000, 0x000000071be00000|  0%| F|  |TAMS 0x000000071bc00000, 0x000000071bc00000| Untracked 
| 223|0x000000071be00000, 0x000000071be00000, 0x000000071c000000|  0%| F|  |TAMS 0x000000071be00000, 0x000000071be00000| Untracked 
| 224|0x000000071c000000, 0x000000071c000000, 0x000000071c200000|  0%| F|  |TAMS 0x000000071c000000, 0x000000071c000000| Untracked 
| 225|0x000000071c200000, 0x000000071c200000, 0x000000071c400000|  0%| F|  |TAMS 0x000000071c200000, 0x000000071c200000| Untracked 
| 226|0x000000071c400000, 0x000000071c400000, 0x000000071c600000|  0%| F|  |TAMS 0x000000071c400000, 0x000000071c400000| Untracked 
| 227|0x000000071c600000, 0x000000071c600000, 0x000000071c800000|  0%| F|  |TAMS 0x000000071c600000, 0x000000071c600000| Untracked 
| 228|0x000000071c800000, 0x000000071c800000, 0x000000071ca00000|  0%| F|  |TAMS 0x000000071c800000, 0x000000071c800000| Untracked 
| 229|0x000000071ca00000, 0x000000071ca00000, 0x000000071cc00000|  0%| F|  |TAMS 0x000000071ca00000, 0x000000071ca00000| Untracked 
| 230|0x000000071cc00000, 0x000000071cc00000, 0x000000071ce00000|  0%| F|  |TAMS 0x000000071cc00000, 0x000000071cc00000| Untracked 
| 231|0x000000071ce00000, 0x000000071ce00000, 0x000000071d000000|  0%| F|  |TAMS 0x000000071ce00000, 0x000000071ce00000| Untracked 
| 232|0x000000071d000000, 0x000000071d000000, 0x000000071d200000|  0%| F|  |TAMS 0x000000071d000000, 0x000000071d000000| Untracked 
| 233|0x000000071d200000, 0x000000071d200000, 0x000000071d400000|  0%| F|  |TAMS 0x000000071d200000, 0x000000071d200000| Untracked 
| 234|0x000000071d400000, 0x000000071d400000, 0x000000071d600000|  0%| F|  |TAMS 0x000000071d400000, 0x000000071d400000| Untracked 
| 235|0x000000071d600000, 0x000000071d600000, 0x000000071d800000|  0%| F|  |TAMS 0x000000071d600000, 0x000000071d600000| Untracked 
| 236|0x000000071d800000, 0x000000071d800000, 0x000000071da00000|  0%| F|  |TAMS 0x000000071d800000, 0x000000071d800000| Untracked 
| 237|0x000000071da00000, 0x000000071da00000, 0x000000071dc00000|  0%| F|  |TAMS 0x000000071da00000, 0x000000071da00000| Untracked 
| 238|0x000000071dc00000, 0x000000071dc00000, 0x000000071de00000|  0%| F|  |TAMS 0x000000071dc00000, 0x000000071dc00000| Untracked 
| 239|0x000000071de00000, 0x000000071de00000, 0x000000071e000000|  0%| F|  |TAMS 0x000000071de00000, 0x000000071de00000| Untracked 
| 240|0x000000071e000000, 0x000000071e000000, 0x000000071e200000|  0%| F|  |TAMS 0x000000071e000000, 0x000000071e000000| Untracked 
| 241|0x000000071e200000, 0x000000071e200000, 0x000000071e400000|  0%| F|  |TAMS 0x000000071e200000, 0x000000071e200000| Untracked 
| 242|0x000000071e400000, 0x000000071e400000, 0x000000071e600000|  0%| F|  |TAMS 0x000000071e400000, 0x000000071e400000| Untracked 
| 243|0x000000071e600000, 0x000000071e600000, 0x000000071e800000|  0%| F|  |TAMS 0x000000071e600000, 0x000000071e600000| Untracked 
| 244|0x000000071e800000, 0x000000071e800000, 0x000000071ea00000|  0%| F|  |TAMS 0x000000071e800000, 0x000000071e800000| Untracked 
| 245|0x000000071ea00000, 0x000000071ea46b78, 0x000000071ec00000| 13%| E|  |TAMS 0x000000071ea00000, 0x000000071ea00000| Complete 
| 246|0x000000071ec00000, 0x000000071ee00000, 0x000000071ee00000|100%| E|CS|TAMS 0x000000071ec00000, 0x000000071ec00000| Complete 
| 247|0x000000071ee00000, 0x000000071f000000, 0x000000071f000000|100%| E|  |TAMS 0x000000071ee00000, 0x000000071ee00000| Complete 
| 248|0x000000071f000000, 0x000000071f200000, 0x000000071f200000|100%| E|CS|TAMS 0x000000071f000000, 0x000000071f000000| Complete 
| 249|0x000000071f200000, 0x000000071f400000, 0x000000071f400000|100%| E|CS|TAMS 0x000000071f200000, 0x000000071f200000| Complete 
| 250|0x000000071f400000, 0x000000071f50cce0, 0x000000071f600000| 52%| S|CS|TAMS 0x000000071f400000, 0x000000071f400000| Complete 
| 251|0x000000071f600000, 0x000000071f800000, 0x000000071f800000|100%| E|CS|TAMS 0x000000071f600000, 0x000000071f600000| Complete 
| 252|0x000000071f800000, 0x000000071fa00000, 0x000000071fa00000|100%| E|CS|TAMS 0x000000071f800000, 0x000000071f800000| Complete 
| 253|0x000000071fa00000, 0x000000071fc00000, 0x000000071fc00000|100%| E|CS|TAMS 0x000000071fa00000, 0x000000071fa00000| Complete 
| 254|0x000000071fc00000, 0x000000071fe00000, 0x000000071fe00000|100%| E|CS|TAMS 0x000000071fc00000, 0x000000071fc00000| Complete 
| 255|0x000000071fe00000, 0x0000000720000000, 0x0000000720000000|100%| E|CS|TAMS 0x000000071fe00000, 0x000000071fe00000| Complete 
| 256|0x0000000720000000, 0x0000000720200000, 0x0000000720200000|100%| E|CS|TAMS 0x0000000720000000, 0x0000000720000000| Complete 
| 257|0x0000000720200000, 0x0000000720400000, 0x0000000720400000|100%| E|CS|TAMS 0x0000000720200000, 0x0000000720200000| Complete 
| 258|0x0000000720400000, 0x0000000720600000, 0x0000000720600000|100%| E|CS|TAMS 0x0000000720400000, 0x0000000720400000| Complete 
| 259|0x0000000720600000, 0x0000000720800000, 0x0000000720800000|100%| E|CS|TAMS 0x0000000720600000, 0x0000000720600000| Complete 
| 260|0x0000000720800000, 0x0000000720a00000, 0x0000000720a00000|100%| E|CS|TAMS 0x0000000720800000, 0x0000000720800000| Complete 
| 261|0x0000000720a00000, 0x0000000720c00000, 0x0000000720c00000|100%| E|CS|TAMS 0x0000000720a00000, 0x0000000720a00000| Complete 
| 262|0x0000000720c00000, 0x0000000720e00000, 0x0000000720e00000|100%| E|CS|TAMS 0x0000000720c00000, 0x0000000720c00000| Complete 
| 263|0x0000000720e00000, 0x0000000721000000, 0x0000000721000000|100%| E|CS|TAMS 0x0000000720e00000, 0x0000000720e00000| Complete 

Card table byte_map: [0x000001b2d0dc0000,0x000001b2d15c0000] _byte_map_base: 0x000001b2cd5c0000

Marking Bits (Prev, Next): (CMBitMap*) 0x000001b2b95bca90, (CMBitMap*) 0x000001b2b95bca50
 Prev Bits: [0x000001b2d5dc0000, 0x000001b2d9dc0000)
 Next Bits: [0x000001b2d1dc0000, 0x000001b2d5dc0000)

Polling page: 0x000001b2b8d00000

Metaspace:

Usage:
  Non-class:    112.48 MB used.
      Class:     17.73 MB used.
       Both:    130.21 MB used.

Virtual space:
  Non-class space:      128.00 MB reserved,     113.25 MB ( 88%) committed,  2 nodes.
      Class space:        1.00 GB reserved,      18.38 MB (  2%) committed,  1 nodes.
             Both:        1.12 GB reserved,     131.62 MB ( 11%) committed. 

Chunk freelists:
   Non-Class:  14.05 MB
       Class:  13.54 MB
        Both:  27.59 MB

MaxMetaspaceSize: unlimited
CompressedClassSpaceSize: 1.00 GB
Initial GC threshold: 21.00 MB
Current GC threshold: 215.12 MB
CDS: on
MetaspaceReclaimPolicy: balanced
 - commit_granule_bytes: 65536.
 - commit_granule_words: 8192.
 - virtual_space_node_default_size: 8388608.
 - enlarge_chunks_in_place: 1.
 - new_chunks_are_fully_committed: 0.
 - uncommit_free_chunks: 1.
 - use_allocation_guard: 0.
 - handle_deallocations: 1.


Internal statistics:

num_allocs_failed_limit: 6.
num_arena_births: 1914.
num_arena_deaths: 22.
num_vsnodes_births: 3.
num_vsnodes_deaths: 0.
num_space_committed: 2105.
num_space_uncommitted: 0.
num_chunks_returned_to_freelist: 39.
num_chunks_taken_from_freelist: 7802.
num_chunk_merges: 21.
num_chunk_splits: 5014.
num_chunks_enlarged: 3209.
num_inconsistent_stats: 0.

CodeHeap 'non-profiled nmethods': size=120000Kb used=14309Kb max_used=14309Kb free=105690Kb
 bounds [0x000001b2c8b40000, 0x000001b2c9940000, 0x000001b2d0070000]
CodeHeap 'profiled nmethods': size=120000Kb used=34582Kb max_used=35518Kb free=85417Kb
 bounds [0x000001b2c1070000, 0x000001b2c3330000, 0x000001b2c85a0000]
CodeHeap 'non-nmethods': size=5760Kb used=2450Kb max_used=2520Kb free=3309Kb
 bounds [0x000001b2c85a0000, 0x000001b2c8830000, 0x000001b2c8b40000]
 total_blobs=18705 nmethods=17717 adapters=899
 compilation: enabled
              stopped_count=0, restarted_count=0
 full_count=0

Compilation events (20 events):
Event: 948.249 Thread 0x000001b2dca807b0 21534       3       org.gradle.internal.execution.fingerprint.impl.DefaultFileCollectionFingerprinterRegistry$$Lambda$293/0x000001b2de350470::apply (8 bytes)
Event: 948.250 Thread 0x000001b2dca807b0 nmethod 21534 0x000001b2c1be2690 code [0x000001b2c1be2860, 0x000001b2c1be2dd8]
Event: 948.250 Thread 0x000001b2dca807b0 21535       3       org.gradle.internal.execution.fingerprint.impl.DefaultFileCollectionFingerprinterRegistry::lambda$entriesFrom$0 (12 bytes)
Event: 948.250 Thread 0x000001b2dca807b0 nmethod 21535 0x000001b2c29d9410 code [0x000001b2c29d95e0, 0x000001b2c29d99d8]
Event: 948.253 Thread 0x000001b2dca807b0 21536       1       org.gradle.api.internal.AbstractTask::getServices (5 bytes)
Event: 948.254 Thread 0x000001b2dca807b0 nmethod 21536 0x000001b2c9935510 code [0x000001b2c99356a0, 0x000001b2c9935778]
Event: 948.256 Thread 0x000001b2dca807b0 21537       3       org.gradle.internal.snapshot.impl.ImplementationSnapshot::of (14 bytes)
Event: 948.256 Thread 0x000001b2dca807b0 nmethod 21537 0x000001b2c2791390 code [0x000001b2c27915a0, 0x000001b2c2791be8]
Event: 948.282 Thread 0x000001b2dca807b0 21540       3       java.util.concurrent.ThreadLocalRandom::getProbe (13 bytes)
Event: 948.283 Thread 0x000001b2dca807b0 nmethod 21540 0x000001b2c1b99b90 code [0x000001b2c1b99d20, 0x000001b2c1b99e38]
Event: 948.293 Thread 0x000001b2dca807b0 21541       3       org.gradle.internal.logging.events.ProgressStartEvent::withParentProgressOperation (49 bytes)
Event: 948.293 Thread 0x000001b2dca807b0 nmethod 21541 0x000001b2c1dfe310 code [0x000001b2c1dfe4c0, 0x000001b2c1dfe868]
Event: 948.294 Thread 0x000001b2dca807b0 21542       3       org.gradle.api.internal.artifacts.ivyservice.resolveengine.artifact.LocalFileDependencyBackedArtifactSet$SingletonFileResolvedVariant::startFinalization (1 bytes)
Event: 948.294 Thread 0x000001b2dca807b0 nmethod 21542 0x000001b2c25bf210 code [0x000001b2c25bf3a0, 0x000001b2c25bf4b8]
Event: 948.294 Thread 0x000001b2dca807b0 21543       3       java.util.Formatter$FormatSpecifier::printInteger (131 bytes)
Event: 948.294 Thread 0x000001b2dca807b0 nmethod 21543 0x000001b2c1b75490 code [0x000001b2c1b75740, 0x000001b2c1b76788]
Event: 948.303 Thread 0x000001b2dca807b0 21545       1       org.gradle.api.internal.tasks.DefaultSourceSet::getName (5 bytes)
Event: 948.303 Thread 0x000001b2dca807b0 nmethod 21545 0x000001b2c9935810 code [0x000001b2c99359a0, 0x000001b2c9935a78]
Event: 948.319 Thread 0x000001b3262b2160 nmethod 21525 0x000001b2c9935b10 code [0x000001b2c9935e20, 0x000001b2c99386b0]
Event: 948.319 Thread 0x000001b3262b2160 21524       4       org.gradle.api.internal.artifacts.configurations.DefaultConfiguration::collectSuperConfigs (61 bytes)

GC Heap History (20 events):
Event: 161.055 GC heap before
{Heap before GC invocations=68 (full 0):
 garbage-first heap   total 245760K, used 207945K [0x0000000700000000, 0x0000000800000000)
  region size 2048K, 16 young (32768K), 3 survivors (6144K)
 Metaspace       used 123593K, committed 124928K, reserved 1179648K
  class space    used 16936K, committed 17536K, reserved 1048576K
}
Event: 161.060 GC heap after
{Heap after GC invocations=69 (full 0):
 garbage-first heap   total 294912K, used 186368K [0x0000000700000000, 0x0000000800000000)
  region size 2048K, 2 young (4096K), 2 survivors (4096K)
 Metaspace       used 123593K, committed 124928K, reserved 1179648K
  class space    used 16936K, committed 17536K, reserved 1048576K
}
Event: 162.106 GC heap before
{Heap before GC invocations=69 (full 0):
 garbage-first heap   total 294912K, used 237568K [0x0000000700000000, 0x0000000800000000)
  region size 2048K, 27 young (55296K), 2 survivors (4096K)
 Metaspace       used 127706K, committed 129024K, reserved 1179648K
  class space    used 17518K, committed 18112K, reserved 1048576K
}
Event: 162.112 GC heap after
{Heap after GC invocations=70 (full 0):
 garbage-first heap   total 294912K, used 193563K [0x0000000700000000, 0x0000000800000000)
  region size 2048K, 4 young (8192K), 4 survivors (8192K)
 Metaspace       used 127706K, committed 129024K, reserved 1179648K
  class space    used 17518K, committed 18112K, reserved 1048576K
}
Event: 162.426 GC heap before
{Heap before GC invocations=70 (full 0):
 garbage-first heap   total 294912K, used 238619K [0x0000000700000000, 0x0000000800000000)
  region size 2048K, 26 young (53248K), 4 survivors (8192K)
 Metaspace       used 128649K, committed 130048K, reserved 1179648K
  class space    used 17643K, committed 18240K, reserved 1048576K
}
Event: 162.432 GC heap after
{Heap after GC invocations=71 (full 0):
 garbage-first heap   total 294912K, used 199821K [0x0000000700000000, 0x0000000800000000)
  region size 2048K, 3 young (6144K), 3 survivors (6144K)
 Metaspace       used 128649K, committed 130048K, reserved 1179648K
  class space    used 17643K, committed 18240K, reserved 1048576K
}
Event: 170.272 GC heap before
{Heap before GC invocations=71 (full 0):
 garbage-first heap   total 294912K, used 240781K [0x0000000700000000, 0x0000000800000000)
  region size 2048K, 24 young (49152K), 3 survivors (6144K)
 Metaspace       used 129727K, committed 131136K, reserved 1179648K
  class space    used 17723K, committed 18368K, reserved 1048576K
}
Event: 170.276 GC heap after
{Heap after GC invocations=72 (full 0):
 garbage-first heap   total 294912K, used 203143K [0x0000000700000000, 0x0000000800000000)
  region size 2048K, 2 young (4096K), 2 survivors (4096K)
 Metaspace       used 129727K, committed 131136K, reserved 1179648K
  class space    used 17723K, committed 18368K, reserved 1048576K
}
Event: 171.606 GC heap before
{Heap before GC invocations=72 (full 0):
 garbage-first heap   total 294912K, used 242055K [0x0000000700000000, 0x0000000800000000)
  region size 2048K, 22 young (45056K), 2 survivors (4096K)
 Metaspace       used 129898K, committed 131328K, reserved 1179648K
  class space    used 17735K, committed 18368K, reserved 1048576K
}
Event: 171.610 GC heap after
{Heap after GC invocations=73 (full 0):
 garbage-first heap   total 294912K, used 207066K [0x0000000700000000, 0x0000000800000000)
  region size 2048K, 3 young (6144K), 3 survivors (6144K)
 Metaspace       used 129898K, committed 131328K, reserved 1179648K
  class space    used 17735K, committed 18368K, reserved 1048576K
}
Event: 172.079 GC heap before
{Heap before GC invocations=73 (full 0):
 garbage-first heap   total 294912K, used 235738K [0x0000000700000000, 0x0000000800000000)
  region size 2048K, 18 young (36864K), 3 survivors (6144K)
 Metaspace       used 130696K, committed 132160K, reserved 1179648K
  class space    used 17830K, committed 18496K, reserved 1048576K
}
Event: 172.084 GC heap after
{Heap after GC invocations=74 (full 0):
 garbage-first heap   total 294912K, used 211306K [0x0000000700000000, 0x0000000800000000)
  region size 2048K, 2 young (4096K), 2 survivors (4096K)
 Metaspace       used 130696K, committed 132160K, reserved 1179648K
  class space    used 17830K, committed 18496K, reserved 1048576K
}
Event: 172.119 GC heap before
{Heap before GC invocations=74 (full 0):
 garbage-first heap   total 294912K, used 254314K [0x0000000700000000, 0x0000000800000000)
  region size 2048K, 4 young (8192K), 2 survivors (4096K)
 Metaspace       used 130713K, committed 132160K, reserved 1179648K
  class space    used 17832K, committed 18496K, reserved 1048576K
}
Event: 172.121 GC heap after
{Heap after GC invocations=75 (full 0):
 garbage-first heap   total 294912K, used 252993K [0x0000000700000000, 0x0000000800000000)
  region size 2048K, 1 young (2048K), 1 survivors (2048K)
 Metaspace       used 130713K, committed 132160K, reserved 1179648K
  class space    used 17832K, committed 18496K, reserved 1048576K
}
Event: 172.268 GC heap before
{Heap before GC invocations=75 (full 0):
 garbage-first heap   total 512000K, used 304193K [0x0000000700000000, 0x0000000800000000)
  region size 2048K, 8 young (16384K), 1 survivors (2048K)
 Metaspace       used 130726K, committed 132160K, reserved 1179648K
  class space    used 17830K, committed 18496K, reserved 1048576K
}
Event: 172.270 GC heap after
{Heap after GC invocations=76 (full 0):
 garbage-first heap   total 512000K, used 294101K [0x0000000700000000, 0x0000000800000000)
  region size 2048K, 1 young (2048K), 1 survivors (2048K)
 Metaspace       used 130726K, committed 132160K, reserved 1179648K
  class space    used 17830K, committed 18496K, reserved 1048576K
}
Event: 176.220 GC heap before
{Heap before GC invocations=77 (full 0):
 garbage-first heap   total 534528K, used 529621K [0x0000000700000000, 0x0000000800000000)
  region size 2048K, 30 young (61440K), 1 survivors (2048K)
 Metaspace       used 133030K, committed 134528K, reserved 1179648K
  class space    used 18148K, committed 18816K, reserved 1048576K
}
Event: 176.225 GC heap after
{Heap after GC invocations=78 (full 0):
 garbage-first heap   total 540672K, used 258053K [0x0000000700000000, 0x0000000800000000)
  region size 2048K, 3 young (6144K), 3 survivors (6144K)
 Metaspace       used 133030K, committed 134528K, reserved 1179648K
  class space    used 18148K, committed 18816K, reserved 1048576K
}
Event: 584.923 GC heap before
{Heap before GC invocations=78 (full 0):
 garbage-first heap   total 540672K, used 278533K [0x0000000700000000, 0x0000000800000000)
  region size 2048K, 13 young (26624K), 3 survivors (6144K)
 Metaspace       used 133199K, committed 134656K, reserved 1179648K
  class space    used 18155K, committed 18816K, reserved 1048576K
}
Event: 584.931 GC heap after
{Heap after GC invocations=79 (full 0):
 garbage-first heap   total 540672K, used 233754K [0x0000000700000000, 0x0000000800000000)
  region size 2048K, 1 young (2048K), 1 survivors (2048K)
 Metaspace       used 133199K, committed 134656K, reserved 1179648K
  class space    used 18155K, committed 18816K, reserved 1048576K
}

Dll operation events (13 events):
Event: 0.011 Loaded shared library C:\Program Files\Microsoft\jdk-17.0.12.7-hotspot\bin\java.dll
Event: 0.033 Loaded shared library C:\Program Files\Microsoft\jdk-17.0.12.7-hotspot\bin\jsvml.dll
Event: 0.090 Loaded shared library C:\Program Files\Microsoft\jdk-17.0.12.7-hotspot\bin\net.dll
Event: 0.092 Loaded shared library C:\Program Files\Microsoft\jdk-17.0.12.7-hotspot\bin\nio.dll
Event: 0.097 Loaded shared library C:\Program Files\Microsoft\jdk-17.0.12.7-hotspot\bin\zip.dll
Event: 0.344 Loaded shared library C:\Program Files\Microsoft\jdk-17.0.12.7-hotspot\bin\jimage.dll
Event: 0.425 Loaded shared library C:\Program Files\Microsoft\jdk-17.0.12.7-hotspot\bin\verify.dll
Event: 0.630 Loaded shared library C:\Users\Admin\.gradle\native\c067742578af261105cb4f569cf0c3c89f3d7b1fecec35dd04571415982c5e48\windows-amd64\native-platform.dll
Event: 0.638 Loaded shared library C:\Users\Admin\.gradle\native\38dada09dfb8b06ba9b0570ebf7e218e3eb74d4ef43ca46872605cf95ebc2f47\windows-amd64\native-platform-file-events.dll
Event: 1.866 Loaded shared library C:\Program Files\Microsoft\jdk-17.0.12.7-hotspot\bin\management.dll
Event: 1.870 Loaded shared library C:\Program Files\Microsoft\jdk-17.0.12.7-hotspot\bin\management_ext.dll
Event: 2.255 Loaded shared library C:\Program Files\Microsoft\jdk-17.0.12.7-hotspot\bin\extnet.dll
Event: 2.543 Loaded shared library C:\Program Files\Microsoft\jdk-17.0.12.7-hotspot\bin\sunmscapi.dll

Deoptimization events (20 events):
Event: 948.208 Thread 0x000001b328d18060 Uncommon trap: trap_request=0xffffffd6 fr.pc=0x000001b2c99156b0 relative=0x0000000000000390
Event: 948.208 Thread 0x000001b328d18060 Uncommon trap: reason=array_check action=maybe_recompile pc=0x000001b2c99156b0 method=java.util.LinkedHashMap.valuesToArray([Ljava/lang/Object;)[Ljava/lang/Object; @ 25 c2
Event: 948.208 Thread 0x000001b328d18060 DEOPT PACKING pc=0x000001b2c99156b0 sp=0x00000081809f6530
Event: 948.209 Thread 0x000001b328d18060 DEOPT UNPACKING pc=0x000001b2c85f69a3 sp=0x00000081809f64d8 mode 2
Event: 948.209 Thread 0x000001b328d18060 Uncommon trap: trap_request=0xffffffd6 fr.pc=0x000001b2c99156b0 relative=0x0000000000000390
Event: 948.209 Thread 0x000001b328d18060 Uncommon trap: reason=array_check action=maybe_recompile pc=0x000001b2c99156b0 method=java.util.LinkedHashMap.valuesToArray([Ljava/lang/Object;)[Ljava/lang/Object; @ 25 c2
Event: 948.209 Thread 0x000001b328d18060 DEOPT PACKING pc=0x000001b2c99156b0 sp=0x00000081809f6530
Event: 948.209 Thread 0x000001b328d18060 DEOPT UNPACKING pc=0x000001b2c85f69a3 sp=0x00000081809f64d8 mode 2
Event: 948.229 Thread 0x000001b328d18060 Uncommon trap: trap_request=0xffffffde fr.pc=0x000001b2c93a92d8 relative=0x00000000000008d8
Event: 948.229 Thread 0x000001b328d18060 Uncommon trap: reason=class_check action=maybe_recompile pc=0x000001b2c93a92d8 method=org.gradle.internal.Actions$CompositeAction.execute(Ljava/lang/Object;)V @ 4 c2
Event: 948.229 Thread 0x000001b328d18060 DEOPT PACKING pc=0x000001b2c93a92d8 sp=0x00000081809f84a0
Event: 948.229 Thread 0x000001b328d18060 DEOPT UNPACKING pc=0x000001b2c85f69a3 sp=0x00000081809f8470 mode 2
Event: 948.231 Thread 0x000001b328d18060 Uncommon trap: trap_request=0xffffffde fr.pc=0x000001b2c93a92d8 relative=0x00000000000008d8
Event: 948.231 Thread 0x000001b328d18060 Uncommon trap: reason=class_check action=maybe_recompile pc=0x000001b2c93a92d8 method=org.gradle.internal.Actions$CompositeAction.execute(Ljava/lang/Object;)V @ 4 c2
Event: 948.231 Thread 0x000001b328d18060 DEOPT PACKING pc=0x000001b2c93a92d8 sp=0x00000081809f84a0
Event: 948.231 Thread 0x000001b328d18060 DEOPT UNPACKING pc=0x000001b2c85f69a3 sp=0x00000081809f8470 mode 2
Event: 948.232 Thread 0x000001b328d18060 Uncommon trap: trap_request=0xffffffde fr.pc=0x000001b2c9274570 relative=0x0000000000001230
Event: 948.232 Thread 0x000001b328d18060 Uncommon trap: reason=class_check action=maybe_recompile pc=0x000001b2c9274570 method=org.gradle.api.internal.attributes.DefaultMutableAttributeContainer.realizeAllLazyAttributes()V @ 4 c2
Event: 948.232 Thread 0x000001b328d18060 DEOPT PACKING pc=0x000001b2c9274570 sp=0x00000081809f8470
Event: 948.232 Thread 0x000001b328d18060 DEOPT UNPACKING pc=0x000001b2c85f69a3 sp=0x00000081809f8418 mode 2

Classes loaded (20 events):
Event: 174.700 Loading class sun/security/rsa/RSACore$BlindingParameters
Event: 174.700 Loading class sun/security/rsa/RSACore$BlindingParameters done
Event: 174.700 Loading class sun/security/jca/JCAUtil$CachedSecureRandomHolder
Event: 174.700 Loading class sun/security/jca/JCAUtil$CachedSecureRandomHolder done
Event: 174.702 Loading class sun/security/rsa/RSACore$BlindingRandomPair
Event: 174.702 Loading class sun/security/rsa/RSACore$BlindingRandomPair done
Event: 174.708 Loading class java/nio/BufferUnderflowException
Event: 174.708 Loading class java/nio/BufferUnderflowException done
Event: 174.708 Loading class java/security/DigestException
Event: 174.708 Loading class java/security/DigestException done
Event: 174.708 Loading class java/security/spec/InvalidKeySpecException
Event: 174.708 Loading class java/security/spec/InvalidKeySpecException done
Event: 174.709 Loading class java/security/InvalidAlgorithmParameterException
Event: 174.709 Loading class java/security/InvalidAlgorithmParameterException done
Event: 175.470 Loading class java/nio/BufferOverflowException
Event: 175.470 Loading class java/nio/BufferOverflowException done
Event: 175.471 Loading class java/security/spec/MGF1ParameterSpec
Event: 175.471 Loading class java/security/spec/MGF1ParameterSpec done
Event: 175.472 Loading class java/util/concurrent/ForkJoinTask$AdaptedRunnableAction
Event: 175.472 Loading class java/util/concurrent/ForkJoinTask$AdaptedRunnableAction done

Classes unloaded (11 events):
Event: 172.219 Thread 0x000001b2dca544e0 Unloading class 0x000001b2deceec00 'java/lang/invoke/LambdaForm$DMH+0x000001b2deceec00'
Event: 172.219 Thread 0x000001b2dca544e0 Unloading class 0x000001b2decee800 'java/lang/invoke/LambdaForm$DMH+0x000001b2decee800'
Event: 172.219 Thread 0x000001b2dca544e0 Unloading class 0x000001b2decee000 'java/lang/invoke/LambdaForm$DMH+0x000001b2decee000'
Event: 172.219 Thread 0x000001b2dca544e0 Unloading class 0x000001b2decee400 'java/lang/invoke/LambdaForm$DMH+0x000001b2decee400'
Event: 172.219 Thread 0x000001b2dca544e0 Unloading class 0x000001b2decedc00 'java/lang/invoke/LambdaForm$DMH+0x000001b2decedc00'
Event: 172.219 Thread 0x000001b2dca544e0 Unloading class 0x000001b2deced400 'java/lang/invoke/LambdaForm$DMH+0x000001b2deced400'
Event: 172.219 Thread 0x000001b2dca544e0 Unloading class 0x000001b2decec800 'java/lang/invoke/LambdaForm$DMH+0x000001b2decec800'
Event: 172.219 Thread 0x000001b2dca544e0 Unloading class 0x000001b2decec400 'java/lang/invoke/LambdaForm$DMH+0x000001b2decec400'
Event: 172.219 Thread 0x000001b2dca544e0 Unloading class 0x000001b2deced000 'java/lang/invoke/LambdaForm$DMH+0x000001b2deced000'
Event: 172.219 Thread 0x000001b2dca544e0 Unloading class 0x000001b2deced800 'java/lang/invoke/LambdaForm$DMH+0x000001b2deced800'
Event: 172.219 Thread 0x000001b2dca544e0 Unloading class 0x000001b2dececc00 'java/lang/invoke/LambdaForm$DMH+0x000001b2dececc00'

Classes redefined (0 events):
No events

Internal exceptions (20 events):
Event: 172.929 Thread 0x000001b326a8ad60 Exception <a 'java/lang/NoSuchMethodError'{0x000000071d2f7b48}: static Lcom/android/build/api/variant/impl/VariantOutputConfigurationImpl;.<clinit>()V> (0x000000071d2f7b48) 
thrown [s\src\hotspot\share\prims\jni.cpp, line 1112]
Event: 173.126 Thread 0x000001b326a88f00 Exception <a 'sun/nio/fs/WindowsException'{0x000000071d1b7950}> (0x000000071d1b7950) 
thrown [s\src\hotspot\share\prims\jni.cpp, line 516]
Event: 173.257 Thread 0x000001b326a88f00 Exception <a 'java/lang/NoSuchMethodError'{0x000000071ce6b6e0}: 'java.lang.Object java.lang.invoke.DirectMethodHandle$Holder.newInvokeSpecial(java.lang.Object, java.lang.Object, java.lang.Object, java.lang.Object, java.lang.Object, int, java.lang.Object)'> (0x000000071ce6b6e0) 
thrown [s\src\hotspot\share\interpreter\linkResolver.cpp, line 759]
Event: 173.257 Thread 0x000001b326a88f00 Exception <a 'java/lang/NoSuchMethodError'{0x000000071ce74718}: 'java.lang.Object java.lang.invoke.Invokers$Holder.linkToTargetMethod(java.lang.Object, java.lang.Object, java.lang.Object, java.lang.Object, int, java.lang.Object, java.lang.Object)'> (0x000000071ce74718) 
thrown [s\src\hotspot\share\interpreter\linkResolver.cpp, line 759]
Event: 173.268 Thread 0x000001b326a88f00 Exception <a 'java/lang/NoSuchMethodError'{0x000000071cf01dd0}: 'java.lang.Object java.lang.invoke.DirectMethodHandle$Holder.newInvokeSpecial(java.lang.Object, java.lang.Object, java.lang.Object, java.lang.Object, java.lang.Object, java.lang.Object, java.lang.Object, int)'> (0x000000071cf01dd0) 
thrown [s\src\hotspot\share\interpreter\linkResolver.cpp, line 759]
Event: 173.269 Thread 0x000001b326a88f00 Exception <a 'java/lang/NoSuchMethodError'{0x000000071cf07648}: 'java.lang.Object java.lang.invoke.DirectMethodHandle$Holder.invokeSpecial(java.lang.Object, java.lang.Object, java.lang.Object, java.lang.Object, java.lang.Object, java.lang.Object, java.lang.Object, java.lang.Object, int)'> (0x000000071cf07648) 
thrown [s\src\hotspot\share\interpreter\linkResolver.cpp, line 759]
Event: 173.269 Thread 0x000001b326a88f00 Exception <a 'java/lang/NoSuchMethodError'{0x000000071cf0c5e8}: 'java.lang.Object java.lang.invoke.Invokers$Holder.linkToTargetMethod(java.lang.Object, java.lang.Object, java.lang.Object, java.lang.Object, java.lang.Object, java.lang.Object, int, java.lang.Object)'> (0x000000071cf0c5e8) 
thrown [s\src\hotspot\share\interpreter\linkResolver.cpp, line 759]
Event: 174.445 Thread 0x000001b326a88f00 Exception <a 'java/lang/NoSuchMethodError'{0x000000071cabcfd8}: 'java.lang.Object java.lang.invoke.Invokers$Holder.invoke_MT(java.lang.Object, java.lang.Object, java.lang.Object)'> (0x000000071cabcfd8) 
thrown [s\src\hotspot\share\interpreter\linkResolver.cpp, line 759]
Event: 174.697 Thread 0x000001b326a88f00 Implicit null exception at 0x000001b2c9568e96 to 0x000001b2c956900c
Event: 176.072 Thread 0x000001b326a88f00 Exception <a 'java/lang/NoSuchMethodError'{0x000000071b94c710}: 'java.lang.Object java.lang.invoke.DirectMethodHandle$Holder.invokeVirtual(java.lang.Object, java.lang.Object, int)'> (0x000000071b94c710) 
thrown [s\src\hotspot\share\interpreter\linkResolver.cpp, line 759]
Event: 176.073 Thread 0x000001b326a88f00 Implicit null exception at 0x000001b2c8d1cf4e to 0x000001b2c8d1cf74
Event: 176.225 Thread 0x000001b326a8ad60 Exception <a 'java/lang/ClassNotFoundException'{0x0000000720827a08}: com/android/build/gradle/tasks/PackageApplication_DecoratedBeanInfo> (0x0000000720827a08) 
thrown [s\src\hotspot\share\classfile\systemDictionary.cpp, line 256]
Event: 176.226 Thread 0x000001b326a8ad60 Exception <a 'java/lang/ClassNotFoundException'{0x000000072082e830}: com/android/build/gradle/tasks/PackageApplicationBeanInfo> (0x000000072082e830) 
thrown [s\src\hotspot\share\classfile\systemDictionary.cpp, line 256]
Event: 176.226 Thread 0x000001b326a8ad60 Exception <a 'java/lang/ClassNotFoundException'{0x00000007208356a0}: com/android/build/gradle/tasks/PackageAndroidArtifactBeanInfo> (0x00000007208356a0) 
thrown [s\src\hotspot\share\classfile\systemDictionary.cpp, line 256]
Event: 176.226 Thread 0x000001b326a8ad60 Exception <a 'java/lang/ClassNotFoundException'{0x000000072083ca70}: com/android/build/gradle/tasks/PackageAndroidArtifactCustomizer> (0x000000072083ca70) 
thrown [s\src\hotspot\share\classfile\systemDictionary.cpp, line 256]
Event: 176.227 Thread 0x000001b326a8ad60 Exception <a 'java/lang/ClassNotFoundException'{0x0000000720893568}: com/android/build/gradle/tasks/PackageApplicationCustomizer> (0x0000000720893568) 
thrown [s\src\hotspot\share\classfile\systemDictionary.cpp, line 256]
Event: 176.227 Thread 0x000001b326a8ad60 Exception <a 'java/lang/ClassNotFoundException'{0x00000007208b6ee0}: com/android/build/gradle/tasks/PackageApplication_DecoratedCustomizer> (0x00000007208b6ee0) 
thrown [s\src\hotspot\share\classfile\systemDictionary.cpp, line 256]
Event: 176.228 Thread 0x000001b326a8ad60 Implicit null exception at 0x000001b2c96c79ac to 0x000001b2c96c984c
Event: 176.229 Thread 0x000001b326a8ad60 Exception <a 'java/lang/ClassNotFoundException'{0x000000072094ef20}: com/android/build/OutputFileBeanInfo> (0x000000072094ef20) 
thrown [s\src\hotspot\share\classfile\systemDictionary.cpp, line 256]
Event: 176.229 Thread 0x000001b326a8ad60 Exception <a 'java/lang/ClassNotFoundException'{0x0000000720954f00}: com/android/build/OutputFileCustomizer> (0x0000000720954f00) 
thrown [s\src\hotspot\share\classfile\systemDictionary.cpp, line 256]

VM Operations (20 events):
Event: 640.446 Executing VM operation: Cleanup
Event: 640.446 Executing VM operation: Cleanup done
Event: 645.501 Executing VM operation: Cleanup
Event: 645.501 Executing VM operation: Cleanup done
Event: 672.752 Executing VM operation: Cleanup
Event: 672.752 Executing VM operation: Cleanup done
Event: 689.890 Executing VM operation: Cleanup
Event: 689.890 Executing VM operation: Cleanup done
Event: 694.950 Executing VM operation: Cleanup
Event: 694.950 Executing VM operation: Cleanup done
Event: 713.109 Executing VM operation: Cleanup
Event: 713.109 Executing VM operation: Cleanup done
Event: 853.422 Executing VM operation: Cleanup
Event: 853.422 Executing VM operation: Cleanup done
Event: 872.600 Executing VM operation: Cleanup
Event: 872.600 Executing VM operation: Cleanup done
Event: 882.728 Executing VM operation: Cleanup
Event: 882.728 Executing VM operation: Cleanup done
Event: 891.831 Executing VM operation: Cleanup
Event: 891.832 Executing VM operation: Cleanup done

Events (20 events):
Event: 948.245 Thread 0x000001b328d18a80 Thread added: 0x000001b328d18a80
Event: 948.245 Thread 0x000001b328d1db80 Thread added: 0x000001b328d1db80
Event: 948.245 Thread 0x000001b328d1e5a0 Thread added: 0x000001b328d1e5a0
Event: 948.245 Thread 0x000001b328d20400 Thread added: 0x000001b328d20400
Event: 948.245 Thread 0x000001b328d1cc50 Thread added: 0x000001b328d1cc50
Event: 948.245 Thread 0x000001b328d18f90 Thread added: 0x000001b328d18f90
Event: 948.245 Thread 0x000001b328d1e090 Thread added: 0x000001b328d1e090
Event: 948.245 Thread 0x000001b328d21d50 Thread added: 0x000001b328d21d50
Event: 948.245 Thread 0x000001b328d24ae0 Thread added: 0x000001b328d24ae0
Event: 948.247 Thread 0x000001b328d1eab0 Thread added: 0x000001b328d1eab0
Event: 948.282 Thread 0x000001b328d27360 Thread added: 0x000001b328d27360
Event: 948.282 Thread 0x000001b328d236a0 Thread added: 0x000001b328d236a0
Event: 948.282 Thread 0x000001b328d22770 Thread added: 0x000001b328d22770
Event: 948.282 Thread 0x000001b328d21840 Thread added: 0x000001b328d21840
Event: 948.282 Thread 0x000001b328d20910 Thread added: 0x000001b328d20910
Event: 948.282 Thread 0x000001b328d26430 Thread added: 0x000001b328d26430
Event: 948.282 Thread 0x000001b328d20e20 Thread added: 0x000001b328d20e20
Event: 948.282 Thread 0x000001b328d21330 Thread added: 0x000001b328d21330
Event: 948.282 Thread 0x000001b328d26940 Thread added: 0x000001b328d26940
Event: 948.282 Thread 0x000001b328d22260 Thread added: 0x000001b328d22260


Dynamic libraries:
0x00007ff6ac460000 - 0x00007ff6ac46e000 	C:\Program Files\Microsoft\jdk-17.0.12.7-hotspot\bin\java.exe
0x00007ff988490000 - 0x00007ff9886a7000 	C:\Windows\SYSTEM32\ntdll.dll
0x00007ff987590000 - 0x00007ff987654000 	C:\Windows\System32\KERNEL32.DLL
0x00007ff985910000 - 0x00007ff985cc7000 	C:\Windows\System32\KERNELBASE.dll
0x00007ff985fd0000 - 0x00007ff9860e1000 	C:\Windows\System32\ucrtbase.dll
0x00007ff9633b0000 - 0x00007ff9633c7000 	C:\Program Files\Microsoft\jdk-17.0.12.7-hotspot\bin\jli.dll
0x00007ff980390000 - 0x00007ff9803ad000 	C:\Program Files\Microsoft\jdk-17.0.12.7-hotspot\bin\VCRUNTIME140.dll
0x00007ff987220000 - 0x00007ff9873cf000 	C:\Windows\System32\USER32.dll
0x00007ff9860f0000 - 0x00007ff986116000 	C:\Windows\System32\win32u.dll
0x00007ff987830000 - 0x00007ff987859000 	C:\Windows\System32\GDI32.dll
0x00007ff985e30000 - 0x00007ff985f48000 	C:\Windows\System32\gdi32full.dll
0x00007ff967dc0000 - 0x00007ff968053000 	C:\Windows\WinSxS\amd64_microsoft.windows.common-controls_6595b64144ccf1df_6.0.22621.3672_none_2713b9d173822955\COMCTL32.dll
0x00007ff985cd0000 - 0x00007ff985d6a000 	C:\Windows\System32\msvcp_win.dll
0x00007ff987eb0000 - 0x00007ff987f57000 	C:\Windows\System32\msvcrt.dll
0x00007ff987660000 - 0x00007ff987691000 	C:\Windows\System32\IMM32.DLL
0x00007ff980930000 - 0x00007ff98093c000 	C:\Program Files\Microsoft\jdk-17.0.12.7-hotspot\bin\vcruntime140_1.dll
0x00007ff936e30000 - 0x00007ff936ebd000 	C:\Program Files\Microsoft\jdk-17.0.12.7-hotspot\bin\msvcp140.dll
0x00007ff91dee0000 - 0x00007ff91eb50000 	C:\Program Files\Microsoft\jdk-17.0.12.7-hotspot\bin\server\jvm.dll
0x00007ff987770000 - 0x00007ff987822000 	C:\Windows\System32\ADVAPI32.dll
0x00007ff988270000 - 0x00007ff988318000 	C:\Windows\System32\sechost.dll
0x00007ff986120000 - 0x00007ff986148000 	C:\Windows\System32\bcrypt.dll
0x00007ff986890000 - 0x00007ff9869a4000 	C:\Windows\System32\RPCRT4.dll
0x00007ff988370000 - 0x00007ff9883e1000 	C:\Windows\System32\WS2_32.dll
0x00007ff985670000 - 0x00007ff9856bd000 	C:\Windows\SYSTEM32\POWRPROF.dll
0x00007ff97db10000 - 0x00007ff97db44000 	C:\Windows\SYSTEM32\WINMM.dll
0x00007ff97a0f0000 - 0x00007ff97a0fa000 	C:\Windows\SYSTEM32\VERSION.dll
0x00007ff985650000 - 0x00007ff985663000 	C:\Windows\SYSTEM32\UMPDC.dll
0x00007ff9847b0000 - 0x00007ff9847c8000 	C:\Windows\SYSTEM32\kernel.appcore.dll
0x00007ff980380000 - 0x00007ff98038a000 	C:\Program Files\Microsoft\jdk-17.0.12.7-hotspot\bin\jimage.dll
0x00007ff978d10000 - 0x00007ff978f42000 	C:\Windows\SYSTEM32\DBGHELP.DLL
0x00007ff986500000 - 0x00007ff98688e000 	C:\Windows\System32\combase.dll
0x00007ff987860000 - 0x00007ff987937000 	C:\Windows\System32\OLEAUT32.dll
0x00007ff970670000 - 0x00007ff9706a2000 	C:\Windows\SYSTEM32\dbgcore.DLL
0x00007ff985f50000 - 0x00007ff985fcb000 	C:\Windows\System32\bcryptPrimitives.dll
0x00007ff963380000 - 0x00007ff9633a5000 	C:\Program Files\Microsoft\jdk-17.0.12.7-hotspot\bin\java.dll
0x00007ff931ba0000 - 0x00007ff931c77000 	C:\Program Files\Microsoft\jdk-17.0.12.7-hotspot\bin\jsvml.dll
0x00007ff9869b0000 - 0x00007ff987219000 	C:\Windows\System32\SHELL32.dll
0x00007ff9836c0000 - 0x00007ff983fbf000 	C:\Windows\SYSTEM32\windows.storage.dll
0x00007ff983580000 - 0x00007ff9836bf000 	C:\Windows\SYSTEM32\wintypes.dll
0x00007ff987f60000 - 0x00007ff988059000 	C:\Windows\System32\SHCORE.dll
0x00007ff988210000 - 0x00007ff98826e000 	C:\Windows\System32\shlwapi.dll
0x00007ff9856d0000 - 0x00007ff9856f7000 	C:\Windows\SYSTEM32\profapi.dll
0x00007ff960e60000 - 0x00007ff960e7a000 	C:\Program Files\Microsoft\jdk-17.0.12.7-hotspot\bin\net.dll
0x00007ff97dfa0000 - 0x00007ff97e0d6000 	C:\Windows\SYSTEM32\WINHTTP.dll
0x00007ff984c10000 - 0x00007ff984c79000 	C:\Windows\system32\mswsock.dll
0x00007ff960c00000 - 0x00007ff960c16000 	C:\Program Files\Microsoft\jdk-17.0.12.7-hotspot\bin\nio.dll
0x00007ff960b30000 - 0x00007ff960b48000 	C:\Program Files\Microsoft\jdk-17.0.12.7-hotspot\bin\zip.dll
0x00007ff968600000 - 0x00007ff968610000 	C:\Program Files\Microsoft\jdk-17.0.12.7-hotspot\bin\verify.dll
0x00007ff95dec0000 - 0x00007ff95dee7000 	C:\Users\Admin\.gradle\native\c067742578af261105cb4f569cf0c3c89f3d7b1fecec35dd04571415982c5e48\windows-amd64\native-platform.dll
0x00007ff92aca0000 - 0x00007ff92ade4000 	C:\Users\Admin\.gradle\native\38dada09dfb8b06ba9b0570ebf7e218e3eb74d4ef43ca46872605cf95ebc2f47\windows-amd64\native-platform-file-events.dll
0x00007ff967140000 - 0x00007ff96714a000 	C:\Program Files\Microsoft\jdk-17.0.12.7-hotspot\bin\management.dll
0x00007ff965f40000 - 0x00007ff965f4b000 	C:\Program Files\Microsoft\jdk-17.0.12.7-hotspot\bin\management_ext.dll
0x00007ff987ea0000 - 0x00007ff987ea8000 	C:\Windows\System32\PSAPI.DLL
0x00007ff984f60000 - 0x00007ff984f7b000 	C:\Windows\SYSTEM32\CRYPTSP.dll
0x00007ff984710000 - 0x00007ff984745000 	C:\Windows\system32\rsaenh.dll
0x00007ff984cb0000 - 0x00007ff984cd8000 	C:\Windows\SYSTEM32\USERENV.dll
0x00007ff984f40000 - 0x00007ff984f4c000 	C:\Windows\SYSTEM32\CRYPTBASE.dll
0x00007ff984260000 - 0x00007ff98428d000 	C:\Windows\SYSTEM32\IPHLPAPI.DLL
0x00007ff986320000 - 0x00007ff986329000 	C:\Windows\System32\NSI.dll
0x00007ff97daf0000 - 0x00007ff97db09000 	C:\Windows\SYSTEM32\dhcpcsvc6.DLL
0x00007ff97d980000 - 0x00007ff97d99f000 	C:\Windows\SYSTEM32\dhcpcsvc.DLL
0x00007ff984290000 - 0x00007ff984392000 	C:\Windows\SYSTEM32\DNSAPI.dll
0x00007ff963370000 - 0x00007ff963379000 	C:\Program Files\Microsoft\jdk-17.0.12.7-hotspot\bin\extnet.dll
0x00007ff960e50000 - 0x00007ff960e5e000 	C:\Program Files\Microsoft\jdk-17.0.12.7-hotspot\bin\sunmscapi.dll
0x00007ff9857a0000 - 0x00007ff985906000 	C:\Windows\System32\CRYPT32.dll
0x00007ff984ff0000 - 0x00007ff98501d000 	C:\Windows\SYSTEM32\ncrypt.dll
0x00007ff984fa0000 - 0x00007ff984fd7000 	C:\Windows\SYSTEM32\NTASN1.dll
0x00007ff9187f0000 - 0x00007ff9187f8000 	C:\Windows\system32\wshunix.dll

dbghelp: loaded successfully - version: 4.0.5 - missing functions: none
symbol engine: initialized successfully - sym options: 0x614 - pdb path: .;C:\Program Files\Microsoft\jdk-17.0.12.7-hotspot\bin;C:\Windows\SYSTEM32;C:\Windows\WinSxS\amd64_microsoft.windows.common-controls_6595b64144ccf1df_6.0.22621.3672_none_2713b9d173822955;C:\Program Files\Microsoft\jdk-17.0.12.7-hotspot\bin\server;C:\Users\Admin\.gradle\native\c067742578af261105cb4f569cf0c3c89f3d7b1fecec35dd04571415982c5e48\windows-amd64;C:\Users\Admin\.gradle\native\38dada09dfb8b06ba9b0570ebf7e218e3eb74d4ef43ca46872605cf95ebc2f47\windows-amd64

VM Arguments:
jvm_args: --add-opens=java.base/java.util=ALL-UNNAMED --add-opens=java.base/java.lang=ALL-UNNAMED --add-opens=java.base/java.lang.invoke=ALL-UNNAMED --add-opens=java.prefs/java.util.prefs=ALL-UNNAMED --add-opens=java.base/java.nio.charset=ALL-UNNAMED --add-opens=java.base/java.net=ALL-UNNAMED --add-opens=java.base/java.util.concurrent.atomic=ALL-UNNAMED -Xmx4G -Dfile.encoding=windows-1252 -Duser.country=US -Duser.language=en -Duser.variant 
java_command: org.gradle.launcher.daemon.bootstrap.GradleDaemon 7.6.3
java_class_path (initial): C:\Users\Admin\.gradle\wrapper\dists\gradle-7.6.3-all\aocdy2d2z8kodnny3rsumj8i8\gradle-7.6.3\lib\gradle-launcher-7.6.3.jar
Launcher Type: SUN_STANDARD

[Global flags]
     intx CICompilerCount                          = 4                                         {product} {ergonomic}
     uint ConcGCThreads                            = 3                                         {product} {ergonomic}
     uint G1ConcRefinementThreads                  = 10                                        {product} {ergonomic}
   size_t G1HeapRegionSize                         = 2097152                                   {product} {ergonomic}
    uintx GCDrainStackTargetSize                   = 64                                        {product} {ergonomic}
   size_t InitialHeapSize                          = 260046848                                 {product} {ergonomic}
   size_t MarkStackSize                            = 4194304                                   {product} {ergonomic}
   size_t MaxHeapSize                              = 4294967296                                {product} {command line}
   size_t MaxNewSize                               = 2575302656                                {product} {ergonomic}
   size_t MinHeapDeltaBytes                        = 2097152                                   {product} {ergonomic}
   size_t MinHeapSize                              = 8388608                                   {product} {ergonomic}
    uintx NonNMethodCodeHeapSize                   = 5839372                                {pd product} {ergonomic}
    uintx NonProfiledCodeHeapSize                  = 122909434                              {pd product} {ergonomic}
    uintx ProfiledCodeHeapSize                     = 122909434                              {pd product} {ergonomic}
    uintx ReservedCodeCacheSize                    = 251658240                              {pd product} {ergonomic}
     bool SegmentedCodeCache                       = true                                      {product} {ergonomic}
   size_t SoftMaxHeapSize                          = 4294967296                             {manageable} {ergonomic}
     bool UseCompressedClassPointers               = true                           {product lp64_product} {ergonomic}
     bool UseCompressedOops                        = true                           {product lp64_product} {ergonomic}
     bool UseG1GC                                  = true                                      {product} {ergonomic}
     bool UseLargePagesIndividualAllocation        = false                                  {pd product} {ergonomic}

Logging:
Log output configuration:
 #0: stdout all=warning uptime,level,tags
 #1: stderr all=off uptime,level,tags

Environment Variables:
JAVA_HOME=C:\Program Files\Microsoft\jdk-17.0.12.7-hotspot
CLASSPATH=C:\Users\Admin\Desktop\ALL Plants Disease\FLUTTERAPP\mamatay\argivysor\android\\gradle\wrapper\gradle-wrapper.jar
PATH=C:\Program Files\Microsoft\jdk-17.0.12.7-hotspot\bin;C:\Android\emulator;C:\Program Files\Microsoft\jdk-17.0.12.7-hotspot\bin;C:\Android\cmdline-tools\latest\bin;C:\Android\platform-tools;C:\Windows\system32;C:\Windows;C:\Windows\System32\Wbem;C:\Windows\System32\WindowsPowerShell\v1.0\;C:\Windows\System32\OpenSSH\;C:\Users\Admin\AppData\Local\Microsoft\WindowsApps;C:\Users\Admin\AppData\Local\spicetify;C:\adb;C:\Program Files\dotnet\;C:\ProgramData\chocolatey\bin;C:\Program Files\GitHub CLI\;C:\ffmpeg\bin\;C:\Program Files (x86)\cloudflared\;C:\Program Files\Git\cmd;%ANDROID_HOME%\tools;%ANDROID_HOME%\tools\bin;%ANDROID_HOME%\platform-tools;C:\Users\Admin\miniconda3;C:\Users\Admin\miniconda3\Library\mingw-w64\bin;C:\Users\Admin\miniconda3\Library\usr\bin;C:\Users\Admin\miniconda3\Library\bin;C:\Users\Admin\miniconda3\Scripts;C:\Users\Admin\AppData\Local\Programs\Python\Python312\Scripts\;C:\Users\Admin\AppData\Local\Programs\Python\Python312\;C:\Users\Admin\AppData\Local\Microsoft\WinGet\Links;C:\tools\dart-sdk\bin;C:\Users\Admin\AppData\Local\Pub\Cache\bin;C:;%ANDROID_HOME%\emulator;C:\Program Files\Microsoft\jdk-17.0.12.7-hotspot\bin;%FLUTTER_HOME%\bin;C:\Program Files\Microsoft\jdk-17.0.12.7-hotspot\bin\;C:\Windows\system32;C:\Windows;C:\Windows\System32\Wbem;C:\Windows\System32\WindowsPowerShell\v1.0\;C:\Windows\System32\OpenSSH\;C:\Users\Admin\AppData\Local\Microsoft\WindowsApps;C:\Users\Admin\AppData\Local\spicetify;C:\adb;C:\Program Files\dotnet\;C:\ProgramData\chocolatey\bin;C:\Program Files\GitHub CLI\;C:\ffmpeg\bin\;C:\Program Files (x86)\cloudflared\;C:\Program Files\Git\cmd;%ANDROID_HOME%\tools;%ANDROID_HOME%\tools\bin;%ANDROID_HOME%\platform-tools;C:\Users\Admin\miniconda3;C:\Users\Admin\miniconda3\Library\mingw-w64\bin;C:\Users\Admin\miniconda3\Library\usr\bin;C:\Users\Admin\miniconda3\Library\bin;C:\Users\Admin\miniconda3\Scripts;C:\Users\Admin\AppData\Local\Programs\Python\Python312\Scripts\;C:\Users\Admin\AppData\Local\Programs\Python\Python312\;
USERNAME=Admin
OS=Windows_NT
PROCESSOR_IDENTIFIER=AMD64 Family 23 Model 96 Stepping 1, AuthenticAMD
TMP=C:\Users\Admin\AppData\Local\Temp
TEMP=C:\Users\Admin\AppData\Local\Temp



Periodic native trim disabled


---------------  S Y S T E M  ---------------

OS:
 Windows 11 , 64 bit Build 22621 (10.0.22621.3958)
OS uptime: 0 days 2:45 hours
Hyper-V role detected

CPU: total 12 (initial active 12) (12 cores per cpu, 2 threads per core) family 23 model 96 stepping 1 microcode 0x0, cx8, cmov, fxsr, ht, mmx, 3dnowpref, sse, sse2, sse3, ssse3, sse4a, sse4.1, sse4.2, popcnt, lzcnt, tsc, tscinvbit, avx, avx2, aes, clmul, bmi1, bmi2, adx, sha, fma, vzeroupper, clflush, clflushopt, hv
Processor Information for the first 12 processors :
  Max Mhz: 3701, Current Mhz: 3701, Mhz Limit: 3701

Memory: 4k page, system-wide physical 15761M (811M free)
TotalPageFile size 19761M (AvailPageFile size 247M)
current process WorkingSet (physical memory assigned to process): 838M, peak: 899M
current process commit charge ("private bytes"): 953M, peak: 1029M

vm_info: OpenJDK 64-Bit Server VM (17.0.12+7-LTS) for windows-amd64 JRE (17.0.12+7-LTS), built on Jul 16 2024 18:11:44 by "MicrosoftCorporation" with unknown MS VC++:1939

END.
