#
# There is insufficient memory for the Java Runtime Environment to continue.
# Native memory allocation (mmap) failed to map 260046848 bytes. Error detail: G1 virtual space
# Possible reasons:
#   The system is out of physical RAM or swap space
#   This process is running with CompressedOops enabled, and the Java Heap may be blocking the growth of the native heap
# Possible solutions:
#   Reduce memory load on the system
#   Increase physical memory or swap space
#   Check if swap backing store is full
#   Decrease Java heap size (-Xmx/-Xms)
#   Decrease number of Java threads
#   Decrease Java thread stack sizes (-Xss)
#   Set larger code cache with -XX:ReservedCodeCacheSize=
#   JVM is running with Zero Based Compressed Oops mode in which the Java heap is
#     placed in the first 32GB address space. The Java Heap base address is the
#     maximum limit for the native heap growth. Please use -XX:HeapBaseMinAddress
#     to set the Java Heap base and to place the Java Heap above 32GB virtual address.
# This output file may be truncated or incomplete.
#
#  Out of Memory Error (os_windows.cpp:3678), pid=19744, tid=11204
#
# JRE version:  (17.0.12+7) (build )
# Java VM: OpenJDK 64-Bit Server VM (17.0.12+7-LTS, mixed mode, sharing, tiered, compressed oops, compressed class ptrs, g1 gc, windows-amd64)
# No core dump will be written. Minidumps are not enabled by default on client versions of Windows
#

---------------  S U M M A R Y ------------

Command Line: -Dorg.gradle.appname=gradlew org.gradle.wrapper.GradleWrapperMain -q -Ptarget-platform=android-arm,android-arm64,android-x64 -Ptarget=lib\main.dart -Pbase-application-name=android.app.Application -Pdart-obfuscation=false -Ptrack-widget-creation=true -Ptree-shake-icons=false assembleDebug

Host: AMD Ryzen 5 4600G with Radeon Graphics, 12 cores, 15G,  Windows 11 , 64 bit Build 22621 (10.0.22621.3958)
Time: Mon Oct 21 00:38:32 2024 China Standard Time elapsed time: 0.010778 seconds (0d 0h 0m 0s)

---------------  T H R E A D  ---------------

Current thread (0x0000023e3ad5c5e0):  JavaThread "Unknown thread" [_thread_in_vm, id=11204, stack(0x000000916b000000,0x000000916b100000)]

Stack: [0x000000916b000000,0x000000916b100000]
Native frames: (J=compiled Java code, j=interpreted, Vv=VM code, C=native code)
V  [jvm.dll+0x686d99]
V  [jvm.dll+0x83daf8]
V  [jvm.dll+0x83f5a3]
V  [jvm.dll+0x83fc13]
V  [jvm.dll+0x2492ef]
V  [jvm.dll+0x683dd9]
V  [jvm.dll+0x6782fa]
V  [jvm.dll+0x30a797]
V  [jvm.dll+0x311d06]
V  [jvm.dll+0x36252e]
V  [jvm.dll+0x36276d]
V  [jvm.dll+0x2e1a9c]
V  [jvm.dll+0x2e29b4]
V  [jvm.dll+0x80faab]
V  [jvm.dll+0x370241]
V  [jvm.dll+0x7ee6bf]
V  [jvm.dll+0x3f6ccf]
V  [jvm.dll+0x3f87f1]
C  [jli.dll+0x5284]
C  [ucrtbase.dll+0x29333]
C  [KERNEL32.DLL+0x1257d]
C  [ntdll.dll+0x5af08]


---------------  P R O C E S S  ---------------

Threads class SMR info:
_java_thread_list=0x00007ff8afb4cf98, length=0, elements={
}

Java Threads: ( => current thread )

Other Threads:
  0x0000023e3adc9bd0 GCTaskThread "GC Thread#0" [stack: 0x000000916b100000,0x000000916b200000] [id=10892]
  0x0000023e3adda880 ConcurrentGCThread "G1 Main Marker" [stack: 0x000000916b200000,0x000000916b300000] [id=4184]
  0x0000023e3addb1a0 ConcurrentGCThread "G1 Conc#0" [stack: 0x000000916b300000,0x000000916b400000] [id=15880]

[error occurred during error reporting (printing all threads), id 0xc0000005, EXCEPTION_ACCESS_VIOLATION (0xc0000005) at pc=0x00007ff8af3025b7]

VM state: not at safepoint (not fully initialized)

VM Mutex/Monitor currently owned by a thread:  ([mutex/lock_event])
[0x0000023e3ad57270] Heap_lock - owner thread: 0x0000023e3ad5c5e0

Heap address: 0x0000000709a00000, size: 3942 MB, Compressed Oops mode: Zero based, Oop shift amount: 3

CDS archive(s) mapped at: [0x0000000000000000-0x0000000000000000-0x0000000000000000), size 0, SharedBaseAddress: 0x0000000800000000, ArchiveRelocationMode: 1.
Narrow klass base: 0x0000000000000000, Narrow klass shift: 0, Narrow klass range: 0x0

GC Precious Log:
<Empty>

Heap:
 garbage-first heap   total 0K, used 0K [0x0000000709a00000, 0x0000000800000000)
  region size 2048K, 0 young (0K), 0 survivors (0K)

[error occurred during error reporting (printing heap information), id 0xc0000005, EXCEPTION_ACCESS_VIOLATION (0xc0000005) at pc=0x00007ff8af6f0a39]

GC Heap History (0 events):
No events

Dll operation events (1 events):
Event: 0.005 Loaded shared library C:\Program Files\Microsoft\jdk-17.0.12.7-hotspot\bin\java.dll

Deoptimization events (0 events):
No events

Classes loaded (0 events):
No events

Classes unloaded (0 events):
No events

Classes redefined (0 events):
No events

Internal exceptions (0 events):
No events

VM Operations (0 events):
No events

Events (0 events):
No events


Dynamic libraries:
0x00007ff69aac0000 - 0x00007ff69aace000 	C:\Program Files\Microsoft\jdk-17.0.12.7-hotspot\bin\java.exe
0x00007ff908030000 - 0x00007ff908247000 	C:\Windows\SYSTEM32\ntdll.dll
0x00007ff9075c0000 - 0x00007ff907684000 	C:\Windows\System32\KERNEL32.DLL
0x00007ff905430000 - 0x00007ff9057e7000 	C:\Windows\System32\KERNELBASE.dll
0x00007ff9059b0000 - 0x00007ff905ac1000 	C:\Windows\System32\ucrtbase.dll
0x00007ff8ff090000 - 0x00007ff8ff0a7000 	C:\Program Files\Microsoft\jdk-17.0.12.7-hotspot\bin\jli.dll
0x00007ff8ff300000 - 0x00007ff8ff31d000 	C:\Program Files\Microsoft\jdk-17.0.12.7-hotspot\bin\VCRUNTIME140.dll
0x00007ff906210000 - 0x00007ff9063bf000 	C:\Windows\System32\USER32.dll
0x00007ff905980000 - 0x00007ff9059a6000 	C:\Windows\System32\win32u.dll
0x00007ff9061e0000 - 0x00007ff906209000 	C:\Windows\System32\GDI32.dll
0x00007ff8e8200000 - 0x00007ff8e8493000 	C:\Windows\WinSxS\amd64_microsoft.windows.common-controls_6595b64144ccf1df_6.0.22621.3672_none_2713b9d173822955\COMCTL32.dll
0x00007ff905c40000 - 0x00007ff905d58000 	C:\Windows\System32\gdi32full.dll
0x00007ff9079d0000 - 0x00007ff907a77000 	C:\Windows\System32\msvcrt.dll
0x00007ff9057f0000 - 0x00007ff90588a000 	C:\Windows\System32\msvcp_win.dll
0x00007ff907570000 - 0x00007ff9075a1000 	C:\Windows\System32\IMM32.DLL
0x00007ff8ff2f0000 - 0x00007ff8ff2fc000 	C:\Program Files\Microsoft\jdk-17.0.12.7-hotspot\bin\vcruntime140_1.dll
0x00007ff8ee220000 - 0x00007ff8ee2ad000 	C:\Program Files\Microsoft\jdk-17.0.12.7-hotspot\bin\msvcp140.dll
0x00007ff8af010000 - 0x00007ff8afc80000 	C:\Program Files\Microsoft\jdk-17.0.12.7-hotspot\bin\server\jvm.dll
0x00007ff907e20000 - 0x00007ff907ed2000 	C:\Windows\System32\ADVAPI32.dll
0x00007ff906850000 - 0x00007ff9068f8000 	C:\Windows\System32\sechost.dll
0x00007ff905950000 - 0x00007ff905978000 	C:\Windows\System32\bcrypt.dll
0x00007ff906bc0000 - 0x00007ff906cd4000 	C:\Windows\System32\RPCRT4.dll
0x00007ff907f70000 - 0x00007ff907fe1000 	C:\Windows\System32\WS2_32.dll
0x00007ff905210000 - 0x00007ff90525d000 	C:\Windows\SYSTEM32\POWRPROF.dll
0x00007ff8fd690000 - 0x00007ff8fd6c4000 	C:\Windows\SYSTEM32\WINMM.dll
0x00007ff8f9cb0000 - 0x00007ff8f9cba000 	C:\Windows\SYSTEM32\VERSION.dll
0x00007ff9051f0000 - 0x00007ff905203000 	C:\Windows\SYSTEM32\UMPDC.dll
0x00007ff9042f0000 - 0x00007ff904308000 	C:\Windows\SYSTEM32\kernel.appcore.dll
0x00007ff8ff080000 - 0x00007ff8ff08a000 	C:\Program Files\Microsoft\jdk-17.0.12.7-hotspot\bin\jimage.dll
0x00007ff8f8730000 - 0x00007ff8f8962000 	C:\Windows\SYSTEM32\DBGHELP.DLL
0x00007ff907a90000 - 0x00007ff907e1e000 	C:\Windows\System32\combase.dll
0x00007ff9063c0000 - 0x00007ff906497000 	C:\Windows\System32\OLEAUT32.dll
0x00007ff8efef0000 - 0x00007ff8eff22000 	C:\Windows\SYSTEM32\dbgcore.DLL
0x00007ff905340000 - 0x00007ff9053bb000 	C:\Windows\System32\bcryptPrimitives.dll
0x00007ff8fb450000 - 0x00007ff8fb475000 	C:\Program Files\Microsoft\jdk-17.0.12.7-hotspot\bin\java.dll

dbghelp: loaded successfully - version: 4.0.5 - missing functions: none
symbol engine: initialized successfully - sym options: 0x614 - pdb path: .;C:\Program Files\Microsoft\jdk-17.0.12.7-hotspot\bin;C:\Windows\SYSTEM32;C:\Windows\WinSxS\amd64_microsoft.windows.common-controls_6595b64144ccf1df_6.0.22621.3672_none_2713b9d173822955;C:\Program Files\Microsoft\jdk-17.0.12.7-hotspot\bin\server

VM Arguments:
jvm_args: -Dorg.gradle.appname=gradlew 
java_command: org.gradle.wrapper.GradleWrapperMain -q -Ptarget-platform=android-arm,android-arm64,android-x64 -Ptarget=lib\main.dart -Pbase-application-name=android.app.Application -Pdart-obfuscation=false -Ptrack-widget-creation=true -Ptree-shake-icons=false assembleDebug
java_class_path (initial): C:\Users\Admin\Desktop\ALL Plants Disease\FLUTTERAPP\mamatay\argivysor\android\\gradle\wrapper\gradle-wrapper.jar
Launcher Type: SUN_STANDARD

[Global flags]
     intx CICompilerCount                          = 4                                         {product} {ergonomic}
     uint ConcGCThreads                            = 3                                         {product} {ergonomic}
     uint G1ConcRefinementThreads                  = 10                                        {product} {ergonomic}
   size_t G1HeapRegionSize                         = 2097152                                   {product} {ergonomic}
    uintx GCDrainStackTargetSize                   = 64                                        {product} {ergonomic}
   size_t InitialHeapSize                          = 260046848                                 {product} {ergonomic}
   size_t MarkStackSize                            = 4194304                                   {product} {ergonomic}
   size_t MaxHeapSize                              = 4133486592                                {product} {ergonomic}
   size_t MinHeapDeltaBytes                        = 2097152                                   {product} {ergonomic}
   size_t MinHeapSize                              = 8388608                                   {product} {ergonomic}
    uintx NonNMethodCodeHeapSize                   = 5839372                                {pd product} {ergonomic}
    uintx NonProfiledCodeHeapSize                  = 122909434                              {pd product} {ergonomic}
    uintx ProfiledCodeHeapSize                     = 122909434                              {pd product} {ergonomic}
    uintx ReservedCodeCacheSize                    = 251658240                              {pd product} {ergonomic}
     bool SegmentedCodeCache                       = true                                      {product} {ergonomic}
   size_t SoftMaxHeapSize                          = 4133486592                             {manageable} {ergonomic}
     bool UseCompressedClassPointers               = true                           {product lp64_product} {ergonomic}
     bool UseCompressedOops                        = true                           {product lp64_product} {ergonomic}
     bool UseG1GC                                  = true                                      {product} {ergonomic}
     bool UseLargePagesIndividualAllocation        = false                                  {pd product} {ergonomic}

Logging:
Log output configuration:
 #0: stdout all=warning uptime,level,tags
 #1: stderr all=off uptime,level,tags

Environment Variables:
JAVA_HOME=C:\Program Files\Microsoft\jdk-17.0.12.7-hotspot
CLASSPATH=C:\Users\Admin\Desktop\ALL Plants Disease\FLUTTERAPP\mamatay\argivysor\android\\gradle\wrapper\gradle-wrapper.jar
PATH=C:\Program Files\Microsoft\jdk-17.0.12.7-hotspot\bin;C:\Users\Admin\flutter\flutter\bin\;C:\Ruby33-x64\bin;C:\Android\emulator;C:\Program Files\Microsoft\jdk-17.0.12.7-hotspot\bin;C:\Android\cmdline-tools\latest\bin;C:\Android\platform-tools;C:\Windows\system32;C:\Windows;C:\Windows\System32\Wbem;C:\Windows\System32\WindowsPowerShell\v1.0\;C:\Windows\System32\OpenSSH\;C:\Users\Admin\AppData\Local\Microsoft\WindowsApps;C:\Users\Admin\AppData\Local\spicetify;C:\adb;C:\Program Files\dotnet\;C:\ProgramData\chocolatey\bin;C:\Program Files\GitHub CLI\;C:\ffmpeg\bin\;C:\Program Files (x86)\cloudflared\;C:\Program Files\Git\cmd;%ANDROID_HOME%\tools;%ANDROID_HOME%\tools\bin;%ANDROID_HOME%\platform-tools;C:\Users\Admin\miniconda3;C:\Users\Admin\miniconda3\Library\mingw-w64\bin;C:\Users\Admin\miniconda3\Library\usr\bin;C:\Users\Admin\miniconda3\Library\bin;C:\Users\Admin\miniconda3\Scripts;C:\Users\Admin\AppData\Local\Programs\Python\Python312\Scripts\;C:\Users\Admin\AppData\Local\Programs\Python\Python312\;C:\Users\Admin\AppData\Local\Microsoft\WinGet\Links;C:\tools\dart-sdk\bin;C:\Users\Admin\AppData\Local\Pub\Cache\bin;C:;%ANDROID_HOME%\emulator;C:\Program Files\Microsoft\jdk-17.0.12.7-hotspot\bin;%FLUTTER_HOME%\bin;C:\Program Files\Microsoft\jdk-17.0.12.7-hotspot\bin\;C:\Windows\system32;C:\Windows;C:\Windows\System32\Wbem;C:\Windows\System32\WindowsPowerShell\v1.0\;C:\Windows\System32\OpenSSH\;C:\Users\Admin\AppData\Local\Microsoft\WindowsApps;C:\Users\Admin\AppData\Local\spicetify;C:\adb;C:\Program Files\dotnet\;C:\ProgramData\chocolatey\bin;C:\Program Files\GitHub CLI\;C:\ffmpeg\bin\;C:\Program Files (x86)\cloudflared\;C:\Program Files\Git\cmd;%ANDROID_HOME%\tools;%ANDROID_HOME%\tools\bin;%ANDROID_HOME%\platform-tools;C:\Users\Admin\miniconda3;C:\Users\Admin\miniconda3\Library\mingw-w64\bin;C:\Users\Admin\miniconda3\Library\usr\bin;C:\Users\Admin\miniconda3\Library\bin;C:\Users\Admin\miniconda3\Scripts;C:\Users\Admin\AppData\Local\Programs\Python\Python312\Scripts\;C:
USERNAME=Admin
LANG=en_US.UTF-8
OS=Windows_NT
PROCESSOR_IDENTIFIER=AMD64 Family 23 Model 96 Stepping 1, AuthenticAMD
TMP=C:\Users\Admin\AppData\Local\Temp
TEMP=C:\Users\Admin\AppData\Local\Temp



Periodic native trim disabled


---------------  S Y S T E M  ---------------

OS:
 Windows 11 , 64 bit Build 22621 (10.0.22621.3958)
OS uptime: 0 days 2:24 hours
Hyper-V role detected

CPU: total 12 (initial active 12) (12 cores per cpu, 2 threads per core) family 23 model 96 stepping 1 microcode 0x0, cx8, cmov, fxsr, ht, mmx, 3dnowpref, sse, sse2, sse3, ssse3, sse4a, sse4.1, sse4.2, popcnt, lzcnt, tsc, tscinvbit, avx, avx2, aes, clmul, bmi1, bmi2, adx, sha, fma, vzeroupper, clflush, clflushopt, hv
Processor Information for the first 12 processors :
  Max Mhz: 3701, Current Mhz: 3701, Mhz Limit: 3701

Memory: 4k page, system-wide physical 15761M (3671M free)
TotalPageFile size 19761M (AvailPageFile size 231M)
current process WorkingSet (physical memory assigned to process): 11M, peak: 11M
current process commit charge ("private bytes"): 64M, peak: 312M

vm_info: OpenJDK 64-Bit Server VM (17.0.12+7-LTS) for windows-amd64 JRE (17.0.12+7-LTS), built on Jul 16 2024 18:11:44 by "MicrosoftCorporation" with unknown MS VC++:1939

END.
