#
# There is insufficient memory for the Java Runtime Environment to continue.
# Native memory allocation (mmap) failed to map 10485760 bytes. Error detail: G1 virtual space
# Possible reasons:
#   The system is out of physical RAM or swap space
#   This process is running with CompressedOops enabled, and the Java Heap may be blocking the growth of the native heap
# Possible solutions:
#   Reduce memory load on the system
#   Increase physical memory or swap space
#   Check if swap backing store is full
#   Decrease Java heap size (-Xmx/-Xms)
#   Decrease number of Java threads
#   Decrease Java thread stack sizes (-Xss)
#   Set larger code cache with -XX:ReservedCodeCacheSize=
#   JVM is running with Zero Based Compressed Oops mode in which the Java heap is
#     placed in the first 32GB address space. The Java Heap base address is the
#     maximum limit for the native heap growth. Please use -XX:HeapBaseMinAddress
#     to set the Java Heap base and to place the Java Heap above 32GB virtual address.
# This output file may be truncated or incomplete.
#
#  Out of Memory Error (os_windows.cpp:3678), pid=3140, tid=19260
#
# JRE version: OpenJDK Runtime Environment Microsoft-9889599 (17.0.12+7) (build 17.0.12+7-LTS)
# Java VM: OpenJDK 64-Bit Server VM Microsoft-9889599 (17.0.12+7-LTS, mixed mode, sharing, tiered, compressed oops, compressed class ptrs, g1 gc, windows-amd64)
# No core dump will be written. Minidumps are not enabled by default on client versions of Windows
#

---------------  S U M M A R Y ------------

Command Line: --add-opens=java.base/java.util=ALL-UNNAMED --add-opens=java.base/java.lang=ALL-UNNAMED --add-opens=java.base/java.lang.invoke=ALL-UNNAMED --add-opens=java.prefs/java.util.prefs=ALL-UNNAMED --add-opens=java.base/java.nio.charset=ALL-UNNAMED --add-opens=java.base/java.net=ALL-UNNAMED --add-opens=java.base/java.util.concurrent.atomic=ALL-UNNAMED -Xmx4G -Dfile.encoding=windows-1252 -Duser.country=US -Duser.language=en -Duser.variant -javaagent:C:\Users\Admin\.gradle\wrapper\dists\gradle-8.1-all\20ex0cxcummvwpmavmhfg81jg\gradle-8.1\lib\agents\gradle-instrumentation-agent-8.1.jar org.gradle.launcher.daemon.bootstrap.GradleDaemon 8.1

Host: AMD Ryzen 5 4600G with Radeon Graphics, 12 cores, 15G,  Windows 11 , 64 bit Build 22621 (10.0.22621.4391)
Time: Mon Oct 28 20:50:18 2024 China Standard Time elapsed time: 14.300209 seconds (0d 0h 0m 14s)

---------------  T H R E A D  ---------------

Current thread (0x000001e34a3047c0):  VMThread "VM Thread" [stack: 0x0000001e2d000000,0x0000001e2d100000] [id=19260]

Stack: [0x0000001e2d000000,0x0000001e2d100000]
Native frames: (J=compiled Java code, j=interpreted, Vv=VM code, C=native code)
V  [jvm.dll+0x686d99]
V  [jvm.dll+0x83daf8]
V  [jvm.dll+0x83f5a3]
V  [jvm.dll+0x83fc13]
V  [jvm.dll+0x2492ef]
V  [jvm.dll+0x683dd9]
V  [jvm.dll+0x6782fa]
V  [jvm.dll+0x30a797]
V  [jvm.dll+0x311d06]
V  [jvm.dll+0x36252e]
V  [jvm.dll+0x36276d]
V  [jvm.dll+0x2e1a9c]
V  [jvm.dll+0x2e4a76]
V  [jvm.dll+0x2ef1ac]
V  [jvm.dll+0x32231d]
V  [jvm.dll+0x84444d]
V  [jvm.dll+0x845183]
V  [jvm.dll+0x8456af]
V  [jvm.dll+0x845a94]
V  [jvm.dll+0x845b5e]
V  [jvm.dll+0x7ed87c]
V  [jvm.dll+0x685c77]
C  [ucrtbase.dll+0x29333]
C  [KERNEL32.DLL+0x1259d]
C  [ntdll.dll+0x5af38]

VM_Operation (0x0000001e2ccff4f0): G1PauseRemark, mode: safepoint, requested by thread 0x000001e326e7d2f0


---------------  P R O C E S S  ---------------

Threads class SMR info:
_java_thread_list=0x000001e39534bf60, length=84, elements={
0x000001e326dfe630, 0x000001e34a30ac30, 0x000001e34a30bab0, 0x000001e34a325430,
0x000001e34a327f60, 0x000001e34a329b50, 0x000001e34a32a510, 0x000001e34a32d6d0,
0x000001e34a336190, 0x000001e34a33c0d0, 0x000001e34a451970, 0x000001e34a56d430,
0x000001e39078e050, 0x000001e391027070, 0x000001e3914f79a0, 0x000001e390aa3310,
0x000001e3918f0280, 0x000001e39067cc90, 0x000001e39067d170, 0x000001e3902fbf10,
0x000001e3902fc420, 0x000001e3902fd350, 0x000001e3902fce40, 0x000001e3902fe790,
0x000001e3902ff1b0, 0x000001e3902fdd70, 0x000001e3902fba00, 0x000001e3902fe280,
0x000001e3902feca0, 0x000001e3902fc930, 0x000001e34a440210, 0x000001e34a43fd00,
0x000001e34a444e00, 0x000001e34a4448f0, 0x000001e34a442fa0, 0x000001e34a43f7f0,
0x000001e34a442a90, 0x000001e34a440c30, 0x000001e34a441140, 0x000001e34a4439c0,
0x000001e34a441650, 0x000001e34a442070, 0x000001e34a441b60, 0x000001e34a43dea0,
0x000001e34a43e8c0, 0x000001e34a445310, 0x000001e34a442580, 0x000001e34a4443e0,
0x000001e3962342b0, 0x000001e396237550, 0x000001e3962393b0, 0x000001e396236110,
0x000001e396234cd0, 0x000001e3962398c0, 0x000001e396236b30, 0x000001e396237040,
0x000001e39623a2e0, 0x000001e3962347c0, 0x000001e39623bc30, 0x000001e39623ad00,
0x000001e3962351e0, 0x000001e396238480, 0x000001e396237a60, 0x000001e396237f70,
0x000001e39623b720, 0x000001e396236620, 0x000001e3962356f0, 0x000001e396238ea0,
0x000001e396239dd0, 0x000001e396235c00, 0x000001e396238990, 0x000001e39623a7f0,
0x000001e39623b210, 0x000001e39413e110, 0x000001e39413f550, 0x000001e39413ff70,
0x000001e39413bda0, 0x000001e39413f040, 0x000001e3958905c0, 0x000001e39413c7c0,
0x000001e3941418c0, 0x000001e394141dd0, 0x000001e39413ccd0, 0x000001e39413e620
}

Java Threads: ( => current thread )
  0x000001e326dfe630 JavaThread "main" [_thread_blocked, id=11456, stack(0x0000001e2ca00000,0x0000001e2cb00000)]
  0x000001e34a30ac30 JavaThread "Reference Handler" daemon [_thread_blocked, id=11704, stack(0x0000001e2d100000,0x0000001e2d200000)]
  0x000001e34a30bab0 JavaThread "Finalizer" daemon [_thread_blocked, id=16804, stack(0x0000001e2d200000,0x0000001e2d300000)]
  0x000001e34a325430 JavaThread "Signal Dispatcher" daemon [_thread_blocked, id=8084, stack(0x0000001e2d300000,0x0000001e2d400000)]
  0x000001e34a327f60 JavaThread "Attach Listener" daemon [_thread_blocked, id=17316, stack(0x0000001e2d400000,0x0000001e2d500000)]
  0x000001e34a329b50 JavaThread "Service Thread" daemon [_thread_blocked, id=15740, stack(0x0000001e2d500000,0x0000001e2d600000)]
  0x000001e34a32a510 JavaThread "Monitor Deflation Thread" daemon [_thread_blocked, id=7492, stack(0x0000001e2d600000,0x0000001e2d700000)]
  0x000001e34a32d6d0 JavaThread "C2 CompilerThread0" daemon [_thread_in_native, id=5348, stack(0x0000001e2d700000,0x0000001e2d800000)]
  0x000001e34a336190 JavaThread "C1 CompilerThread0" daemon [_thread_blocked, id=17880, stack(0x0000001e2d800000,0x0000001e2d900000)]
  0x000001e34a33c0d0 JavaThread "Sweeper thread" daemon [_thread_blocked, id=13412, stack(0x0000001e2d900000,0x0000001e2da00000)]
  0x000001e34a451970 JavaThread "Common-Cleaner" daemon [_thread_blocked, id=2896, stack(0x0000001e2da00000,0x0000001e2db00000)]
  0x000001e34a56d430 JavaThread "Notification Thread" daemon [_thread_blocked, id=16596, stack(0x0000001e2db00000,0x0000001e2dc00000)]
  0x000001e39078e050 JavaThread "Daemon health stats" [_thread_blocked, id=9472, stack(0x0000001e2e200000,0x0000001e2e300000)]
  0x000001e391027070 JavaThread "Incoming local TCP Connector on port 58213" [_thread_in_native, id=19172, stack(0x0000001e2e300000,0x0000001e2e400000)]
  0x000001e3914f79a0 JavaThread "Daemon periodic checks" [_thread_blocked, id=15684, stack(0x0000001e2e400000,0x0000001e2e500000)]
  0x000001e390aa3310 JavaThread "Daemon" [_thread_blocked, id=12012, stack(0x0000001e2e500000,0x0000001e2e600000)]
  0x000001e3918f0280 JavaThread "Handler for socket connection from /127.0.0.1:58213 to /127.0.0.1:58214" [_thread_in_native, id=5200, stack(0x0000001e2e600000,0x0000001e2e700000)]
  0x000001e39067cc90 JavaThread "Cancel handler" [_thread_blocked, id=6824, stack(0x0000001e2e700000,0x0000001e2e800000)]
  0x000001e39067d170 JavaThread "Daemon worker" [_thread_blocked, id=19464, stack(0x0000001e2e800000,0x0000001e2e900000)]
  0x000001e3902fbf10 JavaThread "Asynchronous log dispatcher for DefaultDaemonConnection: socket connection from /127.0.0.1:58213 to /127.0.0.1:58214" [_thread_blocked, id=5352, stack(0x0000001e2e900000,0x0000001e2ea00000)]
  0x000001e3902fc420 JavaThread "Stdin handler" [_thread_blocked, id=17460, stack(0x0000001e2ea00000,0x0000001e2eb00000)]
  0x000001e3902fd350 JavaThread "Daemon client event forwarder" [_thread_blocked, id=19016, stack(0x0000001e2eb00000,0x0000001e2ec00000)]
  0x000001e3902fce40 JavaThread "Cache worker for journal cache (C:\Users\Admin\.gradle\caches\journal-1)" [_thread_blocked, id=14252, stack(0x0000001e2ec00000,0x0000001e2ed00000)]
  0x000001e3902fe790 JavaThread "File lock request listener" [_thread_in_native, id=3112, stack(0x0000001e2ed00000,0x0000001e2ee00000)]
  0x000001e3902ff1b0 JavaThread "Cache worker for file hash cache (C:\Users\Admin\.gradle\caches\8.1\fileHashes)" [_thread_blocked, id=17788, stack(0x0000001e2ee00000,0x0000001e2ef00000)]
  0x000001e3902fdd70 JavaThread "File watcher server" daemon [_thread_in_native, id=20552, stack(0x0000001e2dd00000,0x0000001e2de00000)]
  0x000001e3902fba00 JavaThread "File watcher consumer" daemon [_thread_blocked, id=20556, stack(0x0000001e2ef00000,0x0000001e2f000000)]
  0x000001e3902fe280 JavaThread "Cache worker for checksums cache (C:\Users\Admin\Desktop\ALL Plants Disease\FLUTTERAPP\mamatay\argivysor\android\.gradle\8.1\checksums)" [_thread_blocked, id=20560, stack(0x0000001e2f000000,0x0000001e2f100000)]
  0x000001e3902feca0 JavaThread "Cache worker for cache directory md-rule (C:\Users\Admin\.gradle\caches\8.1\md-rule)" [_thread_blocked, id=20568, stack(0x0000001e2f200000,0x0000001e2f300000)]
  0x000001e3902fc930 JavaThread "Cache worker for file content cache (C:\Users\Admin\.gradle\caches\8.1\fileContent)" [_thread_blocked, id=20572, stack(0x0000001e2f300000,0x0000001e2f400000)]
  0x000001e34a440210 JavaThread "Cache worker for file hash cache (C:\Users\Admin\Desktop\ALL Plants Disease\FLUTTERAPP\mamatay\argivysor\android\.gradle\8.1\fileHashes)" [_thread_blocked, id=20616, stack(0x0000001e2fb00000,0x0000001e2fc00000)]
  0x000001e34a43fd00 JavaThread "Cache worker for cache directory md-supplier (C:\Users\Admin\.gradle\caches\8.1\md-supplier)" [_thread_blocked, id=20620, stack(0x0000001e2fc00000,0x0000001e2fd00000)]
  0x000001e34a444e00 JavaThread "Cache worker for execution history cache (C:\Users\Admin\.gradle\caches\8.1\executionHistory)" [_thread_blocked, id=20632, stack(0x0000001e2fd00000,0x0000001e2fe00000)]
  0x000001e34a4448f0 JavaThread "jar transforms" [_thread_blocked, id=20652, stack(0x0000001e2ff00000,0x0000001e30000000)]
  0x000001e34a442fa0 JavaThread "Cache worker for kotlin-dsl (C:\Users\Admin\.gradle\caches\8.1\kotlin-dsl)" [_thread_blocked, id=20664, stack(0x0000001e30000000,0x0000001e30100000)]
  0x000001e34a43f7f0 JavaThread "jar transforms Thread 2" [_thread_blocked, id=20668, stack(0x0000001e30100000,0x0000001e30200000)]
  0x000001e34a442a90 JavaThread "jar transforms Thread 3" [_thread_blocked, id=20672, stack(0x0000001e30200000,0x0000001e30300000)]
  0x000001e34a440c30 JavaThread "Cache worker for dependencies-accessors (C:\Users\Admin\Desktop\ALL Plants Disease\FLUTTERAPP\mamatay\argivysor\android\.gradle\8.1\dependencies-accessors)" [_thread_blocked, id=20676, stack(0x0000001e30300000,0x0000001e30400000)]
  0x000001e34a441140 JavaThread "Cache worker for Build Output Cleanup Cache (C:\Users\Admin\flutter\flutter\packages\flutter_tools\gradle\.gradle\buildOutputCleanup)" [_thread_blocked, id=20756, stack(0x0000001e30400000,0x0000001e30500000)]
  0x000001e34a4439c0 JavaThread "jar transforms Thread 4" [_thread_blocked, id=20760, stack(0x0000001e30500000,0x0000001e30600000)]
  0x000001e34a441650 JavaThread "jar transforms Thread 5" [_thread_blocked, id=20764, stack(0x0000001e30600000,0x0000001e30700000)]
  0x000001e34a442070 JavaThread "Memory manager" [_thread_blocked, id=20804, stack(0x0000001e30700000,0x0000001e30800000)]
  0x000001e34a441b60 JavaThread "jar transforms Thread 6" [_thread_blocked, id=20884, stack(0x0000001e2f100000,0x0000001e2f200000)]
  0x000001e34a43dea0 JavaThread "jar transforms Thread 7" [_thread_blocked, id=20888, stack(0x0000001e2fe00000,0x0000001e2ff00000)]
  0x000001e34a43e8c0 JavaThread "included builds" [_thread_blocked, id=20960, stack(0x0000001e30a00000,0x0000001e30b00000)]
  0x000001e34a445310 JavaThread "Execution worker" [_thread_blocked, id=20968, stack(0x0000001e30b00000,0x0000001e30c00000)]
  0x000001e34a442580 JavaThread "Execution worker Thread 2" [_thread_blocked, id=20972, stack(0x0000001e30c00000,0x0000001e30d00000)]
  0x000001e34a4443e0 JavaThread "Execution worker Thread 3" [_thread_blocked, id=20976, stack(0x0000001e30d00000,0x0000001e30e00000)]
  0x000001e3962342b0 JavaThread "Execution worker Thread 4" [_thread_blocked, id=20980, stack(0x0000001e30e00000,0x0000001e30f00000)]
  0x000001e396237550 JavaThread "Execution worker Thread 5" [_thread_blocked, id=20984, stack(0x0000001e30f00000,0x0000001e31000000)]
  0x000001e3962393b0 JavaThread "Execution worker Thread 6" [_thread_blocked, id=20988, stack(0x0000001e31000000,0x0000001e31100000)]
  0x000001e396236110 JavaThread "Execution worker Thread 7" [_thread_blocked, id=20992, stack(0x0000001e31100000,0x0000001e31200000)]
  0x000001e396234cd0 JavaThread "Execution worker Thread 8" [_thread_blocked, id=20996, stack(0x0000001e31200000,0x0000001e31300000)]
  0x000001e3962398c0 JavaThread "Execution worker Thread 9" [_thread_blocked, id=21000, stack(0x0000001e31300000,0x0000001e31400000)]
  0x000001e396236b30 JavaThread "Execution worker Thread 10" [_thread_blocked, id=21004, stack(0x0000001e31400000,0x0000001e31500000)]
  0x000001e396237040 JavaThread "Execution worker Thread 11" [_thread_blocked, id=21008, stack(0x0000001e31500000,0x0000001e31600000)]
  0x000001e39623a2e0 JavaThread "Cache worker for execution history cache (C:\Users\Admin\flutter\flutter\packages\flutter_tools\gradle\.gradle\8.1\executionHistory)" [_thread_blocked, id=21012, stack(0x0000001e31600000,0x0000001e31700000)]
  0x000001e3962347c0 JavaThread "Unconstrained build operations" [_thread_blocked, id=21016, stack(0x0000001e31700000,0x0000001e31800000)]
  0x000001e39623bc30 JavaThread "Unconstrained build operations Thread 2" [_thread_blocked, id=21020, stack(0x0000001e31800000,0x0000001e31900000)]
  0x000001e39623ad00 JavaThread "Unconstrained build operations Thread 3" [_thread_blocked, id=21024, stack(0x0000001e31900000,0x0000001e31a00000)]
  0x000001e3962351e0 JavaThread "Unconstrained build operations Thread 4" [_thread_blocked, id=21028, stack(0x0000001e31a00000,0x0000001e31b00000)]
  0x000001e396238480 JavaThread "Unconstrained build operations Thread 5" [_thread_blocked, id=21032, stack(0x0000001e31b00000,0x0000001e31c00000)]
  0x000001e396237a60 JavaThread "Unconstrained build operations Thread 6" [_thread_blocked, id=21036, stack(0x0000001e31c00000,0x0000001e31d00000)]
  0x000001e396237f70 JavaThread "Unconstrained build operations Thread 7" [_thread_blocked, id=21040, stack(0x0000001e31d00000,0x0000001e31e00000)]
  0x000001e39623b720 JavaThread "Unconstrained build operations Thread 8" [_thread_blocked, id=21044, stack(0x0000001e31e00000,0x0000001e31f00000)]
  0x000001e396236620 JavaThread "Unconstrained build operations Thread 9" [_thread_blocked, id=21048, stack(0x0000001e31f00000,0x0000001e32000000)]
  0x000001e3962356f0 JavaThread "Unconstrained build operations Thread 10" [_thread_blocked, id=21052, stack(0x0000001e32000000,0x0000001e32100000)]
  0x000001e396238ea0 JavaThread "Unconstrained build operations Thread 11" [_thread_blocked, id=21188, stack(0x0000001e30800000,0x0000001e30900000)]
  0x000001e396239dd0 JavaThread "Unconstrained build operations Thread 12" [_thread_blocked, id=21192, stack(0x0000001e30900000,0x0000001e30a00000)]
  0x000001e396235c00 JavaThread "Unconstrained build operations Thread 13" [_thread_blocked, id=21196, stack(0x0000001e32100000,0x0000001e32200000)]
  0x000001e396238990 JavaThread "Unconstrained build operations Thread 14" [_thread_blocked, id=21200, stack(0x0000001e32200000,0x0000001e32300000)]
  0x000001e39623a7f0 JavaThread "Unconstrained build operations Thread 15" [_thread_blocked, id=21204, stack(0x0000001e32300000,0x0000001e32400000)]
  0x000001e39623b210 JavaThread "Unconstrained build operations Thread 16" [_thread_blocked, id=21208, stack(0x0000001e32400000,0x0000001e32500000)]
  0x000001e39413e110 JavaThread "Unconstrained build operations Thread 17" [_thread_blocked, id=21212, stack(0x0000001e32500000,0x0000001e32600000)]
  0x000001e39413f550 JavaThread "Unconstrained build operations Thread 18" [_thread_blocked, id=21216, stack(0x0000001e32600000,0x0000001e32700000)]
  0x000001e39413ff70 JavaThread "Unconstrained build operations Thread 19" [_thread_blocked, id=21220, stack(0x0000001e32700000,0x0000001e32800000)]
  0x000001e39413bda0 JavaThread "Unconstrained build operations Thread 20" [_thread_blocked, id=21224, stack(0x0000001e32800000,0x0000001e32900000)]
  0x000001e39413f040 JavaThread "Unconstrained build operations Thread 21" [_thread_blocked, id=21228, stack(0x0000001e32900000,0x0000001e32a00000)]
  0x000001e3958905c0 JavaThread "C2 CompilerThread1" daemon [_thread_blocked, id=21232, stack(0x0000001e32a00000,0x0000001e32b00000)]
  0x000001e39413c7c0 JavaThread "jar transforms Thread 8" [_thread_blocked, id=21236, stack(0x0000001e32b00000,0x0000001e32c00000)]
  0x000001e3941418c0 JavaThread "jar transforms Thread 9" [_thread_blocked, id=21240, stack(0x0000001e32c00000,0x0000001e32d00000)]
  0x000001e394141dd0 JavaThread "jar transforms Thread 10" [_thread_blocked, id=21244, stack(0x0000001e32d00000,0x0000001e32e00000)]
  0x000001e39413ccd0 JavaThread "jar transforms Thread 11" [_thread_blocked, id=21248, stack(0x0000001e32e00000,0x0000001e32f00000)]
  0x000001e39413e620 JavaThread "jar transforms Thread 12" [_thread_blocked, id=21252, stack(0x0000001e32f00000,0x0000001e33000000)]

Other Threads:
=>0x000001e34a3047c0 VMThread "VM Thread" [stack: 0x0000001e2d000000,0x0000001e2d100000] [id=19260]
  0x000001e326dffcc0 WatcherThread [stack: 0x0000001e2dc00000,0x0000001e2dd00000] [id=4992]
  0x000001e326e6c3a0 GCTaskThread "GC Thread#0" [stack: 0x0000001e2cb00000,0x0000001e2cc00000] [id=19728]
  0x000001e34acf2d90 GCTaskThread "GC Thread#1" [stack: 0x0000001e2de00000,0x0000001e2df00000] [id=2744]
  0x000001e34a7e8a40 GCTaskThread "GC Thread#2" [stack: 0x0000001e2df00000,0x0000001e2e000000] [id=19036]
  0x000001e34a7e8d00 GCTaskThread "GC Thread#3" [stack: 0x0000001e2e000000,0x0000001e2e100000] [id=6836]
  0x000001e390067b30 GCTaskThread "GC Thread#4" [stack: 0x0000001e2e100000,0x0000001e2e200000] [id=19080]
  0x000001e392975f20 GCTaskThread "GC Thread#5" [stack: 0x0000001e2f400000,0x0000001e2f500000] [id=20588]
  0x000001e392ff8ca0 GCTaskThread "GC Thread#6" [stack: 0x0000001e2f500000,0x0000001e2f600000] [id=20592]
  0x000001e3903f48c0 GCTaskThread "GC Thread#7" [stack: 0x0000001e2f600000,0x0000001e2f700000] [id=20596]
  0x000001e34a44d590 GCTaskThread "GC Thread#8" [stack: 0x0000001e2f700000,0x0000001e2f800000] [id=20600]
  0x000001e393350b00 GCTaskThread "GC Thread#9" [stack: 0x0000001e2f800000,0x0000001e2f900000] [id=20604]
  0x000001e326e7d2f0 ConcurrentGCThread "G1 Main Marker" [stack: 0x0000001e2cc00000,0x0000001e2cd00000] [id=17988]
  0x000001e326e7dd10 ConcurrentGCThread "G1 Conc#0" [stack: 0x0000001e2cd00000,0x0000001e2ce00000] [id=15604]
  0x000001e391ce3dd0 ConcurrentGCThread "G1 Conc#1" [stack: 0x0000001e2f900000,0x0000001e2fa00000] [id=20608]
  0x000001e391b76c40 ConcurrentGCThread "G1 Conc#2" [stack: 0x0000001e2fa00000,0x0000001e2fb00000] [id=20612]
  0x000001e326eaec80 ConcurrentGCThread "G1 Refine#0" [stack: 0x0000001e2ce00000,0x0000001e2cf00000] [id=17248]
  0x000001e34a1c5da0 ConcurrentGCThread "G1 Service" [stack: 0x0000001e2cf00000,0x0000001e2d000000] [id=14616]

Threads with active compile tasks:
C2 CompilerThread0    14332 7599       4       org.objectweb.asm.ClassReader::readCode (5109 bytes)
C1 CompilerThread0    14332 7706       3       java.io.InputStreamReader::read (11 bytes)
C2 CompilerThread1    14332 7687       4       groovy.lang.MetaClassImpl$1MOPIter::methodNameAction (325 bytes)

VM state: at safepoint (normal execution)

VM Mutex/Monitor currently owned by a thread:  ([mutex/lock_event])
[0x000001e326df94f0] Threads_lock - owner thread: 0x000001e34a3047c0
[0x000001e326dfa390] Heap_lock - owner thread: 0x000001e326e7d2f0

Heap address: 0x0000000700000000, size: 4096 MB, Compressed Oops mode: Zero based, Oop shift amount: 3

CDS archive(s) mapped at: [0x000001e34b000000-0x000001e34bbb0000-0x000001e34bbb0000), size 12255232, SharedBaseAddress: 0x000001e34b000000, ArchiveRelocationMode: 1.
Compressed class space mapped at: 0x000001e34c000000-0x000001e38c000000, reserved size: 1073741824
Narrow klass base: 0x000001e34b000000, Narrow klass shift: 0, Narrow klass range: 0x100000000

GC Precious Log:
 CPUs: 12 total, 12 available
 Memory: 15761M
 Large Page Support: Disabled
 NUMA Support: Disabled
 Compressed Oops: Enabled (Zero based)
 Heap Region Size: 2M
 Heap Min Capacity: 8M
 Heap Initial Capacity: 248M
 Heap Max Capacity: 4G
 Pre-touch: Disabled
 Parallel Workers: 10
 Concurrent Workers: 3
 Concurrent Refinement Workers: 10
 Periodic GC: Disabled

Heap:
 garbage-first heap   total 96256K, used 58787K [0x0000000700000000, 0x0000000800000000)
  region size 2048K, 3 young (6144K), 2 survivors (4096K)
 Metaspace       used 57408K, committed 57920K, reserved 1114112K
  class space    used 8156K, committed 8384K, reserved 1048576K

Heap Regions: E=young(eden), S=young(survivor), O=old, HS=humongous(starts), HC=humongous(continues), CS=collection set, F=free, OA=open archive, CA=closed archive, TAMS=top-at-mark-start (previous, next)
|   0|0x0000000700000000, 0x0000000700200000, 0x0000000700200000|100%|HS|  |TAMS 0x0000000700200000, 0x0000000700000000| Complete 
|   1|0x0000000700200000, 0x0000000700400000, 0x0000000700400000|100%|HC|  |TAMS 0x0000000700400000, 0x0000000700200000| Complete 
|   2|0x0000000700400000, 0x0000000700600000, 0x0000000700600000|100%| O|  |TAMS 0x0000000700600000, 0x0000000700400000| Untracked 
|   3|0x0000000700600000, 0x0000000700800000, 0x0000000700800000|100%| O|  |TAMS 0x0000000700800000, 0x0000000700600000| Untracked 
|   4|0x0000000700800000, 0x0000000700a00000, 0x0000000700a00000|100%| O|  |TAMS 0x0000000700a00000, 0x0000000700800000| Untracked 
|   5|0x0000000700a00000, 0x0000000700c00000, 0x0000000700c00000|100%| O|  |TAMS 0x0000000700c00000, 0x0000000700a00000| Untracked 
|   6|0x0000000700c00000, 0x0000000700e00000, 0x0000000700e00000|100%| O|  |TAMS 0x0000000700e00000, 0x0000000700c00000| Untracked 
|   7|0x0000000700e00000, 0x0000000701000000, 0x0000000701000000|100%| O|  |TAMS 0x0000000701000000, 0x0000000700e00000| Untracked 
|   8|0x0000000701000000, 0x0000000701200000, 0x0000000701200000|100%| O|  |TAMS 0x0000000701200000, 0x0000000701000000| Untracked 
|   9|0x0000000701200000, 0x0000000701400000, 0x0000000701400000|100%| O|  |TAMS 0x0000000701400000, 0x0000000701200000| Untracked 
|  10|0x0000000701400000, 0x0000000701600000, 0x0000000701600000|100%| O|  |TAMS 0x0000000701600000, 0x0000000701400000| Untracked 
|  11|0x0000000701600000, 0x0000000701800000, 0x0000000701800000|100%| O|  |TAMS 0x0000000701800000, 0x0000000701600000| Untracked 
|  12|0x0000000701800000, 0x0000000701a00000, 0x0000000701a00000|100%| O|  |TAMS 0x0000000701a00000, 0x0000000701800000| Untracked 
|  13|0x0000000701a00000, 0x0000000701c00000, 0x0000000701c00000|100%| O|  |TAMS 0x0000000701c00000, 0x0000000701a00000| Untracked 
|  14|0x0000000701c00000, 0x0000000701e00000, 0x0000000701e00000|100%| O|  |TAMS 0x0000000701e00000, 0x0000000701c00000| Untracked 
|  15|0x0000000701e00000, 0x0000000702000000, 0x0000000702000000|100%| O|  |TAMS 0x0000000702000000, 0x0000000701e00000| Untracked 
|  16|0x0000000702000000, 0x0000000702200000, 0x0000000702200000|100%| O|  |TAMS 0x0000000702200000, 0x0000000702000000| Untracked 
|  17|0x0000000702200000, 0x0000000702400000, 0x0000000702400000|100%| O|  |TAMS 0x0000000702400000, 0x0000000702200000| Untracked 
|  18|0x0000000702400000, 0x0000000702600000, 0x0000000702600000|100%| O|  |TAMS 0x0000000702600000, 0x0000000702400000| Untracked 
|  19|0x0000000702600000, 0x0000000702800000, 0x0000000702800000|100%|HS|  |TAMS 0x0000000702800000, 0x0000000702600000| Complete 
|  20|0x0000000702800000, 0x0000000702a00000, 0x0000000702a00000|100%| O|  |TAMS 0x0000000702a00000, 0x0000000702800000| Untracked 
|  21|0x0000000702a00000, 0x0000000702c00000, 0x0000000702c00000|100%| O|  |TAMS 0x0000000702c00000, 0x0000000702a00000| Untracked 
|  22|0x0000000702c00000, 0x0000000702e00000, 0x0000000702e00000|100%| O|  |TAMS 0x0000000702ca7c00, 0x0000000702c00000| Untracked 
|  23|0x0000000702e00000, 0x0000000703000000, 0x0000000703000000|100%|HS|  |TAMS 0x0000000703000000, 0x0000000702e00000| Complete 
|  24|0x0000000703000000, 0x0000000703200000, 0x0000000703200000|100%|HC|  |TAMS 0x0000000703200000, 0x0000000703000000| Complete 
|  25|0x0000000703200000, 0x0000000703400000, 0x0000000703400000|100%| O|  |TAMS 0x0000000703200000, 0x0000000703200000| Untracked 
|  26|0x0000000703400000, 0x00000007034b1e00, 0x0000000703600000| 34%| O|  |TAMS 0x0000000703400000, 0x0000000703400000| Updating 
|  27|0x0000000703600000, 0x0000000703800000, 0x0000000703800000|100%|HS|  |TAMS 0x0000000703600000, 0x0000000703600000| Complete 
|  28|0x0000000703800000, 0x0000000703800000, 0x0000000703a00000|  0%| F|  |TAMS 0x0000000703800000, 0x0000000703800000| Untracked 
|  29|0x0000000703a00000, 0x0000000703a00000, 0x0000000703c00000|  0%| F|  |TAMS 0x0000000703a00000, 0x0000000703a00000| Untracked 
|  30|0x0000000703c00000, 0x0000000703c00000, 0x0000000703e00000|  0%| F|  |TAMS 0x0000000703c00000, 0x0000000703c00000| Untracked 
|  31|0x0000000703e00000, 0x0000000703e00000, 0x0000000704000000|  0%| F|  |TAMS 0x0000000703e00000, 0x0000000703e00000| Untracked 
|  32|0x0000000704000000, 0x0000000704000000, 0x0000000704200000|  0%| F|  |TAMS 0x0000000704000000, 0x0000000704000000| Untracked 
|  33|0x0000000704200000, 0x0000000704200000, 0x0000000704400000|  0%| F|  |TAMS 0x0000000704200000, 0x0000000704200000| Untracked 
|  34|0x0000000704400000, 0x0000000704400000, 0x0000000704600000|  0%| F|  |TAMS 0x0000000704400000, 0x0000000704400000| Untracked 
|  35|0x0000000704600000, 0x0000000704600000, 0x0000000704800000|  0%| F|  |TAMS 0x0000000704600000, 0x0000000704600000| Untracked 
|  36|0x0000000704800000, 0x0000000704800000, 0x0000000704a00000|  0%| F|  |TAMS 0x0000000704800000, 0x0000000704800000| Untracked 
|  37|0x0000000704a00000, 0x0000000704a00000, 0x0000000704c00000|  0%| F|  |TAMS 0x0000000704a00000, 0x0000000704a00000| Untracked 
|  38|0x0000000704c00000, 0x0000000704c00000, 0x0000000704e00000|  0%| F|  |TAMS 0x0000000704c00000, 0x0000000704c00000| Untracked 
|  39|0x0000000704e00000, 0x0000000704e00000, 0x0000000705000000|  0%| F|  |TAMS 0x0000000704e00000, 0x0000000704e00000| Untracked 
|  56|0x0000000707000000, 0x0000000707000000, 0x0000000707200000|  0%| F|  |TAMS 0x0000000707000000, 0x0000000707000000| Untracked 
|  57|0x0000000707200000, 0x0000000707200000, 0x0000000707400000|  0%| F|  |TAMS 0x0000000707200000, 0x0000000707200000| Untracked 
|  58|0x0000000707400000, 0x00000007074b7008, 0x0000000707600000| 35%| S|CS|TAMS 0x0000000707400000, 0x0000000707400000| Complete 
|  59|0x0000000707600000, 0x0000000707800000, 0x0000000707800000|100%| S|CS|TAMS 0x0000000707600000, 0x0000000707600000| Complete 
|  60|0x0000000707800000, 0x0000000707800000, 0x0000000707a00000|  0%| F|  |TAMS 0x0000000707800000, 0x0000000707800000| Untracked 
|  61|0x0000000707a00000, 0x0000000707a00000, 0x0000000707c00000|  0%| F|  |TAMS 0x0000000707a00000, 0x0000000707a00000| Untracked 
| 123|0x000000070f600000, 0x000000070f723180, 0x000000070f800000| 56%| E|  |TAMS 0x000000070f600000, 0x000000070f600000| Complete 

Card table byte_map: [0x000001e33e670000,0x000001e33ee70000] _byte_map_base: 0x000001e33ae70000

Marking Bits (Prev, Next): (CMBitMap*) 0x000001e326e6c9c0, (CMBitMap*) 0x000001e326e6ca00
 Prev Bits: [0x000001e33f670000, 0x000001e343670000)
 Next Bits: [0x000001e343670000, 0x000001e347670000)

Polling page: 0x000001e324c70000

Metaspace:

Usage:
  Non-class:     48.10 MB used.
      Class:      7.97 MB used.
       Both:     56.06 MB used.

Virtual space:
  Non-class space:       64.00 MB reserved,      48.38 MB ( 76%) committed,  1 nodes.
      Class space:        1.00 GB reserved,       8.19 MB ( <1%) committed,  1 nodes.
             Both:        1.06 GB reserved,      56.56 MB (  5%) committed. 

Chunk freelists:
   Non-Class:  14.91 MB
       Class:  7.82 MB
        Both:  22.73 MB

MaxMetaspaceSize: unlimited
CompressedClassSpaceSize: 1.00 GB
Initial GC threshold: 21.00 MB
Current GC threshold: 94.31 MB
CDS: on
MetaspaceReclaimPolicy: balanced
 - commit_granule_bytes: 65536.
 - commit_granule_words: 8192.
 - virtual_space_node_default_size: 8388608.
 - enlarge_chunks_in_place: 1.
 - new_chunks_are_fully_committed: 0.
 - uncommit_free_chunks: 1.
 - use_allocation_guard: 0.
 - handle_deallocations: 1.


Internal statistics:

num_allocs_failed_limit: 6.
num_arena_births: 678.
num_arena_deaths: 0.
num_vsnodes_births: 2.
num_vsnodes_deaths: 0.
num_space_committed: 905.
num_space_uncommitted: 0.
num_chunks_returned_to_freelist: 6.
num_chunks_taken_from_freelist: 2930.
num_chunk_merges: 6.
num_chunk_splits: 1966.
num_chunks_enlarged: 1357.
num_inconsistent_stats: 0.

CodeHeap 'non-profiled nmethods': size=120000Kb used=4123Kb max_used=4123Kb free=115876Kb
 bounds [0x000001e3363f0000, 0x000001e336800000, 0x000001e33d920000]
CodeHeap 'profiled nmethods': size=120000Kb used=13607Kb max_used=13607Kb free=106392Kb
 bounds [0x000001e32e920000, 0x000001e32f670000, 0x000001e335e50000]
CodeHeap 'non-nmethods': size=5760Kb used=2356Kb max_used=2410Kb free=3403Kb
 bounds [0x000001e335e50000, 0x000001e3360c0000, 0x000001e3363f0000]
 total_blobs=7829 nmethods=6954 adapters=787
 compilation: enabled
              stopped_count=0, restarted_count=0
 full_count=0

Compilation events (20 events):
Event: 14.169 Thread 0x000001e34a336190 nmethod 7694 0x000001e32f65fe10 code [0x000001e32f65ffa0, 0x000001e32f660158]
Event: 14.169 Thread 0x000001e34a336190 7695   !   3       jdk.internal.loader.URLClassPath$JarLoader$1::run (175 bytes)
Event: 14.170 Thread 0x000001e34a336190 nmethod 7695 0x000001e32f660210 code [0x000001e32f660440, 0x000001e32f660c18]
Event: 14.170 Thread 0x000001e34a336190 7696       3       jdk.internal.loader.URLClassPath$JarLoader::getJarFile (102 bytes)
Event: 14.170 Thread 0x000001e34a336190 nmethod 7696 0x000001e32f661090 code [0x000001e32f661360, 0x000001e32f6620c8]
Event: 14.170 Thread 0x000001e34a336190 7697       3       jdk.internal.loader.URLClassPath$JarLoader::isOptimizable (10 bytes)
Event: 14.170 Thread 0x000001e34a336190 nmethod 7697 0x000001e32f662590 code [0x000001e32f662740, 0x000001e32f6628a8]
Event: 14.170 Thread 0x000001e34a336190 7698       3       jdk.internal.loader.FileURLMapper::<init> (10 bytes)
Event: 14.170 Thread 0x000001e34a336190 nmethod 7698 0x000001e32f662990 code [0x000001e32f662b20, 0x000001e32f662cd8]
Event: 14.170 Thread 0x000001e34a336190 7699       3       jdk.internal.loader.FileURLMapper::exists (19 bytes)
Event: 14.171 Thread 0x000001e34a336190 nmethod 7699 0x000001e32f662d90 code [0x000001e32f662fa0, 0x000001e32f663668]
Event: 14.174 Thread 0x000001e34a336190 7701       3       sun.nio.fs.WindowsFileSystemProvider::readAttributes (63 bytes)
Event: 14.174 Thread 0x000001e34a336190 nmethod 7701 0x000001e32f663890 code [0x000001e32f663aa0, 0x000001e32f6640d8]
Event: 14.269 Thread 0x000001e34a336190 7703   !   3       java.util.zip.ZipFile::getInputStream (275 bytes)
Event: 14.269 Thread 0x000001e34a336190 nmethod 7703 0x000001e32f664290 code [0x000001e32f664580, 0x000001e32f665768]
Event: 14.270 Thread 0x000001e34a336190 7704   !   3       java.util.zip.ZipFile$Source::<init> (167 bytes)
Event: 14.271 Thread 0x000001e34a336190 nmethod 7704 0x000001e32f666290 code [0x000001e32f6665a0, 0x000001e32f667838]
Event: 14.271 Thread 0x000001e34a336190 7705   !   3       java.nio.charset.CharsetDecoder::decode (275 bytes)
Event: 14.273 Thread 0x000001e34a336190 nmethod 7705 0x000001e32f667f90 code [0x000001e32f6682c0, 0x000001e32f6697e8]
Event: 14.294 Thread 0x000001e34a336190 7706       3       java.io.InputStreamReader::read (11 bytes)

GC Heap History (20 events):
Event: 10.142 GC heap before
{Heap before GC invocations=8 (full 0):
 garbage-first heap   total 90112K, used 48969K [0x0000000700000000, 0x0000000800000000)
  region size 2048K, 12 young (24576K), 1 survivors (2048K)
 Metaspace       used 35506K, committed 35968K, reserved 1114112K
  class space    used 4888K, committed 5056K, reserved 1048576K
}
Event: 10.144 GC heap after
{Heap after GC invocations=9 (full 0):
 garbage-first heap   total 90112K, used 31412K [0x0000000700000000, 0x0000000800000000)
  region size 2048K, 2 young (4096K), 2 survivors (4096K)
 Metaspace       used 35506K, committed 35968K, reserved 1114112K
  class space    used 4888K, committed 5056K, reserved 1048576K
}
Event: 10.698 GC heap before
{Heap before GC invocations=10 (full 0):
 garbage-first heap   total 90112K, used 68276K [0x0000000700000000, 0x0000000800000000)
  region size 2048K, 20 young (40960K), 2 survivors (4096K)
 Metaspace       used 39296K, committed 39680K, reserved 1114112K
  class space    used 5527K, committed 5696K, reserved 1048576K
}
Event: 10.701 GC heap after
{Heap after GC invocations=11 (full 0):
 garbage-first heap   total 90112K, used 33026K [0x0000000700000000, 0x0000000800000000)
  region size 2048K, 3 young (6144K), 3 survivors (6144K)
 Metaspace       used 39296K, committed 39680K, reserved 1114112K
  class space    used 5527K, committed 5696K, reserved 1048576K
}
Event: 10.729 GC heap before
{Heap before GC invocations=11 (full 0):
 garbage-first heap   total 90112K, used 35074K [0x0000000700000000, 0x0000000800000000)
  region size 2048K, 4 young (8192K), 3 survivors (6144K)
 Metaspace       used 39471K, committed 39936K, reserved 1114112K
  class space    used 5556K, committed 5760K, reserved 1048576K
}
Event: 10.732 GC heap after
{Heap after GC invocations=12 (full 0):
 garbage-first heap   total 90112K, used 33192K [0x0000000700000000, 0x0000000800000000)
  region size 2048K, 1 young (2048K), 1 survivors (2048K)
 Metaspace       used 39471K, committed 39936K, reserved 1114112K
  class space    used 5556K, committed 5760K, reserved 1048576K
}
Event: 11.287 GC heap before
{Heap before GC invocations=12 (full 0):
 garbage-first heap   total 90112K, used 70056K [0x0000000700000000, 0x0000000800000000)
  region size 2048K, 19 young (38912K), 1 survivors (2048K)
 Metaspace       used 43965K, committed 44544K, reserved 1114112K
  class space    used 6264K, committed 6528K, reserved 1048576K
}
Event: 11.289 GC heap after
{Heap after GC invocations=13 (full 0):
 garbage-first heap   total 90112K, used 34356K [0x0000000700000000, 0x0000000800000000)
  region size 2048K, 1 young (2048K), 1 survivors (2048K)
 Metaspace       used 43965K, committed 44544K, reserved 1114112K
  class space    used 6264K, committed 6528K, reserved 1048576K
}
Event: 11.703 GC heap before
{Heap before GC invocations=13 (full 0):
 garbage-first heap   total 90112K, used 71220K [0x0000000700000000, 0x0000000800000000)
  region size 2048K, 19 young (38912K), 1 survivors (2048K)
 Metaspace       used 48172K, committed 48704K, reserved 1114112K
  class space    used 6789K, committed 7040K, reserved 1048576K
}
Event: 11.705 GC heap after
{Heap after GC invocations=14 (full 0):
 garbage-first heap   total 90112K, used 36155K [0x0000000700000000, 0x0000000800000000)
  region size 2048K, 2 young (4096K), 2 survivors (4096K)
 Metaspace       used 48172K, committed 48704K, reserved 1114112K
  class space    used 6789K, committed 7040K, reserved 1048576K
}
Event: 12.393 GC heap before
{Heap before GC invocations=14 (full 0):
 garbage-first heap   total 90112K, used 70971K [0x0000000700000000, 0x0000000800000000)
  region size 2048K, 19 young (38912K), 2 survivors (4096K)
 Metaspace       used 51783K, committed 52288K, reserved 1114112K
  class space    used 7286K, committed 7552K, reserved 1048576K
}
Event: 12.396 GC heap after
{Heap after GC invocations=15 (full 0):
 garbage-first heap   total 90112K, used 37699K [0x0000000700000000, 0x0000000800000000)
  region size 2048K, 2 young (4096K), 2 survivors (4096K)
 Metaspace       used 51783K, committed 52288K, reserved 1114112K
  class space    used 7286K, committed 7552K, reserved 1048576K
}
Event: 13.143 GC heap before
{Heap before GC invocations=15 (full 0):
 garbage-first heap   total 90112K, used 72515K [0x0000000700000000, 0x0000000800000000)
  region size 2048K, 19 young (38912K), 2 survivors (4096K)
 Metaspace       used 55007K, committed 55552K, reserved 1114112K
  class space    used 7849K, committed 8128K, reserved 1048576K
}
Event: 13.147 GC heap after
{Heap after GC invocations=16 (full 0):
 garbage-first heap   total 90112K, used 40590K [0x0000000700000000, 0x0000000800000000)
  region size 2048K, 3 young (6144K), 3 survivors (6144K)
 Metaspace       used 55007K, committed 55552K, reserved 1114112K
  class space    used 7849K, committed 8128K, reserved 1048576K
}
Event: 13.961 GC heap before
{Heap before GC invocations=16 (full 0):
 garbage-first heap   total 90112K, used 69262K [0x0000000700000000, 0x0000000800000000)
  region size 2048K, 18 young (36864K), 3 survivors (6144K)
 Metaspace       used 56960K, committed 57536K, reserved 1114112K
  class space    used 8113K, committed 8384K, reserved 1048576K
}
Event: 13.965 GC heap after
{Heap after GC invocations=17 (full 0):
 garbage-first heap   total 90112K, used 43545K [0x0000000700000000, 0x0000000800000000)
  region size 2048K, 3 young (6144K), 3 survivors (6144K)
 Metaspace       used 56960K, committed 57536K, reserved 1114112K
  class space    used 8113K, committed 8384K, reserved 1048576K
}
Event: 14.175 GC heap before
{Heap before GC invocations=17 (full 0):
 garbage-first heap   total 90112K, used 66073K [0x0000000700000000, 0x0000000800000000)
  region size 2048K, 15 young (30720K), 3 survivors (6144K)
 Metaspace       used 57407K, committed 57920K, reserved 1114112K
  class space    used 8156K, committed 8384K, reserved 1048576K
}
Event: 14.178 GC heap after
{Heap after GC invocations=18 (full 0):
 garbage-first heap   total 90112K, used 49823K [0x0000000700000000, 0x0000000800000000)
  region size 2048K, 2 young (4096K), 2 survivors (4096K)
 Metaspace       used 57407K, committed 57920K, reserved 1114112K
  class space    used 8156K, committed 8384K, reserved 1048576K
}
Event: 14.273 GC heap before
{Heap before GC invocations=19 (full 0):
 garbage-first heap   total 96256K, used 55967K [0x0000000700000000, 0x0000000800000000)
  region size 2048K, 5 young (10240K), 2 survivors (4096K)
 Metaspace       used 57407K, committed 57920K, reserved 1114112K
  class space    used 8156K, committed 8384K, reserved 1048576K
}
Event: 14.275 GC heap after
{Heap after GC invocations=20 (full 0):
 garbage-first heap   total 96256K, used 56739K [0x0000000700000000, 0x0000000800000000)
  region size 2048K, 2 young (4096K), 2 survivors (4096K)
 Metaspace       used 57407K, committed 57920K, reserved 1114112K
  class space    used 8156K, committed 8384K, reserved 1048576K
}

Dll operation events (15 events):
Event: 0.006 Loaded shared library C:\Program Files\Microsoft\jdk-17.0.12.7-hotspot\bin\java.dll
Event: 0.020 Loaded shared library C:\Program Files\Microsoft\jdk-17.0.12.7-hotspot\bin\jsvml.dll
Event: 0.055 Loaded shared library C:\Program Files\Microsoft\jdk-17.0.12.7-hotspot\bin\zip.dll
Event: 0.057 Loaded shared library C:\Program Files\Microsoft\jdk-17.0.12.7-hotspot\bin\instrument.dll
Event: 0.061 Loaded shared library C:\Program Files\Microsoft\jdk-17.0.12.7-hotspot\bin\net.dll
Event: 0.062 Loaded shared library C:\Program Files\Microsoft\jdk-17.0.12.7-hotspot\bin\nio.dll
Event: 0.065 Loaded shared library C:\Program Files\Microsoft\jdk-17.0.12.7-hotspot\bin\zip.dll
Event: 0.246 Loaded shared library C:\Program Files\Microsoft\jdk-17.0.12.7-hotspot\bin\jimage.dll
Event: 0.313 Loaded shared library C:\Program Files\Microsoft\jdk-17.0.12.7-hotspot\bin\verify.dll
Event: 0.509 Loaded shared library C:\Users\Admin\.gradle\native\68d5fa5c4cc2d200863cafc0d521ce42e7d3e7ee720ec0a83991735586a16f82\windows-amd64\native-platform.dll
Event: 0.516 Loaded shared library C:\Users\Admin\.gradle\native\e376f236ea51e6404a007f0833ffe2c6e607c4080706a723a18a27aeea778392\windows-amd64\native-platform-file-events.dll
Event: 1.284 Loaded shared library C:\Program Files\Microsoft\jdk-17.0.12.7-hotspot\bin\management.dll
Event: 1.287 Loaded shared library C:\Program Files\Microsoft\jdk-17.0.12.7-hotspot\bin\management_ext.dll
Event: 1.493 Loaded shared library C:\Program Files\Microsoft\jdk-17.0.12.7-hotspot\bin\extnet.dll
Event: 1.672 Loaded shared library C:\Program Files\Microsoft\jdk-17.0.12.7-hotspot\bin\sunmscapi.dll

Deoptimization events (20 events):
Event: 14.119 Thread 0x000001e39067d170 DEOPT PACKING pc=0x000001e32f1e18bb sp=0x0000001e2e8f9080
Event: 14.119 Thread 0x000001e39067d170 DEOPT UNPACKING pc=0x000001e335ea7143 sp=0x0000001e2e8f85b8 mode 0
Event: 14.121 Thread 0x000001e39067d170 DEOPT PACKING pc=0x000001e32e940979 sp=0x0000001e2e8f9000
Event: 14.121 Thread 0x000001e39067d170 DEOPT UNPACKING pc=0x000001e335ea7143 sp=0x0000001e2e8f84f8 mode 0
Event: 14.128 Thread 0x000001e39067d170 DEOPT PACKING pc=0x000001e32e9f313d sp=0x0000001e2e8f6d80
Event: 14.128 Thread 0x000001e39067d170 DEOPT UNPACKING pc=0x000001e335ea7143 sp=0x0000001e2e8f6218 mode 0
Event: 14.148 Thread 0x000001e39067d170 Uncommon trap: trap_request=0xffffff45 fr.pc=0x000001e3365a5240 relative=0x0000000000001b40
Event: 14.148 Thread 0x000001e39067d170 Uncommon trap: reason=unstable_if action=reinterpret pc=0x000001e3365a5240 method=java.util.zip.ZipFile.getInputStream(Ljava/util/zip/ZipEntry;)Ljava/io/InputStream; @ 101 c2
Event: 14.148 Thread 0x000001e39067d170 DEOPT PACKING pc=0x000001e3365a5240 sp=0x0000001e2e8f7030
Event: 14.148 Thread 0x000001e39067d170 DEOPT UNPACKING pc=0x000001e335ea69a3 sp=0x0000001e2e8f6ff8 mode 2
Event: 14.154 Thread 0x000001e39067d170 DEOPT PACKING pc=0x000001e32e9f313d sp=0x0000001e2e8f6d80
Event: 14.154 Thread 0x000001e39067d170 DEOPT UNPACKING pc=0x000001e335ea7143 sp=0x0000001e2e8f6218 mode 0
Event: 14.172 Thread 0x000001e39067d170 DEOPT PACKING pc=0x000001e32e9f313d sp=0x0000001e2e8f6cf0
Event: 14.172 Thread 0x000001e39067d170 DEOPT UNPACKING pc=0x000001e335ea7143 sp=0x0000001e2e8f6188 mode 0
Event: 14.254 Thread 0x000001e39067d170 DEOPT PACKING pc=0x000001e32e9f313d sp=0x0000001e2e8f6cf0
Event: 14.254 Thread 0x000001e39067d170 DEOPT UNPACKING pc=0x000001e335ea7143 sp=0x0000001e2e8f6188 mode 0
Event: 14.268 Thread 0x000001e39067d170 DEOPT PACKING pc=0x000001e32e9f313d sp=0x0000001e2e8f6cf0
Event: 14.268 Thread 0x000001e39067d170 DEOPT UNPACKING pc=0x000001e335ea7143 sp=0x0000001e2e8f6188 mode 0
Event: 14.293 Thread 0x000001e39067d170 DEOPT PACKING pc=0x000001e32e9f313d sp=0x0000001e2e8f6c80
Event: 14.293 Thread 0x000001e39067d170 DEOPT UNPACKING pc=0x000001e335ea7143 sp=0x0000001e2e8f6118 mode 0

Classes loaded (20 events):
Event: 13.797 Loading class java/util/Comparators$NaturalOrderComparator
Event: 13.797 Loading class java/util/Comparators$NaturalOrderComparator done
Event: 13.797 Loading class java/util/Collections$ReverseComparator2
Event: 13.797 Loading class java/util/Collections$ReverseComparator2 done
Event: 13.980 Loading class java/nio/file/StandardCopyOption
Event: 13.981 Loading class java/nio/file/StandardCopyOption done
Event: 13.982 Loading class sun/nio/fs/WindowsFileCopy
Event: 13.982 Loading class sun/nio/fs/WindowsFileCopy done
Event: 13.984 Loading class sun/nio/fs/WindowsSecurity$Privilege
Event: 13.984 Loading class sun/nio/fs/WindowsSecurity$Privilege done
Event: 14.073 Loading class jdk/internal/access/foreign/MemorySegmentProxy
Event: 14.073 Loading class jdk/internal/access/foreign/MemorySegmentProxy done
Event: 14.099 Loading class java/util/stream/SortedOps
Event: 14.099 Loading class java/util/stream/SortedOps done
Event: 14.099 Loading class java/util/stream/SortedOps$OfRef
Event: 14.099 Loading class java/util/stream/SortedOps$OfRef done
Event: 14.100 Loading class java/util/stream/SortedOps$RefSortingSink
Event: 14.100 Loading class java/util/stream/SortedOps$AbstractRefSortingSink
Event: 14.100 Loading class java/util/stream/SortedOps$AbstractRefSortingSink done
Event: 14.100 Loading class java/util/stream/SortedOps$RefSortingSink done

Classes unloaded (0 events):
No events

Classes redefined (0 events):
No events

Internal exceptions (20 events):
Event: 12.753 Thread 0x000001e39067d170 Exception <a 'java/lang/NoSuchMethodError'{0x00000007044c2338}: 'int java.lang.invoke.DirectMethodHandle$Holder.invokeInterface(java.lang.Object, java.lang.Object, java.lang.Object, java.lang.Object)'> (0x00000007044c2338) 
thrown [s\src\hotspot\share\interpreter\linkResolver.cpp, line 759]
Event: 12.820 Thread 0x000001e39067d170 Exception <a 'java/lang/NoSuchMethodError'{0x000000070400ea10}: 'java.lang.Object java.lang.invoke.DirectMethodHandle$Holder.newInvokeSpecial(java.lang.Object, java.lang.Object, java.lang.Object, java.lang.Object, java.lang.Object, java.lang.Object, int)'> (0x000000070400ea10) 
thrown [s\src\hotspot\share\interpreter\linkResolver.cpp, line 759]
Event: 12.821 Thread 0x000001e39067d170 Exception <a 'java/lang/NoSuchMethodError'{0x0000000704014750}: 'java.lang.Object java.lang.invoke.DirectMethodHandle$Holder.invokeSpecial(java.lang.Object, java.lang.Object, java.lang.Object, java.lang.Object, java.lang.Object, java.lang.Object, java.lang.Object, int)'> (0x0000000704014750) 
thrown [s\src\hotspot\share\interpreter\linkResolver.cpp, line 759]
Event: 12.821 Thread 0x000001e39067d170 Exception <a 'java/lang/NoSuchMethodError'{0x000000070401a078}: 'java.lang.Object java.lang.invoke.Invokers$Holder.linkToTargetMethod(java.lang.Object, java.lang.Object, java.lang.Object, java.lang.Object, java.lang.Object, int, java.lang.Object)'> (0x000000070401a078) 
thrown [s\src\hotspot\share\interpreter\linkResolver.cpp, line 759]
Event: 12.946 Thread 0x000001e3962393b0 Exception <a 'java/lang/NoSuchMethodError'{0x0000000703a0f6c0}: 'java.lang.Object java.lang.invoke.DirectMethodHandle$Holder.newInvokeSpecial(java.lang.Object, java.lang.Object, java.lang.Object, java.lang.Object, int, java.lang.Object)'> (0x0000000703a0f6c0) 
thrown [s\src\hotspot\share\interpreter\linkResolver.cpp, line 759]
Event: 12.947 Thread 0x000001e3962393b0 Exception <a 'java/lang/NoSuchMethodError'{0x0000000703a13738}: 'java.lang.Object java.lang.invoke.Invokers$Holder.linkToTargetMethod(java.lang.Object, java.lang.Object, java.lang.Object, int, java.lang.Object, java.lang.Object)'> (0x0000000703a13738) 
thrown [s\src\hotspot\share\interpreter\linkResolver.cpp, line 759]
Event: 12.959 Thread 0x000001e34a43e8c0 Exception <a 'java/lang/NoSuchMethodError'{0x0000000703a96180}: 'void java.lang.invoke.DirectMethodHandle$Holder.invokeInterface(java.lang.Object, java.lang.Object, java.lang.Object, java.lang.Object)'> (0x0000000703a96180) 
thrown [s\src\hotspot\share\interpreter\linkResolver.cpp, line 759]
Event: 12.993 Thread 0x000001e34a43e8c0 Exception <a 'sun/nio/fs/WindowsException'{0x0000000703bc7770}> (0x0000000703bc7770) 
thrown [s\src\hotspot\share\prims\jni.cpp, line 516]
Event: 12.995 Thread 0x000001e34a43e8c0 Exception <a 'sun/nio/fs/WindowsException'{0x0000000703bc9c68}> (0x0000000703bc9c68) 
thrown [s\src\hotspot\share\prims\jni.cpp, line 516]
Event: 12.996 Thread 0x000001e34a43e8c0 Exception <a 'sun/nio/fs/WindowsException'{0x0000000703bcbf90}> (0x0000000703bcbf90) 
thrown [s\src\hotspot\share\prims\jni.cpp, line 516]
Event: 12.997 Thread 0x000001e34a43e8c0 Exception <a 'sun/nio/fs/WindowsException'{0x0000000703bcdea0}> (0x0000000703bcdea0) 
thrown [s\src\hotspot\share\prims\jni.cpp, line 516]
Event: 13.007 Thread 0x000001e34a43e8c0 Exception <a 'java/lang/NoSuchMethodError'{0x00000007038310a8}: 'int java.lang.invoke.DirectMethodHandle$Holder.invokeSpecial(java.lang.Object, java.lang.Object, java.lang.Object, java.lang.Object, java.lang.Object)'> (0x00000007038310a8) 
thrown [s\src\hotspot\share\interpreter\linkResolver.cpp, line 759]
Event: 13.021 Thread 0x000001e3962393b0 Exception <a 'sun/nio/fs/WindowsException'{0x00000007038c1400}> (0x00000007038c1400) 
thrown [s\src\hotspot\share\prims\jni.cpp, line 516]
Event: 13.124 Thread 0x000001e3962393b0 Exception <a 'java/lang/NoSuchMethodError'{0x00000007037c9f10}: static Ljava/lang/Object;.<clinit>()V> (0x00000007037c9f10) 
thrown [s\src\hotspot\share\prims\jni.cpp, line 1112]
Event: 13.219 Thread 0x000001e3962393b0 Implicit null exception at 0x000001e3367489ef to 0x000001e336748c44
Event: 13.294 Thread 0x000001e3962393b0 Exception <a 'java/lang/NoSuchMethodError'{0x0000000707601f98}: 'void java.lang.invoke.DirectMethodHandle$Holder.invokeVirtual(java.lang.Object, java.lang.Object)'> (0x0000000707601f98) 
thrown [s\src\hotspot\share\interpreter\linkResolver.cpp, line 759]
Event: 13.982 Thread 0x000001e39413c7c0 Exception <a 'sun/nio/fs/WindowsException'{0x000000070f6c69c0}> (0x000000070f6c69c0) 
thrown [s\src\hotspot\share\prims\jni.cpp, line 516]
Event: 13.997 Thread 0x000001e34a43f7f0 Exception <a 'sun/nio/fs/WindowsException'{0x000000070f7a3c50}> (0x000000070f7a3c50) 
thrown [s\src\hotspot\share\prims\jni.cpp, line 516]
Event: 14.090 Thread 0x000001e34a43f7f0 Exception <a 'sun/nio/fs/WindowsException'{0x00000007071bb0f0}> (0x00000007071bb0f0) 
thrown [s\src\hotspot\share\prims\jni.cpp, line 516]
Event: 14.091 Thread 0x000001e34a43f7f0 Exception <a 'sun/nio/fs/WindowsException'{0x00000007071bb310}> (0x00000007071bb310) 
thrown [s\src\hotspot\share\prims\jni.cpp, line 516]

VM Operations (20 events):
Event: 13.827 Executing VM operation: HandshakeAllThreads done
Event: 13.961 Executing VM operation: G1CollectForAllocation
Event: 13.965 Executing VM operation: G1CollectForAllocation done
Event: 13.989 Executing VM operation: HandshakeAllThreads
Event: 13.989 Executing VM operation: HandshakeAllThreads done
Event: 13.991 Executing VM operation: HandshakeAllThreads
Event: 13.991 Executing VM operation: HandshakeAllThreads done
Event: 13.998 Executing VM operation: HandshakeAllThreads
Event: 13.999 Executing VM operation: HandshakeAllThreads done
Event: 14.100 Executing VM operation: HandshakeAllThreads
Event: 14.100 Executing VM operation: HandshakeAllThreads done
Event: 14.175 Executing VM operation: G1TryInitiateConcMark
Event: 14.178 Executing VM operation: G1TryInitiateConcMark done
Event: 14.195 Executing VM operation: G1PauseRemark
Event: 14.197 Executing VM operation: G1PauseRemark done
Event: 14.204 Executing VM operation: G1PauseCleanup
Event: 14.204 Executing VM operation: G1PauseCleanup done
Event: 14.273 Executing VM operation: G1TryInitiateConcMark
Event: 14.275 Executing VM operation: G1TryInitiateConcMark done
Event: 14.295 Executing VM operation: G1PauseRemark

Events (20 events):
Event: 13.192 Thread 0x000001e3962356f0 Thread added: 0x000001e3962356f0
Event: 13.342 Thread 0x000001e3961ae910 Thread exited: 0x000001e3961ae910
Event: 13.512 Thread 0x000001e393e754c0 Thread exited: 0x000001e393e754c0
Event: 13.899 Thread 0x000001e396238ea0 Thread added: 0x000001e396238ea0
Event: 13.899 Thread 0x000001e396239dd0 Thread added: 0x000001e396239dd0
Event: 13.899 Thread 0x000001e396235c00 Thread added: 0x000001e396235c00
Event: 13.900 Thread 0x000001e396238990 Thread added: 0x000001e396238990
Event: 13.900 Thread 0x000001e39623a7f0 Thread added: 0x000001e39623a7f0
Event: 13.900 Thread 0x000001e39623b210 Thread added: 0x000001e39623b210
Event: 13.900 Thread 0x000001e39413e110 Thread added: 0x000001e39413e110
Event: 13.900 Thread 0x000001e39413f550 Thread added: 0x000001e39413f550
Event: 13.900 Thread 0x000001e39413ff70 Thread added: 0x000001e39413ff70
Event: 13.900 Thread 0x000001e39413bda0 Thread added: 0x000001e39413bda0
Event: 13.900 Thread 0x000001e39413f040 Thread added: 0x000001e39413f040
Event: 13.913 Thread 0x000001e3958905c0 Thread added: 0x000001e3958905c0
Event: 13.980 Thread 0x000001e39413c7c0 Thread added: 0x000001e39413c7c0
Event: 13.980 Thread 0x000001e3941418c0 Thread added: 0x000001e3941418c0
Event: 13.980 Thread 0x000001e394141dd0 Thread added: 0x000001e394141dd0
Event: 13.980 Thread 0x000001e39413ccd0 Thread added: 0x000001e39413ccd0
Event: 13.980 Thread 0x000001e39413e620 Thread added: 0x000001e39413e620


Dynamic libraries:
0x00007ff79e320000 - 0x00007ff79e32e000 	C:\Program Files\Microsoft\jdk-17.0.12.7-hotspot\bin\java.exe
0x00007ffc20350000 - 0x00007ffc20567000 	C:\Windows\SYSTEM32\ntdll.dll
0x00007ffc1f580000 - 0x00007ffc1f644000 	C:\Windows\System32\KERNEL32.DLL
0x00007ffc1d650000 - 0x00007ffc1da09000 	C:\Windows\System32\KERNELBASE.dll
0x00007ffc1da10000 - 0x00007ffc1db21000 	C:\Windows\System32\ucrtbase.dll
0x00007ffbffd60000 - 0x00007ffbffd7d000 	C:\Program Files\Microsoft\jdk-17.0.12.7-hotspot\bin\VCRUNTIME140.dll
0x00007ffc195b0000 - 0x00007ffc195c7000 	C:\Program Files\Microsoft\jdk-17.0.12.7-hotspot\bin\jli.dll
0x00007ffc1e280000 - 0x00007ffc1e42e000 	C:\Windows\System32\USER32.dll
0x00007ffc1dd90000 - 0x00007ffc1ddb6000 	C:\Windows\System32\win32u.dll
0x00007ffc05940000 - 0x00007ffc05bd2000 	C:\Windows\WinSxS\amd64_microsoft.windows.common-controls_6595b64144ccf1df_6.0.22621.4391_none_2715d37f73803e96\COMCTL32.dll
0x00007ffc1e150000 - 0x00007ffc1e179000 	C:\Windows\System32\GDI32.dll
0x00007ffc1dee0000 - 0x00007ffc1dffb000 	C:\Windows\System32\gdi32full.dll
0x00007ffc1f770000 - 0x00007ffc1f817000 	C:\Windows\System32\msvcrt.dll
0x00007ffc1ddc0000 - 0x00007ffc1de5a000 	C:\Windows\System32\msvcp_win.dll
0x00007ffc1f820000 - 0x00007ffc1f851000 	C:\Windows\System32\IMM32.DLL
0x00007ffc185d0000 - 0x00007ffc185dc000 	C:\Program Files\Microsoft\jdk-17.0.12.7-hotspot\bin\vcruntime140_1.dll
0x00007ffbdabd0000 - 0x00007ffbdac5d000 	C:\Program Files\Microsoft\jdk-17.0.12.7-hotspot\bin\msvcp140.dll
0x00007ffbd9220000 - 0x00007ffbd9e90000 	C:\Program Files\Microsoft\jdk-17.0.12.7-hotspot\bin\server\jvm.dll
0x00007ffc1ed20000 - 0x00007ffc1edd2000 	C:\Windows\System32\ADVAPI32.dll
0x00007ffc1f650000 - 0x00007ffc1f6f7000 	C:\Windows\System32\sechost.dll
0x00007ffc1dca0000 - 0x00007ffc1dcc8000 	C:\Windows\System32\bcrypt.dll
0x00007ffc1f870000 - 0x00007ffc1f984000 	C:\Windows\System32\RPCRT4.dll
0x00007ffc1fa10000 - 0x00007ffc1fa81000 	C:\Windows\System32\WS2_32.dll
0x00007ffc1d520000 - 0x00007ffc1d56d000 	C:\Windows\SYSTEM32\POWRPROF.dll
0x00007ffc15700000 - 0x00007ffc15734000 	C:\Windows\SYSTEM32\WINMM.dll
0x00007ffc142c0000 - 0x00007ffc142ca000 	C:\Windows\SYSTEM32\VERSION.dll
0x00007ffc1d500000 - 0x00007ffc1d513000 	C:\Windows\SYSTEM32\UMPDC.dll
0x00007ffc1c690000 - 0x00007ffc1c6a8000 	C:\Windows\SYSTEM32\kernel.appcore.dll
0x00007ffc185b0000 - 0x00007ffc185ba000 	C:\Program Files\Microsoft\jdk-17.0.12.7-hotspot\bin\jimage.dll
0x00007ffc133f0000 - 0x00007ffc13622000 	C:\Windows\SYSTEM32\DBGHELP.DLL
0x00007ffc1faa0000 - 0x00007ffc1fe2f000 	C:\Windows\System32\combase.dll
0x00007ffc1f090000 - 0x00007ffc1f167000 	C:\Windows\System32\OLEAUT32.dll
0x00007ffc0cad0000 - 0x00007ffc0cb02000 	C:\Windows\SYSTEM32\dbgcore.DLL
0x00007ffc1de60000 - 0x00007ffc1dedb000 	C:\Windows\System32\bcryptPrimitives.dll
0x00007ffbff8a0000 - 0x00007ffbff8ae000 	C:\Program Files\Microsoft\jdk-17.0.12.7-hotspot\bin\instrument.dll
0x00007ffbff8b0000 - 0x00007ffbff8d5000 	C:\Program Files\Microsoft\jdk-17.0.12.7-hotspot\bin\java.dll
0x00007ffbdaaf0000 - 0x00007ffbdabc7000 	C:\Program Files\Microsoft\jdk-17.0.12.7-hotspot\bin\jsvml.dll
0x00007ffc1e430000 - 0x00007ffc1eca6000 	C:\Windows\System32\SHELL32.dll
0x00007ffc1b590000 - 0x00007ffc1be93000 	C:\Windows\SYSTEM32\windows.storage.dll
0x00007ffc1b450000 - 0x00007ffc1b58f000 	C:\Windows\SYSTEM32\wintypes.dll
0x00007ffc1ef90000 - 0x00007ffc1f089000 	C:\Windows\System32\SHCORE.dll
0x00007ffc1fe30000 - 0x00007ffc1fe8e000 	C:\Windows\System32\shlwapi.dll
0x00007ffc1d580000 - 0x00007ffc1d5ab000 	C:\Windows\SYSTEM32\profapi.dll
0x00007ffbf67d0000 - 0x00007ffbf67e8000 	C:\Program Files\Microsoft\jdk-17.0.12.7-hotspot\bin\zip.dll
0x00007ffbff170000 - 0x00007ffbff18a000 	C:\Program Files\Microsoft\jdk-17.0.12.7-hotspot\bin\net.dll
0x00007ffc16200000 - 0x00007ffc16336000 	C:\Windows\SYSTEM32\WINHTTP.dll
0x00007ffc1cb10000 - 0x00007ffc1cb79000 	C:\Windows\system32\mswsock.dll
0x00007ffbfa780000 - 0x00007ffbfa796000 	C:\Program Files\Microsoft\jdk-17.0.12.7-hotspot\bin\nio.dll
0x00007ffc05110000 - 0x00007ffc05120000 	C:\Program Files\Microsoft\jdk-17.0.12.7-hotspot\bin\verify.dll
0x00007ffc19960000 - 0x00007ffc19987000 	C:\Users\Admin\.gradle\native\68d5fa5c4cc2d200863cafc0d521ce42e7d3e7ee720ec0a83991735586a16f82\windows-amd64\native-platform.dll
0x00007ffbb08f0000 - 0x00007ffbb0a34000 	C:\Users\Admin\.gradle\native\e376f236ea51e6404a007f0833ffe2c6e607c4080706a723a18a27aeea778392\windows-amd64\native-platform-file-events.dll
0x00007ffc00f20000 - 0x00007ffc00f2a000 	C:\Program Files\Microsoft\jdk-17.0.12.7-hotspot\bin\management.dll
0x00007ffc00c50000 - 0x00007ffc00c5b000 	C:\Program Files\Microsoft\jdk-17.0.12.7-hotspot\bin\management_ext.dll
0x00007ffc1f700000 - 0x00007ffc1f708000 	C:\Windows\System32\PSAPI.DLL
0x00007ffc1cd60000 - 0x00007ffc1cd7b000 	C:\Windows\SYSTEM32\CRYPTSP.dll
0x00007ffc1c5f0000 - 0x00007ffc1c625000 	C:\Windows\system32\rsaenh.dll
0x00007ffc1cc00000 - 0x00007ffc1cc28000 	C:\Windows\SYSTEM32\USERENV.dll
0x00007ffc1cd80000 - 0x00007ffc1cd8c000 	C:\Windows\SYSTEM32\CRYPTBASE.dll
0x00007ffc1c140000 - 0x00007ffc1c16d000 	C:\Windows\SYSTEM32\IPHLPAPI.DLL
0x00007ffc1e070000 - 0x00007ffc1e079000 	C:\Windows\System32\NSI.dll
0x00007ffc15900000 - 0x00007ffc15919000 	C:\Windows\SYSTEM32\dhcpcsvc6.DLL
0x00007ffc15790000 - 0x00007ffc157af000 	C:\Windows\SYSTEM32\dhcpcsvc.DLL
0x00007ffc1c170000 - 0x00007ffc1c272000 	C:\Windows\SYSTEM32\DNSAPI.dll
0x00007ffc007f0000 - 0x00007ffc007f9000 	C:\Program Files\Microsoft\jdk-17.0.12.7-hotspot\bin\extnet.dll
0x00007ffbfa640000 - 0x00007ffbfa64e000 	C:\Program Files\Microsoft\jdk-17.0.12.7-hotspot\bin\sunmscapi.dll
0x00007ffc1db30000 - 0x00007ffc1dc96000 	C:\Windows\System32\CRYPT32.dll
0x00007ffc1cf00000 - 0x00007ffc1cf2d000 	C:\Windows\SYSTEM32\ncrypt.dll
0x00007ffc1cec0000 - 0x00007ffc1cef7000 	C:\Windows\SYSTEM32\NTASN1.dll
0x00007ffc186e0000 - 0x00007ffc186e8000 	C:\Windows\system32\wshunix.dll
0x00007ffc1c7a0000 - 0x00007ffc1c7d4000 	C:\Windows\SYSTEM32\ntmarta.dll

dbghelp: loaded successfully - version: 4.0.5 - missing functions: none
symbol engine: initialized successfully - sym options: 0x614 - pdb path: .;C:\Program Files\Microsoft\jdk-17.0.12.7-hotspot\bin;C:\Windows\SYSTEM32;C:\Windows\WinSxS\amd64_microsoft.windows.common-controls_6595b64144ccf1df_6.0.22621.4391_none_2715d37f73803e96;C:\Program Files\Microsoft\jdk-17.0.12.7-hotspot\bin\server;C:\Users\Admin\.gradle\native\68d5fa5c4cc2d200863cafc0d521ce42e7d3e7ee720ec0a83991735586a16f82\windows-amd64;C:\Users\Admin\.gradle\native\e376f236ea51e6404a007f0833ffe2c6e607c4080706a723a18a27aeea778392\windows-amd64

VM Arguments:
jvm_args: --add-opens=java.base/java.util=ALL-UNNAMED --add-opens=java.base/java.lang=ALL-UNNAMED --add-opens=java.base/java.lang.invoke=ALL-UNNAMED --add-opens=java.prefs/java.util.prefs=ALL-UNNAMED --add-opens=java.base/java.nio.charset=ALL-UNNAMED --add-opens=java.base/java.net=ALL-UNNAMED --add-opens=java.base/java.util.concurrent.atomic=ALL-UNNAMED -Xmx4G -Dfile.encoding=windows-1252 -Duser.country=US -Duser.language=en -Duser.variant -javaagent:C:\Users\Admin\.gradle\wrapper\dists\gradle-8.1-all\20ex0cxcummvwpmavmhfg81jg\gradle-8.1\lib\agents\gradle-instrumentation-agent-8.1.jar 
java_command: org.gradle.launcher.daemon.bootstrap.GradleDaemon 8.1
java_class_path (initial): C:\Users\Admin\.gradle\wrapper\dists\gradle-8.1-all\20ex0cxcummvwpmavmhfg81jg\gradle-8.1\lib\gradle-launcher-8.1.jar
Launcher Type: SUN_STANDARD

[Global flags]
     intx CICompilerCount                          = 4                                         {product} {ergonomic}
     uint ConcGCThreads                            = 3                                         {product} {ergonomic}
     uint G1ConcRefinementThreads                  = 10                                        {product} {ergonomic}
   size_t G1HeapRegionSize                         = 2097152                                   {product} {ergonomic}
    uintx GCDrainStackTargetSize                   = 64                                        {product} {ergonomic}
   size_t InitialHeapSize                          = 260046848                                 {product} {ergonomic}
   size_t MarkStackSize                            = 4194304                                   {product} {ergonomic}
   size_t MaxHeapSize                              = 4294967296                                {product} {command line}
   size_t MaxNewSize                               = 2575302656                                {product} {ergonomic}
   size_t MinHeapDeltaBytes                        = 2097152                                   {product} {ergonomic}
   size_t MinHeapSize                              = 8388608                                   {product} {ergonomic}
    uintx NonNMethodCodeHeapSize                   = 5839372                                {pd product} {ergonomic}
    uintx NonProfiledCodeHeapSize                  = 122909434                              {pd product} {ergonomic}
    uintx ProfiledCodeHeapSize                     = 122909434                              {pd product} {ergonomic}
    uintx ReservedCodeCacheSize                    = 251658240                              {pd product} {ergonomic}
     bool SegmentedCodeCache                       = true                                      {product} {ergonomic}
   size_t SoftMaxHeapSize                          = 4294967296                             {manageable} {ergonomic}
     bool UseCompressedClassPointers               = true                           {product lp64_product} {ergonomic}
     bool UseCompressedOops                        = true                           {product lp64_product} {ergonomic}
     bool UseG1GC                                  = true                                      {product} {ergonomic}
     bool UseLargePagesIndividualAllocation        = false                                  {pd product} {ergonomic}

Logging:
Log output configuration:
 #0: stdout all=warning uptime,level,tags
 #1: stderr all=off uptime,level,tags

Environment Variables:
JAVA_HOME=C:\Program Files\Microsoft\jdk-17.0.12.7-hotspot
CLASSPATH=C:\Users\Admin\Desktop\ALL Plants Disease\FLUTTERAPP\mamatay\argivysor\android\\gradle\wrapper\gradle-wrapper.jar
PATH=C:\Program Files\Microsoft\jdk-17.0.12.7-hotspot\bin;C:\Ruby33-x64\bin;C:\Android\emulator;C:\Program Files\Microsoft\jdk-17.0.12.7-hotspot\bin;C:\Android\cmdline-tools\latest\bin;C:\Android\platform-tools;C:\Windows\system32;C:\Windows;C:\Windows\System32\Wbem;C:\Windows\System32\WindowsPowerShell\v1.0\;C:\Windows\System32\OpenSSH\;C:\Users\Admin\AppData\Local\Microsoft\WindowsApps;C:\Users\Admin\AppData\Local\spicetify;C:\adb;C:\Program Files\dotnet\;C:\ProgramData\chocolatey\bin;C:\Program Files\GitHub CLI\;C:\ffmpeg\bin\;C:\Program Files (x86)\cloudflared\;C:\Program Files\Git\cmd;%ANDROID_HOME%\tools;%ANDROID_HOME%\tools\bin;%ANDROID_HOME%\platform-tools;C:\Users\Admin\miniconda3;C:\Users\Admin\miniconda3\Library\mingw-w64\bin;C:\Users\Admin\miniconda3\Library\usr\bin;C:\Users\Admin\miniconda3\Library\bin;C:\Users\Admin\miniconda3\Scripts;C:\Users\Admin\AppData\Local\Programs\Python\Python312\Scripts\;C:\Users\Admin\AppData\Local\Programs\Python\Python312\;C:\Users\Admin\AppData\Local\Microsoft\WinGet\Links;C:\tools\dart-sdk\bin;C:\Users\Admin\AppData\Local\Pub\Cache\bin;C:;%ANDROID_HOME%\emulator;C:\Program Files\Microsoft\jdk-17.0.12.7-hotspot\bin;%FLUTTER_HOME%\bin;C:\Program Files\CMake\bin;C:\Program Files\Microsoft\jdk-17.0.12.7-hotspot\bin\;C:\Windows\system32;C:\Windows;C:\Windows\System32\Wbem;C:\Windows\System32\WindowsPowerShell\v1.0\;C:\Windows\System32\OpenSSH\;C:\Users\Admin\AppData\Local\Microsoft\WindowsApps;C:\Users\Admin\AppData\Local\spicetify;C:\adb;C:\Program Files\dotnet\;C:\ProgramData\chocolatey\bin;C:\Program Files\GitHub CLI\;C:\ffmpeg\bin\;C:\Program Files (x86)\cloudflared\;C:\Program Files\Git\cmd;%ANDROID_HOME%\tools;%ANDROID_HOME%\tools\bin;%ANDROID_HOME%\platform-tools;C:\Users\Admin\miniconda3;C:\Users\Admin\miniconda3\Library\mingw-w64\bin;C:\Users\Admin\miniconda3\Library\usr\bin;C:\Users\Admin\miniconda3\Library\bin;C:\Users\Admin\miniconda3\Scripts;C:\Users\Admin\AppData\Local\Programs\Python\Python312\Scripts\;C:\Users\Ad
USERNAME=Admin
OS=Windows_NT
PROCESSOR_IDENTIFIER=AMD64 Family 23 Model 96 Stepping 1, AuthenticAMD
TMP=C:\Users\Admin\AppData\Local\Temp
TEMP=C:\Users\Admin\AppData\Local\Temp



Periodic native trim disabled


---------------  S Y S T E M  ---------------

OS:
 Windows 11 , 64 bit Build 22621 (10.0.22621.4391)
OS uptime: 0 days 1:55 hours

CPU: total 12 (initial active 12) (12 cores per cpu, 2 threads per core) family 23 model 96 stepping 1 microcode 0x0, cx8, cmov, fxsr, ht, mmx, 3dnowpref, sse, sse2, sse3, ssse3, sse4a, sse4.1, sse4.2, popcnt, lzcnt, tsc, tscinvbit, avx, avx2, aes, clmul, bmi1, bmi2, adx, sha, fma, vzeroupper, clflush, clflushopt
Processor Information for the first 12 processors :
  Max Mhz: 3701, Current Mhz: 3701, Mhz Limit: 3701

Memory: 4k page, system-wide physical 15761M (2049M free)
TotalPageFile size 19761M (AvailPageFile size 11M)
current process WorkingSet (physical memory assigned to process): 304M, peak: 310M
current process commit charge ("private bytes"): 354M, peak: 437M

vm_info: OpenJDK 64-Bit Server VM (17.0.12+7-LTS) for windows-amd64 JRE (17.0.12+7-LTS), built on Jul 16 2024 18:11:44 by "MicrosoftCorporation" with unknown MS VC++:1939

END.
