#
# There is insufficient memory for the Java Runtime Environment to continue.
# Native memory allocation (malloc) failed to allocate 32744 bytes. Error detail: ChunkPool::allocate
# Possible reasons:
#   The system is out of physical RAM or swap space
#   This process is running with CompressedOops enabled, and the Java Heap may be blocking the growth of the native heap
# Possible solutions:
#   Reduce memory load on the system
#   Increase physical memory or swap space
#   Check if swap backing store is full
#   Decrease Java heap size (-Xmx/-Xms)
#   Decrease number of Java threads
#   Decrease Java thread stack sizes (-Xss)
#   Set larger code cache with -XX:ReservedCodeCacheSize=
#   JVM is running with Zero Based Compressed Oops mode in which the Java heap is
#     placed in the first 32GB address space. The Java Heap base address is the
#     maximum limit for the native heap growth. Please use -XX:HeapBaseMinAddress
#     to set the Java Heap base and to place the Java Heap above 32GB virtual address.
# This output file may be truncated or incomplete.
#
#  Out of Memory Error (arena.cpp:79), pid=19024, tid=7748
#
# JRE version: OpenJDK Runtime Environment Microsoft-9889599 (17.0.12+7) (build 17.0.12+7-LTS)
# Java VM: OpenJDK 64-Bit Server VM Microsoft-9889599 (17.0.12+7-LTS, mixed mode, sharing, tiered, compressed oops, compressed class ptrs, g1 gc, windows-amd64)
# No core dump will be written. Minidumps are not enabled by default on client versions of Windows
#

---------------  S U M M A R Y ------------

Command Line: --add-opens=java.base/java.util=ALL-UNNAMED --add-opens=java.base/java.lang=ALL-UNNAMED --add-opens=java.base/java.lang.invoke=ALL-UNNAMED --add-opens=java.prefs/java.util.prefs=ALL-UNNAMED --add-opens=java.base/java.nio.charset=ALL-UNNAMED --add-opens=java.base/java.net=ALL-UNNAMED --add-opens=java.base/java.util.concurrent.atomic=ALL-UNNAMED -Xmx4G -Dfile.encoding=windows-1252 -Duser.country=US -Duser.language=en -Duser.variant -javaagent:C:\Users\Admin\.gradle\wrapper\dists\gradle-8.1-all\20ex0cxcummvwpmavmhfg81jg\gradle-8.1\lib\agents\gradle-instrumentation-agent-8.1.jar org.gradle.launcher.daemon.bootstrap.GradleDaemon 8.1

Host: AMD Ryzen 5 4600G with Radeon Graphics, 12 cores, 15G,  Windows 11 , 64 bit Build 22621 (10.0.22621.4391)
Time: Sat Oct 26 20:07:55 2024 China Standard Time elapsed time: 22.096302 seconds (0d 0h 0m 22s)

---------------  T H R E A D  ---------------

Current thread (0x000002d99ca8a710):  JavaThread "C2 CompilerThread0" daemon [_thread_in_native, id=7748, stack(0x000000db11f00000,0x000000db12000000)]


Current CompileTask:
C2:  22097 14567       4       org.gradle.internal.logging.text.AbstractLineChoppingStyledTextOutput::doAppend (43 bytes)

Stack: [0x000000db11f00000,0x000000db12000000]
Native frames: (J=compiled Java code, j=interpreted, Vv=VM code, C=native code)
V  [jvm.dll+0x686d99]
V  [jvm.dll+0x83daf8]
V  [jvm.dll+0x83f5a3]
V  [jvm.dll+0x83fc13]
V  [jvm.dll+0x2492ef]
V  [jvm.dll+0xad2ac]
V  [jvm.dll+0xad73c]
V  [jvm.dll+0xad1b4]
V  [jvm.dll+0x66406c]
V  [jvm.dll+0x592b1b]
V  [jvm.dll+0x58ec81]
V  [jvm.dll+0x58ea16]
V  [jvm.dll+0x58dc38]
V  [jvm.dll+0x223592]
V  [jvm.dll+0x21c149]
V  [jvm.dll+0x21986b]
V  [jvm.dll+0x1a53e6]
V  [jvm.dll+0x229faa]
V  [jvm.dll+0x2280fb]
V  [jvm.dll+0x7f3508]
V  [jvm.dll+0x7ed87c]
V  [jvm.dll+0x685c77]
C  [ucrtbase.dll+0x29333]
C  [KERNEL32.DLL+0x1259d]
C  [ntdll.dll+0x5af38]


---------------  P R O C E S S  ---------------

Threads class SMR info:
_java_thread_list=0x000002d9e7c30860, length=144, elements={
0x000002d9f66185d0, 0x000002d99ca750d0, 0x000002d99ca75e60, 0x000002d99ca86d10,
0x000002d99ca885f0, 0x000002d99ca88fb0, 0x000002d99ca89970, 0x000002d99ca8a710,
0x000002d99ca931d0, 0x000002d99ca95be0, 0x000002d99cb9d3e0, 0x000002d99cc8f230,
0x000002d9e3f9ae10, 0x000002d9e3457ee0, 0x000002d9e3919f50, 0x000002d9e3afb610,
0x000002d9e32bb610, 0x000002d9e2f02c40, 0x000002d9e2f016b0, 0x000002d9e35f0010,
0x000002d9e35f2da0, 0x000002d9e35f37c0, 0x000002d9e35f1e70, 0x000002d9e35f2380,
0x000002d9e35f0520, 0x000002d9e35f1960, 0x000002d9e35f32b0, 0x000002d9e35f0a30,
0x000002d9e35f0f40, 0x000002d9e35f1450, 0x000002d9e6446490, 0x000002d9e6449220,
0x000002d9e64482f0, 0x000002d9e6444120, 0x000002d9e644a660, 0x000002d9e64478d0,
0x000002d9e6445560, 0x000002d9e644b590, 0x000002d9e6446eb0, 0x000002d9e644baa0,
0x000002d9e6449730, 0x000002d9e6444b40, 0x000002d9e6444630, 0x000002d9e64469a0,
0x000002d9e644a150, 0x000002d9e6448800, 0x000002d9e6445050, 0x000002d9e6445f80,
0x000002d9e6448d10, 0x000002d9e731e8e0, 0x000002d9e7322ab0, 0x000002d9e731edf0,
0x000002d9e7321670, 0x000002d9e731c570, 0x000002d9e731cf90, 0x000002d9e731f300,
0x000002d9e731ca80, 0x000002d9e731e3d0, 0x000002d9e731fd20, 0x000002d9e7320740,
0x000002d9e731d4a0, 0x000002d9e7321b80, 0x000002d9e7320230, 0x000002d9e7320c50,
0x000002d9e731d9b0, 0x000002d9e7322fc0, 0x000002d9e731dec0, 0x000002d9e731f810,
0x000002d9e73234d0, 0x000002d9e731c060, 0x000002d9e7321160, 0x000002d9e7322090,
0x000002d9e73239e0, 0x000002d9e73225a0, 0x000002d9e7a25750, 0x000002d9e7a25c60,
0x000002d9e7a26170, 0x000002d9e7a26680, 0x000002d9e7a25240, 0x000002d9e7a22ed0,
0x000002d9e7a289f0, 0x000002d9e7a238f0, 0x000002d9e7a23e00, 0x000002d9e7a26b90,
0x000002d9e7a29920, 0x000002d9e7a27ac0, 0x000002d9e7a27fd0, 0x000002d9e7a29e30,
0x000002d9e7a229c0, 0x000002d9e7a24d30, 0x000002d9e7a284e0, 0x000002d9e7a233e0,
0x000002d9e7a24820, 0x000002d9e7a2a340, 0x000002d9e7a24310, 0x000002d9e9975c90,
0x000002d9e99766b0, 0x000002d9e997ad90, 0x000002d9e9979e60, 0x000002d9e997b7b0,
0x000002d9e997b2a0, 0x000002d9e9979950, 0x000002d9e9975270, 0x000002d9e9978510,
0x000002d9e997a370, 0x000002d9e99775e0, 0x000002d9e997bcc0, 0x000002d9e9976bc0,
0x000002d9e99770d0, 0x000002d9e9977af0, 0x000002d9e9978000, 0x000002d9e9978a20,
0x000002d9e6eb0100, 0x000002d9e6eae7b0, 0x000002d9e6eb2980, 0x000002d9e6eb5710,
0x000002d9e6eb6130, 0x000002d9e6eb4cf0, 0x000002d9e6eb2470, 0x000002d9e6eaecc0,
0x000002d9e6eb1030, 0x000002d9e6eb1f60, 0x000002d9e6eb3dc0, 0x000002d9e6eb1540,
0x000002d9e6eb2e90, 0x000002d9e6eb33a0, 0x000002d9e6eb38b0, 0x000002d9e6eb47e0,
0x000002d9e6eaf1d0, 0x000002d9e6eb5c20, 0x000002d9e6eb42d0, 0x000002d9e6eafbf0,
0x000002d9e6eaf6e0, 0x000002d9e6eb0610, 0x000002d9e6eb1a50, 0x000002d9e6eb0b20,
0x000002d9e484f1a0, 0x000002d9e4851f30, 0x000002d9e48505e0, 0x000002d9e484c410,
0x000002d9e484f6b0, 0x000002d9e484e270, 0x000002d9e484e780, 0x000002d9e484ec90
}

Java Threads: ( => current thread )
  0x000002d9f66185d0 JavaThread "main" [_thread_blocked, id=19240, stack(0x000000db11200000,0x000000db11300000)]
  0x000002d99ca750d0 JavaThread "Reference Handler" daemon [_thread_blocked, id=5916, stack(0x000000db11900000,0x000000db11a00000)]
  0x000002d99ca75e60 JavaThread "Finalizer" daemon [_thread_blocked, id=11880, stack(0x000000db11a00000,0x000000db11b00000)]
  0x000002d99ca86d10 JavaThread "Signal Dispatcher" daemon [_thread_blocked, id=8736, stack(0x000000db11b00000,0x000000db11c00000)]
  0x000002d99ca885f0 JavaThread "Attach Listener" daemon [_thread_blocked, id=11988, stack(0x000000db11c00000,0x000000db11d00000)]
  0x000002d99ca88fb0 JavaThread "Service Thread" daemon [_thread_blocked, id=15008, stack(0x000000db11d00000,0x000000db11e00000)]
  0x000002d99ca89970 JavaThread "Monitor Deflation Thread" daemon [_thread_blocked, id=19780, stack(0x000000db11e00000,0x000000db11f00000)]
=>0x000002d99ca8a710 JavaThread "C2 CompilerThread0" daemon [_thread_in_native, id=7748, stack(0x000000db11f00000,0x000000db12000000)]
  0x000002d99ca931d0 JavaThread "C1 CompilerThread0" daemon [_thread_blocked, id=20532, stack(0x000000db12000000,0x000000db12100000)]
  0x000002d99ca95be0 JavaThread "Sweeper thread" daemon [_thread_blocked, id=15736, stack(0x000000db12100000,0x000000db12200000)]
  0x000002d99cb9d3e0 JavaThread "Common-Cleaner" daemon [_thread_blocked, id=2896, stack(0x000000db12200000,0x000000db12300000)]
  0x000002d99cc8f230 JavaThread "Notification Thread" daemon [_thread_blocked, id=11756, stack(0x000000db12300000,0x000000db12400000)]
  0x000002d9e3f9ae10 JavaThread "Daemon health stats" [_thread_blocked, id=3044, stack(0x000000db12b00000,0x000000db12c00000)]
  0x000002d9e3457ee0 JavaThread "Incoming local TCP Connector on port 59312" [_thread_in_native, id=17996, stack(0x000000db12c00000,0x000000db12d00000)]
  0x000002d9e3919f50 JavaThread "Daemon periodic checks" [_thread_blocked, id=14344, stack(0x000000db12d00000,0x000000db12e00000)]
  0x000002d9e3afb610 JavaThread "Daemon" [_thread_blocked, id=18792, stack(0x000000db12e00000,0x000000db12f00000)]
  0x000002d9e32bb610 JavaThread "Handler for socket connection from /127.0.0.1:59312 to /127.0.0.1:59313" [_thread_in_native, id=1428, stack(0x000000db12f00000,0x000000db13000000)]
  0x000002d9e2f02c40 JavaThread "Cancel handler" [_thread_blocked, id=1112, stack(0x000000db13000000,0x000000db13100000)]
  0x000002d9e2f016b0 JavaThread "Daemon worker" [_thread_blocked, id=22280, stack(0x000000db13100000,0x000000db13200000)]
  0x000002d9e35f0010 JavaThread "Asynchronous log dispatcher for DefaultDaemonConnection: socket connection from /127.0.0.1:59312 to /127.0.0.1:59313" [_thread_blocked, id=6548, stack(0x000000db13200000,0x000000db13300000)]
  0x000002d9e35f2da0 JavaThread "Stdin handler" [_thread_blocked, id=12392, stack(0x000000db13300000,0x000000db13400000)]
  0x000002d9e35f37c0 JavaThread "Daemon client event forwarder" [_thread_blocked, id=8288, stack(0x000000db13400000,0x000000db13500000)]
  0x000002d9e35f1e70 JavaThread "Cache worker for journal cache (C:\Users\Admin\.gradle\caches\journal-1)" [_thread_blocked, id=15976, stack(0x000000db13500000,0x000000db13600000)]
  0x000002d9e35f2380 JavaThread "File lock request listener" [_thread_in_native, id=21012, stack(0x000000db13600000,0x000000db13700000)]
  0x000002d9e35f0520 JavaThread "Cache worker for file hash cache (C:\Users\Admin\.gradle\caches\8.1\fileHashes)" [_thread_blocked, id=19856, stack(0x000000db13700000,0x000000db13800000)]
  0x000002d9e35f1960 JavaThread "File watcher server" daemon [_thread_in_native, id=1884, stack(0x000000db13800000,0x000000db13900000)]
  0x000002d9e35f32b0 JavaThread "File watcher consumer" daemon [_thread_blocked, id=14908, stack(0x000000db13900000,0x000000db13a00000)]
  0x000002d9e35f0a30 JavaThread "Cache worker for checksums cache (C:\Users\Admin\Desktop\ALL Plants Disease\FLUTTERAPP\mamatay\argivysor\android\.gradle\8.1\checksums)" [_thread_blocked, id=15732, stack(0x000000db12600000,0x000000db12700000)]
  0x000002d9e35f0f40 JavaThread "Cache worker for cache directory md-rule (C:\Users\Admin\.gradle\caches\8.1\md-rule)" [_thread_blocked, id=4572, stack(0x000000db13a00000,0x000000db13b00000)]
  0x000002d9e35f1450 JavaThread "Cache worker for file content cache (C:\Users\Admin\.gradle\caches\8.1\fileContent)" [_thread_blocked, id=15840, stack(0x000000db13b00000,0x000000db13c00000)]
  0x000002d9e6446490 JavaThread "Cache worker for file hash cache (C:\Users\Admin\Desktop\ALL Plants Disease\FLUTTERAPP\mamatay\argivysor\android\.gradle\8.1\fileHashes)" [_thread_blocked, id=20040, stack(0x000000db14300000,0x000000db14400000)]
  0x000002d9e6449220 JavaThread "Cache worker for cache directory md-supplier (C:\Users\Admin\.gradle\caches\8.1\md-supplier)" [_thread_blocked, id=7000, stack(0x000000db14400000,0x000000db14500000)]
  0x000002d9e64482f0 JavaThread "Cache worker for execution history cache (C:\Users\Admin\.gradle\caches\8.1\executionHistory)" [_thread_blocked, id=5012, stack(0x000000db14500000,0x000000db14600000)]
  0x000002d9e6444120 JavaThread "jar transforms" [_thread_blocked, id=17732, stack(0x000000db14700000,0x000000db14800000)]
  0x000002d9e644a660 JavaThread "Cache worker for kotlin-dsl (C:\Users\Admin\.gradle\caches\8.1\kotlin-dsl)" [_thread_blocked, id=22340, stack(0x000000db14800000,0x000000db14900000)]
  0x000002d9e64478d0 JavaThread "jar transforms Thread 2" [_thread_blocked, id=12604, stack(0x000000db14900000,0x000000db14a00000)]
  0x000002d9e6445560 JavaThread "jar transforms Thread 3" [_thread_blocked, id=21612, stack(0x000000db14a00000,0x000000db14b00000)]
  0x000002d9e644b590 JavaThread "Cache worker for dependencies-accessors (C:\Users\Admin\Desktop\ALL Plants Disease\FLUTTERAPP\mamatay\argivysor\android\.gradle\8.1\dependencies-accessors)" [_thread_blocked, id=19712, stack(0x000000db14b00000,0x000000db14c00000)]
  0x000002d9e6446eb0 JavaThread "Cache worker for Build Output Cleanup Cache (C:\Users\Admin\flutter\flutter\packages\flutter_tools\gradle\.gradle\buildOutputCleanup)" [_thread_blocked, id=16984, stack(0x000000db14c00000,0x000000db14d00000)]
  0x000002d9e644baa0 JavaThread "jar transforms Thread 4" [_thread_blocked, id=8520, stack(0x000000db14d00000,0x000000db14e00000)]
  0x000002d9e6449730 JavaThread "jar transforms Thread 5" [_thread_blocked, id=21172, stack(0x000000db14e00000,0x000000db14f00000)]
  0x000002d9e6444b40 JavaThread "Memory manager" [_thread_blocked, id=16548, stack(0x000000db14f00000,0x000000db15000000)]
  0x000002d9e6444630 JavaThread "jar transforms Thread 6" [_thread_blocked, id=20564, stack(0x000000db14600000,0x000000db14700000)]
  0x000002d9e64469a0 JavaThread "jar transforms Thread 7" [_thread_blocked, id=22156, stack(0x000000db15000000,0x000000db15100000)]
  0x000002d9e644a150 JavaThread "included builds" [_thread_blocked, id=2124, stack(0x000000db15200000,0x000000db15300000)]
  0x000002d9e6448800 JavaThread "Execution worker" [_thread_blocked, id=4248, stack(0x000000db15300000,0x000000db15400000)]
  0x000002d9e6445050 JavaThread "Execution worker Thread 2" [_thread_blocked, id=20324, stack(0x000000db15400000,0x000000db15500000)]
  0x000002d9e6445f80 JavaThread "Execution worker Thread 3" [_thread_blocked, id=11536, stack(0x000000db15500000,0x000000db15600000)]
  0x000002d9e6448d10 JavaThread "Execution worker Thread 4" [_thread_blocked, id=21564, stack(0x000000db15600000,0x000000db15700000)]
  0x000002d9e731e8e0 JavaThread "Execution worker Thread 5" [_thread_blocked, id=12492, stack(0x000000db15700000,0x000000db15800000)]
  0x000002d9e7322ab0 JavaThread "Execution worker Thread 6" [_thread_blocked, id=14672, stack(0x000000db15800000,0x000000db15900000)]
  0x000002d9e731edf0 JavaThread "Execution worker Thread 7" [_thread_blocked, id=1108, stack(0x000000db15900000,0x000000db15a00000)]
  0x000002d9e7321670 JavaThread "Execution worker Thread 8" [_thread_blocked, id=2480, stack(0x000000db15a00000,0x000000db15b00000)]
  0x000002d9e731c570 JavaThread "Execution worker Thread 9" [_thread_blocked, id=9768, stack(0x000000db15b00000,0x000000db15c00000)]
  0x000002d9e731cf90 JavaThread "Execution worker Thread 10" [_thread_blocked, id=21732, stack(0x000000db15c00000,0x000000db15d00000)]
  0x000002d9e731f300 JavaThread "Execution worker Thread 11" [_thread_blocked, id=18596, stack(0x000000db15d00000,0x000000db15e00000)]
  0x000002d9e731ca80 JavaThread "Cache worker for execution history cache (C:\Users\Admin\flutter\flutter\packages\flutter_tools\gradle\.gradle\8.1\executionHistory)" [_thread_blocked, id=21724, stack(0x000000db15e00000,0x000000db15f00000)]
  0x000002d9e731e3d0 JavaThread "Unconstrained build operations" [_thread_blocked, id=21960, stack(0x000000db15f00000,0x000000db16000000)]
  0x000002d9e731fd20 JavaThread "Unconstrained build operations Thread 2" [_thread_blocked, id=8784, stack(0x000000db16000000,0x000000db16100000)]
  0x000002d9e7320740 JavaThread "Unconstrained build operations Thread 3" [_thread_blocked, id=15480, stack(0x000000db16100000,0x000000db16200000)]
  0x000002d9e731d4a0 JavaThread "Unconstrained build operations Thread 4" [_thread_blocked, id=1824, stack(0x000000db16200000,0x000000db16300000)]
  0x000002d9e7321b80 JavaThread "Unconstrained build operations Thread 5" [_thread_blocked, id=8844, stack(0x000000db16300000,0x000000db16400000)]
  0x000002d9e7320230 JavaThread "Unconstrained build operations Thread 6" [_thread_blocked, id=21636, stack(0x000000db16400000,0x000000db16500000)]
  0x000002d9e7320c50 JavaThread "Unconstrained build operations Thread 7" [_thread_blocked, id=10952, stack(0x000000db16500000,0x000000db16600000)]
  0x000002d9e731d9b0 JavaThread "Unconstrained build operations Thread 8" [_thread_blocked, id=15060, stack(0x000000db16600000,0x000000db16700000)]
  0x000002d9e7322fc0 JavaThread "Unconstrained build operations Thread 9" [_thread_blocked, id=17588, stack(0x000000db16700000,0x000000db16800000)]
  0x000002d9e731dec0 JavaThread "Unconstrained build operations Thread 10" [_thread_blocked, id=18272, stack(0x000000db16800000,0x000000db16900000)]
  0x000002d9e731f810 JavaThread "Unconstrained build operations Thread 11" [_thread_blocked, id=17476, stack(0x000000db15100000,0x000000db15200000)]
  0x000002d9e73234d0 JavaThread "Unconstrained build operations Thread 12" [_thread_blocked, id=11328, stack(0x000000db16900000,0x000000db16a00000)]
  0x000002d9e731c060 JavaThread "Unconstrained build operations Thread 13" [_thread_blocked, id=19728, stack(0x000000db16a00000,0x000000db16b00000)]
  0x000002d9e7321160 JavaThread "Unconstrained build operations Thread 14" [_thread_blocked, id=15400, stack(0x000000db16b00000,0x000000db16c00000)]
  0x000002d9e7322090 JavaThread "Unconstrained build operations Thread 15" [_thread_blocked, id=17520, stack(0x000000db16c00000,0x000000db16d00000)]
  0x000002d9e73239e0 JavaThread "Unconstrained build operations Thread 16" [_thread_blocked, id=13344, stack(0x000000db16d00000,0x000000db16e00000)]
  0x000002d9e73225a0 JavaThread "Unconstrained build operations Thread 17" [_thread_blocked, id=16732, stack(0x000000db16e00000,0x000000db16f00000)]
  0x000002d9e7a25750 JavaThread "Unconstrained build operations Thread 18" [_thread_blocked, id=21060, stack(0x000000db16f00000,0x000000db17000000)]
  0x000002d9e7a25c60 JavaThread "Unconstrained build operations Thread 19" [_thread_blocked, id=16568, stack(0x000000db17000000,0x000000db17100000)]
  0x000002d9e7a26170 JavaThread "Unconstrained build operations Thread 20" [_thread_blocked, id=2224, stack(0x000000db17100000,0x000000db17200000)]
  0x000002d9e7a26680 JavaThread "Unconstrained build operations Thread 21" [_thread_blocked, id=3616, stack(0x000000db17200000,0x000000db17300000)]
  0x000002d9e7a25240 JavaThread "jar transforms Thread 8" [_thread_blocked, id=2332, stack(0x000000db17400000,0x000000db17500000)]
  0x000002d9e7a22ed0 JavaThread "jar transforms Thread 9" [_thread_blocked, id=11648, stack(0x000000db17500000,0x000000db17600000)]
  0x000002d9e7a289f0 JavaThread "jar transforms Thread 10" [_thread_blocked, id=13556, stack(0x000000db17600000,0x000000db17700000)]
  0x000002d9e7a238f0 JavaThread "jar transforms Thread 11" [_thread_blocked, id=19708, stack(0x000000db17700000,0x000000db17800000)]
  0x000002d9e7a23e00 JavaThread "jar transforms Thread 12" [_thread_blocked, id=19556, stack(0x000000db17800000,0x000000db17900000)]
  0x000002d9e7a26b90 JavaThread "Cache worker for Build Output Cleanup Cache (C:\Users\Admin\Desktop\ALL Plants Disease\FLUTTERAPP\mamatay\argivysor\android\.gradle\buildOutputCleanup)" [_thread_blocked, id=20396, stack(0x000000db17900000,0x000000db17a00000)]
  0x000002d9e7a29920 JavaThread "build event listener" [_thread_blocked, id=16840, stack(0x000000db17a00000,0x000000db17b00000)]
  0x000002d9e7a27ac0 JavaThread "Unconstrained build operations Thread 22" [_thread_blocked, id=20572, stack(0x000000db17b00000,0x000000db17c00000)]
  0x000002d9e7a27fd0 JavaThread "Unconstrained build operations Thread 23" [_thread_blocked, id=21008, stack(0x000000db17c00000,0x000000db17d00000)]
  0x000002d9e7a29e30 JavaThread "Unconstrained build operations Thread 24" [_thread_blocked, id=7784, stack(0x000000db17d00000,0x000000db17e00000)]
  0x000002d9e7a229c0 JavaThread "Unconstrained build operations Thread 25" [_thread_blocked, id=16572, stack(0x000000db17e00000,0x000000db17f00000)]
  0x000002d9e7a24d30 JavaThread "Unconstrained build operations Thread 26" [_thread_blocked, id=19828, stack(0x000000db17f00000,0x000000db18000000)]
  0x000002d9e7a284e0 JavaThread "Unconstrained build operations Thread 27" [_thread_blocked, id=21832, stack(0x000000db18000000,0x000000db18100000)]
  0x000002d9e7a233e0 JavaThread "Unconstrained build operations Thread 28" [_thread_blocked, id=22168, stack(0x000000db18100000,0x000000db18200000)]
  0x000002d9e7a24820 JavaThread "Unconstrained build operations Thread 29" [_thread_blocked, id=21392, stack(0x000000db18200000,0x000000db18300000)]
  0x000002d9e7a2a340 JavaThread "Unconstrained build operations Thread 30" [_thread_blocked, id=18200, stack(0x000000db18300000,0x000000db18400000)]
  0x000002d9e7a24310 JavaThread "Unconstrained build operations Thread 31" [_thread_blocked, id=22248, stack(0x000000db18400000,0x000000db18500000)]
  0x000002d9e9975c90 JavaThread "Unconstrained build operations Thread 32" [_thread_blocked, id=7444, stack(0x000000db18500000,0x000000db18600000)]
  0x000002d9e99766b0 JavaThread "Unconstrained build operations Thread 33" [_thread_blocked, id=16900, stack(0x000000db18600000,0x000000db18700000)]
  0x000002d9e997ad90 JavaThread "Unconstrained build operations Thread 34" [_thread_blocked, id=9256, stack(0x000000db18700000,0x000000db18800000)]
  0x000002d9e9979e60 JavaThread "Unconstrained build operations Thread 35" [_thread_blocked, id=18460, stack(0x000000db18800000,0x000000db18900000)]
  0x000002d9e997b7b0 JavaThread "Unconstrained build operations Thread 36" [_thread_blocked, id=19188, stack(0x000000db18900000,0x000000db18a00000)]
  0x000002d9e997b2a0 JavaThread "Unconstrained build operations Thread 37" [_thread_blocked, id=1912, stack(0x000000db18a00000,0x000000db18b00000)]
  0x000002d9e9979950 JavaThread "Unconstrained build operations Thread 38" [_thread_blocked, id=18132, stack(0x000000db18b00000,0x000000db18c00000)]
  0x000002d9e9975270 JavaThread "Unconstrained build operations Thread 39" [_thread_blocked, id=6916, stack(0x000000db18c00000,0x000000db18d00000)]
  0x000002d9e9978510 JavaThread "Unconstrained build operations Thread 40" [_thread_blocked, id=20464, stack(0x000000db18d00000,0x000000db18e00000)]
  0x000002d9e997a370 JavaThread "Unconstrained build operations Thread 41" [_thread_blocked, id=13248, stack(0x000000db18e00000,0x000000db18f00000)]
  0x000002d9e99775e0 JavaThread "Unconstrained build operations Thread 42" [_thread_blocked, id=9424, stack(0x000000db18f00000,0x000000db19000000)]
  0x000002d9e997bcc0 JavaThread "Unconstrained build operations Thread 43" [_thread_blocked, id=19908, stack(0x000000db19000000,0x000000db19100000)]
  0x000002d9e9976bc0 JavaThread "Unconstrained build operations Thread 44" [_thread_blocked, id=2244, stack(0x000000db19100000,0x000000db19200000)]
  0x000002d9e99770d0 JavaThread "Unconstrained build operations Thread 45" [_thread_blocked, id=11704, stack(0x000000db19200000,0x000000db19300000)]
  0x000002d9e9977af0 JavaThread "Unconstrained build operations Thread 46" [_thread_blocked, id=6856, stack(0x000000db19300000,0x000000db19400000)]
  0x000002d9e9978000 JavaThread "Unconstrained build operations Thread 47" [_thread_blocked, id=15856, stack(0x000000db19400000,0x000000db19500000)]
  0x000002d9e9978a20 JavaThread "Unconstrained build operations Thread 48" [_thread_blocked, id=19804, stack(0x000000db19500000,0x000000db19600000)]
  0x000002d9e6eb0100 JavaThread "Unconstrained build operations Thread 49" [_thread_blocked, id=8536, stack(0x000000db19600000,0x000000db19700000)]
  0x000002d9e6eae7b0 JavaThread "Unconstrained build operations Thread 50" [_thread_blocked, id=5124, stack(0x000000db19700000,0x000000db19800000)]
  0x000002d9e6eb2980 JavaThread "Unconstrained build operations Thread 51" [_thread_blocked, id=21352, stack(0x000000db19800000,0x000000db19900000)]
  0x000002d9e6eb5710 JavaThread "Unconstrained build operations Thread 52" [_thread_blocked, id=13136, stack(0x000000db19900000,0x000000db19a00000)]
  0x000002d9e6eb6130 JavaThread "Unconstrained build operations Thread 53" [_thread_blocked, id=7792, stack(0x000000db19a00000,0x000000db19b00000)]
  0x000002d9e6eb4cf0 JavaThread "Unconstrained build operations Thread 54" [_thread_blocked, id=22112, stack(0x000000db19b00000,0x000000db19c00000)]
  0x000002d9e6eb2470 JavaThread "Unconstrained build operations Thread 55" [_thread_blocked, id=2572, stack(0x000000db19c00000,0x000000db19d00000)]
  0x000002d9e6eaecc0 JavaThread "Unconstrained build operations Thread 56" [_thread_blocked, id=20912, stack(0x000000db19d00000,0x000000db19e00000)]
  0x000002d9e6eb1030 JavaThread "Unconstrained build operations Thread 57" [_thread_blocked, id=2904, stack(0x000000db19e00000,0x000000db19f00000)]
  0x000002d9e6eb1f60 JavaThread "Unconstrained build operations Thread 58" [_thread_blocked, id=21516, stack(0x000000db19f00000,0x000000db1a000000)]
  0x000002d9e6eb3dc0 JavaThread "Unconstrained build operations Thread 59" [_thread_blocked, id=19176, stack(0x000000db1a000000,0x000000db1a100000)]
  0x000002d9e6eb1540 JavaThread "Unconstrained build operations Thread 60" [_thread_blocked, id=20924, stack(0x000000db1a100000,0x000000db1a200000)]
  0x000002d9e6eb2e90 JavaThread "Unconstrained build operations Thread 61" [_thread_blocked, id=19304, stack(0x000000db1a200000,0x000000db1a300000)]
  0x000002d9e6eb33a0 JavaThread "Unconstrained build operations Thread 62" [_thread_blocked, id=2256, stack(0x000000db1a300000,0x000000db1a400000)]
  0x000002d9e6eb38b0 JavaThread "Unconstrained build operations Thread 63" [_thread_blocked, id=9240, stack(0x000000db1a400000,0x000000db1a500000)]
  0x000002d9e6eb47e0 JavaThread "Unconstrained build operations Thread 64" [_thread_blocked, id=19336, stack(0x000000db1a500000,0x000000db1a600000)]
  0x000002d9e6eaf1d0 JavaThread "Unconstrained build operations Thread 65" [_thread_blocked, id=17612, stack(0x000000db1a600000,0x000000db1a700000)]
  0x000002d9e6eb5c20 JavaThread "Unconstrained build operations Thread 66" [_thread_blocked, id=17444, stack(0x000000db1a700000,0x000000db1a800000)]
  0x000002d9e6eb42d0 JavaThread "Unconstrained build operations Thread 67" [_thread_blocked, id=11700, stack(0x000000db1a800000,0x000000db1a900000)]
  0x000002d9e6eafbf0 JavaThread "Unconstrained build operations Thread 68" [_thread_blocked, id=17796, stack(0x000000db1a900000,0x000000db1aa00000)]
  0x000002d9e6eaf6e0 JavaThread "Unconstrained build operations Thread 69" [_thread_blocked, id=21092, stack(0x000000db1aa00000,0x000000db1ab00000)]
  0x000002d9e6eb0610 JavaThread "Unconstrained build operations Thread 70" [_thread_blocked, id=11796, stack(0x000000db1ab00000,0x000000db1ac00000)]
  0x000002d9e6eb1a50 JavaThread "Unconstrained build operations Thread 71" [_thread_blocked, id=16300, stack(0x000000db1ac00000,0x000000db1ad00000)]
  0x000002d9e6eb0b20 JavaThread "Unconstrained build operations Thread 72" [_thread_blocked, id=788, stack(0x000000db1ad00000,0x000000db1ae00000)]
  0x000002d9e484f1a0 JavaThread "Unconstrained build operations Thread 73" [_thread_blocked, id=5460, stack(0x000000db1ae00000,0x000000db1af00000)]
  0x000002d9e4851f30 JavaThread "Unconstrained build operations Thread 74" [_thread_blocked, id=21712, stack(0x000000db1af00000,0x000000db1b000000)]
  0x000002d9e48505e0 JavaThread "Unconstrained build operations Thread 75" [_thread_blocked, id=18612, stack(0x000000db1b000000,0x000000db1b100000)]
  0x000002d9e484c410 JavaThread "Unconstrained build operations Thread 76" [_thread_blocked, id=16628, stack(0x000000db1b100000,0x000000db1b200000)]
  0x000002d9e484f6b0 JavaThread "Cache worker for execution history cache (C:\Users\Admin\Desktop\ALL Plants Disease\FLUTTERAPP\mamatay\argivysor\android\.gradle\8.1\executionHistory)" [_thread_blocked, id=19920, stack(0x000000db1b200000,0x000000db1b300000)]
  0x000002d9e484e270 JavaThread "Exec process" [_thread_in_native, id=18380, stack(0x000000db1b600000,0x000000db1b700000)]
  0x000002d9e484e780 JavaThread "Exec process Thread 2" [_thread_in_native, id=18652, stack(0x000000db1b700000,0x000000db1b800000)]
  0x000002d9e484ec90 JavaThread "Exec process Thread 3" [_thread_in_native, id=17696, stack(0x000000db1b800000,0x000000db1b900000)]

Other Threads:
  0x000002d9ff336730 VMThread "VM Thread" [stack: 0x000000db11800000,0x000000db11900000] [id=20380]
  0x000002d99cc8f710 WatcherThread [stack: 0x000000db12400000,0x000000db12500000] [id=14680]
  0x000002d9f890b980 GCTaskThread "GC Thread#0" [stack: 0x000000db11300000,0x000000db11400000] [id=15268]
  0x000002d9e237f530 GCTaskThread "GC Thread#1" [stack: 0x000000db12700000,0x000000db12800000] [id=14472]
  0x000002d9e2b41880 GCTaskThread "GC Thread#2" [stack: 0x000000db12800000,0x000000db12900000] [id=6748]
  0x000002d9e2b41b40 GCTaskThread "GC Thread#3" [stack: 0x000000db12900000,0x000000db12a00000] [id=10136]
  0x000002d9e2b41e00 GCTaskThread "GC Thread#4" [stack: 0x000000db12a00000,0x000000db12b00000] [id=17864]
  0x000002d9e40b7430 GCTaskThread "GC Thread#5" [stack: 0x000000db13c00000,0x000000db13d00000] [id=7152]
  0x000002d9e7634ab0 GCTaskThread "GC Thread#6" [stack: 0x000000db13d00000,0x000000db13e00000] [id=21656]
  0x000002d9e682c9a0 GCTaskThread "GC Thread#7" [stack: 0x000000db13e00000,0x000000db13f00000] [id=6108]
  0x000002d9e4d07da0 GCTaskThread "GC Thread#8" [stack: 0x000000db13f00000,0x000000db14000000] [id=17124]
  0x000002d9e34b7df0 GCTaskThread "GC Thread#9" [stack: 0x000000db14000000,0x000000db14100000] [id=22504]
  0x000002d9f891c8d0 ConcurrentGCThread "G1 Main Marker" [stack: 0x000000db11400000,0x000000db11500000] [id=18436]
  0x000002d9f891d2f0 ConcurrentGCThread "G1 Conc#0" [stack: 0x000000db11500000,0x000000db11600000] [id=2504]
  0x000002d9e649d0d0 ConcurrentGCThread "G1 Conc#1" [stack: 0x000000db14100000,0x000000db14200000] [id=11956]
  0x000002d9e68551d0 ConcurrentGCThread "G1 Conc#2" [stack: 0x000000db14200000,0x000000db14300000] [id=6500]
  0x000002d9f894e870 ConcurrentGCThread "G1 Refine#0" [stack: 0x000000db11600000,0x000000db11700000] [id=14252]
  0x000002d9f1052440 ConcurrentGCThread "G1 Refine#1" [stack: 0x000000db1b300000,0x000000db1b400000] [id=21648]
  0x000002d9f1053000 ConcurrentGCThread "G1 Refine#2" [stack: 0x000000db1b400000,0x000000db1b500000] [id=15536]
  0x000002d9f1052730 ConcurrentGCThread "G1 Refine#3" [stack: 0x000000db1b500000,0x000000db1b600000] [id=21976]
  0x000002d9ff1d75b0 ConcurrentGCThread "G1 Service" [stack: 0x000000db11700000,0x000000db11800000] [id=17432]

Threads with active compile tasks:
C2 CompilerThread0    22144 14567       4       org.gradle.internal.logging.text.AbstractLineChoppingStyledTextOutput::doAppend (43 bytes)

VM state: not at safepoint (normal execution)

VM Mutex/Monitor currently owned by a thread: None

Heap address: 0x0000000700000000, size: 4096 MB, Compressed Oops mode: Zero based, Oop shift amount: 3

CDS archive(s) mapped at: [0x000002d99d000000-0x000002d99dbb0000-0x000002d99dbb0000), size 12255232, SharedBaseAddress: 0x000002d99d000000, ArchiveRelocationMode: 1.
Compressed class space mapped at: 0x000002d99e000000-0x000002d9de000000, reserved size: 1073741824
Narrow klass base: 0x000002d99d000000, Narrow klass shift: 0, Narrow klass range: 0x100000000

GC Precious Log:
 CPUs: 12 total, 12 available
 Memory: 15761M
 Large Page Support: Disabled
 NUMA Support: Disabled
 Compressed Oops: Enabled (Zero based)
 Heap Region Size: 2M
 Heap Min Capacity: 8M
 Heap Initial Capacity: 248M
 Heap Max Capacity: 4G
 Pre-touch: Disabled
 Parallel Workers: 10
 Concurrent Workers: 3
 Concurrent Refinement Workers: 10
 Periodic GC: Disabled

Heap:
 garbage-first heap   total 307200K, used 210659K [0x0000000700000000, 0x0000000800000000)
  region size 2048K, 23 young (47104K), 1 survivors (2048K)
 Metaspace       used 98195K, committed 99328K, reserved 1179648K
  class space    used 13880K, committed 14400K, reserved 1048576K

Heap Regions: E=young(eden), S=young(survivor), O=old, HS=humongous(starts), HC=humongous(continues), CS=collection set, F=free, OA=open archive, CA=closed archive, TAMS=top-at-mark-start (previous, next)
|   0|0x0000000700000000, 0x0000000700200000, 0x0000000700200000|100%|HS|  |TAMS 0x0000000700200000, 0x0000000700000000| Complete 
|   1|0x0000000700200000, 0x0000000700400000, 0x0000000700400000|100%|HC|  |TAMS 0x0000000700400000, 0x0000000700200000| Complete 
|   2|0x0000000700400000, 0x0000000700600000, 0x0000000700600000|100%| O|  |TAMS 0x0000000700600000, 0x0000000700400000| Untracked 
|   3|0x0000000700600000, 0x0000000700800000, 0x0000000700800000|100%| O|  |TAMS 0x0000000700800000, 0x0000000700600000| Untracked 
|   4|0x0000000700800000, 0x00000007009eae00, 0x0000000700a00000| 95%| O|  |TAMS 0x00000007009eae00, 0x0000000700800000| Untracked 
|   5|0x0000000700a00000, 0x0000000700c00000, 0x0000000700c00000|100%| O|  |TAMS 0x0000000700c00000, 0x0000000700a00000| Untracked 
|   6|0x0000000700c00000, 0x0000000700e00000, 0x0000000700e00000|100%| O|  |TAMS 0x0000000700e00000, 0x0000000700c00000| Untracked 
|   7|0x0000000700e00000, 0x0000000701000000, 0x0000000701000000|100%| O|  |TAMS 0x0000000701000000, 0x0000000700e00000| Untracked 
|   8|0x0000000701000000, 0x0000000701200000, 0x0000000701200000|100%| O|  |TAMS 0x0000000701200000, 0x0000000701000000| Untracked 
|   9|0x0000000701200000, 0x0000000701400000, 0x0000000701400000|100%| O|  |TAMS 0x0000000701400000, 0x0000000701200000| Untracked 
|  10|0x0000000701400000, 0x0000000701600000, 0x0000000701600000|100%| O|  |TAMS 0x0000000701600000, 0x0000000701400000| Untracked 
|  11|0x0000000701600000, 0x0000000701800000, 0x0000000701800000|100%| O|  |TAMS 0x0000000701800000, 0x0000000701600000| Untracked 
|  12|0x0000000701800000, 0x0000000701a00000, 0x0000000701a00000|100%| O|  |TAMS 0x0000000701a00000, 0x0000000701800000| Untracked 
|  13|0x0000000701a00000, 0x0000000701c00000, 0x0000000701c00000|100%|HS|  |TAMS 0x0000000701c00000, 0x0000000701a00000| Complete 
|  14|0x0000000701c00000, 0x0000000701e00000, 0x0000000701e00000|100%|HS|  |TAMS 0x0000000701e00000, 0x0000000701c00000| Complete 
|  15|0x0000000701e00000, 0x0000000702000000, 0x0000000702000000|100%|HC|  |TAMS 0x0000000702000000, 0x0000000701e00000| Complete 
|  16|0x0000000702000000, 0x0000000702200000, 0x0000000702200000|100%| O|  |TAMS 0x0000000702200000, 0x0000000702000000| Untracked 
|  17|0x0000000702200000, 0x0000000702400000, 0x0000000702400000|100%| O|  |TAMS 0x0000000702400000, 0x0000000702200000| Untracked 
|  18|0x0000000702400000, 0x0000000702600000, 0x0000000702600000|100%|HS|  |TAMS 0x0000000702600000, 0x0000000702400000| Complete 
|  19|0x0000000702600000, 0x0000000702800000, 0x0000000702800000|100%| O|  |TAMS 0x0000000702800000, 0x0000000702600000| Untracked 
|  20|0x0000000702800000, 0x0000000702a00000, 0x0000000702a00000|100%| O|  |TAMS 0x0000000702a00000, 0x0000000702800000| Untracked 
|  21|0x0000000702a00000, 0x0000000702c00000, 0x0000000702c00000|100%| O|  |TAMS 0x0000000702c00000, 0x0000000702a00000| Untracked 
|  22|0x0000000702c00000, 0x0000000702e00000, 0x0000000702e00000|100%| O|  |TAMS 0x0000000702e00000, 0x0000000702c00000| Untracked 
|  23|0x0000000702e00000, 0x0000000703000000, 0x0000000703000000|100%|HS|  |TAMS 0x0000000703000000, 0x0000000702e00000| Complete 
|  24|0x0000000703000000, 0x0000000703200000, 0x0000000703200000|100%| O|  |TAMS 0x0000000703200000, 0x0000000703000000| Untracked 
|  25|0x0000000703200000, 0x0000000703400000, 0x0000000703400000|100%| O|  |TAMS 0x0000000703400000, 0x0000000703200000| Untracked 
|  26|0x0000000703400000, 0x0000000703600000, 0x0000000703600000|100%| O|  |TAMS 0x0000000703600000, 0x0000000703400000| Untracked 
|  27|0x0000000703600000, 0x0000000703800000, 0x0000000703800000|100%| O|  |TAMS 0x0000000703600000, 0x0000000703600000| Untracked 
|  28|0x0000000703800000, 0x0000000703a00000, 0x0000000703a00000|100%| O|  |TAMS 0x0000000703a00000, 0x0000000703800000| Untracked 
|  29|0x0000000703a00000, 0x0000000703c00000, 0x0000000703c00000|100%| O|  |TAMS 0x0000000703c00000, 0x0000000703a00000| Untracked 
|  30|0x0000000703c00000, 0x0000000703e00000, 0x0000000703e00000|100%| O|  |TAMS 0x0000000703e00000, 0x0000000703c00000| Untracked 
|  31|0x0000000703e00000, 0x0000000704000000, 0x0000000704000000|100%|HS|  |TAMS 0x0000000704000000, 0x0000000703e00000| Complete 
|  32|0x0000000704000000, 0x0000000704200000, 0x0000000704200000|100%|HC|  |TAMS 0x0000000704200000, 0x0000000704000000| Complete 
|  33|0x0000000704200000, 0x0000000704400000, 0x0000000704400000|100%| O|  |TAMS 0x0000000704400000, 0x0000000704200000| Untracked 
|  34|0x0000000704400000, 0x0000000704600000, 0x0000000704600000|100%| O|  |TAMS 0x0000000704600000, 0x0000000704400000| Untracked 
|  35|0x0000000704600000, 0x0000000704800000, 0x0000000704800000|100%| O|  |TAMS 0x0000000704800000, 0x0000000704600000| Untracked 
|  36|0x0000000704800000, 0x0000000704a00000, 0x0000000704a00000|100%| O|  |TAMS 0x0000000704a00000, 0x0000000704800000| Untracked 
|  37|0x0000000704a00000, 0x0000000704c00000, 0x0000000704c00000|100%|HS|  |TAMS 0x0000000704c00000, 0x0000000704a00000| Complete 
|  38|0x0000000704c00000, 0x0000000704e00000, 0x0000000704e00000|100%|HC|  |TAMS 0x0000000704e00000, 0x0000000704c00000| Complete 
|  39|0x0000000704e00000, 0x0000000705000000, 0x0000000705000000|100%| O|  |TAMS 0x0000000705000000, 0x0000000704e00000| Untracked 
|  40|0x0000000705000000, 0x0000000705200000, 0x0000000705200000|100%| O|  |TAMS 0x0000000705200000, 0x0000000705000000| Untracked 
|  41|0x0000000705200000, 0x0000000705400000, 0x0000000705400000|100%| O|  |TAMS 0x0000000705400000, 0x0000000705200000| Untracked 
|  42|0x0000000705400000, 0x0000000705600000, 0x0000000705600000|100%| O|  |TAMS 0x0000000705600000, 0x0000000705400000| Untracked 
|  43|0x0000000705600000, 0x0000000705800000, 0x0000000705800000|100%| O|  |TAMS 0x0000000705800000, 0x0000000705600000| Untracked 
|  44|0x0000000705800000, 0x0000000705a00000, 0x0000000705a00000|100%| O|  |TAMS 0x0000000705a00000, 0x0000000705800000| Untracked 
|  45|0x0000000705a00000, 0x0000000705c00000, 0x0000000705c00000|100%| O|  |TAMS 0x0000000705c00000, 0x0000000705a00000| Untracked 
|  46|0x0000000705c00000, 0x0000000705e00000, 0x0000000705e00000|100%| O|  |TAMS 0x0000000705e00000, 0x0000000705c00000| Untracked 
|  47|0x0000000705e00000, 0x0000000706000000, 0x0000000706000000|100%| O|  |TAMS 0x0000000706000000, 0x0000000705e00000| Untracked 
|  48|0x0000000706000000, 0x0000000706200000, 0x0000000706200000|100%| O|  |TAMS 0x0000000706200000, 0x0000000706000000| Untracked 
|  49|0x0000000706200000, 0x0000000706400000, 0x0000000706400000|100%| O|  |TAMS 0x0000000706400000, 0x0000000706200000| Untracked 
|  50|0x0000000706400000, 0x0000000706600000, 0x0000000706600000|100%| O|  |TAMS 0x0000000706600000, 0x0000000706400000| Untracked 
|  51|0x0000000706600000, 0x0000000706800000, 0x0000000706800000|100%| O|  |TAMS 0x0000000706800000, 0x0000000706600000| Untracked 
|  52|0x0000000706800000, 0x0000000706a00000, 0x0000000706a00000|100%| O|  |TAMS 0x0000000706a00000, 0x0000000706800000| Untracked 
|  53|0x0000000706a00000, 0x0000000706c00000, 0x0000000706c00000|100%| O|  |TAMS 0x0000000706c00000, 0x0000000706a00000| Untracked 
|  54|0x0000000706c00000, 0x0000000706e00000, 0x0000000706e00000|100%| O|  |TAMS 0x0000000706e00000, 0x0000000706c00000| Untracked 
|  55|0x0000000706e00000, 0x0000000707000000, 0x0000000707000000|100%| O|  |TAMS 0x0000000707000000, 0x0000000706e00000| Untracked 
|  56|0x0000000707000000, 0x0000000707200000, 0x0000000707200000|100%| O|  |TAMS 0x0000000707200000, 0x0000000707000000| Untracked 
|  57|0x0000000707200000, 0x0000000707400000, 0x0000000707400000|100%| O|  |TAMS 0x0000000707400000, 0x0000000707200000| Untracked 
|  58|0x0000000707400000, 0x0000000707600000, 0x0000000707600000|100%| O|  |TAMS 0x0000000707600000, 0x0000000707400000| Untracked 
|  59|0x0000000707600000, 0x0000000707800000, 0x0000000707800000|100%| O|  |TAMS 0x0000000707800000, 0x0000000707600000| Untracked 
|  60|0x0000000707800000, 0x0000000707a00000, 0x0000000707a00000|100%| O|  |TAMS 0x0000000707a00000, 0x0000000707800000| Untracked 
|  61|0x0000000707a00000, 0x0000000707c00000, 0x0000000707c00000|100%| O|  |TAMS 0x0000000707c00000, 0x0000000707a00000| Untracked 
|  62|0x0000000707c00000, 0x0000000707e00000, 0x0000000707e00000|100%| O|  |TAMS 0x0000000707e00000, 0x0000000707c00000| Untracked 
|  63|0x0000000707e00000, 0x0000000707e00000, 0x0000000708000000|  0%| F|  |TAMS 0x0000000707e00000, 0x0000000707e00000| Untracked 
|  64|0x0000000708000000, 0x0000000708200000, 0x0000000708200000|100%| O|  |TAMS 0x0000000708200000, 0x0000000708000000| Untracked 
|  65|0x0000000708200000, 0x0000000708400000, 0x0000000708400000|100%| O|  |TAMS 0x0000000708400000, 0x0000000708200000| Untracked 
|  66|0x0000000708400000, 0x0000000708600000, 0x0000000708600000|100%| O|  |TAMS 0x0000000708600000, 0x0000000708400000| Untracked 
|  67|0x0000000708600000, 0x0000000708800000, 0x0000000708800000|100%| O|  |TAMS 0x0000000708800000, 0x0000000708600000| Untracked 
|  68|0x0000000708800000, 0x0000000708a00000, 0x0000000708a00000|100%| O|  |TAMS 0x0000000708963e00, 0x0000000708800000| Untracked 
|  69|0x0000000708a00000, 0x0000000708c00000, 0x0000000708c00000|100%| O|  |TAMS 0x0000000708a00000, 0x0000000708a00000| Untracked 
|  70|0x0000000708c00000, 0x0000000708e00000, 0x0000000708e00000|100%| O|  |TAMS 0x0000000708c00000, 0x0000000708c00000| Untracked 
|  71|0x0000000708e00000, 0x0000000709000000, 0x0000000709000000|100%| O|  |TAMS 0x0000000708e00000, 0x0000000708e00000| Untracked 
|  72|0x0000000709000000, 0x0000000709200000, 0x0000000709200000|100%| O|  |TAMS 0x0000000709000000, 0x0000000709000000| Untracked 
|  73|0x0000000709200000, 0x0000000709400000, 0x0000000709400000|100%| O|  |TAMS 0x0000000709200000, 0x0000000709200000| Untracked 
|  74|0x0000000709400000, 0x0000000709600000, 0x0000000709600000|100%| O|  |TAMS 0x0000000709400000, 0x0000000709400000| Untracked 
|  75|0x0000000709600000, 0x0000000709800000, 0x0000000709800000|100%| O|  |TAMS 0x0000000709600000, 0x0000000709600000| Untracked 
|  76|0x0000000709800000, 0x0000000709800000, 0x0000000709a00000|  0%| F|  |TAMS 0x0000000709800000, 0x0000000709800000| Untracked 
|  77|0x0000000709a00000, 0x0000000709a00000, 0x0000000709c00000|  0%| F|  |TAMS 0x0000000709a00000, 0x0000000709a00000| Untracked 
|  78|0x0000000709c00000, 0x0000000709c00000, 0x0000000709e00000|  0%| F|  |TAMS 0x0000000709c00000, 0x0000000709c00000| Untracked 
|  79|0x0000000709e00000, 0x0000000709e00000, 0x000000070a000000|  0%| F|  |TAMS 0x0000000709e00000, 0x0000000709e00000| Untracked 
|  80|0x000000070a000000, 0x000000070a000000, 0x000000070a200000|  0%| F|  |TAMS 0x000000070a000000, 0x000000070a000000| Untracked 
|  81|0x000000070a200000, 0x000000070a200000, 0x000000070a400000|  0%| F|  |TAMS 0x000000070a200000, 0x000000070a200000| Untracked 
|  82|0x000000070a400000, 0x000000070a400000, 0x000000070a600000|  0%| F|  |TAMS 0x000000070a400000, 0x000000070a400000| Untracked 
|  83|0x000000070a600000, 0x000000070a600000, 0x000000070a800000|  0%| F|  |TAMS 0x000000070a600000, 0x000000070a600000| Untracked 
|  84|0x000000070a800000, 0x000000070a800000, 0x000000070aa00000|  0%| F|  |TAMS 0x000000070a800000, 0x000000070a800000| Untracked 
|  85|0x000000070aa00000, 0x000000070aa00000, 0x000000070ac00000|  0%| F|  |TAMS 0x000000070aa00000, 0x000000070aa00000| Untracked 
|  86|0x000000070ac00000, 0x000000070ac00000, 0x000000070ae00000|  0%| F|  |TAMS 0x000000070ac00000, 0x000000070ac00000| Untracked 
|  87|0x000000070ae00000, 0x000000070ae00000, 0x000000070b000000|  0%| F|  |TAMS 0x000000070ae00000, 0x000000070ae00000| Untracked 
|  88|0x000000070b000000, 0x000000070b000000, 0x000000070b200000|  0%| F|  |TAMS 0x000000070b000000, 0x000000070b000000| Untracked 
|  89|0x000000070b200000, 0x000000070b200000, 0x000000070b400000|  0%| F|  |TAMS 0x000000070b200000, 0x000000070b200000| Untracked 
|  90|0x000000070b400000, 0x000000070b400000, 0x000000070b600000|  0%| F|  |TAMS 0x000000070b400000, 0x000000070b400000| Untracked 
|  91|0x000000070b600000, 0x000000070b600000, 0x000000070b800000|  0%| F|  |TAMS 0x000000070b600000, 0x000000070b600000| Untracked 
|  92|0x000000070b800000, 0x000000070b800000, 0x000000070ba00000|  0%| F|  |TAMS 0x000000070b800000, 0x000000070b800000| Untracked 
|  93|0x000000070ba00000, 0x000000070ba00000, 0x000000070bc00000|  0%| F|  |TAMS 0x000000070ba00000, 0x000000070ba00000| Untracked 
|  94|0x000000070bc00000, 0x000000070bc00000, 0x000000070be00000|  0%| F|  |TAMS 0x000000070bc00000, 0x000000070bc00000| Untracked 
|  95|0x000000070be00000, 0x000000070be00000, 0x000000070c000000|  0%| F|  |TAMS 0x000000070be00000, 0x000000070be00000| Untracked 
|  96|0x000000070c000000, 0x000000070c000000, 0x000000070c200000|  0%| F|  |TAMS 0x000000070c000000, 0x000000070c000000| Untracked 
|  97|0x000000070c200000, 0x000000070c200000, 0x000000070c400000|  0%| F|  |TAMS 0x000000070c200000, 0x000000070c200000| Untracked 
|  98|0x000000070c400000, 0x000000070c400000, 0x000000070c600000|  0%| F|  |TAMS 0x000000070c400000, 0x000000070c400000| Untracked 
|  99|0x000000070c600000, 0x000000070c600000, 0x000000070c800000|  0%| F|  |TAMS 0x000000070c600000, 0x000000070c600000| Untracked 
| 100|0x000000070c800000, 0x000000070c800000, 0x000000070ca00000|  0%| F|  |TAMS 0x000000070c800000, 0x000000070c800000| Untracked 
| 101|0x000000070ca00000, 0x000000070ca00000, 0x000000070cc00000|  0%| F|  |TAMS 0x000000070ca00000, 0x000000070ca00000| Untracked 
| 102|0x000000070cc00000, 0x000000070cc00000, 0x000000070ce00000|  0%| F|  |TAMS 0x000000070cc00000, 0x000000070cc00000| Untracked 
| 103|0x000000070ce00000, 0x000000070ce00000, 0x000000070d000000|  0%| F|  |TAMS 0x000000070ce00000, 0x000000070ce00000| Untracked 
| 104|0x000000070d000000, 0x000000070d000000, 0x000000070d200000|  0%| F|  |TAMS 0x000000070d000000, 0x000000070d000000| Untracked 
| 105|0x000000070d200000, 0x000000070d200000, 0x000000070d400000|  0%| F|  |TAMS 0x000000070d200000, 0x000000070d200000| Untracked 
| 106|0x000000070d400000, 0x000000070d400000, 0x000000070d600000|  0%| F|  |TAMS 0x000000070d400000, 0x000000070d400000| Untracked 
| 107|0x000000070d600000, 0x000000070d600000, 0x000000070d800000|  0%| F|  |TAMS 0x000000070d600000, 0x000000070d600000| Untracked 
| 108|0x000000070d800000, 0x000000070d800000, 0x000000070da00000|  0%| F|  |TAMS 0x000000070d800000, 0x000000070d800000| Untracked 
| 109|0x000000070da00000, 0x000000070da00000, 0x000000070dc00000|  0%| F|  |TAMS 0x000000070da00000, 0x000000070da00000| Untracked 
| 110|0x000000070dc00000, 0x000000070dc00000, 0x000000070de00000|  0%| F|  |TAMS 0x000000070dc00000, 0x000000070dc00000| Untracked 
| 111|0x000000070de00000, 0x000000070de00000, 0x000000070e000000|  0%| F|  |TAMS 0x000000070de00000, 0x000000070de00000| Untracked 
| 112|0x000000070e000000, 0x000000070e000000, 0x000000070e200000|  0%| F|  |TAMS 0x000000070e000000, 0x000000070e000000| Untracked 
| 113|0x000000070e200000, 0x000000070e200000, 0x000000070e400000|  0%| F|  |TAMS 0x000000070e200000, 0x000000070e200000| Untracked 
| 114|0x000000070e400000, 0x000000070e400000, 0x000000070e600000|  0%| F|  |TAMS 0x000000070e400000, 0x000000070e400000| Untracked 
| 115|0x000000070e600000, 0x000000070e600000, 0x000000070e800000|  0%| F|  |TAMS 0x000000070e600000, 0x000000070e600000| Untracked 
| 116|0x000000070e800000, 0x000000070e800000, 0x000000070ea00000|  0%| F|  |TAMS 0x000000070e800000, 0x000000070e800000| Untracked 
| 117|0x000000070ea00000, 0x000000070ea00000, 0x000000070ec00000|  0%| F|  |TAMS 0x000000070ea00000, 0x000000070ea00000| Untracked 
| 118|0x000000070ec00000, 0x000000070ec00000, 0x000000070ee00000|  0%| F|  |TAMS 0x000000070ec00000, 0x000000070ec00000| Untracked 
| 119|0x000000070ee00000, 0x000000070ee00000, 0x000000070f000000|  0%| F|  |TAMS 0x000000070ee00000, 0x000000070ee00000| Untracked 
| 120|0x000000070f000000, 0x000000070f000000, 0x000000070f200000|  0%| F|  |TAMS 0x000000070f000000, 0x000000070f000000| Untracked 
| 121|0x000000070f200000, 0x000000070f260300, 0x000000070f400000| 18%| E|  |TAMS 0x000000070f200000, 0x000000070f200000| Complete 
| 122|0x000000070f400000, 0x000000070f600000, 0x000000070f600000|100%| E|CS|TAMS 0x000000070f400000, 0x000000070f400000| Complete 
| 123|0x000000070f600000, 0x000000070f800000, 0x000000070f800000|100%| E|CS|TAMS 0x000000070f600000, 0x000000070f600000| Complete 
| 124|0x000000070f800000, 0x000000070fa00000, 0x000000070fa00000|100%| E|CS|TAMS 0x000000070f800000, 0x000000070f800000| Complete 
| 125|0x000000070fa00000, 0x000000070fc00000, 0x000000070fc00000|100%| E|CS|TAMS 0x000000070fa00000, 0x000000070fa00000| Complete 
| 126|0x000000070fc00000, 0x000000070fe00000, 0x000000070fe00000|100%| E|CS|TAMS 0x000000070fc00000, 0x000000070fc00000| Complete 
| 127|0x000000070fe00000, 0x0000000710000000, 0x0000000710000000|100%| E|CS|TAMS 0x000000070fe00000, 0x000000070fe00000| Complete 
| 128|0x0000000710000000, 0x0000000710200000, 0x0000000710200000|100%| E|CS|TAMS 0x0000000710000000, 0x0000000710000000| Complete 
| 129|0x0000000710200000, 0x0000000710400000, 0x0000000710400000|100%| E|CS|TAMS 0x0000000710200000, 0x0000000710200000| Complete 
| 130|0x0000000710400000, 0x0000000710600000, 0x0000000710600000|100%| E|CS|TAMS 0x0000000710400000, 0x0000000710400000| Complete 
| 131|0x0000000710600000, 0x0000000710800000, 0x0000000710800000|100%| E|CS|TAMS 0x0000000710600000, 0x0000000710600000| Complete 
| 132|0x0000000710800000, 0x0000000710a00000, 0x0000000710a00000|100%| E|CS|TAMS 0x0000000710800000, 0x0000000710800000| Complete 
| 133|0x0000000710a00000, 0x0000000710c00000, 0x0000000710c00000|100%| E|CS|TAMS 0x0000000710a00000, 0x0000000710a00000| Complete 
| 134|0x0000000710c00000, 0x0000000710e00000, 0x0000000710e00000|100%| E|CS|TAMS 0x0000000710c00000, 0x0000000710c00000| Complete 
| 135|0x0000000710e00000, 0x0000000711000000, 0x0000000711000000|100%| E|CS|TAMS 0x0000000710e00000, 0x0000000710e00000| Complete 
| 136|0x0000000711000000, 0x0000000711200000, 0x0000000711200000|100%| E|CS|TAMS 0x0000000711000000, 0x0000000711000000| Complete 
| 137|0x0000000711200000, 0x0000000711400000, 0x0000000711400000|100%| E|CS|TAMS 0x0000000711200000, 0x0000000711200000| Complete 
| 138|0x0000000711400000, 0x0000000711600000, 0x0000000711600000|100%| E|CS|TAMS 0x0000000711400000, 0x0000000711400000| Complete 
| 139|0x0000000711600000, 0x0000000711800000, 0x0000000711800000|100%| E|CS|TAMS 0x0000000711600000, 0x0000000711600000| Complete 
| 140|0x0000000711800000, 0x0000000711a00000, 0x0000000711a00000|100%| E|CS|TAMS 0x0000000711800000, 0x0000000711800000| Complete 
| 141|0x0000000711a00000, 0x0000000711bce0b0, 0x0000000711c00000| 90%| S|CS|TAMS 0x0000000711a00000, 0x0000000711a00000| Complete 
| 142|0x0000000711c00000, 0x0000000711e00000, 0x0000000711e00000|100%| E|CS|TAMS 0x0000000711c00000, 0x0000000711c00000| Complete 
| 143|0x0000000711e00000, 0x0000000712000000, 0x0000000712000000|100%| E|CS|TAMS 0x0000000711e00000, 0x0000000711e00000| Complete 
|2042|0x00000007ff400000, 0x00000007ff600000, 0x00000007ff600000|100%| O|  |TAMS 0x00000007ff600000, 0x00000007ff400000| Untracked 
|2043|0x00000007ff600000, 0x00000007ff800000, 0x00000007ff800000|100%| O|  |TAMS 0x00000007ff800000, 0x00000007ff600000| Untracked 
|2044|0x00000007ff800000, 0x00000007ffa00000, 0x00000007ffa00000|100%| O|  |TAMS 0x00000007ffa00000, 0x00000007ff800000| Untracked 
|2045|0x00000007ffa00000, 0x00000007ffc00000, 0x00000007ffc00000|100%| O|  |TAMS 0x00000007ffc00000, 0x00000007ffa00000| Untracked 
|2046|0x00000007ffc00000, 0x00000007ffe00000, 0x00000007ffe00000|100%| O|  |TAMS 0x00000007ffe00000, 0x00000007ffc00000| Untracked 
|2047|0x00000007ffe00000, 0x0000000800000000, 0x0000000800000000|100%| O|  |TAMS 0x0000000800000000, 0x00000007ffe00000| Untracked 

Card table byte_map: [0x000002d9f96a0000,0x000002d9f9ea0000] _byte_map_base: 0x000002d9f5ea0000

Marking Bits (Prev, Next): (CMBitMap*) 0x000002d9f890bfa0, (CMBitMap*) 0x000002d9f890bfe0
 Prev Bits: [0x000002d9fa6a0000, 0x000002d9fe6a0000)
 Next Bits: [0x000002d996a70000, 0x000002d99aa70000)

Polling page: 0x000002d9f6880000

Metaspace:

Usage:
  Non-class:     82.34 MB used.
      Class:     13.55 MB used.
       Both:     95.89 MB used.

Virtual space:
  Non-class space:      128.00 MB reserved,      82.94 MB ( 65%) committed,  2 nodes.
      Class space:        1.00 GB reserved,      14.06 MB (  1%) committed,  1 nodes.
             Both:        1.12 GB reserved,      97.00 MB (  8%) committed. 

Chunk freelists:
   Non-Class:  12.51 MB
       Class:  1.95 MB
        Both:  14.46 MB

MaxMetaspaceSize: unlimited
CompressedClassSpaceSize: 1.00 GB
Initial GC threshold: 21.00 MB
Current GC threshold: 157.50 MB
CDS: on
MetaspaceReclaimPolicy: balanced
 - commit_granule_bytes: 65536.
 - commit_granule_words: 8192.
 - virtual_space_node_default_size: 8388608.
 - enlarge_chunks_in_place: 1.
 - new_chunks_are_fully_committed: 0.
 - uncommit_free_chunks: 1.
 - use_allocation_guard: 0.
 - handle_deallocations: 1.


Internal statistics:

num_allocs_failed_limit: 6.
num_arena_births: 1388.
num_arena_deaths: 0.
num_vsnodes_births: 3.
num_vsnodes_deaths: 0.
num_space_committed: 1552.
num_space_uncommitted: 0.
num_chunks_returned_to_freelist: 6.
num_chunks_taken_from_freelist: 5718.
num_chunk_merges: 6.
num_chunk_splits: 3664.
num_chunks_enlarged: 2300.
num_inconsistent_stats: 0.

CodeHeap 'non-profiled nmethods': size=120000Kb used=9368Kb max_used=9368Kb free=110632Kb
 bounds [0x000002d98f540000, 0x000002d98fe70000, 0x000002d996a70000]
CodeHeap 'profiled nmethods': size=120000Kb used=24299Kb max_used=24301Kb free=95700Kb
 bounds [0x000002d987a70000, 0x000002d989230000, 0x000002d98efa0000]
CodeHeap 'non-nmethods': size=5760Kb used=2428Kb max_used=2499Kb free=3331Kb
 bounds [0x000002d98efa0000, 0x000002d98f220000, 0x000002d98f540000]
 total_blobs=13350 nmethods=12386 adapters=875
 compilation: enabled
              stopped_count=0, restarted_count=0
 full_count=0

Compilation events (20 events):
Event: 22.073 Thread 0x000002d99ca931d0 14560       3       sun.nio.cs.SingleByte$Encoder::encodeLoop (28 bytes)
Event: 22.073 Thread 0x000002d99ca931d0 nmethod 14560 0x000002d988879990 code [0x000002d988879b60, 0x000002d988879f78]
Event: 22.073 Thread 0x000002d99ca931d0 14557       2       org.gradle.internal.logging.text.AbstractLineChoppingStyledTextOutput$2::execute (9 bytes)
Event: 22.073 Thread 0x000002d99ca931d0 nmethod 14557 0x000002d988879590 code [0x000002d988879720, 0x000002d988879888]
Event: 22.073 Thread 0x000002d99ca931d0 14562       1       org.gradle.internal.logging.events.RenderableOutputEvent::getBuildOperationId (5 bytes)
Event: 22.074 Thread 0x000002d99ca931d0 nmethod 14562 0x000002d98fe64410 code [0x000002d98fe645a0, 0x000002d98fe64678]
Event: 22.076 Thread 0x000002d99ca8a710 nmethod 14553 0x000002d98fe64710 code [0x000002d98fe648e0, 0x000002d98fe64cf8]
Event: 22.076 Thread 0x000002d99ca8a710 14555       4       org.gradle.internal.logging.text.AbstractLineChoppingStyledTextOutput$1::execute (9 bytes)
Event: 22.078 Thread 0x000002d99ca931d0 14563       3       org.gradle.internal.io.LineBufferingOutputStream::write (59 bytes)
Event: 22.079 Thread 0x000002d99ca931d0 nmethod 14563 0x000002d988303390 code [0x000002d988303640, 0x000002d988304498]
Event: 22.079 Thread 0x000002d99ca931d0 14564       3       org.gradle.internal.io.StreamByteBuffer$StreamByteBufferOutputStream::write (22 bytes)
Event: 22.079 Thread 0x000002d99ca931d0 nmethod 14564 0x000002d988302e90 code [0x000002d988303040, 0x000002d988303218]
Event: 22.079 Thread 0x000002d99ca931d0 14565       3       org.gradle.internal.io.StreamByteBuffer$StreamByteBufferChunk::write (32 bytes)
Event: 22.079 Thread 0x000002d99ca931d0 nmethod 14565 0x000002d98813e010 code [0x000002d98813e1c0, 0x000002d98813e378]
Event: 22.079 Thread 0x000002d99ca931d0 14566       3       org.gradle.internal.io.LineBufferingOutputStream::endsWithLineSeparator (27 bytes)
Event: 22.079 Thread 0x000002d99ca931d0 nmethod 14566 0x000002d9883c7310 code [0x000002d9883c74a0, 0x000002d9883c7658]
Event: 22.080 Thread 0x000002d99ca8a710 nmethod 14555 0x000002d98fe65190 code [0x000002d98fe65360, 0x000002d98fe65a48]
Event: 22.080 Thread 0x000002d99ca8a710 14567       4       org.gradle.internal.logging.text.AbstractLineChoppingStyledTextOutput::doAppend (43 bytes)
Event: 22.081 Thread 0x000002d99ca931d0 14568   !   3       jdk.proxy1.$Proxy0::onOutput (34 bytes)
Event: 22.081 Thread 0x000002d99ca931d0 nmethod 14568 0x000002d988302510 code [0x000002d9883026e0, 0x000002d988302c18]

GC Heap History (20 events):
Event: 15.323 GC heap before
{Heap before GC invocations=42 (full 0):
 garbage-first heap   total 182272K, used 152640K [0x0000000700000000, 0x0000000800000000)
  region size 2048K, 25 young (51200K), 3 survivors (6144K)
 Metaspace       used 86357K, committed 87168K, reserved 1179648K
  class space    used 12212K, committed 12608K, reserved 1048576K
}
Event: 15.328 GC heap after
{Heap after GC invocations=43 (full 0):
 garbage-first heap   total 182272K, used 111702K [0x0000000700000000, 0x0000000800000000)
  region size 2048K, 4 young (8192K), 4 survivors (8192K)
 Metaspace       used 86357K, committed 87168K, reserved 1179648K
  class space    used 12212K, committed 12608K, reserved 1048576K
}
Event: 15.672 GC heap before
{Heap before GC invocations=44 (full 0):
 garbage-first heap   total 198656K, used 150614K [0x0000000700000000, 0x0000000800000000)
  region size 2048K, 23 young (47104K), 4 survivors (8192K)
 Metaspace       used 87647K, committed 88576K, reserved 1179648K
  class space    used 12432K, committed 12864K, reserved 1048576K
}
Event: 15.677 GC heap after
{Heap after GC invocations=45 (full 0):
 garbage-first heap   total 198656K, used 120790K [0x0000000700000000, 0x0000000800000000)
  region size 2048K, 3 young (6144K), 3 survivors (6144K)
 Metaspace       used 87647K, committed 88576K, reserved 1179648K
  class space    used 12432K, committed 12864K, reserved 1048576K
}
Event: 16.037 GC heap before
{Heap before GC invocations=45 (full 0):
 garbage-first heap   total 198656K, used 157654K [0x0000000700000000, 0x0000000800000000)
  region size 2048K, 22 young (45056K), 3 survivors (6144K)
 Metaspace       used 88217K, committed 89152K, reserved 1179648K
  class space    used 12495K, committed 12928K, reserved 1048576K
}
Event: 16.042 GC heap after
{Heap after GC invocations=46 (full 0):
 garbage-first heap   total 198656K, used 127528K [0x0000000700000000, 0x0000000800000000)
  region size 2048K, 3 young (6144K), 3 survivors (6144K)
 Metaspace       used 88217K, committed 89152K, reserved 1179648K
  class space    used 12495K, committed 12928K, reserved 1048576K
}
Event: 16.374 GC heap before
{Heap before GC invocations=47 (full 0):
 garbage-first heap   total 223232K, used 158248K [0x0000000700000000, 0x0000000800000000)
  region size 2048K, 19 young (38912K), 3 survivors (6144K)
 Metaspace       used 88551K, committed 89536K, reserved 1179648K
  class space    used 12531K, committed 12992K, reserved 1048576K
}
Event: 16.378 GC heap after
{Heap after GC invocations=48 (full 0):
 garbage-first heap   total 223232K, used 135001K [0x0000000700000000, 0x0000000800000000)
  region size 2048K, 3 young (6144K), 3 survivors (6144K)
 Metaspace       used 88551K, committed 89536K, reserved 1179648K
  class space    used 12531K, committed 12992K, reserved 1048576K
}
Event: 16.672 GC heap before
{Heap before GC invocations=48 (full 0):
 garbage-first heap   total 223232K, used 175961K [0x0000000700000000, 0x0000000800000000)
  region size 2048K, 24 young (49152K), 3 survivors (6144K)
 Metaspace       used 88973K, committed 89984K, reserved 1179648K
  class space    used 12583K, committed 13056K, reserved 1048576K
}
Event: 16.679 GC heap after
{Heap after GC invocations=49 (full 0):
 garbage-first heap   total 223232K, used 148122K [0x0000000700000000, 0x0000000800000000)
  region size 2048K, 3 young (6144K), 3 survivors (6144K)
 Metaspace       used 88973K, committed 89984K, reserved 1179648K
  class space    used 12583K, committed 13056K, reserved 1048576K
}
Event: 17.007 GC heap before
{Heap before GC invocations=50 (full 0):
 garbage-first heap   total 256000K, used 176794K [0x0000000700000000, 0x0000000800000000)
  region size 2048K, 17 young (34816K), 3 survivors (6144K)
 Metaspace       used 90724K, committed 91776K, reserved 1179648K
  class space    used 12847K, committed 13312K, reserved 1048576K
}
Event: 17.010 GC heap after
{Heap after GC invocations=51 (full 0):
 garbage-first heap   total 256000K, used 151480K [0x0000000700000000, 0x0000000800000000)
  region size 2048K, 2 young (4096K), 2 survivors (4096K)
 Metaspace       used 90724K, committed 91776K, reserved 1179648K
  class space    used 12847K, committed 13312K, reserved 1048576K
}
Event: 17.071 GC heap before
{Heap before GC invocations=51 (full 0):
 garbage-first heap   total 256000K, used 159672K [0x0000000700000000, 0x0000000800000000)
  region size 2048K, 6 young (12288K), 2 survivors (4096K)
 Metaspace       used 91516K, committed 92544K, reserved 1179648K
  class space    used 12978K, committed 13440K, reserved 1048576K
}
Event: 17.073 GC heap after
{Heap after GC invocations=52 (full 0):
 garbage-first heap   total 256000K, used 151247K [0x0000000700000000, 0x0000000800000000)
  region size 2048K, 1 young (2048K), 1 survivors (2048K)
 Metaspace       used 91516K, committed 92544K, reserved 1179648K
  class space    used 12978K, committed 13440K, reserved 1048576K
}
Event: 17.549 GC heap before
{Heap before GC invocations=52 (full 0):
 garbage-first heap   total 256000K, used 198351K [0x0000000700000000, 0x0000000800000000)
  region size 2048K, 24 young (49152K), 1 survivors (2048K)
 Metaspace       used 95503K, committed 96512K, reserved 1179648K
  class space    used 13480K, committed 13952K, reserved 1048576K
}
Event: 17.553 GC heap after
{Heap after GC invocations=53 (full 0):
 garbage-first heap   total 307200K, used 155352K [0x0000000700000000, 0x0000000800000000)
  region size 2048K, 3 young (6144K), 3 survivors (6144K)
 Metaspace       used 95503K, committed 96512K, reserved 1179648K
  class space    used 13480K, committed 13952K, reserved 1048576K
}
Event: 18.276 GC heap before
{Heap before GC invocations=54 (full 0):
 garbage-first heap   total 307200K, used 231128K [0x0000000700000000, 0x0000000800000000)
  region size 2048K, 40 young (81920K), 3 survivors (6144K)
 Metaspace       used 97799K, committed 98944K, reserved 1179648K
  class space    used 13819K, committed 14336K, reserved 1048576K
}
Event: 18.284 GC heap after
{Heap after GC invocations=55 (full 0):
 garbage-first heap   total 307200K, used 166502K [0x0000000700000000, 0x0000000800000000)
  region size 2048K, 5 young (10240K), 5 survivors (10240K)
 Metaspace       used 97799K, committed 98944K, reserved 1179648K
  class space    used 13819K, committed 14336K, reserved 1048576K
}
Event: 18.313 GC heap before
{Heap before GC invocations=55 (full 0):
 garbage-first heap   total 307200K, used 170598K [0x0000000700000000, 0x0000000800000000)
  region size 2048K, 7 young (14336K), 5 survivors (10240K)
 Metaspace       used 97837K, committed 98944K, reserved 1179648K
  class space    used 13828K, committed 14336K, reserved 1048576K
}
Event: 18.319 GC heap after
{Heap after GC invocations=56 (full 0):
 garbage-first heap   total 307200K, used 167651K [0x0000000700000000, 0x0000000800000000)
  region size 2048K, 1 young (2048K), 1 survivors (2048K)
 Metaspace       used 97837K, committed 98944K, reserved 1179648K
  class space    used 13828K, committed 14336K, reserved 1048576K
}

Dll operation events (15 events):
Event: 0.009 Loaded shared library C:\Program Files\Microsoft\jdk-17.0.12.7-hotspot\bin\java.dll
Event: 0.027 Loaded shared library C:\Program Files\Microsoft\jdk-17.0.12.7-hotspot\bin\jsvml.dll
Event: 0.071 Loaded shared library C:\Program Files\Microsoft\jdk-17.0.12.7-hotspot\bin\zip.dll
Event: 0.073 Loaded shared library C:\Program Files\Microsoft\jdk-17.0.12.7-hotspot\bin\instrument.dll
Event: 0.076 Loaded shared library C:\Program Files\Microsoft\jdk-17.0.12.7-hotspot\bin\net.dll
Event: 0.077 Loaded shared library C:\Program Files\Microsoft\jdk-17.0.12.7-hotspot\bin\nio.dll
Event: 0.080 Loaded shared library C:\Program Files\Microsoft\jdk-17.0.12.7-hotspot\bin\zip.dll
Event: 0.249 Loaded shared library C:\Program Files\Microsoft\jdk-17.0.12.7-hotspot\bin\jimage.dll
Event: 0.300 Loaded shared library C:\Program Files\Microsoft\jdk-17.0.12.7-hotspot\bin\verify.dll
Event: 0.434 Loaded shared library C:\Users\Admin\.gradle\native\68d5fa5c4cc2d200863cafc0d521ce42e7d3e7ee720ec0a83991735586a16f82\windows-amd64\native-platform.dll
Event: 0.442 Loaded shared library C:\Users\Admin\.gradle\native\e376f236ea51e6404a007f0833ffe2c6e607c4080706a723a18a27aeea778392\windows-amd64\native-platform-file-events.dll
Event: 1.131 Loaded shared library C:\Program Files\Microsoft\jdk-17.0.12.7-hotspot\bin\management.dll
Event: 1.133 Loaded shared library C:\Program Files\Microsoft\jdk-17.0.12.7-hotspot\bin\management_ext.dll
Event: 1.299 Loaded shared library C:\Program Files\Microsoft\jdk-17.0.12.7-hotspot\bin\extnet.dll
Event: 1.448 Loaded shared library C:\Program Files\Microsoft\jdk-17.0.12.7-hotspot\bin\sunmscapi.dll

Deoptimization events (20 events):
Event: 22.072 Thread 0x000002d9e484e780 Uncommon trap: trap_request=0xffffffc6 fr.pc=0x000002d98fc16728 relative=0x00000000000002a8
Event: 22.072 Thread 0x000002d9e484e780 Uncommon trap: reason=bimorphic_or_optimized_type_check action=maybe_recompile pc=0x000002d98fc16728 method=org.gradle.internal.logging.sink.OutputEventRenderer.onOutput(Lorg/gradle/internal/logging/events/OutputEvent;)V @ 1 c2
Event: 22.072 Thread 0x000002d9e484e780 DEOPT PACKING pc=0x000002d98fc16728 sp=0x000000db1b7fe960
Event: 22.072 Thread 0x000002d9e484e780 DEOPT UNPACKING pc=0x000002d98eff69a3 sp=0x000000db1b7fe8a0 mode 2
Event: 22.072 Thread 0x000002d9e484e780 Uncommon trap: trap_request=0xffffffde fr.pc=0x000002d98fc17924 relative=0x00000000000006a4
Event: 22.072 Thread 0x000002d9e484e780 Uncommon trap: reason=class_check action=maybe_recompile pc=0x000002d98fc17924 method=org.gradle.internal.logging.sink.OutputEventTransformer.onOutput(Lorg/gradle/internal/logging/events/OutputEvent;)V @ 215 c2
Event: 22.072 Thread 0x000002d9e484e780 DEOPT PACKING pc=0x000002d98fc17924 sp=0x000000db1b7fe870
Event: 22.072 Thread 0x000002d9e484e780 DEOPT UNPACKING pc=0x000002d98eff69a3 sp=0x000000db1b7fe818 mode 2
Event: 22.072 Thread 0x000002d9e484e780 Uncommon trap: trap_request=0xffffffc6 fr.pc=0x000002d98fc16728 relative=0x00000000000002a8
Event: 22.072 Thread 0x000002d9e484e780 Uncommon trap: reason=bimorphic_or_optimized_type_check action=maybe_recompile pc=0x000002d98fc16728 method=org.gradle.internal.logging.sink.OutputEventRenderer.onOutput(Lorg/gradle/internal/logging/events/OutputEvent;)V @ 1 c2
Event: 22.072 Thread 0x000002d9e484e780 DEOPT PACKING pc=0x000002d98fc16728 sp=0x000000db1b7fe960
Event: 22.072 Thread 0x000002d9e484e780 DEOPT UNPACKING pc=0x000002d98eff69a3 sp=0x000000db1b7fe8a0 mode 2
Event: 22.072 Thread 0x000002d9e484e780 Uncommon trap: trap_request=0xffffffde fr.pc=0x000002d98fc17924 relative=0x00000000000006a4
Event: 22.072 Thread 0x000002d9e484e780 Uncommon trap: reason=class_check action=maybe_recompile pc=0x000002d98fc17924 method=org.gradle.internal.logging.sink.OutputEventTransformer.onOutput(Lorg/gradle/internal/logging/events/OutputEvent;)V @ 215 c2
Event: 22.072 Thread 0x000002d9e484e780 DEOPT PACKING pc=0x000002d98fc17924 sp=0x000000db1b7fe870
Event: 22.073 Thread 0x000002d9e484e780 DEOPT UNPACKING pc=0x000002d98eff69a3 sp=0x000000db1b7fe818 mode 2
Event: 22.073 Thread 0x000002d9e484e780 Uncommon trap: trap_request=0xffffffc6 fr.pc=0x000002d98fbe51d0 relative=0x0000000000000170
Event: 22.073 Thread 0x000002d9e484e780 Uncommon trap: reason=bimorphic_or_optimized_type_check action=maybe_recompile pc=0x000002d98fbe51d0 method=org.gradle.internal.logging.sink.OutputEventRenderer.onOutput(Lorg/gradle/internal/logging/events/OutputEvent;)V @ 1 c2
Event: 22.073 Thread 0x000002d9e484e780 DEOPT PACKING pc=0x000002d98fbe51d0 sp=0x000000db1b7fe900
Event: 22.073 Thread 0x000002d9e484e780 DEOPT UNPACKING pc=0x000002d98eff69a3 sp=0x000000db1b7fe8a0 mode 2

Classes loaded (20 events):
Event: 18.256 Loading class java/util/HashMap$UnsafeHolder
Event: 18.256 Loading class java/util/HashMap$UnsafeHolder done
Event: 18.673 Loading class java/lang/BooleanBeanInfo
Event: 18.673 Loading class java/lang/BooleanBeanInfo done
Event: 18.673 Loading class java/lang/BooleanBeanInfo
Event: 18.673 Loading class java/lang/BooleanBeanInfo done
Event: 18.673 Loading class java/lang/BooleanCustomizer
Event: 18.673 Loading class java/lang/BooleanCustomizer done
Event: 18.674 Loading class java/lang/BooleanCustomizer
Event: 18.674 Loading class java/lang/BooleanCustomizer done
Event: 18.679 Loading class java/lang/ProcessImpl
Event: 18.680 Loading class java/lang/ProcessImpl done
Event: 18.689 Loading class java/lang/ProcessHandleImpl
Event: 18.689 Loading class java/lang/ProcessHandleImpl done
Event: 18.690 Loading class java/lang/ProcessImpl$2
Event: 18.690 Loading class java/lang/ProcessImpl$2 done
Event: 18.690 Loading class java/lang/Process$PipeInputStream
Event: 18.690 Loading class java/lang/Process$PipeInputStream done
Event: 18.692 Loading class jdk/internal/event/ProcessStartEvent
Event: 18.692 Loading class jdk/internal/event/ProcessStartEvent done

Classes unloaded (0 events):
No events

Classes redefined (0 events):
No events

Internal exceptions (20 events):
Event: 18.661 Thread 0x000002d9e731c570 Exception <a 'java/lang/ClassNotFoundException'{0x000000070f702930}: org/gradle/process/internal/DefaultExecAction_DecoratedBeanInfo> (0x000000070f702930) 
thrown [s\src\hotspot\share\classfile\systemDictionary.cpp, line 256]
Event: 18.662 Thread 0x000002d9e731c570 Exception <a 'java/lang/ClassNotFoundException'{0x000000070f713388}: org/gradle/process/internal/DefaultExecActionBeanInfo> (0x000000070f713388) 
thrown [s\src\hotspot\share\classfile\systemDictionary.cpp, line 256]
Event: 18.662 Thread 0x000002d9e731c570 Exception <a 'java/lang/ClassNotFoundException'{0x000000070f724778}: org/gradle/process/internal/DefaultExecHandleBuilderBeanInfo> (0x000000070f724778) 
thrown [s\src\hotspot\share\classfile\systemDictionary.cpp, line 256]
Event: 18.662 Thread 0x000002d9e731c570 Exception <a 'java/lang/ClassNotFoundException'{0x000000070f7368c0}: org/gradle/process/internal/AbstractExecHandleBuilderBeanInfo> (0x000000070f7368c0) 
thrown [s\src\hotspot\share\classfile\systemDictionary.cpp, line 256]
Event: 18.663 Thread 0x000002d9e731c570 Exception <a 'java/lang/ClassNotFoundException'{0x000000070f748758}: org/gradle/process/internal/DefaultProcessForkOptionsBeanInfo> (0x000000070f748758) 
thrown [s\src\hotspot\share\classfile\systemDictionary.cpp, line 256]
Event: 18.663 Thread 0x000002d9e731c570 Exception <a 'java/lang/ClassNotFoundException'{0x000000070f75a980}: org/gradle/process/internal/DefaultProcessForkOptionsCustomizer> (0x000000070f75a980) 
thrown [s\src\hotspot\share\classfile\systemDictionary.cpp, line 256]
Event: 18.664 Thread 0x000002d9e731c570 Exception <a 'java/lang/ClassNotFoundException'{0x000000070f779960}: org/gradle/process/internal/AbstractExecHandleBuilderCustomizer> (0x000000070f779960) 
thrown [s\src\hotspot\share\classfile\systemDictionary.cpp, line 256]
Event: 18.665 Thread 0x000002d9e731c570 Exception <a 'java/lang/ClassNotFoundException'{0x000000070f79d350}: org/gradle/process/internal/DefaultExecHandleBuilderCustomizer> (0x000000070f79d350) 
thrown [s\src\hotspot\share\classfile\systemDictionary.cpp, line 256]
Event: 18.666 Thread 0x000002d9e731c570 Exception <a 'java/lang/ClassNotFoundException'{0x000000070f7db770}: org/gradle/process/internal/DefaultExecActionCustomizer> (0x000000070f7db770) 
thrown [s\src\hotspot\share\classfile\systemDictionary.cpp, line 256]
Event: 18.666 Thread 0x000002d9e731c570 Exception <a 'java/lang/ClassNotFoundException'{0x000000070f7f5cd8}: org/gradle/process/internal/DefaultExecAction_DecoratedCustomizer> (0x000000070f7f5cd8) 
thrown [s\src\hotspot\share\classfile\systemDictionary.cpp, line 256]
Event: 18.668 Thread 0x000002d9e731c570 Exception <a 'java/lang/ClassNotFoundException'{0x000000070f42d0f8}: org/gradle/api/logging/LogLevelBeanInfo> (0x000000070f42d0f8) 
thrown [s\src\hotspot\share\classfile\systemDictionary.cpp, line 256]
Event: 18.668 Thread 0x000002d9e731c570 Exception <a 'java/lang/ClassNotFoundException'{0x000000070f43cc60}: org/gradle/api/logging/LogLevelCustomizer> (0x000000070f43cc60) 
thrown [s\src\hotspot\share\classfile\systemDictionary.cpp, line 256]
Event: 18.671 Thread 0x000002d9e731c570 Exception <a 'java/lang/ClassNotFoundException'{0x000000070f4804c0}: org/gradle/internal/logging/services/DefaultLoggingManagerBeanInfo> (0x000000070f4804c0) 
thrown [s\src\hotspot\share\classfile\systemDictionary.cpp, line 256]
Event: 18.671 Thread 0x000002d9e731c570 Exception <a 'java/lang/ClassNotFoundException'{0x000000070f4909c0}: org/gradle/internal/logging/services/DefaultLoggingManagerCustomizer> (0x000000070f4909c0) 
thrown [s\src\hotspot\share\classfile\systemDictionary.cpp, line 256]
Event: 18.673 Thread 0x000002d9e731c570 Exception <a 'java/lang/ClassNotFoundException'{0x000000070f4c03b8}: java/lang/BooleanBeanInfo> (0x000000070f4c03b8) 
thrown [s\src\hotspot\share\classfile\systemDictionary.cpp, line 256]
Event: 18.674 Thread 0x000002d9e731c570 Exception <a 'java/lang/ClassNotFoundException'{0x000000070f4c6270}: java/lang/BooleanCustomizer> (0x000000070f4c6270) 
thrown [s\src\hotspot\share\classfile\systemDictionary.cpp, line 256]
Event: 18.688 Thread 0x000002d9e484e270 Exception <a 'java/lang/NoSuchMethodError'{0x000000070f595a58}: 'void java.lang.invoke.DirectMethodHandle$Holder.invokeStatic(java.lang.Object, long)'> (0x000000070f595a58) 
thrown [s\src\hotspot\share\interpreter\linkResolver.cpp, line 759]
Event: 18.688 Thread 0x000002d9e484e270 Exception <a 'java/lang/NoSuchMethodError'{0x000000070f59adc0}: 'java.lang.Object java.lang.invoke.DirectMethodHandle$Holder.newInvokeSpecial(java.lang.Object, long)'> (0x000000070f59adc0) 
thrown [s\src\hotspot\share\interpreter\linkResolver.cpp, line 759]
Event: 18.690 Thread 0x000002d9e484e270 Exception <a 'java/lang/NoSuchMethodError'{0x000000070f5a4a00}: 'java.lang.Object java.lang.invoke.DirectMethodHandle$Holder.invokeStatic(java.lang.Object, java.lang.Object, long, java.lang.Object)'> (0x000000070f5a4a00) 
thrown [s\src\hotspot\share\interpreter\linkResolver.cpp, line 759]
Event: 18.690 Thread 0x000002d9e484e270 Exception <a 'java/lang/NoSuchMethodError'{0x000000070f5a81d8}: 'java.lang.Object java.lang.invoke.DirectMethodHandle$Holder.invokeStaticInit(java.lang.Object, java.lang.Object, long, java.lang.Object)'> (0x000000070f5a81d8) 
thrown [s\src\hotspot\share\interpreter\linkResolver.cpp, line 759]

VM Operations (20 events):
Event: 18.118 Executing VM operation: ICBufferFull
Event: 18.118 Executing VM operation: ICBufferFull done
Event: 18.187 Executing VM operation: HandshakeAllThreads
Event: 18.187 Executing VM operation: HandshakeAllThreads done
Event: 18.237 Executing VM operation: ICBufferFull
Event: 18.237 Executing VM operation: ICBufferFull done
Event: 18.276 Executing VM operation: G1CollectForAllocation
Event: 18.284 Executing VM operation: G1CollectForAllocation done
Event: 18.313 Executing VM operation: G1CollectForAllocation
Event: 18.319 Executing VM operation: G1CollectForAllocation done
Event: 18.641 Executing VM operation: HandshakeAllThreads
Event: 18.642 Executing VM operation: HandshakeAllThreads done
Event: 18.650 Executing VM operation: ICBufferFull
Event: 18.650 Executing VM operation: ICBufferFull done
Event: 18.692 Executing VM operation: HandshakeAllThreads
Event: 18.692 Executing VM operation: HandshakeAllThreads done
Event: 19.697 Executing VM operation: Cleanup
Event: 19.697 Executing VM operation: Cleanup done
Event: 21.713 Executing VM operation: Cleanup
Event: 21.713 Executing VM operation: Cleanup done

Events (20 events):
Event: 18.649 Thread 0x000002d99ca95be0 flushing nmethod 0x000002d9880ced90
Event: 18.649 Thread 0x000002d99ca95be0 flushing nmethod 0x000002d98813e010
Event: 18.649 Thread 0x000002d99ca95be0 flushing nmethod 0x000002d988258f10
Event: 18.650 Thread 0x000002d99ca95be0 flushing nmethod 0x000002d9882c4d10
Event: 18.650 Thread 0x000002d99ca95be0 flushing nmethod 0x000002d988301810
Event: 18.650 Thread 0x000002d99ca95be0 flushing nmethod 0x000002d988336d10
Event: 18.650 Thread 0x000002d99ca95be0 flushing nmethod 0x000002d9883c7310
Event: 18.650 Thread 0x000002d99ca95be0 flushing nmethod 0x000002d98840ce10
Event: 18.651 Thread 0x000002d99ca95be0 flushing nmethod 0x000002d988539b10
Event: 18.651 Thread 0x000002d99ca95be0 flushing nmethod 0x000002d9885a7410
Event: 18.653 Thread 0x000002d99ca95be0 flushing nmethod 0x000002d988870e90
Event: 18.653 Thread 0x000002d99ca95be0 flushing nmethod 0x000002d988871a10
Event: 18.653 Thread 0x000002d99ca95be0 flushing nmethod 0x000002d988879590
Event: 18.653 Thread 0x000002d99ca95be0 flushing nmethod 0x000002d98898cd10
Event: 18.658 Thread 0x000002d99ca95be0 flushing nmethod 0x000002d9891e5510
Event: 18.679 Thread 0x000002d9e484e270 Thread added: 0x000002d9e484e270
Event: 18.693 Thread 0x000002d9e484e780 Thread added: 0x000002d9e484e780
Event: 18.693 Thread 0x000002d9e484ec90 Thread added: 0x000002d9e484ec90
Event: 19.168 Thread 0x000002d9e9f3b520 Thread exited: 0x000002d9e9f3b520
Event: 19.168 Thread 0x000002d9e43caaf0 Thread exited: 0x000002d9e43caaf0


Dynamic libraries:
0x00007ff6c33b0000 - 0x00007ff6c33be000 	C:\Program Files\Microsoft\jdk-17.0.12.7-hotspot\bin\java.exe
0x00007ffe57010000 - 0x00007ffe57227000 	C:\Windows\SYSTEM32\ntdll.dll
0x00007ffe54d90000 - 0x00007ffe54e54000 	C:\Windows\System32\KERNEL32.DLL
0x00007ffe544d0000 - 0x00007ffe54889000 	C:\Windows\System32\KERNELBASE.dll
0x00007ffe54ad0000 - 0x00007ffe54be1000 	C:\Windows\System32\ucrtbase.dll
0x00007ffe3e480000 - 0x00007ffe3e497000 	C:\Program Files\Microsoft\jdk-17.0.12.7-hotspot\bin\jli.dll
0x00007ffe34cd0000 - 0x00007ffe34ced000 	C:\Program Files\Microsoft\jdk-17.0.12.7-hotspot\bin\VCRUNTIME140.dll
0x00007ffe562b0000 - 0x00007ffe5645e000 	C:\Windows\System32\USER32.dll
0x00007ffe54930000 - 0x00007ffe54956000 	C:\Windows\System32\win32u.dll
0x00007ffe3cb50000 - 0x00007ffe3cde2000 	C:\Windows\WinSxS\amd64_microsoft.windows.common-controls_6595b64144ccf1df_6.0.22621.4391_none_2715d37f73803e96\COMCTL32.dll
0x00007ffe550e0000 - 0x00007ffe55109000 	C:\Windows\System32\GDI32.dll
0x00007ffe55110000 - 0x00007ffe551b7000 	C:\Windows\System32\msvcrt.dll
0x00007ffe54310000 - 0x00007ffe5442b000 	C:\Windows\System32\gdi32full.dll
0x00007ffe54890000 - 0x00007ffe5492a000 	C:\Windows\System32\msvcp_win.dll
0x00007ffe56f90000 - 0x00007ffe56fc1000 	C:\Windows\System32\IMM32.DLL
0x00007ffe3b280000 - 0x00007ffe3b28c000 	C:\Program Files\Microsoft\jdk-17.0.12.7-hotspot\bin\vcruntime140_1.dll
0x00007ffe1b910000 - 0x00007ffe1b99d000 	C:\Program Files\Microsoft\jdk-17.0.12.7-hotspot\bin\msvcp140.dll
0x00007ffde7f80000 - 0x00007ffde8bf0000 	C:\Program Files\Microsoft\jdk-17.0.12.7-hotspot\bin\server\jvm.dll
0x00007ffe55ae0000 - 0x00007ffe55b92000 	C:\Windows\System32\ADVAPI32.dll
0x00007ffe56de0000 - 0x00007ffe56e87000 	C:\Windows\System32\sechost.dll
0x00007ffe54430000 - 0x00007ffe54458000 	C:\Windows\System32\bcrypt.dll
0x00007ffe55ba0000 - 0x00007ffe55cb4000 	C:\Windows\System32\RPCRT4.dll
0x00007ffe56020000 - 0x00007ffe56091000 	C:\Windows\System32\WS2_32.dll
0x00007ffe541e0000 - 0x00007ffe5422d000 	C:\Windows\SYSTEM32\POWRPROF.dll
0x00007ffe4c7f0000 - 0x00007ffe4c824000 	C:\Windows\SYSTEM32\WINMM.dll
0x00007ffe4afb0000 - 0x00007ffe4afba000 	C:\Windows\SYSTEM32\VERSION.dll
0x00007ffe541c0000 - 0x00007ffe541d3000 	C:\Windows\SYSTEM32\UMPDC.dll
0x00007ffe53350000 - 0x00007ffe53368000 	C:\Windows\SYSTEM32\kernel.appcore.dll
0x00007ffe37c00000 - 0x00007ffe37c0a000 	C:\Program Files\Microsoft\jdk-17.0.12.7-hotspot\bin\jimage.dll
0x00007ffe4a120000 - 0x00007ffe4a352000 	C:\Windows\SYSTEM32\DBGHELP.DLL
0x00007ffe56480000 - 0x00007ffe5680f000 	C:\Windows\System32\combase.dll
0x00007ffe55cc0000 - 0x00007ffe55d97000 	C:\Windows\System32\OLEAUT32.dll
0x00007ffe43f10000 - 0x00007ffe43f42000 	C:\Windows\SYSTEM32\dbgcore.DLL
0x00007ffe54bf0000 - 0x00007ffe54c6b000 	C:\Windows\System32\bcryptPrimitives.dll
0x00007ffe34e80000 - 0x00007ffe34e8e000 	C:\Program Files\Microsoft\jdk-17.0.12.7-hotspot\bin\instrument.dll
0x00007ffe27ac0000 - 0x00007ffe27ae5000 	C:\Program Files\Microsoft\jdk-17.0.12.7-hotspot\bin\java.dll
0x00007ffdff700000 - 0x00007ffdff7d7000 	C:\Program Files\Microsoft\jdk-17.0.12.7-hotspot\bin\jsvml.dll
0x00007ffe55260000 - 0x00007ffe55ad6000 	C:\Windows\System32\SHELL32.dll
0x00007ffe52250000 - 0x00007ffe52b53000 	C:\Windows\SYSTEM32\windows.storage.dll
0x00007ffe52110000 - 0x00007ffe5224f000 	C:\Windows\SYSTEM32\wintypes.dll
0x00007ffe56e90000 - 0x00007ffe56f89000 	C:\Windows\System32\SHCORE.dll
0x00007ffe54d30000 - 0x00007ffe54d8e000 	C:\Windows\System32\shlwapi.dll
0x00007ffe54240000 - 0x00007ffe5426b000 	C:\Windows\SYSTEM32\profapi.dll
0x00007ffe1b8f0000 - 0x00007ffe1b908000 	C:\Program Files\Microsoft\jdk-17.0.12.7-hotspot\bin\zip.dll
0x00007ffe23310000 - 0x00007ffe2332a000 	C:\Program Files\Microsoft\jdk-17.0.12.7-hotspot\bin\net.dll
0x00007ffe4d0d0000 - 0x00007ffe4d206000 	C:\Windows\SYSTEM32\WINHTTP.dll
0x00007ffe537d0000 - 0x00007ffe53839000 	C:\Windows\system32\mswsock.dll
0x00007ffe22720000 - 0x00007ffe22736000 	C:\Program Files\Microsoft\jdk-17.0.12.7-hotspot\bin\nio.dll
0x00007ffe35120000 - 0x00007ffe35130000 	C:\Program Files\Microsoft\jdk-17.0.12.7-hotspot\bin\verify.dll
0x00007ffe42d50000 - 0x00007ffe42d77000 	C:\Users\Admin\.gradle\native\68d5fa5c4cc2d200863cafc0d521ce42e7d3e7ee720ec0a83991735586a16f82\windows-amd64\native-platform.dll
0x00007ffded3c0000 - 0x00007ffded504000 	C:\Users\Admin\.gradle\native\e376f236ea51e6404a007f0833ffe2c6e607c4080706a723a18a27aeea778392\windows-amd64\native-platform-file-events.dll
0x00007ffe42d40000 - 0x00007ffe42d4a000 	C:\Program Files\Microsoft\jdk-17.0.12.7-hotspot\bin\management.dll
0x00007ffe42d30000 - 0x00007ffe42d3b000 	C:\Program Files\Microsoft\jdk-17.0.12.7-hotspot\bin\management_ext.dll
0x00007ffe551c0000 - 0x00007ffe551c8000 	C:\Windows\System32\PSAPI.DLL
0x00007ffe53a20000 - 0x00007ffe53a3b000 	C:\Windows\SYSTEM32\CRYPTSP.dll
0x00007ffe532b0000 - 0x00007ffe532e5000 	C:\Windows\system32\rsaenh.dll
0x00007ffe538c0000 - 0x00007ffe538e8000 	C:\Windows\SYSTEM32\USERENV.dll
0x00007ffe53a40000 - 0x00007ffe53a4c000 	C:\Windows\SYSTEM32\CRYPTBASE.dll
0x00007ffe52e00000 - 0x00007ffe52e2d000 	C:\Windows\SYSTEM32\IPHLPAPI.DLL
0x00007ffe55da0000 - 0x00007ffe55da9000 	C:\Windows\System32\NSI.dll
0x00007ffe4dac0000 - 0x00007ffe4dad9000 	C:\Windows\SYSTEM32\dhcpcsvc6.DLL
0x00007ffe4c9d0000 - 0x00007ffe4c9ef000 	C:\Windows\SYSTEM32\dhcpcsvc.DLL
0x00007ffe52e30000 - 0x00007ffe52f32000 	C:\Windows\SYSTEM32\DNSAPI.dll
0x00007ffe42d20000 - 0x00007ffe42d29000 	C:\Program Files\Microsoft\jdk-17.0.12.7-hotspot\bin\extnet.dll
0x00007ffe4f7a0000 - 0x00007ffe4f7ae000 	C:\Program Files\Microsoft\jdk-17.0.12.7-hotspot\bin\sunmscapi.dll
0x00007ffe54960000 - 0x00007ffe54ac6000 	C:\Windows\System32\CRYPT32.dll
0x00007ffe53bc0000 - 0x00007ffe53bed000 	C:\Windows\SYSTEM32\ncrypt.dll
0x00007ffe53b80000 - 0x00007ffe53bb7000 	C:\Windows\SYSTEM32\NTASN1.dll
0x00007ffde9e10000 - 0x00007ffde9e18000 	C:\Windows\system32\wshunix.dll
0x00007ffe53460000 - 0x00007ffe53494000 	C:\Windows\SYSTEM32\ntmarta.dll
0x00007ffe50500000 - 0x00007ffe50517000 	C:\Windows\system32\napinsp.dll
0x00007ffe500c0000 - 0x00007ffe500db000 	C:\Windows\system32\pnrpnsp.dll
0x00007ffe50060000 - 0x00007ffe50071000 	C:\Windows\System32\winrnr.dll
0x00007ffe4bf00000 - 0x00007ffe4bf15000 	C:\Windows\system32\wshbth.dll
0x00007ffe50a90000 - 0x00007ffe50ab7000 	C:\Windows\system32\nlansp_c.dll
0x0000000074110000 - 0x0000000074136000 	C:\Program Files\Bonjour\mdnsNSP.dll
0x00007ffe4cff0000 - 0x00007ffe4cffa000 	C:\Windows\System32\rasadhlp.dll
0x00007ffe4b3b0000 - 0x00007ffe4b433000 	C:\Windows\System32\fwpuclnt.dll

dbghelp: loaded successfully - version: 4.0.5 - missing functions: none
symbol engine: initialized successfully - sym options: 0x614 - pdb path: .;C:\Program Files\Microsoft\jdk-17.0.12.7-hotspot\bin;C:\Windows\SYSTEM32;C:\Windows\WinSxS\amd64_microsoft.windows.common-controls_6595b64144ccf1df_6.0.22621.4391_none_2715d37f73803e96;C:\Program Files\Microsoft\jdk-17.0.12.7-hotspot\bin\server;C:\Users\Admin\.gradle\native\68d5fa5c4cc2d200863cafc0d521ce42e7d3e7ee720ec0a83991735586a16f82\windows-amd64;C:\Users\Admin\.gradle\native\e376f236ea51e6404a007f0833ffe2c6e607c4080706a723a18a27aeea778392\windows-amd64;C:\Program Files\Bonjour

VM Arguments:
jvm_args: --add-opens=java.base/java.util=ALL-UNNAMED --add-opens=java.base/java.lang=ALL-UNNAMED --add-opens=java.base/java.lang.invoke=ALL-UNNAMED --add-opens=java.prefs/java.util.prefs=ALL-UNNAMED --add-opens=java.base/java.nio.charset=ALL-UNNAMED --add-opens=java.base/java.net=ALL-UNNAMED --add-opens=java.base/java.util.concurrent.atomic=ALL-UNNAMED -Xmx4G -Dfile.encoding=windows-1252 -Duser.country=US -Duser.language=en -Duser.variant -javaagent:C:\Users\Admin\.gradle\wrapper\dists\gradle-8.1-all\20ex0cxcummvwpmavmhfg81jg\gradle-8.1\lib\agents\gradle-instrumentation-agent-8.1.jar 
java_command: org.gradle.launcher.daemon.bootstrap.GradleDaemon 8.1
java_class_path (initial): C:\Users\Admin\.gradle\wrapper\dists\gradle-8.1-all\20ex0cxcummvwpmavmhfg81jg\gradle-8.1\lib\gradle-launcher-8.1.jar
Launcher Type: SUN_STANDARD

[Global flags]
     intx CICompilerCount                          = 4                                         {product} {ergonomic}
     uint ConcGCThreads                            = 3                                         {product} {ergonomic}
     uint G1ConcRefinementThreads                  = 10                                        {product} {ergonomic}
   size_t G1HeapRegionSize                         = 2097152                                   {product} {ergonomic}
    uintx GCDrainStackTargetSize                   = 64                                        {product} {ergonomic}
   size_t InitialHeapSize                          = 260046848                                 {product} {ergonomic}
   size_t MarkStackSize                            = 4194304                                   {product} {ergonomic}
   size_t MaxHeapSize                              = 4294967296                                {product} {command line}
   size_t MaxNewSize                               = 2575302656                                {product} {ergonomic}
   size_t MinHeapDeltaBytes                        = 2097152                                   {product} {ergonomic}
   size_t MinHeapSize                              = 8388608                                   {product} {ergonomic}
    uintx NonNMethodCodeHeapSize                   = 5839372                                {pd product} {ergonomic}
    uintx NonProfiledCodeHeapSize                  = 122909434                              {pd product} {ergonomic}
    uintx ProfiledCodeHeapSize                     = 122909434                              {pd product} {ergonomic}
    uintx ReservedCodeCacheSize                    = 251658240                              {pd product} {ergonomic}
     bool SegmentedCodeCache                       = true                                      {product} {ergonomic}
   size_t SoftMaxHeapSize                          = 4294967296                             {manageable} {ergonomic}
     bool UseCompressedClassPointers               = true                           {product lp64_product} {ergonomic}
     bool UseCompressedOops                        = true                           {product lp64_product} {ergonomic}
     bool UseG1GC                                  = true                                      {product} {ergonomic}
     bool UseLargePagesIndividualAllocation        = false                                  {pd product} {ergonomic}

Logging:
Log output configuration:
 #0: stdout all=warning uptime,level,tags
 #1: stderr all=off uptime,level,tags

Environment Variables:
JAVA_HOME=C:\Program Files\Microsoft\jdk-17.0.12.7-hotspot
CLASSPATH=C:\Users\Admin\Desktop\ALL Plants Disease\FLUTTERAPP\mamatay\argivysor\android\\gradle\wrapper\gradle-wrapper.jar
PATH=C:\Program Files\Microsoft\jdk-17.0.12.7-hotspot\bin;C:\Ruby33-x64\bin;C:\Android\emulator;C:\Program Files\Microsoft\jdk-17.0.12.7-hotspot\bin;C:\Android\cmdline-tools\latest\bin;C:\Android\platform-tools;C:\Windows\system32;C:\Windows;C:\Windows\System32\Wbem;C:\Windows\System32\WindowsPowerShell\v1.0\;C:\Windows\System32\OpenSSH\;C:\Users\Admin\AppData\Local\Microsoft\WindowsApps;C:\Users\Admin\AppData\Local\spicetify;C:\adb;C:\Program Files\dotnet\;C:\ProgramData\chocolatey\bin;C:\Program Files\GitHub CLI\;C:\ffmpeg\bin\;C:\Program Files (x86)\cloudflared\;C:\Program Files\Git\cmd;%ANDROID_HOME%\tools;%ANDROID_HOME%\tools\bin;%ANDROID_HOME%\platform-tools;C:\Users\Admin\miniconda3;C:\Users\Admin\miniconda3\Library\mingw-w64\bin;C:\Users\Admin\miniconda3\Library\usr\bin;C:\Users\Admin\miniconda3\Library\bin;C:\Users\Admin\miniconda3\Scripts;C:\Users\Admin\AppData\Local\Programs\Python\Python312\Scripts\;C:\Users\Admin\AppData\Local\Programs\Python\Python312\;C:\Users\Admin\AppData\Local\Microsoft\WinGet\Links;C:\tools\dart-sdk\bin;C:\Users\Admin\AppData\Local\Pub\Cache\bin;C:;%ANDROID_HOME%\emulator;C:\Program Files\Microsoft\jdk-17.0.12.7-hotspot\bin;%FLUTTER_HOME%\bin;C:\Program Files\CMake\bin;C:\Program Files\Microsoft\jdk-17.0.12.7-hotspot\bin\;C:\Windows\system32;C:\Windows;C:\Windows\System32\Wbem;C:\Windows\System32\WindowsPowerShell\v1.0\;C:\Windows\System32\OpenSSH\;C:\Users\Admin\AppData\Local\Microsoft\WindowsApps;C:\Users\Admin\AppData\Local\spicetify;C:\adb;C:\Program Files\dotnet\;C:\ProgramData\chocolatey\bin;C:\Program Files\GitHub CLI\;C:\ffmpeg\bin\;C:\Program Files (x86)\cloudflared\;C:\Program Files\Git\cmd;%ANDROID_HOME%\tools;%ANDROID_HOME%\tools\bin;%ANDROID_HOME%\platform-tools;C:\Users\Admin\miniconda3;C:\Users\Admin\miniconda3\Library\mingw-w64\bin;C:\Users\Admin\miniconda3\Library\usr\bin;C:\Users\Admin\miniconda3\Library\bin;C:\Users\Admin\miniconda3\Scripts;C:\Users\Admin\AppData\Local\Programs\Python\Python312\Scripts\;C:\Users\Ad
USERNAME=Admin
OS=Windows_NT
PROCESSOR_IDENTIFIER=AMD64 Family 23 Model 96 Stepping 1, AuthenticAMD
TMP=C:\Users\Admin\AppData\Local\Temp
TEMP=C:\Users\Admin\AppData\Local\Temp



Periodic native trim disabled


---------------  S Y S T E M  ---------------

OS:
 Windows 11 , 64 bit Build 22621 (10.0.22621.4391)
OS uptime: 0 days 2:03 hours

CPU: total 12 (initial active 12) (12 cores per cpu, 2 threads per core) family 23 model 96 stepping 1 microcode 0x0, cx8, cmov, fxsr, ht, mmx, 3dnowpref, sse, sse2, sse3, ssse3, sse4a, sse4.1, sse4.2, popcnt, lzcnt, tsc, tscinvbit, avx, avx2, aes, clmul, bmi1, bmi2, adx, sha, fma, vzeroupper, clflush, clflushopt
Processor Information for the first 12 processors :
  Max Mhz: 3701, Current Mhz: 3701, Mhz Limit: 3701

Memory: 4k page, system-wide physical 15761M (820M free)
TotalPageFile size 19761M (AvailPageFile size 11M)
current process WorkingSet (physical memory assigned to process): 577M, peak: 627M
current process commit charge ("private bytes"): 634M, peak: 674M

vm_info: OpenJDK 64-Bit Server VM (17.0.12+7-LTS) for windows-amd64 JRE (17.0.12+7-LTS), built on Jul 16 2024 18:11:44 by "MicrosoftCorporation" with unknown MS VC++:1939

END.
