#
# There is insufficient memory for the Java Runtime Environment to continue.
# Native memory allocation (mmap) failed to map 65536 bytes. Error detail: Failed to commit metaspace.
# Possible reasons:
#   The system is out of physical RAM or swap space
#   This process is running with CompressedOops enabled, and the Java Heap may be blocking the growth of the native heap
# Possible solutions:
#   Reduce memory load on the system
#   Increase physical memory or swap space
#   Check if swap backing store is full
#   Decrease Java heap size (-Xmx/-Xms)
#   Decrease number of Java threads
#   Decrease Java thread stack sizes (-Xss)
#   Set larger code cache with -XX:ReservedCodeCacheSize=
#   JVM is running with Zero Based Compressed Oops mode in which the Java heap is
#     placed in the first 32GB address space. The Java Heap base address is the
#     maximum limit for the native heap growth. Please use -XX:HeapBaseMinAddress
#     to set the Java Heap base and to place the Java Heap above 32GB virtual address.
# This output file may be truncated or incomplete.
#
#  Out of Memory Error (virtualSpaceNode.cpp:110), pid=21020, tid=15756
#
# JRE version: OpenJDK Runtime Environment Microsoft-9889599 (17.0.12+7) (build 17.0.12+7-LTS)
# Java VM: OpenJDK 64-Bit Server VM Microsoft-9889599 (17.0.12+7-LTS, mixed mode, sharing, tiered, compressed oops, compressed class ptrs, g1 gc, windows-amd64)
# No core dump will be written. Minidumps are not enabled by default on client versions of Windows
#

---------------  S U M M A R Y ------------

Command Line: -Dorg.gradle.appname=gradlew org.gradle.wrapper.GradleWrapperMain -q -Ptarget-platform=android-x64 -Ptarget=C:\Users\Admin\Desktop\ALL Plants Disease\FLUTTERAPP\mamatay\argivysor\lib\main.dart -Pbase-application-name=android.app.Application -Pdart-obfuscation=false -Ptrack-widget-creation=true -Ptree-shake-icons=false -Pfilesystem-scheme=org-dartlang-root assembleDebug

Host: AMD Ryzen 5 4600G with Radeon Graphics, 12 cores, 15G,  Windows 11 , 64 bit Build 22621 (10.0.22621.3958)
Time: Tue Oct 22 16:48:25 2024 China Standard Time elapsed time: 1.189877 seconds (0d 0h 0m 1s)

---------------  T H R E A D  ---------------

Current thread (0x000001ad5836d960):  JavaThread "main" [_thread_in_vm, id=15756, stack(0x0000008bb0200000,0x0000008bb0300000)]

Stack: [0x0000008bb0200000,0x0000008bb0300000]
Native frames: (J=compiled Java code, j=interpreted, Vv=VM code, C=native code)
V  [jvm.dll+0x686d99]
V  [jvm.dll+0x83daf8]
V  [jvm.dll+0x83f5a3]
V  [jvm.dll+0x83fc13]
V  [jvm.dll+0x2492ef]
V  [jvm.dll+0x8398ad]
V  [jvm.dll+0x62b25e]
V  [jvm.dll+0x1c16d0]
V  [jvm.dll+0x62db80]
V  [jvm.dll+0x62bc06]
V  [jvm.dll+0x23e4a6]
V  [jvm.dll+0x1ebe1b]
V  [jvm.dll+0x1e1961]
V  [jvm.dll+0x54adc4]
V  [jvm.dll+0x7b7998]
V  [jvm.dll+0x7b7a84]
V  [jvm.dll+0x41766f]
V  [jvm.dll+0x41e189]
C  [java.dll+0x1971]

Java frames: (J=compiled Java code, j=interpreted, Vv=VM code)
j  java.lang.ClassLoader.defineClass2(Ljava/lang/ClassLoader;Ljava/lang/String;Ljava/nio/ByteBuffer;IILjava/security/ProtectionDomain;Ljava/lang/String;)Ljava/lang/Class;+0 java.base@17.0.12
j  java.lang.ClassLoader.defineClass(Ljava/lang/String;Ljava/nio/ByteBuffer;Ljava/security/ProtectionDomain;)Ljava/lang/Class;+93 java.base@17.0.12
j  java.security.SecureClassLoader.defineClass(Ljava/lang/String;Ljava/nio/ByteBuffer;Ljava/security/CodeSource;)Ljava/lang/Class;+8 java.base@17.0.12
j  jdk.internal.loader.BuiltinClassLoader.defineClass(Ljava/lang/String;Ljdk/internal/loader/BuiltinClassLoader$LoadedModule;)Ljava/lang/Class;+127 java.base@17.0.12
j  jdk.internal.loader.BuiltinClassLoader.findClassInModuleOrNull(Ljdk/internal/loader/BuiltinClassLoader$LoadedModule;Ljava/lang/String;)Ljava/lang/Class;+9 java.base@17.0.12
j  jdk.internal.loader.BuiltinClassLoader.findClass(Ljava/lang/String;Ljava/lang/String;)Ljava/lang/Class;+42 java.base@17.0.12
j  java.lang.ClassLoader.loadClass(Ljava/lang/Module;Ljava/lang/String;)Ljava/lang/Class;+26 java.base@17.0.12
j  java.lang.Class.forName(Ljava/lang/Module;Ljava/lang/String;)Ljava/lang/Class;+81 java.base@17.0.12
j  java.util.ServiceLoader.loadProvider(Ljdk/internal/module/ServicesCatalog$ServiceProvider;)Ljava/util/ServiceLoader$Provider;+38 java.base@17.0.12
j  java.util.ServiceLoader$ModuleServicesLookupIterator.hasNext()Z+79 java.base@17.0.12
j  java.util.ServiceLoader$2.hasNext()Z+4 java.base@17.0.12
j  java.util.ServiceLoader$3.hasNext()Z+32 java.base@17.0.12
j  sun.security.jca.ProviderConfig$ProviderLoader.load(Ljava/lang/String;)Ljava/security/Provider;+45 java.base@17.0.12
j  sun.security.jca.ProviderConfig$3.run()Ljava/security/Provider;+44 java.base@17.0.12
j  sun.security.jca.ProviderConfig$3.run()Ljava/lang/Object;+1 java.base@17.0.12
j  java.security.AccessController.executePrivileged(Ljava/security/PrivilegedAction;Ljava/security/AccessControlContext;Ljava/lang/Class;)Ljava/lang/Object;+29 java.base@17.0.12
j  java.security.AccessController.doPrivileged(Ljava/security/PrivilegedAction;)Ljava/lang/Object;+5 java.base@17.0.12
j  sun.security.jca.ProviderConfig.doLoadProvider()Ljava/security/Provider;+8 java.base@17.0.12
j  sun.security.jca.ProviderConfig.getProvider()Ljava/security/Provider;+281 java.base@17.0.12
j  sun.security.jca.ProviderList.getProvider(I)Ljava/security/Provider;+6 java.base@17.0.12
j  sun.security.jca.ProviderList.getService(Ljava/lang/String;Ljava/lang/String;)Ljava/security/Provider$Service;+90 java.base@17.0.12
j  sun.security.jca.GetInstance.getInstance(Ljava/lang/String;Ljava/lang/Class;Ljava/lang/String;)Lsun/security/jca/GetInstance$Instance;+7 java.base@17.0.12
j  java.security.SecureRandom.getInstance(Ljava/lang/String;)Ljava/security/SecureRandom;+12 java.base@17.0.12
j  sun.nio.ch.UnixDomainSockets.getRandom()Ljava/util/Random;+2 java.base@17.0.12
j  sun.nio.ch.UnixDomainSockets.<clinit>()V+26 java.base@17.0.12
v  ~StubRoutines::call_stub
j  sun.nio.ch.PipeImpl.createListener(Z)Ljava/nio/channels/ServerSocketChannel;+6 java.base@17.0.12
j  sun.nio.ch.PipeImpl$Initializer$LoopbackConnector.run()V+41 java.base@17.0.12
j  sun.nio.ch.PipeImpl$Initializer.run()Ljava/lang/Void;+10 java.base@17.0.12
j  sun.nio.ch.PipeImpl$Initializer.run()Ljava/lang/Object;+1 java.base@17.0.12
j  java.security.AccessController.executePrivileged(Ljava/security/PrivilegedExceptionAction;Ljava/security/AccessControlContext;Ljava/lang/Class;)Ljava/lang/Object;+29 java.base@17.0.12
j  java.security.AccessController.doPrivileged(Ljava/security/PrivilegedExceptionAction;)Ljava/lang/Object;+9 java.base@17.0.12
j  sun.nio.ch.PipeImpl.<init>(Ljava/nio/channels/spi/SelectorProvider;ZZ)V+17 java.base@17.0.12
j  sun.nio.ch.WEPollSelectorImpl.<init>(Ljava/nio/channels/spi/SelectorProvider;)V+74 java.base@17.0.12
j  sun.nio.ch.WEPollSelectorProvider.openSelector()Ljava/nio/channels/spi/AbstractSelector;+5 java.base@17.0.12
j  java.nio.channels.Selector.open()Ljava/nio/channels/Selector;+3 java.base@17.0.12
j  org.gradle.internal.remote.internal.inet.SocketConnection$SocketInputStream.<init>(Ljava/nio/channels/SocketChannel;)V+17
j  org.gradle.internal.remote.internal.inet.SocketConnection.<init>(Ljava/nio/channels/SocketChannel;Lorg/gradle/internal/remote/internal/MessageSerializer;Lorg/gradle/internal/serialize/StatefulSerializer;)V+33
j  org.gradle.internal.remote.internal.inet.SocketConnectCompletion.create(Lorg/gradle/internal/serialize/StatefulSerializer;)Lorg/gradle/internal/remote/internal/RemoteConnection;+16
j  org.gradle.launcher.daemon.client.DefaultDaemonConnector.connectToDaemon(Lorg/gradle/launcher/daemon/context/DaemonConnectDetails;Lorg/gradle/launcher/daemon/client/DaemonClientConnection$StaleAddressDetector;)Lorg/gradle/launcher/daemon/client/DaemonClientConnection;+43
j  org.gradle.launcher.daemon.client.DefaultDaemonConnector.findConnection(Ljava/util/List;)Lorg/gradle/launcher/daemon/client/DaemonClientConnection;+38
j  org.gradle.launcher.daemon.client.DefaultDaemonConnector.connectToIdleDaemon(Ljava/util/Collection;Lorg/gradle/api/internal/specs/ExplainingSpec;)Lorg/gradle/launcher/daemon/client/DaemonClientConnection;+9
j  org.gradle.launcher.daemon.client.DefaultDaemonConnector.connect(Lorg/gradle/api/internal/specs/ExplainingSpec;)Lorg/gradle/launcher/daemon/client/DaemonClientConnection;+37
j  org.gradle.launcher.daemon.client.DaemonClient.execute(Lorg/gradle/internal/invocation/BuildAction;Lorg/gradle/launcher/exec/BuildActionParameters;Lorg/gradle/initialization/BuildRequestContext;)Lorg/gradle/launcher/exec/BuildActionResult;+62
j  org.gradle.launcher.daemon.client.DaemonClient.execute(Lorg/gradle/internal/invocation/BuildAction;Ljava/lang/Object;Ljava/lang/Object;)Lorg/gradle/launcher/exec/BuildActionResult;+10
j  org.gradle.launcher.cli.RunBuildAction.run()V+74
j  org.gradle.internal.Actions$RunnableActionAdapter.execute(Ljava/lang/Object;)V+4
j  org.gradle.launcher.cli.DefaultCommandLineActionFactory$ParseAndBuildAction.execute(Lorg/gradle/launcher/bootstrap/ExecutionListener;)V+60
j  org.gradle.launcher.cli.DefaultCommandLineActionFactory$ParseAndBuildAction.execute(Ljava/lang/Object;)V+5
j  org.gradle.launcher.cli.DebugLoggerWarningAction.execute(Lorg/gradle/launcher/bootstrap/ExecutionListener;)V+9
j  org.gradle.launcher.cli.DebugLoggerWarningAction.execute(Ljava/lang/Object;)V+5
j  org.gradle.launcher.cli.WelcomeMessageAction.execute(Lorg/gradle/launcher/bootstrap/ExecutionListener;)V+218
j  org.gradle.launcher.cli.WelcomeMessageAction.execute(Ljava/lang/Object;)V+5
j  org.gradle.launcher.cli.NativeServicesInitializingAction.execute(Lorg/gradle/launcher/bootstrap/ExecutionListener;)V+35
j  org.gradle.launcher.cli.NativeServicesInitializingAction.execute(Ljava/lang/Object;)V+5
j  org.gradle.launcher.cli.ExceptionReportingAction.execute(Lorg/gradle/launcher/bootstrap/ExecutionListener;)V+5
j  org.gradle.launcher.cli.ExceptionReportingAction.execute(Ljava/lang/Object;)V+5
j  org.gradle.launcher.cli.DefaultCommandLineActionFactory$WithLogging.execute(Lorg/gradle/launcher/bootstrap/ExecutionListener;)V+299
j  org.gradle.launcher.Main.doAction([Ljava/lang/String;Lorg/gradle/launcher/bootstrap/ExecutionListener;)V+14
j  org.gradle.launcher.bootstrap.EntryPoint.run([Ljava/lang/String;)V+12
v  ~StubRoutines::call_stub
j  jdk.internal.reflect.NativeMethodAccessorImpl.invoke0(Ljava/lang/reflect/Method;Ljava/lang/Object;[Ljava/lang/Object;)Ljava/lang/Object;+0 java.base@17.0.12
j  jdk.internal.reflect.NativeMethodAccessorImpl.invoke(Ljava/lang/Object;[Ljava/lang/Object;)Ljava/lang/Object;+133 java.base@17.0.12
j  jdk.internal.reflect.DelegatingMethodAccessorImpl.invoke(Ljava/lang/Object;[Ljava/lang/Object;)Ljava/lang/Object;+6 java.base@17.0.12
j  java.lang.reflect.Method.invoke(Ljava/lang/Object;[Ljava/lang/Object;)Ljava/lang/Object;+59 java.base@17.0.12
j  org.gradle.launcher.bootstrap.ProcessBootstrap.runNoExit(Ljava/lang/String;[Ljava/lang/String;)V+155
j  org.gradle.launcher.bootstrap.ProcessBootstrap.run(Ljava/lang/String;[Ljava/lang/String;)V+2
v  ~StubRoutines::call_stub
j  jdk.internal.reflect.NativeMethodAccessorImpl.invoke0(Ljava/lang/reflect/Method;Ljava/lang/Object;[Ljava/lang/Object;)Ljava/lang/Object;+0 java.base@17.0.12
j  jdk.internal.reflect.NativeMethodAccessorImpl.invoke(Ljava/lang/Object;[Ljava/lang/Object;)Ljava/lang/Object;+133 java.base@17.0.12
j  jdk.internal.reflect.DelegatingMethodAccessorImpl.invoke(Ljava/lang/Object;[Ljava/lang/Object;)Ljava/lang/Object;+6 java.base@17.0.12
j  java.lang.reflect.Method.invoke(Ljava/lang/Object;[Ljava/lang/Object;)Ljava/lang/Object;+59 java.base@17.0.12
j  org.gradle.launcher.GradleMain.main([Ljava/lang/String;)V+100
v  ~StubRoutines::call_stub
j  jdk.internal.reflect.NativeMethodAccessorImpl.invoke0(Ljava/lang/reflect/Method;Ljava/lang/Object;[Ljava/lang/Object;)Ljava/lang/Object;+0 java.base@17.0.12
j  jdk.internal.reflect.NativeMethodAccessorImpl.invoke(Ljava/lang/Object;[Ljava/lang/Object;)Ljava/lang/Object;+133 java.base@17.0.12
j  jdk.internal.reflect.DelegatingMethodAccessorImpl.invoke(Ljava/lang/Object;[Ljava/lang/Object;)Ljava/lang/Object;+6 java.base@17.0.12
j  java.lang.reflect.Method.invoke(Ljava/lang/Object;[Ljava/lang/Object;)Ljava/lang/Object;+59 java.base@17.0.12
j  org.gradle.wrapper.BootstrapMainStarter.start([Ljava/lang/String;Ljava/io/File;)V+82
j  org.gradle.wrapper.WrapperExecutor.execute([Ljava/lang/String;Lorg/gradle/wrapper/Install;Lorg/gradle/wrapper/BootstrapMainStarter;)V+14
j  org.gradle.wrapper.GradleWrapperMain.main([Ljava/lang/String;)V+190
v  ~StubRoutines::call_stub

---------------  P R O C E S S  ---------------

Threads class SMR info:
_java_thread_list=0x000001ad463819a0, length=13, elements={
0x000001ad5836d960, 0x000001ad7b3164a0, 0x000001ad7b317120, 0x000001ad45012090,
0x000001ad45013bc0, 0x000001ad45014580, 0x000001ad45015550, 0x000001ad4501b830,
0x000001ad45018ac0, 0x000001ad4504e6f0, 0x000001ad45171190, 0x000001ad4517a310,
0x000001ad45a5aa50
}

Java Threads: ( => current thread )
=>0x000001ad5836d960 JavaThread "main" [_thread_in_vm, id=15756, stack(0x0000008bb0200000,0x0000008bb0300000)]
  0x000001ad7b3164a0 JavaThread "Reference Handler" daemon [_thread_blocked, id=22784, stack(0x0000008bb0900000,0x0000008bb0a00000)]
  0x000001ad7b317120 JavaThread "Finalizer" daemon [_thread_blocked, id=7464, stack(0x0000008bb0a00000,0x0000008bb0b00000)]
  0x000001ad45012090 JavaThread "Signal Dispatcher" daemon [_thread_blocked, id=22264, stack(0x0000008bb0b00000,0x0000008bb0c00000)]
  0x000001ad45013bc0 JavaThread "Attach Listener" daemon [_thread_blocked, id=14624, stack(0x0000008bb0c00000,0x0000008bb0d00000)]
  0x000001ad45014580 JavaThread "Service Thread" daemon [_thread_blocked, id=11136, stack(0x0000008bb0d00000,0x0000008bb0e00000)]
  0x000001ad45015550 JavaThread "Monitor Deflation Thread" daemon [_thread_blocked, id=10008, stack(0x0000008bb0e00000,0x0000008bb0f00000)]
  0x000001ad4501b830 JavaThread "C2 CompilerThread0" daemon [_thread_blocked, id=17980, stack(0x0000008bb0f00000,0x0000008bb1000000)]
  0x000001ad45018ac0 JavaThread "C1 CompilerThread0" daemon [_thread_blocked, id=3800, stack(0x0000008bb1000000,0x0000008bb1100000)]
  0x000001ad4504e6f0 JavaThread "Sweeper thread" daemon [_thread_blocked, id=21760, stack(0x0000008bb1100000,0x0000008bb1200000)]
  0x000001ad45171190 JavaThread "Notification Thread" daemon [_thread_blocked, id=17988, stack(0x0000008bb1200000,0x0000008bb1300000)]
  0x000001ad4517a310 JavaThread "Common-Cleaner" daemon [_thread_blocked, id=3204, stack(0x0000008bb1400000,0x0000008bb1500000)]
  0x000001ad45a5aa50 JavaThread "pool-1-thread-1" [_thread_blocked, id=9564, stack(0x0000008bb1b00000,0x0000008bb1c00000)]

Other Threads:
  0x000001ad7b311980 VMThread "VM Thread" [stack: 0x0000008bb0800000,0x0000008bb0900000] [id=13072]
  0x000001ad45173a90 WatcherThread [stack: 0x0000008bb1300000,0x0000008bb1400000] [id=6780]
  0x000001ad583d9300 GCTaskThread "GC Thread#0" [stack: 0x0000008bb0300000,0x0000008bb0400000] [id=20032]
  0x000001ad463b9c30 GCTaskThread "GC Thread#1" [stack: 0x0000008bb1700000,0x0000008bb1800000] [id=2528]
  0x000001ad45e67c40 GCTaskThread "GC Thread#2" [stack: 0x0000008bb1800000,0x0000008bb1900000] [id=20788]
  0x000001ad45b94f60 GCTaskThread "GC Thread#3" [stack: 0x0000008bb1900000,0x0000008bb1a00000] [id=18872]
  0x000001ad4634dd10 GCTaskThread "GC Thread#4" [stack: 0x0000008bb1a00000,0x0000008bb1b00000] [id=12864]
  0x000001ad583e97a0 ConcurrentGCThread "G1 Main Marker" [stack: 0x0000008bb0400000,0x0000008bb0500000] [id=14756]
  0x000001ad583ea860 ConcurrentGCThread "G1 Conc#0" [stack: 0x0000008bb0500000,0x0000008bb0600000] [id=9008]
  0x000001ad5841e970 ConcurrentGCThread "G1 Refine#0" [stack: 0x0000008bb0600000,0x0000008bb0700000] [id=3500]
  0x000001ad7b1ca5e0 ConcurrentGCThread "G1 Service" [stack: 0x0000008bb0700000,0x0000008bb0800000] [id=8900]

Threads with active compile tasks:

VM state: not at safepoint (normal execution)

VM Mutex/Monitor currently owned by a thread:  ([mutex/lock_event])
[0x000001ad58368b00] Metaspace_lock - owner thread: 0x000001ad5836d960

Heap address: 0x0000000709a00000, size: 3942 MB, Compressed Oops mode: Zero based, Oop shift amount: 3

CDS archive(s) mapped at: [0x000001ad00000000-0x000001ad00bb0000-0x000001ad00bb0000), size 12255232, SharedBaseAddress: 0x000001ad00000000, ArchiveRelocationMode: 1.
Compressed class space mapped at: 0x000001ad01000000-0x000001ad41000000, reserved size: 1073741824
Narrow klass base: 0x000001ad00000000, Narrow klass shift: 0, Narrow klass range: 0x100000000

GC Precious Log:
 CPUs: 12 total, 12 available
 Memory: 15761M
 Large Page Support: Disabled
 NUMA Support: Disabled
 Compressed Oops: Enabled (Zero based)
 Heap Region Size: 2M
 Heap Min Capacity: 8M
 Heap Initial Capacity: 248M
 Heap Max Capacity: 3942M
 Pre-touch: Disabled
 Parallel Workers: 10
 Concurrent Workers: 3
 Concurrent Refinement Workers: 10
 Periodic GC: Disabled

Heap:
 garbage-first heap   total 253952K, used 22360K [0x0000000709a00000, 0x0000000800000000)
  region size 2048K, 9 young (18432K), 2 survivors (4096K)
 Metaspace       used 7412K, committed 7616K, reserved 1114112K
  class space    used 1020K, committed 1152K, reserved 1048576K

Heap Regions: E=young(eden), S=young(survivor), O=old, HS=humongous(starts), HC=humongous(continues), CS=collection set, F=free, OA=open archive, CA=closed archive, TAMS=top-at-mark-start (previous, next)
|   0|0x0000000709a00000, 0x0000000709c00000, 0x0000000709c00000|100%|HS|  |TAMS 0x0000000709a00000, 0x0000000709a00000| Complete 
|   1|0x0000000709c00000, 0x0000000709e00000, 0x0000000709e00000|100%|HC|  |TAMS 0x0000000709c00000, 0x0000000709c00000| Complete 
|   2|0x0000000709e00000, 0x0000000709fd6000, 0x000000070a000000| 91%| O|  |TAMS 0x0000000709e00000, 0x0000000709e00000| Untracked 
|   3|0x000000070a000000, 0x000000070a000000, 0x000000070a200000|  0%| F|  |TAMS 0x000000070a000000, 0x000000070a000000| Untracked 
|   4|0x000000070a200000, 0x000000070a200000, 0x000000070a400000|  0%| F|  |TAMS 0x000000070a200000, 0x000000070a200000| Untracked 
|   5|0x000000070a400000, 0x000000070a400000, 0x000000070a600000|  0%| F|  |TAMS 0x000000070a400000, 0x000000070a400000| Untracked 
|   6|0x000000070a600000, 0x000000070a600000, 0x000000070a800000|  0%| F|  |TAMS 0x000000070a600000, 0x000000070a600000| Untracked 
|   7|0x000000070a800000, 0x000000070a800000, 0x000000070aa00000|  0%| F|  |TAMS 0x000000070a800000, 0x000000070a800000| Untracked 
|   8|0x000000070aa00000, 0x000000070aa00000, 0x000000070ac00000|  0%| F|  |TAMS 0x000000070aa00000, 0x000000070aa00000| Untracked 
|   9|0x000000070ac00000, 0x000000070ac00000, 0x000000070ae00000|  0%| F|  |TAMS 0x000000070ac00000, 0x000000070ac00000| Untracked 
|  10|0x000000070ae00000, 0x000000070ae00000, 0x000000070b000000|  0%| F|  |TAMS 0x000000070ae00000, 0x000000070ae00000| Untracked 
|  11|0x000000070b000000, 0x000000070b000000, 0x000000070b200000|  0%| F|  |TAMS 0x000000070b000000, 0x000000070b000000| Untracked 
|  12|0x000000070b200000, 0x000000070b200000, 0x000000070b400000|  0%| F|  |TAMS 0x000000070b200000, 0x000000070b200000| Untracked 
|  13|0x000000070b400000, 0x000000070b400000, 0x000000070b600000|  0%| F|  |TAMS 0x000000070b400000, 0x000000070b400000| Untracked 
|  14|0x000000070b600000, 0x000000070b600000, 0x000000070b800000|  0%| F|  |TAMS 0x000000070b600000, 0x000000070b600000| Untracked 
|  15|0x000000070b800000, 0x000000070b800000, 0x000000070ba00000|  0%| F|  |TAMS 0x000000070b800000, 0x000000070b800000| Untracked 
|  16|0x000000070ba00000, 0x000000070ba00000, 0x000000070bc00000|  0%| F|  |TAMS 0x000000070ba00000, 0x000000070ba00000| Untracked 
|  17|0x000000070bc00000, 0x000000070bc00000, 0x000000070be00000|  0%| F|  |TAMS 0x000000070bc00000, 0x000000070bc00000| Untracked 
|  18|0x000000070be00000, 0x000000070be00000, 0x000000070c000000|  0%| F|  |TAMS 0x000000070be00000, 0x000000070be00000| Untracked 
|  19|0x000000070c000000, 0x000000070c000000, 0x000000070c200000|  0%| F|  |TAMS 0x000000070c000000, 0x000000070c000000| Untracked 
|  20|0x000000070c200000, 0x000000070c200000, 0x000000070c400000|  0%| F|  |TAMS 0x000000070c200000, 0x000000070c200000| Untracked 
|  21|0x000000070c400000, 0x000000070c400000, 0x000000070c600000|  0%| F|  |TAMS 0x000000070c400000, 0x000000070c400000| Untracked 
|  22|0x000000070c600000, 0x000000070c600000, 0x000000070c800000|  0%| F|  |TAMS 0x000000070c600000, 0x000000070c600000| Untracked 
|  23|0x000000070c800000, 0x000000070c800000, 0x000000070ca00000|  0%| F|  |TAMS 0x000000070c800000, 0x000000070c800000| Untracked 
|  24|0x000000070ca00000, 0x000000070ca00000, 0x000000070cc00000|  0%| F|  |TAMS 0x000000070ca00000, 0x000000070ca00000| Untracked 
|  25|0x000000070cc00000, 0x000000070cc00000, 0x000000070ce00000|  0%| F|  |TAMS 0x000000070cc00000, 0x000000070cc00000| Untracked 
|  26|0x000000070ce00000, 0x000000070ce00000, 0x000000070d000000|  0%| F|  |TAMS 0x000000070ce00000, 0x000000070ce00000| Untracked 
|  27|0x000000070d000000, 0x000000070d000000, 0x000000070d200000|  0%| F|  |TAMS 0x000000070d000000, 0x000000070d000000| Untracked 
|  28|0x000000070d200000, 0x000000070d200000, 0x000000070d400000|  0%| F|  |TAMS 0x000000070d200000, 0x000000070d200000| Untracked 
|  29|0x000000070d400000, 0x000000070d400000, 0x000000070d600000|  0%| F|  |TAMS 0x000000070d400000, 0x000000070d400000| Untracked 
|  30|0x000000070d600000, 0x000000070d600000, 0x000000070d800000|  0%| F|  |TAMS 0x000000070d600000, 0x000000070d600000| Untracked 
|  31|0x000000070d800000, 0x000000070d800000, 0x000000070da00000|  0%| F|  |TAMS 0x000000070d800000, 0x000000070d800000| Untracked 
|  32|0x000000070da00000, 0x000000070da00000, 0x000000070dc00000|  0%| F|  |TAMS 0x000000070da00000, 0x000000070da00000| Untracked 
|  33|0x000000070dc00000, 0x000000070dc00000, 0x000000070de00000|  0%| F|  |TAMS 0x000000070dc00000, 0x000000070dc00000| Untracked 
|  34|0x000000070de00000, 0x000000070de00000, 0x000000070e000000|  0%| F|  |TAMS 0x000000070de00000, 0x000000070de00000| Untracked 
|  35|0x000000070e000000, 0x000000070e000000, 0x000000070e200000|  0%| F|  |TAMS 0x000000070e000000, 0x000000070e000000| Untracked 
|  36|0x000000070e200000, 0x000000070e200000, 0x000000070e400000|  0%| F|  |TAMS 0x000000070e200000, 0x000000070e200000| Untracked 
|  37|0x000000070e400000, 0x000000070e400000, 0x000000070e600000|  0%| F|  |TAMS 0x000000070e400000, 0x000000070e400000| Untracked 
|  38|0x000000070e600000, 0x000000070e600000, 0x000000070e800000|  0%| F|  |TAMS 0x000000070e600000, 0x000000070e600000| Untracked 
|  39|0x000000070e800000, 0x000000070e800000, 0x000000070ea00000|  0%| F|  |TAMS 0x000000070e800000, 0x000000070e800000| Untracked 
|  40|0x000000070ea00000, 0x000000070ea00000, 0x000000070ec00000|  0%| F|  |TAMS 0x000000070ea00000, 0x000000070ea00000| Untracked 
|  41|0x000000070ec00000, 0x000000070ec00000, 0x000000070ee00000|  0%| F|  |TAMS 0x000000070ec00000, 0x000000070ec00000| Untracked 
|  42|0x000000070ee00000, 0x000000070ee00000, 0x000000070f000000|  0%| F|  |TAMS 0x000000070ee00000, 0x000000070ee00000| Untracked 
|  43|0x000000070f000000, 0x000000070f000000, 0x000000070f200000|  0%| F|  |TAMS 0x000000070f000000, 0x000000070f000000| Untracked 
|  44|0x000000070f200000, 0x000000070f200000, 0x000000070f400000|  0%| F|  |TAMS 0x000000070f200000, 0x000000070f200000| Untracked 
|  45|0x000000070f400000, 0x000000070f400000, 0x000000070f600000|  0%| F|  |TAMS 0x000000070f400000, 0x000000070f400000| Untracked 
|  46|0x000000070f600000, 0x000000070f600000, 0x000000070f800000|  0%| F|  |TAMS 0x000000070f600000, 0x000000070f600000| Untracked 
|  47|0x000000070f800000, 0x000000070f800000, 0x000000070fa00000|  0%| F|  |TAMS 0x000000070f800000, 0x000000070f800000| Untracked 
|  48|0x000000070fa00000, 0x000000070fa00000, 0x000000070fc00000|  0%| F|  |TAMS 0x000000070fa00000, 0x000000070fa00000| Untracked 
|  49|0x000000070fc00000, 0x000000070fc00000, 0x000000070fe00000|  0%| F|  |TAMS 0x000000070fc00000, 0x000000070fc00000| Untracked 
|  50|0x000000070fe00000, 0x000000070fe00000, 0x0000000710000000|  0%| F|  |TAMS 0x000000070fe00000, 0x000000070fe00000| Untracked 
|  51|0x0000000710000000, 0x0000000710000000, 0x0000000710200000|  0%| F|  |TAMS 0x0000000710000000, 0x0000000710000000| Untracked 
|  52|0x0000000710200000, 0x0000000710200000, 0x0000000710400000|  0%| F|  |TAMS 0x0000000710200000, 0x0000000710200000| Untracked 
|  53|0x0000000710400000, 0x0000000710400000, 0x0000000710600000|  0%| F|  |TAMS 0x0000000710400000, 0x0000000710400000| Untracked 
|  54|0x0000000710600000, 0x0000000710600000, 0x0000000710800000|  0%| F|  |TAMS 0x0000000710600000, 0x0000000710600000| Untracked 
|  55|0x0000000710800000, 0x0000000710800000, 0x0000000710a00000|  0%| F|  |TAMS 0x0000000710800000, 0x0000000710800000| Untracked 
|  56|0x0000000710a00000, 0x0000000710a00000, 0x0000000710c00000|  0%| F|  |TAMS 0x0000000710a00000, 0x0000000710a00000| Untracked 
|  57|0x0000000710c00000, 0x0000000710c00000, 0x0000000710e00000|  0%| F|  |TAMS 0x0000000710c00000, 0x0000000710c00000| Untracked 
|  58|0x0000000710e00000, 0x0000000710e00000, 0x0000000711000000|  0%| F|  |TAMS 0x0000000710e00000, 0x0000000710e00000| Untracked 
|  59|0x0000000711000000, 0x0000000711000000, 0x0000000711200000|  0%| F|  |TAMS 0x0000000711000000, 0x0000000711000000| Untracked 
|  60|0x0000000711200000, 0x0000000711200000, 0x0000000711400000|  0%| F|  |TAMS 0x0000000711200000, 0x0000000711200000| Untracked 
|  61|0x0000000711400000, 0x0000000711400000, 0x0000000711600000|  0%| F|  |TAMS 0x0000000711400000, 0x0000000711400000| Untracked 
|  62|0x0000000711600000, 0x0000000711600000, 0x0000000711800000|  0%| F|  |TAMS 0x0000000711600000, 0x0000000711600000| Untracked 
|  63|0x0000000711800000, 0x0000000711800000, 0x0000000711a00000|  0%| F|  |TAMS 0x0000000711800000, 0x0000000711800000| Untracked 
|  64|0x0000000711a00000, 0x0000000711a00000, 0x0000000711c00000|  0%| F|  |TAMS 0x0000000711a00000, 0x0000000711a00000| Untracked 
|  65|0x0000000711c00000, 0x0000000711c00000, 0x0000000711e00000|  0%| F|  |TAMS 0x0000000711c00000, 0x0000000711c00000| Untracked 
|  66|0x0000000711e00000, 0x0000000711e00000, 0x0000000712000000|  0%| F|  |TAMS 0x0000000711e00000, 0x0000000711e00000| Untracked 
|  67|0x0000000712000000, 0x0000000712000000, 0x0000000712200000|  0%| F|  |TAMS 0x0000000712000000, 0x0000000712000000| Untracked 
|  68|0x0000000712200000, 0x0000000712200000, 0x0000000712400000|  0%| F|  |TAMS 0x0000000712200000, 0x0000000712200000| Untracked 
|  69|0x0000000712400000, 0x0000000712400000, 0x0000000712600000|  0%| F|  |TAMS 0x0000000712400000, 0x0000000712400000| Untracked 
|  70|0x0000000712600000, 0x0000000712600000, 0x0000000712800000|  0%| F|  |TAMS 0x0000000712600000, 0x0000000712600000| Untracked 
|  71|0x0000000712800000, 0x0000000712800000, 0x0000000712a00000|  0%| F|  |TAMS 0x0000000712800000, 0x0000000712800000| Untracked 
|  72|0x0000000712a00000, 0x0000000712a00000, 0x0000000712c00000|  0%| F|  |TAMS 0x0000000712a00000, 0x0000000712a00000| Untracked 
|  73|0x0000000712c00000, 0x0000000712c00000, 0x0000000712e00000|  0%| F|  |TAMS 0x0000000712c00000, 0x0000000712c00000| Untracked 
|  74|0x0000000712e00000, 0x0000000712e00000, 0x0000000713000000|  0%| F|  |TAMS 0x0000000712e00000, 0x0000000712e00000| Untracked 
|  75|0x0000000713000000, 0x0000000713000000, 0x0000000713200000|  0%| F|  |TAMS 0x0000000713000000, 0x0000000713000000| Untracked 
|  76|0x0000000713200000, 0x0000000713200000, 0x0000000713400000|  0%| F|  |TAMS 0x0000000713200000, 0x0000000713200000| Untracked 
|  77|0x0000000713400000, 0x0000000713400000, 0x0000000713600000|  0%| F|  |TAMS 0x0000000713400000, 0x0000000713400000| Untracked 
|  78|0x0000000713600000, 0x0000000713600000, 0x0000000713800000|  0%| F|  |TAMS 0x0000000713600000, 0x0000000713600000| Untracked 
|  79|0x0000000713800000, 0x0000000713800000, 0x0000000713a00000|  0%| F|  |TAMS 0x0000000713800000, 0x0000000713800000| Untracked 
|  80|0x0000000713a00000, 0x0000000713a00000, 0x0000000713c00000|  0%| F|  |TAMS 0x0000000713a00000, 0x0000000713a00000| Untracked 
|  81|0x0000000713c00000, 0x0000000713c00000, 0x0000000713e00000|  0%| F|  |TAMS 0x0000000713c00000, 0x0000000713c00000| Untracked 
|  82|0x0000000713e00000, 0x0000000713e00000, 0x0000000714000000|  0%| F|  |TAMS 0x0000000713e00000, 0x0000000713e00000| Untracked 
|  83|0x0000000714000000, 0x0000000714000000, 0x0000000714200000|  0%| F|  |TAMS 0x0000000714000000, 0x0000000714000000| Untracked 
|  84|0x0000000714200000, 0x0000000714200000, 0x0000000714400000|  0%| F|  |TAMS 0x0000000714200000, 0x0000000714200000| Untracked 
|  85|0x0000000714400000, 0x0000000714400000, 0x0000000714600000|  0%| F|  |TAMS 0x0000000714400000, 0x0000000714400000| Untracked 
|  86|0x0000000714600000, 0x0000000714600000, 0x0000000714800000|  0%| F|  |TAMS 0x0000000714600000, 0x0000000714600000| Untracked 
|  87|0x0000000714800000, 0x0000000714800000, 0x0000000714a00000|  0%| F|  |TAMS 0x0000000714800000, 0x0000000714800000| Untracked 
|  88|0x0000000714a00000, 0x0000000714a00000, 0x0000000714c00000|  0%| F|  |TAMS 0x0000000714a00000, 0x0000000714a00000| Untracked 
|  89|0x0000000714c00000, 0x0000000714c00000, 0x0000000714e00000|  0%| F|  |TAMS 0x0000000714c00000, 0x0000000714c00000| Untracked 
|  90|0x0000000714e00000, 0x0000000714e00000, 0x0000000715000000|  0%| F|  |TAMS 0x0000000714e00000, 0x0000000714e00000| Untracked 
|  91|0x0000000715000000, 0x0000000715000000, 0x0000000715200000|  0%| F|  |TAMS 0x0000000715000000, 0x0000000715000000| Untracked 
|  92|0x0000000715200000, 0x0000000715200000, 0x0000000715400000|  0%| F|  |TAMS 0x0000000715200000, 0x0000000715200000| Untracked 
|  93|0x0000000715400000, 0x0000000715400000, 0x0000000715600000|  0%| F|  |TAMS 0x0000000715400000, 0x0000000715400000| Untracked 
|  94|0x0000000715600000, 0x0000000715600000, 0x0000000715800000|  0%| F|  |TAMS 0x0000000715600000, 0x0000000715600000| Untracked 
|  95|0x0000000715800000, 0x0000000715800000, 0x0000000715a00000|  0%| F|  |TAMS 0x0000000715800000, 0x0000000715800000| Untracked 
|  96|0x0000000715a00000, 0x0000000715a00000, 0x0000000715c00000|  0%| F|  |TAMS 0x0000000715a00000, 0x0000000715a00000| Untracked 
|  97|0x0000000715c00000, 0x0000000715c00000, 0x0000000715e00000|  0%| F|  |TAMS 0x0000000715c00000, 0x0000000715c00000| Untracked 
|  98|0x0000000715e00000, 0x0000000715e00000, 0x0000000716000000|  0%| F|  |TAMS 0x0000000715e00000, 0x0000000715e00000| Untracked 
|  99|0x0000000716000000, 0x0000000716000000, 0x0000000716200000|  0%| F|  |TAMS 0x0000000716000000, 0x0000000716000000| Untracked 
| 100|0x0000000716200000, 0x0000000716200000, 0x0000000716400000|  0%| F|  |TAMS 0x0000000716200000, 0x0000000716200000| Untracked 
| 101|0x0000000716400000, 0x0000000716400000, 0x0000000716600000|  0%| F|  |TAMS 0x0000000716400000, 0x0000000716400000| Untracked 
| 102|0x0000000716600000, 0x0000000716600000, 0x0000000716800000|  0%| F|  |TAMS 0x0000000716600000, 0x0000000716600000| Untracked 
| 103|0x0000000716800000, 0x0000000716800000, 0x0000000716a00000|  0%| F|  |TAMS 0x0000000716800000, 0x0000000716800000| Untracked 
| 104|0x0000000716a00000, 0x0000000716a00000, 0x0000000716c00000|  0%| F|  |TAMS 0x0000000716a00000, 0x0000000716a00000| Untracked 
| 105|0x0000000716c00000, 0x0000000716c00000, 0x0000000716e00000|  0%| F|  |TAMS 0x0000000716c00000, 0x0000000716c00000| Untracked 
| 106|0x0000000716e00000, 0x0000000716e00000, 0x0000000717000000|  0%| F|  |TAMS 0x0000000716e00000, 0x0000000716e00000| Untracked 
| 107|0x0000000717000000, 0x0000000717000000, 0x0000000717200000|  0%| F|  |TAMS 0x0000000717000000, 0x0000000717000000| Untracked 
| 108|0x0000000717200000, 0x0000000717200000, 0x0000000717400000|  0%| F|  |TAMS 0x0000000717200000, 0x0000000717200000| Untracked 
| 109|0x0000000717400000, 0x0000000717400000, 0x0000000717600000|  0%| F|  |TAMS 0x0000000717400000, 0x0000000717400000| Untracked 
| 110|0x0000000717600000, 0x0000000717600000, 0x0000000717800000|  0%| F|  |TAMS 0x0000000717600000, 0x0000000717600000| Untracked 
| 111|0x0000000717800000, 0x0000000717a00000, 0x0000000717a00000|100%| S|CS|TAMS 0x0000000717800000, 0x0000000717800000| Complete 
| 112|0x0000000717a00000, 0x0000000717c00000, 0x0000000717c00000|100%| S|CS|TAMS 0x0000000717a00000, 0x0000000717a00000| Complete 
| 113|0x0000000717c00000, 0x0000000717c00000, 0x0000000717e00000|  0%| F|  |TAMS 0x0000000717c00000, 0x0000000717c00000| Untracked 
| 114|0x0000000717e00000, 0x0000000717e00000, 0x0000000718000000|  0%| F|  |TAMS 0x0000000717e00000, 0x0000000717e00000| Untracked 
| 115|0x0000000718000000, 0x0000000718000000, 0x0000000718200000|  0%| F|  |TAMS 0x0000000718000000, 0x0000000718000000| Untracked 
| 116|0x0000000718200000, 0x0000000718200000, 0x0000000718400000|  0%| F|  |TAMS 0x0000000718200000, 0x0000000718200000| Untracked 
| 117|0x0000000718400000, 0x00000007185766a0, 0x0000000718600000| 73%| E|  |TAMS 0x0000000718400000, 0x0000000718400000| Complete 
| 118|0x0000000718600000, 0x0000000718800000, 0x0000000718800000|100%| E|CS|TAMS 0x0000000718600000, 0x0000000718600000| Complete 
| 119|0x0000000718800000, 0x0000000718a00000, 0x0000000718a00000|100%| E|CS|TAMS 0x0000000718800000, 0x0000000718800000| Complete 
| 120|0x0000000718a00000, 0x0000000718c00000, 0x0000000718c00000|100%| E|CS|TAMS 0x0000000718a00000, 0x0000000718a00000| Complete 
| 121|0x0000000718c00000, 0x0000000718e00000, 0x0000000718e00000|100%| E|CS|TAMS 0x0000000718c00000, 0x0000000718c00000| Complete 
| 122|0x0000000718e00000, 0x0000000719000000, 0x0000000719000000|100%| E|CS|TAMS 0x0000000718e00000, 0x0000000718e00000| Complete 
| 123|0x0000000719000000, 0x0000000719200000, 0x0000000719200000|100%| E|CS|TAMS 0x0000000719000000, 0x0000000719000000| Complete 

Card table byte_map: [0x000001ad6fbb0000,0x000001ad70370000] _byte_map_base: 0x000001ad6c363000

Marking Bits (Prev, Next): (CMBitMap*) 0x000001ad583d9820, (CMBitMap*) 0x000001ad583d9860
 Prev Bits: [0x000001ad70b30000, 0x000001ad748c8000)
 Next Bits: [0x000001ad748d0000, 0x000001ad78668000)

Polling page: 0x000001ad561d0000

Metaspace:

Usage:
  Non-class:      6.24 MB used.
      Class:   1020.37 KB used.
       Both:      7.24 MB used.

Virtual space:
  Non-class space:       64.00 MB reserved,       6.31 MB ( 10%) committed,  1 nodes.
      Class space:        1.00 GB reserved,       1.12 MB ( <1%) committed,  1 nodes.
             Both:        1.06 GB reserved,       7.44 MB ( <1%) committed. 

Chunk freelists:
   Non-Class:  8.81 MB
       Class:  14.73 MB
        Both:  23.54 MB

MaxMetaspaceSize: unlimited
CompressedClassSpaceSize: 1.00 GB
Initial GC threshold: 21.00 MB
Current GC threshold: 21.00 MB
CDS: on
MetaspaceReclaimPolicy: balanced
 - commit_granule_bytes: 65536.
 - commit_granule_words: 8192.
 - virtual_space_node_default_size: 8388608.
 - enlarge_chunks_in_place: 1.
 - new_chunks_are_fully_committed: 0.
 - uncommit_free_chunks: 1.
 - use_allocation_guard: 0.
 - handle_deallocations: 1.


Internal statistics:

num_allocs_failed_limit: 0.
num_arena_births: 74.
num_arena_deaths: 0.
num_vsnodes_births: 2.
num_vsnodes_deaths: 0.
num_space_committed: 119.
num_space_uncommitted: 0.
num_chunks_returned_to_freelist: 0.
num_chunks_taken_from_freelist: 256.
num_chunk_merges: 0.
num_chunk_splits: 175.
num_chunks_enlarged: 150.
num_inconsistent_stats: 0.

CodeHeap 'non-profiled nmethods': size=120000Kb used=485Kb max_used=485Kb free=119514Kb
 bounds [0x000001ad67960000, 0x000001ad67bd0000, 0x000001ad6ee90000]
CodeHeap 'profiled nmethods': size=120000Kb used=2102Kb max_used=2102Kb free=117897Kb
 bounds [0x000001ad5fe90000, 0x000001ad60100000, 0x000001ad673c0000]
CodeHeap 'non-nmethods': size=5760Kb used=1157Kb max_used=1169Kb free=4602Kb
 bounds [0x000001ad673c0000, 0x000001ad67630000, 0x000001ad67960000]
 total_blobs=1581 nmethods=1131 adapters=363
 compilation: enabled
              stopped_count=0, restarted_count=0
 full_count=0

Compilation events (20 events):
Event: 1.177 Thread 0x000001ad45018ac0 1122       3       java.util.regex.Pattern$SliceNode::<init> (10 bytes)
Event: 1.177 Thread 0x000001ad45018ac0 nmethod 1122 0x000001ad6009aa10 code [0x000001ad6009abc0, 0x000001ad6009ae58]
Event: 1.177 Thread 0x000001ad45018ac0 1123       3       java.io.File::equals (28 bytes)
Event: 1.178 Thread 0x000001ad45018ac0 nmethod 1123 0x000001ad6009af10 code [0x000001ad6009b100, 0x000001ad6009b748]
Event: 1.179 Thread 0x000001ad45018ac0 1124       3       java.lang.invoke.MethodHandles$Lookup::isClassAccessible (53 bytes)
Event: 1.179 Thread 0x000001ad45018ac0 nmethod 1124 0x000001ad6009b910 code [0x000001ad6009bb20, 0x000001ad6009c0f8]
Event: 1.179 Thread 0x000001ad45018ac0 1125       3       jdk.internal.jimage.ImageStringsReader::hashCode (33 bytes)
Event: 1.179 Thread 0x000001ad45018ac0 nmethod 1125 0x000001ad6009c310 code [0x000001ad6009c4c0, 0x000001ad6009c638]
Event: 1.182 Thread 0x000001ad45018ac0 1126       3       java.lang.AbstractStringBuilder::append (45 bytes)
Event: 1.182 Thread 0x000001ad45018ac0 nmethod 1126 0x000001ad6009c710 code [0x000001ad6009c8e0, 0x000001ad6009cc28]
Event: 1.185 Thread 0x000001ad45018ac0 1127       3       java.lang.StringBuilder::append (8 bytes)
Event: 1.185 Thread 0x000001ad45018ac0 nmethod 1127 0x000001ad6009cd90 code [0x000001ad6009cf20, 0x000001ad6009d068]
Event: 1.185 Thread 0x000001ad45018ac0 1128       3       java.util.HashMap$HashIterator::<init> (79 bytes)
Event: 1.186 Thread 0x000001ad45018ac0 nmethod 1128 0x000001ad6009d110 code [0x000001ad6009d2c0, 0x000001ad6009d718]
Event: 1.186 Thread 0x000001ad45018ac0 1129       1       java.security.Provider$Service::getType (5 bytes)
Event: 1.186 Thread 0x000001ad45018ac0 nmethod 1129 0x000001ad679d8d90 code [0x000001ad679d8f20, 0x000001ad679d8ff8]
Event: 1.186 Thread 0x000001ad45018ac0 1130       1       java.security.Provider$Service::getAlgorithm (5 bytes)
Event: 1.186 Thread 0x000001ad45018ac0 nmethod 1130 0x000001ad679d9090 code [0x000001ad679d9220, 0x000001ad679d92f8]
Event: 1.186 Thread 0x000001ad45018ac0 1131       1       java.security.Provider$Service::getAliases (5 bytes)
Event: 1.186 Thread 0x000001ad45018ac0 nmethod 1131 0x000001ad679d9390 code [0x000001ad679d9520, 0x000001ad679d95f8]

GC Heap History (2 events):
Event: 0.561 GC heap before
{Heap before GC invocations=0 (full 0):
 garbage-first heap   total 253952K, used 24576K [0x0000000709a00000, 0x0000000800000000)
  region size 2048K, 11 young (22528K), 0 survivors (0K)
 Metaspace       used 3652K, committed 3776K, reserved 1114112K
  class space    used 448K, committed 512K, reserved 1048576K
}
Event: 0.567 GC heap after
{Heap after GC invocations=1 (full 0):
 garbage-first heap   total 253952K, used 10072K [0x0000000709a00000, 0x0000000800000000)
  region size 2048K, 2 young (4096K), 2 survivors (4096K)
 Metaspace       used 3652K, committed 3776K, reserved 1114112K
  class space    used 448K, committed 512K, reserved 1048576K
}

Dll operation events (11 events):
Event: 0.006 Loaded shared library C:\Program Files\Microsoft\jdk-17.0.12.7-hotspot\bin\java.dll
Event: 0.026 Loaded shared library C:\Program Files\Microsoft\jdk-17.0.12.7-hotspot\bin\jsvml.dll
Event: 0.048 Loaded shared library C:\Program Files\Microsoft\jdk-17.0.12.7-hotspot\bin\net.dll
Event: 0.049 Loaded shared library C:\Program Files\Microsoft\jdk-17.0.12.7-hotspot\bin\nio.dll
Event: 0.051 Loaded shared library C:\Program Files\Microsoft\jdk-17.0.12.7-hotspot\bin\zip.dll
Event: 0.054 Loaded shared library C:\Program Files\Microsoft\jdk-17.0.12.7-hotspot\bin\verify.dll
Event: 0.076 Loaded shared library C:\Program Files\Microsoft\jdk-17.0.12.7-hotspot\bin\jimage.dll
Event: 0.603 Loaded shared library C:\Users\Admin\.gradle\native\68d5fa5c4cc2d200863cafc0d521ce42e7d3e7ee720ec0a83991735586a16f82\windows-amd64\native-platform.dll
Event: 0.722 Loaded shared library C:\Program Files\Microsoft\jdk-17.0.12.7-hotspot\bin\management.dll
Event: 0.725 Loaded shared library C:\Program Files\Microsoft\jdk-17.0.12.7-hotspot\bin\management_ext.dll
Event: 1.164 Loaded shared library C:\Program Files\Microsoft\jdk-17.0.12.7-hotspot\bin\extnet.dll

Deoptimization events (20 events):
Event: 0.728 Thread 0x000001ad5836d960 Uncommon trap: trap_request=0xffffff45 fr.pc=0x000001ad67997ae4 relative=0x0000000000001044
Event: 0.728 Thread 0x000001ad5836d960 Uncommon trap: reason=unstable_if action=reinterpret pc=0x000001ad67997ae4 method=java.util.HashMap.putVal(ILjava/lang/Object;Ljava/lang/Object;ZZ)Ljava/lang/Object; @ 236 c2
Event: 0.728 Thread 0x000001ad5836d960 DEOPT PACKING pc=0x000001ad67997ae4 sp=0x0000008bb02fbb30
Event: 0.728 Thread 0x000001ad5836d960 DEOPT UNPACKING pc=0x000001ad674169a3 sp=0x0000008bb02fbaf8 mode 2
Event: 0.773 Thread 0x000001ad5836d960 DEOPT PACKING pc=0x000001ad5ff875c8 sp=0x0000008bb02f83f0
Event: 0.773 Thread 0x000001ad5836d960 DEOPT UNPACKING pc=0x000001ad67417143 sp=0x0000008bb02f7908 mode 0
Event: 0.815 Thread 0x000001ad5836d960 Uncommon trap: trap_request=0xffffff45 fr.pc=0x000001ad679b0654 relative=0x0000000000001c94
Event: 0.815 Thread 0x000001ad5836d960 Uncommon trap: reason=unstable_if action=reinterpret pc=0x000001ad679b0654 method=java.io.WinNTFileSystem.normalize(Ljava/lang/String;)Ljava/lang/String; @ 128 c2
Event: 0.815 Thread 0x000001ad5836d960 DEOPT PACKING pc=0x000001ad679b0654 sp=0x0000008bb02fb600
Event: 0.815 Thread 0x000001ad5836d960 DEOPT UNPACKING pc=0x000001ad674169a3 sp=0x0000008bb02fb5e8 mode 2
Event: 0.983 Thread 0x000001ad5836d960 DEOPT PACKING pc=0x000001ad6006e581 sp=0x0000008bb02fb500
Event: 0.983 Thread 0x000001ad5836d960 DEOPT UNPACKING pc=0x000001ad67417143 sp=0x0000008bb02fa978 mode 0
Event: 1.177 Thread 0x000001ad5836d960 Uncommon trap: trap_request=0xffffff45 fr.pc=0x000001ad67995ae8 relative=0x0000000000000628
Event: 1.177 Thread 0x000001ad5836d960 Uncommon trap: reason=unstable_if action=reinterpret pc=0x000001ad67995ae8 method=java.lang.AbstractStringBuilder.append(Ljava/lang/String;)Ljava/lang/AbstractStringBuilder; @ 1 c2
Event: 1.177 Thread 0x000001ad5836d960 DEOPT PACKING pc=0x000001ad67995ae8 sp=0x0000008bb02fc360
Event: 1.177 Thread 0x000001ad5836d960 DEOPT UNPACKING pc=0x000001ad674169a3 sp=0x0000008bb02fc2e0 mode 2
Event: 1.177 Thread 0x000001ad5836d960 Uncommon trap: trap_request=0xffffff45 fr.pc=0x000001ad679a45fc relative=0x000000000000063c
Event: 1.177 Thread 0x000001ad5836d960 Uncommon trap: reason=unstable_if action=reinterpret pc=0x000001ad679a45fc method=java.lang.AbstractStringBuilder.append(Ljava/lang/String;)Ljava/lang/AbstractStringBuilder; @ 1 c2
Event: 1.177 Thread 0x000001ad5836d960 DEOPT PACKING pc=0x000001ad679a45fc sp=0x0000008bb02fc300
Event: 1.177 Thread 0x000001ad5836d960 DEOPT UNPACKING pc=0x000001ad674169a3 sp=0x0000008bb02fc2e8 mode 2

Classes loaded (20 events):
Event: 1.184 Loading class sun/nio/ch/PipeImpl$Initializer$LoopbackConnector
Event: 1.184 Loading class sun/nio/ch/PipeImpl$Initializer$LoopbackConnector done
Event: 1.185 Loading class sun/nio/ch/UnixDomainSockets
Event: 1.185 Loading class sun/nio/ch/UnixDomainSockets done
Event: 1.185 Loading class java/net/UnixDomainSocketAddress
Event: 1.185 Loading class java/net/UnixDomainSocketAddress done
Event: 1.185 Loading class sun/nio/ch/UnixDomainSocketsUtil
Event: 1.185 Loading class sun/nio/ch/UnixDomainSocketsUtil done
Event: 1.185 Loading class sun/security/rsa/SunRsaSign
Event: 1.185 Loading class sun/security/rsa/SunRsaSign done
Event: 1.185 Loading class sun/security/rsa/SunRsaSignEntries
Event: 1.185 Loading class sun/security/rsa/SunRsaSignEntries done
Event: 1.185 Loading class sun/security/jca/ProviderConfig$3
Event: 1.186 Loading class sun/security/jca/ProviderConfig$3 done
Event: 1.186 Loading class sun/security/jca/ProviderConfig$ProviderLoader
Event: 1.186 Loading class sun/security/jca/ProviderConfig$ProviderLoader done
Event: 1.186 Loading class jdk/internal/module/ModulePatcher$PatchedModuleReader
Event: 1.186 Loading class jdk/internal/module/ModulePatcher$PatchedModuleReader done
Event: 1.186 Loading class sun/net/www/protocol/jrt/Handler
Event: 1.186 Loading class sun/net/www/protocol/jrt/Handler done

Classes unloaded (0 events):
No events

Classes redefined (0 events):
No events

Internal exceptions (18 events):
Event: 0.114 Thread 0x000001ad5836d960 Exception <a 'java/lang/NoSuchMethodError'{0x0000000718f8f4b0}: 'int java.lang.invoke.DirectMethodHandle$Holder.invokeStaticInit(java.lang.Object, java.lang.Object)'> (0x0000000718f8f4b0) 
thrown [s\src\hotspot\share\interpreter\linkResolver.cpp, line 759]
Event: 0.528 Thread 0x000001ad5836d960 Exception <a 'java/lang/NoSuchMethodError'{0x0000000717d79a50}: 'void java.lang.invoke.DirectMethodHandle$Holder.invokeStatic(java.lang.Object, java.lang.Object)'> (0x0000000717d79a50) 
thrown [s\src\hotspot\share\interpreter\linkResolver.cpp, line 759]
Event: 0.568 Thread 0x000001ad5836d960 Exception <a 'java/lang/NoClassDefFoundError'{0x0000000719003078}: org/slf4j/impl/StaticMarkerBinder> (0x0000000719003078) 
thrown [s\src\hotspot\share\classfile\systemDictionary.cpp, line 245]
Event: 0.582 Thread 0x000001ad5836d960 Exception <a 'java/lang/NoSuchMethodError'{0x00000007190a0e18}: 'java.lang.Object java.lang.invoke.DirectMethodHandle$Holder.invokeVirtual(java.lang.Object, java.lang.Object, java.lang.Object, java.lang.Object, java.lang.Object, java.lang.Object, java.lang.Object)'> (0x00000007190a0e18) 
thrown [s\src\hotspot\share\interpreter\linkResolver.cpp, line 759]
Event: 0.584 Thread 0x000001ad5836d960 Exception <a 'java/lang/NoSuchMethodError'{0x00000007190b2978}: 'java.lang.Object java.lang.invoke.Invokers$Holder.invoker(java.lang.Object, java.lang.Object, java.lang.Object)'> (0x00000007190b2978) 
thrown [s\src\hotspot\share\interpreter\linkResolver.cpp, line 759]
Event: 0.585 Thread 0x000001ad5836d960 Exception <a 'java/lang/NoSuchMethodError'{0x00000007190bbb50}: 'java.lang.Object java.lang.invoke.DirectMethodHandle$Holder.invokeStatic(java.lang.Object, java.lang.Object, int)'> (0x00000007190bbb50) 
thrown [s\src\hotspot\share\interpreter\linkResolver.cpp, line 759]
Event: 0.587 Thread 0x000001ad5836d960 Exception <a 'java/lang/NoSuchMethodError'{0x00000007190c7840}: 'void java.lang.invoke.DelegatingMethodHandle$Holder.delegate(java.lang.Object, java.lang.Object, int, java.lang.Object)'> (0x00000007190c7840) 
thrown [s\src\hotspot\share\interpreter\linkResolver.cpp, line 759]
Event: 0.587 Thread 0x000001ad5836d960 Exception <a 'java/lang/NoSuchMethodError'{0x00000007190cba08}: 'int java.lang.invoke.DirectMethodHandle$Holder.invokeSpecial(java.lang.Object, java.lang.Object, java.lang.Object)'> (0x00000007190cba08) 
thrown [s\src\hotspot\share\interpreter\linkResolver.cpp, line 759]
Event: 0.590 Thread 0x000001ad5836d960 Exception <a 'java/lang/NoSuchMethodError'{0x00000007190deb50}: 'java.lang.Object java.lang.invoke.Invokers$Holder.invokeExact_MT(java.lang.Object, java.lang.Object, java.lang.Object, java.lang.Object)'> (0x00000007190deb50) 
thrown [s\src\hotspot\share\interpreter\linkResolver.cpp, line 759]
Event: 0.693 Thread 0x000001ad5836d960 Exception <a 'java/lang/NoSuchMethodError'{0x0000000718dc8930}: 'void java.lang.invoke.DirectMethodHandle$Holder.invokeSpecial(java.lang.Object, java.lang.Object, java.lang.Object)'> (0x0000000718dc8930) 
thrown [s\src\hotspot\share\interpreter\linkResolver.cpp, line 759]
Event: 0.702 Thread 0x000001ad5836d960 Implicit null exception at 0x000001ad679a9110 to 0x000001ad679a9680
Event: 0.702 Thread 0x000001ad5836d960 Implicit null exception at 0x000001ad6799d090 to 0x000001ad6799d5fc
Event: 0.719 Thread 0x000001ad5836d960 Exception <a 'java/lang/NoSuchMethodError'{0x0000000718b229b0}: 'java.lang.Object java.lang.invoke.DirectMethodHandle$Holder.invokeStaticInit(java.lang.Object)'> (0x0000000718b229b0) 
thrown [s\src\hotspot\share\interpreter\linkResolver.cpp, line 759]
Event: 0.792 Thread 0x000001ad5836d960 Exception <a 'java/lang/NoSuchMethodError'{0x00000007186d0548}: 'java.lang.Object java.lang.invoke.DirectMethodHandle$Holder.invokeStaticInit(java.lang.Object, int, int, int, int)'> (0x00000007186d0548) 
thrown [s\src\hotspot\share\interpreter\linkResolver.cpp, line 759]
Event: 1.106 Thread 0x000001ad5836d960 Exception <a 'java/lang/NoSuchMethodError'{0x00000007187c3920}: 'java.lang.Object java.lang.invoke.DirectMethodHandle$Holder.invokeStaticInit(java.lang.Object, java.lang.Object, int, int, int, int)'> (0x00000007187c3920) 
thrown [s\src\hotspot\share\interpreter\linkResolver.cpp, line 759]
Event: 1.166 Thread 0x000001ad5836d960 Exception <a 'java/lang/NoSuchMethodError'{0x00000007187f0e90}: 'void java.lang.invoke.DirectMethodHandle$Holder.invokeStatic(java.lang.Object, java.lang.Object, java.lang.Object)'> (0x00000007187f0e90) 
thrown [s\src\hotspot\share\interpreter\linkResolver.cpp, line 759]
Event: 1.177 Thread 0x000001ad5836d960 Implicit null exception at 0x000001ad679954f2 to 0x000001ad67995ad0
Event: 1.177 Thread 0x000001ad5836d960 Implicit null exception at 0x000001ad679a3ff2 to 0x000001ad679a45e4

VM Operations (10 events):
Event: 0.052 Executing VM operation: HandshakeAllThreads
Event: 0.052 Executing VM operation: HandshakeAllThreads done
Event: 0.561 Executing VM operation: G1CollectForAllocation
Event: 0.567 Executing VM operation: G1CollectForAllocation done
Event: 0.585 Executing VM operation: HandshakeAllThreads
Event: 0.585 Executing VM operation: HandshakeAllThreads done
Event: 0.764 Executing VM operation: HandshakeAllThreads
Event: 0.764 Executing VM operation: HandshakeAllThreads done
Event: 0.817 Executing VM operation: HandshakeAllThreads
Event: 0.817 Executing VM operation: HandshakeAllThreads done

Events (17 events):
Event: 0.026 Thread 0x000001ad5836d960 Thread added: 0x000001ad5836d960
Event: 0.028 Thread 0x000001ad7b3164a0 Thread added: 0x000001ad7b3164a0
Event: 0.028 Thread 0x000001ad7b317120 Thread added: 0x000001ad7b317120
Event: 0.034 Thread 0x000001ad45012090 Thread added: 0x000001ad45012090
Event: 0.034 Thread 0x000001ad45013bc0 Thread added: 0x000001ad45013bc0
Event: 0.034 Thread 0x000001ad45014580 Thread added: 0x000001ad45014580
Event: 0.034 Thread 0x000001ad45015550 Thread added: 0x000001ad45015550
Event: 0.034 Thread 0x000001ad4501b830 Thread added: 0x000001ad4501b830
Event: 0.034 Thread 0x000001ad45018ac0 Thread added: 0x000001ad45018ac0
Event: 0.034 Thread 0x000001ad4504e6f0 Thread added: 0x000001ad4504e6f0
Event: 0.044 Thread 0x000001ad45171190 Thread added: 0x000001ad45171190
Event: 0.046 Thread 0x000001ad4517a310 Thread added: 0x000001ad4517a310
Event: 0.259 Thread 0x000001ad453fea10 Thread added: 0x000001ad453fea10
Event: 0.259 Thread 0x000001ad452ca940 Thread added: 0x000001ad452ca940
Event: 0.625 Thread 0x000001ad45a5aa50 Thread added: 0x000001ad45a5aa50
Event: 0.983 Thread 0x000001ad452ca940 Thread exited: 0x000001ad452ca940
Event: 1.106 Thread 0x000001ad453fea10 Thread exited: 0x000001ad453fea10


Dynamic libraries:
0x00007ff70e8f0000 - 0x00007ff70e8fe000 	C:\Program Files\Microsoft\jdk-17.0.12.7-hotspot\bin\java.exe
0x00007ffa3f0b0000 - 0x00007ffa3f2c7000 	C:\Windows\SYSTEM32\ntdll.dll
0x00007ffa3d880000 - 0x00007ffa3d944000 	C:\Windows\System32\KERNEL32.DLL
0x00007ffa3c3c0000 - 0x00007ffa3c777000 	C:\Windows\System32\KERNELBASE.dll
0x00007ffa3c7b0000 - 0x00007ffa3c8c1000 	C:\Windows\System32\ucrtbase.dll
0x00007ff9da900000 - 0x00007ff9da917000 	C:\Program Files\Microsoft\jdk-17.0.12.7-hotspot\bin\jli.dll
0x00007ff9da920000 - 0x00007ff9da93d000 	C:\Program Files\Microsoft\jdk-17.0.12.7-hotspot\bin\VCRUNTIME140.dll
0x00007ffa3d950000 - 0x00007ffa3daff000 	C:\Windows\System32\USER32.dll
0x00007ffa3c950000 - 0x00007ffa3c976000 	C:\Windows\System32\win32u.dll
0x00007ffa3d5c0000 - 0x00007ffa3d5e9000 	C:\Windows\System32\GDI32.dll
0x00007ffa2d6f0000 - 0x00007ffa2d983000 	C:\Windows\WinSxS\amd64_microsoft.windows.common-controls_6595b64144ccf1df_6.0.22621.3672_none_2713b9d173822955\COMCTL32.dll
0x00007ffa3ca90000 - 0x00007ffa3cba8000 	C:\Windows\System32\gdi32full.dll
0x00007ffa3dcc0000 - 0x00007ffa3dd67000 	C:\Windows\System32\msvcrt.dll
0x00007ffa3c9f0000 - 0x00007ffa3ca8a000 	C:\Windows\System32\msvcp_win.dll
0x00007ffa3d4f0000 - 0x00007ffa3d521000 	C:\Windows\System32\IMM32.DLL
0x00007ff9da8f0000 - 0x00007ff9da8fc000 	C:\Program Files\Microsoft\jdk-17.0.12.7-hotspot\bin\vcruntime140_1.dll
0x00007ff9da860000 - 0x00007ff9da8ed000 	C:\Program Files\Microsoft\jdk-17.0.12.7-hotspot\bin\msvcp140.dll
0x00007ff9d9bf0000 - 0x00007ff9da860000 	C:\Program Files\Microsoft\jdk-17.0.12.7-hotspot\bin\server\jvm.dll
0x00007ffa3d5f0000 - 0x00007ffa3d6a2000 	C:\Windows\System32\ADVAPI32.dll
0x00007ffa3de00000 - 0x00007ffa3dea8000 	C:\Windows\System32\sechost.dll
0x00007ffa3c780000 - 0x00007ffa3c7a8000 	C:\Windows\System32\bcrypt.dll
0x00007ffa3df10000 - 0x00007ffa3e024000 	C:\Windows\System32\RPCRT4.dll
0x00007ffa3e040000 - 0x00007ffa3e0b1000 	C:\Windows\System32\WS2_32.dll
0x00007ffa3c290000 - 0x00007ffa3c2dd000 	C:\Windows\SYSTEM32\POWRPROF.dll
0x00007ffa350f0000 - 0x00007ffa35124000 	C:\Windows\SYSTEM32\WINMM.dll
0x00007ffa32e90000 - 0x00007ffa32e9a000 	C:\Windows\SYSTEM32\VERSION.dll
0x00007ffa3c270000 - 0x00007ffa3c283000 	C:\Windows\SYSTEM32\UMPDC.dll
0x00007ffa3b410000 - 0x00007ffa3b428000 	C:\Windows\SYSTEM32\kernel.appcore.dll
0x00007ff9d9be0000 - 0x00007ff9d9bea000 	C:\Program Files\Microsoft\jdk-17.0.12.7-hotspot\bin\jimage.dll
0x00007ffa33c10000 - 0x00007ffa33e42000 	C:\Windows\SYSTEM32\DBGHELP.DLL
0x00007ffa3e1a0000 - 0x00007ffa3e52e000 	C:\Windows\System32\combase.dll
0x00007ffa3e0c0000 - 0x00007ffa3e197000 	C:\Windows\System32\OLEAUT32.dll
0x00007ffa338e0000 - 0x00007ffa33912000 	C:\Windows\SYSTEM32\dbgcore.DLL
0x00007ffa3c8d0000 - 0x00007ffa3c94b000 	C:\Windows\System32\bcryptPrimitives.dll
0x00007ff9d9860000 - 0x00007ff9d9885000 	C:\Program Files\Microsoft\jdk-17.0.12.7-hotspot\bin\java.dll
0x00007ff9d9b00000 - 0x00007ff9d9bd7000 	C:\Program Files\Microsoft\jdk-17.0.12.7-hotspot\bin\jsvml.dll
0x00007ffa3e800000 - 0x00007ffa3f069000 	C:\Windows\System32\SHELL32.dll
0x00007ffa3a330000 - 0x00007ffa3ac2f000 	C:\Windows\SYSTEM32\windows.storage.dll
0x00007ffa3a1f0000 - 0x00007ffa3a32f000 	C:\Windows\SYSTEM32\wintypes.dll
0x00007ffa3e630000 - 0x00007ffa3e729000 	C:\Windows\System32\SHCORE.dll
0x00007ffa3dd80000 - 0x00007ffa3ddde000 	C:\Windows\System32\shlwapi.dll
0x00007ffa3c2f0000 - 0x00007ffa3c317000 	C:\Windows\SYSTEM32\profapi.dll
0x00007ff9d9ac0000 - 0x00007ff9d9ada000 	C:\Program Files\Microsoft\jdk-17.0.12.7-hotspot\bin\net.dll
0x00007ffa35400000 - 0x00007ffa35536000 	C:\Windows\SYSTEM32\WINHTTP.dll
0x00007ffa3b880000 - 0x00007ffa3b8e9000 	C:\Windows\system32\mswsock.dll
0x00007ff9d9aa0000 - 0x00007ff9d9ab6000 	C:\Program Files\Microsoft\jdk-17.0.12.7-hotspot\bin\nio.dll
0x00007ff9d9ae0000 - 0x00007ff9d9af8000 	C:\Program Files\Microsoft\jdk-17.0.12.7-hotspot\bin\zip.dll
0x00007ff9d9a90000 - 0x00007ff9d9aa0000 	C:\Program Files\Microsoft\jdk-17.0.12.7-hotspot\bin\verify.dll
0x00007ff9dac30000 - 0x00007ff9dac57000 	C:\Users\Admin\.gradle\native\68d5fa5c4cc2d200863cafc0d521ce42e7d3e7ee720ec0a83991735586a16f82\windows-amd64\native-platform.dll
0x00007ff9d9930000 - 0x00007ff9d993a000 	C:\Program Files\Microsoft\jdk-17.0.12.7-hotspot\bin\management.dll
0x00007ff9d9920000 - 0x00007ff9d992b000 	C:\Program Files\Microsoft\jdk-17.0.12.7-hotspot\bin\management_ext.dll
0x00007ffa3dd70000 - 0x00007ffa3dd78000 	C:\Windows\System32\PSAPI.DLL
0x00007ffa3bad0000 - 0x00007ffa3baeb000 	C:\Windows\SYSTEM32\CRYPTSP.dll
0x00007ffa3b370000 - 0x00007ffa3b3a5000 	C:\Windows\system32\rsaenh.dll
0x00007ffa3b970000 - 0x00007ffa3b998000 	C:\Windows\SYSTEM32\USERENV.dll
0x00007ffa3baf0000 - 0x00007ffa3bafc000 	C:\Windows\SYSTEM32\CRYPTBASE.dll
0x00007ffa3aed0000 - 0x00007ffa3aefd000 	C:\Windows\SYSTEM32\IPHLPAPI.DLL
0x00007ffa3dcb0000 - 0x00007ffa3dcb9000 	C:\Windows\System32\NSI.dll
0x00007ffa35570000 - 0x00007ffa35589000 	C:\Windows\SYSTEM32\dhcpcsvc6.DLL
0x00007ffa34ec0000 - 0x00007ffa34edf000 	C:\Windows\SYSTEM32\dhcpcsvc.DLL
0x00007ffa3af00000 - 0x00007ffa3b002000 	C:\Windows\SYSTEM32\DNSAPI.dll
0x00007ff9d9910000 - 0x00007ff9d9919000 	C:\Program Files\Microsoft\jdk-17.0.12.7-hotspot\bin\extnet.dll

dbghelp: loaded successfully - version: 4.0.5 - missing functions: none
symbol engine: initialized successfully - sym options: 0x614 - pdb path: .;C:\Program Files\Microsoft\jdk-17.0.12.7-hotspot\bin;C:\Windows\SYSTEM32;C:\Windows\WinSxS\amd64_microsoft.windows.common-controls_6595b64144ccf1df_6.0.22621.3672_none_2713b9d173822955;C:\Program Files\Microsoft\jdk-17.0.12.7-hotspot\bin\server;C:\Users\Admin\.gradle\native\68d5fa5c4cc2d200863cafc0d521ce42e7d3e7ee720ec0a83991735586a16f82\windows-amd64

VM Arguments:
jvm_args: -Dorg.gradle.appname=gradlew 
java_command: org.gradle.wrapper.GradleWrapperMain -q -Ptarget-platform=android-x64 -Ptarget=C:\Users\Admin\Desktop\ALL Plants Disease\FLUTTERAPP\mamatay\argivysor\lib\main.dart -Pbase-application-name=android.app.Application -Pdart-obfuscation=false -Ptrack-widget-creation=true -Ptree-shake-icons=false -Pfilesystem-scheme=org-dartlang-root assembleDebug
java_class_path (initial): C:\Users\Admin\Desktop\ALL Plants Disease\FLUTTERAPP\mamatay\argivysor\android\\gradle\wrapper\gradle-wrapper.jar
Launcher Type: SUN_STANDARD

[Global flags]
     intx CICompilerCount                          = 4                                         {product} {ergonomic}
     uint ConcGCThreads                            = 3                                         {product} {ergonomic}
     uint G1ConcRefinementThreads                  = 10                                        {product} {ergonomic}
   size_t G1HeapRegionSize                         = 2097152                                   {product} {ergonomic}
    uintx GCDrainStackTargetSize                   = 64                                        {product} {ergonomic}
   size_t InitialHeapSize                          = 260046848                                 {product} {ergonomic}
   size_t MarkStackSize                            = 4194304                                   {product} {ergonomic}
   size_t MaxHeapSize                              = 4133486592                                {product} {ergonomic}
   size_t MaxNewSize                               = 2478833664                                {product} {ergonomic}
   size_t MinHeapDeltaBytes                        = 2097152                                   {product} {ergonomic}
   size_t MinHeapSize                              = 8388608                                   {product} {ergonomic}
    uintx NonNMethodCodeHeapSize                   = 5839372                                {pd product} {ergonomic}
    uintx NonProfiledCodeHeapSize                  = 122909434                              {pd product} {ergonomic}
    uintx ProfiledCodeHeapSize                     = 122909434                              {pd product} {ergonomic}
    uintx ReservedCodeCacheSize                    = 251658240                              {pd product} {ergonomic}
     bool SegmentedCodeCache                       = true                                      {product} {ergonomic}
   size_t SoftMaxHeapSize                          = 4133486592                             {manageable} {ergonomic}
     bool UseCompressedClassPointers               = true                           {product lp64_product} {ergonomic}
     bool UseCompressedOops                        = true                           {product lp64_product} {ergonomic}
     bool UseG1GC                                  = true                                      {product} {ergonomic}
     bool UseLargePagesIndividualAllocation        = false                                  {pd product} {ergonomic}

Logging:
Log output configuration:
 #0: stdout all=warning uptime,level,tags
 #1: stderr all=off uptime,level,tags

Environment Variables:
JAVA_HOME=C:\Program Files\Microsoft\jdk-17.0.12.7-hotspot
CLASSPATH=C:\Users\Admin\Desktop\ALL Plants Disease\FLUTTERAPP\mamatay\argivysor\android\\gradle\wrapper\gradle-wrapper.jar
PATH=C:\Program Files\Microsoft\jdk-17.0.12.7-hotspot\bin;C:\Ruby33-x64\bin;C:\Android\emulator;C:\Program Files\Microsoft\jdk-17.0.12.7-hotspot\bin;C:\Android\cmdline-tools\latest\bin;C:\Android\platform-tools;C:\Windows\system32;C:\Windows;C:\Windows\System32\Wbem;C:\Windows\System32\WindowsPowerShell\v1.0\;C:\Windows\System32\OpenSSH\;C:\Users\Admin\AppData\Local\Microsoft\WindowsApps;C:\Users\Admin\AppData\Local\spicetify;C:\adb;C:\Program Files\dotnet\;C:\ProgramData\chocolatey\bin;C:\Program Files\GitHub CLI\;C:\ffmpeg\bin\;C:\Program Files (x86)\cloudflared\;C:\Program Files\Git\cmd;%ANDROID_HOME%\tools;%ANDROID_HOME%\tools\bin;%ANDROID_HOME%\platform-tools;C:\Users\Admin\miniconda3;C:\Users\Admin\miniconda3\Library\mingw-w64\bin;C:\Users\Admin\miniconda3\Library\usr\bin;C:\Users\Admin\miniconda3\Library\bin;C:\Users\Admin\miniconda3\Scripts;C:\Users\Admin\AppData\Local\Programs\Python\Python312\Scripts\;C:\Users\Admin\AppData\Local\Programs\Python\Python312\;C:\Users\Admin\AppData\Local\Microsoft\WinGet\Links;C:\tools\dart-sdk\bin;C:\Users\Admin\AppData\Local\Pub\Cache\bin;C:;%ANDROID_HOME%\emulator;C:\Program Files\Microsoft\jdk-17.0.12.7-hotspot\bin;%FLUTTER_HOME%\bin;C:\Program Files\Microsoft\jdk-17.0.12.7-hotspot\bin\;C:\Windows\system32;C:\Windows;C:\Windows\System32\Wbem;C:\Windows\System32\WindowsPowerShell\v1.0\;C:\Windows\System32\OpenSSH\;C:\Users\Admin\AppData\Local\Microsoft\WindowsApps;C:\Users\Admin\AppData\Local\spicetify;C:\adb;C:\Program Files\dotnet\;C:\ProgramData\chocolatey\bin;C:\Program Files\GitHub CLI\;C:\ffmpeg\bin\;C:\Program Files (x86)\cloudflared\;C:\Program Files\Git\cmd;%ANDROID_HOME%\tools;%ANDROID_HOME%\tools\bin;%ANDROID_HOME%\platform-tools;C:\Users\Admin\miniconda3;C:\Users\Admin\miniconda3\Library\mingw-w64\bin;C:\Users\Admin\miniconda3\Library\usr\bin;C:\Users\Admin\miniconda3\Library\bin;C:\Users\Admin\miniconda3\Scripts;C:\Users\Admin\AppData\Local\Programs\Python\Python312\Scripts\;C:\Users\Admin\AppData\Local\Programs\
USERNAME=Admin
OS=Windows_NT
PROCESSOR_IDENTIFIER=AMD64 Family 23 Model 96 Stepping 1, AuthenticAMD
TMP=C:\Users\Admin\AppData\Local\Temp
TEMP=C:\Users\Admin\AppData\Local\Temp



Periodic native trim disabled


---------------  S Y S T E M  ---------------

OS:
 Windows 11 , 64 bit Build 22621 (10.0.22621.3958)
OS uptime: 0 days 2:39 hours

CPU: total 12 (initial active 12) (12 cores per cpu, 2 threads per core) family 23 model 96 stepping 1 microcode 0x0, cx8, cmov, fxsr, ht, mmx, 3dnowpref, sse, sse2, sse3, ssse3, sse4a, sse4.1, sse4.2, popcnt, lzcnt, tsc, tscinvbit, avx, avx2, aes, clmul, bmi1, bmi2, adx, sha, fma, vzeroupper, clflush, clflushopt
Processor Information for the first 12 processors :
  Max Mhz: 3701, Current Mhz: 3701, Mhz Limit: 3701

Memory: 4k page, system-wide physical 15761M (1039M free)
TotalPageFile size 19761M (AvailPageFile size 0M)
current process WorkingSet (physical memory assigned to process): 98M, peak: 98M
current process commit charge ("private bytes"): 368M, peak: 368M

vm_info: OpenJDK 64-Bit Server VM (17.0.12+7-LTS) for windows-amd64 JRE (17.0.12+7-LTS), built on Jul 16 2024 18:11:44 by "MicrosoftCorporation" with unknown MS VC++:1939

END.
