#
# There is insufficient memory for the Java Runtime Environment to continue.
# Native memory allocation (mmap) failed to map 109051904 bytes. Error detail: G1 virtual space
# Possible reasons:
#   The system is out of physical RAM or swap space
#   This process is running with CompressedOops enabled, and the Java Heap may be blocking the growth of the native heap
# Possible solutions:
#   Reduce memory load on the system
#   Increase physical memory or swap space
#   Check if swap backing store is full
#   Decrease Java heap size (-Xmx/-Xms)
#   Decrease number of Java threads
#   Decrease Java thread stack sizes (-Xss)
#   Set larger code cache with -XX:ReservedCodeCacheSize=
#   JVM is running with Zero Based Compressed Oops mode in which the Java heap is
#     placed in the first 32GB address space. The Java Heap base address is the
#     maximum limit for the native heap growth. Please use -XX:HeapBaseMinAddress
#     to set the Java Heap base and to place the Java Heap above 32GB virtual address.
# This output file may be truncated or incomplete.
#
#  Out of Memory Error (os_windows.cpp:3678), pid=10800, tid=12396
#
# JRE version: OpenJDK Runtime Environment Microsoft-9889599 (17.0.12+7) (build 17.0.12+7-LTS)
# Java VM: OpenJDK 64-Bit Server VM Microsoft-9889599 (17.0.12+7-LTS, mixed mode, sharing, tiered, compressed oops, compressed class ptrs, g1 gc, windows-amd64)
# No core dump will be written. Minidumps are not enabled by default on client versions of Windows
#

---------------  S U M M A R Y ------------

Command Line: --add-opens=java.base/java.util=ALL-UNNAMED --add-opens=java.base/java.lang=ALL-UNNAMED --add-opens=java.base/java.lang.invoke=ALL-UNNAMED --add-opens=java.prefs/java.util.prefs=ALL-UNNAMED --add-opens=java.base/java.nio.charset=ALL-UNNAMED --add-opens=java.base/java.net=ALL-UNNAMED --add-opens=java.base/java.util.concurrent.atomic=ALL-UNNAMED -Xmx4G -Dfile.encoding=windows-1252 -Duser.country=US -Duser.language=en -Duser.variant -javaagent:C:\Users\Admin\.gradle\wrapper\dists\gradle-8.1-all\20ex0cxcummvwpmavmhfg81jg\gradle-8.1\lib\agents\gradle-instrumentation-agent-8.1.jar org.gradle.launcher.daemon.bootstrap.GradleDaemon 8.1

Host: AMD Ryzen 5 4600G with Radeon Graphics, 12 cores, 15G,  Windows 11 , 64 bit Build 22621 (10.0.22621.3958)
Time: Sun Oct 20 08:08:41 2024 China Standard Time elapsed time: 59.214827 seconds (0d 0h 0m 59s)

---------------  T H R E A D  ---------------

Current thread (0x00000243fedb0d00):  VMThread "VM Thread" [stack: 0x000000e61c900000,0x000000e61ca00000] [id=12396]

Stack: [0x000000e61c900000,0x000000e61ca00000]
Native frames: (J=compiled Java code, j=interpreted, Vv=VM code, C=native code)
V  [jvm.dll+0x686d99]
V  [jvm.dll+0x83daf8]
V  [jvm.dll+0x83f5a3]
V  [jvm.dll+0x83fc13]
V  [jvm.dll+0x2492ef]
V  [jvm.dll+0x683dd9]
V  [jvm.dll+0x6782fa]
V  [jvm.dll+0x30a797]
V  [jvm.dll+0x311d06]
V  [jvm.dll+0x36252e]
V  [jvm.dll+0x36276d]
V  [jvm.dll+0x2e1a9c]
V  [jvm.dll+0x2dfe49]
V  [jvm.dll+0x2df5ac]
V  [jvm.dll+0x3220ab]
V  [jvm.dll+0x84444d]
V  [jvm.dll+0x845183]
V  [jvm.dll+0x8456af]
V  [jvm.dll+0x845a94]
V  [jvm.dll+0x845b5e]
V  [jvm.dll+0x7ed87c]
V  [jvm.dll+0x685c77]
C  [ucrtbase.dll+0x29333]
C  [KERNEL32.DLL+0x1257d]
C  [ntdll.dll+0x5af08]

VM_Operation (0x000000e61e2f45a0): G1CollectForAllocation, mode: safepoint, requested by thread 0x00000243df700460


---------------  P R O C E S S  ---------------

Threads class SMR info:
_java_thread_list=0x00000243e3fdf360, length=105, elements={
0x00000243f489df10, 0x00000243fedb5fc0, 0x00000243fedb7d60, 0x00000243fedcfbc0,
0x00000243fedd3610, 0x00000243fedd4680, 0x00000243fedd4f50, 0x00000243fedd63a0,
0x00000243fede2a00, 0x00000243fedf9700, 0x00000243feda3f30, 0x00000243feffd9a0,
0x00000243df5368d0, 0x00000243de7edca0, 0x00000243de425a50, 0x00000243df096280,
0x00000243df700460, 0x00000243debdae10, 0x00000243debda3f0, 0x00000243debd8590,
0x00000243debdb830, 0x00000243debd99d0, 0x00000243debd9ee0, 0x00000243e08f3c30,
0x00000243e08f4140, 0x00000243e08f6ed0, 0x00000243e08f8d30, 0x00000243e08f8310,
0x00000243e08f1dd0, 0x00000243e08f2d00, 0x00000243e08f5070, 0x00000243e08f9750,
0x00000243e08f22e0, 0x00000243e08f3720, 0x00000243e2959bd0, 0x00000243e37d73f0,
0x00000243e37d7e10, 0x00000243e37d64c0, 0x00000243e37d6ee0, 0x00000243e37d4660,
0x00000243e49e7a60, 0x00000243df0d0b10, 0x00000243df0cd870, 0x00000243e295f1e0,
0x00000243e49ebc30, 0x00000243eb0d4960, 0x00000243dfd5e770, 0x00000243dfd5e260,
0x00000243dfd5dd50, 0x00000243dfd5ec80, 0x00000243dfd57d20, 0x00000243dfd59160,
0x00000243dfd5bef0, 0x00000243dfd5c400, 0x00000243dfd5a5a0, 0x00000243dfd5afc0,
0x00000243dfd5ce20, 0x00000243e2bc87f0, 0x00000243dfd5d330, 0x00000243eb0d3010,
0x00000243eb0d8110, 0x00000243eb0d5380, 0x00000243eb0d67c0, 0x00000243eb0d8620,
0x00000243eb0d5da0, 0x00000243eb0da990, 0x00000243eb0d8b30, 0x00000243eb0d71e0,
0x00000243eb0d9040, 0x00000243eb0da480, 0x00000243eb0d6cd0, 0x00000243eb0d5890,
0x00000243eb0d4450, 0x00000243eb0d9550, 0x00000243eb0d9a60, 0x00000243eb0d4e70,
0x00000243eb0d62b0, 0x00000243eb0d9f70, 0x00000243eb0d76f0, 0x00000243eb0d3520,
0x00000243eb0d3a30, 0x00000243eb0d3f40, 0x00000243e49e98c0, 0x00000243e49e8990,
0x00000243e49e8480, 0x00000243e49e9dd0, 0x00000243e49ed580, 0x00000243e49ea2e0,
0x00000243e49eda90, 0x00000243e49e7550, 0x00000243e49e8ea0, 0x00000243e49ee4b0,
0x00000243e49ead00, 0x00000243e49ec140, 0x00000243e49e93b0, 0x00000243e49ec650,
0x00000243e49ee9c0, 0x00000243e49ea7f0, 0x00000243e49eb210, 0x00000243e49eb720,
0x00000243e49ecb60, 0x00000243e49ed070, 0x00000243e295f6f0, 0x00000243e295fc00,
0x00000243e295d380
}

Java Threads: ( => current thread )
  0x00000243f489df10 JavaThread "main" [_thread_blocked, id=19828, stack(0x000000e61c300000,0x000000e61c400000)]
  0x00000243fedb5fc0 JavaThread "Reference Handler" daemon [_thread_blocked, id=16436, stack(0x000000e61ca00000,0x000000e61cb00000)]
  0x00000243fedb7d60 JavaThread "Finalizer" daemon [_thread_blocked, id=1524, stack(0x000000e61cb00000,0x000000e61cc00000)]
  0x00000243fedcfbc0 JavaThread "Signal Dispatcher" daemon [_thread_blocked, id=9580, stack(0x000000e61cc00000,0x000000e61cd00000)]
  0x00000243fedd3610 JavaThread "Attach Listener" daemon [_thread_blocked, id=21160, stack(0x000000e61cd00000,0x000000e61ce00000)]
  0x00000243fedd4680 JavaThread "Service Thread" daemon [_thread_blocked, id=21476, stack(0x000000e61ce00000,0x000000e61cf00000)]
  0x00000243fedd4f50 JavaThread "Monitor Deflation Thread" daemon [_thread_blocked, id=16564, stack(0x000000e61cf00000,0x000000e61d000000)]
  0x00000243fedd63a0 JavaThread "C2 CompilerThread0" daemon [_thread_blocked, id=4064, stack(0x000000e61d000000,0x000000e61d100000)]
  0x00000243fede2a00 JavaThread "C1 CompilerThread0" daemon [_thread_blocked, id=17448, stack(0x000000e61d100000,0x000000e61d200000)]
  0x00000243fedf9700 JavaThread "Sweeper thread" daemon [_thread_blocked, id=21032, stack(0x000000e61d200000,0x000000e61d300000)]
  0x00000243feda3f30 JavaThread "Common-Cleaner" daemon [_thread_blocked, id=21140, stack(0x000000e61d300000,0x000000e61d400000)]
  0x00000243feffd9a0 JavaThread "Notification Thread" daemon [_thread_blocked, id=19488, stack(0x000000e61d400000,0x000000e61d500000)]
  0x00000243df5368d0 JavaThread "Daemon health stats" [_thread_blocked, id=2860, stack(0x000000e61dc00000,0x000000e61dd00000)]
  0x00000243de7edca0 JavaThread "Incoming local TCP Connector on port 53473" [_thread_in_native, id=20736, stack(0x000000e61dd00000,0x000000e61de00000)]
  0x00000243de425a50 JavaThread "Daemon periodic checks" [_thread_blocked, id=16956, stack(0x000000e61de00000,0x000000e61df00000)]
  0x00000243df096280 JavaThread "Daemon" [_thread_blocked, id=20072, stack(0x000000e61df00000,0x000000e61e000000)]
  0x00000243df700460 JavaThread "Daemon worker" [_thread_blocked, id=19348, stack(0x000000e61e200000,0x000000e61e300000)]
  0x00000243debdae10 JavaThread "Cache worker for journal cache (C:\Users\Admin\.gradle\caches\journal-1)" [_thread_blocked, id=3852, stack(0x000000e61e600000,0x000000e61e700000)]
  0x00000243debda3f0 JavaThread "File lock request listener" [_thread_in_native, id=10860, stack(0x000000e61e700000,0x000000e61e800000)]
  0x00000243debd8590 JavaThread "Cache worker for file hash cache (C:\Users\Admin\.gradle\caches\8.1\fileHashes)" [_thread_blocked, id=16908, stack(0x000000e61e800000,0x000000e61e900000)]
  0x00000243debdb830 JavaThread "File watcher server" daemon [_thread_in_native, id=12664, stack(0x000000e61e900000,0x000000e61ea00000)]
  0x00000243debd99d0 JavaThread "File watcher consumer" daemon [_thread_blocked, id=20960, stack(0x000000e61ea00000,0x000000e61eb00000)]
  0x00000243debd9ee0 JavaThread "Cache worker for file content cache (C:\Users\Admin\.gradle\caches\8.1\fileContent)" [_thread_blocked, id=9348, stack(0x000000e61ed00000,0x000000e61ee00000)]
  0x00000243e08f3c30 JavaThread "Cache worker for execution history cache (C:\Users\Admin\.gradle\caches\8.1\executionHistory)" [_thread_blocked, id=19532, stack(0x000000e61f700000,0x000000e61f800000)]
  0x00000243e08f4140 JavaThread "jar transforms" [_thread_blocked, id=3812, stack(0x000000e61f800000,0x000000e61f900000)]
  0x00000243e08f6ed0 JavaThread "Cache worker for kotlin-dsl (C:\Users\Admin\.gradle\caches\8.1\kotlin-dsl)" [_thread_blocked, id=19988, stack(0x000000e61f900000,0x000000e61fa00000)]
  0x00000243e08f8d30 JavaThread "jar transforms Thread 2" [_thread_blocked, id=20256, stack(0x000000e61fa00000,0x000000e61fb00000)]
  0x00000243e08f8310 JavaThread "jar transforms Thread 3" [_thread_blocked, id=1456, stack(0x000000e61fb00000,0x000000e61fc00000)]
  0x00000243e08f1dd0 JavaThread "jar transforms Thread 4" [_thread_blocked, id=4712, stack(0x000000e61fe00000,0x000000e61ff00000)]
  0x00000243e08f2d00 JavaThread "jar transforms Thread 5" [_thread_blocked, id=11088, stack(0x000000e61ff00000,0x000000e620000000)]
  0x00000243e08f5070 JavaThread "Memory manager" [_thread_blocked, id=20980, stack(0x000000e620000000,0x000000e620100000)]
  0x00000243e08f9750 JavaThread "jar transforms Thread 6" [_thread_blocked, id=1980, stack(0x000000e61da00000,0x000000e61db00000)]
  0x00000243e08f22e0 JavaThread "jar transforms Thread 7" [_thread_blocked, id=8876, stack(0x000000e61db00000,0x000000e61dc00000)]
  0x00000243e08f3720 JavaThread "included builds" [_thread_blocked, id=4804, stack(0x000000e620300000,0x000000e620400000)]
  0x00000243e2959bd0 JavaThread "File lock release action executor" [_thread_blocked, id=3224, stack(0x000000e621a00000,0x000000e621b00000)]
  0x00000243e37d73f0 JavaThread "jar transforms Thread 8" [_thread_blocked, id=3324, stack(0x000000e622500000,0x000000e622600000)]
  0x00000243e37d7e10 JavaThread "jar transforms Thread 9" [_thread_blocked, id=6020, stack(0x000000e622600000,0x000000e622700000)]
  0x00000243e37d64c0 JavaThread "jar transforms Thread 10" [_thread_blocked, id=3084, stack(0x000000e622700000,0x000000e622800000)]
  0x00000243e37d6ee0 JavaThread "jar transforms Thread 11" [_thread_blocked, id=21412, stack(0x000000e622800000,0x000000e622900000)]
  0x00000243e37d4660 JavaThread "jar transforms Thread 12" [_thread_blocked, id=10816, stack(0x000000e622900000,0x000000e622a00000)]
  0x00000243e49e7a60 JavaThread "included builds" [_thread_blocked, id=8504, stack(0x000000e620400000,0x000000e620500000)]
  0x00000243df0d0b10 JavaThread "included builds" [_thread_blocked, id=7456, stack(0x000000e620500000,0x000000e620600000)]
  0x00000243df0cd870 JavaThread "included builds" [_thread_blocked, id=9196, stack(0x000000e620100000,0x000000e620200000)]
  0x00000243e295f1e0 JavaThread "included builds" [_thread_blocked, id=14964, stack(0x000000e620700000,0x000000e620800000)]
  0x00000243e49ebc30 JavaThread "included builds" [_thread_blocked, id=10324, stack(0x000000e620600000,0x000000e620700000)]
  0x00000243eb0d4960 JavaThread "included builds" [_thread_blocked, id=11760, stack(0x000000e620800000,0x000000e620900000)]
  0x00000243dfd5e770 JavaThread "Handler for socket connection from /127.0.0.1:53473 to /127.0.0.1:53570" [_thread_in_native, id=21480, stack(0x000000e61e000000,0x000000e61e100000)]
  0x00000243dfd5e260 JavaThread "Cancel handler" [_thread_blocked, id=5316, stack(0x000000e61e100000,0x000000e61e200000)]
  0x00000243dfd5dd50 JavaThread "Asynchronous log dispatcher for DefaultDaemonConnection: socket connection from /127.0.0.1:53473 to /127.0.0.1:53570" [_thread_blocked, id=7392, stack(0x000000e61e300000,0x000000e61e400000)]
  0x00000243dfd5ec80 JavaThread "Stdin handler" [_thread_blocked, id=19872, stack(0x000000e61e400000,0x000000e61e500000)]
  0x00000243dfd57d20 JavaThread "Daemon client event forwarder" [_thread_blocked, id=8424, stack(0x000000e61e500000,0x000000e61e600000)]
  0x00000243dfd59160 JavaThread "Cache worker for checksums cache (C:\Users\Admin\Desktop\ALL Plants Disease\FLUTTERAPP\mamatay\argivysor\android\.gradle\8.1\checksums)" [_thread_blocked, id=21500, stack(0x000000e61eb00000,0x000000e61ec00000)]
  0x00000243dfd5bef0 JavaThread "Cache worker for cache directory md-rule (C:\Users\Admin\.gradle\caches\8.1\md-rule)" [_thread_blocked, id=18300, stack(0x000000e61ec00000,0x000000e61ed00000)]
  0x00000243dfd5c400 JavaThread "Cache worker for file hash cache (C:\Users\Admin\Desktop\ALL Plants Disease\FLUTTERAPP\mamatay\argivysor\android\.gradle\8.1\fileHashes)" [_thread_blocked, id=5536, stack(0x000000e61f500000,0x000000e61f600000)]
  0x00000243dfd5a5a0 JavaThread "Cache worker for cache directory md-supplier (C:\Users\Admin\.gradle\caches\8.1\md-supplier)" [_thread_blocked, id=8576, stack(0x000000e61f600000,0x000000e61f700000)]
  0x00000243dfd5afc0 JavaThread "Cache worker for dependencies-accessors (C:\Users\Admin\Desktop\ALL Plants Disease\FLUTTERAPP\mamatay\argivysor\android\.gradle\8.1\dependencies-accessors)" [_thread_blocked, id=8620, stack(0x000000e61fc00000,0x000000e61fd00000)]
  0x00000243dfd5ce20 JavaThread "Cache worker for Build Output Cleanup Cache (C:\Users\Admin\flutter\flutter\packages\flutter_tools\gradle\.gradle\buildOutputCleanup)" [_thread_blocked, id=20032, stack(0x000000e61fd00000,0x000000e61fe00000)]
  0x00000243e2bc87f0 JavaThread "C2 CompilerThread1" daemon [_thread_blocked, id=5128, stack(0x000000e620200000,0x000000e620300000)]
  0x00000243dfd5d330 JavaThread "included builds" [_thread_blocked, id=8292, stack(0x000000e620900000,0x000000e620a00000)]
  0x00000243eb0d3010 JavaThread "Execution worker" [_thread_blocked, id=3376, stack(0x000000e620a00000,0x000000e620b00000)]
  0x00000243eb0d8110 JavaThread "Execution worker Thread 2" [_thread_blocked, id=328, stack(0x000000e620b00000,0x000000e620c00000)]
  0x00000243eb0d5380 JavaThread "Execution worker Thread 3" [_thread_blocked, id=20520, stack(0x000000e620c00000,0x000000e620d00000)]
  0x00000243eb0d67c0 JavaThread "Execution worker Thread 4" [_thread_blocked, id=13184, stack(0x000000e620d00000,0x000000e620e00000)]
  0x00000243eb0d8620 JavaThread "Execution worker Thread 5" [_thread_blocked, id=9948, stack(0x000000e620e00000,0x000000e620f00000)]
  0x00000243eb0d5da0 JavaThread "Execution worker Thread 6" [_thread_blocked, id=6120, stack(0x000000e620f00000,0x000000e621000000)]
  0x00000243eb0da990 JavaThread "Execution worker Thread 7" [_thread_blocked, id=16688, stack(0x000000e621000000,0x000000e621100000)]
  0x00000243eb0d8b30 JavaThread "Execution worker Thread 8" [_thread_blocked, id=12672, stack(0x000000e621100000,0x000000e621200000)]
  0x00000243eb0d71e0 JavaThread "Execution worker Thread 9" [_thread_blocked, id=20372, stack(0x000000e621200000,0x000000e621300000)]
  0x00000243eb0d9040 JavaThread "Execution worker Thread 10" [_thread_blocked, id=4944, stack(0x000000e621300000,0x000000e621400000)]
  0x00000243eb0da480 JavaThread "Execution worker Thread 11" [_thread_blocked, id=21284, stack(0x000000e621400000,0x000000e621500000)]
  0x00000243eb0d6cd0 JavaThread "Cache worker for execution history cache (C:\Users\Admin\flutter\flutter\packages\flutter_tools\gradle\.gradle\8.1\executionHistory)" [_thread_blocked, id=21100, stack(0x000000e621500000,0x000000e621600000)]
  0x00000243eb0d5890 JavaThread "Unconstrained build operations" [_thread_blocked, id=18552, stack(0x000000e621600000,0x000000e621700000)]
  0x00000243eb0d4450 JavaThread "Unconstrained build operations Thread 2" [_thread_blocked, id=8188, stack(0x000000e621700000,0x000000e621800000)]
  0x00000243eb0d9550 JavaThread "Unconstrained build operations Thread 3" [_thread_blocked, id=11896, stack(0x000000e621800000,0x000000e621900000)]
  0x00000243eb0d9a60 JavaThread "Unconstrained build operations Thread 4" [_thread_blocked, id=20744, stack(0x000000e621900000,0x000000e621a00000)]
  0x00000243eb0d4e70 JavaThread "Unconstrained build operations Thread 5" [_thread_blocked, id=15780, stack(0x000000e621b00000,0x000000e621c00000)]
  0x00000243eb0d62b0 JavaThread "Unconstrained build operations Thread 6" [_thread_blocked, id=21252, stack(0x000000e621c00000,0x000000e621d00000)]
  0x00000243eb0d9f70 JavaThread "Unconstrained build operations Thread 7" [_thread_blocked, id=19388, stack(0x000000e621d00000,0x000000e621e00000)]
  0x00000243eb0d76f0 JavaThread "Unconstrained build operations Thread 8" [_thread_blocked, id=21360, stack(0x000000e621e00000,0x000000e621f00000)]
  0x00000243eb0d3520 JavaThread "Unconstrained build operations Thread 9" [_thread_blocked, id=15052, stack(0x000000e621f00000,0x000000e622000000)]
  0x00000243eb0d3a30 JavaThread "Unconstrained build operations Thread 10" [_thread_blocked, id=20208, stack(0x000000e622000000,0x000000e622100000)]
  0x00000243eb0d3f40 JavaThread "Unconstrained build operations Thread 11" [_thread_blocked, id=9520, stack(0x000000e622100000,0x000000e622200000)]
  0x00000243e49e98c0 JavaThread "Unconstrained build operations Thread 12" [_thread_blocked, id=19504, stack(0x000000e622200000,0x000000e622300000)]
  0x00000243e49e8990 JavaThread "Unconstrained build operations Thread 13" [_thread_blocked, id=4892, stack(0x000000e622300000,0x000000e622400000)]
  0x00000243e49e8480 JavaThread "Unconstrained build operations Thread 14" [_thread_blocked, id=7180, stack(0x000000e622400000,0x000000e622500000)]
  0x00000243e49e9dd0 JavaThread "Unconstrained build operations Thread 15" [_thread_blocked, id=11676, stack(0x000000e622a00000,0x000000e622b00000)]
  0x00000243e49ed580 JavaThread "Unconstrained build operations Thread 16" [_thread_blocked, id=828, stack(0x000000e622c00000,0x000000e622d00000)]
  0x00000243e49ea2e0 JavaThread "Unconstrained build operations Thread 17" [_thread_blocked, id=16428, stack(0x000000e622d00000,0x000000e622e00000)]
  0x00000243e49eda90 JavaThread "Unconstrained build operations Thread 18" [_thread_blocked, id=7112, stack(0x000000e623000000,0x000000e623100000)]
  0x00000243e49e7550 JavaThread "Unconstrained build operations Thread 19" [_thread_blocked, id=14268, stack(0x000000e623100000,0x000000e623200000)]
  0x00000243e49e8ea0 JavaThread "Unconstrained build operations Thread 20" [_thread_blocked, id=16396, stack(0x000000e623200000,0x000000e623300000)]
  0x00000243e49ee4b0 JavaThread "Unconstrained build operations Thread 21" [_thread_blocked, id=2380, stack(0x000000e623300000,0x000000e623400000)]
  0x00000243e49ead00 JavaThread "Cache worker for Build Output Cleanup Cache (C:\Users\Admin\Desktop\ALL Plants Disease\FLUTTERAPP\mamatay\argivysor\android\.gradle\buildOutputCleanup)" [_thread_blocked, id=11276, stack(0x000000e623400000,0x000000e623500000)]
  0x00000243e49ec140 JavaThread "build event listener" [_thread_blocked, id=8660, stack(0x000000e623500000,0x000000e623600000)]
  0x00000243e49e93b0 JavaThread "Unconstrained build operations Thread 22" [_thread_blocked, id=2192, stack(0x000000e623600000,0x000000e623700000)]
  0x00000243e49ec650 JavaThread "Unconstrained build operations Thread 23" [_thread_blocked, id=8008, stack(0x000000e623700000,0x000000e623800000)]
  0x00000243e49ee9c0 JavaThread "Unconstrained build operations Thread 24" [_thread_blocked, id=9056, stack(0x000000e623800000,0x000000e623900000)]
  0x00000243e49ea7f0 JavaThread "Unconstrained build operations Thread 25" [_thread_blocked, id=13584, stack(0x000000e623900000,0x000000e623a00000)]
  0x00000243e49eb210 JavaThread "Unconstrained build operations Thread 26" [_thread_blocked, id=7192, stack(0x000000e623a00000,0x000000e623b00000)]
  0x00000243e49eb720 JavaThread "Unconstrained build operations Thread 27" [_thread_blocked, id=9440, stack(0x000000e623b00000,0x000000e623c00000)]
  0x00000243e49ecb60 JavaThread "Unconstrained build operations Thread 28" [_thread_blocked, id=19080, stack(0x000000e623c00000,0x000000e623d00000)]
  0x00000243e49ed070 JavaThread "Unconstrained build operations Thread 29" [_thread_blocked, id=20168, stack(0x000000e623d00000,0x000000e623e00000)]
  0x00000243e295f6f0 JavaThread "Unconstrained build operations Thread 30" [_thread_blocked, id=16468, stack(0x000000e623e00000,0x000000e623f00000)]
  0x00000243e295fc00 JavaThread "Unconstrained build operations Thread 31" [_thread_blocked, id=6460, stack(0x000000e623f00000,0x000000e624000000)]
  0x00000243e295d380 JavaThread "Unconstrained build operations Thread 32" [_thread_blocked, id=16944, stack(0x000000e624000000,0x000000e624100000)]

Other Threads:
=>0x00000243fedb0d00 VMThread "VM Thread" [stack: 0x000000e61c900000,0x000000e61ca00000] [id=12396]
  0x00000243fef7f330 WatcherThread [stack: 0x000000e61d500000,0x000000e61d600000] [id=4984]
  0x00000243f490a4d0 GCTaskThread "GC Thread#0" [stack: 0x000000e61c400000,0x000000e61c500000] [id=20336]
  0x00000243ff960770 GCTaskThread "GC Thread#1" [stack: 0x000000e61d600000,0x000000e61d700000] [id=15204]
  0x00000243ff8825f0 GCTaskThread "GC Thread#2" [stack: 0x000000e61d700000,0x000000e61d800000] [id=7048]
  0x00000243ff8828b0 GCTaskThread "GC Thread#3" [stack: 0x000000e61d800000,0x000000e61d900000] [id=20516]
  0x00000243ff520c60 GCTaskThread "GC Thread#4" [stack: 0x000000e61d900000,0x000000e61da00000] [id=1408]
  0x00000243def09fb0 GCTaskThread "GC Thread#5" [stack: 0x000000e61ee00000,0x000000e61ef00000] [id=17628]
  0x00000243def0a270 GCTaskThread "GC Thread#6" [stack: 0x000000e61ef00000,0x000000e61f000000] [id=19944]
  0x00000243def091f0 GCTaskThread "GC Thread#7" [stack: 0x000000e61f000000,0x000000e61f100000] [id=15108]
  0x00000243def09770 GCTaskThread "GC Thread#8" [stack: 0x000000e61f100000,0x000000e61f200000] [id=1128]
  0x00000243def0a530 GCTaskThread "GC Thread#9" [stack: 0x000000e61f200000,0x000000e61f300000] [id=1768]
  0x00000243f491c340 ConcurrentGCThread "G1 Main Marker" [stack: 0x000000e61c500000,0x000000e61c600000] [id=15496]
  0x00000243f491d410 ConcurrentGCThread "G1 Conc#0" [stack: 0x000000e61c600000,0x000000e61c700000] [id=17360]
  0x00000243def089b0 ConcurrentGCThread "G1 Conc#1" [stack: 0x000000e61f300000,0x000000e61f400000] [id=7080]
  0x00000243def08c70 ConcurrentGCThread "G1 Conc#2" [stack: 0x000000e61f400000,0x000000e61f500000] [id=18964]
  0x00000243f494ea80 ConcurrentGCThread "G1 Refine#0" [stack: 0x000000e61c700000,0x000000e61c800000] [id=20040]
  0x00000243e2bd6650 ConcurrentGCThread "G1 Refine#1" [stack: 0x000000e622b00000,0x000000e622c00000] [id=8780]
  0x00000243e2bd54b0 ConcurrentGCThread "G1 Refine#2" [stack: 0x000000e624300000,0x000000e624400000] [id=19824]
  0x00000243ec324f60 ConcurrentGCThread "G1 Refine#3" [stack: 0x000000e626e00000,0x000000e626f00000] [id=15520]
  0x00000243fec70620 ConcurrentGCThread "G1 Service" [stack: 0x000000e61c800000,0x000000e61c900000] [id=20752]

Threads with active compile tasks:

VM state: at safepoint (normal execution)

VM Mutex/Monitor currently owned by a thread:  ([mutex/lock_event])
[0x00000243f48983c0] Threads_lock - owner thread: 0x00000243fedb0d00
[0x00000243f4899bf0] Heap_lock - owner thread: 0x00000243df700460

Heap address: 0x0000000700000000, size: 4096 MB, Compressed Oops mode: Zero based, Oop shift amount: 3

CDS archive(s) mapped at: [0x0000024399000000-0x0000024399bb0000-0x0000024399bb0000), size 12255232, SharedBaseAddress: 0x0000024399000000, ArchiveRelocationMode: 1.
Compressed class space mapped at: 0x000002439a000000-0x00000243da000000, reserved size: 1073741824
Narrow klass base: 0x0000024399000000, Narrow klass shift: 0, Narrow klass range: 0x100000000

GC Precious Log:
 CPUs: 12 total, 12 available
 Memory: 15761M
 Large Page Support: Disabled
 NUMA Support: Disabled
 Compressed Oops: Enabled (Zero based)
 Heap Region Size: 2M
 Heap Min Capacity: 8M
 Heap Initial Capacity: 248M
 Heap Max Capacity: 4G
 Pre-touch: Disabled
 Parallel Workers: 10
 Concurrent Workers: 3
 Concurrent Refinement Workers: 10
 Periodic GC: Disabled

Heap:
 garbage-first heap   total 524288K, used 435889K [0x0000000700000000, 0x0000000800000000)
  region size 2048K, 2 young (4096K), 2 survivors (4096K)
 Metaspace       used 123262K, committed 125120K, reserved 1179648K
  class space    used 17191K, committed 18048K, reserved 1048576K

Heap Regions: E=young(eden), S=young(survivor), O=old, HS=humongous(starts), HC=humongous(continues), CS=collection set, F=free, OA=open archive, CA=closed archive, TAMS=top-at-mark-start (previous, next)
|   0|0x0000000700000000, 0x0000000700200000, 0x0000000700200000|100%|HS|  |TAMS 0x0000000700200000, 0x0000000700000000| Complete 
|   1|0x0000000700200000, 0x0000000700400000, 0x0000000700400000|100%|HC|  |TAMS 0x0000000700400000, 0x0000000700200000| Complete 
|   2|0x0000000700400000, 0x0000000700600000, 0x0000000700600000|100%| O|  |TAMS 0x0000000700600000, 0x0000000700400000| Untracked 
|   3|0x0000000700600000, 0x0000000700800000, 0x0000000700800000|100%| O|  |TAMS 0x0000000700800000, 0x0000000700600000| Untracked 
|   4|0x0000000700800000, 0x0000000700a00000, 0x0000000700a00000|100%| O|  |TAMS 0x0000000700a00000, 0x0000000700800000| Untracked 
|   5|0x0000000700a00000, 0x0000000700c00000, 0x0000000700c00000|100%| O|  |TAMS 0x0000000700c00000, 0x0000000700a00000| Untracked 
|   6|0x0000000700c00000, 0x0000000700e00000, 0x0000000700e00000|100%| O|  |TAMS 0x0000000700e00000, 0x0000000700c00000| Untracked 
|   7|0x0000000700e00000, 0x0000000701000000, 0x0000000701000000|100%| O|  |TAMS 0x0000000701000000, 0x0000000700e00000| Untracked 
|   8|0x0000000701000000, 0x0000000701200000, 0x0000000701200000|100%| O|  |TAMS 0x0000000701200000, 0x0000000701000000| Untracked 
|   9|0x0000000701200000, 0x0000000701400000, 0x0000000701400000|100%| O|  |TAMS 0x0000000701400000, 0x0000000701200000| Untracked 
|  10|0x0000000701400000, 0x0000000701600000, 0x0000000701600000|100%| O|  |TAMS 0x0000000701600000, 0x0000000701400000| Untracked 
|  11|0x0000000701600000, 0x0000000701800000, 0x0000000701800000|100%| O|  |TAMS 0x0000000701800000, 0x0000000701600000| Untracked 
|  12|0x0000000701800000, 0x0000000701a00000, 0x0000000701a00000|100%| O|  |TAMS 0x0000000701a00000, 0x0000000701800000| Untracked 
|  13|0x0000000701a00000, 0x0000000701c00000, 0x0000000701c00000|100%| O|  |TAMS 0x0000000701c00000, 0x0000000701a00000| Untracked 
|  14|0x0000000701c00000, 0x0000000701e00000, 0x0000000701e00000|100%| O|  |TAMS 0x0000000701e00000, 0x0000000701c00000| Untracked 
|  15|0x0000000701e00000, 0x0000000702000000, 0x0000000702000000|100%| O|  |TAMS 0x0000000702000000, 0x0000000701e00000| Untracked 
|  16|0x0000000702000000, 0x0000000702200000, 0x0000000702200000|100%| O|  |TAMS 0x0000000702200000, 0x0000000702000000| Untracked 
|  17|0x0000000702200000, 0x0000000702400000, 0x0000000702400000|100%| O|  |TAMS 0x0000000702400000, 0x0000000702200000| Untracked 
|  18|0x0000000702400000, 0x0000000702600000, 0x0000000702600000|100%| O|  |TAMS 0x0000000702600000, 0x0000000702400000| Untracked 
|  19|0x0000000702600000, 0x0000000702800000, 0x0000000702800000|100%| O|  |TAMS 0x0000000702800000, 0x0000000702600000| Untracked 
|  20|0x0000000702800000, 0x0000000702a00000, 0x0000000702a00000|100%| O|  |TAMS 0x0000000702a00000, 0x0000000702800000| Untracked 
|  21|0x0000000702a00000, 0x0000000702c00000, 0x0000000702c00000|100%|HS|  |TAMS 0x0000000702c00000, 0x0000000702a00000| Complete 
|  22|0x0000000702c00000, 0x0000000702e00000, 0x0000000702e00000|100%|HS|  |TAMS 0x0000000702e00000, 0x0000000702c00000| Complete 
|  23|0x0000000702e00000, 0x0000000703000000, 0x0000000703000000|100%|HC|  |TAMS 0x0000000703000000, 0x0000000702e00000| Complete 
|  24|0x0000000703000000, 0x0000000703200000, 0x0000000703200000|100%| O|  |TAMS 0x0000000703200000, 0x0000000703000000| Untracked 
|  25|0x0000000703200000, 0x0000000703400000, 0x0000000703400000|100%| O|  |TAMS 0x0000000703200000, 0x0000000703200000| Untracked 
|  26|0x0000000703400000, 0x0000000703600000, 0x0000000703600000|100%|HS|  |TAMS 0x0000000703600000, 0x0000000703400000| Complete 
|  27|0x0000000703600000, 0x0000000703800000, 0x0000000703800000|100%| O|  |TAMS 0x0000000703800000, 0x0000000703600000| Untracked 
|  28|0x0000000703800000, 0x0000000703a00000, 0x0000000703a00000|100%| O|  |TAMS 0x0000000703a00000, 0x0000000703800000| Untracked 
|  29|0x0000000703a00000, 0x0000000703c00000, 0x0000000703c00000|100%| O|  |TAMS 0x0000000703c00000, 0x0000000703a00000| Untracked 
|  30|0x0000000703c00000, 0x0000000703e00000, 0x0000000703e00000|100%| O|  |TAMS 0x0000000703e00000, 0x0000000703c00000| Untracked 
|  31|0x0000000703e00000, 0x0000000704000000, 0x0000000704000000|100%|HS|  |TAMS 0x0000000704000000, 0x0000000703e00000| Complete 
|  32|0x0000000704000000, 0x0000000704200000, 0x0000000704200000|100%| O|  |TAMS 0x0000000704200000, 0x0000000704000000| Untracked 
|  33|0x0000000704200000, 0x0000000704400000, 0x0000000704400000|100%| O|  |TAMS 0x0000000704400000, 0x0000000704200000| Untracked 
|  34|0x0000000704400000, 0x0000000704600000, 0x0000000704600000|100%| O|  |TAMS 0x0000000704600000, 0x0000000704400000| Untracked 
|  35|0x0000000704600000, 0x0000000704800000, 0x0000000704800000|100%| O|  |TAMS 0x0000000704800000, 0x0000000704600000| Untracked 
|  36|0x0000000704800000, 0x0000000704a00000, 0x0000000704a00000|100%| O|  |TAMS 0x0000000704a00000, 0x0000000704800000| Untracked 
|  37|0x0000000704a00000, 0x0000000704c00000, 0x0000000704c00000|100%| O|  |TAMS 0x0000000704a00000, 0x0000000704a00000| Untracked 
|  38|0x0000000704c00000, 0x0000000704e00000, 0x0000000704e00000|100%|HS|  |TAMS 0x0000000704e00000, 0x0000000704c00000| Complete 
|  39|0x0000000704e00000, 0x0000000705000000, 0x0000000705000000|100%|HC|  |TAMS 0x0000000705000000, 0x0000000704e00000| Complete 
|  40|0x0000000705000000, 0x0000000705200000, 0x0000000705200000|100%| O|  |TAMS 0x0000000705200000, 0x0000000705000000| Untracked 
|  41|0x0000000705200000, 0x0000000705400000, 0x0000000705400000|100%| O|  |TAMS 0x0000000705400000, 0x0000000705200000| Untracked 
|  42|0x0000000705400000, 0x0000000705600000, 0x0000000705600000|100%|HS|  |TAMS 0x0000000705600000, 0x0000000705400000| Complete 
|  43|0x0000000705600000, 0x0000000705800000, 0x0000000705800000|100%|HC|  |TAMS 0x0000000705800000, 0x0000000705600000| Complete 
|  44|0x0000000705800000, 0x0000000705a00000, 0x0000000705a00000|100%| O|  |TAMS 0x0000000705a00000, 0x0000000705800000| Untracked 
|  45|0x0000000705a00000, 0x0000000705c00000, 0x0000000705c00000|100%| O|  |TAMS 0x0000000705c00000, 0x0000000705a00000| Untracked 
|  46|0x0000000705c00000, 0x0000000705e00000, 0x0000000705e00000|100%| O|  |TAMS 0x0000000705e00000, 0x0000000705c00000| Untracked 
|  47|0x0000000705e00000, 0x0000000706000000, 0x0000000706000000|100%| O|  |TAMS 0x0000000705ef8a00, 0x0000000705e00000| Untracked 
|  48|0x0000000706000000, 0x0000000706200000, 0x0000000706200000|100%| O|  |TAMS 0x0000000706000000, 0x0000000706000000| Untracked 
|  49|0x0000000706200000, 0x0000000706400000, 0x0000000706400000|100%| O|  |TAMS 0x0000000706200000, 0x0000000706200000| Untracked 
|  50|0x0000000706400000, 0x0000000706600000, 0x0000000706600000|100%| O|  |TAMS 0x0000000706400000, 0x0000000706400000| Untracked 
|  51|0x0000000706600000, 0x0000000706800000, 0x0000000706800000|100%| O|  |TAMS 0x0000000706600000, 0x0000000706600000| Untracked 
|  52|0x0000000706800000, 0x0000000706a00000, 0x0000000706a00000|100%| O|  |TAMS 0x0000000706800000, 0x0000000706800000| Untracked 
|  53|0x0000000706a00000, 0x0000000706c00000, 0x0000000706c00000|100%| O|  |TAMS 0x0000000706a00000, 0x0000000706a00000| Untracked 
|  54|0x0000000706c00000, 0x0000000706e00000, 0x0000000706e00000|100%| O|  |TAMS 0x0000000706c00000, 0x0000000706c00000| Untracked 
|  55|0x0000000706e00000, 0x0000000707000000, 0x0000000707000000|100%| O|  |TAMS 0x0000000706e00000, 0x0000000706e00000| Untracked 
|  56|0x0000000707000000, 0x0000000707200000, 0x0000000707200000|100%| O|  |TAMS 0x0000000707000000, 0x0000000707000000| Untracked 
|  57|0x0000000707200000, 0x0000000707400000, 0x0000000707400000|100%| O|  |TAMS 0x0000000707200000, 0x0000000707200000| Untracked 
|  58|0x0000000707400000, 0x0000000707600000, 0x0000000707600000|100%| O|  |TAMS 0x0000000707400000, 0x0000000707400000| Untracked 
|  59|0x0000000707600000, 0x0000000707800000, 0x0000000707800000|100%| O|  |TAMS 0x0000000707600000, 0x0000000707600000| Untracked 
|  60|0x0000000707800000, 0x0000000707a00000, 0x0000000707a00000|100%| O|  |TAMS 0x0000000707800000, 0x0000000707800000| Untracked 
|  61|0x0000000707a00000, 0x0000000707c00000, 0x0000000707c00000|100%| O|  |TAMS 0x0000000707a00000, 0x0000000707a00000| Untracked 
|  62|0x0000000707c00000, 0x0000000707e00000, 0x0000000707e00000|100%| O|  |TAMS 0x0000000707c00000, 0x0000000707c00000| Untracked 
|  63|0x0000000707e00000, 0x0000000708000000, 0x0000000708000000|100%| O|  |TAMS 0x0000000707e00000, 0x0000000707e00000| Untracked 
|  64|0x0000000708000000, 0x0000000708200000, 0x0000000708200000|100%| O|  |TAMS 0x0000000708000000, 0x0000000708000000| Untracked 
|  65|0x0000000708200000, 0x0000000708400000, 0x0000000708400000|100%| O|  |TAMS 0x0000000708200000, 0x0000000708200000| Untracked 
|  66|0x0000000708400000, 0x0000000708600000, 0x0000000708600000|100%| O|  |TAMS 0x0000000708400000, 0x0000000708400000| Untracked 
|  67|0x0000000708600000, 0x0000000708800000, 0x0000000708800000|100%| O|  |TAMS 0x0000000708600000, 0x0000000708600000| Untracked 
|  68|0x0000000708800000, 0x0000000708a00000, 0x0000000708a00000|100%| O|  |TAMS 0x0000000708800000, 0x0000000708800000| Untracked 
|  69|0x0000000708a00000, 0x0000000708c00000, 0x0000000708c00000|100%| O|  |TAMS 0x0000000708a00000, 0x0000000708a00000| Untracked 
|  70|0x0000000708c00000, 0x0000000708e00000, 0x0000000708e00000|100%| O|  |TAMS 0x0000000708c00000, 0x0000000708c00000| Untracked 
|  71|0x0000000708e00000, 0x0000000709000000, 0x0000000709000000|100%| O|  |TAMS 0x0000000708e00000, 0x0000000708e00000| Untracked 
|  72|0x0000000709000000, 0x0000000709200000, 0x0000000709200000|100%| O|  |TAMS 0x0000000709000000, 0x0000000709000000| Untracked 
|  73|0x0000000709200000, 0x0000000709400000, 0x0000000709400000|100%| O|  |TAMS 0x0000000709200000, 0x0000000709200000| Untracked 
|  74|0x0000000709400000, 0x0000000709600000, 0x0000000709600000|100%| O|  |TAMS 0x0000000709400000, 0x0000000709400000| Untracked 
|  75|0x0000000709600000, 0x0000000709800000, 0x0000000709800000|100%| O|  |TAMS 0x0000000709600000, 0x0000000709600000| Untracked 
|  76|0x0000000709800000, 0x0000000709a00000, 0x0000000709a00000|100%| O|  |TAMS 0x0000000709800000, 0x0000000709800000| Untracked 
|  77|0x0000000709a00000, 0x0000000709c00000, 0x0000000709c00000|100%| O|  |TAMS 0x0000000709a00000, 0x0000000709a00000| Untracked 
|  78|0x0000000709c00000, 0x0000000709e00000, 0x0000000709e00000|100%| O|  |TAMS 0x0000000709c00000, 0x0000000709c00000| Untracked 
|  79|0x0000000709e00000, 0x000000070a000000, 0x000000070a000000|100%| O|  |TAMS 0x0000000709e00000, 0x0000000709e00000| Untracked 
|  80|0x000000070a000000, 0x000000070a200000, 0x000000070a200000|100%| O|  |TAMS 0x000000070a000000, 0x000000070a000000| Untracked 
|  81|0x000000070a200000, 0x000000070a400000, 0x000000070a400000|100%| O|  |TAMS 0x000000070a200000, 0x000000070a200000| Untracked 
|  82|0x000000070a400000, 0x000000070a600000, 0x000000070a600000|100%| O|  |TAMS 0x000000070a400000, 0x000000070a400000| Untracked 
|  83|0x000000070a600000, 0x000000070a800000, 0x000000070a800000|100%| O|  |TAMS 0x000000070a600000, 0x000000070a600000| Untracked 
|  84|0x000000070a800000, 0x000000070aa00000, 0x000000070aa00000|100%| O|  |TAMS 0x000000070a800000, 0x000000070a800000| Untracked 
|  85|0x000000070aa00000, 0x000000070ac00000, 0x000000070ac00000|100%| O|  |TAMS 0x000000070aa00000, 0x000000070aa00000| Untracked 
|  86|0x000000070ac00000, 0x000000070ae00000, 0x000000070ae00000|100%| O|  |TAMS 0x000000070ac00000, 0x000000070ac00000| Untracked 
|  87|0x000000070ae00000, 0x000000070b000000, 0x000000070b000000|100%| O|  |TAMS 0x000000070ae00000, 0x000000070ae00000| Untracked 
|  88|0x000000070b000000, 0x000000070b200000, 0x000000070b200000|100%| O|  |TAMS 0x000000070b000000, 0x000000070b000000| Untracked 
|  89|0x000000070b200000, 0x000000070b400000, 0x000000070b400000|100%| O|  |TAMS 0x000000070b200000, 0x000000070b200000| Untracked 
|  90|0x000000070b400000, 0x000000070b600000, 0x000000070b600000|100%| O|  |TAMS 0x000000070b400000, 0x000000070b400000| Untracked 
|  91|0x000000070b600000, 0x000000070b800000, 0x000000070b800000|100%| O|  |TAMS 0x000000070b600000, 0x000000070b600000| Untracked 
|  92|0x000000070b800000, 0x000000070ba00000, 0x000000070ba00000|100%| O|  |TAMS 0x000000070b800000, 0x000000070b800000| Untracked 
|  93|0x000000070ba00000, 0x000000070bc00000, 0x000000070bc00000|100%| O|  |TAMS 0x000000070ba00000, 0x000000070ba00000| Untracked 
|  94|0x000000070bc00000, 0x000000070be00000, 0x000000070be00000|100%| O|  |TAMS 0x000000070bc00000, 0x000000070bc00000| Untracked 
|  95|0x000000070be00000, 0x000000070c000000, 0x000000070c000000|100%| O|  |TAMS 0x000000070be00000, 0x000000070be00000| Untracked 
|  96|0x000000070c000000, 0x000000070c200000, 0x000000070c200000|100%| O|  |TAMS 0x000000070c000000, 0x000000070c000000| Untracked 
|  97|0x000000070c200000, 0x000000070c400000, 0x000000070c400000|100%| O|  |TAMS 0x000000070c200000, 0x000000070c200000| Untracked 
|  98|0x000000070c400000, 0x000000070c600000, 0x000000070c600000|100%| O|  |TAMS 0x000000070c400000, 0x000000070c400000| Untracked 
|  99|0x000000070c600000, 0x000000070c800000, 0x000000070c800000|100%| O|  |TAMS 0x000000070c600000, 0x000000070c600000| Untracked 
| 100|0x000000070c800000, 0x000000070ca00000, 0x000000070ca00000|100%| O|  |TAMS 0x000000070c800000, 0x000000070c800000| Untracked 
| 101|0x000000070ca00000, 0x000000070cc00000, 0x000000070cc00000|100%| O|  |TAMS 0x000000070ca00000, 0x000000070ca00000| Untracked 
| 102|0x000000070cc00000, 0x000000070ce00000, 0x000000070ce00000|100%| O|  |TAMS 0x000000070cc00000, 0x000000070cc00000| Untracked 
| 103|0x000000070ce00000, 0x000000070d000000, 0x000000070d000000|100%| O|  |TAMS 0x000000070ce00000, 0x000000070ce00000| Untracked 
| 104|0x000000070d000000, 0x000000070d200000, 0x000000070d200000|100%| O|  |TAMS 0x000000070d000000, 0x000000070d000000| Untracked 
| 105|0x000000070d200000, 0x000000070d400000, 0x000000070d400000|100%| O|  |TAMS 0x000000070d200000, 0x000000070d200000| Untracked 
| 106|0x000000070d400000, 0x000000070d600000, 0x000000070d600000|100%| O|  |TAMS 0x000000070d400000, 0x000000070d400000| Untracked 
| 107|0x000000070d600000, 0x000000070d800000, 0x000000070d800000|100%| O|  |TAMS 0x000000070d600000, 0x000000070d600000| Untracked 
| 108|0x000000070d800000, 0x000000070da00000, 0x000000070da00000|100%| O|  |TAMS 0x000000070d800000, 0x000000070d800000| Untracked 
| 109|0x000000070da00000, 0x000000070dc00000, 0x000000070dc00000|100%| O|  |TAMS 0x000000070da00000, 0x000000070da00000| Untracked 
| 110|0x000000070dc00000, 0x000000070de00000, 0x000000070de00000|100%| O|  |TAMS 0x000000070dc00000, 0x000000070dc00000| Untracked 
| 111|0x000000070de00000, 0x000000070e000000, 0x000000070e000000|100%| O|  |TAMS 0x000000070de00000, 0x000000070de00000| Untracked 
| 112|0x000000070e000000, 0x000000070e200000, 0x000000070e200000|100%| O|  |TAMS 0x000000070e000000, 0x000000070e000000| Untracked 
| 113|0x000000070e200000, 0x000000070e400000, 0x000000070e400000|100%| O|  |TAMS 0x000000070e200000, 0x000000070e200000| Untracked 
| 114|0x000000070e400000, 0x000000070e600000, 0x000000070e600000|100%| O|  |TAMS 0x000000070e400000, 0x000000070e400000| Untracked 
| 115|0x000000070e600000, 0x000000070e800000, 0x000000070e800000|100%| O|  |TAMS 0x000000070e600000, 0x000000070e600000| Untracked 
| 116|0x000000070e800000, 0x000000070ea00000, 0x000000070ea00000|100%| O|  |TAMS 0x000000070e800000, 0x000000070e800000| Untracked 
| 117|0x000000070ea00000, 0x000000070ec00000, 0x000000070ec00000|100%| O|  |TAMS 0x000000070ea00000, 0x000000070ea00000| Untracked 
| 118|0x000000070ec00000, 0x000000070ee00000, 0x000000070ee00000|100%| O|  |TAMS 0x000000070ec00000, 0x000000070ec00000| Untracked 
| 119|0x000000070ee00000, 0x000000070f000000, 0x000000070f000000|100%| O|  |TAMS 0x000000070ee00000, 0x000000070ee00000| Untracked 
| 120|0x000000070f000000, 0x000000070f200000, 0x000000070f200000|100%| O|  |TAMS 0x000000070f000000, 0x000000070f000000| Untracked 
| 121|0x000000070f200000, 0x000000070f400000, 0x000000070f400000|100%| O|  |TAMS 0x000000070f200000, 0x000000070f200000| Untracked 
| 122|0x000000070f400000, 0x000000070f600000, 0x000000070f600000|100%| O|  |TAMS 0x000000070f400000, 0x000000070f400000| Untracked 
| 123|0x000000070f600000, 0x000000070f800000, 0x000000070f800000|100%| O|  |TAMS 0x000000070f600000, 0x000000070f600000| Untracked 
| 124|0x000000070f800000, 0x000000070fa00000, 0x000000070fa00000|100%| O|  |TAMS 0x000000070f800000, 0x000000070f800000| Untracked 
| 125|0x000000070fa00000, 0x000000070fc00000, 0x000000070fc00000|100%| O|  |TAMS 0x000000070fa00000, 0x000000070fa00000| Untracked 
| 126|0x000000070fc00000, 0x000000070fe00000, 0x000000070fe00000|100%| O|  |TAMS 0x000000070fc00000, 0x000000070fc00000| Untracked 
| 127|0x000000070fe00000, 0x0000000710000000, 0x0000000710000000|100%| O|  |TAMS 0x000000070fe00000, 0x000000070fe00000| Untracked 
| 128|0x0000000710000000, 0x0000000710200000, 0x0000000710200000|100%| O|  |TAMS 0x0000000710000000, 0x0000000710000000| Untracked 
| 129|0x0000000710200000, 0x0000000710400000, 0x0000000710400000|100%| O|  |TAMS 0x0000000710200000, 0x0000000710200000| Untracked 
| 130|0x0000000710400000, 0x0000000710600000, 0x0000000710600000|100%| O|  |TAMS 0x0000000710400000, 0x0000000710400000| Untracked 
| 131|0x0000000710600000, 0x0000000710800000, 0x0000000710800000|100%| O|  |TAMS 0x0000000710600000, 0x0000000710600000| Untracked 
| 132|0x0000000710800000, 0x0000000710a00000, 0x0000000710a00000|100%| O|  |TAMS 0x0000000710800000, 0x0000000710800000| Untracked 
| 133|0x0000000710a00000, 0x0000000710c00000, 0x0000000710c00000|100%| O|  |TAMS 0x0000000710a00000, 0x0000000710a00000| Untracked 
| 134|0x0000000710c00000, 0x0000000710e00000, 0x0000000710e00000|100%| O|  |TAMS 0x0000000710c00000, 0x0000000710c00000| Untracked 
| 135|0x0000000710e00000, 0x0000000711000000, 0x0000000711000000|100%| O|  |TAMS 0x0000000710e00000, 0x0000000710e00000| Untracked 
| 136|0x0000000711000000, 0x0000000711200000, 0x0000000711200000|100%| O|  |TAMS 0x0000000711000000, 0x0000000711000000| Untracked 
| 137|0x0000000711200000, 0x0000000711400000, 0x0000000711400000|100%| O|  |TAMS 0x0000000711200000, 0x0000000711200000| Untracked 
| 138|0x0000000711400000, 0x0000000711600000, 0x0000000711600000|100%| O|  |TAMS 0x0000000711400000, 0x0000000711400000| Untracked 
| 139|0x0000000711600000, 0x0000000711800000, 0x0000000711800000|100%| O|  |TAMS 0x0000000711600000, 0x0000000711600000| Untracked 
| 140|0x0000000711800000, 0x0000000711a00000, 0x0000000711a00000|100%| O|  |TAMS 0x0000000711800000, 0x0000000711800000| Untracked 
| 141|0x0000000711a00000, 0x0000000711c00000, 0x0000000711c00000|100%| O|  |TAMS 0x0000000711a00000, 0x0000000711a00000| Untracked 
| 142|0x0000000711c00000, 0x0000000711e00000, 0x0000000711e00000|100%| O|  |TAMS 0x0000000711c00000, 0x0000000711c00000| Untracked 
| 143|0x0000000711e00000, 0x0000000712000000, 0x0000000712000000|100%| O|  |TAMS 0x0000000711e00000, 0x0000000711e00000| Untracked 
| 144|0x0000000712000000, 0x0000000712200000, 0x0000000712200000|100%| O|  |TAMS 0x0000000712000000, 0x0000000712000000| Untracked 
| 145|0x0000000712200000, 0x0000000712400000, 0x0000000712400000|100%| O|  |TAMS 0x0000000712200000, 0x0000000712200000| Untracked 
| 146|0x0000000712400000, 0x0000000712600000, 0x0000000712600000|100%| O|  |TAMS 0x0000000712400000, 0x0000000712400000| Untracked 
| 147|0x0000000712600000, 0x0000000712800000, 0x0000000712800000|100%| O|  |TAMS 0x0000000712600000, 0x0000000712600000| Untracked 
| 148|0x0000000712800000, 0x0000000712a00000, 0x0000000712a00000|100%| O|  |TAMS 0x0000000712800000, 0x0000000712800000| Untracked 
| 149|0x0000000712a00000, 0x0000000712c00000, 0x0000000712c00000|100%| O|  |TAMS 0x0000000712a00000, 0x0000000712a00000| Untracked 
| 150|0x0000000712c00000, 0x0000000712e00000, 0x0000000712e00000|100%| O|  |TAMS 0x0000000712c00000, 0x0000000712c00000| Untracked 
| 151|0x0000000712e00000, 0x0000000713000000, 0x0000000713000000|100%| O|  |TAMS 0x0000000712e00000, 0x0000000712e00000| Untracked 
| 152|0x0000000713000000, 0x0000000713200000, 0x0000000713200000|100%| O|  |TAMS 0x0000000713000000, 0x0000000713000000| Untracked 
| 153|0x0000000713200000, 0x0000000713400000, 0x0000000713400000|100%| O|  |TAMS 0x0000000713200000, 0x0000000713200000| Untracked 
| 154|0x0000000713400000, 0x0000000713600000, 0x0000000713600000|100%| O|  |TAMS 0x0000000713400000, 0x0000000713400000| Untracked 
| 155|0x0000000713600000, 0x0000000713800000, 0x0000000713800000|100%| O|  |TAMS 0x0000000713600000, 0x0000000713600000| Untracked 
| 156|0x0000000713800000, 0x0000000713a00000, 0x0000000713a00000|100%| O|  |TAMS 0x0000000713800000, 0x0000000713800000| Untracked 
| 157|0x0000000713a00000, 0x0000000713c00000, 0x0000000713c00000|100%| O|  |TAMS 0x0000000713a00000, 0x0000000713a00000| Untracked 
| 158|0x0000000713c00000, 0x0000000713e00000, 0x0000000713e00000|100%| O|  |TAMS 0x0000000713c00000, 0x0000000713c00000| Untracked 
| 159|0x0000000713e00000, 0x0000000714000000, 0x0000000714000000|100%| O|  |TAMS 0x0000000713e00000, 0x0000000713e00000| Untracked 
| 160|0x0000000714000000, 0x0000000714200000, 0x0000000714200000|100%| O|  |TAMS 0x0000000714000000, 0x0000000714000000| Untracked 
| 161|0x0000000714200000, 0x0000000714400000, 0x0000000714400000|100%| O|  |TAMS 0x0000000714200000, 0x0000000714200000| Untracked 
| 162|0x0000000714400000, 0x0000000714600000, 0x0000000714600000|100%| O|  |TAMS 0x0000000714400000, 0x0000000714400000| Untracked 
| 163|0x0000000714600000, 0x0000000714800000, 0x0000000714800000|100%| O|  |TAMS 0x0000000714600000, 0x0000000714600000| Untracked 
| 164|0x0000000714800000, 0x0000000714a00000, 0x0000000714a00000|100%| O|  |TAMS 0x0000000714800000, 0x0000000714800000| Untracked 
| 165|0x0000000714a00000, 0x0000000714c00000, 0x0000000714c00000|100%| O|  |TAMS 0x0000000714a00000, 0x0000000714a00000| Untracked 
| 166|0x0000000714c00000, 0x0000000714e00000, 0x0000000714e00000|100%| O|  |TAMS 0x0000000714c00000, 0x0000000714c00000| Untracked 
| 167|0x0000000714e00000, 0x0000000715000000, 0x0000000715000000|100%| O|  |TAMS 0x0000000714e00000, 0x0000000714e00000| Untracked 
| 168|0x0000000715000000, 0x0000000715200000, 0x0000000715200000|100%| O|  |TAMS 0x0000000715000000, 0x0000000715000000| Untracked 
| 169|0x0000000715200000, 0x0000000715400000, 0x0000000715400000|100%| O|  |TAMS 0x0000000715200000, 0x0000000715200000| Untracked 
| 170|0x0000000715400000, 0x0000000715600000, 0x0000000715600000|100%| O|  |TAMS 0x0000000715400000, 0x0000000715400000| Untracked 
| 171|0x0000000715600000, 0x0000000715800000, 0x0000000715800000|100%| O|  |TAMS 0x0000000715600000, 0x0000000715600000| Untracked 
| 172|0x0000000715800000, 0x0000000715a00000, 0x0000000715a00000|100%| O|  |TAMS 0x0000000715800000, 0x0000000715800000| Untracked 
| 173|0x0000000715a00000, 0x0000000715c00000, 0x0000000715c00000|100%| O|  |TAMS 0x0000000715a00000, 0x0000000715a00000| Untracked 
| 174|0x0000000715c00000, 0x0000000715e00000, 0x0000000715e00000|100%| O|  |TAMS 0x0000000715c00000, 0x0000000715c00000| Untracked 
| 175|0x0000000715e00000, 0x0000000716000000, 0x0000000716000000|100%| O|  |TAMS 0x0000000715e00000, 0x0000000715e00000| Untracked 
| 176|0x0000000716000000, 0x0000000716200000, 0x0000000716200000|100%| O|  |TAMS 0x0000000716000000, 0x0000000716000000| Untracked 
| 177|0x0000000716200000, 0x0000000716400000, 0x0000000716400000|100%| O|  |TAMS 0x0000000716200000, 0x0000000716200000| Untracked 
| 178|0x0000000716400000, 0x0000000716600000, 0x0000000716600000|100%| O|  |TAMS 0x0000000716400000, 0x0000000716400000| Untracked 
| 179|0x0000000716600000, 0x0000000716800000, 0x0000000716800000|100%| O|  |TAMS 0x0000000716600000, 0x0000000716600000| Untracked 
| 180|0x0000000716800000, 0x0000000716a00000, 0x0000000716a00000|100%| O|  |TAMS 0x0000000716800000, 0x0000000716800000| Untracked 
| 181|0x0000000716a00000, 0x0000000716c00000, 0x0000000716c00000|100%| O|  |TAMS 0x0000000716a00000, 0x0000000716a00000| Untracked 
| 182|0x0000000716c00000, 0x0000000716e00000, 0x0000000716e00000|100%| O|  |TAMS 0x0000000716c00000, 0x0000000716c00000| Untracked 
| 183|0x0000000716e00000, 0x0000000717000000, 0x0000000717000000|100%| O|  |TAMS 0x0000000716e00000, 0x0000000716e00000| Untracked 
| 184|0x0000000717000000, 0x0000000717200000, 0x0000000717200000|100%| O|  |TAMS 0x0000000717000000, 0x0000000717000000| Untracked 
| 185|0x0000000717200000, 0x0000000717400000, 0x0000000717400000|100%| O|  |TAMS 0x0000000717200000, 0x0000000717200000| Untracked 
| 186|0x0000000717400000, 0x0000000717600000, 0x0000000717600000|100%| O|  |TAMS 0x0000000717400000, 0x0000000717400000| Untracked 
| 187|0x0000000717600000, 0x0000000717800000, 0x0000000717800000|100%| O|  |TAMS 0x0000000717600000, 0x0000000717600000| Untracked 
| 188|0x0000000717800000, 0x0000000717a00000, 0x0000000717a00000|100%| O|  |TAMS 0x0000000717800000, 0x0000000717800000| Untracked 
| 189|0x0000000717a00000, 0x0000000717c00000, 0x0000000717c00000|100%| O|  |TAMS 0x0000000717a00000, 0x0000000717a00000| Untracked 
| 190|0x0000000717c00000, 0x0000000717e00000, 0x0000000717e00000|100%| O|  |TAMS 0x0000000717c00000, 0x0000000717c00000| Untracked 
| 191|0x0000000717e00000, 0x0000000718000000, 0x0000000718000000|100%| O|  |TAMS 0x0000000717e00000, 0x0000000717e00000| Untracked 
| 192|0x0000000718000000, 0x0000000718200000, 0x0000000718200000|100%| O|  |TAMS 0x0000000718000000, 0x0000000718000000| Untracked 
| 193|0x0000000718200000, 0x0000000718400000, 0x0000000718400000|100%| O|  |TAMS 0x0000000718200000, 0x0000000718200000| Untracked 
| 194|0x0000000718400000, 0x0000000718600000, 0x0000000718600000|100%| O|  |TAMS 0x0000000718400000, 0x0000000718400000| Untracked 
| 195|0x0000000718600000, 0x0000000718800000, 0x0000000718800000|100%| O|  |TAMS 0x0000000718600000, 0x0000000718600000| Untracked 
| 196|0x0000000718800000, 0x0000000718a00000, 0x0000000718a00000|100%| O|  |TAMS 0x0000000718800000, 0x0000000718800000| Untracked 
| 197|0x0000000718a00000, 0x0000000718c00000, 0x0000000718c00000|100%| O|  |TAMS 0x0000000718a00000, 0x0000000718a00000| Untracked 
| 198|0x0000000718c00000, 0x0000000718e00000, 0x0000000718e00000|100%| O|  |TAMS 0x0000000718c00000, 0x0000000718c00000| Untracked 
| 199|0x0000000718e00000, 0x0000000719000000, 0x0000000719000000|100%| O|  |TAMS 0x0000000718e00000, 0x0000000718e00000| Untracked 
| 200|0x0000000719000000, 0x0000000719200000, 0x0000000719200000|100%| O|  |TAMS 0x0000000719000000, 0x0000000719000000| Untracked 
| 201|0x0000000719200000, 0x0000000719400000, 0x0000000719400000|100%| O|  |TAMS 0x0000000719200000, 0x0000000719200000| Untracked 
| 202|0x0000000719400000, 0x0000000719600000, 0x0000000719600000|100%| O|  |TAMS 0x0000000719400000, 0x0000000719400000| Untracked 
| 203|0x0000000719600000, 0x0000000719800000, 0x0000000719800000|100%| O|  |TAMS 0x0000000719600000, 0x0000000719600000| Untracked 
| 204|0x0000000719800000, 0x0000000719a00000, 0x0000000719a00000|100%| O|  |TAMS 0x0000000719800000, 0x0000000719800000| Untracked 
| 205|0x0000000719a00000, 0x0000000719c00000, 0x0000000719c00000|100%| O|  |TAMS 0x0000000719a00000, 0x0000000719a00000| Untracked 
| 206|0x0000000719c00000, 0x0000000719e00000, 0x0000000719e00000|100%| O|  |TAMS 0x0000000719c00000, 0x0000000719c00000| Untracked 
| 207|0x0000000719e00000, 0x000000071a000000, 0x000000071a000000|100%| O|  |TAMS 0x0000000719e00000, 0x0000000719e00000| Untracked 
| 208|0x000000071a000000, 0x000000071a200000, 0x000000071a200000|100%| O|  |TAMS 0x000000071a000000, 0x000000071a000000| Untracked 
| 209|0x000000071a200000, 0x000000071a400000, 0x000000071a400000|100%| O|  |TAMS 0x000000071a200000, 0x000000071a200000| Untracked 
| 210|0x000000071a400000, 0x000000071a600000, 0x000000071a600000|100%| O|  |TAMS 0x000000071a400000, 0x000000071a400000| Untracked 
| 211|0x000000071a600000, 0x000000071a707800, 0x000000071a800000| 51%| O|  |TAMS 0x000000071a600000, 0x000000071a600000| Untracked 
| 212|0x000000071a800000, 0x000000071a800000, 0x000000071aa00000|  0%| F|  |TAMS 0x000000071a800000, 0x000000071a800000| Untracked 
| 213|0x000000071aa00000, 0x000000071aa00000, 0x000000071ac00000|  0%| F|  |TAMS 0x000000071aa00000, 0x000000071aa00000| Untracked 
| 214|0x000000071ac00000, 0x000000071ac00000, 0x000000071ae00000|  0%| F|  |TAMS 0x000000071ac00000, 0x000000071ac00000| Untracked 
| 215|0x000000071ae00000, 0x000000071ae00000, 0x000000071b000000|  0%| F|  |TAMS 0x000000071ae00000, 0x000000071ae00000| Untracked 
| 216|0x000000071b000000, 0x000000071b000000, 0x000000071b200000|  0%| F|  |TAMS 0x000000071b000000, 0x000000071b000000| Untracked 
| 217|0x000000071b200000, 0x000000071b200000, 0x000000071b400000|  0%| F|  |TAMS 0x000000071b200000, 0x000000071b200000| Untracked 
| 218|0x000000071b400000, 0x000000071b400000, 0x000000071b600000|  0%| F|  |TAMS 0x000000071b400000, 0x000000071b400000| Untracked 
| 219|0x000000071b600000, 0x000000071b600000, 0x000000071b800000|  0%| F|  |TAMS 0x000000071b600000, 0x000000071b600000| Untracked 
| 220|0x000000071b800000, 0x000000071b800000, 0x000000071ba00000|  0%| F|  |TAMS 0x000000071b800000, 0x000000071b800000| Untracked 
| 221|0x000000071ba00000, 0x000000071ba00000, 0x000000071bc00000|  0%| F|  |TAMS 0x000000071ba00000, 0x000000071ba00000| Untracked 
| 222|0x000000071bc00000, 0x000000071bc00000, 0x000000071be00000|  0%| F|  |TAMS 0x000000071bc00000, 0x000000071bc00000| Untracked 
| 223|0x000000071be00000, 0x000000071be00000, 0x000000071c000000|  0%| F|  |TAMS 0x000000071be00000, 0x000000071be00000| Untracked 
| 224|0x000000071c000000, 0x000000071c000000, 0x000000071c200000|  0%| F|  |TAMS 0x000000071c000000, 0x000000071c000000| Untracked 
| 225|0x000000071c200000, 0x000000071c200000, 0x000000071c400000|  0%| F|  |TAMS 0x000000071c200000, 0x000000071c200000| Untracked 
| 226|0x000000071c400000, 0x000000071c400000, 0x000000071c600000|  0%| F|  |TAMS 0x000000071c400000, 0x000000071c400000| Untracked 
| 227|0x000000071c600000, 0x000000071c600000, 0x000000071c800000|  0%| F|  |TAMS 0x000000071c600000, 0x000000071c600000| Untracked 
| 228|0x000000071c800000, 0x000000071c800000, 0x000000071ca00000|  0%| F|  |TAMS 0x000000071c800000, 0x000000071c800000| Untracked 
| 229|0x000000071ca00000, 0x000000071ca00000, 0x000000071cc00000|  0%| F|  |TAMS 0x000000071ca00000, 0x000000071ca00000| Untracked 
| 230|0x000000071cc00000, 0x000000071cc00000, 0x000000071ce00000|  0%| F|  |TAMS 0x000000071cc00000, 0x000000071cc00000| Untracked 
| 231|0x000000071ce00000, 0x000000071ce00000, 0x000000071d000000|  0%| F|  |TAMS 0x000000071ce00000, 0x000000071ce00000| Untracked 
| 232|0x000000071d000000, 0x000000071d000000, 0x000000071d200000|  0%| F|  |TAMS 0x000000071d000000, 0x000000071d000000| Untracked 
| 233|0x000000071d200000, 0x000000071d200000, 0x000000071d400000|  0%| F|  |TAMS 0x000000071d200000, 0x000000071d200000| Untracked 
| 234|0x000000071d400000, 0x000000071d400000, 0x000000071d600000|  0%| F|  |TAMS 0x000000071d400000, 0x000000071d400000| Untracked 
| 235|0x000000071d600000, 0x000000071d600000, 0x000000071d800000|  0%| F|  |TAMS 0x000000071d600000, 0x000000071d600000| Untracked 
| 236|0x000000071d800000, 0x000000071d800000, 0x000000071da00000|  0%| F|  |TAMS 0x000000071d800000, 0x000000071d800000| Untracked 
| 237|0x000000071da00000, 0x000000071da00000, 0x000000071dc00000|  0%| F|  |TAMS 0x000000071da00000, 0x000000071da00000| Untracked 
| 238|0x000000071dc00000, 0x000000071dc00000, 0x000000071de00000|  0%| F|  |TAMS 0x000000071dc00000, 0x000000071dc00000| Untracked 
| 239|0x000000071de00000, 0x000000071de00000, 0x000000071e000000|  0%| F|  |TAMS 0x000000071de00000, 0x000000071de00000| Untracked 
| 240|0x000000071e000000, 0x000000071e0a4eb0, 0x000000071e200000| 32%| S|CS|TAMS 0x000000071e000000, 0x000000071e000000| Complete 
| 241|0x000000071e200000, 0x000000071e400000, 0x000000071e400000|100%| S|CS|TAMS 0x000000071e200000, 0x000000071e200000| Complete 
| 242|0x000000071e400000, 0x000000071e400000, 0x000000071e600000|  0%| F|  |TAMS 0x000000071e400000, 0x000000071e400000| Untracked 
| 243|0x000000071e600000, 0x000000071e600000, 0x000000071e800000|  0%| F|  |TAMS 0x000000071e600000, 0x000000071e600000| Untracked 
| 244|0x000000071e800000, 0x000000071e800000, 0x000000071ea00000|  0%| F|  |TAMS 0x000000071e800000, 0x000000071e800000| Untracked 
| 245|0x000000071ea00000, 0x000000071ea00000, 0x000000071ec00000|  0%| F|  |TAMS 0x000000071ea00000, 0x000000071ea00000| Untracked 
| 246|0x000000071ec00000, 0x000000071ec00000, 0x000000071ee00000|  0%| F|  |TAMS 0x000000071ec00000, 0x000000071ec00000| Untracked 
| 247|0x000000071ee00000, 0x000000071ee00000, 0x000000071f000000|  0%| F|  |TAMS 0x000000071ee00000, 0x000000071ee00000| Untracked 
| 248|0x000000071f000000, 0x000000071f000000, 0x000000071f200000|  0%| F|  |TAMS 0x000000071f000000, 0x000000071f000000| Untracked 
| 249|0x000000071f200000, 0x000000071f200000, 0x000000071f400000|  0%| F|  |TAMS 0x000000071f200000, 0x000000071f200000| Untracked 
| 250|0x000000071f400000, 0x000000071f400000, 0x000000071f600000|  0%| F|  |TAMS 0x000000071f400000, 0x000000071f400000| Untracked 
| 251|0x000000071f600000, 0x000000071f600000, 0x000000071f800000|  0%| F|  |TAMS 0x000000071f600000, 0x000000071f600000| Untracked 
| 252|0x000000071f800000, 0x000000071f800000, 0x000000071fa00000|  0%| F|  |TAMS 0x000000071f800000, 0x000000071f800000| Untracked 
| 253|0x000000071fa00000, 0x000000071fa00000, 0x000000071fc00000|  0%| F|  |TAMS 0x000000071fa00000, 0x000000071fa00000| Untracked 
| 254|0x000000071fc00000, 0x000000071fc00000, 0x000000071fe00000|  0%| F|  |TAMS 0x000000071fc00000, 0x000000071fc00000| Untracked 
| 255|0x000000071fe00000, 0x000000071fe00000, 0x0000000720000000|  0%| F|  |TAMS 0x000000071fe00000, 0x000000071fe00000| Untracked 

Card table byte_map: [0x00000243fd110000,0x00000243fd910000] _byte_map_base: 0x00000243f9910000

Marking Bits (Prev, Next): (CMBitMap*) 0x00000243f490ba10, (CMBitMap*) 0x00000243f490ba50
 Prev Bits: [0x000002438f000000, 0x0000024393000000)
 Next Bits: [0x0000024393000000, 0x0000024397000000)

Polling page: 0x00000243f4050000

Metaspace:

Usage:
  Non-class:    103.58 MB used.
      Class:     16.79 MB used.
       Both:    120.37 MB used.

Virtual space:
  Non-class space:      128.00 MB reserved,     104.56 MB ( 82%) committed,  2 nodes.
      Class space:        1.00 GB reserved,      17.62 MB (  2%) committed,  1 nodes.
             Both:        1.12 GB reserved,     122.19 MB ( 11%) committed. 

Chunk freelists:
   Non-Class:  7.13 MB
       Class:  14.39 MB
        Both:  21.51 MB

MaxMetaspaceSize: unlimited
CompressedClassSpaceSize: 1.00 GB
Initial GC threshold: 21.00 MB
Current GC threshold: 128.38 MB
CDS: on
MetaspaceReclaimPolicy: balanced
 - commit_granule_bytes: 65536.
 - commit_granule_words: 8192.
 - virtual_space_node_default_size: 8388608.
 - enlarge_chunks_in_place: 1.
 - new_chunks_are_fully_committed: 0.
 - uncommit_free_chunks: 1.
 - use_allocation_guard: 0.
 - handle_deallocations: 1.


Internal statistics:

num_allocs_failed_limit: 6.
num_arena_births: 2822.
num_arena_deaths: 0.
num_vsnodes_births: 3.
num_vsnodes_deaths: 0.
num_space_committed: 1955.
num_space_uncommitted: 0.
num_chunks_returned_to_freelist: 6.
num_chunks_taken_from_freelist: 8680.
num_chunk_merges: 6.
num_chunk_splits: 5388.
num_chunks_enlarged: 3071.
num_inconsistent_stats: 0.

CodeHeap 'non-profiled nmethods': size=120000Kb used=18600Kb max_used=18600Kb free=101399Kb
 bounds [0x0000024387ad0000, 0x0000024388d00000, 0x000002438f000000]
CodeHeap 'profiled nmethods': size=120000Kb used=35009Kb max_used=35187Kb free=84990Kb
 bounds [0x0000024380000000, 0x00000243822a0000, 0x0000024387530000]
CodeHeap 'non-nmethods': size=5760Kb used=2429Kb max_used=2534Kb free=3330Kb
 bounds [0x0000024387530000, 0x00000243877c0000, 0x0000024387ad0000]
 total_blobs=19155 nmethods=18195 adapters=871
 compilation: enabled
              stopped_count=0, restarted_count=0
 full_count=0

Compilation events (20 events):
Event: 59.154 Thread 0x00000243fede2a00 22020       3       org.gradle.api.internal.artifacts.DefaultDependencyManagementServices$DependencyResolutionScopeServices::<init> (10 bytes)
Event: 59.154 Thread 0x00000243fede2a00 nmethod 22020 0x00000243818c9f90 code [0x00000243818ca120, 0x00000243818ca2d8]
Event: 59.154 Thread 0x00000243fede2a00 22021       3       org.gradle.api.internal.artifacts.DefaultDependencyManagementServices$DependencyResolutionScopeServices::configure (25 bytes)
Event: 59.155 Thread 0x00000243fede2a00 nmethod 22021 0x0000024381076290 code [0x0000024381076460, 0x0000024381076728]
Event: 59.156 Thread 0x00000243fede2a00 22022       3       org.gradle.api.internal.artifacts.DefaultDependencyManagementServices$DependencyResolutionScopeServices::createDefaultUrlArtifactRepositoryFactory (9 bytes)
Event: 59.156 Thread 0x00000243fede2a00 nmethod 22022 0x0000024381db0010 code [0x0000024381db01c0, 0x0000024381db0438]
Event: 59.156 Thread 0x00000243fede2a00 22023       3       org.gradle.api.internal.artifacts.repositories.DefaultUrlArtifactRepository$Factory::<init> (10 bytes)
Event: 59.156 Thread 0x00000243fede2a00 nmethod 22023 0x0000024381062b90 code [0x0000024381062d20, 0x0000024381062ed8]
Event: 59.156 Thread 0x00000243fede2a00 22024       3       org.gradle.api.internal.artifacts.DefaultDependencyManagementServices$DependencyResolutionScopeServices::createBaseRepositoryFactory (81 bytes)
Event: 59.157 Thread 0x00000243fede2a00 nmethod 22024 0x00000243816cb510 code [0x00000243816cb740, 0x00000243816cc3a8]
Event: 59.159 Thread 0x00000243fede2a00 22025       3       org.gradle.api.internal.initialization.ClassLoaderScopeIdentifier::localId (10 bytes)
Event: 59.159 Thread 0x00000243fede2a00 nmethod 22025 0x00000243816caf90 code [0x00000243816cb140, 0x00000243816cb3d8]
Event: 59.182 Thread 0x00000243e2bc87f0 22026       4       org.gradle.internal.component.external.descriptor.DefaultExclude::hashCode (73 bytes)
Event: 59.182 Thread 0x00000243fedd63a0 22027       4       java.io.FileCleanable::register (49 bytes)
Event: 59.183 Thread 0x00000243e2bc87f0 nmethod 22026 0x0000024388cf8610 code [0x0000024388cf87a0, 0x0000024388cf88f8]
Event: 59.183 Thread 0x00000243e2bc87f0 22028       4       org.gradle.api.internal.artifacts.ivyservice.resolveengine.excludes.simple.DefaultModuleIdExclude::hashCode (8 bytes)
Event: 59.183 Thread 0x00000243e2bc87f0 nmethod 22028 0x0000024388cf8a10 code [0x0000024388cf8b80, 0x0000024388cf8c38]
Event: 59.184 Thread 0x00000243fedd63a0 nmethod 22027 0x0000024388cf8d10 code [0x0000024388cf8ea0, 0x0000024388cf9248]
Event: 59.190 Thread 0x00000243fedd63a0 22029       4       org.gradle.cache.internal.btree.CachingBlockStore::maybeCache (23 bytes)
Event: 59.198 Thread 0x00000243fedd63a0 nmethod 22029 0x0000024388cf9410 code [0x0000024388cf9600, 0x0000024388cf9c40]

GC Heap History (20 events):
Event: 52.289 GC heap after
{Heap after GC invocations=82 (full 0):
 garbage-first heap   total 524288K, used 359903K [0x0000000700000000, 0x0000000800000000)
  region size 2048K, 5 young (10240K), 5 survivors (10240K)
 Metaspace       used 121800K, committed 123328K, reserved 1179648K
  class space    used 17011K, committed 17728K, reserved 1048576K
}
Event: 52.843 GC heap before
{Heap before GC invocations=82 (full 0):
 garbage-first heap   total 524288K, used 429535K [0x0000000700000000, 0x0000000800000000)
  region size 2048K, 40 young (81920K), 5 survivors (10240K)
 Metaspace       used 121898K, committed 123456K, reserved 1179648K
  class space    used 17011K, committed 17728K, reserved 1048576K
}
Event: 52.854 GC heap after
{Heap after GC invocations=83 (full 0):
 garbage-first heap   total 524288K, used 370845K [0x0000000700000000, 0x0000000800000000)
  region size 2048K, 5 young (10240K), 5 survivors (10240K)
 Metaspace       used 121898K, committed 123456K, reserved 1179648K
  class space    used 17011K, committed 17728K, reserved 1048576K
}
Event: 53.465 GC heap before
{Heap before GC invocations=83 (full 0):
 garbage-first heap   total 524288K, used 436381K [0x0000000700000000, 0x0000000800000000)
  region size 2048K, 37 young (75776K), 5 survivors (10240K)
 Metaspace       used 122051K, committed 123648K, reserved 1179648K
  class space    used 17023K, committed 17728K, reserved 1048576K
}
Event: 53.478 GC heap after
{Heap after GC invocations=84 (full 0):
 garbage-first heap   total 524288K, used 386241K [0x0000000700000000, 0x0000000800000000)
  region size 2048K, 5 young (10240K), 5 survivors (10240K)
 Metaspace       used 122051K, committed 123648K, reserved 1179648K
  class space    used 17023K, committed 17728K, reserved 1048576K
}
Event: 55.705 GC heap before
{Heap before GC invocations=84 (full 0):
 garbage-first heap   total 524288K, used 439489K [0x0000000700000000, 0x0000000800000000)
  region size 2048K, 31 young (63488K), 5 survivors (10240K)
 Metaspace       used 122163K, committed 123712K, reserved 1179648K
  class space    used 17024K, committed 17728K, reserved 1048576K
}
Event: 55.712 GC heap after
{Heap after GC invocations=85 (full 0):
 garbage-first heap   total 524288K, used 393441K [0x0000000700000000, 0x0000000800000000)
  region size 2048K, 4 young (8192K), 4 survivors (8192K)
 Metaspace       used 122163K, committed 123712K, reserved 1179648K
  class space    used 17024K, committed 17728K, reserved 1048576K
}
Event: 55.998 GC heap before
{Heap before GC invocations=85 (full 0):
 garbage-first heap   total 524288K, used 442593K [0x0000000700000000, 0x0000000800000000)
  region size 2048K, 29 young (59392K), 4 survivors (8192K)
 Metaspace       used 122425K, committed 124032K, reserved 1179648K
  class space    used 17062K, committed 17792K, reserved 1048576K
}
Event: 56.004 GC heap after
{Heap after GC invocations=86 (full 0):
 garbage-first heap   total 524288K, used 399637K [0x0000000700000000, 0x0000000800000000)
  region size 2048K, 4 young (8192K), 4 survivors (8192K)
 Metaspace       used 122425K, committed 124032K, reserved 1179648K
  class space    used 17062K, committed 17792K, reserved 1048576K
}
Event: 56.403 GC heap before
{Heap before GC invocations=86 (full 0):
 garbage-first heap   total 524288K, used 444693K [0x0000000700000000, 0x0000000800000000)
  region size 2048K, 27 young (55296K), 4 survivors (8192K)
 Metaspace       used 122509K, committed 124096K, reserved 1179648K
  class space    used 17062K, committed 17792K, reserved 1048576K
}
Event: 56.409 GC heap after
{Heap after GC invocations=87 (full 0):
 garbage-first heap   total 524288K, used 408395K [0x0000000700000000, 0x0000000800000000)
  region size 2048K, 4 young (8192K), 4 survivors (8192K)
 Metaspace       used 122509K, committed 124096K, reserved 1179648K
  class space    used 17062K, committed 17792K, reserved 1048576K
}
Event: 56.542 GC heap before
{Heap before GC invocations=87 (full 0):
 garbage-first heap   total 524288K, used 449355K [0x0000000700000000, 0x0000000800000000)
  region size 2048K, 24 young (49152K), 4 survivors (8192K)
 Metaspace       used 122532K, committed 124096K, reserved 1179648K
  class space    used 17062K, committed 17792K, reserved 1048576K
}
Event: 56.549 GC heap after
{Heap after GC invocations=88 (full 0):
 garbage-first heap   total 524288K, used 418572K [0x0000000700000000, 0x0000000800000000)
  region size 2048K, 3 young (6144K), 3 survivors (6144K)
 Metaspace       used 122532K, committed 124096K, reserved 1179648K
  class space    used 17062K, committed 17792K, reserved 1048576K
}
Event: 56.689 GC heap before
{Heap before GC invocations=88 (full 0):
 garbage-first heap   total 524288K, used 449292K [0x0000000700000000, 0x0000000800000000)
  region size 2048K, 18 young (36864K), 3 survivors (6144K)
 Metaspace       used 122560K, committed 124160K, reserved 1179648K
  class space    used 17062K, committed 17792K, reserved 1048576K
}
Event: 56.695 GC heap after
{Heap after GC invocations=89 (full 0):
 garbage-first heap   total 524288K, used 425333K [0x0000000700000000, 0x0000000800000000)
  region size 2048K, 3 young (6144K), 3 survivors (6144K)
 Metaspace       used 122560K, committed 124160K, reserved 1179648K
  class space    used 17062K, committed 17792K, reserved 1048576K
}
Event: 58.522 GC heap before
{Heap before GC invocations=89 (full 0):
 garbage-first heap   total 524288K, used 454005K [0x0000000700000000, 0x0000000800000000)
  region size 2048K, 17 young (34816K), 3 survivors (6144K)
 Metaspace       used 122936K, committed 124736K, reserved 1179648K
  class space    used 17140K, committed 17984K, reserved 1048576K
}
Event: 58.527 GC heap after
{Heap after GC invocations=90 (full 0):
 garbage-first heap   total 524288K, used 430156K [0x0000000700000000, 0x0000000800000000)
  region size 2048K, 3 young (6144K), 3 survivors (6144K)
 Metaspace       used 122936K, committed 124736K, reserved 1179648K
  class space    used 17140K, committed 17984K, reserved 1048576K
}
Event: 58.735 GC heap before
{Heap before GC invocations=90 (full 0):
 garbage-first heap   total 524288K, used 454732K [0x0000000700000000, 0x0000000800000000)
  region size 2048K, 15 young (30720K), 3 survivors (6144K)
 Metaspace       used 123044K, committed 124864K, reserved 1179648K
  class space    used 17154K, committed 17984K, reserved 1048576K
}
Event: 58.739 GC heap after
{Heap after GC invocations=91 (full 0):
 garbage-first heap   total 524288K, used 433954K [0x0000000700000000, 0x0000000800000000)
  region size 2048K, 2 young (4096K), 2 survivors (4096K)
 Metaspace       used 123044K, committed 124864K, reserved 1179648K
  class space    used 17154K, committed 17984K, reserved 1048576K
}
Event: 59.206 GC heap before
{Heap before GC invocations=91 (full 0):
 garbage-first heap   total 524288K, used 458530K [0x0000000700000000, 0x0000000800000000)
  region size 2048K, 14 young (28672K), 2 survivors (4096K)
 Metaspace       used 123262K, committed 125120K, reserved 1179648K
  class space    used 17191K, committed 18048K, reserved 1048576K
}

Dll operation events (15 events):
Event: 0.014 Loaded shared library C:\Program Files\Microsoft\jdk-17.0.12.7-hotspot\bin\java.dll
Event: 0.047 Loaded shared library C:\Program Files\Microsoft\jdk-17.0.12.7-hotspot\bin\jsvml.dll
Event: 0.088 Loaded shared library C:\Program Files\Microsoft\jdk-17.0.12.7-hotspot\bin\zip.dll
Event: 0.089 Loaded shared library C:\Program Files\Microsoft\jdk-17.0.12.7-hotspot\bin\instrument.dll
Event: 0.093 Loaded shared library C:\Program Files\Microsoft\jdk-17.0.12.7-hotspot\bin\net.dll
Event: 0.094 Loaded shared library C:\Program Files\Microsoft\jdk-17.0.12.7-hotspot\bin\nio.dll
Event: 0.097 Loaded shared library C:\Program Files\Microsoft\jdk-17.0.12.7-hotspot\bin\zip.dll
Event: 0.250 Loaded shared library C:\Program Files\Microsoft\jdk-17.0.12.7-hotspot\bin\jimage.dll
Event: 0.299 Loaded shared library C:\Program Files\Microsoft\jdk-17.0.12.7-hotspot\bin\verify.dll
Event: 0.421 Loaded shared library C:\Users\Admin\.gradle\native\68d5fa5c4cc2d200863cafc0d521ce42e7d3e7ee720ec0a83991735586a16f82\windows-amd64\native-platform.dll
Event: 0.694 Loaded shared library C:\Users\Admin\.gradle\native\e376f236ea51e6404a007f0833ffe2c6e607c4080706a723a18a27aeea778392\windows-amd64\native-platform-file-events.dll
Event: 1.374 Loaded shared library C:\Program Files\Microsoft\jdk-17.0.12.7-hotspot\bin\management.dll
Event: 1.377 Loaded shared library C:\Program Files\Microsoft\jdk-17.0.12.7-hotspot\bin\management_ext.dll
Event: 1.583 Loaded shared library C:\Program Files\Microsoft\jdk-17.0.12.7-hotspot\bin\extnet.dll
Event: 1.757 Loaded shared library C:\Program Files\Microsoft\jdk-17.0.12.7-hotspot\bin\sunmscapi.dll

Deoptimization events (20 events):
Event: 52.748 Thread 0x00000243e37da180 DEOPT PACKING pc=0x0000024388764674 sp=0x000000e6258fe110
Event: 52.748 Thread 0x00000243e37da180 DEOPT UNPACKING pc=0x00000243875869a3 sp=0x000000e6258fdf40 mode 2
Event: 52.997 Thread 0x00000243df700460 DEOPT PACKING pc=0x00000243807e0dbe sp=0x000000e61e2f9a20
Event: 52.997 Thread 0x00000243df700460 DEOPT UNPACKING pc=0x0000024387587143 sp=0x000000e61e2f8fa8 mode 0
Event: 53.190 Thread 0x00000243e49ebc30 Uncommon trap: trap_request=0xffffff76 fr.pc=0x00000243887a0de0 relative=0x0000000000000b60
Event: 53.191 Thread 0x00000243e49ebc30 Uncommon trap: reason=predicate action=maybe_recompile pc=0x00000243887a0de0 method=org.gradle.api.internal.artifacts.ivyservice.resolveengine.graph.selectors.SelectorStateResolverResults.alreadyHaveResolutionForSelector(Lorg/gradle/api/internal/artifacts
Event: 53.191 Thread 0x00000243e49ebc30 DEOPT PACKING pc=0x00000243887a0de0 sp=0x000000e6206f9450
Event: 53.191 Thread 0x00000243e49ebc30 DEOPT UNPACKING pc=0x00000243875869a3 sp=0x000000e6206f9410 mode 2
Event: 53.192 Thread 0x00000243e49ebc30 Uncommon trap: trap_request=0xffffff45 fr.pc=0x00000243887c16e0 relative=0x00000000000027c0
Event: 53.192 Thread 0x00000243e49ebc30 Uncommon trap: reason=unstable_if action=reinterpret pc=0x00000243887c16e0 method=org.gradle.api.internal.artifacts.ivyservice.resolveengine.graph.selectors.SelectorStateResolverResults.replaceExistingResolutionsWithBetterResult(Lorg/gradle/internal/resol
Event: 53.192 Thread 0x00000243e49ebc30 DEOPT PACKING pc=0x00000243887c16e0 sp=0x000000e6206f94e0
Event: 53.192 Thread 0x00000243e49ebc30 DEOPT UNPACKING pc=0x00000243875869a3 sp=0x000000e6206f94a8 mode 2
Event: 55.856 Thread 0x00000243df700460 DEOPT PACKING pc=0x000002438156d7d0 sp=0x000000e61e2f28a0
Event: 55.856 Thread 0x00000243df700460 DEOPT UNPACKING pc=0x0000024387587143 sp=0x000000e61e2f1d70 mode 0
Event: 55.880 Thread 0x00000243df700460 DEOPT PACKING pc=0x000002438112705b sp=0x000000e61e2f3ed0
Event: 55.880 Thread 0x00000243df700460 DEOPT UNPACKING pc=0x0000024387587143 sp=0x000000e61e2f3368 mode 0
Event: 58.460 Thread 0x00000243df700460 DEOPT PACKING pc=0x0000024380deadc7 sp=0x000000e61e2f7bf0
Event: 58.460 Thread 0x00000243df700460 DEOPT UNPACKING pc=0x0000024387587143 sp=0x000000e61e2f70b0 mode 0
Event: 58.765 Thread 0x00000243df700460 DEOPT PACKING pc=0x0000024381ec3b62 sp=0x000000e61e2f9d60
Event: 58.765 Thread 0x00000243df700460 DEOPT UNPACKING pc=0x0000024387587143 sp=0x000000e61e2f9200 mode 0

Classes loaded (20 events):
Event: 27.330 Loading class java/util/zip/ZipOutputStream
Event: 27.331 Loading class java/util/zip/ZipOutputStream done
Event: 28.632 Loading class java/io/SerialCallbackContext
Event: 28.632 Loading class java/io/SerialCallbackContext done
Event: 28.633 Loading class java/io/ObjectStreamClass$ExceptionInfo
Event: 28.633 Loading class java/io/ObjectStreamClass$ExceptionInfo done
Event: 28.635 Loading class java/util/HashMap$UnsafeHolder
Event: 28.635 Loading class java/util/HashMap$UnsafeHolder done
Event: 28.770 Loading class java/util/Locale$1
Event: 28.770 Loading class java/util/Locale$1 done
Event: 29.845 Loading class jdk/internal/math/FormattedFloatingDecimal$Form
Event: 29.845 Loading class jdk/internal/math/FormattedFloatingDecimal$Form done
Event: 29.845 Loading class jdk/internal/math/FormattedFloatingDecimal
Event: 29.845 Loading class jdk/internal/math/FormattedFloatingDecimal done
Event: 29.845 Loading class jdk/internal/math/FormattedFloatingDecimal$1
Event: 29.845 Loading class jdk/internal/math/FormattedFloatingDecimal$1 done
Event: 29.845 Loading class jdk/internal/math/FormattedFloatingDecimal$2
Event: 29.845 Loading class jdk/internal/math/FormattedFloatingDecimal$2 done
Event: 39.511 Loading class jdk/internal/misc/ScopedMemoryAccess$Scope$Handle
Event: 39.511 Loading class jdk/internal/misc/ScopedMemoryAccess$Scope$Handle done

Classes unloaded (0 events):
No events

Classes redefined (0 events):
No events

Internal exceptions (20 events):
Event: 58.440 Thread 0x00000243df700460 Exception <a 'sun/nio/fs/WindowsException'{0x000000071ea17258}> (0x000000071ea17258) 
thrown [s\src\hotspot\share\prims\jni.cpp, line 516]
Event: 58.440 Thread 0x00000243df700460 Exception <a 'sun/nio/fs/WindowsException'{0x000000071ea18708}> (0x000000071ea18708) 
thrown [s\src\hotspot\share\prims\jni.cpp, line 516]
Event: 58.441 Thread 0x00000243df700460 Exception <a 'sun/nio/fs/WindowsException'{0x000000071ea19bb8}> (0x000000071ea19bb8) 
thrown [s\src\hotspot\share\prims\jni.cpp, line 516]
Event: 58.441 Thread 0x00000243df700460 Exception <a 'sun/nio/fs/WindowsException'{0x000000071ea1b048}> (0x000000071ea1b048) 
thrown [s\src\hotspot\share\prims\jni.cpp, line 516]
Event: 58.475 Thread 0x00000243df700460 Exception <a 'sun/nio/fs/WindowsException'{0x000000071e8671c8}> (0x000000071e8671c8) 
thrown [s\src\hotspot\share\prims\jni.cpp, line 516]
Event: 58.475 Thread 0x00000243df700460 Exception <a 'sun/nio/fs/WindowsException'{0x000000071e868e70}> (0x000000071e868e70) 
thrown [s\src\hotspot\share\prims\jni.cpp, line 516]
Event: 58.475 Thread 0x00000243df700460 Exception <a 'sun/nio/fs/WindowsException'{0x000000071e86ab18}> (0x000000071e86ab18) 
thrown [s\src\hotspot\share\prims\jni.cpp, line 516]
Event: 58.476 Thread 0x00000243df700460 Exception <a 'sun/nio/fs/WindowsException'{0x000000071e86c7a0}> (0x000000071e86c7a0) 
thrown [s\src\hotspot\share\prims\jni.cpp, line 516]
Event: 58.607 Thread 0x00000243eb0d3010 Exception <a 'sun/nio/fs/WindowsException'{0x000000071f6f1288}> (0x000000071f6f1288) 
thrown [s\src\hotspot\share\prims\jni.cpp, line 516]
Event: 58.608 Thread 0x00000243eb0d3010 Exception <a 'sun/nio/fs/WindowsException'{0x000000071f711f70}> (0x000000071f711f70) 
thrown [s\src\hotspot\share\prims\jni.cpp, line 516]
Event: 58.608 Thread 0x00000243eb0d3010 Exception <a 'sun/nio/fs/WindowsException'{0x000000071f71af98}> (0x000000071f71af98) 
thrown [s\src\hotspot\share\prims\jni.cpp, line 516]
Event: 58.608 Thread 0x00000243eb0d3010 Exception <a 'sun/nio/fs/WindowsException'{0x000000071f71ce98}> (0x000000071f71ce98) 
thrown [s\src\hotspot\share\prims\jni.cpp, line 516]
Event: 58.614 Thread 0x00000243eb0d3010 Exception <a 'sun/nio/fs/WindowsException'{0x000000071f750d70}> (0x000000071f750d70) 
thrown [s\src\hotspot\share\prims\jni.cpp, line 516]
Event: 58.619 Thread 0x00000243eb0d3010 Exception <a 'sun/nio/fs/WindowsException'{0x000000071f79d6c0}> (0x000000071f79d6c0) 
thrown [s\src\hotspot\share\prims\jni.cpp, line 516]
Event: 58.619 Thread 0x00000243eb0d3010 Exception <a 'sun/nio/fs/WindowsException'{0x000000071f79d9c0}> (0x000000071f79d9c0) 
thrown [s\src\hotspot\share\prims\jni.cpp, line 516]
Event: 58.651 Thread 0x00000243df700460 Exception <a 'sun/nio/fs/WindowsException'{0x000000071f660280}> (0x000000071f660280) 
thrown [s\src\hotspot\share\prims\jni.cpp, line 516]
Event: 58.651 Thread 0x00000243df700460 Exception <a 'sun/nio/fs/WindowsException'{0x000000071f660620}> (0x000000071f660620) 
thrown [s\src\hotspot\share\prims\jni.cpp, line 516]
Event: 58.928 Thread 0x00000243df700460 Exception <a 'sun/nio/fs/WindowsException'{0x000000071f532f68}> (0x000000071f532f68) 
thrown [s\src\hotspot\share\prims\jni.cpp, line 516]
Event: 59.161 Thread 0x00000243df700460 Exception <a 'sun/nio/fs/WindowsException'{0x000000071f149bc0}> (0x000000071f149bc0) 
thrown [s\src\hotspot\share\prims\jni.cpp, line 516]
Event: 59.161 Thread 0x00000243df700460 Exception <a 'sun/nio/fs/WindowsException'{0x000000071f149f60}> (0x000000071f149f60) 
thrown [s\src\hotspot\share\prims\jni.cpp, line 516]

VM Operations (20 events):
Event: 54.480 Executing VM operation: Cleanup done
Event: 55.492 Executing VM operation: Cleanup
Event: 55.492 Executing VM operation: Cleanup done
Event: 55.705 Executing VM operation: G1CollectForAllocation
Event: 55.712 Executing VM operation: G1CollectForAllocation done
Event: 55.998 Executing VM operation: G1CollectForAllocation
Event: 56.004 Executing VM operation: G1CollectForAllocation done
Event: 56.402 Executing VM operation: G1CollectForAllocation
Event: 56.409 Executing VM operation: G1CollectForAllocation done
Event: 56.542 Executing VM operation: G1CollectForAllocation
Event: 56.549 Executing VM operation: G1CollectForAllocation done
Event: 56.689 Executing VM operation: G1CollectForAllocation
Event: 56.695 Executing VM operation: G1CollectForAllocation done
Event: 57.703 Executing VM operation: Cleanup
Event: 57.703 Executing VM operation: Cleanup done
Event: 58.522 Executing VM operation: G1CollectForAllocation
Event: 58.527 Executing VM operation: G1CollectForAllocation done
Event: 58.735 Executing VM operation: G1CollectForAllocation
Event: 58.740 Executing VM operation: G1CollectForAllocation done
Event: 59.206 Executing VM operation: G1CollectForAllocation

Events (20 events):
Event: 58.720 Thread 0x00000243e49e9dd0 Thread added: 0x00000243e49e9dd0
Event: 58.721 Thread 0x00000243e49ed580 Thread added: 0x00000243e49ed580
Event: 58.721 Thread 0x00000243e49ea2e0 Thread added: 0x00000243e49ea2e0
Event: 58.721 Thread 0x00000243e49eda90 Thread added: 0x00000243e49eda90
Event: 58.721 Thread 0x00000243e49e7550 Thread added: 0x00000243e49e7550
Event: 58.721 Thread 0x00000243e49e8ea0 Thread added: 0x00000243e49e8ea0
Event: 58.721 Thread 0x00000243e49ee4b0 Thread added: 0x00000243e49ee4b0
Event: 58.822 Thread 0x00000243e49ead00 Thread added: 0x00000243e49ead00
Event: 58.957 Thread 0x00000243e49ec140 Thread added: 0x00000243e49ec140
Event: 59.189 Thread 0x00000243e49e93b0 Thread added: 0x00000243e49e93b0
Event: 59.189 Thread 0x00000243e49ec650 Thread added: 0x00000243e49ec650
Event: 59.189 Thread 0x00000243e49ee9c0 Thread added: 0x00000243e49ee9c0
Event: 59.189 Thread 0x00000243e49ea7f0 Thread added: 0x00000243e49ea7f0
Event: 59.190 Thread 0x00000243e49eb210 Thread added: 0x00000243e49eb210
Event: 59.190 Thread 0x00000243e49eb720 Thread added: 0x00000243e49eb720
Event: 59.190 Thread 0x00000243e49ecb60 Thread added: 0x00000243e49ecb60
Event: 59.190 Thread 0x00000243e49ed070 Thread added: 0x00000243e49ed070
Event: 59.190 Thread 0x00000243e295f6f0 Thread added: 0x00000243e295f6f0
Event: 59.190 Thread 0x00000243e295fc00 Thread added: 0x00000243e295fc00
Event: 59.191 Thread 0x00000243e295d380 Thread added: 0x00000243e295d380


Dynamic libraries:
0x00007ff7af330000 - 0x00007ff7af33e000 	C:\Program Files\Microsoft\jdk-17.0.12.7-hotspot\bin\java.exe
0x00007ffea68b0000 - 0x00007ffea6ac7000 	C:\Windows\SYSTEM32\ntdll.dll
0x00007ffea5980000 - 0x00007ffea5a44000 	C:\Windows\System32\KERNEL32.DLL
0x00007ffea3bc0000 - 0x00007ffea3f77000 	C:\Windows\System32\KERNELBASE.dll
0x00007ffea4190000 - 0x00007ffea42a1000 	C:\Windows\System32\ucrtbase.dll
0x00007ffe7eec0000 - 0x00007ffe7eed7000 	C:\Program Files\Microsoft\jdk-17.0.12.7-hotspot\bin\jli.dll
0x00007ffe99b90000 - 0x00007ffe99bad000 	C:\Program Files\Microsoft\jdk-17.0.12.7-hotspot\bin\VCRUNTIME140.dll
0x00007ffea5a50000 - 0x00007ffea5bff000 	C:\Windows\System32\USER32.dll
0x00007ffea4540000 - 0x00007ffea4566000 	C:\Windows\System32\win32u.dll
0x00007ffea5ed0000 - 0x00007ffea5ef9000 	C:\Windows\System32\GDI32.dll
0x00007ffe89340000 - 0x00007ffe895d3000 	C:\Windows\WinSxS\amd64_microsoft.windows.common-controls_6595b64144ccf1df_6.0.22621.3672_none_2713b9d173822955\COMCTL32.dll
0x00007ffea4360000 - 0x00007ffea4478000 	C:\Windows\System32\gdi32full.dll
0x00007ffea40f0000 - 0x00007ffea418a000 	C:\Windows\System32\msvcp_win.dll
0x00007ffea5ce0000 - 0x00007ffea5d87000 	C:\Windows\System32\msvcrt.dll
0x00007ffea5150000 - 0x00007ffea5181000 	C:\Windows\System32\IMM32.DLL
0x00007ffea0c30000 - 0x00007ffea0c3c000 	C:\Program Files\Microsoft\jdk-17.0.12.7-hotspot\bin\vcruntime140_1.dll
0x00007ffe7ee30000 - 0x00007ffe7eebd000 	C:\Program Files\Microsoft\jdk-17.0.12.7-hotspot\bin\msvcp140.dll
0x00007ffe03c50000 - 0x00007ffe048c0000 	C:\Program Files\Microsoft\jdk-17.0.12.7-hotspot\bin\server\jvm.dll
0x00007ffea4690000 - 0x00007ffea4742000 	C:\Windows\System32\ADVAPI32.dll
0x00007ffea5d90000 - 0x00007ffea5e38000 	C:\Windows\System32\sechost.dll
0x00007ffea42b0000 - 0x00007ffea42d8000 	C:\Windows\System32\bcrypt.dll
0x00007ffea55f0000 - 0x00007ffea5704000 	C:\Windows\System32\RPCRT4.dll
0x00007ffea4750000 - 0x00007ffea47c1000 	C:\Windows\System32\WS2_32.dll
0x00007ffea3a90000 - 0x00007ffea3add000 	C:\Windows\SYSTEM32\POWRPROF.dll
0x00007ffe9c460000 - 0x00007ffe9c494000 	C:\Windows\SYSTEM32\WINMM.dll
0x00007ffe97f20000 - 0x00007ffe97f2a000 	C:\Windows\SYSTEM32\VERSION.dll
0x00007ffea3a70000 - 0x00007ffea3a83000 	C:\Windows\SYSTEM32\UMPDC.dll
0x00007ffea2b70000 - 0x00007ffea2b88000 	C:\Windows\SYSTEM32\kernel.appcore.dll
0x00007ffea0420000 - 0x00007ffea042a000 	C:\Program Files\Microsoft\jdk-17.0.12.7-hotspot\bin\jimage.dll
0x00007ffe96f20000 - 0x00007ffe97152000 	C:\Windows\SYSTEM32\DBGHELP.DLL
0x00007ffea47d0000 - 0x00007ffea4b5e000 	C:\Windows\System32\combase.dll
0x00007ffea5c00000 - 0x00007ffea5cd7000 	C:\Windows\System32\OLEAUT32.dll
0x00007ffe91d70000 - 0x00007ffe91da2000 	C:\Windows\SYSTEM32\dbgcore.DLL
0x00007ffea42e0000 - 0x00007ffea435b000 	C:\Windows\System32\bcryptPrimitives.dll
0x00007ffe89630000 - 0x00007ffe8963e000 	C:\Program Files\Microsoft\jdk-17.0.12.7-hotspot\bin\instrument.dll
0x00007ffe7ee00000 - 0x00007ffe7ee25000 	C:\Program Files\Microsoft\jdk-17.0.12.7-hotspot\bin\java.dll
0x00007ffe6d620000 - 0x00007ffe6d6f7000 	C:\Program Files\Microsoft\jdk-17.0.12.7-hotspot\bin\jsvml.dll
0x00007ffea6000000 - 0x00007ffea6869000 	C:\Windows\System32\SHELL32.dll
0x00007ffea1ae0000 - 0x00007ffea23df000 	C:\Windows\SYSTEM32\windows.storage.dll
0x00007ffea19a0000 - 0x00007ffea1adf000 	C:\Windows\SYSTEM32\wintypes.dll
0x00007ffea5f00000 - 0x00007ffea5ff9000 	C:\Windows\System32\SHCORE.dll
0x00007ffea5360000 - 0x00007ffea53be000 	C:\Windows\System32\shlwapi.dll
0x00007ffea3af0000 - 0x00007ffea3b17000 	C:\Windows\SYSTEM32\profapi.dll
0x00007ffe7ede0000 - 0x00007ffe7edf8000 	C:\Program Files\Microsoft\jdk-17.0.12.7-hotspot\bin\zip.dll
0x00007ffe7be90000 - 0x00007ffe7beaa000 	C:\Program Files\Microsoft\jdk-17.0.12.7-hotspot\bin\net.dll
0x00007ffe9c7a0000 - 0x00007ffe9c8d6000 	C:\Windows\SYSTEM32\WINHTTP.dll
0x00007ffea3030000 - 0x00007ffea3099000 	C:\Windows\system32\mswsock.dll
0x00007ffe778b0000 - 0x00007ffe778c6000 	C:\Program Files\Microsoft\jdk-17.0.12.7-hotspot\bin\nio.dll
0x00007ffe82b40000 - 0x00007ffe82b50000 	C:\Program Files\Microsoft\jdk-17.0.12.7-hotspot\bin\verify.dll
0x00007ffea0c40000 - 0x00007ffea0c67000 	C:\Users\Admin\.gradle\native\68d5fa5c4cc2d200863cafc0d521ce42e7d3e7ee720ec0a83991735586a16f82\windows-amd64\native-platform.dll
0x00007ffe50440000 - 0x00007ffe50584000 	C:\Users\Admin\.gradle\native\e376f236ea51e6404a007f0833ffe2c6e607c4080706a723a18a27aeea778392\windows-amd64\native-platform-file-events.dll
0x00007ffe7be80000 - 0x00007ffe7be8a000 	C:\Program Files\Microsoft\jdk-17.0.12.7-hotspot\bin\management.dll
0x00007ffe79b90000 - 0x00007ffe79b9b000 	C:\Program Files\Microsoft\jdk-17.0.12.7-hotspot\bin\management_ext.dll
0x00007ffea5190000 - 0x00007ffea5198000 	C:\Windows\System32\PSAPI.DLL
0x00007ffea3380000 - 0x00007ffea339b000 	C:\Windows\SYSTEM32\CRYPTSP.dll
0x00007ffea2b30000 - 0x00007ffea2b65000 	C:\Windows\system32\rsaenh.dll
0x00007ffea30d0000 - 0x00007ffea30f8000 	C:\Windows\SYSTEM32\USERENV.dll
0x00007ffea3360000 - 0x00007ffea336c000 	C:\Windows\SYSTEM32\CRYPTBASE.dll
0x00007ffea2640000 - 0x00007ffea266d000 	C:\Windows\SYSTEM32\IPHLPAPI.DLL
0x00007ffea51a0000 - 0x00007ffea51a9000 	C:\Windows\System32\NSI.dll
0x00007ffe9cb10000 - 0x00007ffe9cb29000 	C:\Windows\SYSTEM32\dhcpcsvc6.DLL
0x00007ffe9c380000 - 0x00007ffe9c39f000 	C:\Windows\SYSTEM32\dhcpcsvc.DLL
0x00007ffea26b0000 - 0x00007ffea27b2000 	C:\Windows\SYSTEM32\DNSAPI.dll
0x00007ffe799f0000 - 0x00007ffe799f9000 	C:\Program Files\Microsoft\jdk-17.0.12.7-hotspot\bin\extnet.dll
0x00007ffe778a0000 - 0x00007ffe778ae000 	C:\Program Files\Microsoft\jdk-17.0.12.7-hotspot\bin\sunmscapi.dll
0x00007ffea3f80000 - 0x00007ffea40e6000 	C:\Windows\System32\CRYPT32.dll
0x00007ffea3420000 - 0x00007ffea344d000 	C:\Windows\SYSTEM32\ncrypt.dll
0x00007ffea33d0000 - 0x00007ffea3407000 	C:\Windows\SYSTEM32\NTASN1.dll
0x00007ffe70b30000 - 0x00007ffe70b38000 	C:\Windows\system32\wshunix.dll
0x00007ffea2ce0000 - 0x00007ffea2d14000 	C:\Windows\SYSTEM32\ntmarta.dll

dbghelp: loaded successfully - version: 4.0.5 - missing functions: none
symbol engine: initialized successfully - sym options: 0x614 - pdb path: .;C:\Program Files\Microsoft\jdk-17.0.12.7-hotspot\bin;C:\Windows\SYSTEM32;C:\Windows\WinSxS\amd64_microsoft.windows.common-controls_6595b64144ccf1df_6.0.22621.3672_none_2713b9d173822955;C:\Program Files\Microsoft\jdk-17.0.12.7-hotspot\bin\server;C:\Users\Admin\.gradle\native\68d5fa5c4cc2d200863cafc0d521ce42e7d3e7ee720ec0a83991735586a16f82\windows-amd64;C:\Users\Admin\.gradle\native\e376f236ea51e6404a007f0833ffe2c6e607c4080706a723a18a27aeea778392\windows-amd64

VM Arguments:
jvm_args: --add-opens=java.base/java.util=ALL-UNNAMED --add-opens=java.base/java.lang=ALL-UNNAMED --add-opens=java.base/java.lang.invoke=ALL-UNNAMED --add-opens=java.prefs/java.util.prefs=ALL-UNNAMED --add-opens=java.base/java.nio.charset=ALL-UNNAMED --add-opens=java.base/java.net=ALL-UNNAMED --add-opens=java.base/java.util.concurrent.atomic=ALL-UNNAMED -Xmx4G -Dfile.encoding=windows-1252 -Duser.country=US -Duser.language=en -Duser.variant -javaagent:C:\Users\Admin\.gradle\wrapper\dists\gradle-8.1-all\20ex0cxcummvwpmavmhfg81jg\gradle-8.1\lib\agents\gradle-instrumentation-agent-8.1.jar 
java_command: org.gradle.launcher.daemon.bootstrap.GradleDaemon 8.1
java_class_path (initial): C:\Users\Admin\.gradle\wrapper\dists\gradle-8.1-all\20ex0cxcummvwpmavmhfg81jg\gradle-8.1\lib\gradle-launcher-8.1.jar
Launcher Type: SUN_STANDARD

[Global flags]
     intx CICompilerCount                          = 4                                         {product} {ergonomic}
     uint ConcGCThreads                            = 3                                         {product} {ergonomic}
     uint G1ConcRefinementThreads                  = 10                                        {product} {ergonomic}
   size_t G1HeapRegionSize                         = 2097152                                   {product} {ergonomic}
    uintx GCDrainStackTargetSize                   = 64                                        {product} {ergonomic}
   size_t InitialHeapSize                          = 260046848                                 {product} {ergonomic}
   size_t MarkStackSize                            = 4194304                                   {product} {ergonomic}
   size_t MaxHeapSize                              = 4294967296                                {product} {command line}
   size_t MaxNewSize                               = 2575302656                                {product} {ergonomic}
   size_t MinHeapDeltaBytes                        = 2097152                                   {product} {ergonomic}
   size_t MinHeapSize                              = 8388608                                   {product} {ergonomic}
    uintx NonNMethodCodeHeapSize                   = 5839372                                {pd product} {ergonomic}
    uintx NonProfiledCodeHeapSize                  = 122909434                              {pd product} {ergonomic}
    uintx ProfiledCodeHeapSize                     = 122909434                              {pd product} {ergonomic}
    uintx ReservedCodeCacheSize                    = 251658240                              {pd product} {ergonomic}
     bool SegmentedCodeCache                       = true                                      {product} {ergonomic}
   size_t SoftMaxHeapSize                          = 4294967296                             {manageable} {ergonomic}
     bool UseCompressedClassPointers               = true                           {product lp64_product} {ergonomic}
     bool UseCompressedOops                        = true                           {product lp64_product} {ergonomic}
     bool UseG1GC                                  = true                                      {product} {ergonomic}
     bool UseLargePagesIndividualAllocation        = false                                  {pd product} {ergonomic}

Logging:
Log output configuration:
 #0: stdout all=warning uptime,level,tags
 #1: stderr all=off uptime,level,tags

Environment Variables:
JAVA_HOME=C:\Program Files\Microsoft\jdk-17.0.12.7-hotspot
CLASSPATH=C:\Users\Admin\Desktop\ALL Plants Disease\FLUTTERAPP\mamatay\argivysor\android\\gradle\wrapper\gradle-wrapper.jar
PATH=C:\Android\emulator;C:\Program Files\Microsoft\jdk-17.0.12.7-hotspot\bin;C:\Android\cmdline-tools\latest\bin;C:\Android\platform-tools;C:\Windows\system32;C:\Windows;C:\Windows\System32\Wbem;C:\Windows\System32\WindowsPowerShell\v1.0\;C:\Windows\System32\OpenSSH\;C:\Users\Admin\AppData\Local\Microsoft\WindowsApps;C:\Users\Admin\AppData\Local\spicetify;C:\adb;C:\Program Files\dotnet\;C:\ProgramData\chocolatey\bin;C:\Program Files\GitHub CLI\;C:\ffmpeg\bin\;C:\Program Files (x86)\cloudflared\;C:\Program Files\Git\cmd;%ANDROID_HOME%\tools;%ANDROID_HOME%\tools\bin;%ANDROID_HOME%\platform-tools;C:\Users\Admin\miniconda3;C:\Users\Admin\miniconda3\Library\mingw-w64\bin;C:\Users\Admin\miniconda3\Library\usr\bin;C:\Users\Admin\miniconda3\Library\bin;C:\Users\Admin\miniconda3\Scripts;C:\Users\Admin\AppData\Local\Programs\Python\Python312\Scripts\;C:\Users\Admin\AppData\Local\Programs\Python\Python312\;C:\Users\Admin\AppData\Local\Microsoft\WinGet\Links;C:\tools\dart-sdk\bin;C:\Users\Admin\AppData\Local\Pub\Cache\bin;C:;%ANDROID_HOME%\emulator;C:\Program Files\Microsoft\jdk-17.0.12.7-hotspot\bin;%FLUTTER_HOME%\bin;C:\Program Files\Microsoft\jdk-17.0.12.7-hotspot\bin\;C:\Windows\system32;C:\Windows;C:\Windows\System32\Wbem;C:\Windows\System32\WindowsPowerShell\v1.0\;C:\Windows\System32\OpenSSH\;C:\Users\Admin\AppData\Local\Microsoft\WindowsApps;C:\Users\Admin\AppData\Local\spicetify;C:\adb;C:\Program Files\dotnet\;C:\ProgramData\chocolatey\bin;C:\Program Files\GitHub CLI\;C:\ffmpeg\bin\;C:\Program Files (x86)\cloudflared\;C:\Program Files\Git\cmd;%ANDROID_HOME%\tools;%ANDROID_HOME%\tools\bin;%ANDROID_HOME%\platform-tools;C:\Users\Admin\miniconda3;C:\Users\Admin\miniconda3\Library\mingw-w64\bin;C:\Users\Admin\miniconda3\Library\usr\bin;C:\Users\Admin\miniconda3\Library\bin;C:\Users\Admin\miniconda3\Scripts;C:\Users\Admin\AppData\Local\Programs\Python\Python312\Scripts\;C:\Users\Admin\AppData\Local\Programs\Python\Python312\;C:\Users\Admin\AppData\Local\Microsoft\WinGet\Links;C
USERNAME=Admin
OS=Windows_NT
PROCESSOR_IDENTIFIER=AMD64 Family 23 Model 96 Stepping 1, AuthenticAMD
TMP=C:\Users\Admin\AppData\Local\Temp
TEMP=C:\Users\Admin\AppData\Local\Temp



Periodic native trim disabled


---------------  S Y S T E M  ---------------

OS:
 Windows 11 , 64 bit Build 22621 (10.0.22621.3958)
OS uptime: 0 days 0:34 hours
Hyper-V role detected

CPU: total 12 (initial active 12) (12 cores per cpu, 2 threads per core) family 23 model 96 stepping 1 microcode 0x0, cx8, cmov, fxsr, ht, mmx, 3dnowpref, sse, sse2, sse3, ssse3, sse4a, sse4.1, sse4.2, popcnt, lzcnt, tsc, tscinvbit, avx, avx2, aes, clmul, bmi1, bmi2, adx, sha, fma, vzeroupper, clflush, clflushopt, hv
Processor Information for the first 12 processors :
  Max Mhz: 3701, Current Mhz: 3701, Mhz Limit: 3701

Memory: 4k page, system-wide physical 15761M (451M free)
TotalPageFile size 19761M (AvailPageFile size 407M)
current process WorkingSet (physical memory assigned to process): 896M, peak: 913M
current process commit charge ("private bytes"): 960M, peak: 1064M

vm_info: OpenJDK 64-Bit Server VM (17.0.12+7-LTS) for windows-amd64 JRE (17.0.12+7-LTS), built on Jul 16 2024 18:11:44 by "MicrosoftCorporation" with unknown MS VC++:1939

END.
