#
# There is insufficient memory for the Java Runtime Environment to continue.
# Native memory allocation (malloc) failed to allocate 1517616 bytes. Error detail: Chunk::new
# Possible reasons:
#   The system is out of physical RAM or swap space
#   This process is running with CompressedOops enabled, and the Java Heap may be blocking the growth of the native heap
# Possible solutions:
#   Reduce memory load on the system
#   Increase physical memory or swap space
#   Check if swap backing store is full
#   Decrease Java heap size (-Xmx/-Xms)
#   Decrease number of Java threads
#   Decrease Java thread stack sizes (-Xss)
#   Set larger code cache with -XX:ReservedCodeCacheSize=
#   JVM is running with Zero Based Compressed Oops mode in which the Java heap is
#     placed in the first 32GB address space. The Java Heap base address is the
#     maximum limit for the native heap growth. Please use -XX:HeapBaseMinAddress
#     to set the Java Heap base and to place the Java Heap above 32GB virtual address.
# This output file may be truncated or incomplete.
#
#  Out of Memory Error (arena.cpp:191), pid=17388, tid=17476
#
# JRE version: OpenJDK Runtime Environment Microsoft-9889599 (17.0.12+7) (build 17.0.12+7-LTS)
# Java VM: OpenJDK 64-Bit Server VM Microsoft-9889599 (17.0.12+7-LTS, mixed mode, sharing, tiered, compressed oops, compressed class ptrs, g1 gc, windows-amd64)
# No core dump will be written. Minidumps are not enabled by default on client versions of Windows
#

---------------  S U M M A R Y ------------

Command Line: --add-opens=java.base/java.util=ALL-UNNAMED --add-opens=java.base/java.lang=ALL-UNNAMED --add-opens=java.base/java.lang.invoke=ALL-UNNAMED --add-opens=java.prefs/java.util.prefs=ALL-UNNAMED --add-opens=java.base/java.nio.charset=ALL-UNNAMED --add-opens=java.base/java.net=ALL-UNNAMED --add-opens=java.base/java.util.concurrent.atomic=ALL-UNNAMED -Xmx4G -Dfile.encoding=windows-1252 -Duser.country=US -Duser.language=en -Duser.variant -javaagent:C:\Users\Admin\.gradle\wrapper\dists\gradle-8.1-all\20ex0cxcummvwpmavmhfg81jg\gradle-8.1\lib\agents\gradle-instrumentation-agent-8.1.jar org.gradle.launcher.daemon.bootstrap.GradleDaemon 8.1

Host: AMD Ryzen 5 4600G with Radeon Graphics, 12 cores, 15G,  Windows 11 , 64 bit Build 22621 (10.0.22621.4391)
Time: Mon Oct 28 20:08:12 2024 China Standard Time elapsed time: 34.284326 seconds (0d 0h 0m 34s)

---------------  T H R E A D  ---------------

Current thread (0x000001fcae503880):  JavaThread "C2 CompilerThread2" daemon [_thread_in_native, id=17476, stack(0x0000003ce9200000,0x0000003ce9300000)]


Current CompileTask:
C2:  34284 7665       4       org.objectweb.asm.ClassReader::readCode (5109 bytes)

Stack: [0x0000003ce9200000,0x0000003ce9300000]
Native frames: (J=compiled Java code, j=interpreted, Vv=VM code, C=native code)
V  [jvm.dll+0x686d99]
V  [jvm.dll+0x83daf8]
V  [jvm.dll+0x83f5a3]
V  [jvm.dll+0x83fc13]
V  [jvm.dll+0x2492ef]
V  [jvm.dll+0xad0a4]
V  [jvm.dll+0xad73c]
V  [jvm.dll+0x2b09af]
V  [jvm.dll+0x58d829]
V  [jvm.dll+0x223592]
V  [jvm.dll+0x22398f]
V  [jvm.dll+0x21c740]
V  [jvm.dll+0x21986b]
V  [jvm.dll+0x1a53e6]
V  [jvm.dll+0x229faa]
V  [jvm.dll+0x2280fb]
V  [jvm.dll+0x7f3508]
V  [jvm.dll+0x7ed87c]
V  [jvm.dll+0x685c77]
C  [ucrtbase.dll+0x29333]
C  [KERNEL32.DLL+0x1259d]
C  [ntdll.dll+0x5af38]


---------------  P R O C E S S  ---------------

Threads class SMR info:
_java_thread_list=0x000001fcab3d6b50, length=86, elements={
0x000001fc41f0d750, 0x000001fc651d36e0, 0x000001fc651d4560, 0x000001fc651e8e30,
0x000001fc651eb280, 0x000001fc651edc50, 0x000001fc651ee610, 0x000001fc651ef3b0,
0x000001fc651f7e70, 0x000001fc651fb620, 0x000001fc651c22b0, 0x000001fc6567f9f0,
0x000001fcad12d940, 0x000001fcac68d1f0, 0x000001fcad526250, 0x000001fcabc04710,
0x000001fcac658580, 0x000001fcad0c5480, 0x000001fcad0c5960, 0x000001fcad1369c0,
0x000001fcad138820, 0x000001fcad139240, 0x000001fcad139750, 0x000001fcad136ed0,
0x000001fcad1373e0, 0x000001fcad1364b0, 0x000001fcad1378f0, 0x000001fcad138d30,
0x000001fcad137e00, 0x000001fcad138310, 0x000001fcace54720, 0x000001fcace532e0,
0x000001fcace55650, 0x000001fcace55140, 0x000001fcace56a90, 0x000001fcace53d00,
0x000001fcace523b0, 0x000001fcace528c0, 0x000001fcace50f70, 0x000001fcace54210,
0x000001fcace54c30, 0x000001fcace56070, 0x000001fcace56580, 0x000001fcace4fb30,
0x000001fcace50550, 0x000001fcae049160, 0x000001fcae044060, 0x000001fcae049b80,
0x000001fcae049670, 0x000001fcae0454a0, 0x000001fcae0459b0, 0x000001fcae048230,
0x000001fcae04a5a0, 0x000001fcae045ec0, 0x000001fcae0463d0, 0x000001fcae046df0,
0x000001fcae04a090, 0x000001fcae0468e0, 0x000001fcae04aab0, 0x000001fcae04afc0,
0x000001fcae048c50, 0x000001fcae044a80, 0x000001fcae04b4d0, 0x000001fcae04b9e0,
0x000001fcae044570, 0x000001fcae047810, 0x000001fcae047d20, 0x000001fcae044f90,
0x000001fcad439d00, 0x000001fcad43c070, 0x000001fcad43d4b0, 0x000001fcad436f70,
0x000001fcad4388c0, 0x000001fcad43d9c0, 0x000001fcad43a210, 0x000001fcad436a60,
0x000001fcad437ea0, 0x000001fcad43ded0, 0x000001fcad437480, 0x000001fcad438dd0,
0x000001fcad43e3e0, 0x000001fcad43cfa0, 0x000001fcad437990, 0x000001fcad4383b0,
0x000001fcad0fc1f0, 0x000001fcae503880
}

Java Threads: ( => current thread )
  0x000001fc41f0d750 JavaThread "main" [_thread_blocked, id=15864, stack(0x0000003ce2900000,0x0000003ce2a00000)]
  0x000001fc651d36e0 JavaThread "Reference Handler" daemon [_thread_blocked, id=1132, stack(0x0000003ce3000000,0x0000003ce3100000)]
  0x000001fc651d4560 JavaThread "Finalizer" daemon [_thread_blocked, id=17824, stack(0x0000003ce3100000,0x0000003ce3200000)]
  0x000001fc651e8e30 JavaThread "Signal Dispatcher" daemon [_thread_blocked, id=18276, stack(0x0000003ce3200000,0x0000003ce3300000)]
  0x000001fc651eb280 JavaThread "Attach Listener" daemon [_thread_blocked, id=15640, stack(0x0000003ce3300000,0x0000003ce3400000)]
  0x000001fc651edc50 JavaThread "Service Thread" daemon [_thread_blocked, id=15208, stack(0x0000003ce3400000,0x0000003ce3500000)]
  0x000001fc651ee610 JavaThread "Monitor Deflation Thread" daemon [_thread_blocked, id=17772, stack(0x0000003ce3500000,0x0000003ce3600000)]
  0x000001fc651ef3b0 JavaThread "C2 CompilerThread0" daemon [_thread_in_native, id=17828, stack(0x0000003ce3600000,0x0000003ce3700000)]
  0x000001fc651f7e70 JavaThread "C1 CompilerThread0" daemon [_thread_blocked, id=17576, stack(0x0000003ce3700000,0x0000003ce3800000)]
  0x000001fc651fb620 JavaThread "Sweeper thread" daemon [_thread_blocked, id=18000, stack(0x0000003ce3800000,0x0000003ce3900000)]
  0x000001fc651c22b0 JavaThread "Common-Cleaner" daemon [_thread_blocked, id=19100, stack(0x0000003ce3900000,0x0000003ce3a00000)]
  0x000001fc6567f9f0 JavaThread "Notification Thread" daemon [_thread_blocked, id=12680, stack(0x0000003ce3a00000,0x0000003ce3b00000)]
  0x000001fcad12d940 JavaThread "Daemon health stats" [_thread_blocked, id=14104, stack(0x0000003ce4100000,0x0000003ce4200000)]
  0x000001fcac68d1f0 JavaThread "Incoming local TCP Connector on port 54887" [_thread_in_native, id=5344, stack(0x0000003ce4300000,0x0000003ce4400000)]
  0x000001fcad526250 JavaThread "Daemon periodic checks" [_thread_blocked, id=18468, stack(0x0000003ce4400000,0x0000003ce4500000)]
  0x000001fcabc04710 JavaThread "Daemon" [_thread_blocked, id=6868, stack(0x0000003ce4500000,0x0000003ce4600000)]
  0x000001fcac658580 JavaThread "Handler for socket connection from /127.0.0.1:54887 to /127.0.0.1:54888" [_thread_in_native, id=16832, stack(0x0000003ce4600000,0x0000003ce4700000)]
  0x000001fcad0c5480 JavaThread "Cancel handler" [_thread_blocked, id=3924, stack(0x0000003ce4700000,0x0000003ce4800000)]
  0x000001fcad0c5960 JavaThread "Daemon worker" [_thread_blocked, id=13068, stack(0x0000003ce4800000,0x0000003ce4900000)]
  0x000001fcad1369c0 JavaThread "Asynchronous log dispatcher for DefaultDaemonConnection: socket connection from /127.0.0.1:54887 to /127.0.0.1:54888" [_thread_blocked, id=18040, stack(0x0000003ce4900000,0x0000003ce4a00000)]
  0x000001fcad138820 JavaThread "Stdin handler" [_thread_blocked, id=17840, stack(0x0000003ce4a00000,0x0000003ce4b00000)]
  0x000001fcad139240 JavaThread "Daemon client event forwarder" [_thread_blocked, id=19024, stack(0x0000003ce4b00000,0x0000003ce4c00000)]
  0x000001fcad139750 JavaThread "Cache worker for journal cache (C:\Users\Admin\.gradle\caches\journal-1)" [_thread_blocked, id=17632, stack(0x0000003ce4200000,0x0000003ce4300000)]
  0x000001fcad136ed0 JavaThread "File lock request listener" [_thread_in_native, id=9100, stack(0x0000003ce4c00000,0x0000003ce4d00000)]
  0x000001fcad1373e0 JavaThread "Cache worker for file hash cache (C:\Users\Admin\.gradle\caches\8.1\fileHashes)" [_thread_blocked, id=19428, stack(0x0000003ce4d00000,0x0000003ce4e00000)]
  0x000001fcad1364b0 JavaThread "File lock release action executor" [_thread_blocked, id=12916, stack(0x0000003ce4e00000,0x0000003ce4f00000)]
  0x000001fcad1378f0 JavaThread "File watcher server" daemon [_thread_in_native, id=18616, stack(0x0000003ce4000000,0x0000003ce4100000)]
  0x000001fcad138d30 JavaThread "File watcher consumer" daemon [_thread_blocked, id=12948, stack(0x0000003ce4f00000,0x0000003ce5000000)]
  0x000001fcad137e00 JavaThread "Cache worker for checksums cache (C:\Users\Admin\Desktop\ALL Plants Disease\FLUTTERAPP\mamatay\argivysor\android\.gradle\8.1\checksums)" [_thread_blocked, id=17832, stack(0x0000003ce5000000,0x0000003ce5100000)]
  0x000001fcad138310 JavaThread "Cache worker for cache directory md-rule (C:\Users\Admin\.gradle\caches\8.1\md-rule)" [_thread_blocked, id=8716, stack(0x0000003ce5100000,0x0000003ce5200000)]
  0x000001fcace54720 JavaThread "Cache worker for file content cache (C:\Users\Admin\.gradle\caches\8.1\fileContent)" [_thread_blocked, id=6016, stack(0x0000003ce5200000,0x0000003ce5300000)]
  0x000001fcace532e0 JavaThread "Cache worker for file hash cache (C:\Users\Admin\Desktop\ALL Plants Disease\FLUTTERAPP\mamatay\argivysor\android\.gradle\8.1\fileHashes)" [_thread_blocked, id=15560, stack(0x0000003ce5a00000,0x0000003ce5b00000)]
  0x000001fcace55650 JavaThread "Cache worker for cache directory md-supplier (C:\Users\Admin\.gradle\caches\8.1\md-supplier)" [_thread_blocked, id=18048, stack(0x0000003ce5b00000,0x0000003ce5c00000)]
  0x000001fcace55140 JavaThread "Cache worker for execution history cache (C:\Users\Admin\.gradle\caches\8.1\executionHistory)" [_thread_blocked, id=17192, stack(0x0000003ce5c00000,0x0000003ce5d00000)]
  0x000001fcace56a90 JavaThread "jar transforms" [_thread_blocked, id=11288, stack(0x0000003ce5f00000,0x0000003ce6000000)]
  0x000001fcace53d00 JavaThread "Cache worker for kotlin-dsl (C:\Users\Admin\.gradle\caches\8.1\kotlin-dsl)" [_thread_blocked, id=5212, stack(0x0000003ce5d00000,0x0000003ce5e00000)]
  0x000001fcace523b0 JavaThread "jar transforms Thread 2" [_thread_blocked, id=17680, stack(0x0000003ce5e00000,0x0000003ce5f00000)]
  0x000001fcace528c0 JavaThread "jar transforms Thread 3" [_thread_blocked, id=14880, stack(0x0000003ce6000000,0x0000003ce6100000)]
  0x000001fcace50f70 JavaThread "Cache worker for dependencies-accessors (C:\Users\Admin\Desktop\ALL Plants Disease\FLUTTERAPP\mamatay\argivysor\android\.gradle\8.1\dependencies-accessors)" [_thread_blocked, id=14084, stack(0x0000003ce6100000,0x0000003ce6200000)]
  0x000001fcace54210 JavaThread "Cache worker for Build Output Cleanup Cache (C:\Users\Admin\flutter\flutter\packages\flutter_tools\gradle\.gradle\buildOutputCleanup)" [_thread_blocked, id=18540, stack(0x0000003ce6300000,0x0000003ce6400000)]
  0x000001fcace54c30 JavaThread "jar transforms Thread 4" [_thread_blocked, id=7876, stack(0x0000003ce6200000,0x0000003ce6300000)]
  0x000001fcace56070 JavaThread "jar transforms Thread 5" [_thread_blocked, id=18160, stack(0x0000003ce6400000,0x0000003ce6500000)]
  0x000001fcace56580 JavaThread "Memory manager" [_thread_blocked, id=2812, stack(0x0000003ce6700000,0x0000003ce6800000)]
  0x000001fcace4fb30 JavaThread "jar transforms Thread 6" [_thread_blocked, id=18448, stack(0x0000003ce6500000,0x0000003ce6600000)]
  0x000001fcace50550 JavaThread "jar transforms Thread 7" [_thread_blocked, id=15584, stack(0x0000003ce6600000,0x0000003ce6700000)]
  0x000001fcae049160 JavaThread "included builds" [_thread_blocked, id=18876, stack(0x0000003ce6900000,0x0000003ce6a00000)]
  0x000001fcae044060 JavaThread "Execution worker" [_thread_blocked, id=19136, stack(0x0000003ce6a00000,0x0000003ce6b00000)]
  0x000001fcae049b80 JavaThread "Execution worker Thread 2" [_thread_blocked, id=1968, stack(0x0000003ce6b00000,0x0000003ce6c00000)]
  0x000001fcae049670 JavaThread "Execution worker Thread 3" [_thread_blocked, id=14904, stack(0x0000003ce6c00000,0x0000003ce6d00000)]
  0x000001fcae0454a0 JavaThread "Execution worker Thread 4" [_thread_blocked, id=3472, stack(0x0000003ce6d00000,0x0000003ce6e00000)]
  0x000001fcae0459b0 JavaThread "Execution worker Thread 5" [_thread_blocked, id=18884, stack(0x0000003ce6e00000,0x0000003ce6f00000)]
  0x000001fcae048230 JavaThread "Execution worker Thread 6" [_thread_blocked, id=4880, stack(0x0000003ce6f00000,0x0000003ce7000000)]
  0x000001fcae04a5a0 JavaThread "Execution worker Thread 7" [_thread_blocked, id=2856, stack(0x0000003ce7000000,0x0000003ce7100000)]
  0x000001fcae045ec0 JavaThread "Execution worker Thread 8" [_thread_blocked, id=11224, stack(0x0000003ce7100000,0x0000003ce7200000)]
  0x000001fcae0463d0 JavaThread "Execution worker Thread 9" [_thread_blocked, id=11404, stack(0x0000003ce7200000,0x0000003ce7300000)]
  0x000001fcae046df0 JavaThread "Execution worker Thread 10" [_thread_blocked, id=912, stack(0x0000003ce7300000,0x0000003ce7400000)]
  0x000001fcae04a090 JavaThread "Execution worker Thread 11" [_thread_blocked, id=18632, stack(0x0000003ce7400000,0x0000003ce7500000)]
  0x000001fcae0468e0 JavaThread "Cache worker for execution history cache (C:\Users\Admin\flutter\flutter\packages\flutter_tools\gradle\.gradle\8.1\executionHistory)" [_thread_blocked, id=3612, stack(0x0000003ce7500000,0x0000003ce7600000)]
  0x000001fcae04aab0 JavaThread "Unconstrained build operations" [_thread_blocked, id=8496, stack(0x0000003ce6800000,0x0000003ce6900000)]
  0x000001fcae04afc0 JavaThread "Unconstrained build operations Thread 2" [_thread_blocked, id=3716, stack(0x0000003ce7600000,0x0000003ce7700000)]
  0x000001fcae048c50 JavaThread "Unconstrained build operations Thread 3" [_thread_blocked, id=14508, stack(0x0000003ce7700000,0x0000003ce7800000)]
  0x000001fcae044a80 JavaThread "Unconstrained build operations Thread 4" [_thread_blocked, id=12992, stack(0x0000003ce7800000,0x0000003ce7900000)]
  0x000001fcae04b4d0 JavaThread "Unconstrained build operations Thread 5" [_thread_blocked, id=19260, stack(0x0000003ce7900000,0x0000003ce7a00000)]
  0x000001fcae04b9e0 JavaThread "Unconstrained build operations Thread 6" [_thread_blocked, id=17004, stack(0x0000003ce7a00000,0x0000003ce7b00000)]
  0x000001fcae044570 JavaThread "Unconstrained build operations Thread 7" [_thread_blocked, id=10784, stack(0x0000003ce7b00000,0x0000003ce7c00000)]
  0x000001fcae047810 JavaThread "Unconstrained build operations Thread 8" [_thread_blocked, id=17708, stack(0x0000003ce7c00000,0x0000003ce7d00000)]
  0x000001fcae047d20 JavaThread "Unconstrained build operations Thread 9" [_thread_blocked, id=14272, stack(0x0000003ce7d00000,0x0000003ce7e00000)]
  0x000001fcae044f90 JavaThread "Unconstrained build operations Thread 10" [_thread_blocked, id=6744, stack(0x0000003ce7e00000,0x0000003ce7f00000)]
  0x000001fcad439d00 JavaThread "Unconstrained build operations Thread 11" [_thread_blocked, id=10980, stack(0x0000003ce8100000,0x0000003ce8200000)]
  0x000001fcad43c070 JavaThread "Unconstrained build operations Thread 12" [_thread_blocked, id=18872, stack(0x0000003ce8200000,0x0000003ce8300000)]
  0x000001fcad43d4b0 JavaThread "Unconstrained build operations Thread 13" [_thread_blocked, id=18496, stack(0x0000003ce8300000,0x0000003ce8400000)]
  0x000001fcad436f70 JavaThread "Unconstrained build operations Thread 14" [_thread_blocked, id=2156, stack(0x0000003ce8400000,0x0000003ce8500000)]
  0x000001fcad4388c0 JavaThread "Unconstrained build operations Thread 15" [_thread_blocked, id=12540, stack(0x0000003ce8500000,0x0000003ce8600000)]
  0x000001fcad43d9c0 JavaThread "Unconstrained build operations Thread 16" [_thread_blocked, id=11960, stack(0x0000003ce8600000,0x0000003ce8700000)]
  0x000001fcad43a210 JavaThread "Unconstrained build operations Thread 17" [_thread_blocked, id=17052, stack(0x0000003ce8700000,0x0000003ce8800000)]
  0x000001fcad436a60 JavaThread "Unconstrained build operations Thread 18" [_thread_blocked, id=17152, stack(0x0000003ce8800000,0x0000003ce8900000)]
  0x000001fcad437ea0 JavaThread "Unconstrained build operations Thread 19" [_thread_blocked, id=9456, stack(0x0000003ce8900000,0x0000003ce8a00000)]
  0x000001fcad43ded0 JavaThread "Unconstrained build operations Thread 20" [_thread_blocked, id=1668, stack(0x0000003ce8a00000,0x0000003ce8b00000)]
  0x000001fcad437480 JavaThread "Unconstrained build operations Thread 21" [_thread_blocked, id=5300, stack(0x0000003ce8b00000,0x0000003ce8c00000)]
  0x000001fcad438dd0 JavaThread "jar transforms Thread 8" [_thread_blocked, id=3060, stack(0x0000003ce8c00000,0x0000003ce8d00000)]
  0x000001fcad43e3e0 JavaThread "jar transforms Thread 9" [_thread_blocked, id=18280, stack(0x0000003ce8d00000,0x0000003ce8e00000)]
  0x000001fcad43cfa0 JavaThread "jar transforms Thread 10" [_thread_blocked, id=1076, stack(0x0000003ce8e00000,0x0000003ce8f00000)]
  0x000001fcad437990 JavaThread "jar transforms Thread 11" [_thread_blocked, id=7504, stack(0x0000003ce8f00000,0x0000003ce9000000)]
  0x000001fcad4383b0 JavaThread "jar transforms Thread 12" [_thread_blocked, id=16972, stack(0x0000003ce9000000,0x0000003ce9100000)]
  0x000001fcad0fc1f0 JavaThread "C2 CompilerThread1" daemon [_thread_blocked, id=1336, stack(0x0000003ce9100000,0x0000003ce9200000)]
=>0x000001fcae503880 JavaThread "C2 CompilerThread2" daemon [_thread_in_native, id=17476, stack(0x0000003ce9200000,0x0000003ce9300000)]

Other Threads:
  0x000001fc651ccf00 VMThread "VM Thread" [stack: 0x0000003ce2f00000,0x0000003ce3000000] [id=19032]
  0x000001fc6561fc20 WatcherThread [stack: 0x0000003ce3b00000,0x0000003ce3c00000] [id=7804]
  0x000001fc41f7df80 GCTaskThread "GC Thread#0" [stack: 0x0000003ce2a00000,0x0000003ce2b00000] [id=1244]
  0x000001fcab909a10 GCTaskThread "GC Thread#1" [stack: 0x0000003ce3c00000,0x0000003ce3d00000] [id=8408]
  0x000001fcabd39940 GCTaskThread "GC Thread#2" [stack: 0x0000003ce3d00000,0x0000003ce3e00000] [id=19404]
  0x000001fcab7a9120 GCTaskThread "GC Thread#3" [stack: 0x0000003ce3e00000,0x0000003ce3f00000] [id=10328]
  0x000001fcab687600 GCTaskThread "GC Thread#4" [stack: 0x0000003ce3f00000,0x0000003ce4000000] [id=4384]
  0x000001fcad7d8320 GCTaskThread "GC Thread#5" [stack: 0x0000003ce5300000,0x0000003ce5400000] [id=15428]
  0x000001fcad7d9be0 GCTaskThread "GC Thread#6" [stack: 0x0000003ce5400000,0x0000003ce5500000] [id=15552]
  0x000001fcad7d9660 GCTaskThread "GC Thread#7" [stack: 0x0000003ce5500000,0x0000003ce5600000] [id=18932]
  0x000001fcad7d8b60 GCTaskThread "GC Thread#8" [stack: 0x0000003ce5600000,0x0000003ce5700000] [id=9240]
  0x000001fcad7d93a0 GCTaskThread "GC Thread#9" [stack: 0x0000003ce5700000,0x0000003ce5800000] [id=18228]
  0x000001fc41f8eed0 ConcurrentGCThread "G1 Main Marker" [stack: 0x0000003ce2b00000,0x0000003ce2c00000] [id=16504]
  0x000001fc41f8f8f0 ConcurrentGCThread "G1 Conc#0" [stack: 0x0000003ce2c00000,0x0000003ce2d00000] [id=11876]
  0x000001fcad7d8e20 ConcurrentGCThread "G1 Conc#1" [stack: 0x0000003ce5800000,0x0000003ce5900000] [id=7944]
  0x000001fcad7d85e0 ConcurrentGCThread "G1 Conc#2" [stack: 0x0000003ce5900000,0x0000003ce5a00000] [id=16540]
  0x000001fc41fbe8f0 ConcurrentGCThread "G1 Refine#0" [stack: 0x0000003ce2d00000,0x0000003ce2e00000] [id=17864]
  0x000001fc650ed7f0 ConcurrentGCThread "G1 Service" [stack: 0x0000003ce2e00000,0x0000003ce2f00000] [id=18456]

Threads with active compile tasks:
C2 CompilerThread0    34354 7856       4       groovy.lang.MetaClassImpl$1MOPIter::methodNameAction (325 bytes)
C2 CompilerThread2    34354 7665       4       org.objectweb.asm.ClassReader::readCode (5109 bytes)

VM state: not at safepoint (normal execution)

VM Mutex/Monitor currently owned by a thread: None

Heap address: 0x0000000700000000, size: 4096 MB, Compressed Oops mode: Zero based, Oop shift amount: 3

CDS archive(s) mapped at: [0x000001fc66000000-0x000001fc66bb0000-0x000001fc66bb0000), size 12255232, SharedBaseAddress: 0x000001fc66000000, ArchiveRelocationMode: 1.
Compressed class space mapped at: 0x000001fc67000000-0x000001fca7000000, reserved size: 1073741824
Narrow klass base: 0x000001fc66000000, Narrow klass shift: 0, Narrow klass range: 0x100000000

GC Precious Log:
 CPUs: 12 total, 12 available
 Memory: 15761M
 Large Page Support: Disabled
 NUMA Support: Disabled
 Compressed Oops: Enabled (Zero based)
 Heap Region Size: 2M
 Heap Min Capacity: 8M
 Heap Initial Capacity: 248M
 Heap Max Capacity: 4G
 Pre-touch: Disabled
 Parallel Workers: 10
 Concurrent Workers: 3
 Concurrent Refinement Workers: 10
 Periodic GC: Disabled

Heap:
 garbage-first heap   total 110592K, used 62304K [0x0000000700000000, 0x0000000800000000)
  region size 2048K, 3 young (6144K), 1 survivors (2048K)
 Metaspace       used 57540K, committed 58112K, reserved 1114112K
  class space    used 8161K, committed 8448K, reserved 1048576K

Heap Regions: E=young(eden), S=young(survivor), O=old, HS=humongous(starts), HC=humongous(continues), CS=collection set, F=free, OA=open archive, CA=closed archive, TAMS=top-at-mark-start (previous, next)
|   0|0x0000000700000000, 0x0000000700200000, 0x0000000700200000|100%|HS|  |TAMS 0x0000000700200000, 0x0000000700000000| Complete 
|   1|0x0000000700200000, 0x0000000700400000, 0x0000000700400000|100%|HC|  |TAMS 0x0000000700400000, 0x0000000700200000| Complete 
|   2|0x0000000700400000, 0x0000000700600000, 0x0000000700600000|100%| O|  |TAMS 0x0000000700600000, 0x0000000700400000| Untracked 
|   3|0x0000000700600000, 0x0000000700800000, 0x0000000700800000|100%| O|  |TAMS 0x0000000700800000, 0x0000000700600000| Untracked 
|   4|0x0000000700800000, 0x00000007009d6800, 0x0000000700a00000| 91%| O|  |TAMS 0x00000007009d6800, 0x0000000700800000| Untracked 
|   5|0x0000000700a00000, 0x0000000700c00000, 0x0000000700c00000|100%| O|  |TAMS 0x0000000700c00000, 0x0000000700a00000| Untracked 
|   6|0x0000000700c00000, 0x0000000700e00000, 0x0000000700e00000|100%| O|  |TAMS 0x0000000700e00000, 0x0000000700c00000| Untracked 
|   7|0x0000000700e00000, 0x0000000701000000, 0x0000000701000000|100%| O|  |TAMS 0x0000000701000000, 0x0000000700e00000| Untracked 
|   8|0x0000000701000000, 0x0000000701200000, 0x0000000701200000|100%| O|  |TAMS 0x0000000701200000, 0x0000000701000000| Untracked 
|   9|0x0000000701200000, 0x0000000701400000, 0x0000000701400000|100%| O|  |TAMS 0x0000000701400000, 0x0000000701200000| Untracked 
|  10|0x0000000701400000, 0x0000000701600000, 0x0000000701600000|100%| O|  |TAMS 0x0000000701600000, 0x0000000701400000| Untracked 
|  11|0x0000000701600000, 0x0000000701800000, 0x0000000701800000|100%| O|  |TAMS 0x0000000701800000, 0x0000000701600000| Untracked 
|  12|0x0000000701800000, 0x0000000701a00000, 0x0000000701a00000|100%| O|  |TAMS 0x0000000701a00000, 0x0000000701800000| Untracked 
|  13|0x0000000701a00000, 0x0000000701c00000, 0x0000000701c00000|100%|HS|  |TAMS 0x0000000701c00000, 0x0000000701a00000| Complete 
|  14|0x0000000701c00000, 0x0000000701e00000, 0x0000000701e00000|100%|HS|  |TAMS 0x0000000701e00000, 0x0000000701c00000| Complete 
|  15|0x0000000701e00000, 0x0000000702000000, 0x0000000702000000|100%|HC|  |TAMS 0x0000000702000000, 0x0000000701e00000| Complete 
|  16|0x0000000702000000, 0x0000000702200000, 0x0000000702200000|100%| O|  |TAMS 0x0000000702200000, 0x0000000702000000| Untracked 
|  17|0x0000000702200000, 0x0000000702400000, 0x0000000702400000|100%| O|  |TAMS 0x0000000702400000, 0x0000000702200000| Untracked 
|  18|0x0000000702400000, 0x0000000702600000, 0x0000000702600000|100%| O|  |TAMS 0x0000000702400000, 0x0000000702400000| Untracked 
|  19|0x0000000702600000, 0x0000000702800000, 0x0000000702800000|100%| O|  |TAMS 0x0000000702600000, 0x0000000702600000| Untracked 
|  20|0x0000000702800000, 0x0000000702a00000, 0x0000000702a00000|100%| O|  |TAMS 0x0000000702a00000, 0x0000000702800000| Untracked 
|  21|0x0000000702a00000, 0x0000000702c00000, 0x0000000702c00000|100%| O|  |TAMS 0x0000000702a14600, 0x0000000702a00000| Untracked 
|  22|0x0000000702c00000, 0x0000000702e00000, 0x0000000702e00000|100%|HS|  |TAMS 0x0000000702c00000, 0x0000000702c00000| Complete 
|  23|0x0000000702e00000, 0x0000000702e59c00, 0x0000000703000000| 17%| O|  |TAMS 0x0000000702e00000, 0x0000000702e00000| Untracked 
|  24|0x0000000703000000, 0x0000000703000000, 0x0000000703200000|  0%| F|  |TAMS 0x0000000703000000, 0x0000000703000000| Untracked 
|  25|0x0000000703200000, 0x0000000703200000, 0x0000000703400000|  0%| F|  |TAMS 0x0000000703200000, 0x0000000703200000| Untracked 
|  26|0x0000000703400000, 0x0000000703400000, 0x0000000703600000|  0%| F|  |TAMS 0x0000000703400000, 0x0000000703400000| Untracked 
|  27|0x0000000703600000, 0x0000000703600000, 0x0000000703800000|  0%| F|  |TAMS 0x0000000703600000, 0x0000000703600000| Untracked 
|  28|0x0000000703800000, 0x0000000703800000, 0x0000000703a00000|  0%| F|  |TAMS 0x0000000703800000, 0x0000000703800000| Untracked 
|  29|0x0000000703a00000, 0x0000000703a00000, 0x0000000703c00000|  0%| F|  |TAMS 0x0000000703a00000, 0x0000000703a00000| Untracked 
|  30|0x0000000703c00000, 0x0000000703c00000, 0x0000000703e00000|  0%| F|  |TAMS 0x0000000703c00000, 0x0000000703c00000| Untracked 
|  31|0x0000000703e00000, 0x0000000703e00000, 0x0000000704000000|  0%| F|  |TAMS 0x0000000703e00000, 0x0000000703e00000| Untracked 
|  32|0x0000000704000000, 0x0000000704000000, 0x0000000704200000|  0%| F|  |TAMS 0x0000000704000000, 0x0000000704000000| Untracked 
|  33|0x0000000704200000, 0x0000000704200000, 0x0000000704400000|  0%| F|  |TAMS 0x0000000704200000, 0x0000000704200000| Untracked 
|  34|0x0000000704400000, 0x0000000704400000, 0x0000000704600000|  0%| F|  |TAMS 0x0000000704400000, 0x0000000704400000| Untracked 
|  35|0x0000000704600000, 0x0000000704600000, 0x0000000704800000|  0%| F|  |TAMS 0x0000000704600000, 0x0000000704600000| Untracked 
|  36|0x0000000704800000, 0x0000000704800000, 0x0000000704a00000|  0%| F|  |TAMS 0x0000000704800000, 0x0000000704800000| Untracked 
|  37|0x0000000704a00000, 0x0000000704a00000, 0x0000000704c00000|  0%| F|  |TAMS 0x0000000704a00000, 0x0000000704a00000| Untracked 
|  38|0x0000000704c00000, 0x0000000704c00000, 0x0000000704e00000|  0%| F|  |TAMS 0x0000000704c00000, 0x0000000704c00000| Untracked 
|  39|0x0000000704e00000, 0x0000000704e00000, 0x0000000705000000|  0%| F|  |TAMS 0x0000000704e00000, 0x0000000704e00000| Untracked 
|  40|0x0000000705000000, 0x0000000705000000, 0x0000000705200000|  0%| F|  |TAMS 0x0000000705000000, 0x0000000705000000| Untracked 
|  55|0x0000000706e00000, 0x0000000706e00000, 0x0000000707000000|  0%| F|  |TAMS 0x0000000706e00000, 0x0000000706e00000| Untracked 
|  56|0x0000000707000000, 0x0000000707000000, 0x0000000707200000|  0%| F|  |TAMS 0x0000000707000000, 0x0000000707000000| Untracked 
|  57|0x0000000707200000, 0x0000000707200000, 0x0000000707400000|  0%| F|  |TAMS 0x0000000707200000, 0x0000000707200000| Untracked 
|  58|0x0000000707400000, 0x0000000707400000, 0x0000000707600000|  0%| F|  |TAMS 0x0000000707400000, 0x0000000707400000| Untracked 
|  59|0x0000000707600000, 0x0000000707746c68, 0x0000000707800000| 63%| E|  |TAMS 0x0000000707600000, 0x0000000707600000| Complete 
|  60|0x0000000707800000, 0x00000007078a7db8, 0x0000000707a00000| 32%| S|CS|TAMS 0x0000000707800000, 0x0000000707800000| Complete 
| 123|0x000000070f600000, 0x000000070f800000, 0x000000070f800000|100%| E|CS|TAMS 0x000000070f600000, 0x000000070f600000| Complete 
|2042|0x00000007ff400000, 0x00000007ff600000, 0x00000007ff600000|100%| O|  |TAMS 0x00000007ff600000, 0x00000007ff400000| Untracked 
|2043|0x00000007ff600000, 0x00000007ff800000, 0x00000007ff800000|100%| O|  |TAMS 0x00000007ff800000, 0x00000007ff600000| Untracked 
|2044|0x00000007ff800000, 0x00000007ffa00000, 0x00000007ffa00000|100%| O|  |TAMS 0x00000007ffa00000, 0x00000007ff800000| Untracked 
|2045|0x00000007ffa00000, 0x00000007ffc00000, 0x00000007ffc00000|100%| O|  |TAMS 0x00000007ffc00000, 0x00000007ffa00000| Untracked 
|2046|0x00000007ffc00000, 0x00000007ffe00000, 0x00000007ffe00000|100%| O|  |TAMS 0x00000007ffe00000, 0x00000007ffc00000| Untracked 
|2047|0x00000007ffe00000, 0x0000000800000000, 0x0000000800000000|100%| O|  |TAMS 0x0000000800000000, 0x00000007ffe00000| Untracked 

Card table byte_map: [0x000001fc59790000,0x000001fc59f90000] _byte_map_base: 0x000001fc55f90000

Marking Bits (Prev, Next): (CMBitMap*) 0x000001fc41f7e5e0, (CMBitMap*) 0x000001fc41f7e5a0
 Prev Bits: [0x000001fc5e790000, 0x000001fc62790000)
 Next Bits: [0x000001fc5a790000, 0x000001fc5e790000)

Polling page: 0x000001fc3fc70000

Metaspace:

Usage:
  Non-class:     48.22 MB used.
      Class:      7.97 MB used.
       Both:     56.19 MB used.

Virtual space:
  Non-class space:       64.00 MB reserved,      48.50 MB ( 76%) committed,  1 nodes.
      Class space:        1.00 GB reserved,       8.25 MB ( <1%) committed,  1 nodes.
             Both:        1.06 GB reserved,      56.75 MB (  5%) committed. 

Chunk freelists:
   Non-Class:  14.83 MB
       Class:  7.57 MB
        Both:  22.40 MB

MaxMetaspaceSize: unlimited
CompressedClassSpaceSize: 1.00 GB
Initial GC threshold: 21.00 MB
Current GC threshold: 94.62 MB
CDS: on
MetaspaceReclaimPolicy: balanced
 - commit_granule_bytes: 65536.
 - commit_granule_words: 8192.
 - virtual_space_node_default_size: 8388608.
 - enlarge_chunks_in_place: 1.
 - new_chunks_are_fully_committed: 0.
 - uncommit_free_chunks: 1.
 - use_allocation_guard: 0.
 - handle_deallocations: 1.


Internal statistics:

num_allocs_failed_limit: 6.
num_arena_births: 680.
num_arena_deaths: 0.
num_vsnodes_births: 2.
num_vsnodes_deaths: 0.
num_space_committed: 908.
num_space_uncommitted: 0.
num_chunks_returned_to_freelist: 6.
num_chunks_taken_from_freelist: 2922.
num_chunk_merges: 6.
num_chunk_splits: 1975.
num_chunks_enlarged: 1368.
num_inconsistent_stats: 0.

CodeHeap 'non-profiled nmethods': size=120000Kb used=4146Kb max_used=4146Kb free=115853Kb
 bounds [0x000001fc51500000, 0x000001fc51910000, 0x000001fc58a30000]
CodeHeap 'profiled nmethods': size=120000Kb used=13948Kb max_used=13948Kb free=106051Kb
 bounds [0x000001fc49a30000, 0x000001fc4a7d0000, 0x000001fc50f60000]
CodeHeap 'non-nmethods': size=5760Kb used=2402Kb max_used=2406Kb free=3357Kb
 bounds [0x000001fc50f60000, 0x000001fc511d0000, 0x000001fc51500000]
 total_blobs=8006 nmethods=7127 adapters=787
 compilation: enabled
              stopped_count=0, restarted_count=0
 full_count=0

Compilation events (20 events):
Event: 34.143 Thread 0x000001fc651f7e70 nmethod 7878 0x000001fc4a7cc490 code [0x000001fc4a7cc640, 0x000001fc4a7cca38]
Event: 34.144 Thread 0x000001fc651f7e70 7880       3       org.gradle.internal.instantiation.generator.DefaultInstantiatorFactory::decorateLenient (8 bytes)
Event: 34.144 Thread 0x000001fc651f7e70 nmethod 7880 0x000001fc4a7ccb10 code [0x000001fc4a7ccca0, 0x000001fc4a7ccdd8]
Event: 34.144 Thread 0x000001fc651f7e70 7881       3       org.gradle.api.internal.attributes.DefaultAttributeMatchingStrategy_Decorated::getCompatibilityRules (39 bytes)
Event: 34.144 Thread 0x000001fc651f7e70 nmethod 7881 0x000001fc4a7cce90 code [0x000001fc4a7cd060, 0x000001fc4a7cd3f8]
Event: 34.153 Thread 0x000001fc651f7e70 7882       3       java.util.regex.CharPredicates$$Lambda$21/0x000001fc67047800::is (5 bytes)
Event: 34.153 Thread 0x000001fc651f7e70 nmethod 7882 0x000001fc4a7cd510 code [0x000001fc4a7cd6e0, 0x000001fc4a7cdaf8]
Event: 34.153 Thread 0x000001fc651f7e70 7883       3       java.util.regex.CharPredicates::lambda$ASCII_WORD$19 (20 bytes)
Event: 34.154 Thread 0x000001fc651f7e70 nmethod 7883 0x000001fc4a7cdc90 code [0x000001fc4a7cde40, 0x000001fc4a7ce1b8]
Event: 34.154 Thread 0x000001fc651f7e70 7884       3       java.util.regex.ASCII::isWord (7 bytes)
Event: 34.154 Thread 0x000001fc651f7e70 nmethod 7884 0x000001fc4a7ce310 code [0x000001fc4a7ce4c0, 0x000001fc4a7ce758]
Event: 34.165 Thread 0x000001fc651f7e70 7885       3       java.util.stream.AbstractPipeline::<init> (91 bytes)
Event: 34.165 Thread 0x000001fc651f7e70 nmethod 7885 0x000001fc4a7ce890 code [0x000001fc4a7cea80, 0x000001fc4a7cf118]
Event: 34.168 Thread 0x000001fc651f7e70 7886       1       org.gradle.cache.internal.filelock.LockOptionsBuilder::getMode (5 bytes)
Event: 34.169 Thread 0x000001fc651f7e70 nmethod 7886 0x000001fc51903a90 code [0x000001fc51903c20, 0x000001fc51903cf8]
Event: 34.234 Thread 0x000001fcad0fc1f0 nmethod 7854 0x000001fc51904190 code [0x000001fc51904660, 0x000001fc51909878]
Event: 34.235 Thread 0x000001fcad0fc1f0 7858       4       java.lang.reflect.Method::getAnnotation (6 bytes)
Event: 34.238 Thread 0x000001fcad0fc1f0 nmethod 7858 0x000001fc5190bf10 code [0x000001fc5190c0c0, 0x000001fc5190c448]
Event: 34.238 Thread 0x000001fcad0fc1f0 7879       4       java.lang.Number::<init> (5 bytes)
Event: 34.239 Thread 0x000001fcad0fc1f0 nmethod 7879 0x000001fc5190c790 code [0x000001fc5190c900, 0x000001fc5190c978]

GC Heap History (20 events):
Event: 10.807 GC heap before
{Heap before GC invocations=4 (full 0):
 garbage-first heap   total 81920K, used 79393K [0x0000000700000000, 0x0000000800000000)
  region size 2048K, 35 young (71680K), 6 survivors (12288K)
 Metaspace       used 29221K, committed 29632K, reserved 1114112K
  class space    used 4108K, committed 4288K, reserved 1048576K
}
Event: 10.816 GC heap after
{Heap after GC invocations=5 (full 0):
 garbage-first heap   total 100352K, used 27852K [0x0000000700000000, 0x0000000800000000)
  region size 2048K, 3 young (6144K), 3 survivors (6144K)
 Metaspace       used 29221K, committed 29632K, reserved 1114112K
  class space    used 4108K, committed 4288K, reserved 1048576K
}
Event: 13.693 GC heap before
{Heap before GC invocations=5 (full 0):
 garbage-first heap   total 100352K, used 72908K [0x0000000700000000, 0x0000000800000000)
  region size 2048K, 24 young (49152K), 3 survivors (6144K)
 Metaspace       used 32575K, committed 32896K, reserved 1114112K
  class space    used 4514K, committed 4672K, reserved 1048576K
}
Event: 13.697 GC heap after
{Heap after GC invocations=6 (full 0):
 garbage-first heap   total 100352K, used 30256K [0x0000000700000000, 0x0000000800000000)
  region size 2048K, 2 young (4096K), 2 survivors (4096K)
 Metaspace       used 32575K, committed 32896K, reserved 1114112K
  class space    used 4514K, committed 4672K, reserved 1048576K
}
Event: 16.708 GC heap before
{Heap before GC invocations=6 (full 0):
 garbage-first heap   total 100352K, used 60976K [0x0000000700000000, 0x0000000800000000)
  region size 2048K, 19 young (38912K), 2 survivors (4096K)
 Metaspace       used 35538K, committed 35968K, reserved 1114112K
  class space    used 4891K, committed 5056K, reserved 1048576K
}
Event: 16.711 GC heap after
{Heap after GC invocations=7 (full 0):
 garbage-first heap   total 100352K, used 31634K [0x0000000700000000, 0x0000000800000000)
  region size 2048K, 3 young (6144K), 3 survivors (6144K)
 Metaspace       used 35538K, committed 35968K, reserved 1114112K
  class space    used 4891K, committed 5056K, reserved 1048576K
}
Event: 20.966 GC heap before
{Heap before GC invocations=8 (full 0):
 garbage-first heap   total 100352K, used 74642K [0x0000000700000000, 0x0000000800000000)
  region size 2048K, 24 young (49152K), 3 survivors (6144K)
 Metaspace       used 39780K, committed 40320K, reserved 1114112K
  class space    used 5607K, committed 5888K, reserved 1048576K
}
Event: 20.970 GC heap after
{Heap after GC invocations=9 (full 0):
 garbage-first heap   total 100352K, used 33340K [0x0000000700000000, 0x0000000800000000)
  region size 2048K, 2 young (4096K), 2 survivors (4096K)
 Metaspace       used 39780K, committed 40320K, reserved 1114112K
  class space    used 5607K, committed 5888K, reserved 1048576K
}
Event: 21.772 GC heap before
{Heap before GC invocations=9 (full 0):
 garbage-first heap   total 100352K, used 76348K [0x0000000700000000, 0x0000000800000000)
  region size 2048K, 23 young (47104K), 2 survivors (4096K)
 Metaspace       used 45048K, committed 45568K, reserved 1114112K
  class space    used 6397K, committed 6656K, reserved 1048576K
}
Event: 21.775 GC heap after
{Heap after GC invocations=10 (full 0):
 garbage-first heap   total 100352K, used 35408K [0x0000000700000000, 0x0000000800000000)
  region size 2048K, 2 young (4096K), 2 survivors (4096K)
 Metaspace       used 45048K, committed 45568K, reserved 1114112K
  class space    used 6397K, committed 6656K, reserved 1048576K
}
Event: 28.697 GC heap before
{Heap before GC invocations=10 (full 0):
 garbage-first heap   total 100352K, used 78416K [0x0000000700000000, 0x0000000800000000)
  region size 2048K, 23 young (47104K), 2 survivors (4096K)
 Metaspace       used 49413K, committed 49920K, reserved 1114112K
  class space    used 6953K, committed 7232K, reserved 1048576K
}
Event: 28.700 GC heap after
{Heap after GC invocations=11 (full 0):
 garbage-first heap   total 100352K, used 37496K [0x0000000700000000, 0x0000000800000000)
  region size 2048K, 2 young (4096K), 2 survivors (4096K)
 Metaspace       used 49413K, committed 49920K, reserved 1114112K
  class space    used 6953K, committed 7232K, reserved 1048576K
}
Event: 30.265 GC heap before
{Heap before GC invocations=11 (full 0):
 garbage-first heap   total 100352K, used 78456K [0x0000000700000000, 0x0000000800000000)
  region size 2048K, 22 young (45056K), 2 survivors (4096K)
 Metaspace       used 53593K, committed 54144K, reserved 1114112K
  class space    used 7604K, committed 7872K, reserved 1048576K
}
Event: 30.268 GC heap after
{Heap after GC invocations=12 (full 0):
 garbage-first heap   total 100352K, used 39707K [0x0000000700000000, 0x0000000800000000)
  region size 2048K, 3 young (6144K), 3 survivors (6144K)
 Metaspace       used 53593K, committed 54144K, reserved 1114112K
  class space    used 7604K, committed 7872K, reserved 1048576K
}
Event: 32.497 GC heap before
{Heap before GC invocations=12 (full 0):
 garbage-first heap   total 100352K, used 78619K [0x0000000700000000, 0x0000000800000000)
  region size 2048K, 22 young (45056K), 3 survivors (6144K)
 Metaspace       used 56858K, committed 57344K, reserved 1114112K
  class space    used 8105K, committed 8320K, reserved 1048576K
}
Event: 32.502 GC heap after
{Heap after GC invocations=13 (full 0):
 garbage-first heap   total 100352K, used 43865K [0x0000000700000000, 0x0000000800000000)
  region size 2048K, 3 young (6144K), 3 survivors (6144K)
 Metaspace       used 56858K, committed 57344K, reserved 1114112K
  class space    used 8105K, committed 8320K, reserved 1048576K
}
Event: 34.009 GC heap before
{Heap before GC invocations=13 (full 0):
 garbage-first heap   total 100352K, used 82777K [0x0000000700000000, 0x0000000800000000)
  region size 2048K, 20 young (40960K), 3 survivors (6144K)
 Metaspace       used 57476K, committed 58112K, reserved 1114112K
  class space    used 8149K, committed 8448K, reserved 1048576K
}
Event: 34.012 GC heap after
{Heap after GC invocations=14 (full 0):
 garbage-first heap   total 100352K, used 57259K [0x0000000700000000, 0x0000000800000000)
  region size 2048K, 3 young (6144K), 3 survivors (6144K)
 Metaspace       used 57476K, committed 58112K, reserved 1114112K
  class space    used 8149K, committed 8448K, reserved 1048576K
}
Event: 34.020 GC heap before
{Heap before GC invocations=14 (full 0):
 garbage-first heap   total 100352K, used 57259K [0x0000000700000000, 0x0000000800000000)
  region size 2048K, 4 young (8192K), 3 survivors (6144K)
 Metaspace       used 57477K, committed 58112K, reserved 1114112K
  class space    used 8149K, committed 8448K, reserved 1048576K
}
Event: 34.022 GC heap after
{Heap after GC invocations=15 (full 0):
 garbage-first heap   total 100352K, used 58208K [0x0000000700000000, 0x0000000800000000)
  region size 2048K, 1 young (2048K), 1 survivors (2048K)
 Metaspace       used 57477K, committed 58112K, reserved 1114112K
  class space    used 8149K, committed 8448K, reserved 1048576K
}

Dll operation events (15 events):
Event: 0.008 Loaded shared library C:\Program Files\Microsoft\jdk-17.0.12.7-hotspot\bin\java.dll
Event: 0.021 Loaded shared library C:\Program Files\Microsoft\jdk-17.0.12.7-hotspot\bin\jsvml.dll
Event: 0.053 Loaded shared library C:\Program Files\Microsoft\jdk-17.0.12.7-hotspot\bin\zip.dll
Event: 0.055 Loaded shared library C:\Program Files\Microsoft\jdk-17.0.12.7-hotspot\bin\instrument.dll
Event: 0.058 Loaded shared library C:\Program Files\Microsoft\jdk-17.0.12.7-hotspot\bin\net.dll
Event: 0.059 Loaded shared library C:\Program Files\Microsoft\jdk-17.0.12.7-hotspot\bin\nio.dll
Event: 0.061 Loaded shared library C:\Program Files\Microsoft\jdk-17.0.12.7-hotspot\bin\zip.dll
Event: 0.205 Loaded shared library C:\Program Files\Microsoft\jdk-17.0.12.7-hotspot\bin\jimage.dll
Event: 0.248 Loaded shared library C:\Program Files\Microsoft\jdk-17.0.12.7-hotspot\bin\verify.dll
Event: 0.341 Loaded shared library C:\Users\Admin\.gradle\native\68d5fa5c4cc2d200863cafc0d521ce42e7d3e7ee720ec0a83991735586a16f82\windows-amd64\native-platform.dll
Event: 0.832 Loaded shared library C:\Users\Admin\.gradle\native\e376f236ea51e6404a007f0833ffe2c6e607c4080706a723a18a27aeea778392\windows-amd64\native-platform-file-events.dll
Event: 1.502 Loaded shared library C:\Program Files\Microsoft\jdk-17.0.12.7-hotspot\bin\management.dll
Event: 1.504 Loaded shared library C:\Program Files\Microsoft\jdk-17.0.12.7-hotspot\bin\management_ext.dll
Event: 1.660 Loaded shared library C:\Program Files\Microsoft\jdk-17.0.12.7-hotspot\bin\extnet.dll
Event: 1.828 Loaded shared library C:\Program Files\Microsoft\jdk-17.0.12.7-hotspot\bin\sunmscapi.dll

Deoptimization events (20 events):
Event: 33.759 Thread 0x000001fcad0c5960 Uncommon trap: trap_request=0xffffff45 fr.pc=0x000001fc516e99c0 relative=0x0000000000000480
Event: 33.759 Thread 0x000001fcad0c5960 Uncommon trap: reason=unstable_if action=reinterpret pc=0x000001fc516e99c0 method=sun.security.provider.DigestBase.engineUpdate([BII)V @ 1 c2
Event: 33.759 Thread 0x000001fcad0c5960 DEOPT PACKING pc=0x000001fc516e99c0 sp=0x0000003ce48f9560
Event: 33.759 Thread 0x000001fcad0c5960 DEOPT UNPACKING pc=0x000001fc50fb69a3 sp=0x0000003ce48f9518 mode 2
Event: 33.774 Thread 0x000001fcad0c5960 DEOPT PACKING pc=0x000001fc49b20df9 sp=0x0000003ce48f9640
Event: 33.774 Thread 0x000001fcad0c5960 DEOPT UNPACKING pc=0x000001fc50fb7143 sp=0x0000003ce48f8b38 mode 0
Event: 33.777 Thread 0x000001fcad0c5960 DEOPT PACKING pc=0x000001fc49b20df9 sp=0x0000003ce48f9630
Event: 33.777 Thread 0x000001fcad0c5960 DEOPT UNPACKING pc=0x000001fc50fb7143 sp=0x0000003ce48f8b28 mode 0
Event: 33.779 Thread 0x000001fcad0c5960 DEOPT PACKING pc=0x000001fc49b20df9 sp=0x0000003ce48f9630
Event: 33.779 Thread 0x000001fcad0c5960 DEOPT UNPACKING pc=0x000001fc50fb7143 sp=0x0000003ce48f8b28 mode 0
Event: 33.787 Thread 0x000001fcad0c5960 DEOPT PACKING pc=0x000001fc49b00cbd sp=0x0000003ce48f71a0
Event: 33.787 Thread 0x000001fcad0c5960 DEOPT UNPACKING pc=0x000001fc50fb7143 sp=0x0000003ce48f6638 mode 0
Event: 33.860 Thread 0x000001fcad0c5960 Uncommon trap: trap_request=0xffffff45 fr.pc=0x000001fc516a2170 relative=0x0000000000001890
Event: 33.860 Thread 0x000001fcad0c5960 Uncommon trap: reason=unstable_if action=reinterpret pc=0x000001fc516a2170 method=java.util.zip.ZipFile.getInputStream(Ljava/util/zip/ZipEntry;)Ljava/io/InputStream; @ 101 c2
Event: 33.860 Thread 0x000001fcad0c5960 DEOPT PACKING pc=0x000001fc516a2170 sp=0x0000003ce48f74d0
Event: 33.860 Thread 0x000001fcad0c5960 DEOPT UNPACKING pc=0x000001fc50fb69a3 sp=0x0000003ce48f7488 mode 2
Event: 33.914 Thread 0x000001fcad0c5960 Uncommon trap: trap_request=0xffffff6e fr.pc=0x000001fc515a2ab0 relative=0x00000000000007b0
Event: 33.914 Thread 0x000001fcad0c5960 Uncommon trap: reason=loop_limit_check action=maybe_recompile pc=0x000001fc515a2ab0 method=java.util.jar.JarFile.match([B[B[B[B)I @ 18 c2
Event: 33.914 Thread 0x000001fcad0c5960 DEOPT PACKING pc=0x000001fc515a2ab0 sp=0x0000003ce48f74f0
Event: 33.914 Thread 0x000001fcad0c5960 DEOPT UNPACKING pc=0x000001fc50fb69a3 sp=0x0000003ce48f73e8 mode 2

Classes loaded (20 events):
Event: 33.752 Loading class java/util/stream/SortedOps$AbstractRefSortingSink done
Event: 33.752 Loading class java/util/stream/SortedOps$RefSortingSink done
Event: 34.065 Loading class sun/misc/SharedSecrets
Event: 34.065 Loading class sun/misc/SharedSecrets done
Event: 34.070 Loading class java/io/FileBeanInfo
Event: 34.070 Loading class java/io/FileBeanInfo done
Event: 34.071 Loading class java/io/FileBeanInfo
Event: 34.071 Loading class java/io/FileBeanInfo done
Event: 34.071 Loading class java/io/FileCustomizer
Event: 34.071 Loading class java/io/FileCustomizer done
Event: 34.071 Loading class java/io/FileCustomizer
Event: 34.071 Loading class java/io/FileCustomizer done
Event: 34.119 Loading class java/nio/file/PathsBeanInfo
Event: 34.119 Loading class java/nio/file/PathsBeanInfo done
Event: 34.120 Loading class java/nio/file/PathsBeanInfo
Event: 34.120 Loading class java/nio/file/PathsBeanInfo done
Event: 34.120 Loading class java/nio/file/PathsCustomizer
Event: 34.120 Loading class java/nio/file/PathsCustomizer done
Event: 34.120 Loading class java/nio/file/PathsCustomizer
Event: 34.120 Loading class java/nio/file/PathsCustomizer done

Classes unloaded (0 events):
No events

Classes redefined (0 events):
No events

Internal exceptions (20 events):
Event: 31.305 Thread 0x000001fcae0454a0 Exception <a 'java/lang/NoSuchMethodError'{0x000000070416b6d8}: 'void java.lang.invoke.DirectMethodHandle$Holder.invokeVirtual(java.lang.Object, java.lang.Object)'> (0x000000070416b6d8) 
thrown [s\src\hotspot\share\interpreter\linkResolver.cpp, line 759]
Event: 33.429 Thread 0x000001fcad438dd0 Exception <a 'sun/nio/fs/WindowsException'{0x0000000707325d48}> (0x0000000707325d48) 
thrown [s\src\hotspot\share\prims\jni.cpp, line 516]
Event: 33.446 Thread 0x000001fcace56070 Exception <a 'sun/nio/fs/WindowsException'{0x00000007073e39f0}> (0x00000007073e39f0) 
thrown [s\src\hotspot\share\prims\jni.cpp, line 516]
Event: 33.538 Thread 0x000001fcace56070 Exception <a 'sun/nio/fs/WindowsException'{0x00000007040405f0}> (0x00000007040405f0) 
thrown [s\src\hotspot\share\prims\jni.cpp, line 516]
Event: 33.583 Thread 0x000001fcace56070 Exception <a 'sun/nio/fs/WindowsException'{0x0000000704040810}> (0x0000000704040810) 
thrown [s\src\hotspot\share\prims\jni.cpp, line 516]
Event: 34.065 Thread 0x000001fcad0c5960 Exception <a 'java/lang/ClassNotFoundException'{0x000000070f728f20}: sun/misc/SharedSecrets> (0x000000070f728f20) 
thrown [s\src\hotspot\share\classfile\systemDictionary.cpp, line 256]
Event: 34.066 Thread 0x000001fcad0c5960 Exception <a 'java/lang/ClassNotFoundException'{0x000000070f72cee8}: FlutterAppPluginLoaderPluginBeanInfo> (0x000000070f72cee8) 
thrown [s\src\hotspot\share\classfile\systemDictionary.cpp, line 256]
Event: 34.066 Thread 0x000001fcad0c5960 Exception <a 'java/lang/ClassNotFoundException'{0x000000070f7365f8}: FlutterAppPluginLoaderPluginCustomizer> (0x000000070f7365f8) 
thrown [s\src\hotspot\share\classfile\systemDictionary.cpp, line 256]
Event: 34.071 Thread 0x000001fcad0c5960 Exception <a 'java/lang/ClassNotFoundException'{0x000000070f75f760}: java/io/FileBeanInfo> (0x000000070f75f760) 
thrown [s\src\hotspot\share\classfile\systemDictionary.cpp, line 256]
Event: 34.071 Thread 0x000001fcad0c5960 Exception <a 'java/lang/ClassNotFoundException'{0x000000070f7660c0}: java/io/FileCustomizer> (0x000000070f7660c0) 
thrown [s\src\hotspot\share\classfile\systemDictionary.cpp, line 256]
Event: 34.103 Thread 0x000001fcad0c5960 Exception <a 'java/lang/ClassNotFoundException'{0x000000070f7d9548}: groovy/lang/GroovyObjectBeanInfo> (0x000000070f7d9548) 
thrown [s\src\hotspot\share\classfile\systemDictionary.cpp, line 256]
Event: 34.105 Thread 0x000001fcad0c5960 Exception <a 'java/lang/ClassNotFoundException'{0x0000000707600180}: groovy/lang/GroovyObjectCustomizer> (0x0000000707600180) 
thrown [s\src\hotspot\share\classfile\systemDictionary.cpp, line 256]
Event: 34.108 Thread 0x000001fcad0c5960 Exception <a 'java/lang/ClassNotFoundException'{0x000000070761dc50}: org/gradle/api/plugins/ExtraPropertiesExtensionBeanInfo> (0x000000070761dc50) 
thrown [s\src\hotspot\share\classfile\systemDictionary.cpp, line 256]
Event: 34.109 Thread 0x000001fcad0c5960 Exception <a 'java/lang/ClassNotFoundException'{0x0000000707630548}: org/gradle/api/plugins/ExtraPropertiesExtensionCustomizer> (0x0000000707630548) 
thrown [s\src\hotspot\share\classfile\systemDictionary.cpp, line 256]
Event: 34.112 Thread 0x000001fcad0c5960 Exception <a 'java/lang/ClassNotFoundException'{0x0000000707654750}: org/gradle/initialization/DefaultProjectDescriptorBeanInfo> (0x0000000707654750) 
thrown [s\src\hotspot\share\classfile\systemDictionary.cpp, line 256]
Event: 34.113 Thread 0x000001fcad0c5960 Exception <a 'java/lang/ClassNotFoundException'{0x00000007076670f8}: org/gradle/initialization/DefaultProjectDescriptorCustomizer> (0x00000007076670f8) 
thrown [s\src\hotspot\share\classfile\systemDictionary.cpp, line 256]
Event: 34.120 Thread 0x000001fcad0c5960 Exception <a 'java/lang/ClassNotFoundException'{0x00000007076abcf8}: java/nio/file/PathsBeanInfo> (0x00000007076abcf8) 
thrown [s\src\hotspot\share\classfile\systemDictionary.cpp, line 256]
Event: 34.120 Thread 0x000001fcad0c5960 Exception <a 'java/lang/ClassNotFoundException'{0x00000007076b2770}: java/nio/file/PathsCustomizer> (0x00000007076b2770) 
thrown [s\src\hotspot\share\classfile\systemDictionary.cpp, line 256]
Event: 34.126 Thread 0x000001fcad0c5960 Exception <a 'java/lang/ClassNotFoundException'{0x00000007076e9d58}: org/gradle/api/internal/plugins/DefaultObjectConfigurationActionBeanInfo> (0x00000007076e9d58) 
thrown [s\src\hotspot\share\classfile\systemDictionary.cpp, line 256]
Event: 34.127 Thread 0x000001fcad0c5960 Exception <a 'java/lang/ClassNotFoundException'{0x00000007076fcd48}: org/gradle/api/internal/plugins/DefaultObjectConfigurationActionCustomizer> (0x00000007076fcd48) 
thrown [s\src\hotspot\share\classfile\systemDictionary.cpp, line 256]

VM Operations (20 events):
Event: 33.397 Executing VM operation: ICBufferFull
Event: 33.397 Executing VM operation: ICBufferFull done
Event: 33.436 Executing VM operation: HandshakeAllThreads
Event: 33.436 Executing VM operation: HandshakeAllThreads done
Event: 33.437 Executing VM operation: HandshakeAllThreads
Event: 33.437 Executing VM operation: HandshakeAllThreads done
Event: 33.448 Executing VM operation: HandshakeAllThreads
Event: 33.448 Executing VM operation: HandshakeAllThreads done
Event: 33.762 Executing VM operation: ICBufferFull
Event: 33.762 Executing VM operation: ICBufferFull done
Event: 34.009 Executing VM operation: G1CollectForAllocation
Event: 34.012 Executing VM operation: G1CollectForAllocation done
Event: 34.020 Executing VM operation: G1TryInitiateConcMark
Event: 34.022 Executing VM operation: G1TryInitiateConcMark done
Event: 34.042 Executing VM operation: G1PauseRemark
Event: 34.044 Executing VM operation: G1PauseRemark done
Event: 34.054 Executing VM operation: G1PauseCleanup
Event: 34.054 Executing VM operation: G1PauseCleanup done
Event: 34.080 Executing VM operation: HandshakeAllThreads
Event: 34.080 Executing VM operation: HandshakeAllThreads done

Events (20 events):
Event: 31.592 Thread 0x000001fcaf1fc820 Thread exited: 0x000001fcaf1fc820
Event: 32.519 Thread 0x000001fcad439d00 Thread added: 0x000001fcad439d00
Event: 32.519 Thread 0x000001fcad43c070 Thread added: 0x000001fcad43c070
Event: 32.519 Thread 0x000001fcad43d4b0 Thread added: 0x000001fcad43d4b0
Event: 32.519 Thread 0x000001fcad436f70 Thread added: 0x000001fcad436f70
Event: 32.519 Thread 0x000001fcad4388c0 Thread added: 0x000001fcad4388c0
Event: 32.519 Thread 0x000001fcad43d9c0 Thread added: 0x000001fcad43d9c0
Event: 32.519 Thread 0x000001fcad43a210 Thread added: 0x000001fcad43a210
Event: 32.520 Thread 0x000001fcad436a60 Thread added: 0x000001fcad436a60
Event: 32.520 Thread 0x000001fcad437ea0 Thread added: 0x000001fcad437ea0
Event: 32.520 Thread 0x000001fcad43ded0 Thread added: 0x000001fcad43ded0
Event: 32.520 Thread 0x000001fcad437480 Thread added: 0x000001fcad437480
Event: 33.313 Thread 0x000001fc651fb620 flushing nmethod 0x000001fc49d08990
Event: 33.426 Thread 0x000001fcad438dd0 Thread added: 0x000001fcad438dd0
Event: 33.426 Thread 0x000001fcad43e3e0 Thread added: 0x000001fcad43e3e0
Event: 33.427 Thread 0x000001fcad43cfa0 Thread added: 0x000001fcad43cfa0
Event: 33.427 Thread 0x000001fcad437990 Thread added: 0x000001fcad437990
Event: 33.427 Thread 0x000001fcad4383b0 Thread added: 0x000001fcad4383b0
Event: 33.475 Thread 0x000001fcad0fc1f0 Thread added: 0x000001fcad0fc1f0
Event: 33.475 Thread 0x000001fcae503880 Thread added: 0x000001fcae503880


Dynamic libraries:
0x00007ff680410000 - 0x00007ff68041e000 	C:\Program Files\Microsoft\jdk-17.0.12.7-hotspot\bin\java.exe
0x00007ffc20350000 - 0x00007ffc20567000 	C:\Windows\SYSTEM32\ntdll.dll
0x00007ffc1f580000 - 0x00007ffc1f644000 	C:\Windows\System32\KERNEL32.DLL
0x00007ffc1d650000 - 0x00007ffc1da09000 	C:\Windows\System32\KERNELBASE.dll
0x00007ffc1da10000 - 0x00007ffc1db21000 	C:\Windows\System32\ucrtbase.dll
0x00007ffbf0050000 - 0x00007ffbf0067000 	C:\Program Files\Microsoft\jdk-17.0.12.7-hotspot\bin\jli.dll
0x00007ffbe5490000 - 0x00007ffbe54ad000 	C:\Program Files\Microsoft\jdk-17.0.12.7-hotspot\bin\VCRUNTIME140.dll
0x00007ffc1e280000 - 0x00007ffc1e42e000 	C:\Windows\System32\USER32.dll
0x00007ffc1dd90000 - 0x00007ffc1ddb6000 	C:\Windows\System32\win32u.dll
0x00007ffc1e150000 - 0x00007ffc1e179000 	C:\Windows\System32\GDI32.dll
0x00007ffc05940000 - 0x00007ffc05bd2000 	C:\Windows\WinSxS\amd64_microsoft.windows.common-controls_6595b64144ccf1df_6.0.22621.4391_none_2715d37f73803e96\COMCTL32.dll
0x00007ffc1dee0000 - 0x00007ffc1dffb000 	C:\Windows\System32\gdi32full.dll
0x00007ffc1ddc0000 - 0x00007ffc1de5a000 	C:\Windows\System32\msvcp_win.dll
0x00007ffc1f770000 - 0x00007ffc1f817000 	C:\Windows\System32\msvcrt.dll
0x00007ffc1f820000 - 0x00007ffc1f851000 	C:\Windows\System32\IMM32.DLL
0x00007ffbf2070000 - 0x00007ffbf207c000 	C:\Program Files\Microsoft\jdk-17.0.12.7-hotspot\bin\vcruntime140_1.dll
0x00007ffbb0b20000 - 0x00007ffbb0bad000 	C:\Program Files\Microsoft\jdk-17.0.12.7-hotspot\bin\msvcp140.dll
0x00007ffb999c0000 - 0x00007ffb9a630000 	C:\Program Files\Microsoft\jdk-17.0.12.7-hotspot\bin\server\jvm.dll
0x00007ffc1ed20000 - 0x00007ffc1edd2000 	C:\Windows\System32\ADVAPI32.dll
0x00007ffc1f650000 - 0x00007ffc1f6f7000 	C:\Windows\System32\sechost.dll
0x00007ffc1dca0000 - 0x00007ffc1dcc8000 	C:\Windows\System32\bcrypt.dll
0x00007ffc1f870000 - 0x00007ffc1f984000 	C:\Windows\System32\RPCRT4.dll
0x00007ffc1fa10000 - 0x00007ffc1fa81000 	C:\Windows\System32\WS2_32.dll
0x00007ffc1d520000 - 0x00007ffc1d56d000 	C:\Windows\SYSTEM32\POWRPROF.dll
0x00007ffc15700000 - 0x00007ffc15734000 	C:\Windows\SYSTEM32\WINMM.dll
0x00007ffc142c0000 - 0x00007ffc142ca000 	C:\Windows\SYSTEM32\VERSION.dll
0x00007ffc1d500000 - 0x00007ffc1d513000 	C:\Windows\SYSTEM32\UMPDC.dll
0x00007ffc1c690000 - 0x00007ffc1c6a8000 	C:\Windows\SYSTEM32\kernel.appcore.dll
0x00007ffbf1360000 - 0x00007ffbf136a000 	C:\Program Files\Microsoft\jdk-17.0.12.7-hotspot\bin\jimage.dll
0x00007ffc133f0000 - 0x00007ffc13622000 	C:\Windows\SYSTEM32\DBGHELP.DLL
0x00007ffc1faa0000 - 0x00007ffc1fe2f000 	C:\Windows\System32\combase.dll
0x00007ffc1f090000 - 0x00007ffc1f167000 	C:\Windows\System32\OLEAUT32.dll
0x00007ffc0cad0000 - 0x00007ffc0cb02000 	C:\Windows\SYSTEM32\dbgcore.DLL
0x00007ffc1de60000 - 0x00007ffc1dedb000 	C:\Windows\System32\bcryptPrimitives.dll
0x00007ffbf1020000 - 0x00007ffbf102e000 	C:\Program Files\Microsoft\jdk-17.0.12.7-hotspot\bin\instrument.dll
0x00007ffbe4e70000 - 0x00007ffbe4e95000 	C:\Program Files\Microsoft\jdk-17.0.12.7-hotspot\bin\java.dll
0x00007ffbb0a40000 - 0x00007ffbb0b17000 	C:\Program Files\Microsoft\jdk-17.0.12.7-hotspot\bin\jsvml.dll
0x00007ffc1e430000 - 0x00007ffc1eca6000 	C:\Windows\System32\SHELL32.dll
0x00007ffc1b590000 - 0x00007ffc1be93000 	C:\Windows\SYSTEM32\windows.storage.dll
0x00007ffc1b450000 - 0x00007ffc1b58f000 	C:\Windows\SYSTEM32\wintypes.dll
0x00007ffc1ef90000 - 0x00007ffc1f089000 	C:\Windows\System32\SHCORE.dll
0x00007ffc1fe30000 - 0x00007ffc1fe8e000 	C:\Windows\System32\shlwapi.dll
0x00007ffc1d580000 - 0x00007ffc1d5ab000 	C:\Windows\SYSTEM32\profapi.dll
0x00007ffbe5470000 - 0x00007ffbe5488000 	C:\Program Files\Microsoft\jdk-17.0.12.7-hotspot\bin\zip.dll
0x00007ffbb80c0000 - 0x00007ffbb80da000 	C:\Program Files\Microsoft\jdk-17.0.12.7-hotspot\bin\net.dll
0x00007ffc16200000 - 0x00007ffc16336000 	C:\Windows\SYSTEM32\WINHTTP.dll
0x00007ffc1cb10000 - 0x00007ffc1cb79000 	C:\Windows\system32\mswsock.dll
0x00007ffbb8050000 - 0x00007ffbb8066000 	C:\Program Files\Microsoft\jdk-17.0.12.7-hotspot\bin\nio.dll
0x00007ffbeb7e0000 - 0x00007ffbeb7f0000 	C:\Program Files\Microsoft\jdk-17.0.12.7-hotspot\bin\verify.dll
0x00007ffc19960000 - 0x00007ffc19987000 	C:\Users\Admin\.gradle\native\68d5fa5c4cc2d200863cafc0d521ce42e7d3e7ee720ec0a83991735586a16f82\windows-amd64\native-platform.dll
0x00007ffbb08f0000 - 0x00007ffbb0a34000 	C:\Users\Admin\.gradle\native\e376f236ea51e6404a007f0833ffe2c6e607c4080706a723a18a27aeea778392\windows-amd64\native-platform-file-events.dll
0x00007ffbe2cf0000 - 0x00007ffbe2cfa000 	C:\Program Files\Microsoft\jdk-17.0.12.7-hotspot\bin\management.dll
0x00007ffbe2bc0000 - 0x00007ffbe2bcb000 	C:\Program Files\Microsoft\jdk-17.0.12.7-hotspot\bin\management_ext.dll
0x00007ffc1f700000 - 0x00007ffc1f708000 	C:\Windows\System32\PSAPI.DLL
0x00007ffc1cd60000 - 0x00007ffc1cd7b000 	C:\Windows\SYSTEM32\CRYPTSP.dll
0x00007ffc1c5f0000 - 0x00007ffc1c625000 	C:\Windows\system32\rsaenh.dll
0x00007ffc1cc00000 - 0x00007ffc1cc28000 	C:\Windows\SYSTEM32\USERENV.dll
0x00007ffc1cd80000 - 0x00007ffc1cd8c000 	C:\Windows\SYSTEM32\CRYPTBASE.dll
0x00007ffc1c140000 - 0x00007ffc1c16d000 	C:\Windows\SYSTEM32\IPHLPAPI.DLL
0x00007ffc1e070000 - 0x00007ffc1e079000 	C:\Windows\System32\NSI.dll
0x00007ffc15900000 - 0x00007ffc15919000 	C:\Windows\SYSTEM32\dhcpcsvc6.DLL
0x00007ffc15790000 - 0x00007ffc157af000 	C:\Windows\SYSTEM32\dhcpcsvc.DLL
0x00007ffc1c170000 - 0x00007ffc1c272000 	C:\Windows\SYSTEM32\DNSAPI.dll
0x00007ffbd0190000 - 0x00007ffbd0199000 	C:\Program Files\Microsoft\jdk-17.0.12.7-hotspot\bin\extnet.dll
0x00007ffbcefc0000 - 0x00007ffbcefce000 	C:\Program Files\Microsoft\jdk-17.0.12.7-hotspot\bin\sunmscapi.dll
0x00007ffc1db30000 - 0x00007ffc1dc96000 	C:\Windows\System32\CRYPT32.dll
0x00007ffc1cf00000 - 0x00007ffc1cf2d000 	C:\Windows\SYSTEM32\ncrypt.dll
0x00007ffc1cec0000 - 0x00007ffc1cef7000 	C:\Windows\SYSTEM32\NTASN1.dll
0x00007ffc186e0000 - 0x00007ffc186e8000 	C:\Windows\system32\wshunix.dll
0x00007ffc1c7a0000 - 0x00007ffc1c7d4000 	C:\Windows\SYSTEM32\ntmarta.dll

dbghelp: loaded successfully - version: 4.0.5 - missing functions: none
symbol engine: initialized successfully - sym options: 0x614 - pdb path: .;C:\Program Files\Microsoft\jdk-17.0.12.7-hotspot\bin;C:\Windows\SYSTEM32;C:\Windows\WinSxS\amd64_microsoft.windows.common-controls_6595b64144ccf1df_6.0.22621.4391_none_2715d37f73803e96;C:\Program Files\Microsoft\jdk-17.0.12.7-hotspot\bin\server;C:\Users\Admin\.gradle\native\68d5fa5c4cc2d200863cafc0d521ce42e7d3e7ee720ec0a83991735586a16f82\windows-amd64;C:\Users\Admin\.gradle\native\e376f236ea51e6404a007f0833ffe2c6e607c4080706a723a18a27aeea778392\windows-amd64

VM Arguments:
jvm_args: --add-opens=java.base/java.util=ALL-UNNAMED --add-opens=java.base/java.lang=ALL-UNNAMED --add-opens=java.base/java.lang.invoke=ALL-UNNAMED --add-opens=java.prefs/java.util.prefs=ALL-UNNAMED --add-opens=java.base/java.nio.charset=ALL-UNNAMED --add-opens=java.base/java.net=ALL-UNNAMED --add-opens=java.base/java.util.concurrent.atomic=ALL-UNNAMED -Xmx4G -Dfile.encoding=windows-1252 -Duser.country=US -Duser.language=en -Duser.variant -javaagent:C:\Users\Admin\.gradle\wrapper\dists\gradle-8.1-all\20ex0cxcummvwpmavmhfg81jg\gradle-8.1\lib\agents\gradle-instrumentation-agent-8.1.jar 
java_command: org.gradle.launcher.daemon.bootstrap.GradleDaemon 8.1
java_class_path (initial): C:\Users\Admin\.gradle\wrapper\dists\gradle-8.1-all\20ex0cxcummvwpmavmhfg81jg\gradle-8.1\lib\gradle-launcher-8.1.jar
Launcher Type: SUN_STANDARD

[Global flags]
     intx CICompilerCount                          = 4                                         {product} {ergonomic}
     uint ConcGCThreads                            = 3                                         {product} {ergonomic}
     uint G1ConcRefinementThreads                  = 10                                        {product} {ergonomic}
   size_t G1HeapRegionSize                         = 2097152                                   {product} {ergonomic}
    uintx GCDrainStackTargetSize                   = 64                                        {product} {ergonomic}
   size_t InitialHeapSize                          = 260046848                                 {product} {ergonomic}
   size_t MarkStackSize                            = 4194304                                   {product} {ergonomic}
   size_t MaxHeapSize                              = 4294967296                                {product} {command line}
   size_t MaxNewSize                               = 2575302656                                {product} {ergonomic}
   size_t MinHeapDeltaBytes                        = 2097152                                   {product} {ergonomic}
   size_t MinHeapSize                              = 8388608                                   {product} {ergonomic}
    uintx NonNMethodCodeHeapSize                   = 5839372                                {pd product} {ergonomic}
    uintx NonProfiledCodeHeapSize                  = 122909434                              {pd product} {ergonomic}
    uintx ProfiledCodeHeapSize                     = 122909434                              {pd product} {ergonomic}
    uintx ReservedCodeCacheSize                    = 251658240                              {pd product} {ergonomic}
     bool SegmentedCodeCache                       = true                                      {product} {ergonomic}
   size_t SoftMaxHeapSize                          = 4294967296                             {manageable} {ergonomic}
     bool UseCompressedClassPointers               = true                           {product lp64_product} {ergonomic}
     bool UseCompressedOops                        = true                           {product lp64_product} {ergonomic}
     bool UseG1GC                                  = true                                      {product} {ergonomic}
     bool UseLargePagesIndividualAllocation        = false                                  {pd product} {ergonomic}

Logging:
Log output configuration:
 #0: stdout all=warning uptime,level,tags
 #1: stderr all=off uptime,level,tags

Environment Variables:
JAVA_HOME=C:\Program Files\Microsoft\jdk-17.0.12.7-hotspot
CLASSPATH=C:\Users\Admin\Desktop\ALL Plants Disease\FLUTTERAPP\mamatay\argivysor\android\\gradle\wrapper\gradle-wrapper.jar
PATH=C:\Program Files\Microsoft\jdk-17.0.12.7-hotspot\bin;C:\Ruby33-x64\bin;C:\Android\emulator;C:\Program Files\Microsoft\jdk-17.0.12.7-hotspot\bin;C:\Android\cmdline-tools\latest\bin;C:\Android\platform-tools;C:\Windows\system32;C:\Windows;C:\Windows\System32\Wbem;C:\Windows\System32\WindowsPowerShell\v1.0\;C:\Windows\System32\OpenSSH\;C:\Users\Admin\AppData\Local\Microsoft\WindowsApps;C:\Users\Admin\AppData\Local\spicetify;C:\adb;C:\Program Files\dotnet\;C:\ProgramData\chocolatey\bin;C:\Program Files\GitHub CLI\;C:\ffmpeg\bin\;C:\Program Files (x86)\cloudflared\;C:\Program Files\Git\cmd;%ANDROID_HOME%\tools;%ANDROID_HOME%\tools\bin;%ANDROID_HOME%\platform-tools;C:\Users\Admin\miniconda3;C:\Users\Admin\miniconda3\Library\mingw-w64\bin;C:\Users\Admin\miniconda3\Library\usr\bin;C:\Users\Admin\miniconda3\Library\bin;C:\Users\Admin\miniconda3\Scripts;C:\Users\Admin\AppData\Local\Programs\Python\Python312\Scripts\;C:\Users\Admin\AppData\Local\Programs\Python\Python312\;C:\Users\Admin\AppData\Local\Microsoft\WinGet\Links;C:\tools\dart-sdk\bin;C:\Users\Admin\AppData\Local\Pub\Cache\bin;C:;%ANDROID_HOME%\emulator;C:\Program Files\Microsoft\jdk-17.0.12.7-hotspot\bin;%FLUTTER_HOME%\bin;C:\Program Files\CMake\bin;C:\Program Files\Microsoft\jdk-17.0.12.7-hotspot\bin\;C:\Windows\system32;C:\Windows;C:\Windows\System32\Wbem;C:\Windows\System32\WindowsPowerShell\v1.0\;C:\Windows\System32\OpenSSH\;C:\Users\Admin\AppData\Local\Microsoft\WindowsApps;C:\Users\Admin\AppData\Local\spicetify;C:\adb;C:\Program Files\dotnet\;C:\ProgramData\chocolatey\bin;C:\Program Files\GitHub CLI\;C:\ffmpeg\bin\;C:\Program Files (x86)\cloudflared\;C:\Program Files\Git\cmd;%ANDROID_HOME%\tools;%ANDROID_HOME%\tools\bin;%ANDROID_HOME%\platform-tools;C:\Users\Admin\miniconda3;C:\Users\Admin\miniconda3\Library\mingw-w64\bin;C:\Users\Admin\miniconda3\Library\usr\bin;C:\Users\Admin\miniconda3\Library\bin;C:\Users\Admin\miniconda3\Scripts;C:\Users\Admin\AppData\Local\Programs\Python\Python312\Scripts\;C:\Users\Ad
USERNAME=Admin
OS=Windows_NT
PROCESSOR_IDENTIFIER=AMD64 Family 23 Model 96 Stepping 1, AuthenticAMD
TMP=C:\Users\Admin\AppData\Local\Temp
TEMP=C:\Users\Admin\AppData\Local\Temp



Periodic native trim disabled


---------------  S Y S T E M  ---------------

OS:
 Windows 11 , 64 bit Build 22621 (10.0.22621.4391)
OS uptime: 0 days 1:13 hours

CPU: total 12 (initial active 12) (12 cores per cpu, 2 threads per core) family 23 model 96 stepping 1 microcode 0x0, cx8, cmov, fxsr, ht, mmx, 3dnowpref, sse, sse2, sse3, ssse3, sse4a, sse4.1, sse4.2, popcnt, lzcnt, tsc, tscinvbit, avx, avx2, aes, clmul, bmi1, bmi2, adx, sha, fma, vzeroupper, clflush, clflushopt
Processor Information for the first 12 processors :
  Max Mhz: 3701, Current Mhz: 3701, Mhz Limit: 3701

Memory: 4k page, system-wide physical 15761M (886M free)
TotalPageFile size 19761M (AvailPageFile size 33M)
current process WorkingSet (physical memory assigned to process): 302M, peak: 313M
current process commit charge ("private bytes"): 356M, peak: 435M

vm_info: OpenJDK 64-Bit Server VM (17.0.12+7-LTS) for windows-amd64 JRE (17.0.12+7-LTS), built on Jul 16 2024 18:11:44 by "MicrosoftCorporation" with unknown MS VC++:1939

END.
